{"level":"\u001b[32minfo\u001b[39m","message":"{\"method\":\"GET\",\"url\":\"/videos?tab=All\",\"status\":\"304\",\"responseTime\":\"1093.456\"}","timestamp":"2024-12-11T12:08:26.071Z"}
{"level":"\u001b[32minfo\u001b[39m","message":"{\"method\":\"GET\",\"url\":\"/getuseruploadedvideo\",\"status\":\"200\",\"responseTime\":\"388.248\"}","timestamp":"2024-12-11T12:08:28.234Z"}
{"level":"\u001b[32minfo\u001b[39m","message":"{\"method\":\"GET\",\"url\":\"/getreportvideos\",\"status\":\"200\",\"responseTime\":\"629.254\"}","timestamp":"2024-12-11T12:08:28.671Z"}
{"level":"\u001b[32minfo\u001b[39m","message":"{\"method\":\"GET\",\"url\":\"/getprivatevideos\",\"status\":\"200\",\"responseTime\":\"840.496\"}","timestamp":"2024-12-11T12:08:28.766Z"}
{"level":"\u001b[32minfo\u001b[39m","message":"{\"method\":\"GET\",\"url\":\"/getwatchlatervideos\",\"status\":\"200\",\"responseTime\":\"891.477\"}","timestamp":"2024-12-11T12:08:28.840Z"}
{"level":"\u001b[32minfo\u001b[39m","message":"{\"method\":\"GET\",\"url\":\"/videos?tab=All\",\"status\":\"304\",\"responseTime\":\"320.046\"}","timestamp":"2024-12-11T12:09:29.606Z"}
{"level":"\u001b[32minfo\u001b[39m","message":"{\"method\":\"GET\",\"url\":\"/getuseruploadedvideo\",\"status\":\"304\",\"responseTime\":\"214.349\"}","timestamp":"2024-12-11T12:09:31.273Z"}
{"level":"\u001b[32minfo\u001b[39m","message":"{\"method\":\"GET\",\"url\":\"/getprivatevideos\",\"status\":\"304\",\"responseTime\":\"189.555\"}","timestamp":"2024-12-11T12:09:31.289Z"}
{"level":"\u001b[32minfo\u001b[39m","message":"{\"method\":\"GET\",\"url\":\"/getwatchlatervideos\",\"status\":\"304\",\"responseTime\":\"292.624\"}","timestamp":"2024-12-11T12:09:31.404Z"}
{"level":"\u001b[32minfo\u001b[39m","message":"{\"method\":\"GET\",\"url\":\"/getreportvideos\",\"status\":\"304\",\"responseTime\":\"620.379\"}","timestamp":"2024-12-11T12:09:31.841Z"}
{"level":"\u001b[32minfo\u001b[39m","message":"{\"method\":\"GET\",\"url\":\"/videos?tab=All\",\"status\":\"304\",\"responseTime\":\"275.952\"}","timestamp":"2024-12-11T12:09:38.743Z"}
{"level":"\u001b[32minfo\u001b[39m","message":"{\"method\":\"GET\",\"url\":\"/getprivatevideos\",\"status\":\"304\",\"responseTime\":\"69.060\"}","timestamp":"2024-12-11T12:09:40.344Z"}
{"level":"\u001b[32minfo\u001b[39m","message":"{\"method\":\"GET\",\"url\":\"/getuseruploadedvideo\",\"status\":\"304\",\"responseTime\":\"149.640\"}","timestamp":"2024-12-11T12:09:40.417Z"}
{"level":"\u001b[32minfo\u001b[39m","message":"{\"method\":\"GET\",\"url\":\"/getwatchlatervideos\",\"status\":\"304\",\"responseTime\":\"164.529\"}","timestamp":"2024-12-11T12:09:40.452Z"}
{"level":"\u001b[32minfo\u001b[39m","message":"{\"method\":\"GET\",\"url\":\"/getreportvideos\",\"status\":\"304\",\"responseTime\":\"243.692\"}","timestamp":"2024-12-11T12:09:40.547Z"}
{"level":"\u001b[32minfo\u001b[39m","message":"{\"method\":\"GET\",\"url\":\"/videos?tab=All\",\"status\":\"304\",\"responseTime\":\"344.473\"}","timestamp":"2024-12-11T12:10:15.319Z"}
{"level":"\u001b[32minfo\u001b[39m","message":"{\"method\":\"GET\",\"url\":\"/getuseruploadedvideo\",\"status\":\"304\",\"responseTime\":\"215.223\"}","timestamp":"2024-12-11T12:10:18.296Z"}
{"level":"\u001b[32minfo\u001b[39m","message":"{\"method\":\"GET\",\"url\":\"/getprivatevideos\",\"status\":\"304\",\"responseTime\":\"195.542\"}","timestamp":"2024-12-11T12:10:18.323Z"}
{"level":"\u001b[32minfo\u001b[39m","message":"{\"method\":\"GET\",\"url\":\"/getwatchlatervideos\",\"status\":\"304\",\"responseTime\":\"267.004\"}","timestamp":"2024-12-11T12:10:18.377Z"}
{"level":"\u001b[32minfo\u001b[39m","message":"{\"method\":\"GET\",\"url\":\"/getreportvideos\",\"status\":\"304\",\"responseTime\":\"371.250\"}","timestamp":"2024-12-11T12:10:18.459Z"}
{"level":"\u001b[32minfo\u001b[39m","message":"{\"method\":\"GET\",\"url\":\"/videos?tab=All\",\"status\":\"304\",\"responseTime\":\"286.483\"}","timestamp":"2024-12-11T12:10:28.570Z"}
{"level":"\u001b[32minfo\u001b[39m","message":"{\"method\":\"GET\",\"url\":\"/getprivatevideos\",\"status\":\"304\",\"responseTime\":\"63.449\"}","timestamp":"2024-12-11T12:10:29.942Z"}
{"level":"\u001b[32minfo\u001b[39m","message":"{\"method\":\"GET\",\"url\":\"/getuseruploadedvideo\",\"status\":\"304\",\"responseTime\":\"123.393\"}","timestamp":"2024-12-11T12:10:30.011Z"}
{"level":"\u001b[32minfo\u001b[39m","message":"{\"method\":\"GET\",\"url\":\"/getwatchlatervideos\",\"status\":\"304\",\"responseTime\":\"210.772\"}","timestamp":"2024-12-11T12:10:30.128Z"}
{"level":"\u001b[32minfo\u001b[39m","message":"{\"method\":\"GET\",\"url\":\"/getreportvideos\",\"status\":\"304\",\"responseTime\":\"247.595\"}","timestamp":"2024-12-11T12:10:30.155Z"}
{"level":"\u001b[32minfo\u001b[39m","message":"{\"method\":\"GET\",\"url\":\"/videos?tab=All\",\"status\":\"304\",\"responseTime\":\"341.199\"}","timestamp":"2024-12-11T12:11:12.301Z"}
{"level":"\u001b[32minfo\u001b[39m","message":"{\"method\":\"GET\",\"url\":\"/getprivatevideos\",\"status\":\"304\",\"responseTime\":\"65.242\"}","timestamp":"2024-12-11T12:11:14.016Z"}
{"level":"\u001b[32minfo\u001b[39m","message":"{\"method\":\"GET\",\"url\":\"/getuseruploadedvideo\",\"status\":\"304\",\"responseTime\":\"156.156\"}","timestamp":"2024-12-11T12:11:14.087Z"}
{"level":"\u001b[32minfo\u001b[39m","message":"{\"method\":\"GET\",\"url\":\"/getwatchlatervideos\",\"status\":\"304\",\"responseTime\":\"166.001\"}","timestamp":"2024-12-11T12:11:14.135Z"}
{"level":"\u001b[32minfo\u001b[39m","message":"{\"method\":\"GET\",\"url\":\"/getreportvideos\",\"status\":\"304\",\"responseTime\":\"262.789\"}","timestamp":"2024-12-11T12:11:14.248Z"}
{"level":"\u001b[32minfo\u001b[39m","message":"{\"method\":\"GET\",\"url\":\"/videos?tab=All\",\"status\":\"304\",\"responseTime\":\"368.539\"}","timestamp":"2024-12-11T12:16:13.989Z"}
{"level":"\u001b[32minfo\u001b[39m","message":"{\"method\":\"GET\",\"url\":\"/videos?tab=All\",\"status\":\"304\",\"responseTime\":\"480.231\"}","timestamp":"2024-12-11T12:18:21.330Z"}
{"level":"\u001b[32minfo\u001b[39m","message":"{\"method\":\"GET\",\"url\":\"/getprivatevideos\",\"status\":\"304\",\"responseTime\":\"88.099\"}","timestamp":"2024-12-11T12:18:26.014Z"}
{"level":"\u001b[32minfo\u001b[39m","message":"{\"method\":\"GET\",\"url\":\"/getuseruploadedvideo\",\"status\":\"304\",\"responseTime\":\"178.841\"}","timestamp":"2024-12-11T12:18:26.090Z"}
{"level":"\u001b[32minfo\u001b[39m","message":"{\"method\":\"GET\",\"url\":\"/getwatchlatervideos\",\"status\":\"304\",\"responseTime\":\"244.536\"}","timestamp":"2024-12-11T12:18:26.183Z"}
{"level":"\u001b[32minfo\u001b[39m","message":"{\"method\":\"GET\",\"url\":\"/getreportvideos\",\"status\":\"304\",\"responseTime\":\"692.270\"}","timestamp":"2024-12-11T12:18:26.656Z"}
{"level":"\u001b[32minfo\u001b[39m","message":"{\"method\":\"GET\",\"url\":\"/videos?tab=All\",\"status\":\"304\",\"responseTime\":\"158.089\"}","timestamp":"2024-12-11T12:18:29.249Z"}
{"level":"\u001b[32minfo\u001b[39m","message":"{\"method\":\"GET\",\"url\":\"/getprivatevideos\",\"status\":\"304\",\"responseTime\":\"76.824\"}","timestamp":"2024-12-11T12:19:02.326Z"}
{"level":"\u001b[32minfo\u001b[39m","message":"{\"method\":\"GET\",\"url\":\"/getuseruploadedvideo\",\"status\":\"304\",\"responseTime\":\"247.989\"}","timestamp":"2024-12-11T12:19:02.472Z"}
{"level":"\u001b[32minfo\u001b[39m","message":"{\"method\":\"GET\",\"url\":\"/getwatchlatervideos\",\"status\":\"304\",\"responseTime\":\"271.626\"}","timestamp":"2024-12-11T12:19:02.539Z"}
{"level":"\u001b[32minfo\u001b[39m","message":"{\"method\":\"GET\",\"url\":\"/getreportvideos\",\"status\":\"304\",\"responseTime\":\"369.813\"}","timestamp":"2024-12-11T12:19:02.645Z"}
{"level":"\u001b[32minfo\u001b[39m","message":"{\"method\":\"GET\",\"url\":\"/videos?tab=All\",\"status\":\"304\",\"responseTime\":\"173.215\"}","timestamp":"2024-12-11T12:19:20.014Z"}
{"level":"\u001b[32minfo\u001b[39m","message":"{\"method\":\"GET\",\"url\":\"/getprivatevideos\",\"status\":\"304\",\"responseTime\":\"136.163\"}","timestamp":"2024-12-11T12:19:22.005Z"}
{"level":"\u001b[32minfo\u001b[39m","message":"{\"method\":\"GET\",\"url\":\"/getuseruploadedvideo\",\"status\":\"304\",\"responseTime\":\"209.461\"}","timestamp":"2024-12-11T12:19:22.061Z"}
{"level":"\u001b[32minfo\u001b[39m","message":"{\"method\":\"GET\",\"url\":\"/getwatchlatervideos\",\"status\":\"304\",\"responseTime\":\"280.655\"}","timestamp":"2024-12-11T12:19:22.165Z"}
{"level":"\u001b[32minfo\u001b[39m","message":"{\"method\":\"GET\",\"url\":\"/getreportvideos\",\"status\":\"304\",\"responseTime\":\"331.053\"}","timestamp":"2024-12-11T12:19:22.235Z"}
{"level":"\u001b[32minfo\u001b[39m","message":"{\"method\":\"GET\",\"url\":\"/videos?tab=All\",\"status\":\"304\",\"responseTime\":\"208.041\"}","timestamp":"2024-12-11T12:19:27.088Z"}
{"level":"\u001b[32minfo\u001b[39m","message":"{\"method\":\"GET\",\"url\":\"/getprivatevideos\",\"status\":\"304\",\"responseTime\":\"87.186\"}","timestamp":"2024-12-11T12:19:29.761Z"}
{"level":"\u001b[32minfo\u001b[39m","message":"{\"method\":\"GET\",\"url\":\"/getuseruploadedvideo\",\"status\":\"304\",\"responseTime\":\"157.342\"}","timestamp":"2024-12-11T12:19:29.822Z"}
{"level":"\u001b[32minfo\u001b[39m","message":"{\"method\":\"GET\",\"url\":\"/getwatchlatervideos\",\"status\":\"304\",\"responseTime\":\"174.052\"}","timestamp":"2024-12-11T12:19:29.866Z"}
{"level":"\u001b[32minfo\u001b[39m","message":"{\"method\":\"GET\",\"url\":\"/getreportvideos\",\"status\":\"304\",\"responseTime\":\"242.513\"}","timestamp":"2024-12-11T12:19:29.924Z"}
{"level":"\u001b[32minfo\u001b[39m","message":"{\"method\":\"GET\",\"url\":\"/videos?tab=All\",\"status\":\"304\",\"responseTime\":\"233.028\"}","timestamp":"2024-12-11T12:19:31.787Z"}
{"level":"\u001b[32minfo\u001b[39m","message":"{\"method\":\"GET\",\"url\":\"/getprivatevideos\",\"status\":\"304\",\"responseTime\":\"64.514\"}","timestamp":"2024-12-11T12:20:27.374Z"}
{"level":"\u001b[32minfo\u001b[39m","message":"{\"method\":\"GET\",\"url\":\"/getuseruploadedvideo\",\"status\":\"304\",\"responseTime\":\"244.130\"}","timestamp":"2024-12-11T12:20:27.492Z"}
{"level":"\u001b[32minfo\u001b[39m","message":"{\"method\":\"GET\",\"url\":\"/getwatchlatervideos\",\"status\":\"304\",\"responseTime\":\"225.084\"}","timestamp":"2024-12-11T12:20:27.557Z"}
{"level":"\u001b[32minfo\u001b[39m","message":"{\"method\":\"GET\",\"url\":\"/getreportvideos\",\"status\":\"304\",\"responseTime\":\"657.946\"}","timestamp":"2024-12-11T12:20:27.989Z"}
{"level":"\u001b[32minfo\u001b[39m","message":"{\"method\":\"GET\",\"url\":\"/videos?tab=All\",\"status\":\"304\",\"responseTime\":\"290.804\"}","timestamp":"2024-12-11T12:20:30.497Z"}
{"level":"\u001b[32minfo\u001b[39m","message":"{\"method\":\"GET\",\"url\":\"/getprivatevideos\",\"status\":\"304\",\"responseTime\":\"98.699\"}","timestamp":"2024-12-11T12:20:35.291Z"}
{"level":"\u001b[32minfo\u001b[39m","message":"{\"method\":\"GET\",\"url\":\"/getuseruploadedvideo\",\"status\":\"304\",\"responseTime\":\"164.892\"}","timestamp":"2024-12-11T12:20:35.348Z"}
{"level":"\u001b[32minfo\u001b[39m","message":"{\"method\":\"GET\",\"url\":\"/getwatchlatervideos\",\"status\":\"304\",\"responseTime\":\"134.021\"}","timestamp":"2024-12-11T12:20:35.492Z"}
{"level":"\u001b[32minfo\u001b[39m","message":"{\"method\":\"GET\",\"url\":\"/getreportvideos\",\"status\":\"304\",\"responseTime\":\"209.869\"}","timestamp":"2024-12-11T12:20:35.576Z"}
{"level":"\u001b[32minfo\u001b[39m","message":"{\"method\":\"GET\",\"url\":\"/videos?tab=All\",\"status\":\"304\",\"responseTime\":\"195.389\"}","timestamp":"2024-12-11T12:20:38.416Z"}
