{"level":"\u001b[32minfo\u001b[39m","message":"{\"method\":\"GET\",\"url\":\"/videos\",\"status\":\"304\",\"responseTime\":\"3552.804\"}","timestamp":"2024-12-03T03:34:49.555Z"}
{"level":"\u001b[32minfo\u001b[39m","message":"{\"method\":\"GET\",\"url\":\"/likedvideos\",\"status\":\"304\",\"responseTime\":\"1898.140\"}","timestamp":"2024-12-03T03:34:54.969Z"}
{"level":"\u001b[32minfo\u001b[39m","message":"{\"method\":\"GET\",\"url\":\"/videos\",\"status\":\"304\",\"responseTime\":\"404.049\"}","timestamp":"2024-12-03T03:35:01.265Z"}
{"level":"\u001b[32minfo\u001b[39m","message":"{\"method\":\"GET\",\"url\":\"/likedvideos\",\"status\":\"304\",\"responseTime\":\"1218.947\"}","timestamp":"2024-12-03T03:35:03.759Z"}
{"level":"\u001b[32minfo\u001b[39m","message":"{\"method\":\"PUT\",\"url\":\"/updateviews\",\"status\":\"200\",\"responseTime\":\"3.468\"}","timestamp":"2024-12-03T04:00:28.749Z"}
{"level":"\u001b[32minfo\u001b[39m","message":"{\"method\":\"GET\",\"url\":\"/video/67381e4249441b2bf62f98a0\",\"status\":\"200\",\"responseTime\":\"2482.746\"}","timestamp":"2024-12-03T04:00:29.133Z"}
{"level":"\u001b[32minfo\u001b[39m","message":"{\"method\":\"GET\",\"url\":\"/fetchOther/67381e4249441b2bf62f98a0\",\"status\":\"200\",\"responseTime\":\"616.365\"}","timestamp":"2024-12-03T04:00:29.378Z"}
{"level":"\u001b[32minfo\u001b[39m","message":"{\"method\":\"GET\",\"url\":\"/videos\",\"status\":\"200\",\"responseTime\":\"323.283\"}","timestamp":"2024-12-03T04:00:33.383Z"}
{"level":"\u001b[32minfo\u001b[39m","message":"{\"method\":\"GET\",\"url\":\"/likedvideos\",\"status\":\"200\",\"responseTime\":\"305.201\"}","timestamp":"2024-12-03T04:00:35.228Z"}
{"level":"\u001b[32minfo\u001b[39m","message":"{\"method\":\"GET\",\"url\":\"/videos\",\"status\":\"304\",\"responseTime\":\"272.874\"}","timestamp":"2024-12-03T04:00:40.802Z"}
{"level":"\u001b[32minfo\u001b[39m","message":"{\"method\":\"PUT\",\"url\":\"/updateviews\",\"status\":\"200\",\"responseTime\":\"8.023\"}","timestamp":"2024-12-03T04:00:42.351Z"}
{"level":"\u001b[32minfo\u001b[39m","message":"{\"method\":\"GET\",\"url\":\"/fetchOther/673f2e9fae355142ad5a8a3b\",\"status\":\"200\",\"responseTime\":\"93.679\"}","timestamp":"2024-12-03T04:00:42.542Z"}
{"level":"\u001b[32minfo\u001b[39m","message":"{\"method\":\"GET\",\"url\":\"/video/673f2e9fae355142ad5a8a3b\",\"status\":\"200\",\"responseTime\":\"395.191\"}","timestamp":"2024-12-03T04:00:42.712Z"}
{"level":"\u001b[32minfo\u001b[39m","message":"{\"method\":\"GET\",\"url\":\"/videos\",\"status\":\"200\",\"responseTime\":\"365.813\"}","timestamp":"2024-12-03T04:00:46.119Z"}
{"level":"\u001b[32minfo\u001b[39m","message":"{\"method\":\"PUT\",\"url\":\"/updateviews\",\"status\":\"200\",\"responseTime\":\"22.281\"}","timestamp":"2024-12-03T04:00:47.827Z"}
{"level":"\u001b[32minfo\u001b[39m","message":"{\"method\":\"GET\",\"url\":\"/video/673f37fcae355142ad5a8a61\",\"status\":\"200\",\"responseTime\":\"607.626\"}","timestamp":"2024-12-03T04:00:48.366Z"}
{"level":"\u001b[32minfo\u001b[39m","message":"{\"method\":\"GET\",\"url\":\"/fetchOther/673f37fcae355142ad5a8a61\",\"status\":\"200\",\"responseTime\":\"1153.309\"}","timestamp":"2024-12-03T04:00:49.011Z"}
{"level":"\u001b[32minfo\u001b[39m","message":"{\"method\":\"GET\",\"url\":\"/videos\",\"status\":\"200\",\"responseTime\":\"338.442\"}","timestamp":"2024-12-03T04:00:57.415Z"}
{"level":"\u001b[32minfo\u001b[39m","message":"{\"method\":\"PUT\",\"url\":\"/updateviews\",\"status\":\"200\",\"responseTime\":\"3.766\"}","timestamp":"2024-12-03T04:00:59.582Z"}
{"level":"\u001b[32minfo\u001b[39m","message":"{\"method\":\"GET\",\"url\":\"/fetchOther/674158a504384e0d1d2ab1a3\",\"status\":\"200\",\"responseTime\":\"203.674\"}","timestamp":"2024-12-03T04:00:59.798Z"}
{"level":"\u001b[32minfo\u001b[39m","message":"{\"method\":\"GET\",\"url\":\"/video/674158a504384e0d1d2ab1a3\",\"status\":\"200\",\"responseTime\":\"1130.299\"}","timestamp":"2024-12-03T04:01:00.681Z"}
{"level":"\u001b[32minfo\u001b[39m","message":"{\"method\":\"GET\",\"url\":\"/videos\",\"status\":\"200\",\"responseTime\":\"229.748\"}","timestamp":"2024-12-03T04:01:02.983Z"}
{"level":"\u001b[32minfo\u001b[39m","message":"{\"method\":\"GET\",\"url\":\"/likedvideos\",\"status\":\"200\",\"responseTime\":\"236.550\"}","timestamp":"2024-12-03T04:01:04.709Z"}
{"level":"\u001b[32minfo\u001b[39m","message":"{\"method\":\"GET\",\"url\":\"/videos\",\"status\":\"304\",\"responseTime\":\"277.886\"}","timestamp":"2024-12-03T04:01:08.749Z"}
{"level":"\u001b[32minfo\u001b[39m","message":"{\"method\":\"PUT\",\"url\":\"/updateviews\",\"status\":\"200\",\"responseTime\":\"3.285\"}","timestamp":"2024-12-03T04:01:11.614Z"}
{"level":"\u001b[32minfo\u001b[39m","message":"{\"method\":\"GET\",\"url\":\"/fetchOther/6741c6d61ca725a624d8341f\",\"status\":\"200\",\"responseTime\":\"106.494\"}","timestamp":"2024-12-03T04:01:11.728Z"}
{"level":"\u001b[32minfo\u001b[39m","message":"{\"method\":\"GET\",\"url\":\"/video/6741c6d61ca725a624d8341f\",\"status\":\"200\",\"responseTime\":\"327.378\"}","timestamp":"2024-12-03T04:01:11.906Z"}
{"level":"\u001b[32minfo\u001b[39m","message":"{\"method\":\"POST\",\"url\":\"/likevideo\",\"status\":\"200\",\"responseTime\":\"14.889\"}","timestamp":"2024-12-03T04:01:17.311Z"}
{"level":"\u001b[32minfo\u001b[39m","message":"{\"method\":\"GET\",\"url\":\"/videos\",\"status\":\"200\",\"responseTime\":\"382.544\"}","timestamp":"2024-12-03T04:01:19.911Z"}
{"level":"\u001b[32minfo\u001b[39m","message":"{\"method\":\"GET\",\"url\":\"/likedvideos\",\"status\":\"200\",\"responseTime\":\"159.554\"}","timestamp":"2024-12-03T04:01:21.324Z"}
{"level":"\u001b[32minfo\u001b[39m","message":"{\"method\":\"GET\",\"url\":\"/videos\",\"status\":\"304\",\"responseTime\":\"332.063\"}","timestamp":"2024-12-03T04:11:34.540Z"}
{"level":"\u001b[32minfo\u001b[39m","message":"{\"method\":\"GET\",\"url\":\"/likedvideos\",\"status\":\"304\",\"responseTime\":\"168.285\"}","timestamp":"2024-12-03T04:11:36.836Z"}
{"level":"\u001b[32minfo\u001b[39m","message":"{\"method\":\"GET\",\"url\":\"/likedvideos\",\"status\":\"304\",\"responseTime\":\"1053.605\"}","timestamp":"2024-12-03T06:14:32.289Z"}
{"level":"\u001b[32minfo\u001b[39m","message":"{\"method\":\"GET\",\"url\":\"/likedvideos\",\"status\":\"304\",\"responseTime\":\"234.244\"}","timestamp":"2024-12-03T06:14:46.666Z"}
{"level":"\u001b[32minfo\u001b[39m","message":"{\"method\":\"GET\",\"url\":\"/likedvideos\",\"status\":\"304\",\"responseTime\":\"151.633\"}","timestamp":"2024-12-03T06:14:49.750Z"}
{"level":"\u001b[32minfo\u001b[39m","message":"{\"method\":\"GET\",\"url\":\"/likedvideos\",\"status\":\"304\",\"responseTime\":\"176.059\"}","timestamp":"2024-12-03T06:14:52.677Z"}
{"level":"\u001b[32minfo\u001b[39m","message":"{\"method\":\"GET\",\"url\":\"/likedvideos\",\"status\":\"304\",\"responseTime\":\"145.155\"}","timestamp":"2024-12-03T06:14:54.731Z"}
{"level":"\u001b[32minfo\u001b[39m","message":"{\"method\":\"GET\",\"url\":\"/likedvideos\",\"status\":\"304\",\"responseTime\":\"189.286\"}","timestamp":"2024-12-03T06:15:05.944Z"}
{"level":"\u001b[32minfo\u001b[39m","message":"{\"method\":\"GET\",\"url\":\"/likedvideos\",\"status\":\"304\",\"responseTime\":\"172.158\"}","timestamp":"2024-12-03T06:16:40.695Z"}
{"level":"\u001b[32minfo\u001b[39m","message":"{\"method\":\"GET\",\"url\":\"/likedvideos\",\"status\":\"304\",\"responseTime\":\"171.929\"}","timestamp":"2024-12-03T06:20:58.753Z"}
{"level":"\u001b[32minfo\u001b[39m","message":"{\"method\":\"GET\",\"url\":\"/video/67381e4249441b2bf62f98a0\",\"status\":\"200\",\"responseTime\":\"755.876\"}","timestamp":"2024-12-03T06:21:01.307Z"}
{"level":"\u001b[32minfo\u001b[39m","message":"{\"method\":\"GET\",\"url\":\"/likedvideos\",\"status\":\"304\",\"responseTime\":\"167.367\"}","timestamp":"2024-12-03T06:21:20.308Z"}
{"level":"\u001b[32minfo\u001b[39m","message":"{\"method\":\"GET\",\"url\":\"/videos\",\"status\":\"304\",\"responseTime\":\"365.443\"}","timestamp":"2024-12-03T06:21:24.546Z"}
{"level":"\u001b[32minfo\u001b[39m","message":"{\"method\":\"PUT\",\"url\":\"/updateviews\",\"status\":\"200\",\"responseTime\":\"3.652\"}","timestamp":"2024-12-03T06:21:26.711Z"}
{"level":"\u001b[32minfo\u001b[39m","message":"{\"method\":\"GET\",\"url\":\"/video/672b2639467bb75f87c5f750\",\"status\":\"200\",\"responseTime\":\"320.672\"}","timestamp":"2024-12-03T06:21:26.953Z"}
{"level":"\u001b[32minfo\u001b[39m","message":"{\"method\":\"GET\",\"url\":\"/fetchOther/672b2639467bb75f87c5f750\",\"status\":\"200\",\"responseTime\":\"423.264\"}","timestamp":"2024-12-03T06:21:27.142Z"}
{"level":"\u001b[32minfo\u001b[39m","message":"{\"method\":\"GET\",\"url\":\"/videos\",\"status\":\"200\",\"responseTime\":\"1003.595\"}","timestamp":"2024-12-03T06:21:31.952Z"}
{"level":"\u001b[32minfo\u001b[39m","message":"{\"method\":\"GET\",\"url\":\"/videos\",\"status\":\"304\",\"responseTime\":\"381.362\"}","timestamp":"2024-12-03T06:25:00.596Z"}
{"level":"\u001b[32minfo\u001b[39m","message":"{\"method\":\"GET\",\"url\":\"/videos\",\"status\":\"304\",\"responseTime\":\"536.529\"}","timestamp":"2024-12-03T06:26:33.738Z"}
{"level":"\u001b[32minfo\u001b[39m","message":"{\"method\":\"GET\",\"url\":\"/likedvideos\",\"status\":\"304\",\"responseTime\":\"155.481\"}","timestamp":"2024-12-03T06:26:35.492Z"}
{"level":"\u001b[32minfo\u001b[39m","message":"{\"method\":\"GET\",\"url\":\"/video/67381e4249441b2bf62f98a0\",\"status\":\"304\",\"responseTime\":\"277.111\"}","timestamp":"2024-12-03T06:26:36.693Z"}
{"level":"\u001b[32minfo\u001b[39m","message":"{\"method\":\"GET\",\"url\":\"/videos\",\"status\":\"304\",\"responseTime\":\"304.834\"}","timestamp":"2024-12-03T06:26:47.562Z"}
{"level":"\u001b[32minfo\u001b[39m","message":"{\"method\":\"PUT\",\"url\":\"/updateviews\",\"status\":\"200\",\"responseTime\":\"3.576\"}","timestamp":"2024-12-03T06:26:50.048Z"}
{"level":"\u001b[32minfo\u001b[39m","message":"{\"method\":\"GET\",\"url\":\"/video/67381e4249441b2bf62f98a0\",\"status\":\"304\",\"responseTime\":\"361.815\"}","timestamp":"2024-12-03T06:26:50.368Z"}
{"level":"\u001b[32minfo\u001b[39m","message":"{\"method\":\"GET\",\"url\":\"/fetchOther/67381e4249441b2bf62f98a0\",\"status\":\"200\",\"responseTime\":\"543.814\"}","timestamp":"2024-12-03T06:26:50.599Z"}
{"level":"\u001b[32minfo\u001b[39m","message":"{\"method\":\"GET\",\"url\":\"/videos\",\"status\":\"200\",\"responseTime\":\"398.840\"}","timestamp":"2024-12-03T06:26:52.838Z"}
{"level":"\u001b[32minfo\u001b[39m","message":"{\"method\":\"GET\",\"url\":\"/likedvideos\",\"status\":\"200\",\"responseTime\":\"207.283\"}","timestamp":"2024-12-03T06:26:54.112Z"}
{"level":"\u001b[32minfo\u001b[39m","message":"{\"method\":\"GET\",\"url\":\"/video/673f37fcae355142ad5a8a61\",\"status\":\"200\",\"responseTime\":\"319.584\"}","timestamp":"2024-12-03T06:26:56.264Z"}
{"level":"\u001b[32minfo\u001b[39m","message":"{\"method\":\"GET\",\"url\":\"/likedvideos\",\"status\":\"304\",\"responseTime\":\"266.363\"}","timestamp":"2024-12-03T06:26:59.522Z"}
{"level":"\u001b[32minfo\u001b[39m","message":"{\"method\":\"GET\",\"url\":\"/video/672b2e18893d41e294fe48e4\",\"status\":\"200\",\"responseTime\":\"562.018\"}","timestamp":"2024-12-03T06:27:01.245Z"}
{"level":"\u001b[32minfo\u001b[39m","message":"{\"method\":\"GET\",\"url\":\"/likedvideos\",\"status\":\"304\",\"responseTime\":\"264.058\"}","timestamp":"2024-12-03T06:27:04.891Z"}
{"level":"\u001b[32minfo\u001b[39m","message":"{\"method\":\"GET\",\"url\":\"/video/673f2e9fae355142ad5a8a3b\",\"status\":\"200\",\"responseTime\":\"370.314\"}","timestamp":"2024-12-03T06:27:06.524Z"}
{"level":"\u001b[32minfo\u001b[39m","message":"{\"method\":\"GET\",\"url\":\"/likedvideos\",\"status\":\"304\",\"responseTime\":\"226.439\"}","timestamp":"2024-12-03T06:27:11.981Z"}
{"level":"\u001b[32minfo\u001b[39m","message":"{\"method\":\"GET\",\"url\":\"/video/67381e4249441b2bf62f98a0\",\"status\":\"200\",\"responseTime\":\"362.771\"}","timestamp":"2024-12-03T06:34:00.511Z"}
{"level":"\u001b[32minfo\u001b[39m","message":"{\"method\":\"GET\",\"url\":\"/video/67381e4249441b2bf62f98a0\",\"status\":\"304\",\"responseTime\":\"304.432\"}","timestamp":"2024-12-03T06:34:18.562Z"}
{"level":"\u001b[32minfo\u001b[39m","message":"{\"method\":\"GET\",\"url\":\"/video/67381e4249441b2bf62f98a0\",\"status\":\"304\",\"responseTime\":\"269.636\"}","timestamp":"2024-12-03T06:34:36.593Z"}
{"level":"\u001b[32minfo\u001b[39m","message":"{\"method\":\"GET\",\"url\":\"/video/67381e4249441b2bf62f98a0\",\"status\":\"304\",\"responseTime\":\"360.384\"}","timestamp":"2024-12-03T06:36:01.014Z"}
{"level":"\u001b[32minfo\u001b[39m","message":"{\"method\":\"GET\",\"url\":\"/videos\",\"status\":\"304\",\"responseTime\":\"298.173\"}","timestamp":"2024-12-03T06:36:12.433Z"}
{"level":"\u001b[32minfo\u001b[39m","message":"{\"method\":\"GET\",\"url\":\"/videos\",\"status\":\"304\",\"responseTime\":\"186.115\"}","timestamp":"2024-12-03T06:36:18.800Z"}
{"level":"\u001b[32minfo\u001b[39m","message":"{\"method\":\"GET\",\"url\":\"/likedvideos\",\"status\":\"304\",\"responseTime\":\"198.682\"}","timestamp":"2024-12-03T06:36:20.277Z"}
{"level":"\u001b[32minfo\u001b[39m","message":"{\"method\":\"GET\",\"url\":\"/video/672b2e18893d41e294fe48e4\",\"status\":\"304\",\"responseTime\":\"411.270\"}","timestamp":"2024-12-03T06:36:21.684Z"}
{"level":"\u001b[32minfo\u001b[39m","message":"{\"method\":\"GET\",\"url\":\"/video/672b2e18893d41e294fe48e4\",\"status\":\"304\",\"responseTime\":\"288.020\"}","timestamp":"2024-12-03T06:36:49.010Z"}
{"level":"\u001b[32minfo\u001b[39m","message":"{\"method\":\"GET\",\"url\":\"/videos\",\"status\":\"304\",\"responseTime\":\"230.736\"}","timestamp":"2024-12-03T06:37:00.901Z"}
{"level":"\u001b[32minfo\u001b[39m","message":"{\"method\":\"GET\",\"url\":\"/likedvideos\",\"status\":\"304\",\"responseTime\":\"287.479\"}","timestamp":"2024-12-03T06:37:02.920Z"}
{"level":"\u001b[32minfo\u001b[39m","message":"{\"method\":\"GET\",\"url\":\"/video/673f2e9fae355142ad5a8a3b\",\"status\":\"304\",\"responseTime\":\"527.413\"}","timestamp":"2024-12-03T06:37:10.571Z"}
{"level":"\u001b[32minfo\u001b[39m","message":"{\"method\":\"GET\",\"url\":\"/likedvideos\",\"status\":\"304\",\"responseTime\":\"165.055\"}","timestamp":"2024-12-03T06:37:14.049Z"}
{"level":"\u001b[32minfo\u001b[39m","message":"{\"method\":\"GET\",\"url\":\"/video/6741c6d61ca725a624d8341f\",\"status\":\"200\",\"responseTime\":\"715.481\"}","timestamp":"2024-12-03T06:37:21.322Z"}
{"level":"\u001b[32minfo\u001b[39m","message":"{\"method\":\"GET\",\"url\":\"/videos\",\"status\":\"304\",\"responseTime\":\"227.239\"}","timestamp":"2024-12-03T06:40:57.006Z"}
{"level":"\u001b[32minfo\u001b[39m","message":"{\"method\":\"GET\",\"url\":\"/likedvideos\",\"status\":\"304\",\"responseTime\":\"183.641\"}","timestamp":"2024-12-03T06:48:10.479Z"}
{"level":"\u001b[32minfo\u001b[39m","message":"{\"method\":\"GET\",\"url\":\"/video/67381e4249441b2bf62f98a0\",\"status\":\"304\",\"responseTime\":\"364.337\"}","timestamp":"2024-12-03T06:48:13.972Z"}
{"level":"\u001b[32minfo\u001b[39m","message":"{\"method\":\"GET\",\"url\":\"/video/67381e4249441b2bf62f98a0\",\"status\":\"304\",\"responseTime\":\"440.376\"}","timestamp":"2024-12-03T06:49:55.956Z"}
{"level":"\u001b[32minfo\u001b[39m","message":"{\"method\":\"GET\",\"url\":\"/video/67381e4249441b2bf62f98a0\",\"status\":\"304\",\"responseTime\":\"348.720\"}","timestamp":"2024-12-03T06:51:41.922Z"}
{"level":"\u001b[32minfo\u001b[39m","message":"{\"method\":\"PUT\",\"url\":\"/updateviews\",\"status\":\"200\",\"responseTime\":\"5.038\"}","timestamp":"2024-12-03T06:54:00.937Z"}
{"level":"\u001b[32minfo\u001b[39m","message":"{\"method\":\"GET\",\"url\":\"/video/67381e4249441b2bf62f98a0\",\"status\":\"304\",\"responseTime\":\"228.189\"}","timestamp":"2024-12-03T06:54:01.093Z"}
{"level":"\u001b[32minfo\u001b[39m","message":"{\"method\":\"GET\",\"url\":\"/videos\",\"status\":\"200\",\"responseTime\":\"267.678\"}","timestamp":"2024-12-03T06:54:31.084Z"}
{"level":"\u001b[32minfo\u001b[39m","message":"{\"method\":\"GET\",\"url\":\"/likedvideos\",\"status\":\"-\",\"responseTime\":\"-\"}","timestamp":"2024-12-03T07:25:23.062Z"}
{"level":"\u001b[32minfo\u001b[39m","message":"{\"method\":\"GET\",\"url\":\"/videos\",\"status\":\"-\",\"responseTime\":\"-\"}","timestamp":"2024-12-03T07:25:31.696Z"}
{"level":"\u001b[32minfo\u001b[39m","message":"{\"method\":\"GET\",\"url\":\"/likedvideos\",\"status\":\"-\",\"responseTime\":\"-\"}","timestamp":"2024-12-03T07:25:31.707Z"}
{"level":"\u001b[32minfo\u001b[39m","message":"{\"method\":\"GET\",\"url\":\"/likedvideos\",\"status\":\"-\",\"responseTime\":\"-\"}","timestamp":"2024-12-03T07:25:34.492Z"}
{"level":"\u001b[32minfo\u001b[39m","message":"{\"method\":\"GET\",\"url\":\"/videos\",\"status\":\"-\",\"responseTime\":\"-\"}","timestamp":"2024-12-03T07:25:34.496Z"}
{"level":"\u001b[32minfo\u001b[39m","message":"{\"method\":\"GET\",\"url\":\"/videos\",\"status\":\"200\",\"responseTime\":\"315.537\"}","timestamp":"2024-12-03T07:26:47.530Z"}
{"level":"\u001b[32minfo\u001b[39m","message":"{\"method\":\"GET\",\"url\":\"/likedvideos\",\"status\":\"200\",\"responseTime\":\"194.105\"}","timestamp":"2024-12-03T07:26:50.526Z"}
{"level":"\u001b[32minfo\u001b[39m","message":"{\"method\":\"PUT\",\"url\":\"/updateviews\",\"status\":\"200\",\"responseTime\":\"5.075\"}","timestamp":"2024-12-03T07:26:53.745Z"}
{"level":"\u001b[32minfo\u001b[39m","message":"{\"method\":\"GET\",\"url\":\"/video/67381e4249441b2bf62f98a0\",\"status\":\"200\",\"responseTime\":\"514.386\"}","timestamp":"2024-12-03T07:26:54.277Z"}
{"level":"\u001b[32minfo\u001b[39m","message":"{\"method\":\"GET\",\"url\":\"/videos\",\"status\":\"200\",\"responseTime\":\"311.140\"}","timestamp":"2024-12-03T07:26:58.031Z"}
{"level":"\u001b[32minfo\u001b[39m","message":"{\"method\":\"GET\",\"url\":\"/videos\",\"status\":\"304\",\"responseTime\":\"649.178\"}","timestamp":"2024-12-03T07:28:11.064Z"}
{"level":"\u001b[32minfo\u001b[39m","message":"{\"method\":\"GET\",\"url\":\"/likedvideos\",\"status\":\"200\",\"responseTime\":\"153.191\"}","timestamp":"2024-12-03T07:28:12.282Z"}
{"level":"\u001b[32minfo\u001b[39m","message":"{\"method\":\"PUT\",\"url\":\"/updateviews\",\"status\":\"200\",\"responseTime\":\"4.026\"}","timestamp":"2024-12-03T07:28:13.585Z"}
{"level":"\u001b[32minfo\u001b[39m","message":"{\"method\":\"GET\",\"url\":\"/video/673f37fcae355142ad5a8a61\",\"status\":\"304\",\"responseTime\":\"323.330\"}","timestamp":"2024-12-03T07:28:13.868Z"}
{"level":"\u001b[32minfo\u001b[39m","message":"{\"method\":\"POST\",\"url\":\"/unlike\",\"status\":\"200\",\"responseTime\":\"140.964\"}","timestamp":"2024-12-03T07:28:20.266Z"}
{"level":"\u001b[32minfo\u001b[39m","message":"{\"method\":\"GET\",\"url\":\"/likedvideos\",\"status\":\"200\",\"responseTime\":\"189.774\"}","timestamp":"2024-12-03T07:28:23.448Z"}
{"level":"\u001b[32minfo\u001b[39m","message":"{\"method\":\"PUT\",\"url\":\"/updateviews\",\"status\":\"200\",\"responseTime\":\"7.663\"}","timestamp":"2024-12-03T07:28:28.170Z"}
{"level":"\u001b[32minfo\u001b[39m","message":"{\"method\":\"GET\",\"url\":\"/video/6741c6d61ca725a624d8341f\",\"status\":\"200\",\"responseTime\":\"957.198\"}","timestamp":"2024-12-03T07:28:29.151Z"}
{"level":"\u001b[32minfo\u001b[39m","message":"{\"method\":\"GET\",\"url\":\"/videos\",\"status\":\"200\",\"responseTime\":\"168.436\"}","timestamp":"2024-12-03T07:28:33.393Z"}
{"level":"\u001b[32minfo\u001b[39m","message":"{\"method\":\"GET\",\"url\":\"/likedvideos\",\"status\":\"200\",\"responseTime\":\"1758.452\"}","timestamp":"2024-12-03T08:13:17.106Z"}
{"level":"\u001b[32minfo\u001b[39m","message":"{\"method\":\"PUT\",\"url\":\"/updateviews\",\"status\":\"200\",\"responseTime\":\"5.245\"}","timestamp":"2024-12-03T08:13:18.937Z"}
{"level":"\u001b[32minfo\u001b[39m","message":"{\"method\":\"GET\",\"url\":\"/video/67381e4249441b2bf62f98a0\",\"status\":\"304\",\"responseTime\":\"818.633\"}","timestamp":"2024-12-03T08:13:19.703Z"}
{"level":"\u001b[32minfo\u001b[39m","message":"{\"method\":\"GET\",\"url\":\"/videos\",\"status\":\"200\",\"responseTime\":\"304.948\"}","timestamp":"2024-12-03T08:13:41.269Z"}
{"level":"\u001b[32minfo\u001b[39m","message":"{\"method\":\"PUT\",\"url\":\"/updateviews\",\"status\":\"200\",\"responseTime\":\"3.611\"}","timestamp":"2024-12-03T08:13:46.179Z"}
{"level":"\u001b[32minfo\u001b[39m","message":"{\"method\":\"GET\",\"url\":\"/video/672b2e18893d41e294fe48e4\",\"status\":\"200\",\"responseTime\":\"996.099\"}","timestamp":"2024-12-03T08:13:47.191Z"}
{"level":"\u001b[32minfo\u001b[39m","message":"{\"method\":\"GET\",\"url\":\"/fetchOther/672b2e18893d41e294fe48e4\",\"status\":\"200\",\"responseTime\":\"1371.424\"}","timestamp":"2024-12-03T08:13:47.606Z"}
{"level":"\u001b[32minfo\u001b[39m","message":"{\"method\":\"GET\",\"url\":\"/videos\",\"status\":\"200\",\"responseTime\":\"373.730\"}","timestamp":"2024-12-03T08:13:50.823Z"}
{"level":"\u001b[32minfo\u001b[39m","message":"{\"method\":\"PUT\",\"url\":\"/updateviews\",\"status\":\"200\",\"responseTime\":\"3.439\"}","timestamp":"2024-12-03T08:13:53.441Z"}
{"level":"\u001b[32minfo\u001b[39m","message":"{\"method\":\"GET\",\"url\":\"/fetchOther/672b2e18893d41e294fe48e4\",\"status\":\"304\",\"responseTime\":\"88.103\"}","timestamp":"2024-12-03T08:13:53.550Z"}
{"level":"\u001b[32minfo\u001b[39m","message":"{\"method\":\"GET\",\"url\":\"/video/672b2e18893d41e294fe48e4\",\"status\":\"304\",\"responseTime\":\"890.867\"}","timestamp":"2024-12-03T08:13:54.306Z"}
{"level":"\u001b[32minfo\u001b[39m","message":"{\"method\":\"GET\",\"url\":\"/videos\",\"status\":\"200\",\"responseTime\":\"367.823\"}","timestamp":"2024-12-03T08:13:57.956Z"}
{"level":"\u001b[32minfo\u001b[39m","message":"{\"method\":\"GET\",\"url\":\"/likedvideos\",\"status\":\"200\",\"responseTime\":\"242.446\"}","timestamp":"2024-12-03T08:14:00.790Z"}
{"level":"\u001b[32minfo\u001b[39m","message":"{\"method\":\"PUT\",\"url\":\"/updateviews\",\"status\":\"200\",\"responseTime\":\"5.160\"}","timestamp":"2024-12-03T08:14:01.848Z"}
{"level":"\u001b[32minfo\u001b[39m","message":"{\"method\":\"GET\",\"url\":\"/video/672b2e18893d41e294fe48e4\",\"status\":\"200\",\"responseTime\":\"413.615\"}","timestamp":"2024-12-03T08:14:02.244Z"}
{"level":"\u001b[32minfo\u001b[39m","message":"{\"method\":\"GET\",\"url\":\"/likedvideos\",\"status\":\"200\",\"responseTime\":\"189.632\"}","timestamp":"2024-12-03T08:14:06.457Z"}
{"level":"\u001b[32minfo\u001b[39m","message":"{\"method\":\"GET\",\"url\":\"/videos\",\"status\":\"200\",\"responseTime\":\"255.731\"}","timestamp":"2024-12-03T08:14:08.182Z"}
{"level":"\u001b[32minfo\u001b[39m","message":"{\"method\":\"GET\",\"url\":\"/likedvideos\",\"status\":\"304\",\"responseTime\":\"149.485\"}","timestamp":"2024-12-03T08:20:49.700Z"}
{"level":"\u001b[32minfo\u001b[39m","message":"{\"method\":\"PUT\",\"url\":\"/updateviews\",\"status\":\"200\",\"responseTime\":\"3.128\"}","timestamp":"2024-12-03T08:20:50.907Z"}
{"level":"\u001b[32minfo\u001b[39m","message":"{\"method\":\"GET\",\"url\":\"/video/67381e4249441b2bf62f98a0\",\"status\":\"200\",\"responseTime\":\"258.323\"}","timestamp":"2024-12-03T08:20:51.157Z"}
{"level":"\u001b[32minfo\u001b[39m","message":"{\"method\":\"PUT\",\"url\":\"/updateviews\",\"status\":\"200\",\"responseTime\":\"3.524\"}","timestamp":"2024-12-03T08:21:21.406Z"}
{"level":"\u001b[32minfo\u001b[39m","message":"{\"method\":\"GET\",\"url\":\"/video/67381e4249441b2bf62f98a0\",\"status\":\"200\",\"responseTime\":\"287.329\"}","timestamp":"2024-12-03T08:21:21.662Z"}
{"level":"\u001b[32minfo\u001b[39m","message":"{\"method\":\"GET\",\"url\":\"/likedvideos\",\"status\":\"200\",\"responseTime\":\"326.031\"}","timestamp":"2024-12-03T08:23:56.391Z"}
{"level":"\u001b[32minfo\u001b[39m","message":"{\"method\":\"GET\",\"url\":\"/likedvideos\",\"status\":\"304\",\"responseTime\":\"238.078\"}","timestamp":"2024-12-03T08:25:43.068Z"}
{"level":"\u001b[32minfo\u001b[39m","message":"{\"method\":\"GET\",\"url\":\"/likedvideos\",\"status\":\"304\",\"responseTime\":\"175.533\"}","timestamp":"2024-12-03T08:27:55.506Z"}
{"level":"\u001b[32minfo\u001b[39m","message":"{\"method\":\"GET\",\"url\":\"/likedvideos\",\"status\":\"304\",\"responseTime\":\"164.489\"}","timestamp":"2024-12-03T08:29:05.392Z"}
{"level":"\u001b[32minfo\u001b[39m","message":"{\"method\":\"PUT\",\"url\":\"/updateviews\",\"status\":\"200\",\"responseTime\":\"3.163\"}","timestamp":"2024-12-03T08:29:16.622Z"}
{"level":"\u001b[32minfo\u001b[39m","message":"{\"method\":\"GET\",\"url\":\"/video/672b2e18893d41e294fe48e4\",\"status\":\"200\",\"responseTime\":\"393.298\"}","timestamp":"2024-12-03T08:29:16.989Z"}
{"level":"\u001b[32minfo\u001b[39m","message":"{\"method\":\"PUT\",\"url\":\"/updateviews\",\"status\":\"200\",\"responseTime\":\"7.471\"}","timestamp":"2024-12-03T08:29:27.978Z"}
{"level":"\u001b[32minfo\u001b[39m","message":"{\"method\":\"GET\",\"url\":\"/video/672b2e18893d41e294fe48e4\",\"status\":\"200\",\"responseTime\":\"503.362\"}","timestamp":"2024-12-03T08:29:28.490Z"}
{"level":"\u001b[32minfo\u001b[39m","message":"{\"method\":\"PUT\",\"url\":\"/updateviews\",\"status\":\"200\",\"responseTime\":\"15.365\"}","timestamp":"2024-12-03T08:29:59.481Z"}
{"level":"\u001b[32minfo\u001b[39m","message":"{\"method\":\"GET\",\"url\":\"/video/672b2e18893d41e294fe48e4\",\"status\":\"304\",\"responseTime\":\"668.370\"}","timestamp":"2024-12-03T08:30:00.155Z"}
{"level":"\u001b[32minfo\u001b[39m","message":"{\"method\":\"PUT\",\"url\":\"/updateviews\",\"status\":\"200\",\"responseTime\":\"4.193\"}","timestamp":"2024-12-03T08:30:22.733Z"}
{"level":"\u001b[32minfo\u001b[39m","message":"{\"method\":\"GET\",\"url\":\"/video/672b2e18893d41e294fe48e4\",\"status\":\"200\",\"responseTime\":\"415.911\"}","timestamp":"2024-12-03T08:30:23.130Z"}
{"level":"\u001b[32minfo\u001b[39m","message":"{\"method\":\"GET\",\"url\":\"/likedvideos\",\"status\":\"200\",\"responseTime\":\"201.509\"}","timestamp":"2024-12-03T08:30:26.025Z"}
{"level":"\u001b[32minfo\u001b[39m","message":"{\"method\":\"PUT\",\"url\":\"/updateviews\",\"status\":\"200\",\"responseTime\":\"9.722\"}","timestamp":"2024-12-03T08:30:26.862Z"}
{"level":"\u001b[32minfo\u001b[39m","message":"{\"method\":\"GET\",\"url\":\"/video/672b2e18893d41e294fe48e4\",\"status\":\"200\",\"responseTime\":\"886.353\"}","timestamp":"2024-12-03T08:30:27.715Z"}
{"level":"\u001b[32minfo\u001b[39m","message":"{\"method\":\"PUT\",\"url\":\"/updateviews\",\"status\":\"200\",\"responseTime\":\"6.635\"}","timestamp":"2024-12-03T08:31:00.642Z"}
{"level":"\u001b[32minfo\u001b[39m","message":"{\"method\":\"GET\",\"url\":\"/likedvideos\",\"status\":\"200\",\"responseTime\":\"174.061\"}","timestamp":"2024-12-03T08:31:00.828Z"}
{"level":"\u001b[32minfo\u001b[39m","message":"{\"method\":\"GET\",\"url\":\"/video/672b2e18893d41e294fe48e4\",\"status\":\"200\",\"responseTime\":\"504.146\"}","timestamp":"2024-12-03T08:31:01.114Z"}
{"level":"\u001b[32minfo\u001b[39m","message":"{\"method\":\"GET\",\"url\":\"/video/672b2e18893d41e294fe48e4\",\"status\":\"200\",\"responseTime\":\"284.247\"}","timestamp":"2024-12-03T08:31:23.116Z"}
{"level":"\u001b[32minfo\u001b[39m","message":"{\"method\":\"PUT\",\"url\":\"/updateviews\",\"status\":\"200\",\"responseTime\":\"58.580\"}","timestamp":"2024-12-03T08:31:23.348Z"}
{"level":"\u001b[32minfo\u001b[39m","message":"{\"method\":\"GET\",\"url\":\"/likedvideos\",\"status\":\"200\",\"responseTime\":\"196.327\"}","timestamp":"2024-12-03T08:31:23.598Z"}
{"level":"\u001b[32minfo\u001b[39m","message":"{\"method\":\"PUT\",\"url\":\"/updateviews\",\"status\":\"200\",\"responseTime\":\"4.352\"}","timestamp":"2024-12-03T08:32:02.192Z"}
{"level":"\u001b[32minfo\u001b[39m","message":"{\"method\":\"GET\",\"url\":\"/likedvideos\",\"status\":\"200\",\"responseTime\":\"151.110\"}","timestamp":"2024-12-03T08:32:02.380Z"}
{"level":"\u001b[32minfo\u001b[39m","message":"{\"method\":\"GET\",\"url\":\"/video/672b2e18893d41e294fe48e4\",\"status\":\"200\",\"responseTime\":\"470.992\"}","timestamp":"2024-12-03T08:32:02.583Z"}
{"level":"\u001b[32minfo\u001b[39m","message":"{\"method\":\"PUT\",\"url\":\"/updateviews\",\"status\":\"200\",\"responseTime\":\"3.255\"}","timestamp":"2024-12-03T08:33:02.943Z"}
{"level":"\u001b[32minfo\u001b[39m","message":"{\"method\":\"GET\",\"url\":\"/likedvideos\",\"status\":\"200\",\"responseTime\":\"212.579\"}","timestamp":"2024-12-03T08:33:03.211Z"}
{"level":"\u001b[32minfo\u001b[39m","message":"{\"method\":\"GET\",\"url\":\"/video/672b2e18893d41e294fe48e4\",\"status\":\"200\",\"responseTime\":\"602.638\"}","timestamp":"2024-12-03T08:33:03.511Z"}
{"level":"\u001b[32minfo\u001b[39m","message":"{\"method\":\"PUT\",\"url\":\"/updateviews\",\"status\":\"200\",\"responseTime\":\"261.737\"}","timestamp":"2024-12-03T08:33:25.259Z"}
{"level":"\u001b[32minfo\u001b[39m","message":"{\"method\":\"GET\",\"url\":\"/likedvideos\",\"status\":\"200\",\"responseTime\":\"373.699\"}","timestamp":"2024-12-03T08:33:25.840Z"}
{"level":"\u001b[32minfo\u001b[39m","message":"{\"method\":\"GET\",\"url\":\"/video/672b2e18893d41e294fe48e4\",\"status\":\"200\",\"responseTime\":\"1064.656\"}","timestamp":"2024-12-03T08:33:26.026Z"}
{"level":"\u001b[32minfo\u001b[39m","message":"{\"method\":\"PUT\",\"url\":\"/updateviews\",\"status\":\"200\",\"responseTime\":\"4.151\"}","timestamp":"2024-12-03T08:33:30.133Z"}
{"level":"\u001b[32minfo\u001b[39m","message":"{\"method\":\"GET\",\"url\":\"/likedvideos\",\"status\":\"200\",\"responseTime\":\"206.895\"}","timestamp":"2024-12-03T08:33:30.375Z"}
{"level":"\u001b[32minfo\u001b[39m","message":"{\"method\":\"GET\",\"url\":\"/video/672b2e18893d41e294fe48e4\",\"status\":\"200\",\"responseTime\":\"445.440\"}","timestamp":"2024-12-03T08:33:30.486Z"}
{"level":"\u001b[32minfo\u001b[39m","message":"{\"method\":\"PUT\",\"url\":\"/updateviews\",\"status\":\"200\",\"responseTime\":\"373.959\"}","timestamp":"2024-12-03T08:34:26.866Z"}
{"level":"\u001b[32minfo\u001b[39m","message":"{\"method\":\"GET\",\"url\":\"/likedvideos\",\"status\":\"200\",\"responseTime\":\"174.917\"}","timestamp":"2024-12-03T08:34:27.183Z"}
{"level":"\u001b[32minfo\u001b[39m","message":"{\"method\":\"GET\",\"url\":\"/video/672b2e18893d41e294fe48e4\",\"status\":\"200\",\"responseTime\":\"1019.269\"}","timestamp":"2024-12-03T08:34:27.205Z"}
{"level":"\u001b[32minfo\u001b[39m","message":"{\"method\":\"PUT\",\"url\":\"/updateviews\",\"status\":\"200\",\"responseTime\":\"32.572\"}","timestamp":"2024-12-03T08:34:46.275Z"}
{"level":"\u001b[32minfo\u001b[39m","message":"{\"method\":\"GET\",\"url\":\"/video/672b2e18893d41e294fe48e4\",\"status\":\"200\",\"responseTime\":\"917.063\"}","timestamp":"2024-12-03T08:34:46.456Z"}
{"level":"\u001b[32minfo\u001b[39m","message":"{\"method\":\"GET\",\"url\":\"/likedvideos\",\"status\":\"200\",\"responseTime\":\"206.933\"}","timestamp":"2024-12-03T08:34:46.553Z"}
{"level":"\u001b[32minfo\u001b[39m","message":"{\"method\":\"PUT\",\"url\":\"/updateviews\",\"status\":\"200\",\"responseTime\":\"5.529\"}","timestamp":"2024-12-03T08:34:48.594Z"}
{"level":"\u001b[32minfo\u001b[39m","message":"{\"method\":\"GET\",\"url\":\"/likedvideos\",\"status\":\"200\",\"responseTime\":\"254.572\"}","timestamp":"2024-12-03T08:34:48.987Z"}
{"level":"\u001b[32minfo\u001b[39m","message":"{\"method\":\"GET\",\"url\":\"/video/672b2e18893d41e294fe48e4\",\"status\":\"200\",\"responseTime\":\"614.927\"}","timestamp":"2024-12-03T08:34:49.119Z"}
{"level":"\u001b[32minfo\u001b[39m","message":"{\"method\":\"GET\",\"url\":\"/video/674d5ab2b7b0621ed421fc7f\",\"status\":\"404\",\"responseTime\":\"102.349\"}","timestamp":"2024-12-03T08:34:54.695Z"}
{"level":"\u001b[32minfo\u001b[39m","message":"{\"method\":\"GET\",\"url\":\"/videos\",\"status\":\"200\",\"responseTime\":\"333.805\"}","timestamp":"2024-12-03T08:34:56.544Z"}
{"level":"\u001b[32minfo\u001b[39m","message":"{\"method\":\"GET\",\"url\":\"/likedvideos\",\"status\":\"304\",\"responseTime\":\"216.323\"}","timestamp":"2024-12-03T08:35:04.971Z"}
{"level":"\u001b[32minfo\u001b[39m","message":"{\"method\":\"PUT\",\"url\":\"/updateviews\",\"status\":\"200\",\"responseTime\":\"3.137\"}","timestamp":"2024-12-03T08:35:06.881Z"}
{"level":"\u001b[32minfo\u001b[39m","message":"{\"method\":\"GET\",\"url\":\"/likedvideos\",\"status\":\"200\",\"responseTime\":\"140.789\"}","timestamp":"2024-12-03T08:35:07.036Z"}
{"level":"\u001b[32minfo\u001b[39m","message":"{\"method\":\"GET\",\"url\":\"/video/673f2e9fae355142ad5a8a3b\",\"status\":\"304\",\"responseTime\":\"435.689\"}","timestamp":"2024-12-03T08:35:07.262Z"}
{"level":"\u001b[32minfo\u001b[39m","message":"{\"method\":\"GET\",\"url\":\"/videos\",\"status\":\"200\",\"responseTime\":\"250.170\"}","timestamp":"2024-12-03T08:35:17.369Z"}
{"level":"\u001b[32minfo\u001b[39m","message":"{\"method\":\"GET\",\"url\":\"/likedvideos\",\"status\":\"304\",\"responseTime\":\"165.457\"}","timestamp":"2024-12-03T08:43:48.250Z"}
{"level":"\u001b[32minfo\u001b[39m","message":"{\"method\":\"PUT\",\"url\":\"/updateviews\",\"status\":\"200\",\"responseTime\":\"3.925\"}","timestamp":"2024-12-03T08:43:51.233Z"}
{"level":"\u001b[32minfo\u001b[39m","message":"{\"method\":\"GET\",\"url\":\"/likedvideos\",\"status\":\"200\",\"responseTime\":\"223.630\"}","timestamp":"2024-12-03T08:43:51.462Z"}
{"level":"\u001b[32minfo\u001b[39m","message":"{\"method\":\"GET\",\"url\":\"/video/67381e4249441b2bf62f98a0\",\"status\":\"200\",\"responseTime\":\"577.269\"}","timestamp":"2024-12-03T08:43:51.766Z"}
{"level":"\u001b[32minfo\u001b[39m","message":"{\"method\":\"GET\",\"url\":\"/videos\",\"status\":\"200\",\"responseTime\":\"237.646\"}","timestamp":"2024-12-03T08:44:15.503Z"}
{"level":"\u001b[32minfo\u001b[39m","message":"{\"method\":\"PUT\",\"url\":\"/updateviews\",\"status\":\"200\",\"responseTime\":\"2.128\"}","timestamp":"2024-12-03T08:44:16.476Z"}
{"level":"\u001b[32minfo\u001b[39m","message":"{\"method\":\"GET\",\"url\":\"/video/674d5c93910106d9713c05c2\",\"status\":\"404\",\"responseTime\":\"53.603\"}","timestamp":"2024-12-03T08:44:17.915Z"}
{"level":"\u001b[32minfo\u001b[39m","message":"{\"method\":\"GET\",\"url\":\"/videos\",\"status\":\"200\",\"responseTime\":\"539.966\"}","timestamp":"2024-12-03T08:44:19.809Z"}
{"level":"\u001b[32minfo\u001b[39m","message":"{\"method\":\"GET\",\"url\":\"/videos\",\"status\":\"304\",\"responseTime\":\"333.943\"}","timestamp":"2024-12-03T08:45:59.390Z"}
{"level":"\u001b[32minfo\u001b[39m","message":"{\"method\":\"GET\",\"url\":\"/likedvideos\",\"status\":\"200\",\"responseTime\":\"228.060\"}","timestamp":"2024-12-03T08:46:02.247Z"}
{"level":"\u001b[32minfo\u001b[39m","message":"{\"method\":\"PUT\",\"url\":\"/updateviews\",\"status\":\"200\",\"responseTime\":\"4.091\"}","timestamp":"2024-12-03T08:46:03.792Z"}
{"level":"\u001b[32minfo\u001b[39m","message":"{\"method\":\"GET\",\"url\":\"/likedvideos\",\"status\":\"200\",\"responseTime\":\"125.498\"}","timestamp":"2024-12-03T08:46:03.925Z"}
{"level":"\u001b[32minfo\u001b[39m","message":"{\"method\":\"GET\",\"url\":\"/video/672b2e18893d41e294fe48e4\",\"status\":\"200\",\"responseTime\":\"334.900\"}","timestamp":"2024-12-03T08:46:04.092Z"}
{"level":"\u001b[32minfo\u001b[39m","message":"{\"method\":\"PUT\",\"url\":\"/updateviews\",\"status\":\"200\",\"responseTime\":\"4.212\"}","timestamp":"2024-12-03T08:46:05.716Z"}
{"level":"\u001b[32minfo\u001b[39m","message":"{\"method\":\"GET\",\"url\":\"/video/674d5ab2b7b0621ed421fc7f\",\"status\":\"404\",\"responseTime\":\"46.545\"}","timestamp":"2024-12-03T08:46:05.728Z"}
{"level":"\u001b[32minfo\u001b[39m","message":"{\"method\":\"GET\",\"url\":\"/likedvideos\",\"status\":\"304\",\"responseTime\":\"131.058\"}","timestamp":"2024-12-03T08:46:05.863Z"}
{"level":"\u001b[32minfo\u001b[39m","message":"{\"method\":\"GET\",\"url\":\"/videos\",\"status\":\"200\",\"responseTime\":\"299.248\"}","timestamp":"2024-12-03T08:46:29.940Z"}
{"level":"\u001b[32minfo\u001b[39m","message":"{\"method\":\"GET\",\"url\":\"/likedvideos\",\"status\":\"304\",\"responseTime\":\"374.602\"}","timestamp":"2024-12-03T08:46:32.526Z"}
{"level":"\u001b[32minfo\u001b[39m","message":"{\"method\":\"PUT\",\"url\":\"/updateviews\",\"status\":\"200\",\"responseTime\":\"12.587\"}","timestamp":"2024-12-03T08:46:33.480Z"}
{"level":"\u001b[32minfo\u001b[39m","message":"{\"method\":\"GET\",\"url\":\"/likedvideos\",\"status\":\"200\",\"responseTime\":\"156.241\"}","timestamp":"2024-12-03T08:46:33.656Z"}
{"level":"\u001b[32minfo\u001b[39m","message":"{\"method\":\"GET\",\"url\":\"/video/672b2e18893d41e294fe48e4\",\"status\":\"200\",\"responseTime\":\"331.157\"}","timestamp":"2024-12-03T08:46:33.826Z"}
{"level":"\u001b[32minfo\u001b[39m","message":"{\"method\":\"PUT\",\"url\":\"/updateviews\",\"status\":\"200\",\"responseTime\":\"4.353\"}","timestamp":"2024-12-03T08:46:35.876Z"}
{"level":"\u001b[32minfo\u001b[39m","message":"{\"method\":\"GET\",\"url\":\"/video/674d5c93910106d9713c05c2\",\"status\":\"404\",\"responseTime\":\"47.567\"}","timestamp":"2024-12-03T08:46:35.898Z"}
{"level":"\u001b[32minfo\u001b[39m","message":"{\"method\":\"GET\",\"url\":\"/likedvideos\",\"status\":\"304\",\"responseTime\":\"157.575\"}","timestamp":"2024-12-03T08:46:36.066Z"}
{"level":"\u001b[32minfo\u001b[39m","message":"{\"method\":\"PUT\",\"url\":\"/updateviews\",\"status\":\"200\",\"responseTime\":\"2.184\"}","timestamp":"2024-12-03T08:46:38.609Z"}
{"level":"\u001b[32minfo\u001b[39m","message":"{\"method\":\"PUT\",\"url\":\"/updateviews\",\"status\":\"200\",\"responseTime\":\"5.496\"}","timestamp":"2024-12-03T08:46:40.403Z"}
{"level":"\u001b[32minfo\u001b[39m","message":"{\"method\":\"GET\",\"url\":\"/video/674d5ab2b7b0621ed421fc7f\",\"status\":\"404\",\"responseTime\":\"119.727\"}","timestamp":"2024-12-03T08:46:40.494Z"}
{"level":"\u001b[32minfo\u001b[39m","message":"{\"method\":\"GET\",\"url\":\"/likedvideos\",\"status\":\"200\",\"responseTime\":\"302.133\"}","timestamp":"2024-12-03T08:46:40.715Z"}
{"level":"\u001b[32minfo\u001b[39m","message":"{\"method\":\"GET\",\"url\":\"/videos\",\"status\":\"200\",\"responseTime\":\"295.871\"}","timestamp":"2024-12-03T08:46:52.267Z"}
{"level":"\u001b[32minfo\u001b[39m","message":"{\"method\":\"GET\",\"url\":\"/likedvideos\",\"status\":\"304\",\"responseTime\":\"142.608\"}","timestamp":"2024-12-03T08:46:55.950Z"}
{"level":"\u001b[32minfo\u001b[39m","message":"{\"method\":\"PUT\",\"url\":\"/updateviews\",\"status\":\"200\",\"responseTime\":\"5.960\"}","timestamp":"2024-12-03T08:46:57.681Z"}
{"level":"\u001b[32minfo\u001b[39m","message":"{\"method\":\"GET\",\"url\":\"/likedvideos\",\"status\":\"200\",\"responseTime\":\"187.503\"}","timestamp":"2024-12-03T08:46:57.885Z"}
{"level":"\u001b[32minfo\u001b[39m","message":"{\"method\":\"GET\",\"url\":\"/video/672b2e18893d41e294fe48e4\",\"status\":\"200\",\"responseTime\":\"515.697\"}","timestamp":"2024-12-03T08:46:58.174Z"}
{"level":"\u001b[32minfo\u001b[39m","message":"{\"method\":\"PUT\",\"url\":\"/updateviews\",\"status\":\"200\",\"responseTime\":\"4.479\"}","timestamp":"2024-12-03T08:46:59.607Z"}
{"level":"\u001b[32minfo\u001b[39m","message":"{\"method\":\"GET\",\"url\":\"/video/674d5ab2b7b0621ed421fc7f\",\"status\":\"404\",\"responseTime\":\"56.233\"}","timestamp":"2024-12-03T08:46:59.632Z"}
{"level":"\u001b[32minfo\u001b[39m","message":"{\"method\":\"GET\",\"url\":\"/likedvideos\",\"status\":\"304\",\"responseTime\":\"204.077\"}","timestamp":"2024-12-03T08:46:59.820Z"}
{"level":"\u001b[32minfo\u001b[39m","message":"{\"method\":\"GET\",\"url\":\"/videos\",\"status\":\"200\",\"responseTime\":\"265.040\"}","timestamp":"2024-12-03T08:47:46.993Z"}
{"level":"\u001b[32minfo\u001b[39m","message":"{\"method\":\"GET\",\"url\":\"/likedvideos\",\"status\":\"304\",\"responseTime\":\"128.108\"}","timestamp":"2024-12-03T08:47:48.060Z"}
{"level":"\u001b[32minfo\u001b[39m","message":"{\"method\":\"PUT\",\"url\":\"/updateviews\",\"status\":\"200\",\"responseTime\":\"3.139\"}","timestamp":"2024-12-03T08:47:49.077Z"}
{"level":"\u001b[32minfo\u001b[39m","message":"{\"method\":\"GET\",\"url\":\"/likedvideos\",\"status\":\"200\",\"responseTime\":\"166.159\"}","timestamp":"2024-12-03T08:47:49.253Z"}
{"level":"\u001b[32minfo\u001b[39m","message":"{\"method\":\"GET\",\"url\":\"/video/672b2e18893d41e294fe48e4\",\"status\":\"200\",\"responseTime\":\"412.805\"}","timestamp":"2024-12-03T08:47:49.478Z"}
{"level":"\u001b[32minfo\u001b[39m","message":"{\"method\":\"PUT\",\"url\":\"/updateviews\",\"status\":\"200\",\"responseTime\":\"2.856\"}","timestamp":"2024-12-03T08:48:06.372Z"}
{"level":"\u001b[32minfo\u001b[39m","message":"{\"method\":\"GET\",\"url\":\"/likedvideos\",\"status\":\"200\",\"responseTime\":\"178.553\"}","timestamp":"2024-12-03T08:48:06.568Z"}
{"level":"\u001b[32minfo\u001b[39m","message":"{\"method\":\"GET\",\"url\":\"/video/672b2e18893d41e294fe48e4\",\"status\":\"200\",\"responseTime\":\"543.946\"}","timestamp":"2024-12-03T08:48:06.927Z"}
{"level":"\u001b[32minfo\u001b[39m","message":"{\"method\":\"PUT\",\"url\":\"/updateviews\",\"status\":\"200\",\"responseTime\":\"4.480\"}","timestamp":"2024-12-03T08:48:09.372Z"}
{"level":"\u001b[32minfo\u001b[39m","message":"{\"method\":\"GET\",\"url\":\"/video/672b2e18893d41e294fe48e4\",\"status\":\"304\",\"responseTime\":\"416.761\"}","timestamp":"2024-12-03T08:48:09.438Z"}
{"level":"\u001b[32minfo\u001b[39m","message":"{\"method\":\"GET\",\"url\":\"/likedvideos\",\"status\":\"200\",\"responseTime\":\"172.993\"}","timestamp":"2024-12-03T08:48:09.640Z"}
{"level":"\u001b[32minfo\u001b[39m","message":"{\"method\":\"PUT\",\"url\":\"/updateviews\",\"status\":\"200\",\"responseTime\":\"7.770\"}","timestamp":"2024-12-03T08:48:11.936Z"}
{"level":"\u001b[32minfo\u001b[39m","message":"{\"method\":\"GET\",\"url\":\"/likedvideos\",\"status\":\"200\",\"responseTime\":\"203.119\"}","timestamp":"2024-12-03T08:48:12.201Z"}
{"level":"\u001b[32minfo\u001b[39m","message":"{\"method\":\"GET\",\"url\":\"/video/672b2e18893d41e294fe48e4\",\"status\":\"200\",\"responseTime\":\"649.833\"}","timestamp":"2024-12-03T08:48:12.639Z"}
{"level":"\u001b[32minfo\u001b[39m","message":"{\"method\":\"PUT\",\"url\":\"/updateviews\",\"status\":\"200\",\"responseTime\":\"116.738\"}","timestamp":"2024-12-03T08:48:14.221Z"}
{"level":"\u001b[32minfo\u001b[39m","message":"{\"method\":\"GET\",\"url\":\"/likedvideos\",\"status\":\"200\",\"responseTime\":\"108.993\"}","timestamp":"2024-12-03T08:48:14.444Z"}
{"level":"\u001b[32minfo\u001b[39m","message":"{\"method\":\"GET\",\"url\":\"/video/672b2e18893d41e294fe48e4\",\"status\":\"200\",\"responseTime\":\"339.282\"}","timestamp":"2024-12-03T08:48:14.599Z"}
{"level":"\u001b[32minfo\u001b[39m","message":"{\"method\":\"PUT\",\"url\":\"/updateviews\",\"status\":\"200\",\"responseTime\":\"113.601\"}","timestamp":"2024-12-03T08:48:16.772Z"}
{"level":"\u001b[32minfo\u001b[39m","message":"{\"method\":\"GET\",\"url\":\"/likedvideos\",\"status\":\"200\",\"responseTime\":\"118.864\"}","timestamp":"2024-12-03T08:48:17.119Z"}
{"level":"\u001b[32minfo\u001b[39m","message":"{\"method\":\"GET\",\"url\":\"/video/672b2e18893d41e294fe48e4\",\"status\":\"200\",\"responseTime\":\"396.514\"}","timestamp":"2024-12-03T08:48:17.193Z"}
{"level":"\u001b[32minfo\u001b[39m","message":"{\"method\":\"PUT\",\"url\":\"/updateviews\",\"status\":\"200\",\"responseTime\":\"20.433\"}","timestamp":"2024-12-03T08:48:19.071Z"}
{"level":"\u001b[32minfo\u001b[39m","message":"{\"method\":\"GET\",\"url\":\"/likedvideos\",\"status\":\"200\",\"responseTime\":\"182.976\"}","timestamp":"2024-12-03T08:48:19.260Z"}
{"level":"\u001b[32minfo\u001b[39m","message":"{\"method\":\"GET\",\"url\":\"/video/672b2e18893d41e294fe48e4\",\"status\":\"304\",\"responseTime\":\"501.217\"}","timestamp":"2024-12-03T08:48:19.530Z"}
{"level":"\u001b[32minfo\u001b[39m","message":"{\"method\":\"PUT\",\"url\":\"/updateviews\",\"status\":\"200\",\"responseTime\":\"2.792\"}","timestamp":"2024-12-03T08:48:21.345Z"}
{"level":"\u001b[32minfo\u001b[39m","message":"{\"method\":\"GET\",\"url\":\"/likedvideos\",\"status\":\"200\",\"responseTime\":\"233.615\"}","timestamp":"2024-12-03T08:48:21.620Z"}
{"level":"\u001b[32minfo\u001b[39m","message":"{\"method\":\"GET\",\"url\":\"/video/672b2e18893d41e294fe48e4\",\"status\":\"200\",\"responseTime\":\"957.549\"}","timestamp":"2024-12-03T08:48:22.335Z"}
{"level":"\u001b[32minfo\u001b[39m","message":"{\"method\":\"PUT\",\"url\":\"/updateviews\",\"status\":\"200\",\"responseTime\":\"9.325\"}","timestamp":"2024-12-03T08:48:25.400Z"}
{"level":"\u001b[32minfo\u001b[39m","message":"{\"method\":\"GET\",\"url\":\"/likedvideos\",\"status\":\"200\",\"responseTime\":\"230.010\"}","timestamp":"2024-12-03T08:48:25.883Z"}
{"level":"\u001b[32minfo\u001b[39m","message":"{\"method\":\"GET\",\"url\":\"/video/672b2e18893d41e294fe48e4\",\"status\":\"200\",\"responseTime\":\"567.500\"}","timestamp":"2024-12-03T08:48:25.989Z"}
{"level":"\u001b[32minfo\u001b[39m","message":"{\"method\":\"PUT\",\"url\":\"/updateviews\",\"status\":\"200\",\"responseTime\":\"33.929\"}","timestamp":"2024-12-03T08:48:57.796Z"}
{"level":"\u001b[32minfo\u001b[39m","message":"{\"method\":\"GET\",\"url\":\"/likedvideos\",\"status\":\"200\",\"responseTime\":\"189.846\"}","timestamp":"2024-12-03T08:48:58.001Z"}
{"level":"\u001b[32minfo\u001b[39m","message":"{\"method\":\"GET\",\"url\":\"/video/672b2e18893d41e294fe48e4\",\"status\":\"304\",\"responseTime\":\"506.857\"}","timestamp":"2024-12-03T08:48:58.186Z"}
{"level":"\u001b[32minfo\u001b[39m","message":"{\"method\":\"PUT\",\"url\":\"/updateviews\",\"status\":\"200\",\"responseTime\":\"4.205\"}","timestamp":"2024-12-03T08:49:58.071Z"}
{"level":"\u001b[32minfo\u001b[39m","message":"{\"method\":\"GET\",\"url\":\"/likedvideos\",\"status\":\"200\",\"responseTime\":\"137.004\"}","timestamp":"2024-12-03T08:49:58.216Z"}
{"level":"\u001b[32minfo\u001b[39m","message":"{\"method\":\"GET\",\"url\":\"/video/672b2e18893d41e294fe48e4\",\"status\":\"200\",\"responseTime\":\"445.903\"}","timestamp":"2024-12-03T08:49:58.330Z"}
{"level":"\u001b[32minfo\u001b[39m","message":"{\"method\":\"PUT\",\"url\":\"/updateviews\",\"status\":\"200\",\"responseTime\":\"87.188\"}","timestamp":"2024-12-03T08:50:02.109Z"}
{"level":"\u001b[32minfo\u001b[39m","message":"{\"method\":\"GET\",\"url\":\"/likedvideos\",\"status\":\"200\",\"responseTime\":\"358.530\"}","timestamp":"2024-12-03T08:50:02.529Z"}
{"level":"\u001b[32minfo\u001b[39m","message":"{\"method\":\"GET\",\"url\":\"/video/672b2e18893d41e294fe48e4\",\"status\":\"200\",\"responseTime\":\"954.317\"}","timestamp":"2024-12-03T08:50:02.913Z"}
{"level":"\u001b[32minfo\u001b[39m","message":"{\"method\":\"PUT\",\"url\":\"/updateviews\",\"status\":\"200\",\"responseTime\":\"27.429\"}","timestamp":"2024-12-03T08:50:06.169Z"}
{"level":"\u001b[32minfo\u001b[39m","message":"{\"method\":\"GET\",\"url\":\"/likedvideos\",\"status\":\"200\",\"responseTime\":\"124.986\"}","timestamp":"2024-12-03T08:50:06.303Z"}
{"level":"\u001b[32minfo\u001b[39m","message":"{\"method\":\"GET\",\"url\":\"/video/67381e4249441b2bf62f98a0\",\"status\":\"200\",\"responseTime\":\"268.408\"}","timestamp":"2024-12-03T08:50:06.337Z"}
{"level":"\u001b[32minfo\u001b[39m","message":"{\"method\":\"PUT\",\"url\":\"/updateviews\",\"status\":\"200\",\"responseTime\":\"2.821\"}","timestamp":"2024-12-03T08:50:10.879Z"}
{"level":"\u001b[32minfo\u001b[39m","message":"{\"method\":\"GET\",\"url\":\"/likedvideos\",\"status\":\"200\",\"responseTime\":\"219.387\"}","timestamp":"2024-12-03T08:50:11.144Z"}
{"level":"\u001b[32minfo\u001b[39m","message":"{\"method\":\"GET\",\"url\":\"/video/67381e4249441b2bf62f98a0\",\"status\":\"200\",\"responseTime\":\"609.314\"}","timestamp":"2024-12-03T08:50:11.411Z"}
{"level":"\u001b[32minfo\u001b[39m","message":"{\"method\":\"PUT\",\"url\":\"/updateviews\",\"status\":\"200\",\"responseTime\":\"2.685\"}","timestamp":"2024-12-03T08:50:19.767Z"}
{"level":"\u001b[32minfo\u001b[39m","message":"{\"method\":\"GET\",\"url\":\"/likedvideos\",\"status\":\"200\",\"responseTime\":\"170.930\"}","timestamp":"2024-12-03T08:50:19.950Z"}
{"level":"\u001b[32minfo\u001b[39m","message":"{\"method\":\"GET\",\"url\":\"/video/672b2e18893d41e294fe48e4\",\"status\":\"200\",\"responseTime\":\"430.097\"}","timestamp":"2024-12-03T08:50:20.145Z"}
{"level":"\u001b[32minfo\u001b[39m","message":"{\"method\":\"GET\",\"url\":\"/videos\",\"status\":\"200\",\"responseTime\":\"341.410\"}","timestamp":"2024-12-03T08:50:36.644Z"}
{"level":"\u001b[32minfo\u001b[39m","message":"{\"method\":\"GET\",\"url\":\"/likedvideos\",\"status\":\"304\",\"responseTime\":\"684.087\"}","timestamp":"2024-12-03T08:59:25.674Z"}
{"level":"\u001b[32minfo\u001b[39m","message":"{\"method\":\"PUT\",\"url\":\"/updateviews\",\"status\":\"200\",\"responseTime\":\"7.185\"}","timestamp":"2024-12-03T08:59:27.339Z"}
{"level":"\u001b[32minfo\u001b[39m","message":"{\"method\":\"GET\",\"url\":\"/likedvideos\",\"status\":\"200\",\"responseTime\":\"208.153\"}","timestamp":"2024-12-03T08:59:27.556Z"}
{"level":"\u001b[32minfo\u001b[39m","message":"{\"method\":\"GET\",\"url\":\"/video/672b2e18893d41e294fe48e4\",\"status\":\"200\",\"responseTime\":\"467.750\"}","timestamp":"2024-12-03T08:59:27.771Z"}
{"level":"\u001b[32minfo\u001b[39m","message":"{\"method\":\"PUT\",\"url\":\"/updateviews\",\"status\":\"200\",\"responseTime\":\"7.552\"}","timestamp":"2024-12-03T08:59:36.600Z"}
{"level":"\u001b[32minfo\u001b[39m","message":"{\"method\":\"GET\",\"url\":\"/likedvideos\",\"status\":\"200\",\"responseTime\":\"285.263\"}","timestamp":"2024-12-03T08:59:36.918Z"}
{"level":"\u001b[32minfo\u001b[39m","message":"{\"method\":\"GET\",\"url\":\"/video/67381e4249441b2bf62f98a0\",\"status\":\"200\",\"responseTime\":\"586.891\"}","timestamp":"2024-12-03T08:59:37.196Z"}
{"level":"\u001b[32minfo\u001b[39m","message":"{\"method\":\"PUT\",\"url\":\"/updateviews\",\"status\":\"200\",\"responseTime\":\"5.119\"}","timestamp":"2024-12-03T08:59:52.455Z"}
{"level":"\u001b[32minfo\u001b[39m","message":"{\"method\":\"GET\",\"url\":\"/likedvideos\",\"status\":\"200\",\"responseTime\":\"227.136\"}","timestamp":"2024-12-03T08:59:52.730Z"}
{"level":"\u001b[32minfo\u001b[39m","message":"{\"method\":\"GET\",\"url\":\"/video/672b2e18893d41e294fe48e4\",\"status\":\"200\",\"responseTime\":\"471.384\"}","timestamp":"2024-12-03T08:59:52.888Z"}
{"level":"\u001b[32minfo\u001b[39m","message":"{\"method\":\"PUT\",\"url\":\"/updateviews\",\"status\":\"200\",\"responseTime\":\"6.094\"}","timestamp":"2024-12-03T08:59:55.945Z"}
{"level":"\u001b[32minfo\u001b[39m","message":"{\"method\":\"GET\",\"url\":\"/likedvideos\",\"status\":\"200\",\"responseTime\":\"188.329\"}","timestamp":"2024-12-03T08:59:56.152Z"}
{"level":"\u001b[32minfo\u001b[39m","message":"{\"method\":\"GET\",\"url\":\"/video/672b2e18893d41e294fe48e4\",\"status\":\"200\",\"responseTime\":\"465.730\"}","timestamp":"2024-12-03T08:59:56.382Z"}
{"level":"\u001b[32minfo\u001b[39m","message":"{\"method\":\"GET\",\"url\":\"/videos\",\"status\":\"200\",\"responseTime\":\"385.294\"}","timestamp":"2024-12-03T09:00:00.857Z"}
{"level":"\u001b[32minfo\u001b[39m","message":"{\"method\":\"GET\",\"url\":\"/likedvideos\",\"status\":\"304\",\"responseTime\":\"222.133\"}","timestamp":"2024-12-03T09:00:03.698Z"}
{"level":"\u001b[32minfo\u001b[39m","message":"{\"method\":\"PUT\",\"url\":\"/updateviews\",\"status\":\"200\",\"responseTime\":\"2.715\"}","timestamp":"2024-12-03T09:00:09.711Z"}
{"level":"\u001b[32minfo\u001b[39m","message":"{\"method\":\"GET\",\"url\":\"/likedvideos\",\"status\":\"200\",\"responseTime\":\"219.164\"}","timestamp":"2024-12-03T09:00:09.937Z"}
{"level":"\u001b[32minfo\u001b[39m","message":"{\"method\":\"GET\",\"url\":\"/video/672b2e18893d41e294fe48e4\",\"status\":\"200\",\"responseTime\":\"548.148\"}","timestamp":"2024-12-03T09:00:10.231Z"}
{"level":"\u001b[32minfo\u001b[39m","message":"{\"method\":\"POST\",\"url\":\"/unlike\",\"status\":\"200\",\"responseTime\":\"114.117\"}","timestamp":"2024-12-03T09:00:11.692Z"}
{"level":"\u001b[32minfo\u001b[39m","message":"{\"method\":\"GET\",\"url\":\"/likedvideos\",\"status\":\"200\",\"responseTime\":\"313.089\"}","timestamp":"2024-12-03T09:00:15.262Z"}
{"level":"\u001b[32minfo\u001b[39m","message":"{\"method\":\"PUT\",\"url\":\"/updateviews\",\"status\":\"200\",\"responseTime\":\"4.204\"}","timestamp":"2024-12-03T09:00:18.608Z"}
{"level":"\u001b[32minfo\u001b[39m","message":"{\"method\":\"GET\",\"url\":\"/likedvideos\",\"status\":\"200\",\"responseTime\":\"172.797\"}","timestamp":"2024-12-03T09:00:18.797Z"}
{"level":"\u001b[32minfo\u001b[39m","message":"{\"method\":\"GET\",\"url\":\"/video/6741c6d61ca725a624d8341f\",\"status\":\"304\",\"responseTime\":\"373.351\"}","timestamp":"2024-12-03T09:00:18.989Z"}
{"level":"\u001b[32minfo\u001b[39m","message":"{\"method\":\"GET\",\"url\":\"/videos\",\"status\":\"200\",\"responseTime\":\"478.723\"}","timestamp":"2024-12-03T09:00:23.340Z"}
{"level":"\u001b[32minfo\u001b[39m","message":"{\"method\":\"GET\",\"url\":\"/likedvideos\",\"status\":\"304\",\"responseTime\":\"143.348\"}","timestamp":"2024-12-03T09:00:26.236Z"}
{"level":"\u001b[32minfo\u001b[39m","message":"{\"method\":\"GET\",\"url\":\"/likedvideos\",\"status\":\"304\",\"responseTime\":\"174.250\"}","timestamp":"2024-12-03T09:00:48.232Z"}
{"level":"\u001b[32minfo\u001b[39m","message":"{\"method\":\"GET\",\"url\":\"/videos\",\"status\":\"304\",\"responseTime\":\"308.051\"}","timestamp":"2024-12-03T09:06:05.977Z"}
{"level":"\u001b[32minfo\u001b[39m","message":"{\"method\":\"GET\",\"url\":\"/likedvideos\",\"status\":\"304\",\"responseTime\":\"145.689\"}","timestamp":"2024-12-03T09:06:19.929Z"}
{"level":"\u001b[32minfo\u001b[39m","message":"{\"method\":\"PUT\",\"url\":\"/updateviews\",\"status\":\"200\",\"responseTime\":\"5.093\"}","timestamp":"2024-12-03T09:06:22.413Z"}
{"level":"\u001b[32minfo\u001b[39m","message":"{\"method\":\"GET\",\"url\":\"/likedvideos\",\"status\":\"200\",\"responseTime\":\"151.455\"}","timestamp":"2024-12-03T09:06:22.609Z"}
{"level":"\u001b[32minfo\u001b[39m","message":"{\"method\":\"GET\",\"url\":\"/video/6741c6d61ca725a624d8341f\",\"status\":\"200\",\"responseTime\":\"344.627\"}","timestamp":"2024-12-03T09:06:22.715Z"}
{"level":"\u001b[32minfo\u001b[39m","message":"{\"method\":\"GET\",\"url\":\"/videos\",\"status\":\"200\",\"responseTime\":\"437.430\"}","timestamp":"2024-12-03T09:06:28.674Z"}
{"level":"\u001b[32minfo\u001b[39m","message":"{\"method\":\"GET\",\"url\":\"/likedvideos\",\"status\":\"304\",\"responseTime\":\"129.195\"}","timestamp":"2024-12-03T09:06:38.403Z"}
{"level":"\u001b[32minfo\u001b[39m","message":"{\"method\":\"PUT\",\"url\":\"/updateviews\",\"status\":\"200\",\"responseTime\":\"3.813\"}","timestamp":"2024-12-03T09:06:39.633Z"}
{"level":"\u001b[32minfo\u001b[39m","message":"{\"method\":\"GET\",\"url\":\"/likedvideos\",\"status\":\"200\",\"responseTime\":\"131.452\"}","timestamp":"2024-12-03T09:06:39.773Z"}
{"level":"\u001b[32minfo\u001b[39m","message":"{\"method\":\"GET\",\"url\":\"/video/67381e4249441b2bf62f98a0\",\"status\":\"304\",\"responseTime\":\"264.736\"}","timestamp":"2024-12-03T09:06:39.884Z"}
{"level":"\u001b[32minfo\u001b[39m","message":"{\"method\":\"PUT\",\"url\":\"/updateviews\",\"status\":\"200\",\"responseTime\":\"2.936\"}","timestamp":"2024-12-03T09:06:53.060Z"}
{"level":"\u001b[32minfo\u001b[39m","message":"{\"method\":\"GET\",\"url\":\"/likedvideos\",\"status\":\"200\",\"responseTime\":\"196.844\"}","timestamp":"2024-12-03T09:06:53.276Z"}
{"level":"\u001b[32minfo\u001b[39m","message":"{\"method\":\"GET\",\"url\":\"/video/67381e4249441b2bf62f98a0\",\"status\":\"200\",\"responseTime\":\"481.024\"}","timestamp":"2024-12-03T09:06:53.496Z"}
{"level":"\u001b[32minfo\u001b[39m","message":"{\"method\":\"GET\",\"url\":\"/videos\",\"status\":\"200\",\"responseTime\":\"380.594\"}","timestamp":"2024-12-03T09:07:00.151Z"}
{"level":"\u001b[32minfo\u001b[39m","message":"{\"method\":\"PUT\",\"url\":\"/updateviews\",\"status\":\"200\",\"responseTime\":\"3.105\"}","timestamp":"2024-12-03T09:07:10.227Z"}
{"level":"\u001b[32minfo\u001b[39m","message":"{\"method\":\"GET\",\"url\":\"/fetchOther/673f2d9fae355142ad5a8a32\",\"status\":\"200\",\"responseTime\":\"76.402\"}","timestamp":"2024-12-03T09:07:10.327Z"}
{"level":"\u001b[32minfo\u001b[39m","message":"{\"method\":\"GET\",\"url\":\"/video/673f2d9fae355142ad5a8a32\",\"status\":\"200\",\"responseTime\":\"371.365\"}","timestamp":"2024-12-03T09:07:10.581Z"}
{"level":"\u001b[32minfo\u001b[39m","message":"{\"method\":\"GET\",\"url\":\"/videos\",\"status\":\"200\",\"responseTime\":\"311.987\"}","timestamp":"2024-12-03T09:07:30.155Z"}
{"level":"\u001b[32minfo\u001b[39m","message":"{\"method\":\"GET\",\"url\":\"/likedvideos\",\"status\":\"304\",\"responseTime\":\"166.722\"}","timestamp":"2024-12-03T09:07:34.994Z"}
{"level":"\u001b[32minfo\u001b[39m","message":"{\"method\":\"GET\",\"url\":\"/videos\",\"status\":\"304\",\"responseTime\":\"251.914\"}","timestamp":"2024-12-03T09:07:54.557Z"}
{"level":"\u001b[32minfo\u001b[39m","message":"{\"method\":\"PUT\",\"url\":\"/updateviews\",\"status\":\"200\",\"responseTime\":\"3.501\"}","timestamp":"2024-12-03T09:07:57.625Z"}
{"level":"\u001b[32minfo\u001b[39m","message":"{\"method\":\"GET\",\"url\":\"/fetchOther/673f2e9fae355142ad5a8a3b\",\"status\":\"200\",\"responseTime\":\"104.953\"}","timestamp":"2024-12-03T09:07:57.737Z"}
{"level":"\u001b[32minfo\u001b[39m","message":"{\"method\":\"GET\",\"url\":\"/video/673f2e9fae355142ad5a8a3b\",\"status\":\"200\",\"responseTime\":\"339.419\"}","timestamp":"2024-12-03T09:07:57.930Z"}
{"level":"\u001b[32minfo\u001b[39m","message":"{\"method\":\"GET\",\"url\":\"/videos\",\"status\":\"200\",\"responseTime\":\"348.572\"}","timestamp":"2024-12-03T09:08:01.090Z"}
{"level":"\u001b[32minfo\u001b[39m","message":"{\"method\":\"PUT\",\"url\":\"/updateviews\",\"status\":\"200\",\"responseTime\":\"3.715\"}","timestamp":"2024-12-03T09:08:03.928Z"}
{"level":"\u001b[32minfo\u001b[39m","message":"{\"method\":\"GET\",\"url\":\"/fetchOther/673f3978ae355142ad5a8a6a\",\"status\":\"200\",\"responseTime\":\"86.770\"}","timestamp":"2024-12-03T09:08:04.023Z"}
{"level":"\u001b[32minfo\u001b[39m","message":"{\"method\":\"GET\",\"url\":\"/video/673f3978ae355142ad5a8a6a\",\"status\":\"200\",\"responseTime\":\"436.056\"}","timestamp":"2024-12-03T09:08:04.325Z"}
{"level":"\u001b[32minfo\u001b[39m","message":"{\"method\":\"POST\",\"url\":\"/likevideo\",\"status\":\"200\",\"responseTime\":\"238.261\"}","timestamp":"2024-12-03T09:08:06.242Z"}
{"level":"\u001b[32minfo\u001b[39m","message":"{\"method\":\"GET\",\"url\":\"/videos\",\"status\":\"200\",\"responseTime\":\"467.934\"}","timestamp":"2024-12-03T09:08:10.146Z"}
{"level":"\u001b[32minfo\u001b[39m","message":"{\"method\":\"GET\",\"url\":\"/likedvideos\",\"status\":\"200\",\"responseTime\":\"203.870\"}","timestamp":"2024-12-03T09:08:12.248Z"}
{"level":"\u001b[32minfo\u001b[39m","message":"{\"method\":\"PUT\",\"url\":\"/updateviews\",\"status\":\"200\",\"responseTime\":\"2.960\"}","timestamp":"2024-12-03T09:08:14.819Z"}
{"level":"\u001b[32minfo\u001b[39m","message":"{\"method\":\"GET\",\"url\":\"/likedvideos\",\"status\":\"200\",\"responseTime\":\"239.596\"}","timestamp":"2024-12-03T09:08:15.080Z"}
{"level":"\u001b[32minfo\u001b[39m","message":"{\"method\":\"GET\",\"url\":\"/video/673f3978ae355142ad5a8a6a\",\"status\":\"200\",\"responseTime\":\"667.835\"}","timestamp":"2024-12-03T09:08:15.478Z"}
{"level":"\u001b[32minfo\u001b[39m","message":"{\"method\":\"GET\",\"url\":\"/likedvideos\",\"status\":\"304\",\"responseTime\":\"256.804\"}","timestamp":"2024-12-03T09:08:25.569Z"}
{"level":"\u001b[32minfo\u001b[39m","message":"{\"method\":\"GET\",\"url\":\"/videos\",\"status\":\"200\",\"responseTime\":\"271.873\"}","timestamp":"2024-12-03T09:08:49.763Z"}
{"level":"\u001b[32minfo\u001b[39m","message":"{\"method\":\"GET\",\"url\":\"/likedvideos\",\"status\":\"304\",\"responseTime\":\"158.275\"}","timestamp":"2024-12-03T09:09:03.742Z"}
{"level":"\u001b[32minfo\u001b[39m","message":"{\"method\":\"PUT\",\"url\":\"/updateviews\",\"status\":\"200\",\"responseTime\":\"3.231\"}","timestamp":"2024-12-03T09:09:09.400Z"}
{"level":"\u001b[32minfo\u001b[39m","message":"{\"method\":\"GET\",\"url\":\"/likedvideos\",\"status\":\"200\",\"responseTime\":\"169.996\"}","timestamp":"2024-12-03T09:09:09.578Z"}
{"level":"\u001b[32minfo\u001b[39m","message":"{\"method\":\"GET\",\"url\":\"/video/6741c6d61ca725a624d8341f\",\"status\":\"200\",\"responseTime\":\"325.353\"}","timestamp":"2024-12-03T09:09:09.698Z"}
{"level":"\u001b[32minfo\u001b[39m","message":"{\"method\":\"PUT\",\"url\":\"/updateviews\",\"status\":\"200\",\"responseTime\":\"3.038\"}","timestamp":"2024-12-03T09:09:17.004Z"}
{"level":"\u001b[32minfo\u001b[39m","message":"{\"method\":\"GET\",\"url\":\"/likedvideos\",\"status\":\"200\",\"responseTime\":\"132.740\"}","timestamp":"2024-12-03T09:09:17.150Z"}
{"level":"\u001b[32minfo\u001b[39m","message":"{\"method\":\"GET\",\"url\":\"/video/6741c6d61ca725a624d8341f\",\"status\":\"200\",\"responseTime\":\"324.726\"}","timestamp":"2024-12-03T09:09:17.278Z"}
{"level":"\u001b[32minfo\u001b[39m","message":"{\"method\":\"GET\",\"url\":\"/likedvideos\",\"status\":\"304\",\"responseTime\":\"173.716\"}","timestamp":"2024-12-03T09:09:20.808Z"}
{"level":"\u001b[32minfo\u001b[39m","message":"{\"method\":\"PUT\",\"url\":\"/updateviews\",\"status\":\"200\",\"responseTime\":\"3.740\"}","timestamp":"2024-12-03T09:09:22.431Z"}
{"level":"\u001b[32minfo\u001b[39m","message":"{\"method\":\"GET\",\"url\":\"/likedvideos\",\"status\":\"200\",\"responseTime\":\"199.170\"}","timestamp":"2024-12-03T09:09:22.638Z"}
{"level":"\u001b[32minfo\u001b[39m","message":"{\"method\":\"GET\",\"url\":\"/video/673f3978ae355142ad5a8a6a\",\"status\":\"304\",\"responseTime\":\"588.061\"}","timestamp":"2024-12-03T09:09:23.002Z"}
{"level":"\u001b[32minfo\u001b[39m","message":"{\"method\":\"PUT\",\"url\":\"/updateviews\",\"status\":\"200\",\"responseTime\":\"3.191\"}","timestamp":"2024-12-03T09:09:31.749Z"}
{"level":"\u001b[32minfo\u001b[39m","message":"{\"method\":\"GET\",\"url\":\"/likedvideos\",\"status\":\"200\",\"responseTime\":\"223.741\"}","timestamp":"2024-12-03T09:09:31.979Z"}
{"level":"\u001b[32minfo\u001b[39m","message":"{\"method\":\"GET\",\"url\":\"/video/67381e4249441b2bf62f98a0\",\"status\":\"200\",\"responseTime\":\"485.242\"}","timestamp":"2024-12-03T09:09:32.202Z"}
{"level":"\u001b[32minfo\u001b[39m","message":"{\"method\":\"PUT\",\"url\":\"/updateviews\",\"status\":\"200\",\"responseTime\":\"3.640\"}","timestamp":"2024-12-03T09:09:34.502Z"}
{"level":"\u001b[32minfo\u001b[39m","message":"{\"method\":\"GET\",\"url\":\"/likedvideos\",\"status\":\"200\",\"responseTime\":\"371.265\"}","timestamp":"2024-12-03T09:09:34.883Z"}
{"level":"\u001b[32minfo\u001b[39m","message":"{\"method\":\"GET\",\"url\":\"/video/673f2e9fae355142ad5a8a3b\",\"status\":\"200\",\"responseTime\":\"815.835\"}","timestamp":"2024-12-03T09:09:35.282Z"}
{"level":"\u001b[32minfo\u001b[39m","message":"{\"method\":\"PUT\",\"url\":\"/updateviews\",\"status\":\"200\",\"responseTime\":\"3.319\"}","timestamp":"2024-12-03T09:09:37.489Z"}
{"level":"\u001b[32minfo\u001b[39m","message":"{\"method\":\"GET\",\"url\":\"/likedvideos\",\"status\":\"200\",\"responseTime\":\"195.042\"}","timestamp":"2024-12-03T09:09:37.695Z"}
{"level":"\u001b[32minfo\u001b[39m","message":"{\"method\":\"GET\",\"url\":\"/video/673f3978ae355142ad5a8a6a\",\"status\":\"200\",\"responseTime\":\"451.449\"}","timestamp":"2024-12-03T09:09:37.872Z"}
{"level":"\u001b[32minfo\u001b[39m","message":"{\"method\":\"PUT\",\"url\":\"/updateviews\",\"status\":\"200\",\"responseTime\":\"2.916\"}","timestamp":"2024-12-03T09:09:40.963Z"}
{"level":"\u001b[32minfo\u001b[39m","message":"{\"method\":\"GET\",\"url\":\"/likedvideos\",\"status\":\"200\",\"responseTime\":\"251.933\"}","timestamp":"2024-12-03T09:09:41.220Z"}
{"level":"\u001b[32minfo\u001b[39m","message":"{\"method\":\"GET\",\"url\":\"/video/673f3978ae355142ad5a8a6a\",\"status\":\"200\",\"responseTime\":\"423.586\"}","timestamp":"2024-12-03T09:09:41.353Z"}
{"level":"\u001b[32minfo\u001b[39m","message":"{\"method\":\"PUT\",\"url\":\"/updateviews\",\"status\":\"200\",\"responseTime\":\"3.474\"}","timestamp":"2024-12-03T09:09:43.895Z"}
{"level":"\u001b[32minfo\u001b[39m","message":"{\"method\":\"GET\",\"url\":\"/likedvideos\",\"status\":\"200\",\"responseTime\":\"293.198\"}","timestamp":"2024-12-03T09:09:44.193Z"}
{"level":"\u001b[32minfo\u001b[39m","message":"{\"method\":\"GET\",\"url\":\"/video/673f3978ae355142ad5a8a6a\",\"status\":\"200\",\"responseTime\":\"519.077\"}","timestamp":"2024-12-03T09:09:44.387Z"}
{"level":"\u001b[32minfo\u001b[39m","message":"{\"method\":\"PUT\",\"url\":\"/updateviews\",\"status\":\"200\",\"responseTime\":\"2.982\"}","timestamp":"2024-12-03T09:09:46.294Z"}
{"level":"\u001b[32minfo\u001b[39m","message":"{\"method\":\"GET\",\"url\":\"/likedvideos\",\"status\":\"200\",\"responseTime\":\"231.799\"}","timestamp":"2024-12-03T09:09:46.558Z"}
{"level":"\u001b[32minfo\u001b[39m","message":"{\"method\":\"GET\",\"url\":\"/video/6741c6d61ca725a624d8341f\",\"status\":\"200\",\"responseTime\":\"596.912\"}","timestamp":"2024-12-03T09:09:46.863Z"}
{"level":"\u001b[32minfo\u001b[39m","message":"{\"method\":\"GET\",\"url\":\"/videos\",\"status\":\"200\",\"responseTime\":\"384.650\"}","timestamp":"2024-12-03T09:09:50.932Z"}
{"level":"\u001b[32minfo\u001b[39m","message":"{\"method\":\"GET\",\"url\":\"/videos\",\"status\":\"304\",\"responseTime\":\"324.151\"}","timestamp":"2024-12-03T09:15:33.692Z"}
{"level":"\u001b[32minfo\u001b[39m","message":"{\"method\":\"GET\",\"url\":\"/videos\",\"status\":\"304\",\"responseTime\":\"321.984\"}","timestamp":"2024-12-03T09:15:58.578Z"}
{"level":"\u001b[32minfo\u001b[39m","message":"{\"method\":\"GET\",\"url\":\"/videos\",\"status\":\"304\",\"responseTime\":\"892.841\"}","timestamp":"2024-12-03T09:16:06.752Z"}
{"level":"\u001b[32minfo\u001b[39m","message":"{\"method\":\"GET\",\"url\":\"/videos\",\"status\":\"200\",\"responseTime\":\"618.189\"}","timestamp":"2024-12-03T09:16:08.177Z"}
{"level":"\u001b[32minfo\u001b[39m","message":"{\"method\":\"GET\",\"url\":\"/videos\",\"status\":\"200\",\"responseTime\":\"372.292\"}","timestamp":"2024-12-03T09:16:09.055Z"}
{"level":"\u001b[32minfo\u001b[39m","message":"{\"method\":\"GET\",\"url\":\"/videos\",\"status\":\"304\",\"responseTime\":\"383.556\"}","timestamp":"2024-12-03T09:16:18.260Z"}
{"level":"\u001b[32minfo\u001b[39m","message":"{\"method\":\"GET\",\"url\":\"/videos\",\"status\":\"304\",\"responseTime\":\"295.766\"}","timestamp":"2024-12-03T09:16:24.404Z"}
{"level":"\u001b[32minfo\u001b[39m","message":"{\"method\":\"GET\",\"url\":\"/videos\",\"status\":\"304\",\"responseTime\":\"284.069\"}","timestamp":"2024-12-03T09:16:41.487Z"}
{"level":"\u001b[32minfo\u001b[39m","message":"{\"method\":\"GET\",\"url\":\"/likedvideos\",\"status\":\"304\",\"responseTime\":\"179.004\"}","timestamp":"2024-12-03T09:16:44.274Z"}
{"level":"\u001b[32minfo\u001b[39m","message":"{\"method\":\"GET\",\"url\":\"/videos\",\"status\":\"304\",\"responseTime\":\"360.105\"}","timestamp":"2024-12-03T09:16:54.728Z"}
{"level":"\u001b[32minfo\u001b[39m","message":"{\"method\":\"GET\",\"url\":\"/videos\",\"status\":\"304\",\"responseTime\":\"265.368\"}","timestamp":"2024-12-03T09:18:28.274Z"}
{"level":"\u001b[32minfo\u001b[39m","message":"{\"method\":\"GET\",\"url\":\"/videos\",\"status\":\"304\",\"responseTime\":\"254.558\"}","timestamp":"2024-12-03T09:18:42.943Z"}
{"level":"\u001b[32minfo\u001b[39m","message":"{\"method\":\"GET\",\"url\":\"/videos\",\"status\":\"304\",\"responseTime\":\"285.898\"}","timestamp":"2024-12-03T09:18:53.679Z"}
{"level":"\u001b[32minfo\u001b[39m","message":"{\"method\":\"GET\",\"url\":\"/topfive\",\"status\":\"200\",\"responseTime\":\"76.300\"}","timestamp":"2024-12-03T09:19:11.313Z"}
{"level":"\u001b[32minfo\u001b[39m","message":"{\"method\":\"GET\",\"url\":\"/videos\",\"status\":\"304\",\"responseTime\":\"268.728\"}","timestamp":"2024-12-03T09:21:06.015Z"}
{"level":"\u001b[32minfo\u001b[39m","message":"{\"method\":\"GET\",\"url\":\"/videos\",\"status\":\"304\",\"responseTime\":\"234.958\"}","timestamp":"2024-12-03T09:21:17.625Z"}
{"level":"\u001b[32minfo\u001b[39m","message":"{\"method\":\"GET\",\"url\":\"/videos\",\"status\":\"304\",\"responseTime\":\"363.532\"}","timestamp":"2024-12-03T09:21:19.493Z"}
{"level":"\u001b[32minfo\u001b[39m","message":"{\"method\":\"GET\",\"url\":\"/videos\",\"status\":\"304\",\"responseTime\":\"307.753\"}","timestamp":"2024-12-03T09:21:20.594Z"}
{"level":"\u001b[32minfo\u001b[39m","message":"{\"method\":\"GET\",\"url\":\"/videos\",\"status\":\"304\",\"responseTime\":\"220.233\"}","timestamp":"2024-12-03T09:21:21.808Z"}
{"level":"\u001b[32minfo\u001b[39m","message":"{\"method\":\"GET\",\"url\":\"/videos\",\"status\":\"304\",\"responseTime\":\"232.871\"}","timestamp":"2024-12-03T09:21:31.611Z"}
{"level":"\u001b[32minfo\u001b[39m","message":"{\"method\":\"GET\",\"url\":\"/videos\",\"status\":\"304\",\"responseTime\":\"272.929\"}","timestamp":"2024-12-03T09:21:49.727Z"}
{"level":"\u001b[32minfo\u001b[39m","message":"{\"method\":\"GET\",\"url\":\"/videos\",\"status\":\"304\",\"responseTime\":\"319.642\"}","timestamp":"2024-12-03T09:25:55.226Z"}
{"level":"\u001b[32minfo\u001b[39m","message":"{\"method\":\"GET\",\"url\":\"/videos\",\"status\":\"304\",\"responseTime\":\"1503.468\"}","timestamp":"2024-12-03T11:13:20.740Z"}
{"level":"\u001b[32minfo\u001b[39m","message":"{\"method\":\"GET\",\"url\":\"/videos\",\"status\":\"304\",\"responseTime\":\"3378.621\"}","timestamp":"2024-12-03T11:13:24.606Z"}
{"level":"\u001b[32minfo\u001b[39m","message":"{\"method\":\"GET\",\"url\":\"/videos\",\"status\":\"304\",\"responseTime\":\"581.316\"}","timestamp":"2024-12-03T11:13:41.563Z"}
{"level":"\u001b[32minfo\u001b[39m","message":"{\"method\":\"GET\",\"url\":\"/videos\",\"status\":\"304\",\"responseTime\":\"462.147\"}","timestamp":"2024-12-03T11:15:28.801Z"}
{"level":"\u001b[32minfo\u001b[39m","message":"{\"method\":\"GET\",\"url\":\"/videos\",\"status\":\"304\",\"responseTime\":\"409.742\"}","timestamp":"2024-12-03T11:16:15.499Z"}
{"level":"\u001b[32minfo\u001b[39m","message":"{\"method\":\"GET\",\"url\":\"/likedvideos\",\"status\":\"200\",\"responseTime\":\"158.679\"}","timestamp":"2024-12-03T11:18:45.853Z"}
{"level":"\u001b[32minfo\u001b[39m","message":"{\"method\":\"GET\",\"url\":\"/likedvideos\",\"status\":\"304\",\"responseTime\":\"466.109\"}","timestamp":"2024-12-03T11:18:55.653Z"}
{"level":"\u001b[32minfo\u001b[39m","message":"{\"method\":\"GET\",\"url\":\"/videos\",\"status\":\"304\",\"responseTime\":\"541.382\"}","timestamp":"2024-12-03T11:20:00.368Z"}
{"level":"\u001b[32minfo\u001b[39m","message":"{\"method\":\"GET\",\"url\":\"/likedvideos\",\"status\":\"304\",\"responseTime\":\"300.797\"}","timestamp":"2024-12-03T11:20:02.091Z"}
{"level":"\u001b[32minfo\u001b[39m","message":"{\"method\":\"GET\",\"url\":\"/videos\",\"status\":\"304\",\"responseTime\":\"255.063\"}","timestamp":"2024-12-03T11:20:27.129Z"}
{"level":"\u001b[32minfo\u001b[39m","message":"{\"method\":\"PUT\",\"url\":\"/updateviews\",\"status\":\"200\",\"responseTime\":\"7.074\"}","timestamp":"2024-12-03T11:20:28.875Z"}
{"level":"\u001b[32minfo\u001b[39m","message":"{\"method\":\"GET\",\"url\":\"/fetchOther/672e1534117f6a35f37b690e\",\"status\":\"200\",\"responseTime\":\"62.129\"}","timestamp":"2024-12-03T11:20:28.988Z"}
{"level":"\u001b[32minfo\u001b[39m","message":"{\"method\":\"GET\",\"url\":\"/video/672e1534117f6a35f37b690e\",\"status\":\"200\",\"responseTime\":\"1308.927\"}","timestamp":"2024-12-03T11:20:29.840Z"}
{"level":"\u001b[32minfo\u001b[39m","message":"{\"method\":\"GET\",\"url\":\"/videos\",\"status\":\"200\",\"responseTime\":\"389.211\"}","timestamp":"2024-12-03T11:20:32.896Z"}
{"level":"\u001b[32minfo\u001b[39m","message":"{\"method\":\"PUT\",\"url\":\"/updateviews\",\"status\":\"200\",\"responseTime\":\"4.719\"}","timestamp":"2024-12-03T11:20:34.450Z"}
{"level":"\u001b[32minfo\u001b[39m","message":"{\"method\":\"GET\",\"url\":\"/video/673f3288ae355142ad5a8a4b\",\"status\":\"200\",\"responseTime\":\"312.369\"}","timestamp":"2024-12-03T11:20:34.716Z"}
{"level":"\u001b[32minfo\u001b[39m","message":"{\"method\":\"GET\",\"url\":\"/fetchOther/673f3288ae355142ad5a8a4b\",\"status\":\"200\",\"responseTime\":\"390.985\"}","timestamp":"2024-12-03T11:20:34.859Z"}
{"level":"\u001b[32minfo\u001b[39m","message":"{\"method\":\"GET\",\"url\":\"/videos\",\"status\":\"200\",\"responseTime\":\"267.467\"}","timestamp":"2024-12-03T11:20:37.512Z"}
{"level":"\u001b[32minfo\u001b[39m","message":"{\"method\":\"PUT\",\"url\":\"/updateviews\",\"status\":\"200\",\"responseTime\":\"3.587\"}","timestamp":"2024-12-03T11:20:39.692Z"}
{"level":"\u001b[32minfo\u001b[39m","message":"{\"method\":\"GET\",\"url\":\"/fetchOther/6741c6d61ca725a624d8341f\",\"status\":\"200\",\"responseTime\":\"99.408\"}","timestamp":"2024-12-03T11:20:39.813Z"}
{"level":"\u001b[32minfo\u001b[39m","message":"{\"method\":\"GET\",\"url\":\"/video/6741c6d61ca725a624d8341f\",\"status\":\"200\",\"responseTime\":\"506.615\"}","timestamp":"2024-12-03T11:20:40.190Z"}
{"level":"\u001b[32minfo\u001b[39m","message":"{\"method\":\"POST\",\"url\":\"/likevideo\",\"status\":\"200\",\"responseTime\":\"11.659\"}","timestamp":"2024-12-03T11:20:51.519Z"}
{"level":"\u001b[32minfo\u001b[39m","message":"{\"method\":\"GET\",\"url\":\"/videos\",\"status\":\"200\",\"responseTime\":\"369.713\"}","timestamp":"2024-12-03T11:20:53.370Z"}
{"level":"\u001b[32minfo\u001b[39m","message":"{\"method\":\"GET\",\"url\":\"/likedvideos\",\"status\":\"200\",\"responseTime\":\"230.800\"}","timestamp":"2024-12-03T11:20:54.934Z"}
{"level":"\u001b[32minfo\u001b[39m","message":"{\"method\":\"PUT\",\"url\":\"/updateviews\",\"status\":\"200\",\"responseTime\":\"7.238\"}","timestamp":"2024-12-03T11:20:59.180Z"}
{"level":"\u001b[32minfo\u001b[39m","message":"{\"method\":\"GET\",\"url\":\"/likedvideos\",\"status\":\"200\",\"responseTime\":\"562.377\"}","timestamp":"2024-12-03T11:20:59.857Z"}
{"level":"\u001b[32minfo\u001b[39m","message":"{\"method\":\"GET\",\"url\":\"/video/6741c6d61ca725a624d8341f\",\"status\":\"200\",\"responseTime\":\"702.074\"}","timestamp":"2024-12-03T11:20:59.867Z"}
{"level":"\u001b[32minfo\u001b[39m","message":"{\"method\":\"GET\",\"url\":\"/videos\",\"status\":\"200\",\"responseTime\":\"370.154\"}","timestamp":"2024-12-03T11:21:19.781Z"}
{"level":"\u001b[32minfo\u001b[39m","message":"{\"method\":\"GET\",\"url\":\"/videos\",\"status\":\"304\",\"responseTime\":\"745.611\"}","timestamp":"2024-12-03T11:48:19.328Z"}
{"level":"\u001b[32minfo\u001b[39m","message":"{\"method\":\"GET\",\"url\":\"/videos\",\"status\":\"304\",\"responseTime\":\"401.243\"}","timestamp":"2024-12-03T11:49:14.721Z"}
