{"level":"\u001b[32minfo\u001b[39m","message":"{\"method\":\"GET\",\"url\":\"/videos\",\"status\":\"304\",\"responseTime\":\"411.404\"}","timestamp":"2024-11-30T03:13:24.636Z"}
{"level":"\u001b[32minfo\u001b[39m","message":"{\"method\":\"PUT\",\"url\":\"/updateviews\",\"status\":\"200\",\"responseTime\":\"11.585\"}","timestamp":"2024-11-30T03:13:30.761Z"}
{"level":"\u001b[32minfo\u001b[39m","message":"{\"method\":\"GET\",\"url\":\"/fetchOther/672b2639467bb75f87c5f750\",\"status\":\"200\",\"responseTime\":\"77.308\"}","timestamp":"2024-11-30T03:13:30.899Z"}
{"level":"\u001b[32minfo\u001b[39m","message":"{\"method\":\"GET\",\"url\":\"/video/672b2639467bb75f87c5f750\",\"status\":\"200\",\"responseTime\":\"610.935\"}","timestamp":"2024-11-30T03:13:31.052Z"}
{"level":"\u001b[32minfo\u001b[39m","message":"{\"method\":\"GET\",\"url\":\"/videos\",\"status\":\"200\",\"responseTime\":\"387.736\"}","timestamp":"2024-11-30T03:42:10.910Z"}
{"level":"\u001b[32minfo\u001b[39m","message":"{\"method\":\"PUT\",\"url\":\"/updateviews\",\"status\":\"200\",\"responseTime\":\"20.895\"}","timestamp":"2024-11-30T03:42:12.691Z"}
{"level":"\u001b[32minfo\u001b[39m","message":"{\"method\":\"GET\",\"url\":\"/video/672b2639467bb75f87c5f750\",\"status\":\"200\",\"responseTime\":\"318.278\"}","timestamp":"2024-11-30T03:42:12.960Z"}
{"level":"\u001b[32minfo\u001b[39m","message":"{\"method\":\"GET\",\"url\":\"/fetchOther/672b2639467bb75f87c5f750\",\"status\":\"304\",\"responseTime\":\"485.025\"}","timestamp":"2024-11-30T03:42:13.184Z"}
{"level":"\u001b[32minfo\u001b[39m","message":"{\"method\":\"PUT\",\"url\":\"/updateviews\",\"status\":\"200\",\"responseTime\":\"29.081\"}","timestamp":"2024-11-30T04:50:39.059Z"}
{"level":"\u001b[32minfo\u001b[39m","message":"{\"method\":\"PUT\",\"url\":\"/updateviews\",\"status\":\"200\",\"responseTime\":\"5.602\"}","timestamp":"2024-11-30T05:03:29.668Z"}
{"level":"\u001b[32minfo\u001b[39m","message":"{\"method\":\"GET\",\"url\":\"/fetchOther/672b2639467bb75f87c5f750\",\"status\":\"304\",\"responseTime\":\"814.260\"}","timestamp":"2024-11-30T05:03:30.501Z"}
{"level":"\u001b[32minfo\u001b[39m","message":"{\"method\":\"GET\",\"url\":\"/video/672b2639467bb75f87c5f750\",\"status\":\"200\",\"responseTime\":\"1443.597\"}","timestamp":"2024-11-30T05:03:31.070Z"}
{"level":"\u001b[32minfo\u001b[39m","message":"{\"method\":\"PUT\",\"url\":\"/updateviews\",\"status\":\"200\",\"responseTime\":\"2.410\"}","timestamp":"2024-11-30T05:04:23.872Z"}
{"level":"\u001b[32minfo\u001b[39m","message":"{\"method\":\"GET\",\"url\":\"/fetchOther/672b2639467bb75f87c5f750\",\"status\":\"304\",\"responseTime\":\"61.744\"}","timestamp":"2024-11-30T05:04:23.945Z"}
{"level":"\u001b[32minfo\u001b[39m","message":"{\"method\":\"GET\",\"url\":\"/video/672b2639467bb75f87c5f750\",\"status\":\"200\",\"responseTime\":\"207.343\"}","timestamp":"2024-11-30T05:04:24.029Z"}
{"level":"\u001b[32minfo\u001b[39m","message":"{\"method\":\"GET\",\"url\":\"/socket.io/?EIO=4&transport=polling&t=pmt90iep\",\"status\":\"404\",\"responseTime\":\"3.093\"}","timestamp":"2024-11-30T05:06:34.058Z"}
{"level":"\u001b[32minfo\u001b[39m","message":"{\"method\":\"GET\",\"url\":\"/socket.io/?EIO=4&transport=polling&t=pmyng6ec\",\"status\":\"404\",\"responseTime\":\"0.948\"}","timestamp":"2024-11-30T05:06:40.915Z"}
{"level":"\u001b[32minfo\u001b[39m","message":"{\"method\":\"GET\",\"url\":\"/socket.io/?EIO=4&transport=polling&t=pn424ubk\",\"status\":\"404\",\"responseTime\":\"0.682\"}","timestamp":"2024-11-30T05:06:47.061Z"}
{"level":"\u001b[32minfo\u001b[39m","message":"{\"method\":\"GET\",\"url\":\"/socket.io/?EIO=4&transport=polling&t=pn8owglw\",\"status\":\"404\",\"responseTime\":\"0.723\"}","timestamp":"2024-11-30T05:06:52.806Z"}
{"level":"\u001b[32minfo\u001b[39m","message":"{\"method\":\"GET\",\"url\":\"/socket.io/?EIO=4&transport=polling&t=pndb7hu7\",\"status\":\"404\",\"responseTime\":\"0.524\"}","timestamp":"2024-11-30T05:06:58.728Z"}
{"level":"\u001b[32minfo\u001b[39m","message":"{\"method\":\"GET\",\"url\":\"/socket.io/?EIO=4&transport=polling&t=pnhy175m\",\"status\":\"404\",\"responseTime\":\"1.864\"}","timestamp":"2024-11-30T05:07:04.737Z"}
{"level":"\u001b[32minfo\u001b[39m","message":"{\"method\":\"GET\",\"url\":\"/socket.io/?EIO=4&transport=polling&t=pnmkizpo\",\"status\":\"404\",\"responseTime\":\"1.376\"}","timestamp":"2024-11-30T05:07:10.730Z"}
{"level":"\u001b[32minfo\u001b[39m","message":"{\"method\":\"GET\",\"url\":\"/socket.io/?EIO=4&transport=polling&t=pnr73kxp\",\"status\":\"404\",\"responseTime\":\"0.486\"}","timestamp":"2024-11-30T05:07:16.726Z"}
{"level":"\u001b[32minfo\u001b[39m","message":"{\"method\":\"GET\",\"url\":\"/socket.io/?EIO=4&transport=polling&t=pnvts3zj\",\"status\":\"404\",\"responseTime\":\"1.908\"}","timestamp":"2024-11-30T05:07:22.744Z"}
{"level":"\u001b[32minfo\u001b[39m","message":"{\"method\":\"GET\",\"url\":\"/socket.io/?EIO=4&transport=polling&t=po0gi8o8\",\"status\":\"404\",\"responseTime\":\"0.537\"}","timestamp":"2024-11-30T05:07:28.729Z"}
{"level":"\u001b[32minfo\u001b[39m","message":"{\"method\":\"GET\",\"url\":\"/socket.io/?EIO=4&transport=polling&t=po53e9wz\",\"status\":\"404\",\"responseTime\":\"0.342\"}","timestamp":"2024-11-30T05:07:34.737Z"}
{"level":"\u001b[32minfo\u001b[39m","message":"{\"method\":\"GET\",\"url\":\"/socket.io/?EIO=4&transport=polling&t=po9qpfeu\",\"status\":\"404\",\"responseTime\":\"0.792\"}","timestamp":"2024-11-30T05:07:40.810Z"}
{"level":"\u001b[32minfo\u001b[39m","message":"{\"method\":\"GET\",\"url\":\"/socket.io/?EIO=4&transport=polling&t=poecqfhs\",\"status\":\"404\",\"responseTime\":\"1.011\"}","timestamp":"2024-11-30T05:07:46.738Z"}
{"level":"\u001b[32minfo\u001b[39m","message":"{\"method\":\"GET\",\"url\":\"/socket.io/?EIO=4&transport=polling&t=poiz2mak\",\"status\":\"404\",\"responseTime\":\"0.405\"}","timestamp":"2024-11-30T05:07:52.726Z"}
{"level":"\u001b[32minfo\u001b[39m","message":"{\"method\":\"GET\",\"url\":\"/socket.io/?EIO=4&transport=polling&t=ponlvn77\",\"status\":\"404\",\"responseTime\":\"0.500\"}","timestamp":"2024-11-30T05:07:58.728Z"}
{"level":"\u001b[32minfo\u001b[39m","message":"{\"method\":\"GET\",\"url\":\"/socket.io/?EIO=4&transport=polling&t=pos8n6u7\",\"status\":\"404\",\"responseTime\":\"0.846\"}","timestamp":"2024-11-30T05:08:04.734Z"}
{"level":"\u001b[32minfo\u001b[39m","message":"{\"method\":\"GET\",\"url\":\"/socket.io/?EIO=4&transport=polling&t=powv31bv\",\"status\":\"404\",\"responseTime\":\"2.153\"}","timestamp":"2024-11-30T05:08:10.737Z"}
{"level":"\u001b[32minfo\u001b[39m","message":"{\"method\":\"GET\",\"url\":\"/socket.io/?EIO=4&transport=polling&t=pp1hquse\",\"status\":\"404\",\"responseTime\":\"0.276\"}","timestamp":"2024-11-30T05:08:16.731Z"}
{"level":"\u001b[32minfo\u001b[39m","message":"{\"method\":\"GET\",\"url\":\"/socket.io/?EIO=4&transport=polling&t=pp64idlz\",\"status\":\"404\",\"responseTime\":\"0.331\"}","timestamp":"2024-11-30T05:08:22.729Z"}
{"level":"\u001b[32minfo\u001b[39m","message":"{\"method\":\"GET\",\"url\":\"/socket.io/?EIO=4&transport=polling&t=ppargpkq\",\"status\":\"404\",\"responseTime\":\"0.533\"}","timestamp":"2024-11-30T05:08:28.739Z"}
{"level":"\u001b[32minfo\u001b[39m","message":"{\"method\":\"GET\",\"url\":\"/socket.io/?EIO=4&transport=polling&t=ppfdvntl\",\"status\":\"404\",\"responseTime\":\"1.828\"}","timestamp":"2024-11-30T05:08:34.739Z"}
{"level":"\u001b[32minfo\u001b[39m","message":"{\"method\":\"GET\",\"url\":\"/socket.io/?EIO=4&transport=polling&t=ppk0f1fj\",\"status\":\"404\",\"responseTime\":\"0.621\"}","timestamp":"2024-11-30T05:08:40.725Z"}
{"level":"\u001b[32minfo\u001b[39m","message":"{\"method\":\"GET\",\"url\":\"/socket.io/?EIO=4&transport=polling&t=ppondute\",\"status\":\"404\",\"responseTime\":\"0.304\"}","timestamp":"2024-11-30T05:08:46.740Z"}
{"level":"\u001b[32minfo\u001b[39m","message":"{\"method\":\"GET\",\"url\":\"/socket.io/?EIO=4&transport=polling&t=ppt9pm67\",\"status\":\"404\",\"responseTime\":\"0.310\"}","timestamp":"2024-11-30T05:08:52.726Z"}
{"level":"\u001b[32minfo\u001b[39m","message":"{\"method\":\"GET\",\"url\":\"/socket.io/?EIO=4&transport=polling&t=ppxwjgkl\",\"status\":\"404\",\"responseTime\":\"0.282\"}","timestamp":"2024-11-30T05:08:58.728Z"}
{"level":"\u001b[32minfo\u001b[39m","message":"{\"method\":\"GET\",\"url\":\"/socket.io/?EIO=4&transport=polling&t=pq2jdiwp\",\"status\":\"404\",\"responseTime\":\"0.447\"}","timestamp":"2024-11-30T05:09:04.734Z"}
{"level":"\u001b[32minfo\u001b[39m","message":"{\"method\":\"GET\",\"url\":\"/socket.io/?EIO=4&transport=polling&t=pq75yb66\",\"status\":\"404\",\"responseTime\":\"1.685\"}","timestamp":"2024-11-30T05:09:10.741Z"}
{"level":"\u001b[32minfo\u001b[39m","message":"{\"method\":\"GET\",\"url\":\"/socket.io/?EIO=4&transport=polling&t=pqbsfbdp\",\"status\":\"404\",\"responseTime\":\"1.517\"}","timestamp":"2024-11-30T05:09:16.734Z"}
{"level":"\u001b[32minfo\u001b[39m","message":"{\"method\":\"GET\",\"url\":\"/socket.io/?EIO=4&transport=polling&t=pqgf7m5i\",\"status\":\"404\",\"responseTime\":\"0.806\"}","timestamp":"2024-11-30T05:09:22.736Z"}
{"level":"\u001b[32minfo\u001b[39m","message":"{\"method\":\"GET\",\"url\":\"/socket.io/?EIO=4&transport=polling&t=pql1z558\",\"status\":\"404\",\"responseTime\":\"0.490\"}","timestamp":"2024-11-30T05:09:28.740Z"}
{"level":"\u001b[32minfo\u001b[39m","message":"{\"method\":\"GET\",\"url\":\"/socket.io/?EIO=4&transport=polling&t=pqpol0c1\",\"status\":\"404\",\"responseTime\":\"1.029\"}","timestamp":"2024-11-30T05:09:34.738Z"}
{"level":"\u001b[32minfo\u001b[39m","message":"{\"method\":\"GET\",\"url\":\"/socket.io/?EIO=4&transport=polling&t=pquba2a9\",\"status\":\"404\",\"responseTime\":\"1.566\"}","timestamp":"2024-11-30T05:09:40.741Z"}
{"level":"\u001b[32minfo\u001b[39m","message":"{\"method\":\"GET\",\"url\":\"/socket.io/?EIO=4&transport=polling&t=pqyxsxrp\",\"status\":\"404\",\"responseTime\":\"0.610\"}","timestamp":"2024-11-30T05:09:46.726Z"}
{"level":"\u001b[32minfo\u001b[39m","message":"{\"method\":\"GET\",\"url\":\"/socket.io/?EIO=4&transport=polling&t=pr3keoyw\",\"status\":\"404\",\"responseTime\":\"0.311\"}","timestamp":"2024-11-30T05:09:52.721Z"}
{"level":"\u001b[32minfo\u001b[39m","message":"{\"method\":\"GET\",\"url\":\"/socket.io/?EIO=4&transport=polling&t=pr87af7f\",\"status\":\"404\",\"responseTime\":\"1.155\"}","timestamp":"2024-11-30T05:09:58.738Z"}
{"level":"\u001b[32minfo\u001b[39m","message":"{\"method\":\"GET\",\"url\":\"/socket.io/?EIO=4&transport=polling&t=prctwa9l\",\"status\":\"404\",\"responseTime\":\"0.795\"}","timestamp":"2024-11-30T05:10:04.733Z"}
{"level":"\u001b[32minfo\u001b[39m","message":"{\"method\":\"GET\",\"url\":\"/socket.io/?EIO=4&transport=polling&t=prhglcql\",\"status\":\"404\",\"responseTime\":\"1.540\"}","timestamp":"2024-11-30T05:10:10.741Z"}
{"level":"\u001b[32minfo\u001b[39m","message":"{\"method\":\"GET\",\"url\":\"/socket.io/?EIO=4&transport=polling&t=prm37yjj\",\"status\":\"404\",\"responseTime\":\"1.296\"}","timestamp":"2024-11-30T05:10:16.737Z"}
{"level":"\u001b[32minfo\u001b[39m","message":"{\"method\":\"GET\",\"url\":\"/socket.io/?EIO=4&transport=polling&t=prqq3pi2\",\"status\":\"404\",\"responseTime\":\"1.269\"}","timestamp":"2024-11-30T05:10:22.749Z"}
{"level":"\u001b[32minfo\u001b[39m","message":"{\"method\":\"GET\",\"url\":\"/socket.io/?EIO=4&transport=polling&t=prvcilq6\",\"status\":\"404\",\"responseTime\":\"0.315\"}","timestamp":"2024-11-30T05:10:28.728Z"}
{"level":"\u001b[32minfo\u001b[39m","message":"{\"method\":\"GET\",\"url\":\"/socket.io/?EIO=4&transport=polling&t=przz9mys\",\"status\":\"404\",\"responseTime\":\"2.152\"}","timestamp":"2024-11-30T05:10:34.741Z"}
{"level":"\u001b[32minfo\u001b[39m","message":"{\"method\":\"GET\",\"url\":\"/socket.io/?EIO=4&transport=polling&t=ps4m3jo0\",\"status\":\"404\",\"responseTime\":\"0.895\"}","timestamp":"2024-11-30T05:10:40.746Z"}
{"level":"\u001b[32minfo\u001b[39m","message":"{\"method\":\"GET\",\"url\":\"/socket.io/?EIO=4&transport=polling&t=ps98laui\",\"status\":\"404\",\"responseTime\":\"1.009\"}","timestamp":"2024-11-30T05:10:46.738Z"}
{"level":"\u001b[32minfo\u001b[39m","message":"{\"method\":\"GET\",\"url\":\"/socket.io/?EIO=4&transport=polling&t=psdvb0ck\",\"status\":\"404\",\"responseTime\":\"0.487\"}","timestamp":"2024-11-30T05:10:52.732Z"}
{"level":"\u001b[32minfo\u001b[39m","message":"{\"method\":\"GET\",\"url\":\"/socket.io/?EIO=4&transport=polling&t=psihsjss\",\"status\":\"404\",\"responseTime\":\"2.622\"}","timestamp":"2024-11-30T05:10:58.737Z"}
{"level":"\u001b[32minfo\u001b[39m","message":"{\"method\":\"GET\",\"url\":\"/socket.io/?EIO=4&transport=polling&t=psn4nrrn\",\"status\":\"404\",\"responseTime\":\"0.849\"}","timestamp":"2024-11-30T05:11:04.741Z"}
{"level":"\u001b[32minfo\u001b[39m","message":"{\"method\":\"GET\",\"url\":\"/socket.io/?EIO=4&transport=polling&t=psrrai3a\",\"status\":\"404\",\"responseTime\":\"1.588\"}","timestamp":"2024-11-30T05:11:10.743Z"}
{"level":"\u001b[32minfo\u001b[39m","message":"{\"method\":\"GET\",\"url\":\"/socket.io/?EIO=4&transport=polling&t=pswdvlju\",\"status\":\"404\",\"responseTime\":\"1.271\"}","timestamp":"2024-11-30T05:11:16.737Z"}
{"level":"\u001b[32minfo\u001b[39m","message":"{\"method\":\"GET\",\"url\":\"/socket.io/?EIO=4&transport=polling&t=pt10nvek\",\"status\":\"404\",\"responseTime\":\"0.714\"}","timestamp":"2024-11-30T05:11:22.732Z"}
{"level":"\u001b[32minfo\u001b[39m","message":"{\"method\":\"GET\",\"url\":\"/socket.io/?EIO=4&transport=polling&t=pt5nbytj\",\"status\":\"404\",\"responseTime\":\"1.728\"}","timestamp":"2024-11-30T05:11:28.743Z"}
{"level":"\u001b[32minfo\u001b[39m","message":"{\"method\":\"GET\",\"url\":\"/socket.io/?EIO=4&transport=polling&t=pta9yu4p\",\"status\":\"404\",\"responseTime\":\"2.938\"}","timestamp":"2024-11-30T05:11:34.743Z"}
{"level":"\u001b[32minfo\u001b[39m","message":"{\"method\":\"GET\",\"url\":\"/socket.io/?EIO=4&transport=polling&t=ptewpphq\",\"status\":\"404\",\"responseTime\":\"0.997\"}","timestamp":"2024-11-30T05:11:40.748Z"}
{"level":"\u001b[32minfo\u001b[39m","message":"{\"method\":\"GET\",\"url\":\"/socket.io/?EIO=4&transport=polling&t=ptjjeqxt\",\"status\":\"404\",\"responseTime\":\"0.773\"}","timestamp":"2024-11-30T05:11:46.739Z"}
{"level":"\u001b[32minfo\u001b[39m","message":"{\"method\":\"GET\",\"url\":\"/socket.io/?EIO=4&transport=polling&t=pto5z712\",\"status\":\"404\",\"responseTime\":\"0.897\"}","timestamp":"2024-11-30T05:11:52.739Z"}
{"level":"\u001b[32minfo\u001b[39m","message":"{\"method\":\"GET\",\"url\":\"/socket.io/?EIO=4&transport=polling&t=ptssm8m7\",\"status\":\"404\",\"responseTime\":\"0.607\"}","timestamp":"2024-11-30T05:11:58.732Z"}
{"level":"\u001b[32minfo\u001b[39m","message":"{\"method\":\"GET\",\"url\":\"/socket.io/?EIO=4&transport=polling&t=ptxfefwh\",\"status\":\"404\",\"responseTime\":\"1.002\"}","timestamp":"2024-11-30T05:12:04.746Z"}
{"level":"\u001b[32minfo\u001b[39m","message":"{\"method\":\"GET\",\"url\":\"/socket.io/?EIO=4&transport=polling&t=pu21ydqm\",\"status\":\"404\",\"responseTime\":\"2.006\"}","timestamp":"2024-11-30T05:12:10.741Z"}
{"level":"\u001b[32minfo\u001b[39m","message":"{\"method\":\"GET\",\"url\":\"/socket.io/?EIO=4&transport=polling&t=pu6ok1xb\",\"status\":\"404\",\"responseTime\":\"0.278\"}","timestamp":"2024-11-30T05:12:16.728Z"}
{"level":"\u001b[32minfo\u001b[39m","message":"{\"method\":\"GET\",\"url\":\"/socket.io/?EIO=4&transport=polling&t=pubb6s32\",\"status\":\"404\",\"responseTime\":\"3.424\"}","timestamp":"2024-11-30T05:12:22.741Z"}
{"level":"\u001b[32minfo\u001b[39m","message":"{\"method\":\"GET\",\"url\":\"/videos\",\"status\":\"200\",\"responseTime\":\"260.396\"}","timestamp":"2024-11-30T10:21:06.287Z"}
{"level":"\u001b[32minfo\u001b[39m","message":"{\"method\":\"PUT\",\"url\":\"/updateviews\",\"status\":\"200\",\"responseTime\":\"12.625\"}","timestamp":"2024-11-30T10:21:08.701Z"}
{"level":"\u001b[32minfo\u001b[39m","message":"{\"method\":\"GET\",\"url\":\"/fetchOther/672b2639467bb75f87c5f750\",\"status\":\"200\",\"responseTime\":\"83.061\"}","timestamp":"2024-11-30T10:21:08.856Z"}
{"level":"\u001b[32minfo\u001b[39m","message":"{\"method\":\"GET\",\"url\":\"/video/672b2639467bb75f87c5f750\",\"status\":\"200\",\"responseTime\":\"1343.606\"}","timestamp":"2024-11-30T10:21:09.754Z"}
{"level":"\u001b[32minfo\u001b[39m","message":"{\"method\":\"PUT\",\"url\":\"/updateviews\",\"status\":\"200\",\"responseTime\":\"8.355\"}","timestamp":"2024-11-30T10:21:32.947Z"}
{"level":"\u001b[32minfo\u001b[39m","message":"{\"method\":\"GET\",\"url\":\"/fetchOther/672b2639467bb75f87c5f750\",\"status\":\"304\",\"responseTime\":\"140.025\"}","timestamp":"2024-11-30T10:21:33.165Z"}
{"level":"\u001b[32minfo\u001b[39m","message":"{\"method\":\"GET\",\"url\":\"/video/672b2639467bb75f87c5f750\",\"status\":\"200\",\"responseTime\":\"409.076\"}","timestamp":"2024-11-30T10:21:33.339Z"}
