{"level":"\u001b[32minfo\u001b[39m","message":"{\"method\":\"GET\",\"url\":\"/videos\",\"status\":\"200\",\"responseTime\":\"336.475\"}","timestamp":"2024-12-02T04:02:44.460Z"}
{"level":"\u001b[32minfo\u001b[39m","message":"{\"method\":\"PUT\",\"url\":\"/updateviews\",\"status\":\"200\",\"responseTime\":\"13.976\"}","timestamp":"2024-12-02T04:02:48.767Z"}
{"level":"\u001b[32minfo\u001b[39m","message":"{\"method\":\"GET\",\"url\":\"/fetchOther/672e1534117f6a35f37b690e\",\"status\":\"200\",\"responseTime\":\"63.069\"}","timestamp":"2024-12-02T04:02:48.989Z"}
{"level":"\u001b[32minfo\u001b[39m","message":"{\"method\":\"GET\",\"url\":\"/video/672e1534117f6a35f37b690e\",\"status\":\"200\",\"responseTime\":\"520.312\"}","timestamp":"2024-12-02T04:02:49.039Z"}
{"level":"\u001b[32minfo\u001b[39m","message":"{\"method\":\"GET\",\"url\":\"/videos\",\"status\":\"200\",\"responseTime\":\"417.189\"}","timestamp":"2024-12-02T04:02:56.812Z"}
{"level":"\u001b[32minfo\u001b[39m","message":"{\"method\":\"GET\",\"url\":\"/videos\",\"status\":\"304\",\"responseTime\":\"266.124\"}","timestamp":"2024-12-02T04:03:15.275Z"}
{"level":"\u001b[32minfo\u001b[39m","message":"{\"method\":\"PUT\",\"url\":\"/updateviews\",\"status\":\"200\",\"responseTime\":\"4.821\"}","timestamp":"2024-12-02T04:03:32.859Z"}
{"level":"\u001b[32minfo\u001b[39m","message":"{\"method\":\"GET\",\"url\":\"/video/672b2639467bb75f87c5f750\",\"status\":\"200\",\"responseTime\":\"269.514\"}","timestamp":"2024-12-02T04:03:33.109Z"}
{"level":"\u001b[32minfo\u001b[39m","message":"{\"method\":\"GET\",\"url\":\"/fetchOther/672b2639467bb75f87c5f750\",\"status\":\"200\",\"responseTime\":\"352.979\"}","timestamp":"2024-12-02T04:03:33.227Z"}
{"level":"\u001b[32minfo\u001b[39m","message":"{\"method\":\"PUT\",\"url\":\"/updateviews\",\"status\":\"200\",\"responseTime\":\"3.835\"}","timestamp":"2024-12-02T04:08:41.949Z"}
{"level":"\u001b[32minfo\u001b[39m","message":"{\"method\":\"GET\",\"url\":\"/fetchOther/672b2639467bb75f87c5f750\",\"status\":\"304\",\"responseTime\":\"204.269\"}","timestamp":"2024-12-02T04:08:42.158Z"}
{"level":"\u001b[32minfo\u001b[39m","message":"{\"method\":\"GET\",\"url\":\"/video/672b2639467bb75f87c5f750\",\"status\":\"200\",\"responseTime\":\"362.710\"}","timestamp":"2024-12-02T04:08:42.252Z"}
{"level":"\u001b[32minfo\u001b[39m","message":"{\"method\":\"PUT\",\"url\":\"/updateviews\",\"status\":\"200\",\"responseTime\":\"5.012\"}","timestamp":"2024-12-02T04:10:38.020Z"}
{"level":"\u001b[32minfo\u001b[39m","message":"{\"method\":\"GET\",\"url\":\"/fetchOther/672b2639467bb75f87c5f750\",\"status\":\"304\",\"responseTime\":\"56.540\"}","timestamp":"2024-12-02T04:10:38.632Z"}
{"level":"\u001b[32minfo\u001b[39m","message":"{\"method\":\"GET\",\"url\":\"/video/672b2639467bb75f87c5f750\",\"status\":\"200\",\"responseTime\":\"906.647\"}","timestamp":"2024-12-02T04:10:38.833Z"}
{"level":"\u001b[32minfo\u001b[39m","message":"{\"method\":\"PUT\",\"url\":\"/updateviews\",\"status\":\"200\",\"responseTime\":\"6.042\"}","timestamp":"2024-12-02T04:11:07.285Z"}
{"level":"\u001b[32minfo\u001b[39m","message":"{\"method\":\"GET\",\"url\":\"/fetchOther/672b2639467bb75f87c5f750\",\"status\":\"304\",\"responseTime\":\"86.862\"}","timestamp":"2024-12-02T04:11:07.426Z"}
{"level":"\u001b[32minfo\u001b[39m","message":"{\"method\":\"GET\",\"url\":\"/video/672b2639467bb75f87c5f750\",\"status\":\"200\",\"responseTime\":\"549.989\"}","timestamp":"2024-12-02T04:11:07.743Z"}
{"level":"\u001b[32minfo\u001b[39m","message":"{\"method\":\"PUT\",\"url\":\"/updateviews\",\"status\":\"200\",\"responseTime\":\"6.029\"}","timestamp":"2024-12-02T04:11:12.325Z"}
{"level":"\u001b[32minfo\u001b[39m","message":"{\"method\":\"GET\",\"url\":\"/fetchOther/672b2639467bb75f87c5f750\",\"status\":\"304\",\"responseTime\":\"66.206\"}","timestamp":"2024-12-02T04:11:12.923Z"}
{"level":"\u001b[32minfo\u001b[39m","message":"{\"method\":\"GET\",\"url\":\"/video/672b2639467bb75f87c5f750\",\"status\":\"200\",\"responseTime\":\"957.074\"}","timestamp":"2024-12-02T04:11:13.170Z"}
{"level":"\u001b[32minfo\u001b[39m","message":"{\"method\":\"PUT\",\"url\":\"/updateviews\",\"status\":\"200\",\"responseTime\":\"5.835\"}","timestamp":"2024-12-02T04:12:53.080Z"}
{"level":"\u001b[32minfo\u001b[39m","message":"{\"method\":\"GET\",\"url\":\"/fetchOther/672b2639467bb75f87c5f750\",\"status\":\"304\",\"responseTime\":\"74.322\"}","timestamp":"2024-12-02T04:12:53.202Z"}
{"level":"\u001b[32minfo\u001b[39m","message":"{\"method\":\"GET\",\"url\":\"/video/672b2639467bb75f87c5f750\",\"status\":\"200\",\"responseTime\":\"801.139\"}","timestamp":"2024-12-02T04:12:53.843Z"}
{"level":"\u001b[32minfo\u001b[39m","message":"{\"method\":\"PUT\",\"url\":\"/updateviews\",\"status\":\"200\",\"responseTime\":\"15.523\"}","timestamp":"2024-12-02T04:13:19.886Z"}
{"level":"\u001b[32minfo\u001b[39m","message":"{\"method\":\"GET\",\"url\":\"/fetchOther/672b2639467bb75f87c5f750\",\"status\":\"304\",\"responseTime\":\"71.423\"}","timestamp":"2024-12-02T04:13:20.204Z"}
{"level":"\u001b[32minfo\u001b[39m","message":"{\"method\":\"GET\",\"url\":\"/video/672b2639467bb75f87c5f750\",\"status\":\"200\",\"responseTime\":\"280.375\"}","timestamp":"2024-12-02T04:13:20.407Z"}
{"level":"\u001b[32minfo\u001b[39m","message":"{\"method\":\"GET\",\"url\":\"/video/672b2639467bb75f87c5f750\",\"status\":\"304\",\"responseTime\":\"317.464\"}","timestamp":"2024-12-02T04:13:26.299Z"}
{"level":"\u001b[32minfo\u001b[39m","message":"{\"method\":\"PUT\",\"url\":\"/updateviews\",\"status\":\"200\",\"responseTime\":\"164.227\"}","timestamp":"2024-12-02T04:13:26.467Z"}
{"level":"\u001b[32minfo\u001b[39m","message":"{\"method\":\"GET\",\"url\":\"/fetchOther/672b2639467bb75f87c5f750\",\"status\":\"-\",\"responseTime\":\"-\"}","timestamp":"2024-12-02T04:13:26.868Z"}
{"level":"\u001b[32minfo\u001b[39m","message":"{\"method\":\"PUT\",\"url\":\"/updateviews\",\"status\":\"200\",\"responseTime\":\"3.307\"}","timestamp":"2024-12-02T04:13:28.391Z"}
{"level":"\u001b[32minfo\u001b[39m","message":"{\"method\":\"GET\",\"url\":\"/fetchOther/672b2639467bb75f87c5f750\",\"status\":\"200\",\"responseTime\":\"95.194\"}","timestamp":"2024-12-02T04:13:28.519Z"}
{"level":"\u001b[32minfo\u001b[39m","message":"{\"method\":\"GET\",\"url\":\"/video/672b2639467bb75f87c5f750\",\"status\":\"200\",\"responseTime\":\"577.324\"}","timestamp":"2024-12-02T04:13:28.889Z"}
{"level":"\u001b[32minfo\u001b[39m","message":"{\"method\":\"PUT\",\"url\":\"/updateviews\",\"status\":\"200\",\"responseTime\":\"25.721\"}","timestamp":"2024-12-02T04:18:09.661Z"}
{"level":"\u001b[32minfo\u001b[39m","message":"{\"method\":\"GET\",\"url\":\"/fetchOther/672b2639467bb75f87c5f750\",\"status\":\"304\",\"responseTime\":\"67.555\"}","timestamp":"2024-12-02T04:18:09.865Z"}
{"level":"\u001b[32minfo\u001b[39m","message":"{\"method\":\"GET\",\"url\":\"/video/672b2639467bb75f87c5f750\",\"status\":\"200\",\"responseTime\":\"305.366\"}","timestamp":"2024-12-02T04:18:09.988Z"}
{"level":"\u001b[32minfo\u001b[39m","message":"{\"method\":\"GET\",\"url\":\"/video/672b2639467bb75f87c5f750\",\"status\":\"304\",\"responseTime\":\"333.342\"}","timestamp":"2024-12-02T04:18:18.240Z"}
{"level":"\u001b[32minfo\u001b[39m","message":"{\"method\":\"PUT\",\"url\":\"/updateviews\",\"status\":\"200\",\"responseTime\":\"3.412\"}","timestamp":"2024-12-02T04:18:18.505Z"}
{"level":"\u001b[32minfo\u001b[39m","message":"{\"method\":\"GET\",\"url\":\"/fetchOther/672b2639467bb75f87c5f750\",\"status\":\"304\",\"responseTime\":\"97.112\"}","timestamp":"2024-12-02T04:18:18.860Z"}
{"level":"\u001b[32minfo\u001b[39m","message":"{\"method\":\"GET\",\"url\":\"/video/672b2639467bb75f87c5f750\",\"status\":\"200\",\"responseTime\":\"248.653\"}","timestamp":"2024-12-02T04:18:51.058Z"}
{"level":"\u001b[32minfo\u001b[39m","message":"{\"method\":\"PUT\",\"url\":\"/updateviews\",\"status\":\"200\",\"responseTime\":\"3.240\"}","timestamp":"2024-12-02T04:18:51.683Z"}
{"level":"\u001b[32minfo\u001b[39m","message":"{\"method\":\"GET\",\"url\":\"/fetchOther/672b2639467bb75f87c5f750\",\"status\":\"304\",\"responseTime\":\"163.034\"}","timestamp":"2024-12-02T04:18:51.874Z"}
{"level":"\u001b[32minfo\u001b[39m","message":"{\"method\":\"PUT\",\"url\":\"/updateviews\",\"status\":\"200\",\"responseTime\":\"15.956\"}","timestamp":"2024-12-02T04:24:35.563Z"}
{"level":"\u001b[32minfo\u001b[39m","message":"{\"method\":\"GET\",\"url\":\"/video/672b2639467bb75f87c5f750\",\"status\":\"200\",\"responseTime\":\"1059.372\"}","timestamp":"2024-12-02T04:24:35.818Z"}
{"level":"\u001b[32minfo\u001b[39m","message":"{\"method\":\"GET\",\"url\":\"/fetchOther/672b2639467bb75f87c5f750\",\"status\":\"304\",\"responseTime\":\"382.669\"}","timestamp":"2024-12-02T04:24:36.106Z"}
{"level":"\u001b[32minfo\u001b[39m","message":"{\"method\":\"PUT\",\"url\":\"/updateviews\",\"status\":\"200\",\"responseTime\":\"38.674\"}","timestamp":"2024-12-02T04:27:41.303Z"}
{"level":"\u001b[32minfo\u001b[39m","message":"{\"method\":\"GET\",\"url\":\"/fetchOther/672b2639467bb75f87c5f750\",\"status\":\"304\",\"responseTime\":\"144.576\"}","timestamp":"2024-12-02T04:27:41.729Z"}
{"level":"\u001b[32minfo\u001b[39m","message":"{\"method\":\"GET\",\"url\":\"/video/672b2639467bb75f87c5f750\",\"status\":\"200\",\"responseTime\":\"790.382\"}","timestamp":"2024-12-02T04:27:41.962Z"}
{"level":"\u001b[32minfo\u001b[39m","message":"{\"method\":\"PUT\",\"url\":\"/updateviews\",\"status\":\"200\",\"responseTime\":\"129.177\"}","timestamp":"2024-12-02T04:29:13.631Z"}
{"level":"\u001b[32minfo\u001b[39m","message":"{\"method\":\"GET\",\"url\":\"/fetchOther/672b2639467bb75f87c5f750\",\"status\":\"304\",\"responseTime\":\"169.443\"}","timestamp":"2024-12-02T04:29:14.232Z"}
{"level":"\u001b[32minfo\u001b[39m","message":"{\"method\":\"GET\",\"url\":\"/video/672b2639467bb75f87c5f750\",\"status\":\"200\",\"responseTime\":\"851.530\"}","timestamp":"2024-12-02T04:29:14.909Z"}
{"level":"\u001b[32minfo\u001b[39m","message":"{\"method\":\"PUT\",\"url\":\"/updateviews\",\"status\":\"200\",\"responseTime\":\"415.140\"}","timestamp":"2024-12-02T04:29:21.117Z"}
{"level":"\u001b[32minfo\u001b[39m","message":"{\"method\":\"GET\",\"url\":\"/video/672b2639467bb75f87c5f750\",\"status\":\"200\",\"responseTime\":\"622.220\"}","timestamp":"2024-12-02T04:29:21.862Z"}
{"level":"\u001b[32minfo\u001b[39m","message":"{\"method\":\"GET\",\"url\":\"/fetchOther/672b2639467bb75f87c5f750\",\"status\":\"304\",\"responseTime\":\"847.990\"}","timestamp":"2024-12-02T04:29:22.112Z"}
{"level":"\u001b[32minfo\u001b[39m","message":"{\"method\":\"PUT\",\"url\":\"/updateviews\",\"status\":\"200\",\"responseTime\":\"4.949\"}","timestamp":"2024-12-02T04:29:27.016Z"}
{"level":"\u001b[32minfo\u001b[39m","message":"{\"method\":\"GET\",\"url\":\"/fetchOther/672b2639467bb75f87c5f750\",\"status\":\"304\",\"responseTime\":\"72.727\"}","timestamp":"2024-12-02T04:29:27.121Z"}
{"level":"\u001b[32minfo\u001b[39m","message":"{\"method\":\"GET\",\"url\":\"/video/672b2639467bb75f87c5f750\",\"status\":\"304\",\"responseTime\":\"261.397\"}","timestamp":"2024-12-02T04:29:27.203Z"}
{"level":"\u001b[32minfo\u001b[39m","message":"{\"method\":\"PUT\",\"url\":\"/updateviews\",\"status\":\"200\",\"responseTime\":\"7.912\"}","timestamp":"2024-12-02T04:29:29.293Z"}
{"level":"\u001b[32minfo\u001b[39m","message":"{\"method\":\"GET\",\"url\":\"/fetchOther/672b2639467bb75f87c5f750\",\"status\":\"304\",\"responseTime\":\"132.613\"}","timestamp":"2024-12-02T04:29:29.457Z"}
{"level":"\u001b[32minfo\u001b[39m","message":"{\"method\":\"GET\",\"url\":\"/video/672b2639467bb75f87c5f750\",\"status\":\"200\",\"responseTime\":\"311.637\"}","timestamp":"2024-12-02T04:29:29.508Z"}
{"level":"\u001b[32minfo\u001b[39m","message":"{\"method\":\"POST\",\"url\":\"/likevideo\",\"status\":\"-\",\"responseTime\":\"-\"}","timestamp":"2024-12-02T04:30:23.022Z"}
{"level":"\u001b[32minfo\u001b[39m","message":"{\"method\":\"PUT\",\"url\":\"/updateviews\",\"status\":\"200\",\"responseTime\":\"5.797\"}","timestamp":"2024-12-02T04:30:24.894Z"}
{"level":"\u001b[32minfo\u001b[39m","message":"{\"method\":\"GET\",\"url\":\"/fetchOther/672b2639467bb75f87c5f750\",\"status\":\"304\",\"responseTime\":\"130.853\"}","timestamp":"2024-12-02T04:30:25.087Z"}
{"level":"\u001b[32minfo\u001b[39m","message":"{\"method\":\"GET\",\"url\":\"/video/672b2639467bb75f87c5f750\",\"status\":\"200\",\"responseTime\":\"567.295\"}","timestamp":"2024-12-02T04:30:25.260Z"}
{"level":"\u001b[32minfo\u001b[39m","message":"{\"method\":\"PUT\",\"url\":\"/updateviews\",\"status\":\"200\",\"responseTime\":\"32.129\"}","timestamp":"2024-12-02T04:44:58.013Z"}
{"level":"\u001b[32minfo\u001b[39m","message":"{\"method\":\"GET\",\"url\":\"/video/672b2639467bb75f87c5f750\",\"status\":\"200\",\"responseTime\":\"1002.232\"}","timestamp":"2024-12-02T04:44:58.308Z"}
{"level":"\u001b[32minfo\u001b[39m","message":"{\"method\":\"GET\",\"url\":\"/fetchOther/672b2639467bb75f87c5f750\",\"status\":\"304\",\"responseTime\":\"497.448\"}","timestamp":"2024-12-02T04:44:58.578Z"}
{"level":"\u001b[32minfo\u001b[39m","message":"{\"method\":\"PUT\",\"url\":\"/updateviews\",\"status\":\"200\",\"responseTime\":\"12.987\"}","timestamp":"2024-12-02T04:52:27.023Z"}
{"level":"\u001b[32minfo\u001b[39m","message":"{\"method\":\"GET\",\"url\":\"/fetchOther/672b2639467bb75f87c5f750\",\"status\":\"304\",\"responseTime\":\"396.006\"}","timestamp":"2024-12-02T04:52:28.016Z"}
{"level":"\u001b[32minfo\u001b[39m","message":"{\"method\":\"GET\",\"url\":\"/video/672b2639467bb75f87c5f750\",\"status\":\"200\",\"responseTime\":\"1347.760\"}","timestamp":"2024-12-02T04:52:28.241Z"}
{"level":"\u001b[32minfo\u001b[39m","message":"{\"method\":\"PUT\",\"url\":\"/updateviews\",\"status\":\"200\",\"responseTime\":\"13.924\"}","timestamp":"2024-12-02T04:54:13.170Z"}
{"level":"\u001b[32minfo\u001b[39m","message":"{\"method\":\"GET\",\"url\":\"/video/672b2639467bb75f87c5f750\",\"status\":\"200\",\"responseTime\":\"1035.904\"}","timestamp":"2024-12-02T04:54:13.293Z"}
{"level":"\u001b[32minfo\u001b[39m","message":"{\"method\":\"GET\",\"url\":\"/fetchOther/672b2639467bb75f87c5f750\",\"status\":\"304\",\"responseTime\":\"91.133\"}","timestamp":"2024-12-02T04:54:13.323Z"}
{"level":"\u001b[32minfo\u001b[39m","message":"{\"method\":\"PUT\",\"url\":\"/updateviews\",\"status\":\"200\",\"responseTime\":\"207.771\"}","timestamp":"2024-12-02T04:57:05.234Z"}
{"level":"\u001b[32minfo\u001b[39m","message":"{\"method\":\"GET\",\"url\":\"/fetchOther/672b2639467bb75f87c5f750\",\"status\":\"304\",\"responseTime\":\"77.134\"}","timestamp":"2024-12-02T04:57:05.499Z"}
{"level":"\u001b[32minfo\u001b[39m","message":"{\"method\":\"GET\",\"url\":\"/video/672b2639467bb75f87c5f750\",\"status\":\"200\",\"responseTime\":\"843.102\"}","timestamp":"2024-12-02T04:57:05.531Z"}
{"level":"\u001b[32minfo\u001b[39m","message":"{\"method\":\"POST\",\"url\":\"/likevideo\",\"status\":\"200\",\"responseTime\":\"17.382\"}","timestamp":"2024-12-02T04:57:09.396Z"}
{"level":"\u001b[32minfo\u001b[39m","message":"{\"method\":\"PUT\",\"url\":\"/updateviews\",\"status\":\"200\",\"responseTime\":\"12.754\"}","timestamp":"2024-12-02T05:20:41.898Z"}
{"level":"\u001b[32minfo\u001b[39m","message":"{\"method\":\"GET\",\"url\":\"/fetchOther/672b2639467bb75f87c5f750\",\"status\":\"304\",\"responseTime\":\"82.766\"}","timestamp":"2024-12-02T05:20:42.535Z"}
{"level":"\u001b[32minfo\u001b[39m","message":"{\"method\":\"GET\",\"url\":\"/video/672b2639467bb75f87c5f750\",\"status\":\"200\",\"responseTime\":\"1502.787\"}","timestamp":"2024-12-02T05:20:43.060Z"}
{"level":"\u001b[32minfo\u001b[39m","message":"{\"method\":\"GET\",\"url\":\"/videos\",\"status\":\"200\",\"responseTime\":\"338.502\"}","timestamp":"2024-12-02T05:20:56.522Z"}
{"level":"\u001b[32minfo\u001b[39m","message":"{\"method\":\"PUT\",\"url\":\"/updateviews\",\"status\":\"200\",\"responseTime\":\"5.699\"}","timestamp":"2024-12-02T05:21:00.985Z"}
{"level":"\u001b[32minfo\u001b[39m","message":"{\"method\":\"GET\",\"url\":\"/video/673f2d9fae355142ad5a8a32\",\"status\":\"200\",\"responseTime\":\"458.350\"}","timestamp":"2024-12-02T05:21:01.372Z"}
{"level":"\u001b[32minfo\u001b[39m","message":"{\"method\":\"GET\",\"url\":\"/fetchOther/673f2d9fae355142ad5a8a32\",\"status\":\"200\",\"responseTime\":\"566.683\"}","timestamp":"2024-12-02T05:21:01.562Z"}
{"level":"\u001b[32minfo\u001b[39m","message":"{\"method\":\"GET\",\"url\":\"/videos\",\"status\":\"200\",\"responseTime\":\"340.713\"}","timestamp":"2024-12-02T05:21:25.700Z"}
{"level":"\u001b[32minfo\u001b[39m","message":"{\"method\":\"PUT\",\"url\":\"/updateviews\",\"status\":\"200\",\"responseTime\":\"3.578\"}","timestamp":"2024-12-02T05:21:27.638Z"}
{"level":"\u001b[32minfo\u001b[39m","message":"{\"method\":\"GET\",\"url\":\"/fetchOther/672b2639467bb75f87c5f750\",\"status\":\"200\",\"responseTime\":\"79.070\"}","timestamp":"2024-12-02T05:21:27.728Z"}
{"level":"\u001b[32minfo\u001b[39m","message":"{\"method\":\"GET\",\"url\":\"/video/672b2639467bb75f87c5f750\",\"status\":\"200\",\"responseTime\":\"363.306\"}","timestamp":"2024-12-02T05:21:27.959Z"}
{"level":"\u001b[32minfo\u001b[39m","message":"{\"method\":\"PUT\",\"url\":\"/updateviews\",\"status\":\"200\",\"responseTime\":\"12.123\"}","timestamp":"2024-12-02T05:22:30.325Z"}
{"level":"\u001b[32minfo\u001b[39m","message":"{\"method\":\"GET\",\"url\":\"/fetchOther/672b2639467bb75f87c5f750\",\"status\":\"304\",\"responseTime\":\"73.793\"}","timestamp":"2024-12-02T05:22:30.449Z"}
{"level":"\u001b[32minfo\u001b[39m","message":"{\"method\":\"GET\",\"url\":\"/video/672b2639467bb75f87c5f750\",\"status\":\"200\",\"responseTime\":\"250.119\"}","timestamp":"2024-12-02T05:22:30.919Z"}
{"level":"\u001b[32minfo\u001b[39m","message":"{\"method\":\"PUT\",\"url\":\"/updateviews\",\"status\":\"200\",\"responseTime\":\"122.175\"}","timestamp":"2024-12-02T05:22:32.521Z"}
{"level":"\u001b[32minfo\u001b[39m","message":"{\"method\":\"GET\",\"url\":\"/fetchOther/672b2639467bb75f87c5f750\",\"status\":\"304\",\"responseTime\":\"145.100\"}","timestamp":"2024-12-02T05:22:32.819Z"}
{"level":"\u001b[32minfo\u001b[39m","message":"{\"method\":\"GET\",\"url\":\"/video/672b2639467bb75f87c5f750\",\"status\":\"200\",\"responseTime\":\"628.175\"}","timestamp":"2024-12-02T05:22:33.192Z"}
{"level":"\u001b[32minfo\u001b[39m","message":"{\"method\":\"PUT\",\"url\":\"/updateviews\",\"status\":\"200\",\"responseTime\":\"3.416\"}","timestamp":"2024-12-02T05:22:34.673Z"}
{"level":"\u001b[32minfo\u001b[39m","message":"{\"method\":\"GET\",\"url\":\"/fetchOther/672b2639467bb75f87c5f750\",\"status\":\"304\",\"responseTime\":\"58.564\"}","timestamp":"2024-12-02T05:22:34.738Z"}
{"level":"\u001b[32minfo\u001b[39m","message":"{\"method\":\"GET\",\"url\":\"/video/672b2639467bb75f87c5f750\",\"status\":\"304\",\"responseTime\":\"541.410\"}","timestamp":"2024-12-02T05:22:35.189Z"}
{"level":"\u001b[32minfo\u001b[39m","message":"{\"method\":\"PUT\",\"url\":\"/updateviews\",\"status\":\"200\",\"responseTime\":\"3.966\"}","timestamp":"2024-12-02T05:23:18.394Z"}
{"level":"\u001b[32minfo\u001b[39m","message":"{\"method\":\"GET\",\"url\":\"/fetchOther/672b2639467bb75f87c5f750\",\"status\":\"304\",\"responseTime\":\"88.003\"}","timestamp":"2024-12-02T05:23:18.498Z"}
{"level":"\u001b[32minfo\u001b[39m","message":"{\"method\":\"GET\",\"url\":\"/video/672b2639467bb75f87c5f750\",\"status\":\"200\",\"responseTime\":\"402.039\"}","timestamp":"2024-12-02T05:23:18.765Z"}
{"level":"\u001b[32minfo\u001b[39m","message":"{\"method\":\"GET\",\"url\":\"/videos\",\"status\":\"200\",\"responseTime\":\"306.265\"}","timestamp":"2024-12-02T05:23:49.568Z"}
{"level":"\u001b[32minfo\u001b[39m","message":"{\"method\":\"PUT\",\"url\":\"/updateviews\",\"status\":\"200\",\"responseTime\":\"4.107\"}","timestamp":"2024-12-02T05:23:51.714Z"}
{"level":"\u001b[32minfo\u001b[39m","message":"{\"method\":\"GET\",\"url\":\"/fetchOther/672b2e18893d41e294fe48e4\",\"status\":\"200\",\"responseTime\":\"65.031\"}","timestamp":"2024-12-02T05:23:51.790Z"}
{"level":"\u001b[32minfo\u001b[39m","message":"{\"method\":\"GET\",\"url\":\"/video/672b2e18893d41e294fe48e4\",\"status\":\"200\",\"responseTime\":\"325.608\"}","timestamp":"2024-12-02T05:23:52.009Z"}
{"level":"\u001b[32minfo\u001b[39m","message":"{\"method\":\"GET\",\"url\":\"/videos\",\"status\":\"200\",\"responseTime\":\"400.867\"}","timestamp":"2024-12-02T05:23:55.836Z"}
{"level":"\u001b[32minfo\u001b[39m","message":"{\"method\":\"GET\",\"url\":\"/videos\",\"status\":\"304\",\"responseTime\":\"131.983\"}","timestamp":"2024-12-02T05:28:27.729Z"}
{"level":"\u001b[32minfo\u001b[39m","message":"{\"method\":\"GET\",\"url\":\"/videos\",\"status\":\"304\",\"responseTime\":\"719.212\"}","timestamp":"2024-12-02T06:54:49.745Z"}
{"level":"\u001b[32minfo\u001b[39m","message":"{\"method\":\"PUT\",\"url\":\"/updateviews\",\"status\":\"200\",\"responseTime\":\"5.217\"}","timestamp":"2024-12-02T06:58:55.933Z"}
{"level":"\u001b[32minfo\u001b[39m","message":"{\"method\":\"GET\",\"url\":\"/fetchOther/67381e4249441b2bf62f98a0\",\"status\":\"200\",\"responseTime\":\"111.676\"}","timestamp":"2024-12-02T06:58:56.148Z"}
{"level":"\u001b[32minfo\u001b[39m","message":"{\"method\":\"GET\",\"url\":\"/video/67381e4249441b2bf62f98a0\",\"status\":\"200\",\"responseTime\":\"877.099\"}","timestamp":"2024-12-02T06:58:56.748Z"}
{"level":"\u001b[32minfo\u001b[39m","message":"{\"method\":\"POST\",\"url\":\"/likevideo\",\"status\":\"200\",\"responseTime\":\"44.253\"}","timestamp":"2024-12-02T06:58:58.619Z"}
{"level":"\u001b[32minfo\u001b[39m","message":"{\"method\":\"GET\",\"url\":\"/videos\",\"status\":\"200\",\"responseTime\":\"332.237\"}","timestamp":"2024-12-02T06:59:04.901Z"}
{"level":"\u001b[32minfo\u001b[39m","message":"{\"method\":\"PUT\",\"url\":\"/updateviews\",\"status\":\"200\",\"responseTime\":\"6.321\"}","timestamp":"2024-12-02T06:59:06.950Z"}
{"level":"\u001b[32minfo\u001b[39m","message":"{\"method\":\"GET\",\"url\":\"/fetchOther/67381e4249441b2bf62f98a0\",\"status\":\"304\",\"responseTime\":\"82.006\"}","timestamp":"2024-12-02T06:59:07.117Z"}
{"level":"\u001b[32minfo\u001b[39m","message":"{\"method\":\"GET\",\"url\":\"/video/67381e4249441b2bf62f98a0\",\"status\":\"200\",\"responseTime\":\"233.129\"}","timestamp":"2024-12-02T06:59:07.230Z"}
{"level":"\u001b[32minfo\u001b[39m","message":"{\"method\":\"GET\",\"url\":\"/videos\",\"status\":\"200\",\"responseTime\":\"310.149\"}","timestamp":"2024-12-02T06:59:11.509Z"}
{"level":"\u001b[32minfo\u001b[39m","message":"{\"method\":\"PUT\",\"url\":\"/updateviews\",\"status\":\"200\",\"responseTime\":\"13.854\"}","timestamp":"2024-12-02T07:06:37.058Z"}
{"level":"\u001b[32minfo\u001b[39m","message":"{\"method\":\"GET\",\"url\":\"/fetchOther/672b2639467bb75f87c5f750\",\"status\":\"200\",\"responseTime\":\"100.006\"}","timestamp":"2024-12-02T07:06:37.227Z"}
{"level":"\u001b[32minfo\u001b[39m","message":"{\"method\":\"GET\",\"url\":\"/video/672b2639467bb75f87c5f750\",\"status\":\"200\",\"responseTime\":\"731.459\"}","timestamp":"2024-12-02T07:06:37.468Z"}
{"level":"\u001b[32minfo\u001b[39m","message":"{\"method\":\"GET\",\"url\":\"/videos\",\"status\":\"200\",\"responseTime\":\"318.024\"}","timestamp":"2024-12-02T07:06:54.088Z"}
{"level":"\u001b[32minfo\u001b[39m","message":"{\"method\":\"PUT\",\"url\":\"/updateviews\",\"status\":\"200\",\"responseTime\":\"3.811\"}","timestamp":"2024-12-02T07:06:56.053Z"}
{"level":"\u001b[32minfo\u001b[39m","message":"{\"method\":\"GET\",\"url\":\"/video/672b2e18893d41e294fe48e4\",\"status\":\"200\",\"responseTime\":\"392.829\"}","timestamp":"2024-12-02T07:06:56.412Z"}
{"level":"\u001b[32minfo\u001b[39m","message":"{\"method\":\"GET\",\"url\":\"/fetchOther/672b2e18893d41e294fe48e4\",\"status\":\"200\",\"responseTime\":\"390.009\"}","timestamp":"2024-12-02T07:06:56.455Z"}
{"level":"\u001b[32minfo\u001b[39m","message":"{\"method\":\"POST\",\"url\":\"/likevideo\",\"status\":\"200\",\"responseTime\":\"15.837\"}","timestamp":"2024-12-02T07:06:59.989Z"}
{"level":"\u001b[32minfo\u001b[39m","message":"{\"method\":\"GET\",\"url\":\"/videos\",\"status\":\"200\",\"responseTime\":\"310.203\"}","timestamp":"2024-12-02T07:07:40.375Z"}
{"level":"\u001b[32minfo\u001b[39m","message":"{\"method\":\"PUT\",\"url\":\"/updateviews\",\"status\":\"200\",\"responseTime\":\"3.586\"}","timestamp":"2024-12-02T07:07:42.356Z"}
{"level":"\u001b[32minfo\u001b[39m","message":"{\"method\":\"GET\",\"url\":\"/fetchOther/672b2e18893d41e294fe48e4\",\"status\":\"304\",\"responseTime\":\"99.576\"}","timestamp":"2024-12-02T07:07:42.463Z"}
{"level":"\u001b[32minfo\u001b[39m","message":"{\"method\":\"GET\",\"url\":\"/video/672b2e18893d41e294fe48e4\",\"status\":\"200\",\"responseTime\":\"381.771\"}","timestamp":"2024-12-02T07:07:42.697Z"}
{"level":"\u001b[32minfo\u001b[39m","message":"{\"method\":\"GET\",\"url\":\"/videos\",\"status\":\"200\",\"responseTime\":\"187.237\"}","timestamp":"2024-12-02T07:07:45.890Z"}
{"level":"\u001b[32minfo\u001b[39m","message":"{\"method\":\"PUT\",\"url\":\"/updateviews\",\"status\":\"200\",\"responseTime\":\"4.490\"}","timestamp":"2024-12-02T07:08:06.041Z"}
{"level":"\u001b[32minfo\u001b[39m","message":"{\"method\":\"GET\",\"url\":\"/fetchOther/672b2e18893d41e294fe48e4\",\"status\":\"304\",\"responseTime\":\"120.104\"}","timestamp":"2024-12-02T07:08:06.209Z"}
{"level":"\u001b[32minfo\u001b[39m","message":"{\"method\":\"GET\",\"url\":\"/video/672b2e18893d41e294fe48e4\",\"status\":\"200\",\"responseTime\":\"382.538\"}","timestamp":"2024-12-02T07:08:06.410Z"}
{"level":"\u001b[32minfo\u001b[39m","message":"{\"method\":\"GET\",\"url\":\"/videos\",\"status\":\"200\",\"responseTime\":\"307.733\"}","timestamp":"2024-12-02T07:08:31.074Z"}
{"level":"\u001b[32minfo\u001b[39m","message":"{\"method\":\"PUT\",\"url\":\"/updateviews\",\"status\":\"200\",\"responseTime\":\"10.258\"}","timestamp":"2024-12-02T07:48:27.981Z"}
{"level":"\u001b[32minfo\u001b[39m","message":"{\"method\":\"GET\",\"url\":\"/fetchOther/672b2639467bb75f87c5f750\",\"status\":\"200\",\"responseTime\":\"94.599\"}","timestamp":"2024-12-02T07:48:28.109Z"}
{"level":"\u001b[32minfo\u001b[39m","message":"{\"method\":\"GET\",\"url\":\"/video/672b2639467bb75f87c5f750\",\"status\":\"200\",\"responseTime\":\"2461.804\"}","timestamp":"2024-12-02T07:48:28.412Z"}
{"level":"\u001b[32minfo\u001b[39m","message":"{\"method\":\"GET\",\"url\":\"/videos\",\"status\":\"200\",\"responseTime\":\"604.372\"}","timestamp":"2024-12-02T07:48:33.146Z"}
{"level":"\u001b[32minfo\u001b[39m","message":"{\"method\":\"GET\",\"url\":\"/videos\",\"status\":\"304\",\"responseTime\":\"139.821\"}","timestamp":"2024-12-02T07:55:15.478Z"}
{"level":"\u001b[32minfo\u001b[39m","message":"{\"method\":\"GET\",\"url\":\"/videos\",\"status\":\"304\",\"responseTime\":\"160.744\"}","timestamp":"2024-12-02T07:56:56.780Z"}
{"level":"\u001b[32minfo\u001b[39m","message":"{\"method\":\"GET\",\"url\":\"/videos\",\"status\":\"304\",\"responseTime\":\"152.412\"}","timestamp":"2024-12-02T07:57:03.730Z"}
{"level":"\u001b[32minfo\u001b[39m","message":"{\"method\":\"PUT\",\"url\":\"/updateviews\",\"status\":\"200\",\"responseTime\":\"16.495\"}","timestamp":"2024-12-02T08:00:51.027Z"}
{"level":"\u001b[32minfo\u001b[39m","message":"{\"method\":\"GET\",\"url\":\"/fetchOther/672b2639467bb75f87c5f750\",\"status\":\"304\",\"responseTime\":\"65.708\"}","timestamp":"2024-12-02T08:00:51.157Z"}
{"level":"\u001b[32minfo\u001b[39m","message":"{\"method\":\"GET\",\"url\":\"/video/672b2639467bb75f87c5f750\",\"status\":\"200\",\"responseTime\":\"856.566\"}","timestamp":"2024-12-02T08:00:51.521Z"}
{"level":"\u001b[32minfo\u001b[39m","message":"{\"method\":\"POST\",\"url\":\"/unlike\",\"status\":\"200\",\"responseTime\":\"64.836\"}","timestamp":"2024-12-02T08:00:53.466Z"}
{"level":"\u001b[32minfo\u001b[39m","message":"{\"method\":\"GET\",\"url\":\"/videos\",\"status\":\"200\",\"responseTime\":\"408.014\"}","timestamp":"2024-12-02T08:00:58.269Z"}
{"level":"\u001b[32minfo\u001b[39m","message":"{\"method\":\"PUT\",\"url\":\"/updateviews\",\"status\":\"200\",\"responseTime\":\"8.825\"}","timestamp":"2024-12-02T08:00:59.436Z"}
{"level":"\u001b[32minfo\u001b[39m","message":"{\"method\":\"GET\",\"url\":\"/fetchOther/672b2639467bb75f87c5f750\",\"status\":\"304\",\"responseTime\":\"115.422\"}","timestamp":"2024-12-02T08:00:59.589Z"}
{"level":"\u001b[32minfo\u001b[39m","message":"{\"method\":\"GET\",\"url\":\"/video/672b2639467bb75f87c5f750\",\"status\":\"200\",\"responseTime\":\"392.654\"}","timestamp":"2024-12-02T08:00:59.792Z"}
{"level":"\u001b[32minfo\u001b[39m","message":"{\"method\":\"POST\",\"url\":\"/likevideo\",\"status\":\"200\",\"responseTime\":\"19.035\"}","timestamp":"2024-12-02T08:01:03.039Z"}
{"level":"\u001b[32minfo\u001b[39m","message":"{\"method\":\"GET\",\"url\":\"/videos\",\"status\":\"200\",\"responseTime\":\"297.126\"}","timestamp":"2024-12-02T08:01:05.167Z"}
{"level":"\u001b[32minfo\u001b[39m","message":"{\"method\":\"PUT\",\"url\":\"/updateviews\",\"status\":\"200\",\"responseTime\":\"4.336\"}","timestamp":"2024-12-02T08:01:06.958Z"}
{"level":"\u001b[32minfo\u001b[39m","message":"{\"method\":\"GET\",\"url\":\"/video/672b2639467bb75f87c5f750\",\"status\":\"200\",\"responseTime\":\"425.799\"}","timestamp":"2024-12-02T08:01:07.355Z"}
{"level":"\u001b[32minfo\u001b[39m","message":"{\"method\":\"GET\",\"url\":\"/fetchOther/672b2639467bb75f87c5f750\",\"status\":\"304\",\"responseTime\":\"454.862\"}","timestamp":"2024-12-02T08:01:07.421Z"}
{"level":"\u001b[32minfo\u001b[39m","message":"{\"method\":\"PUT\",\"url\":\"/updateviews\",\"status\":\"200\",\"responseTime\":\"5.195\"}","timestamp":"2024-12-02T08:44:04.807Z"}
{"level":"\u001b[32minfo\u001b[39m","message":"{\"method\":\"GET\",\"url\":\"/fetchOther/672b2639467bb75f87c5f750\",\"status\":\"304\",\"responseTime\":\"1040.449\"}","timestamp":"2024-12-02T08:44:05.887Z"}
{"level":"\u001b[32minfo\u001b[39m","message":"{\"method\":\"GET\",\"url\":\"/video/672b2639467bb75f87c5f750\",\"status\":\"200\",\"responseTime\":\"1762.157\"}","timestamp":"2024-12-02T08:44:06.518Z"}
{"level":"\u001b[32minfo\u001b[39m","message":"{\"method\":\"GET\",\"url\":\"/videos\",\"status\":\"200\",\"responseTime\":\"357.230\"}","timestamp":"2024-12-02T08:46:40.586Z"}
{"level":"\u001b[32minfo\u001b[39m","message":"{\"method\":\"GET\",\"url\":\"/videos\",\"status\":\"304\",\"responseTime\":\"385.385\"}","timestamp":"2024-12-02T08:48:38.109Z"}
{"level":"\u001b[32minfo\u001b[39m","message":"{\"method\":\"GET\",\"url\":\"/videos\",\"status\":\"304\",\"responseTime\":\"999.839\"}","timestamp":"2024-12-02T08:49:28.311Z"}
{"level":"\u001b[32minfo\u001b[39m","message":"{\"method\":\"GET\",\"url\":\"/videos\",\"status\":\"304\",\"responseTime\":\"285.481\"}","timestamp":"2024-12-02T08:49:31.437Z"}
{"level":"\u001b[32minfo\u001b[39m","message":"{\"method\":\"GET\",\"url\":\"/videos\",\"status\":\"304\",\"responseTime\":\"244.762\"}","timestamp":"2024-12-02T08:52:03.298Z"}
{"level":"\u001b[32minfo\u001b[39m","message":"{\"method\":\"GET\",\"url\":\"/videos\",\"status\":\"304\",\"responseTime\":\"593.038\"}","timestamp":"2024-12-02T08:52:07.077Z"}
{"level":"\u001b[32minfo\u001b[39m","message":"{\"method\":\"GET\",\"url\":\"/videos\",\"status\":\"304\",\"responseTime\":\"225.696\"}","timestamp":"2024-12-02T08:52:13.379Z"}
{"level":"\u001b[32minfo\u001b[39m","message":"{\"method\":\"GET\",\"url\":\"/videos\",\"status\":\"304\",\"responseTime\":\"258.759\"}","timestamp":"2024-12-02T08:53:49.393Z"}
{"level":"\u001b[32minfo\u001b[39m","message":"{\"method\":\"GET\",\"url\":\"/videos\",\"status\":\"304\",\"responseTime\":\"661.912\"}","timestamp":"2024-12-02T08:55:45.877Z"}
{"level":"\u001b[32minfo\u001b[39m","message":"{\"method\":\"GET\",\"url\":\"/videos\",\"status\":\"304\",\"responseTime\":\"463.936\"}","timestamp":"2024-12-02T08:55:49.001Z"}
{"level":"\u001b[32minfo\u001b[39m","message":"{\"method\":\"GET\",\"url\":\"/videos\",\"status\":\"304\",\"responseTime\":\"213.058\"}","timestamp":"2024-12-02T08:55:55.864Z"}
{"level":"\u001b[32minfo\u001b[39m","message":"{\"method\":\"GET\",\"url\":\"/topfive\",\"status\":\"200\",\"responseTime\":\"56.620\"}","timestamp":"2024-12-02T08:58:44.761Z"}
{"level":"\u001b[32minfo\u001b[39m","message":"{\"method\":\"GET\",\"url\":\"/videos\",\"status\":\"304\",\"responseTime\":\"194.975\"}","timestamp":"2024-12-02T09:11:57.352Z"}
{"level":"\u001b[32minfo\u001b[39m","message":"{\"method\":\"GET\",\"url\":\"/videos\",\"status\":\"304\",\"responseTime\":\"437.194\"}","timestamp":"2024-12-02T09:12:01.574Z"}
{"level":"\u001b[32minfo\u001b[39m","message":"{\"method\":\"GET\",\"url\":\"/videos\",\"status\":\"304\",\"responseTime\":\"204.143\"}","timestamp":"2024-12-02T09:12:03.328Z"}
{"level":"\u001b[32minfo\u001b[39m","message":"{\"method\":\"GET\",\"url\":\"/videos\",\"status\":\"304\",\"responseTime\":\"195.593\"}","timestamp":"2024-12-02T09:12:15.128Z"}
{"level":"\u001b[32minfo\u001b[39m","message":"{\"method\":\"GET\",\"url\":\"/videos\",\"status\":\"304\",\"responseTime\":\"198.178\"}","timestamp":"2024-12-02T09:12:18.687Z"}
{"level":"\u001b[32minfo\u001b[39m","message":"{\"method\":\"GET\",\"url\":\"/videos\",\"status\":\"304\",\"responseTime\":\"205.136\"}","timestamp":"2024-12-02T09:12:38.783Z"}
{"level":"\u001b[32minfo\u001b[39m","message":"{\"method\":\"GET\",\"url\":\"/videos\",\"status\":\"304\",\"responseTime\":\"207.024\"}","timestamp":"2024-12-02T09:12:48.453Z"}
{"level":"\u001b[32minfo\u001b[39m","message":"{\"method\":\"GET\",\"url\":\"/videos\",\"status\":\"304\",\"responseTime\":\"259.792\"}","timestamp":"2024-12-02T09:23:09.228Z"}
{"level":"\u001b[32minfo\u001b[39m","message":"{\"method\":\"GET\",\"url\":\"/videos\",\"status\":\"304\",\"responseTime\":\"345.988\"}","timestamp":"2024-12-02T09:44:46.025Z"}
{"level":"\u001b[32minfo\u001b[39m","message":"{\"method\":\"GET\",\"url\":\"/videos\",\"status\":\"304\",\"responseTime\":\"1888.736\"}","timestamp":"2024-12-02T09:45:07.843Z"}
{"level":"\u001b[32minfo\u001b[39m","message":"{\"method\":\"GET\",\"url\":\"/videos\",\"status\":\"304\",\"responseTime\":\"367.357\"}","timestamp":"2024-12-02T09:47:43.689Z"}
{"level":"\u001b[32minfo\u001b[39m","message":"{\"method\":\"GET\",\"url\":\"/videos\",\"status\":\"304\",\"responseTime\":\"930.025\"}","timestamp":"2024-12-02T09:48:06.224Z"}
{"level":"\u001b[32minfo\u001b[39m","message":"{\"method\":\"GET\",\"url\":\"/videos\",\"status\":\"304\",\"responseTime\":\"446.102\"}","timestamp":"2024-12-02T09:48:14.503Z"}
{"level":"\u001b[32minfo\u001b[39m","message":"{\"method\":\"GET\",\"url\":\"/videos\",\"status\":\"304\",\"responseTime\":\"456.675\"}","timestamp":"2024-12-02T09:51:39.619Z"}
{"level":"\u001b[32minfo\u001b[39m","message":"{\"method\":\"GET\",\"url\":\"/likedvideos\",\"status\":\"400\",\"responseTime\":\"5.782\"}","timestamp":"2024-12-02T10:01:28.388Z"}
{"level":"\u001b[32minfo\u001b[39m","message":"{\"method\":\"GET\",\"url\":\"/videos\",\"status\":\"304\",\"responseTime\":\"435.598\"}","timestamp":"2024-12-02T10:02:15.626Z"}
{"level":"\u001b[32minfo\u001b[39m","message":"{\"method\":\"GET\",\"url\":\"/videos\",\"status\":\"304\",\"responseTime\":\"208.914\"}","timestamp":"2024-12-02T10:02:20.576Z"}
{"level":"\u001b[32minfo\u001b[39m","message":"{\"method\":\"GET\",\"url\":\"/likedvideos\",\"status\":\"400\",\"responseTime\":\"1.424\"}","timestamp":"2024-12-02T10:02:23.149Z"}
{"level":"\u001b[32minfo\u001b[39m","message":"{\"method\":\"GET\",\"url\":\"/videos\",\"status\":\"200\",\"responseTime\":\"528.577\"}","timestamp":"2024-12-02T10:03:31.854Z"}
{"level":"\u001b[32minfo\u001b[39m","message":"{\"method\":\"GET\",\"url\":\"/likedvideos\",\"status\":\"500\",\"responseTime\":\"219.623\"}","timestamp":"2024-12-02T10:03:33.208Z"}
{"level":"\u001b[32minfo\u001b[39m","message":"{\"method\":\"GET\",\"url\":\"/videos\",\"status\":\"304\",\"responseTime\":\"502.739\"}","timestamp":"2024-12-02T10:05:17.713Z"}
{"level":"\u001b[32minfo\u001b[39m","message":"{\"method\":\"GET\",\"url\":\"/likedvideos\",\"status\":\"200\",\"responseTime\":\"176.011\"}","timestamp":"2024-12-02T10:05:18.843Z"}
{"level":"\u001b[32minfo\u001b[39m","message":"{\"method\":\"GET\",\"url\":\"/likedvideos\",\"status\":\"304\",\"responseTime\":\"88.598\"}","timestamp":"2024-12-02T10:06:26.263Z"}
{"level":"\u001b[32minfo\u001b[39m","message":"{\"method\":\"GET\",\"url\":\"/likedvideos\",\"status\":\"200\",\"responseTime\":\"523.568\"}","timestamp":"2024-12-02T10:07:11.705Z"}
{"level":"\u001b[32minfo\u001b[39m","message":"{\"method\":\"GET\",\"url\":\"/likedvideos\",\"status\":\"304\",\"responseTime\":\"229.577\"}","timestamp":"2024-12-02T10:19:34.720Z"}
{"level":"\u001b[32minfo\u001b[39m","message":"{\"method\":\"GET\",\"url\":\"/likedvideos\",\"status\":\"200\",\"responseTime\":\"292.625\"}","timestamp":"2024-12-02T10:23:20.782Z"}
{"level":"\u001b[32minfo\u001b[39m","message":"{\"method\":\"GET\",\"url\":\"/likedvideos\",\"status\":\"200\",\"responseTime\":\"260.208\"}","timestamp":"2024-12-02T10:25:02.947Z"}
{"level":"\u001b[32minfo\u001b[39m","message":"{\"method\":\"GET\",\"url\":\"/likedvideos\",\"status\":\"304\",\"responseTime\":\"176.072\"}","timestamp":"2024-12-02T10:34:11.054Z"}
{"level":"\u001b[32minfo\u001b[39m","message":"{\"method\":\"GET\",\"url\":\"/likedvideos\",\"status\":\"304\",\"responseTime\":\"233.027\"}","timestamp":"2024-12-02T10:34:50.643Z"}
{"level":"\u001b[32minfo\u001b[39m","message":"{\"method\":\"GET\",\"url\":\"/likedvideos\",\"status\":\"304\",\"responseTime\":\"192.748\"}","timestamp":"2024-12-02T10:36:41.538Z"}
{"level":"\u001b[32minfo\u001b[39m","message":"{\"method\":\"GET\",\"url\":\"/videos\",\"status\":\"304\",\"responseTime\":\"272.739\"}","timestamp":"2024-12-02T10:36:52.262Z"}
{"level":"\u001b[32minfo\u001b[39m","message":"{\"method\":\"GET\",\"url\":\"/likedvideos\",\"status\":\"304\",\"responseTime\":\"149.812\"}","timestamp":"2024-12-02T10:36:53.498Z"}
{"level":"\u001b[32minfo\u001b[39m","message":"{\"method\":\"GET\",\"url\":\"/likedvideos\",\"status\":\"304\",\"responseTime\":\"246.658\"}","timestamp":"2024-12-02T10:39:55.387Z"}
{"level":"\u001b[32minfo\u001b[39m","message":"{\"method\":\"GET\",\"url\":\"/likedvideos\",\"status\":\"304\",\"responseTime\":\"150.414\"}","timestamp":"2024-12-02T10:40:54.037Z"}
{"level":"\u001b[32minfo\u001b[39m","message":"{\"method\":\"GET\",\"url\":\"/likedvideos\",\"status\":\"304\",\"responseTime\":\"595.973\"}","timestamp":"2024-12-02T10:41:17.473Z"}
{"level":"\u001b[32minfo\u001b[39m","message":"{\"method\":\"GET\",\"url\":\"/likedvideos\",\"status\":\"304\",\"responseTime\":\"212.916\"}","timestamp":"2024-12-02T10:41:19.020Z"}
{"level":"\u001b[32minfo\u001b[39m","message":"{\"method\":\"GET\",\"url\":\"/likedvideos\",\"status\":\"304\",\"responseTime\":\"310.049\"}","timestamp":"2024-12-02T10:49:10.333Z"}
{"level":"\u001b[32minfo\u001b[39m","message":"{\"method\":\"GET\",\"url\":\"/likedvideos\",\"status\":\"304\",\"responseTime\":\"136.306\"}","timestamp":"2024-12-02T10:49:56.086Z"}
{"level":"\u001b[32minfo\u001b[39m","message":"{\"method\":\"GET\",\"url\":\"/likedvideos\",\"status\":\"304\",\"responseTime\":\"149.266\"}","timestamp":"2024-12-02T10:50:08.725Z"}
{"level":"\u001b[32minfo\u001b[39m","message":"{\"method\":\"GET\",\"url\":\"/likedvideos\",\"status\":\"304\",\"responseTime\":\"182.485\"}","timestamp":"2024-12-02T10:50:12.323Z"}
{"level":"\u001b[32minfo\u001b[39m","message":"{\"method\":\"GET\",\"url\":\"/likedvideos\",\"status\":\"304\",\"responseTime\":\"123.511\"}","timestamp":"2024-12-02T10:50:14.069Z"}
{"level":"\u001b[32minfo\u001b[39m","message":"{\"method\":\"GET\",\"url\":\"/likedvideos\",\"status\":\"304\",\"responseTime\":\"125.172\"}","timestamp":"2024-12-02T10:50:15.243Z"}
{"level":"\u001b[32minfo\u001b[39m","message":"{\"method\":\"GET\",\"url\":\"/videos\",\"status\":\"304\",\"responseTime\":\"255.677\"}","timestamp":"2024-12-02T10:50:22.378Z"}
{"level":"\u001b[32minfo\u001b[39m","message":"{\"method\":\"PUT\",\"url\":\"/updateviews\",\"status\":\"200\",\"responseTime\":\"9.066\"}","timestamp":"2024-12-02T10:50:24.496Z"}
{"level":"\u001b[32minfo\u001b[39m","message":"{\"method\":\"GET\",\"url\":\"/fetchOther/67381e4249441b2bf62f98a0\",\"status\":\"200\",\"responseTime\":\"59.427\"}","timestamp":"2024-12-02T10:50:24.591Z"}
{"level":"\u001b[32minfo\u001b[39m","message":"{\"method\":\"GET\",\"url\":\"/video/67381e4249441b2bf62f98a0\",\"status\":\"304\",\"responseTime\":\"1133.163\"}","timestamp":"2024-12-02T10:50:25.274Z"}
{"level":"\u001b[32minfo\u001b[39m","message":"{\"method\":\"GET\",\"url\":\"/videos\",\"status\":\"200\",\"responseTime\":\"207.128\"}","timestamp":"2024-12-02T10:50:27.187Z"}
{"level":"\u001b[32minfo\u001b[39m","message":"{\"method\":\"PUT\",\"url\":\"/updateviews\",\"status\":\"200\",\"responseTime\":\"4.631\"}","timestamp":"2024-12-02T10:50:30.232Z"}
{"level":"\u001b[32minfo\u001b[39m","message":"{\"method\":\"GET\",\"url\":\"/video/673f37fcae355142ad5a8a61\",\"status\":\"200\",\"responseTime\":\"904.868\"}","timestamp":"2024-12-02T10:50:31.111Z"}
{"level":"\u001b[32minfo\u001b[39m","message":"{\"method\":\"GET\",\"url\":\"/fetchOther/673f37fcae355142ad5a8a61\",\"status\":\"200\",\"responseTime\":\"922.349\"}","timestamp":"2024-12-02T10:50:31.167Z"}
{"level":"\u001b[32minfo\u001b[39m","message":"{\"method\":\"POST\",\"url\":\"/likevideo\",\"status\":\"200\",\"responseTime\":\"14.942\"}","timestamp":"2024-12-02T10:50:33.056Z"}
{"level":"\u001b[32minfo\u001b[39m","message":"{\"method\":\"GET\",\"url\":\"/videos\",\"status\":\"200\",\"responseTime\":\"245.433\"}","timestamp":"2024-12-02T10:50:35.786Z"}
{"level":"\u001b[32minfo\u001b[39m","message":"{\"method\":\"GET\",\"url\":\"/likedvideos\",\"status\":\"200\",\"responseTime\":\"278.568\"}","timestamp":"2024-12-02T10:50:39.112Z"}
{"level":"\u001b[32minfo\u001b[39m","message":"{\"method\":\"GET\",\"url\":\"/likedvideos\",\"status\":\"304\",\"responseTime\":\"351.456\"}","timestamp":"2024-12-02T10:51:52.241Z"}
{"level":"\u001b[32minfo\u001b[39m","message":"{\"method\":\"GET\",\"url\":\"/likedvideos\",\"status\":\"304\",\"responseTime\":\"337.433\"}","timestamp":"2024-12-02T10:52:43.249Z"}
{"level":"\u001b[32minfo\u001b[39m","message":"{\"method\":\"GET\",\"url\":\"/likedvideos\",\"status\":\"304\",\"responseTime\":\"313.324\"}","timestamp":"2024-12-02T10:52:51.542Z"}
{"level":"\u001b[32minfo\u001b[39m","message":"{\"method\":\"GET\",\"url\":\"/likedvideos\",\"status\":\"304\",\"responseTime\":\"175.948\"}","timestamp":"2024-12-02T10:53:18.682Z"}
{"level":"\u001b[32minfo\u001b[39m","message":"{\"method\":\"GET\",\"url\":\"/likedvideos\",\"status\":\"304\",\"responseTime\":\"260.108\"}","timestamp":"2024-12-02T10:53:26.428Z"}
{"level":"\u001b[32minfo\u001b[39m","message":"{\"method\":\"GET\",\"url\":\"/likedvideos\",\"status\":\"304\",\"responseTime\":\"205.714\"}","timestamp":"2024-12-02T10:53:29.001Z"}
{"level":"\u001b[32minfo\u001b[39m","message":"{\"method\":\"GET\",\"url\":\"/likedvideos\",\"status\":\"304\",\"responseTime\":\"507.620\"}","timestamp":"2024-12-02T10:53:51.592Z"}
{"level":"\u001b[32minfo\u001b[39m","message":"{\"method\":\"GET\",\"url\":\"/likedvideos\",\"status\":\"304\",\"responseTime\":\"238.172\"}","timestamp":"2024-12-02T10:53:52.607Z"}
{"level":"\u001b[32minfo\u001b[39m","message":"{\"method\":\"GET\",\"url\":\"/likedvideos\",\"status\":\"304\",\"responseTime\":\"137.527\"}","timestamp":"2024-12-02T10:53:55.862Z"}
{"level":"\u001b[32minfo\u001b[39m","message":"{\"method\":\"GET\",\"url\":\"/likedvideos\",\"status\":\"304\",\"responseTime\":\"152.907\"}","timestamp":"2024-12-02T10:54:06.910Z"}
{"level":"\u001b[32minfo\u001b[39m","message":"{\"method\":\"GET\",\"url\":\"/likedvideos\",\"status\":\"304\",\"responseTime\":\"243.771\"}","timestamp":"2024-12-02T10:54:08.461Z"}
{"level":"\u001b[32minfo\u001b[39m","message":"{\"method\":\"GET\",\"url\":\"/likedvideos\",\"status\":\"304\",\"responseTime\":\"174.605\"}","timestamp":"2024-12-02T10:54:40.936Z"}
{"level":"\u001b[32minfo\u001b[39m","message":"{\"method\":\"GET\",\"url\":\"/likedvideos\",\"status\":\"304\",\"responseTime\":\"172.779\"}","timestamp":"2024-12-02T10:56:04.744Z"}
{"level":"\u001b[32minfo\u001b[39m","message":"{\"method\":\"GET\",\"url\":\"/likedvideos\",\"status\":\"304\",\"responseTime\":\"139.234\"}","timestamp":"2024-12-02T10:57:24.859Z"}
{"level":"\u001b[32minfo\u001b[39m","message":"{\"method\":\"GET\",\"url\":\"/likedvideos\",\"status\":\"304\",\"responseTime\":\"323.334\"}","timestamp":"2024-12-02T10:57:31.811Z"}
{"level":"\u001b[32minfo\u001b[39m","message":"{\"method\":\"GET\",\"url\":\"/likedvideos\",\"status\":\"304\",\"responseTime\":\"272.175\"}","timestamp":"2024-12-02T10:58:12.618Z"}
{"level":"\u001b[32minfo\u001b[39m","message":"{\"method\":\"GET\",\"url\":\"/likedvideos\",\"status\":\"304\",\"responseTime\":\"163.677\"}","timestamp":"2024-12-02T10:58:20.377Z"}
{"level":"\u001b[32minfo\u001b[39m","message":"{\"method\":\"GET\",\"url\":\"/likedvideos\",\"status\":\"304\",\"responseTime\":\"139.331\"}","timestamp":"2024-12-02T10:58:30.388Z"}
{"level":"\u001b[32minfo\u001b[39m","message":"{\"method\":\"GET\",\"url\":\"/likedvideos\",\"status\":\"304\",\"responseTime\":\"190.195\"}","timestamp":"2024-12-02T10:58:40.522Z"}
{"level":"\u001b[32minfo\u001b[39m","message":"{\"method\":\"GET\",\"url\":\"/likedvideos\",\"status\":\"304\",\"responseTime\":\"161.034\"}","timestamp":"2024-12-02T10:58:56.001Z"}
{"level":"\u001b[32minfo\u001b[39m","message":"{\"method\":\"GET\",\"url\":\"/likedvideos\",\"status\":\"304\",\"responseTime\":\"153.424\"}","timestamp":"2024-12-02T10:59:08.261Z"}
{"level":"\u001b[32minfo\u001b[39m","message":"{\"method\":\"GET\",\"url\":\"/likedvideos\",\"status\":\"304\",\"responseTime\":\"138.704\"}","timestamp":"2024-12-02T10:59:25.028Z"}
{"level":"\u001b[32minfo\u001b[39m","message":"{\"method\":\"GET\",\"url\":\"/videos\",\"status\":\"304\",\"responseTime\":\"200.185\"}","timestamp":"2024-12-02T10:59:32.058Z"}
{"level":"\u001b[32minfo\u001b[39m","message":"{\"method\":\"GET\",\"url\":\"/likedvideos\",\"status\":\"304\",\"responseTime\":\"195.744\"}","timestamp":"2024-12-02T10:59:34.060Z"}
{"level":"\u001b[32minfo\u001b[39m","message":"{\"method\":\"GET\",\"url\":\"/likedvideos\",\"status\":\"304\",\"responseTime\":\"248.995\"}","timestamp":"2024-12-02T11:00:49.980Z"}
{"level":"\u001b[32minfo\u001b[39m","message":"{\"method\":\"GET\",\"url\":\"/likedvideos\",\"status\":\"304\",\"responseTime\":\"252.608\"}","timestamp":"2024-12-02T11:00:57.244Z"}
{"level":"\u001b[32minfo\u001b[39m","message":"{\"method\":\"GET\",\"url\":\"/likedvideos\",\"status\":\"304\",\"responseTime\":\"190.243\"}","timestamp":"2024-12-02T11:01:07.837Z"}
{"level":"\u001b[32minfo\u001b[39m","message":"{\"method\":\"GET\",\"url\":\"/likedvideos\",\"status\":\"304\",\"responseTime\":\"168.089\"}","timestamp":"2024-12-02T11:01:09.129Z"}
{"level":"\u001b[32minfo\u001b[39m","message":"{\"method\":\"GET\",\"url\":\"/likedvideos\",\"status\":\"304\",\"responseTime\":\"213.471\"}","timestamp":"2024-12-02T11:01:21.347Z"}
{"level":"\u001b[32minfo\u001b[39m","message":"{\"method\":\"GET\",\"url\":\"/likedvideos\",\"status\":\"304\",\"responseTime\":\"250.641\"}","timestamp":"2024-12-02T11:01:23.041Z"}
{"level":"\u001b[32minfo\u001b[39m","message":"{\"method\":\"GET\",\"url\":\"/likedvideos\",\"status\":\"304\",\"responseTime\":\"228.873\"}","timestamp":"2024-12-02T11:01:59.827Z"}
{"level":"\u001b[32minfo\u001b[39m","message":"{\"method\":\"GET\",\"url\":\"/likedvideos\",\"status\":\"304\",\"responseTime\":\"250.243\"}","timestamp":"2024-12-02T11:02:10.816Z"}
{"level":"\u001b[32minfo\u001b[39m","message":"{\"method\":\"GET\",\"url\":\"/likedvideos\",\"status\":\"304\",\"responseTime\":\"214.680\"}","timestamp":"2024-12-02T11:02:12.146Z"}
{"level":"\u001b[32minfo\u001b[39m","message":"{\"method\":\"GET\",\"url\":\"/likedvideos\",\"status\":\"304\",\"responseTime\":\"269.231\"}","timestamp":"2024-12-02T11:02:21.407Z"}
{"level":"\u001b[32minfo\u001b[39m","message":"{\"method\":\"GET\",\"url\":\"/likedvideos\",\"status\":\"304\",\"responseTime\":\"529.180\"}","timestamp":"2024-12-02T11:02:23.064Z"}
{"level":"\u001b[32minfo\u001b[39m","message":"{\"method\":\"GET\",\"url\":\"/likedvideos\",\"status\":\"304\",\"responseTime\":\"152.725\"}","timestamp":"2024-12-02T11:02:27.702Z"}
{"level":"\u001b[32minfo\u001b[39m","message":"{\"method\":\"GET\",\"url\":\"/likedvideos\",\"status\":\"304\",\"responseTime\":\"140.901\"}","timestamp":"2024-12-02T11:02:35.987Z"}
{"level":"\u001b[32minfo\u001b[39m","message":"{\"method\":\"GET\",\"url\":\"/likedvideos\",\"status\":\"304\",\"responseTime\":\"184.504\"}","timestamp":"2024-12-02T11:02:37.008Z"}
{"level":"\u001b[32minfo\u001b[39m","message":"{\"method\":\"GET\",\"url\":\"/videos\",\"status\":\"304\",\"responseTime\":\"217.720\"}","timestamp":"2024-12-02T11:02:48.955Z"}
{"level":"\u001b[32minfo\u001b[39m","message":"{\"method\":\"PUT\",\"url\":\"/updateviews\",\"status\":\"200\",\"responseTime\":\"4.604\"}","timestamp":"2024-12-02T11:02:51.615Z"}
{"level":"\u001b[32minfo\u001b[39m","message":"{\"method\":\"GET\",\"url\":\"/fetchOther/673f2e9fae355142ad5a8a3b\",\"status\":\"200\",\"responseTime\":\"110.675\"}","timestamp":"2024-12-02T11:02:51.736Z"}
{"level":"\u001b[32minfo\u001b[39m","message":"{\"method\":\"GET\",\"url\":\"/video/673f2e9fae355142ad5a8a3b\",\"status\":\"200\",\"responseTime\":\"1133.224\"}","timestamp":"2024-12-02T11:02:52.702Z"}
{"level":"\u001b[32minfo\u001b[39m","message":"{\"method\":\"POST\",\"url\":\"/likevideo\",\"status\":\"200\",\"responseTime\":\"5.632\"}","timestamp":"2024-12-02T11:02:53.939Z"}
{"level":"\u001b[32minfo\u001b[39m","message":"{\"method\":\"GET\",\"url\":\"/videos\",\"status\":\"200\",\"responseTime\":\"392.507\"}","timestamp":"2024-12-02T11:02:59.466Z"}
{"level":"\u001b[32minfo\u001b[39m","message":"{\"method\":\"GET\",\"url\":\"/likedvideos\",\"status\":\"200\",\"responseTime\":\"306.735\"}","timestamp":"2024-12-02T11:03:00.289Z"}
{"level":"\u001b[32minfo\u001b[39m","message":"{\"method\":\"GET\",\"url\":\"/videos\",\"status\":\"304\",\"responseTime\":\"253.008\"}","timestamp":"2024-12-02T11:13:16.310Z"}
{"level":"\u001b[32minfo\u001b[39m","message":"{\"method\":\"PUT\",\"url\":\"/updateviews\",\"status\":\"200\",\"responseTime\":\"4.134\"}","timestamp":"2024-12-02T11:13:18.498Z"}
{"level":"\u001b[32minfo\u001b[39m","message":"{\"method\":\"GET\",\"url\":\"/fetchOther/672b2639467bb75f87c5f750\",\"status\":\"200\",\"responseTime\":\"75.923\"}","timestamp":"2024-12-02T11:13:18.591Z"}
{"level":"\u001b[32minfo\u001b[39m","message":"{\"method\":\"GET\",\"url\":\"/video/672b2639467bb75f87c5f750\",\"status\":\"200\",\"responseTime\":\"452.313\"}","timestamp":"2024-12-02T11:13:18.910Z"}
{"level":"\u001b[32minfo\u001b[39m","message":"{\"method\":\"POST\",\"url\":\"/unlike\",\"status\":\"200\",\"responseTime\":\"109.587\"}","timestamp":"2024-12-02T11:13:20.899Z"}
{"level":"\u001b[32minfo\u001b[39m","message":"{\"method\":\"GET\",\"url\":\"/videos\",\"status\":\"200\",\"responseTime\":\"254.226\"}","timestamp":"2024-12-02T11:13:23.399Z"}
{"level":"\u001b[32minfo\u001b[39m","message":"{\"method\":\"GET\",\"url\":\"/likedvideos\",\"status\":\"200\",\"responseTime\":\"485.459\"}","timestamp":"2024-12-02T11:13:25.933Z"}
{"level":"\u001b[32minfo\u001b[39m","message":"{\"method\":\"GET\",\"url\":\"/videos\",\"status\":\"304\",\"responseTime\":\"199.415\"}","timestamp":"2024-12-02T11:13:29.330Z"}
{"level":"\u001b[32minfo\u001b[39m","message":"{\"method\":\"GET\",\"url\":\"/likedvideos\",\"status\":\"304\",\"responseTime\":\"344.436\"}","timestamp":"2024-12-02T11:15:41.374Z"}
{"level":"\u001b[32minfo\u001b[39m","message":"{\"method\":\"GET\",\"url\":\"/videos\",\"status\":\"304\",\"responseTime\":\"291.245\"}","timestamp":"2024-12-02T11:15:45.271Z"}
{"level":"\u001b[32minfo\u001b[39m","message":"{\"method\":\"GET\",\"url\":\"/videos\",\"status\":\"304\",\"responseTime\":\"323.368\"}","timestamp":"2024-12-02T11:17:03.258Z"}
{"level":"\u001b[32minfo\u001b[39m","message":"{\"method\":\"GET\",\"url\":\"/videos\",\"status\":\"304\",\"responseTime\":\"581.312\"}","timestamp":"2024-12-02T11:18:15.265Z"}
{"level":"\u001b[32minfo\u001b[39m","message":"{\"method\":\"GET\",\"url\":\"/likedvideos\",\"status\":\"304\",\"responseTime\":\"279.753\"}","timestamp":"2024-12-02T11:18:18.243Z"}
{"level":"\u001b[32minfo\u001b[39m","message":"{\"method\":\"GET\",\"url\":\"/likedvideos\",\"status\":\"304\",\"responseTime\":\"261.062\"}","timestamp":"2024-12-02T11:18:35.394Z"}
{"level":"\u001b[32minfo\u001b[39m","message":"{\"method\":\"GET\",\"url\":\"/likedvideos\",\"status\":\"304\",\"responseTime\":\"243.518\"}","timestamp":"2024-12-02T11:18:39.501Z"}
{"level":"\u001b[32minfo\u001b[39m","message":"{\"method\":\"GET\",\"url\":\"/likedvideos\",\"status\":\"304\",\"responseTime\":\"299.160\"}","timestamp":"2024-12-02T11:18:42.932Z"}
{"level":"\u001b[32minfo\u001b[39m","message":"{\"method\":\"GET\",\"url\":\"/likedvideos\",\"status\":\"304\",\"responseTime\":\"413.233\"}","timestamp":"2024-12-02T11:18:45.583Z"}
{"level":"\u001b[32minfo\u001b[39m","message":"{\"method\":\"GET\",\"url\":\"/likedvideos\",\"status\":\"304\",\"responseTime\":\"288.612\"}","timestamp":"2024-12-02T11:18:49.029Z"}
{"level":"\u001b[32minfo\u001b[39m","message":"{\"method\":\"GET\",\"url\":\"/likedvideos\",\"status\":\"304\",\"responseTime\":\"159.904\"}","timestamp":"2024-12-02T11:20:01.323Z"}
