{"level":"\u001b[32minfo\u001b[39m","message":"{\"method\":\"GET\",\"url\":\"/videos\",\"status\":\"304\",\"responseTime\":\"308.515\"}","timestamp":"2024-10-30T23:22:25.127Z"}
{"level":"\u001b[32minfo\u001b[39m","message":"{\"method\":\"GET\",\"url\":\"/videos\",\"status\":\"304\",\"responseTime\":\"300.248\"}","timestamp":"2024-10-30T23:22:31.463Z"}
{"level":"\u001b[32minfo\u001b[39m","message":"{\"method\":\"GET\",\"url\":\"/videos\",\"status\":\"304\",\"responseTime\":\"219.450\"}","timestamp":"2024-10-30T23:22:37.256Z"}
{"level":"\u001b[32minfo\u001b[39m","message":"{\"method\":\"GET\",\"url\":\"/videos\",\"status\":\"304\",\"responseTime\":\"169.520\"}","timestamp":"2024-10-30T23:37:11.339Z"}
{"level":"\u001b[32minfo\u001b[39m","message":"{\"method\":\"GET\",\"url\":\"/videos\",\"status\":\"304\",\"responseTime\":\"220.214\"}","timestamp":"2024-10-30T23:37:27.308Z"}
{"level":"\u001b[32minfo\u001b[39m","message":"{\"method\":\"GET\",\"url\":\"/videos\",\"status\":\"304\",\"responseTime\":\"155.536\"}","timestamp":"2024-10-30T23:37:55.041Z"}
{"level":"\u001b[32minfo\u001b[39m","message":"{\"method\":\"GET\",\"url\":\"/videos\",\"status\":\"304\",\"responseTime\":\"153.837\"}","timestamp":"2024-10-30T23:44:33.387Z"}
{"level":"\u001b[32minfo\u001b[39m","message":"{\"method\":\"GET\",\"url\":\"/videos\",\"status\":\"304\",\"responseTime\":\"230.706\"}","timestamp":"2024-10-30T23:44:53.664Z"}
{"level":"\u001b[32minfo\u001b[39m","message":"{\"method\":\"GET\",\"url\":\"/videos\",\"status\":\"304\",\"responseTime\":\"147.948\"}","timestamp":"2024-10-30T23:46:22.272Z"}
{"level":"\u001b[32minfo\u001b[39m","message":"{\"method\":\"GET\",\"url\":\"/videos\",\"status\":\"304\",\"responseTime\":\"151.255\"}","timestamp":"2024-10-30T23:46:29.925Z"}
{"level":"\u001b[32minfo\u001b[39m","message":"{\"method\":\"GET\",\"url\":\"/videos\",\"status\":\"304\",\"responseTime\":\"144.295\"}","timestamp":"2024-10-30T23:46:32.801Z"}
{"level":"\u001b[32minfo\u001b[39m","message":"{\"method\":\"GET\",\"url\":\"/videos\",\"status\":\"304\",\"responseTime\":\"215.457\"}","timestamp":"2024-10-30T23:46:45.155Z"}
{"level":"\u001b[32minfo\u001b[39m","message":"{\"method\":\"GET\",\"url\":\"/videos\",\"status\":\"304\",\"responseTime\":\"207.135\"}","timestamp":"2024-10-30T23:46:51.383Z"}
{"level":"\u001b[32minfo\u001b[39m","message":"{\"method\":\"GET\",\"url\":\"/videos\",\"status\":\"304\",\"responseTime\":\"154.055\"}","timestamp":"2024-10-30T23:47:04.054Z"}
{"level":"\u001b[32minfo\u001b[39m","message":"{\"method\":\"GET\",\"url\":\"/videos\",\"status\":\"304\",\"responseTime\":\"201.857\"}","timestamp":"2024-10-30T23:47:30.900Z"}
{"level":"\u001b[32minfo\u001b[39m","message":"{\"method\":\"GET\",\"url\":\"/videos\",\"status\":\"304\",\"responseTime\":\"152.027\"}","timestamp":"2024-10-30T23:47:38.400Z"}
{"level":"\u001b[32minfo\u001b[39m","message":"{\"method\":\"GET\",\"url\":\"/videos\",\"status\":\"304\",\"responseTime\":\"139.700\"}","timestamp":"2024-10-30T23:47:47.214Z"}
{"level":"\u001b[32minfo\u001b[39m","message":"{\"method\":\"GET\",\"url\":\"/videos\",\"status\":\"304\",\"responseTime\":\"140.767\"}","timestamp":"2024-10-30T23:47:57.059Z"}
{"level":"\u001b[32minfo\u001b[39m","message":"{\"method\":\"GET\",\"url\":\"/videos\",\"status\":\"304\",\"responseTime\":\"145.898\"}","timestamp":"2024-10-30T23:48:23.755Z"}
{"level":"\u001b[32minfo\u001b[39m","message":"{\"method\":\"GET\",\"url\":\"/videos\",\"status\":\"304\",\"responseTime\":\"162.547\"}","timestamp":"2024-10-30T23:49:38.609Z"}
{"level":"\u001b[32minfo\u001b[39m","message":"{\"method\":\"GET\",\"url\":\"/videos\",\"status\":\"304\",\"responseTime\":\"163.428\"}","timestamp":"2024-10-30T23:49:42.076Z"}
{"level":"\u001b[32minfo\u001b[39m","message":"{\"method\":\"GET\",\"url\":\"/videos\",\"status\":\"304\",\"responseTime\":\"229.165\"}","timestamp":"2024-10-30T23:49:43.954Z"}
{"level":"\u001b[32minfo\u001b[39m","message":"{\"method\":\"GET\",\"url\":\"/videos\",\"status\":\"304\",\"responseTime\":\"131.814\"}","timestamp":"2024-10-30T23:50:34.400Z"}
{"level":"\u001b[32minfo\u001b[39m","message":"{\"method\":\"GET\",\"url\":\"/videos\",\"status\":\"304\",\"responseTime\":\"147.940\"}","timestamp":"2024-10-30T23:50:49.643Z"}
{"level":"\u001b[32minfo\u001b[39m","message":"{\"method\":\"GET\",\"url\":\"/videos\",\"status\":\"304\",\"responseTime\":\"145.712\"}","timestamp":"2024-10-30T23:51:27.108Z"}
{"level":"\u001b[32minfo\u001b[39m","message":"{\"method\":\"GET\",\"url\":\"/videos\",\"status\":\"304\",\"responseTime\":\"191.305\"}","timestamp":"2024-10-30T23:51:43.514Z"}
{"level":"\u001b[32minfo\u001b[39m","message":"{\"method\":\"GET\",\"url\":\"/videos\",\"status\":\"304\",\"responseTime\":\"194.270\"}","timestamp":"2024-10-30T23:52:06.567Z"}
{"level":"\u001b[32minfo\u001b[39m","message":"{\"method\":\"GET\",\"url\":\"/videos\",\"status\":\"304\",\"responseTime\":\"131.456\"}","timestamp":"2024-10-31T00:02:54.136Z"}
{"level":"\u001b[32minfo\u001b[39m","message":"{\"method\":\"GET\",\"url\":\"/videos\",\"status\":\"304\",\"responseTime\":\"144.452\"}","timestamp":"2024-10-31T00:03:04.271Z"}
{"level":"\u001b[32minfo\u001b[39m","message":"{\"method\":\"GET\",\"url\":\"/videos\",\"status\":\"304\",\"responseTime\":\"183.912\"}","timestamp":"2024-10-31T00:03:21.195Z"}
{"level":"\u001b[32minfo\u001b[39m","message":"{\"method\":\"GET\",\"url\":\"/videos\",\"status\":\"304\",\"responseTime\":\"156.089\"}","timestamp":"2024-10-31T00:03:35.189Z"}
{"level":"\u001b[32minfo\u001b[39m","message":"{\"method\":\"GET\",\"url\":\"/videos\",\"status\":\"304\",\"responseTime\":\"211.013\"}","timestamp":"2024-10-31T00:27:25.447Z"}
{"level":"\u001b[32minfo\u001b[39m","message":"{\"method\":\"GET\",\"url\":\"/videos\",\"status\":\"304\",\"responseTime\":\"190.814\"}","timestamp":"2024-10-31T00:27:46.066Z"}
{"level":"\u001b[32minfo\u001b[39m","message":"{\"method\":\"GET\",\"url\":\"/video/672094acd5c83c1bd1adbd86\",\"status\":\"304\",\"responseTime\":\"125.154\"}","timestamp":"2024-10-31T00:43:51.168Z"}
{"level":"\u001b[32minfo\u001b[39m","message":"{\"method\":\"GET\",\"url\":\"/videos\",\"status\":\"304\",\"responseTime\":\"241.457\"}","timestamp":"2024-10-31T00:43:54.376Z"}
{"level":"\u001b[32minfo\u001b[39m","message":"{\"method\":\"GET\",\"url\":\"/videos\",\"status\":\"200\",\"responseTime\":\"85.222\"}","timestamp":"2024-10-31T00:46:14.486Z"}
{"level":"\u001b[32minfo\u001b[39m","message":"{\"method\":\"POST\",\"url\":\"/generate-video-presigned-url\",\"status\":\"200\",\"responseTime\":\"42.484\"}","timestamp":"2024-10-31T00:46:46.351Z"}
{"level":"\u001b[32minfo\u001b[39m","message":"{\"method\":\"POST\",\"url\":\"/save-video-data\",\"status\":\"200\",\"responseTime\":\"164.376\"}","timestamp":"2024-10-31T00:46:55.537Z"}
{"level":"\u001b[32minfo\u001b[39m","message":"{\"method\":\"GET\",\"url\":\"/videos\",\"status\":\"200\",\"responseTime\":\"781.501\"}","timestamp":"2024-10-31T00:46:56.220Z"}
{"level":"\u001b[32minfo\u001b[39m","message":"{\"method\":\"GET\",\"url\":\"/videos\",\"status\":\"304\",\"responseTime\":\"151.405\"}","timestamp":"2024-10-31T00:47:02.379Z"}
{"level":"\u001b[32minfo\u001b[39m","message":"{\"method\":\"GET\",\"url\":\"/video/6722d37fbde9990ac0c33a1d\",\"status\":\"200\",\"responseTime\":\"9324.446\"}","timestamp":"2024-10-31T00:47:08.266Z"}
{"level":"\u001b[32minfo\u001b[39m","message":"{\"method\":\"GET\",\"url\":\"/videos\",\"status\":\"304\",\"responseTime\":\"136.844\"}","timestamp":"2024-10-31T00:47:18.207Z"}
{"level":"\u001b[32minfo\u001b[39m","message":"{\"method\":\"POST\",\"url\":\"/generate-video-presigned-url\",\"status\":\"200\",\"responseTime\":\"3.679\"}","timestamp":"2024-10-31T00:48:05.363Z"}
{"level":"\u001b[32minfo\u001b[39m","message":"{\"method\":\"POST\",\"url\":\"/save-video-data\",\"status\":\"200\",\"responseTime\":\"89.055\"}","timestamp":"2024-10-31T00:48:26.269Z"}
{"level":"\u001b[32minfo\u001b[39m","message":"{\"method\":\"GET\",\"url\":\"/videos\",\"status\":\"200\",\"responseTime\":\"118.267\"}","timestamp":"2024-10-31T00:48:26.366Z"}
{"level":"\u001b[32minfo\u001b[39m","message":"{\"method\":\"GET\",\"url\":\"/video/6722d3dabde9990ac0c33a23\",\"status\":\"200\",\"responseTime\":\"10700.418\"}","timestamp":"2024-10-31T00:48:53.608Z"}
{"level":"\u001b[32minfo\u001b[39m","message":"{\"method\":\"GET\",\"url\":\"/video/6722d3dabde9990ac0c33a23\",\"status\":\"200\",\"responseTime\":\"87.538\"}","timestamp":"2024-10-31T00:48:54.089Z"}
{"level":"\u001b[32minfo\u001b[39m","message":"{\"method\":\"GET\",\"url\":\"/videos\",\"status\":\"304\",\"responseTime\":\"113.959\"}","timestamp":"2024-10-31T00:49:07.547Z"}
{"level":"\u001b[32minfo\u001b[39m","message":"{\"method\":\"GET\",\"url\":\"/video/6722d3dabde9990ac0c33a23\",\"status\":\"304\",\"responseTime\":\"94.287\"}","timestamp":"2024-10-31T00:49:12.941Z"}
{"level":"\u001b[32minfo\u001b[39m","message":"{\"method\":\"GET\",\"url\":\"/videos\",\"status\":\"304\",\"responseTime\":\"104.450\"}","timestamp":"2024-10-31T00:49:15.334Z"}
{"level":"\u001b[32minfo\u001b[39m","message":"{\"method\":\"GET\",\"url\":\"/video/6722d37fbde9990ac0c33a1d\",\"status\":\"200\",\"responseTime\":\"117.485\"}","timestamp":"2024-10-31T00:50:40.722Z"}
{"level":"\u001b[32minfo\u001b[39m","message":"{\"method\":\"GET\",\"url\":\"/videos\",\"status\":\"304\",\"responseTime\":\"119.207\"}","timestamp":"2024-10-31T00:50:42.523Z"}
{"level":"\u001b[32minfo\u001b[39m","message":"{\"method\":\"GET\",\"url\":\"/video/6722d37fbde9990ac0c33a1d\",\"status\":\"500\",\"responseTime\":\"115.136\"}","timestamp":"2024-10-31T00:51:53.856Z"}
{"level":"\u001b[32minfo\u001b[39m","message":"{\"method\":\"GET\",\"url\":\"/videos\",\"status\":\"200\",\"responseTime\":\"128.245\"}","timestamp":"2024-10-31T00:53:56.020Z"}
{"level":"\u001b[32minfo\u001b[39m","message":"{\"method\":\"GET\",\"url\":\"/video/6722d37fbde9990ac0c33a1d\",\"status\":\"200\",\"responseTime\":\"108.171\"}","timestamp":"2024-10-31T00:53:57.839Z"}
{"level":"\u001b[32minfo\u001b[39m","message":"{\"method\":\"GET\",\"url\":\"/videos\",\"status\":\"304\",\"responseTime\":\"109.140\"}","timestamp":"2024-10-31T00:54:06.034Z"}
{"level":"\u001b[32minfo\u001b[39m","message":"{\"method\":\"GET\",\"url\":\"/video/6722d3dabde9990ac0c33a23\",\"status\":\"200\",\"responseTime\":\"75.486\"}","timestamp":"2024-10-31T00:54:07.611Z"}
{"level":"\u001b[32minfo\u001b[39m","message":"{\"method\":\"GET\",\"url\":\"/videos\",\"status\":\"304\",\"responseTime\":\"113.692\"}","timestamp":"2024-10-31T00:54:17.389Z"}
{"level":"\u001b[32minfo\u001b[39m","message":"{\"method\":\"GET\",\"url\":\"/video/6722d3dabde9990ac0c33a23\",\"status\":\"304\",\"responseTime\":\"91.191\"}","timestamp":"2024-10-31T00:54:18.909Z"}
{"level":"\u001b[32minfo\u001b[39m","message":"{\"method\":\"GET\",\"url\":\"/video/6722d3dabde9990ac0c33a23\",\"status\":\"304\",\"responseTime\":\"106.394\"}","timestamp":"2024-10-31T00:54:50.279Z"}
{"level":"\u001b[32minfo\u001b[39m","message":"{\"method\":\"GET\",\"url\":\"/video/6722d3dabde9990ac0c33a23\",\"status\":\"304\",\"responseTime\":\"82.787\"}","timestamp":"2024-10-31T00:54:50.707Z"}
{"level":"\u001b[32minfo\u001b[39m","message":"{\"method\":\"GET\",\"url\":\"/videos\",\"status\":\"304\",\"responseTime\":\"113.644\"}","timestamp":"2024-10-31T00:54:53.754Z"}
{"level":"\u001b[32minfo\u001b[39m","message":"{\"method\":\"GET\",\"url\":\"/video/6722d3dabde9990ac0c33a23\",\"status\":\"304\",\"responseTime\":\"88.933\"}","timestamp":"2024-10-31T00:54:55.519Z"}
{"level":"\u001b[32minfo\u001b[39m","message":"{\"method\":\"GET\",\"url\":\"/video/6722d3dabde9990ac0c33a23\",\"status\":\"304\",\"responseTime\":\"82.233\"}","timestamp":"2024-10-31T00:54:58.588Z"}
{"level":"\u001b[32minfo\u001b[39m","message":"{\"method\":\"GET\",\"url\":\"/videos\",\"status\":\"304\",\"responseTime\":\"100.446\"}","timestamp":"2024-10-31T00:55:00.729Z"}
{"level":"\u001b[32minfo\u001b[39m","message":"{\"method\":\"GET\",\"url\":\"/video/6722d3dabde9990ac0c33a23\",\"status\":\"304\",\"responseTime\":\"70.977\"}","timestamp":"2024-10-31T00:55:02.499Z"}
{"level":"\u001b[32minfo\u001b[39m","message":"{\"method\":\"GET\",\"url\":\"/videos\",\"status\":\"304\",\"responseTime\":\"174.334\"}","timestamp":"2024-10-31T00:55:09.722Z"}
{"level":"\u001b[32minfo\u001b[39m","message":"{\"method\":\"GET\",\"url\":\"/videos\",\"status\":\"304\",\"responseTime\":\"108.870\"}","timestamp":"2024-10-31T00:55:27.901Z"}
{"level":"\u001b[32minfo\u001b[39m","message":"{\"method\":\"GET\",\"url\":\"/video/6722d3dabde9990ac0c33a23\",\"status\":\"304\",\"responseTime\":\"90.911\"}","timestamp":"2024-10-31T00:55:30.275Z"}
{"level":"\u001b[32minfo\u001b[39m","message":"{\"method\":\"GET\",\"url\":\"/video/6722d3dabde9990ac0c33a23\",\"status\":\"304\",\"responseTime\":\"114.429\"}","timestamp":"2024-10-31T00:55:42.635Z"}
{"level":"\u001b[32minfo\u001b[39m","message":"{\"method\":\"GET\",\"url\":\"/video/6722d3dabde9990ac0c33a23\",\"status\":\"304\",\"responseTime\":\"64.215\"}","timestamp":"2024-10-31T00:57:46.743Z"}
{"level":"\u001b[32minfo\u001b[39m","message":"{\"method\":\"GET\",\"url\":\"/video/6722d3dabde9990ac0c33a23\",\"status\":\"304\",\"responseTime\":\"82.746\"}","timestamp":"2024-10-31T00:57:53.163Z"}
{"level":"\u001b[32minfo\u001b[39m","message":"{\"method\":\"GET\",\"url\":\"/video/6722d3dabde9990ac0c33a23\",\"status\":\"304\",\"responseTime\":\"81.532\"}","timestamp":"2024-10-31T00:58:15.553Z"}
{"level":"\u001b[32minfo\u001b[39m","message":"{\"method\":\"GET\",\"url\":\"/video/6722d3dabde9990ac0c33a23\",\"status\":\"304\",\"responseTime\":\"84.945\"}","timestamp":"2024-10-31T00:58:30.333Z"}
{"level":"\u001b[32minfo\u001b[39m","message":"{\"method\":\"GET\",\"url\":\"/video/6722d3dabde9990ac0c33a23\",\"status\":\"200\",\"responseTime\":\"100.217\"}","timestamp":"2024-10-31T00:58:30.616Z"}
{"level":"\u001b[32minfo\u001b[39m","message":"{\"method\":\"GET\",\"url\":\"/video/6722d3dabde9990ac0c33a23\",\"status\":\"304\",\"responseTime\":\"94.035\"}","timestamp":"2024-10-31T00:58:41.465Z"}
{"level":"\u001b[32minfo\u001b[39m","message":"{\"method\":\"GET\",\"url\":\"/video/6722d3dabde9990ac0c33a23\",\"status\":\"304\",\"responseTime\":\"78.307\"}","timestamp":"2024-10-31T00:58:58.838Z"}
{"level":"\u001b[32minfo\u001b[39m","message":"{\"method\":\"GET\",\"url\":\"/video/6722d3dabde9990ac0c33a23\",\"status\":\"200\",\"responseTime\":\"114.243\"}","timestamp":"2024-10-31T01:02:28.667Z"}
{"level":"\u001b[32minfo\u001b[39m","message":"{\"method\":\"GET\",\"url\":\"/videos\",\"status\":\"304\",\"responseTime\":\"143.127\"}","timestamp":"2024-10-31T01:02:35.730Z"}
{"level":"\u001b[32minfo\u001b[39m","message":"{\"method\":\"GET\",\"url\":\"/video/6722d3dabde9990ac0c33a23\",\"status\":\"304\",\"responseTime\":\"99.930\"}","timestamp":"2024-10-31T01:02:37.627Z"}
{"level":"\u001b[32minfo\u001b[39m","message":"{\"method\":\"GET\",\"url\":\"/video/6722d3dabde9990ac0c33a23\",\"status\":\"304\",\"responseTime\":\"95.653\"}","timestamp":"2024-10-31T01:04:04.199Z"}
{"level":"\u001b[32minfo\u001b[39m","message":"{\"method\":\"GET\",\"url\":\"/video/6722d3dabde9990ac0c33a23\",\"status\":\"304\",\"responseTime\":\"124.522\"}","timestamp":"2024-10-31T01:05:36.446Z"}
{"level":"\u001b[32minfo\u001b[39m","message":"{\"method\":\"GET\",\"url\":\"/video/6722d3dabde9990ac0c33a23\",\"status\":\"304\",\"responseTime\":\"74.935\"}","timestamp":"2024-10-31T01:05:38.359Z"}
{"level":"\u001b[32minfo\u001b[39m","message":"{\"method\":\"GET\",\"url\":\"/video/6722d3dabde9990ac0c33a23\",\"status\":\"304\",\"responseTime\":\"129.269\"}","timestamp":"2024-10-31T01:06:14.295Z"}
{"level":"\u001b[32minfo\u001b[39m","message":"{\"method\":\"GET\",\"url\":\"/video/6722d3dabde9990ac0c33a23\",\"status\":\"304\",\"responseTime\":\"90.387\"}","timestamp":"2024-10-31T01:06:20.299Z"}
{"level":"\u001b[32minfo\u001b[39m","message":"{\"method\":\"GET\",\"url\":\"/video/6722d3dabde9990ac0c33a23\",\"status\":\"304\",\"responseTime\":\"102.328\"}","timestamp":"2024-10-31T01:06:23.895Z"}
{"level":"\u001b[32minfo\u001b[39m","message":"{\"method\":\"GET\",\"url\":\"/video/6722d3dabde9990ac0c33a23\",\"status\":\"304\",\"responseTime\":\"115.978\"}","timestamp":"2024-10-31T01:10:26.464Z"}
{"level":"\u001b[32minfo\u001b[39m","message":"{\"method\":\"GET\",\"url\":\"/videos\",\"status\":\"304\",\"responseTime\":\"115.418\"}","timestamp":"2024-10-31T01:10:38.144Z"}
{"level":"\u001b[32minfo\u001b[39m","message":"{\"method\":\"GET\",\"url\":\"/video/6722d37fbde9990ac0c33a1d\",\"status\":\"200\",\"responseTime\":\"125.046\"}","timestamp":"2024-10-31T01:10:39.803Z"}
{"level":"\u001b[32minfo\u001b[39m","message":"{\"method\":\"GET\",\"url\":\"/video/6722d37fbde9990ac0c33a1d\",\"status\":\"304\",\"responseTime\":\"83.883\"}","timestamp":"2024-10-31T01:11:24.602Z"}
{"level":"\u001b[32minfo\u001b[39m","message":"{\"method\":\"GET\",\"url\":\"/videos\",\"status\":\"304\",\"responseTime\":\"191.591\"}","timestamp":"2024-10-31T01:11:36.000Z"}
{"level":"\u001b[32minfo\u001b[39m","message":"{\"method\":\"GET\",\"url\":\"/video/6722d3dabde9990ac0c33a23\",\"status\":\"304\",\"responseTime\":\"87.728\"}","timestamp":"2024-10-31T01:11:37.625Z"}
{"level":"\u001b[32minfo\u001b[39m","message":"{\"method\":\"GET\",\"url\":\"/videos\",\"status\":\"304\",\"responseTime\":\"135.425\"}","timestamp":"2024-10-31T01:11:40.188Z"}
{"level":"\u001b[32minfo\u001b[39m","message":"{\"method\":\"GET\",\"url\":\"/video/6722d37fbde9990ac0c33a1d\",\"status\":\"304\",\"responseTime\":\"101.881\"}","timestamp":"2024-10-31T01:11:41.549Z"}
{"level":"\u001b[32minfo\u001b[39m","message":"{\"method\":\"GET\",\"url\":\"/videos\",\"status\":\"304\",\"responseTime\":\"100.834\"}","timestamp":"2024-10-31T01:11:47.933Z"}
{"level":"\u001b[32minfo\u001b[39m","message":"{\"method\":\"GET\",\"url\":\"/videos\",\"status\":\"304\",\"responseTime\":\"97.949\"}","timestamp":"2024-10-31T01:13:10.197Z"}
{"level":"\u001b[32minfo\u001b[39m","message":"{\"method\":\"GET\",\"url\":\"/videos\",\"status\":\"304\",\"responseTime\":\"102.048\"}","timestamp":"2024-10-31T01:13:30.180Z"}
{"level":"\u001b[32minfo\u001b[39m","message":"{\"method\":\"GET\",\"url\":\"/videos\",\"status\":\"304\",\"responseTime\":\"93.226\"}","timestamp":"2024-10-31T01:14:04.198Z"}
{"level":"\u001b[32minfo\u001b[39m","message":"{\"method\":\"GET\",\"url\":\"/videos\",\"status\":\"304\",\"responseTime\":\"106.085\"}","timestamp":"2024-10-31T01:14:44.353Z"}
{"level":"\u001b[32minfo\u001b[39m","message":"{\"method\":\"GET\",\"url\":\"/videos\",\"status\":\"304\",\"responseTime\":\"109.029\"}","timestamp":"2024-10-31T01:14:45.335Z"}
{"level":"\u001b[32minfo\u001b[39m","message":"{\"method\":\"GET\",\"url\":\"/video/6722d37fbde9990ac0c33a1d\",\"status\":\"304\",\"responseTime\":\"170.377\"}","timestamp":"2024-10-31T01:14:47.235Z"}
{"level":"\u001b[32minfo\u001b[39m","message":"{\"method\":\"GET\",\"url\":\"/videos\",\"status\":\"304\",\"responseTime\":\"122.781\"}","timestamp":"2024-10-31T01:14:51.705Z"}
{"level":"\u001b[32minfo\u001b[39m","message":"{\"method\":\"GET\",\"url\":\"/video/6722d3dabde9990ac0c33a23\",\"status\":\"304\",\"responseTime\":\"94.566\"}","timestamp":"2024-10-31T01:14:53.502Z"}
{"level":"\u001b[32minfo\u001b[39m","message":"{\"method\":\"GET\",\"url\":\"/videos\",\"status\":\"304\",\"responseTime\":\"154.776\"}","timestamp":"2024-10-31T01:14:58.737Z"}
{"level":"\u001b[32minfo\u001b[39m","message":"{\"method\":\"GET\",\"url\":\"/videos\",\"status\":\"304\",\"responseTime\":\"91.998\"}","timestamp":"2024-10-31T01:16:08.737Z"}
{"level":"\u001b[32minfo\u001b[39m","message":"{\"method\":\"GET\",\"url\":\"/videos\",\"status\":\"304\",\"responseTime\":\"101.147\"}","timestamp":"2024-10-31T01:16:29.352Z"}
{"level":"\u001b[32minfo\u001b[39m","message":"{\"method\":\"GET\",\"url\":\"/videos\",\"status\":\"304\",\"responseTime\":\"100.693\"}","timestamp":"2024-10-31T01:16:40.434Z"}
{"level":"\u001b[32minfo\u001b[39m","message":"{\"method\":\"GET\",\"url\":\"/videos\",\"status\":\"304\",\"responseTime\":\"95.553\"}","timestamp":"2024-10-31T01:16:43.100Z"}
{"level":"\u001b[32minfo\u001b[39m","message":"{\"method\":\"GET\",\"url\":\"/videos\",\"status\":\"304\",\"responseTime\":\"116.404\"}","timestamp":"2024-10-31T01:16:44.153Z"}
{"level":"\u001b[32minfo\u001b[39m","message":"{\"method\":\"GET\",\"url\":\"/videos\",\"status\":\"304\",\"responseTime\":\"90.937\"}","timestamp":"2024-10-31T01:16:53.576Z"}
{"level":"\u001b[32minfo\u001b[39m","message":"{\"method\":\"GET\",\"url\":\"/videos\",\"status\":\"304\",\"responseTime\":\"104.490\"}","timestamp":"2024-10-31T01:16:54.210Z"}
{"level":"\u001b[32minfo\u001b[39m","message":"{\"method\":\"GET\",\"url\":\"/videos\",\"status\":\"304\",\"responseTime\":\"93.673\"}","timestamp":"2024-10-31T01:17:03.057Z"}
{"level":"\u001b[32minfo\u001b[39m","message":"{\"method\":\"GET\",\"url\":\"/videos\",\"status\":\"304\",\"responseTime\":\"189.078\"}","timestamp":"2024-10-31T01:17:04.645Z"}
{"level":"\u001b[32minfo\u001b[39m","message":"{\"method\":\"GET\",\"url\":\"/videos\",\"status\":\"304\",\"responseTime\":\"111.292\"}","timestamp":"2024-10-31T01:17:05.391Z"}
{"level":"\u001b[32minfo\u001b[39m","message":"{\"method\":\"GET\",\"url\":\"/videos\",\"status\":\"304\",\"responseTime\":\"107.172\"}","timestamp":"2024-10-31T01:17:14.175Z"}
{"level":"\u001b[32minfo\u001b[39m","message":"{\"method\":\"GET\",\"url\":\"/videos\",\"status\":\"304\",\"responseTime\":\"161.389\"}","timestamp":"2024-10-31T01:17:33.578Z"}
{"level":"\u001b[32minfo\u001b[39m","message":"{\"method\":\"GET\",\"url\":\"/videos\",\"status\":\"304\",\"responseTime\":\"94.499\"}","timestamp":"2024-10-31T01:17:34.177Z"}
{"level":"\u001b[32minfo\u001b[39m","message":"{\"method\":\"GET\",\"url\":\"/video/6722d3dabde9990ac0c33a23\",\"status\":\"304\",\"responseTime\":\"150.839\"}","timestamp":"2024-10-31T01:17:54.428Z"}
{"level":"\u001b[32minfo\u001b[39m","message":"{\"method\":\"GET\",\"url\":\"/videos\",\"status\":\"304\",\"responseTime\":\"128.796\"}","timestamp":"2024-10-31T01:18:06.530Z"}
{"level":"\u001b[32minfo\u001b[39m","message":"{\"method\":\"GET\",\"url\":\"/video/6722d37fbde9990ac0c33a1d\",\"status\":\"304\",\"responseTime\":\"154.694\"}","timestamp":"2024-10-31T01:20:15.425Z"}
{"level":"\u001b[32minfo\u001b[39m","message":"{\"method\":\"GET\",\"url\":\"/videos\",\"status\":\"304\",\"responseTime\":\"95.855\"}","timestamp":"2024-10-31T01:20:46.053Z"}
{"level":"\u001b[32minfo\u001b[39m","message":"{\"method\":\"GET\",\"url\":\"/video/6722d3dabde9990ac0c33a23\",\"status\":\"304\",\"responseTime\":\"84.958\"}","timestamp":"2024-10-31T01:20:48.203Z"}
{"level":"\u001b[32minfo\u001b[39m","message":"{\"method\":\"GET\",\"url\":\"/videos\",\"status\":\"304\",\"responseTime\":\"152.906\"}","timestamp":"2024-10-31T01:20:51.974Z"}
{"level":"\u001b[32minfo\u001b[39m","message":"{\"method\":\"GET\",\"url\":\"/getuseruploadedvideo\",\"status\":\"500\",\"responseTime\":\"151.421\"}","timestamp":"2024-10-31T01:20:55.812Z"}
{"level":"\u001b[32minfo\u001b[39m","message":"{\"method\":\"GET\",\"url\":\"/videos\",\"status\":\"304\",\"responseTime\":\"88.875\"}","timestamp":"2024-10-31T01:20:59.934Z"}
{"level":"\u001b[32minfo\u001b[39m","message":"{\"method\":\"GET\",\"url\":\"/getuseruploadedvideo\",\"status\":\"500\",\"responseTime\":\"88.903\"}","timestamp":"2024-10-31T01:21:01.530Z"}
{"level":"\u001b[32minfo\u001b[39m","message":"{\"method\":\"GET\",\"url\":\"/videos\",\"status\":\"304\",\"responseTime\":\"490.410\"}","timestamp":"2024-10-31T02:40:53.518Z"}
{"level":"\u001b[32minfo\u001b[39m","message":"{\"method\":\"GET\",\"url\":\"/video/6722d37fbde9990ac0c33a1d\",\"status\":\"304\",\"responseTime\":\"46.955\"}","timestamp":"2024-10-31T02:41:06.495Z"}
{"level":"\u001b[32minfo\u001b[39m","message":"{\"method\":\"GET\",\"url\":\"/videos\",\"status\":\"304\",\"responseTime\":\"88.984\"}","timestamp":"2024-10-31T02:41:53.354Z"}
