{"level":"\u001b[32minfo\u001b[39m","message":"{\"method\":\"GET\",\"url\":\"/videos\",\"status\":\"304\",\"responseTime\":\"207.133\"}","timestamp":"2024-11-04T22:57:31.906Z"}
{"level":"\u001b[32minfo\u001b[39m","message":"{\"method\":\"GET\",\"url\":\"/video/6728a9d00e1e9a8999a5acae/hls\",\"status\":\"304\",\"responseTime\":\"188.104\"}","timestamp":"2024-11-04T22:57:34.548Z"}
{"level":"\u001b[32minfo\u001b[39m","message":"{\"method\":\"GET\",\"url\":\"/video/6728a9d00e1e9a8999a5acae/hls\",\"status\":\"304\",\"responseTime\":\"105.606\"}","timestamp":"2024-11-04T22:57:38.329Z"}
{"level":"\u001b[32minfo\u001b[39m","message":"{\"method\":\"GET\",\"url\":\"/video/6728a9d00e1e9a8999a5acae/hls\",\"status\":\"304\",\"responseTime\":\"178.977\"}","timestamp":"2024-11-04T22:57:44.659Z"}
{"level":"\u001b[32minfo\u001b[39m","message":"{\"method\":\"GET\",\"url\":\"/video/6728a9d00e1e9a8999a5acae/hls\",\"status\":\"304\",\"responseTime\":\"74.520\"}","timestamp":"2024-11-04T22:57:51.109Z"}
{"level":"\u001b[32minfo\u001b[39m","message":"{\"method\":\"GET\",\"url\":\"/video/6728a9d00e1e9a8999a5acae/hls\",\"status\":\"304\",\"responseTime\":\"83.534\"}","timestamp":"2024-11-04T22:57:53.693Z"}
{"level":"\u001b[32minfo\u001b[39m","message":"{\"method\":\"GET\",\"url\":\"/video/6728a9d00e1e9a8999a5acae/hls\",\"status\":\"304\",\"responseTime\":\"101.176\"}","timestamp":"2024-11-04T22:57:56.109Z"}
{"level":"\u001b[32minfo\u001b[39m","message":"{\"method\":\"GET\",\"url\":\"/video/6728a9d00e1e9a8999a5acae/hls\",\"status\":\"304\",\"responseTime\":\"91.929\"}","timestamp":"2024-11-04T22:58:17.193Z"}
{"level":"\u001b[32minfo\u001b[39m","message":"{\"method\":\"GET\",\"url\":\"/video/6728a9d00e1e9a8999a5acae/hls\",\"status\":\"304\",\"responseTime\":\"127.762\"}","timestamp":"2024-11-04T22:58:19.234Z"}
{"level":"\u001b[32minfo\u001b[39m","message":"{\"method\":\"GET\",\"url\":\"/video/6728a9d00e1e9a8999a5acae/hls\",\"status\":\"304\",\"responseTime\":\"111.014\"}","timestamp":"2024-11-04T22:58:21.355Z"}
{"level":"\u001b[32minfo\u001b[39m","message":"{\"method\":\"GET\",\"url\":\"/video/6728a9d00e1e9a8999a5acae/hls\",\"status\":\"304\",\"responseTime\":\"86.799\"}","timestamp":"2024-11-04T23:11:53.562Z"}
{"level":"\u001b[32minfo\u001b[39m","message":"{\"method\":\"GET\",\"url\":\"/video/6728a9d00e1e9a8999a5acae/hls\",\"status\":\"304\",\"responseTime\":\"81.661\"}","timestamp":"2024-11-04T23:11:55.242Z"}
{"level":"\u001b[32minfo\u001b[39m","message":"{\"method\":\"GET\",\"url\":\"/video/6728a9d00e1e9a8999a5acae/hls\",\"status\":\"304\",\"responseTime\":\"145.750\"}","timestamp":"2024-11-04T23:12:22.200Z"}
{"level":"\u001b[32minfo\u001b[39m","message":"{\"method\":\"GET\",\"url\":\"/video/6728a9d00e1e9a8999a5acae/hls\",\"status\":\"304\",\"responseTime\":\"65.758\"}","timestamp":"2024-11-04T23:12:33.223Z"}
{"level":"\u001b[32minfo\u001b[39m","message":"{\"method\":\"GET\",\"url\":\"/video/6728a9d00e1e9a8999a5acae/hls\",\"status\":\"304\",\"responseTime\":\"74.617\"}","timestamp":"2024-11-04T23:12:36.848Z"}
{"level":"\u001b[32minfo\u001b[39m","message":"{\"method\":\"GET\",\"url\":\"/video/6728a9d00e1e9a8999a5acae/hls\",\"status\":\"304\",\"responseTime\":\"119.394\"}","timestamp":"2024-11-04T23:12:37.899Z"}
{"level":"\u001b[32minfo\u001b[39m","message":"{\"method\":\"GET\",\"url\":\"/video/6728a9d00e1e9a8999a5acae/hls\",\"status\":\"304\",\"responseTime\":\"117.819\"}","timestamp":"2024-11-04T23:12:38.832Z"}
{"level":"\u001b[32minfo\u001b[39m","message":"{\"method\":\"GET\",\"url\":\"/videos\",\"status\":\"304\",\"responseTime\":\"124.993\"}","timestamp":"2024-11-04T23:12:41.597Z"}
{"level":"\u001b[32minfo\u001b[39m","message":"{\"method\":\"GET\",\"url\":\"/video/6728a9d00e1e9a8999a5acae/hls\",\"status\":\"304\",\"responseTime\":\"101.711\"}","timestamp":"2024-11-04T23:12:43.801Z"}
{"level":"\u001b[32minfo\u001b[39m","message":"{\"method\":\"GET\",\"url\":\"/video/6728a9d00e1e9a8999a5acae/hls\",\"status\":\"304\",\"responseTime\":\"79.789\"}","timestamp":"2024-11-04T23:12:49.844Z"}
{"level":"\u001b[32minfo\u001b[39m","message":"{\"method\":\"GET\",\"url\":\"/video/6728a9d00e1e9a8999a5acae/hls\",\"status\":\"304\",\"responseTime\":\"90.471\"}","timestamp":"2024-11-04T23:12:50.660Z"}
{"level":"\u001b[32minfo\u001b[39m","message":"{\"method\":\"GET\",\"url\":\"/videos\",\"status\":\"304\",\"responseTime\":\"136.671\"}","timestamp":"2024-11-04T23:12:51.426Z"}
{"level":"\u001b[32minfo\u001b[39m","message":"{\"method\":\"GET\",\"url\":\"/videos\",\"status\":\"304\",\"responseTime\":\"159.689\"}","timestamp":"2024-11-04T23:12:52.779Z"}
{"level":"\u001b[32minfo\u001b[39m","message":"{\"method\":\"GET\",\"url\":\"/video/6728a9d00e1e9a8999a5acae/hls\",\"status\":\"304\",\"responseTime\":\"108.743\"}","timestamp":"2024-11-04T23:12:54.745Z"}
{"level":"\u001b[32minfo\u001b[39m","message":"{\"method\":\"GET\",\"url\":\"/videos\",\"status\":\"304\",\"responseTime\":\"165.673\"}","timestamp":"2024-11-04T23:12:58.300Z"}
{"level":"\u001b[32minfo\u001b[39m","message":"{\"method\":\"GET\",\"url\":\"/video/6728a9d00e1e9a8999a5acae/hls\",\"status\":\"304\",\"responseTime\":\"161.264\"}","timestamp":"2024-11-04T23:13:00.211Z"}
{"level":"\u001b[32minfo\u001b[39m","message":"{\"method\":\"GET\",\"url\":\"/video/6728a9d00e1e9a8999a5acae/hls\",\"status\":\"304\",\"responseTime\":\"107.907\"}","timestamp":"2024-11-04T23:13:01.562Z"}
{"level":"\u001b[32minfo\u001b[39m","message":"{\"method\":\"GET\",\"url\":\"/video/6728a9d00e1e9a8999a5acae/hls\",\"status\":\"304\",\"responseTime\":\"82.554\"}","timestamp":"2024-11-04T23:19:23.366Z"}
{"level":"\u001b[32minfo\u001b[39m","message":"{\"method\":\"GET\",\"url\":\"/video/6728a9d00e1e9a8999a5acae/hls\",\"status\":\"304\",\"responseTime\":\"91.013\"}","timestamp":"2024-11-04T23:19:25.189Z"}
{"level":"\u001b[32minfo\u001b[39m","message":"{\"method\":\"GET\",\"url\":\"/video/6728a9d00e1e9a8999a5acae/hls\",\"status\":\"304\",\"responseTime\":\"108.892\"}","timestamp":"2024-11-04T23:19:33.320Z"}
{"level":"\u001b[32minfo\u001b[39m","message":"{\"method\":\"GET\",\"url\":\"/videos\",\"status\":\"304\",\"responseTime\":\"102.581\"}","timestamp":"2024-11-04T23:19:38.097Z"}
{"level":"\u001b[32minfo\u001b[39m","message":"{\"method\":\"GET\",\"url\":\"/video/6728a9d00e1e9a8999a5acae/hls\",\"status\":\"304\",\"responseTime\":\"84.445\"}","timestamp":"2024-11-04T23:19:39.936Z"}
{"level":"\u001b[32minfo\u001b[39m","message":"{\"method\":\"GET\",\"url\":\"/video/6728a9d00e1e9a8999a5acae/hls\",\"status\":\"304\",\"responseTime\":\"84.651\"}","timestamp":"2024-11-04T23:19:42.951Z"}
{"level":"\u001b[32minfo\u001b[39m","message":"{\"method\":\"GET\",\"url\":\"/video/6728a9d00e1e9a8999a5acae/hls\",\"status\":\"304\",\"responseTime\":\"135.992\"}","timestamp":"2024-11-04T23:19:44.093Z"}
{"level":"\u001b[32minfo\u001b[39m","message":"{\"method\":\"GET\",\"url\":\"/video/6728a9d00e1e9a8999a5acae/hls\",\"status\":\"304\",\"responseTime\":\"91.656\"}","timestamp":"2024-11-04T23:20:04.179Z"}
{"level":"\u001b[32minfo\u001b[39m","message":"{\"method\":\"GET\",\"url\":\"/video/6728a9d00e1e9a8999a5acae/hls\",\"status\":\"304\",\"responseTime\":\"203.683\"}","timestamp":"2024-11-04T23:20:11.204Z"}
{"level":"\u001b[32minfo\u001b[39m","message":"{\"method\":\"GET\",\"url\":\"/video/6728a9d00e1e9a8999a5acae/hls\",\"status\":\"304\",\"responseTime\":\"71.127\"}","timestamp":"2024-11-04T23:20:24.144Z"}
{"level":"\u001b[32minfo\u001b[39m","message":"{\"method\":\"GET\",\"url\":\"/video/6728a9d00e1e9a8999a5acae/hls\",\"status\":\"304\",\"responseTime\":\"131.120\"}","timestamp":"2024-11-04T23:20:37.222Z"}
{"level":"\u001b[32minfo\u001b[39m","message":"{\"method\":\"GET\",\"url\":\"/video/6728a9d00e1e9a8999a5acae/hls\",\"status\":\"304\",\"responseTime\":\"96.415\"}","timestamp":"2024-11-04T23:22:39.174Z"}
{"level":"\u001b[32minfo\u001b[39m","message":"{\"method\":\"GET\",\"url\":\"/video/6728a9d00e1e9a8999a5acae/hls\",\"status\":\"304\",\"responseTime\":\"85.610\"}","timestamp":"2024-11-04T23:22:42.305Z"}
{"level":"\u001b[32minfo\u001b[39m","message":"{\"method\":\"GET\",\"url\":\"/video/6728a9d00e1e9a8999a5acae/hls\",\"status\":\"304\",\"responseTime\":\"77.557\"}","timestamp":"2024-11-04T23:22:54.184Z"}
{"level":"\u001b[32minfo\u001b[39m","message":"{\"method\":\"GET\",\"url\":\"/video/6728a9d00e1e9a8999a5acae/hls\",\"status\":\"304\",\"responseTime\":\"92.329\"}","timestamp":"2024-11-04T23:23:00.065Z"}
{"level":"\u001b[32minfo\u001b[39m","message":"{\"method\":\"GET\",\"url\":\"/video/6728a9d00e1e9a8999a5acae/hls\",\"status\":\"304\",\"responseTime\":\"82.635\"}","timestamp":"2024-11-04T23:23:12.211Z"}
{"level":"\u001b[32minfo\u001b[39m","message":"{\"method\":\"GET\",\"url\":\"/videos\",\"status\":\"304\",\"responseTime\":\"126.876\"}","timestamp":"2024-11-04T23:23:15.136Z"}
{"level":"\u001b[32minfo\u001b[39m","message":"{\"method\":\"GET\",\"url\":\"/video/6728a9d00e1e9a8999a5acae/hls\",\"status\":\"304\",\"responseTime\":\"82.853\"}","timestamp":"2024-11-04T23:23:16.896Z"}
{"level":"\u001b[32minfo\u001b[39m","message":"{\"method\":\"GET\",\"url\":\"/video/6728a9d00e1e9a8999a5acae/hls\",\"status\":\"304\",\"responseTime\":\"91.762\"}","timestamp":"2024-11-04T23:28:32.578Z"}
{"level":"\u001b[32minfo\u001b[39m","message":"{\"method\":\"GET\",\"url\":\"/videos\",\"status\":\"304\",\"responseTime\":\"121.637\"}","timestamp":"2024-11-04T23:28:40.428Z"}
{"level":"\u001b[32minfo\u001b[39m","message":"{\"method\":\"GET\",\"url\":\"/video/6728a9d00e1e9a8999a5acae/hls\",\"status\":\"304\",\"responseTime\":\"82.672\"}","timestamp":"2024-11-04T23:28:42.236Z"}
{"level":"\u001b[32minfo\u001b[39m","message":"{\"method\":\"GET\",\"url\":\"/videos\",\"status\":\"304\",\"responseTime\":\"127.758\"}","timestamp":"2024-11-04T23:28:44.279Z"}
{"level":"\u001b[32minfo\u001b[39m","message":"{\"method\":\"GET\",\"url\":\"/videos\",\"status\":\"304\",\"responseTime\":\"100.466\"}","timestamp":"2024-11-04T23:31:38.162Z"}
{"level":"\u001b[32minfo\u001b[39m","message":"{\"method\":\"GET\",\"url\":\"/video/6728a9d00e1e9a8999a5acae/hls\",\"status\":\"304\",\"responseTime\":\"87.649\"}","timestamp":"2024-11-04T23:31:55.031Z"}
{"level":"\u001b[32minfo\u001b[39m","message":"{\"method\":\"GET\",\"url\":\"/video/6728a9d00e1e9a8999a5acae/hls\",\"status\":\"304\",\"responseTime\":\"77.622\"}","timestamp":"2024-11-04T23:33:56.514Z"}
{"level":"\u001b[32minfo\u001b[39m","message":"{\"method\":\"GET\",\"url\":\"/video/6728a9d00e1e9a8999a5acae/hls\",\"status\":\"304\",\"responseTime\":\"64.029\"}","timestamp":"2024-11-04T23:33:59.783Z"}
{"level":"\u001b[32minfo\u001b[39m","message":"{\"method\":\"GET\",\"url\":\"/videos\",\"status\":\"304\",\"responseTime\":\"119.472\"}","timestamp":"2024-11-04T23:34:01.901Z"}
{"level":"\u001b[32minfo\u001b[39m","message":"{\"method\":\"GET\",\"url\":\"/video/6728a9d00e1e9a8999a5acae/hls\",\"status\":\"304\",\"responseTime\":\"74.590\"}","timestamp":"2024-11-04T23:34:03.530Z"}
{"level":"\u001b[32minfo\u001b[39m","message":"{\"method\":\"GET\",\"url\":\"/video/6728a9d00e1e9a8999a5acae/hls\",\"status\":\"304\",\"responseTime\":\"102.202\"}","timestamp":"2024-11-04T23:34:18.303Z"}
{"level":"\u001b[32minfo\u001b[39m","message":"{\"method\":\"GET\",\"url\":\"/video/6728a9d00e1e9a8999a5acae/hls\",\"status\":\"304\",\"responseTime\":\"76.167\"}","timestamp":"2024-11-04T23:34:19.172Z"}
{"level":"\u001b[32minfo\u001b[39m","message":"{\"method\":\"GET\",\"url\":\"/video/6728a9d00e1e9a8999a5acae/hls\",\"status\":\"304\",\"responseTime\":\"86.401\"}","timestamp":"2024-11-04T23:34:34.302Z"}
{"level":"\u001b[32minfo\u001b[39m","message":"{\"method\":\"GET\",\"url\":\"/video/6728a9d00e1e9a8999a5acae/hls\",\"status\":\"304\",\"responseTime\":\"139.553\"}","timestamp":"2024-11-04T23:34:46.655Z"}
{"level":"\u001b[32minfo\u001b[39m","message":"{\"method\":\"GET\",\"url\":\"/videos\",\"status\":\"304\",\"responseTime\":\"167.391\"}","timestamp":"2024-11-04T23:34:48.857Z"}
{"level":"\u001b[32minfo\u001b[39m","message":"{\"method\":\"GET\",\"url\":\"/video/6728a9d00e1e9a8999a5acae/hls\",\"status\":\"304\",\"responseTime\":\"79.619\"}","timestamp":"2024-11-04T23:34:50.570Z"}
{"level":"\u001b[32minfo\u001b[39m","message":"{\"method\":\"GET\",\"url\":\"/video/6728a9d00e1e9a8999a5acae/hls\",\"status\":\"304\",\"responseTime\":\"139.869\"}","timestamp":"2024-11-04T23:35:11.706Z"}
{"level":"\u001b[32minfo\u001b[39m","message":"{\"method\":\"GET\",\"url\":\"/videos\",\"status\":\"304\",\"responseTime\":\"141.140\"}","timestamp":"2024-11-04T23:35:14.538Z"}
{"level":"\u001b[32minfo\u001b[39m","message":"{\"method\":\"GET\",\"url\":\"/video/6728a9d00e1e9a8999a5acae/hls\",\"status\":\"304\",\"responseTime\":\"102.486\"}","timestamp":"2024-11-04T23:35:16.750Z"}
{"level":"\u001b[32minfo\u001b[39m","message":"{\"method\":\"GET\",\"url\":\"/video/6728a9d00e1e9a8999a5acae/hls\",\"status\":\"304\",\"responseTime\":\"164.406\"}","timestamp":"2024-11-04T23:35:26.548Z"}
{"level":"\u001b[32minfo\u001b[39m","message":"{\"method\":\"GET\",\"url\":\"/videos\",\"status\":\"304\",\"responseTime\":\"148.657\"}","timestamp":"2024-11-04T23:35:29.156Z"}
{"level":"\u001b[32minfo\u001b[39m","message":"{\"method\":\"GET\",\"url\":\"/video/6728a9d00e1e9a8999a5acae/hls\",\"status\":\"304\",\"responseTime\":\"124.544\"}","timestamp":"2024-11-04T23:35:32.257Z"}
{"level":"\u001b[32minfo\u001b[39m","message":"{\"method\":\"GET\",\"url\":\"/video/6728a9d00e1e9a8999a5acae/hls\",\"status\":\"304\",\"responseTime\":\"120.430\"}","timestamp":"2024-11-04T23:35:43.862Z"}
{"level":"\u001b[32minfo\u001b[39m","message":"{\"method\":\"GET\",\"url\":\"/videos\",\"status\":\"304\",\"responseTime\":\"146.476\"}","timestamp":"2024-11-04T23:35:45.885Z"}
{"level":"\u001b[32minfo\u001b[39m","message":"{\"method\":\"GET\",\"url\":\"/video/6728a9d00e1e9a8999a5acae/hls\",\"status\":\"304\",\"responseTime\":\"98.252\"}","timestamp":"2024-11-04T23:35:49.659Z"}
{"level":"\u001b[32minfo\u001b[39m","message":"{\"method\":\"GET\",\"url\":\"/video/6728a9d00e1e9a8999a5acae/hls\",\"status\":\"304\",\"responseTime\":\"143.943\"}","timestamp":"2024-11-04T23:36:04.519Z"}
{"level":"\u001b[32minfo\u001b[39m","message":"{\"method\":\"GET\",\"url\":\"/videos\",\"status\":\"304\",\"responseTime\":\"202.834\"}","timestamp":"2024-11-04T23:36:06.804Z"}
{"level":"\u001b[32minfo\u001b[39m","message":"{\"method\":\"GET\",\"url\":\"/video/6728a9d00e1e9a8999a5acae/hls\",\"status\":\"304\",\"responseTime\":\"95.290\"}","timestamp":"2024-11-04T23:36:10.294Z"}
{"level":"\u001b[32minfo\u001b[39m","message":"{\"method\":\"GET\",\"url\":\"/video/6728a9d00e1e9a8999a5acae/hls\",\"status\":\"304\",\"responseTime\":\"108.777\"}","timestamp":"2024-11-04T23:42:57.408Z"}
{"level":"\u001b[32minfo\u001b[39m","message":"{\"method\":\"GET\",\"url\":\"/video/6728a9d00e1e9a8999a5acae/hls\",\"status\":\"304\",\"responseTime\":\"87.137\"}","timestamp":"2024-11-04T23:43:01.546Z"}
{"level":"\u001b[32minfo\u001b[39m","message":"{\"method\":\"GET\",\"url\":\"/videos\",\"status\":\"304\",\"responseTime\":\"218.734\"}","timestamp":"2024-11-04T23:43:18.686Z"}
{"level":"\u001b[32minfo\u001b[39m","message":"{\"method\":\"GET\",\"url\":\"/videos\",\"status\":\"304\",\"responseTime\":\"150.282\"}","timestamp":"2024-11-04T23:43:22.047Z"}
{"level":"\u001b[32minfo\u001b[39m","message":"{\"method\":\"GET\",\"url\":\"/video/6728a9d00e1e9a8999a5acae/hls\",\"status\":\"304\",\"responseTime\":\"128.224\"}","timestamp":"2024-11-04T23:43:24.029Z"}
{"level":"\u001b[32minfo\u001b[39m","message":"{\"method\":\"GET\",\"url\":\"/video/6728a9d00e1e9a8999a5acae/hls\",\"status\":\"304\",\"responseTime\":\"84.880\"}","timestamp":"2024-11-04T23:44:01.723Z"}
{"level":"\u001b[32minfo\u001b[39m","message":"{\"method\":\"GET\",\"url\":\"/video/6728a9d00e1e9a8999a5acae/hls\",\"status\":\"304\",\"responseTime\":\"81.978\"}","timestamp":"2024-11-04T23:44:32.951Z"}
{"level":"\u001b[32minfo\u001b[39m","message":"{\"method\":\"GET\",\"url\":\"/videos\",\"status\":\"304\",\"responseTime\":\"135.113\"}","timestamp":"2024-11-04T23:44:37.003Z"}
{"level":"\u001b[32minfo\u001b[39m","message":"{\"method\":\"GET\",\"url\":\"/video/6728a9d00e1e9a8999a5acae/hls\",\"status\":\"304\",\"responseTime\":\"80.945\"}","timestamp":"2024-11-04T23:44:39.384Z"}
{"level":"\u001b[32minfo\u001b[39m","message":"{\"method\":\"GET\",\"url\":\"/video/6728a9d00e1e9a8999a5acae/hls\",\"status\":\"304\",\"responseTime\":\"86.719\"}","timestamp":"2024-11-04T23:50:57.757Z"}
{"level":"\u001b[32minfo\u001b[39m","message":"{\"method\":\"GET\",\"url\":\"/videos\",\"status\":\"304\",\"responseTime\":\"209.365\"}","timestamp":"2024-11-04T23:51:06.891Z"}
{"level":"\u001b[32minfo\u001b[39m","message":"{\"method\":\"GET\",\"url\":\"/video/6728a9d00e1e9a8999a5acae/hls\",\"status\":\"304\",\"responseTime\":\"92.442\"}","timestamp":"2024-11-04T23:51:10.688Z"}
{"level":"\u001b[32minfo\u001b[39m","message":"{\"method\":\"GET\",\"url\":\"/videos\",\"status\":\"304\",\"responseTime\":\"138.528\"}","timestamp":"2024-11-04T23:51:29.345Z"}
{"level":"\u001b[32minfo\u001b[39m","message":"{\"method\":\"GET\",\"url\":\"/video/6728a9d00e1e9a8999a5acae/hls\",\"status\":\"304\",\"responseTime\":\"516.245\"}","timestamp":"2024-11-04T23:53:03.124Z"}
{"level":"\u001b[32minfo\u001b[39m","message":"{\"method\":\"GET\",\"url\":\"/video/6728a9d00e1e9a8999a5acae/hls\",\"status\":\"304\",\"responseTime\":\"1556.243\"}","timestamp":"2024-11-04T23:53:08.435Z"}
{"level":"\u001b[32minfo\u001b[39m","message":"{\"method\":\"GET\",\"url\":\"/videos\",\"status\":\"304\",\"responseTime\":\"1280.685\"}","timestamp":"2024-11-04T23:53:11.680Z"}
{"level":"\u001b[32minfo\u001b[39m","message":"{\"method\":\"GET\",\"url\":\"/video/6728a9d00e1e9a8999a5acae/hls\",\"status\":\"304\",\"responseTime\":\"76.134\"}","timestamp":"2024-11-04T23:53:13.665Z"}
{"level":"\u001b[32minfo\u001b[39m","message":"{\"method\":\"GET\",\"url\":\"/videos\",\"status\":\"304\",\"responseTime\":\"122.866\"}","timestamp":"2024-11-05T00:05:59.481Z"}
{"level":"\u001b[32minfo\u001b[39m","message":"{\"method\":\"GET\",\"url\":\"/video/6728a9d00e1e9a8999a5acae/hls\",\"status\":\"304\",\"responseTime\":\"95.414\"}","timestamp":"2024-11-05T00:06:01.534Z"}
{"level":"\u001b[32minfo\u001b[39m","message":"{\"method\":\"GET\",\"url\":\"/videos\",\"status\":\"304\",\"responseTime\":\"121.081\"}","timestamp":"2024-11-05T00:07:05.616Z"}
{"level":"\u001b[32minfo\u001b[39m","message":"{\"method\":\"GET\",\"url\":\"/video/67230eb61323c447f751ff67/hls\",\"status\":\"304\",\"responseTime\":\"105.539\"}","timestamp":"2024-11-05T00:07:10.464Z"}
{"level":"\u001b[32minfo\u001b[39m","message":"{\"method\":\"GET\",\"url\":\"/videos\",\"status\":\"304\",\"responseTime\":\"117.401\"}","timestamp":"2024-11-05T00:08:23.410Z"}
{"level":"\u001b[32minfo\u001b[39m","message":"{\"method\":\"GET\",\"url\":\"/video/6728a8be0e1e9a8999a5aca9/hls\",\"status\":\"304\",\"responseTime\":\"89.454\"}","timestamp":"2024-11-05T00:08:27.483Z"}
{"level":"\u001b[32minfo\u001b[39m","message":"{\"method\":\"GET\",\"url\":\"/videos\",\"status\":\"304\",\"responseTime\":\"126.500\"}","timestamp":"2024-11-05T00:08:34.497Z"}
{"level":"\u001b[32minfo\u001b[39m","message":"{\"method\":\"GET\",\"url\":\"/video/6728a9d00e1e9a8999a5acae/hls\",\"status\":\"500\",\"responseTime\":\"3087.966\"}","timestamp":"2024-11-05T00:08:41.197Z"}
{"level":"\u001b[32minfo\u001b[39m","message":"{\"method\":\"GET\",\"url\":\"/videos\",\"status\":\"304\",\"responseTime\":\"137.904\"}","timestamp":"2024-11-05T00:09:03.529Z"}
{"level":"\u001b[32minfo\u001b[39m","message":"{\"method\":\"POST\",\"url\":\"/generate-video-presigned-url\",\"status\":\"200\",\"responseTime\":\"216.061\"}","timestamp":"2024-11-05T00:09:41.073Z"}
{"level":"\u001b[32minfo\u001b[39m","message":"{\"method\":\"POST\",\"url\":\"/save-video-data\",\"status\":\"200\",\"responseTime\":\"1887.381\"}","timestamp":"2024-11-05T00:13:18.048Z"}
{"level":"\u001b[32minfo\u001b[39m","message":"{\"method\":\"GET\",\"url\":\"/videos\",\"status\":\"200\",\"responseTime\":\"948.150\"}","timestamp":"2024-11-05T00:13:18.897Z"}
{"level":"\u001b[32minfo\u001b[39m","message":"{\"method\":\"GET\",\"url\":\"/video/6729631c322c545738de3327/hls\",\"status\":\"500\",\"responseTime\":\"1410.874\"}","timestamp":"2024-11-05T00:13:35.404Z"}
{"level":"\u001b[32minfo\u001b[39m","message":"{\"method\":\"GET\",\"url\":\"/videos\",\"status\":\"304\",\"responseTime\":\"126.428\"}","timestamp":"2024-11-05T00:14:35.463Z"}
{"level":"\u001b[32minfo\u001b[39m","message":"{\"method\":\"GET\",\"url\":\"/videos\",\"status\":\"304\",\"responseTime\":\"844.369\"}","timestamp":"2024-11-05T00:21:37.981Z"}
{"level":"\u001b[32minfo\u001b[39m","message":"{\"method\":\"GET\",\"url\":\"/video/6728a8be0e1e9a8999a5aca9/hls\",\"status\":\"304\",\"responseTime\":\"690.650\"}","timestamp":"2024-11-05T00:21:41.506Z"}
{"level":"\u001b[32minfo\u001b[39m","message":"{\"method\":\"GET\",\"url\":\"/video/6728a8be0e1e9a8999a5aca9/hls\",\"status\":\"304\",\"responseTime\":\"1572.798\"}","timestamp":"2024-11-05T00:21:47.924Z"}
{"level":"\u001b[32minfo\u001b[39m","message":"{\"method\":\"GET\",\"url\":\"/videos\",\"status\":\"304\",\"responseTime\":\"1489.562\"}","timestamp":"2024-11-05T00:21:48.971Z"}
{"level":"\u001b[32minfo\u001b[39m","message":"{\"method\":\"GET\",\"url\":\"/video/6728a33e701fa15f6a25ba61/hls\",\"status\":\"304\",\"responseTime\":\"1423.331\"}","timestamp":"2024-11-05T00:21:51.527Z"}
{"level":"\u001b[32minfo\u001b[39m","message":"{\"method\":\"GET\",\"url\":\"/videos\",\"status\":\"304\",\"responseTime\":\"1201.345\"}","timestamp":"2024-11-05T00:22:01.329Z"}
{"level":"\u001b[32minfo\u001b[39m","message":"{\"method\":\"GET\",\"url\":\"/video/6722d37fbde9990ac0c33a1d/hls\",\"status\":\"304\",\"responseTime\":\"1263.168\"}","timestamp":"2024-11-05T00:22:03.398Z"}
{"level":"\u001b[32minfo\u001b[39m","message":"{\"method\":\"GET\",\"url\":\"/videos\",\"status\":\"304\",\"responseTime\":\"1524.078\"}","timestamp":"2024-11-05T00:22:07.364Z"}
{"level":"\u001b[32minfo\u001b[39m","message":"{\"method\":\"GET\",\"url\":\"/video/6728a8be0e1e9a8999a5aca9/hls\",\"status\":\"304\",\"responseTime\":\"1512.620\"}","timestamp":"2024-11-05T00:22:10.142Z"}
{"level":"\u001b[32minfo\u001b[39m","message":"{\"method\":\"GET\",\"url\":\"/videos\",\"status\":\"304\",\"responseTime\":\"1538.146\"}","timestamp":"2024-11-05T00:22:13.885Z"}
{"level":"\u001b[32minfo\u001b[39m","message":"{\"method\":\"GET\",\"url\":\"/videos\",\"status\":\"304\",\"responseTime\":\"104.237\"}","timestamp":"2024-11-05T00:23:12.795Z"}
{"level":"\u001b[32minfo\u001b[39m","message":"{\"method\":\"GET\",\"url\":\"/video/6728a33e701fa15f6a25ba61/hls\",\"status\":\"304\",\"responseTime\":\"99.780\"}","timestamp":"2024-11-05T00:23:16.057Z"}
{"level":"\u001b[32minfo\u001b[39m","message":"{\"method\":\"GET\",\"url\":\"/videos\",\"status\":\"304\",\"responseTime\":\"159.929\"}","timestamp":"2024-11-05T00:23:19.348Z"}
{"level":"\u001b[32minfo\u001b[39m","message":"{\"method\":\"GET\",\"url\":\"/video/6722fd3311e483a9cf18ee45/hls\",\"status\":\"304\",\"responseTime\":\"87.258\"}","timestamp":"2024-11-05T00:23:20.760Z"}
{"level":"\u001b[32minfo\u001b[39m","message":"{\"method\":\"GET\",\"url\":\"/videos\",\"status\":\"304\",\"responseTime\":\"130.982\"}","timestamp":"2024-11-05T00:23:22.287Z"}
{"level":"\u001b[32minfo\u001b[39m","message":"{\"method\":\"GET\",\"url\":\"/video/6729631c322c545738de3327/hls\",\"status\":\"500\",\"responseTime\":\"1332.633\"}","timestamp":"2024-11-05T00:23:25.212Z"}
{"level":"\u001b[32minfo\u001b[39m","message":"{\"method\":\"GET\",\"url\":\"/video/6729631c322c545738de3327/hls\",\"status\":\"500\",\"responseTime\":\"1149.290\"}","timestamp":"2024-11-05T00:23:27.562Z"}
{"level":"\u001b[32minfo\u001b[39m","message":"{\"method\":\"GET\",\"url\":\"/videos\",\"status\":\"304\",\"responseTime\":\"116.718\"}","timestamp":"2024-11-05T00:23:29.105Z"}
{"level":"\u001b[32minfo\u001b[39m","message":"{\"method\":\"GET\",\"url\":\"/video/6728a9d00e1e9a8999a5acae/hls\",\"status\":\"500\",\"responseTime\":\"1295.331\"}","timestamp":"2024-11-05T00:23:33.382Z"}
{"level":"\u001b[32minfo\u001b[39m","message":"{\"method\":\"GET\",\"url\":\"/videos\",\"status\":\"304\",\"responseTime\":\"154.729\"}","timestamp":"2024-11-05T00:23:34.971Z"}
{"level":"\u001b[32minfo\u001b[39m","message":"{\"method\":\"GET\",\"url\":\"/videos\",\"status\":\"304\",\"responseTime\":\"108.140\"}","timestamp":"2024-11-05T00:34:19.459Z"}
{"level":"\u001b[32minfo\u001b[39m","message":"{\"method\":\"GET\",\"url\":\"/video/67230eb61323c447f751ff67/hls\",\"status\":\"304\",\"responseTime\":\"91.242\"}","timestamp":"2024-11-05T00:34:25.749Z"}
{"level":"\u001b[32minfo\u001b[39m","message":"{\"method\":\"GET\",\"url\":\"/videos\",\"status\":\"304\",\"responseTime\":\"102.814\"}","timestamp":"2024-11-05T00:35:24.666Z"}
{"level":"\u001b[32minfo\u001b[39m","message":"{\"method\":\"GET\",\"url\":\"/video/6728a33e701fa15f6a25ba61/hls\",\"status\":\"304\",\"responseTime\":\"113.972\"}","timestamp":"2024-11-05T00:35:26.874Z"}
{"level":"\u001b[32minfo\u001b[39m","message":"{\"method\":\"GET\",\"url\":\"/video/6728a33e701fa15f6a25ba61/hls\",\"status\":\"304\",\"responseTime\":\"78.411\"}","timestamp":"2024-11-05T00:36:19.420Z"}
{"level":"\u001b[32minfo\u001b[39m","message":"{\"method\":\"GET\",\"url\":\"/video/6728a33e701fa15f6a25ba61/hls\",\"status\":\"304\",\"responseTime\":\"96.181\"}","timestamp":"2024-11-05T00:36:28.761Z"}
{"level":"\u001b[32minfo\u001b[39m","message":"{\"method\":\"GET\",\"url\":\"/videos\",\"status\":\"304\",\"responseTime\":\"102.988\"}","timestamp":"2024-11-05T00:36:33.717Z"}
{"level":"\u001b[32minfo\u001b[39m","message":"{\"method\":\"GET\",\"url\":\"/video/6728a33e701fa15f6a25ba61/hls\",\"status\":\"304\",\"responseTime\":\"124.851\"}","timestamp":"2024-11-05T00:36:35.418Z"}
{"level":"\u001b[32minfo\u001b[39m","message":"{\"method\":\"GET\",\"url\":\"/videos\",\"status\":\"304\",\"responseTime\":\"107.070\"}","timestamp":"2024-11-05T00:36:44.770Z"}
{"level":"\u001b[32minfo\u001b[39m","message":"{\"method\":\"GET\",\"url\":\"/video/67230eb61323c447f751ff67/hls\",\"status\":\"304\",\"responseTime\":\"107.828\"}","timestamp":"2024-11-05T00:36:47.414Z"}
{"level":"\u001b[32minfo\u001b[39m","message":"{\"method\":\"GET\",\"url\":\"/videos\",\"status\":\"304\",\"responseTime\":\"121.376\"}","timestamp":"2024-11-05T00:36:58.641Z"}
{"level":"\u001b[32minfo\u001b[39m","message":"{\"method\":\"GET\",\"url\":\"/video/6728a33e701fa15f6a25ba61/hls\",\"status\":\"304\",\"responseTime\":\"90.058\"}","timestamp":"2024-11-05T00:37:00.323Z"}
{"level":"\u001b[32minfo\u001b[39m","message":"{\"method\":\"GET\",\"url\":\"/videos\",\"status\":\"200\",\"responseTime\":\"100.942\"}","timestamp":"2024-11-05T00:37:59.844Z"}
{"level":"\u001b[32minfo\u001b[39m","message":"{\"method\":\"GET\",\"url\":\"/video/67230eb61323c447f751ff67/hls\",\"status\":\"304\",\"responseTime\":\"91.660\"}","timestamp":"2024-11-05T00:38:02.364Z"}
{"level":"\u001b[32minfo\u001b[39m","message":"{\"method\":\"GET\",\"url\":\"/videos\",\"status\":\"304\",\"responseTime\":\"106.633\"}","timestamp":"2024-11-05T00:38:06.405Z"}
{"level":"\u001b[32minfo\u001b[39m","message":"{\"method\":\"GET\",\"url\":\"/videos\",\"status\":\"304\",\"responseTime\":\"85.355\"}","timestamp":"2024-11-05T00:38:16.038Z"}
{"level":"\u001b[32minfo\u001b[39m","message":"{\"method\":\"GET\",\"url\":\"/videos\",\"status\":\"304\",\"responseTime\":\"102.945\"}","timestamp":"2024-11-05T00:38:22.908Z"}
{"level":"\u001b[32minfo\u001b[39m","message":"{\"method\":\"GET\",\"url\":\"/video/67230eb61323c447f751ff67/hls\",\"status\":\"304\",\"responseTime\":\"63.177\"}","timestamp":"2024-11-05T00:38:24.900Z"}
{"level":"\u001b[32minfo\u001b[39m","message":"{\"method\":\"GET\",\"url\":\"/videos\",\"status\":\"304\",\"responseTime\":\"103.421\"}","timestamp":"2024-11-05T00:38:32.779Z"}
{"level":"\u001b[32minfo\u001b[39m","message":"{\"method\":\"GET\",\"url\":\"/videos\",\"status\":\"304\",\"responseTime\":\"84.386\"}","timestamp":"2024-11-05T00:38:39.112Z"}
{"level":"\u001b[32minfo\u001b[39m","message":"{\"method\":\"GET\",\"url\":\"/video/67230eb61323c447f751ff67/hls\",\"status\":\"304\",\"responseTime\":\"88.040\"}","timestamp":"2024-11-05T00:38:43.429Z"}
{"level":"\u001b[32minfo\u001b[39m","message":"{\"method\":\"GET\",\"url\":\"/videos\",\"status\":\"304\",\"responseTime\":\"79.700\"}","timestamp":"2024-11-05T00:39:28.505Z"}
{"level":"\u001b[32minfo\u001b[39m","message":"{\"method\":\"GET\",\"url\":\"/video/6728a33e701fa15f6a25ba61/hls\",\"status\":\"304\",\"responseTime\":\"73.630\"}","timestamp":"2024-11-05T00:39:32.571Z"}
{"level":"\u001b[32minfo\u001b[39m","message":"{\"method\":\"GET\",\"url\":\"/videos\",\"status\":\"304\",\"responseTime\":\"90.681\"}","timestamp":"2024-11-05T00:39:45.840Z"}
{"level":"\u001b[32minfo\u001b[39m","message":"{\"method\":\"GET\",\"url\":\"/videos\",\"status\":\"304\",\"responseTime\":\"96.784\"}","timestamp":"2024-11-05T00:43:16.611Z"}
{"level":"\u001b[32minfo\u001b[39m","message":"{\"method\":\"GET\",\"url\":\"/video/67230eb61323c447f751ff67/hls\",\"status\":\"304\",\"responseTime\":\"113.441\"}","timestamp":"2024-11-05T00:43:19.504Z"}
{"level":"\u001b[32minfo\u001b[39m","message":"{\"method\":\"GET\",\"url\":\"/videos\",\"status\":\"304\",\"responseTime\":\"115.194\"}","timestamp":"2024-11-05T00:43:28.957Z"}
{"level":"\u001b[32minfo\u001b[39m","message":"{\"method\":\"GET\",\"url\":\"/videos\",\"status\":\"304\",\"responseTime\":\"95.496\"}","timestamp":"2024-11-05T00:52:47.610Z"}
{"level":"\u001b[32minfo\u001b[39m","message":"{\"method\":\"GET\",\"url\":\"/video/6728a33e701fa15f6a25ba61/hls\",\"status\":\"304\",\"responseTime\":\"98.294\"}","timestamp":"2024-11-05T00:52:51.526Z"}
{"level":"\u001b[32minfo\u001b[39m","message":"{\"method\":\"GET\",\"url\":\"/videos\",\"status\":\"304\",\"responseTime\":\"106.518\"}","timestamp":"2024-11-05T00:52:57.146Z"}
{"level":"\u001b[32minfo\u001b[39m","message":"{\"method\":\"GET\",\"url\":\"/video/6728a33e701fa15f6a25ba61/hls\",\"status\":\"304\",\"responseTime\":\"68.660\"}","timestamp":"2024-11-05T00:53:15.103Z"}
{"level":"\u001b[32minfo\u001b[39m","message":"{\"method\":\"GET\",\"url\":\"/videos\",\"status\":\"304\",\"responseTime\":\"191.020\"}","timestamp":"2024-11-05T00:53:17.978Z"}
{"level":"\u001b[32minfo\u001b[39m","message":"{\"method\":\"GET\",\"url\":\"/videos\",\"status\":\"304\",\"responseTime\":\"181.763\"}","timestamp":"2024-11-05T01:08:24.448Z"}
{"level":"\u001b[32minfo\u001b[39m","message":"{\"method\":\"GET\",\"url\":\"/video/67230eb61323c447f751ff67/hls\",\"status\":\"304\",\"responseTime\":\"117.578\"}","timestamp":"2024-11-05T01:08:26.846Z"}
{"level":"\u001b[32minfo\u001b[39m","message":"{\"method\":\"GET\",\"url\":\"/videos\",\"status\":\"304\",\"responseTime\":\"117.129\"}","timestamp":"2024-11-05T01:08:42.256Z"}
{"level":"\u001b[32minfo\u001b[39m","message":"{\"method\":\"GET\",\"url\":\"/videos\",\"status\":\"-\",\"responseTime\":\"-\"}","timestamp":"2024-11-05T02:53:42.006Z"}
{"level":"\u001b[32minfo\u001b[39m","message":"{\"method\":\"GET\",\"url\":\"/videos\",\"status\":\"500\",\"responseTime\":\"30022.558\"}","timestamp":"2024-11-05T02:54:13.662Z"}
{"level":"\u001b[32minfo\u001b[39m","message":"{\"method\":\"GET\",\"url\":\"/videos\",\"status\":\"200\",\"responseTime\":\"2490.393\"}","timestamp":"2024-11-05T02:55:00.385Z"}
{"level":"\u001b[32minfo\u001b[39m","message":"{\"method\":\"GET\",\"url\":\"/videos\",\"status\":\"304\",\"responseTime\":\"67.927\"}","timestamp":"2024-11-05T02:55:01.801Z"}
{"level":"\u001b[32minfo\u001b[39m","message":"{\"method\":\"GET\",\"url\":\"/video/6728a33e701fa15f6a25ba61/hls\",\"status\":\"304\",\"responseTime\":\"62.416\"}","timestamp":"2024-11-05T02:55:03.749Z"}
{"level":"\u001b[32minfo\u001b[39m","message":"{\"method\":\"GET\",\"url\":\"/videos\",\"status\":\"304\",\"responseTime\":\"86.459\"}","timestamp":"2024-11-05T02:55:06.882Z"}
{"level":"\u001b[32minfo\u001b[39m","message":"{\"method\":\"GET\",\"url\":\"/video/6728a33e701fa15f6a25ba61/hls\",\"status\":\"304\",\"responseTime\":\"116.339\"}","timestamp":"2024-11-05T03:03:50.638Z"}
{"level":"\u001b[32minfo\u001b[39m","message":"{\"method\":\"GET\",\"url\":\"/video/6728a33e701fa15f6a25ba61/hls\",\"status\":\"304\",\"responseTime\":\"50.534\"}","timestamp":"2024-11-05T03:03:54.454Z"}
{"level":"\u001b[32minfo\u001b[39m","message":"{\"method\":\"GET\",\"url\":\"/videos\",\"status\":\"304\",\"responseTime\":\"61.538\"}","timestamp":"2024-11-05T03:03:57.924Z"}
{"level":"\u001b[32minfo\u001b[39m","message":"{\"method\":\"GET\",\"url\":\"/video/67230eb61323c447f751ff67/hls\",\"status\":\"304\",\"responseTime\":\"56.312\"}","timestamp":"2024-11-05T03:04:01.674Z"}
{"level":"\u001b[32minfo\u001b[39m","message":"{\"method\":\"GET\",\"url\":\"/videos\",\"status\":\"304\",\"responseTime\":\"76.588\"}","timestamp":"2024-11-05T03:04:03.919Z"}
{"level":"\u001b[32minfo\u001b[39m","message":"{\"method\":\"GET\",\"url\":\"/videos\",\"status\":\"304\",\"responseTime\":\"60.703\"}","timestamp":"2024-11-05T03:05:30.848Z"}
{"level":"\u001b[32minfo\u001b[39m","message":"{\"method\":\"GET\",\"url\":\"/videos\",\"status\":\"304\",\"responseTime\":\"63.602\"}","timestamp":"2024-11-05T03:22:07.266Z"}
{"level":"\u001b[32minfo\u001b[39m","message":"{\"method\":\"GET\",\"url\":\"/video/6728a33e701fa15f6a25ba61/hls\",\"status\":\"304\",\"responseTime\":\"58.216\"}","timestamp":"2024-11-05T03:22:10.633Z"}
{"level":"\u001b[32minfo\u001b[39m","message":"{\"method\":\"GET\",\"url\":\"/video/6728a33e701fa15f6a25ba61/hls\",\"status\":\"304\",\"responseTime\":\"54.609\"}","timestamp":"2024-11-05T03:22:14.183Z"}
{"level":"\u001b[32minfo\u001b[39m","message":"{\"method\":\"GET\",\"url\":\"/videos\",\"status\":\"304\",\"responseTime\":\"80.557\"}","timestamp":"2024-11-05T03:22:16.202Z"}
{"level":"\u001b[32minfo\u001b[39m","message":"{\"method\":\"GET\",\"url\":\"/video/67230eb61323c447f751ff67/hls\",\"status\":\"304\",\"responseTime\":\"58.881\"}","timestamp":"2024-11-05T03:22:20.121Z"}
{"level":"\u001b[32minfo\u001b[39m","message":"{\"method\":\"GET\",\"url\":\"/videos\",\"status\":\"304\",\"responseTime\":\"72.692\"}","timestamp":"2024-11-05T03:22:45.521Z"}
{"level":"\u001b[32minfo\u001b[39m","message":"{\"method\":\"GET\",\"url\":\"/video/6728a33e701fa15f6a25ba61/hls\",\"status\":\"304\",\"responseTime\":\"56.236\"}","timestamp":"2024-11-05T03:22:47.570Z"}
{"level":"\u001b[32minfo\u001b[39m","message":"{\"method\":\"GET\",\"url\":\"/video/6728a33e701fa15f6a25ba61/hls\",\"status\":\"304\",\"responseTime\":\"49.191\"}","timestamp":"2024-11-05T03:23:28.597Z"}
{"level":"\u001b[32minfo\u001b[39m","message":"{\"method\":\"GET\",\"url\":\"/video/6728a33e701fa15f6a25ba61/hls\",\"status\":\"304\",\"responseTime\":\"78.556\"}","timestamp":"2024-11-05T03:23:34.269Z"}
{"level":"\u001b[32minfo\u001b[39m","message":"{\"method\":\"GET\",\"url\":\"/videos\",\"status\":\"304\",\"responseTime\":\"85.900\"}","timestamp":"2024-11-05T03:23:35.933Z"}
{"level":"\u001b[32minfo\u001b[39m","message":"{\"method\":\"GET\",\"url\":\"/video/6722d3dabde9990ac0c33a23/hls\",\"status\":\"304\",\"responseTime\":\"71.239\"}","timestamp":"2024-11-05T03:23:39.219Z"}
{"level":"\u001b[32minfo\u001b[39m","message":"{\"method\":\"GET\",\"url\":\"/videos\",\"status\":\"304\",\"responseTime\":\"103.873\"}","timestamp":"2024-11-05T03:24:59.588Z"}
{"level":"\u001b[32minfo\u001b[39m","message":"{\"method\":\"GET\",\"url\":\"/videos\",\"status\":\"304\",\"responseTime\":\"153.591\"}","timestamp":"2024-11-05T03:34:34.153Z"}
{"level":"\u001b[32minfo\u001b[39m","message":"{\"method\":\"GET\",\"url\":\"/videos\",\"status\":\"304\",\"responseTime\":\"254.045\"}","timestamp":"2024-11-05T03:34:39.932Z"}
{"level":"\u001b[32minfo\u001b[39m","message":"{\"method\":\"GET\",\"url\":\"/video/6722d3dabde9990ac0c33a23/hls\",\"status\":\"304\",\"responseTime\":\"87.212\"}","timestamp":"2024-11-05T03:34:44.290Z"}
{"level":"\u001b[32minfo\u001b[39m","message":"{\"method\":\"GET\",\"url\":\"/videos\",\"status\":\"304\",\"responseTime\":\"564.610\"}","timestamp":"2024-11-05T03:36:59.019Z"}
{"level":"\u001b[32minfo\u001b[39m","message":"{\"method\":\"GET\",\"url\":\"/video/6728a33e701fa15f6a25ba61/hls\",\"status\":\"304\",\"responseTime\":\"175.396\"}","timestamp":"2024-11-05T03:48:14.524Z"}
{"level":"\u001b[32minfo\u001b[39m","message":"{\"method\":\"GET\",\"url\":\"/videos\",\"status\":\"304\",\"responseTime\":\"480.792\"}","timestamp":"2024-11-05T03:49:13.123Z"}
{"level":"\u001b[32minfo\u001b[39m","message":"{\"method\":\"GET\",\"url\":\"/videos\",\"status\":\"304\",\"responseTime\":\"219.050\"}","timestamp":"2024-11-05T03:50:16.262Z"}
{"level":"\u001b[32minfo\u001b[39m","message":"{\"method\":\"GET\",\"url\":\"/video/6728a33e701fa15f6a25ba61/hls\",\"status\":\"304\",\"responseTime\":\"163.695\"}","timestamp":"2024-11-05T03:50:25.491Z"}
{"level":"\u001b[32minfo\u001b[39m","message":"{\"method\":\"GET\",\"url\":\"/video/6728a33e701fa15f6a25ba61/hls\",\"status\":\"304\",\"responseTime\":\"367.672\"}","timestamp":"2024-11-05T03:50:40.333Z"}
{"level":"\u001b[32minfo\u001b[39m","message":"{\"method\":\"GET\",\"url\":\"/video/6728a33e701fa15f6a25ba61/hls\",\"status\":\"304\",\"responseTime\":\"452.589\"}","timestamp":"2024-11-05T03:50:43.762Z"}
{"level":"\u001b[32minfo\u001b[39m","message":"{\"method\":\"GET\",\"url\":\"/videos\",\"status\":\"304\",\"responseTime\":\"919.393\"}","timestamp":"2024-11-05T03:50:46.256Z"}
{"level":"\u001b[32minfo\u001b[39m","message":"{\"method\":\"GET\",\"url\":\"/video/6722d37fbde9990ac0c33a1d/hls\",\"status\":\"304\",\"responseTime\":\"238.178\"}","timestamp":"2024-11-05T03:50:47.277Z"}
{"level":"\u001b[32minfo\u001b[39m","message":"{\"method\":\"GET\",\"url\":\"/videos\",\"status\":\"304\",\"responseTime\":\"478.271\"}","timestamp":"2024-11-05T03:51:22.401Z"}
{"level":"\u001b[32minfo\u001b[39m","message":"{\"method\":\"GET\",\"url\":\"/videos\",\"status\":\"304\",\"responseTime\":\"1131.717\"}","timestamp":"2024-11-05T03:52:14.603Z"}
{"level":"\u001b[32minfo\u001b[39m","message":"{\"method\":\"GET\",\"url\":\"/videos\",\"status\":\"304\",\"responseTime\":\"430.468\"}","timestamp":"2024-11-05T03:52:35.247Z"}
{"level":"\u001b[32minfo\u001b[39m","message":"{\"method\":\"GET\",\"url\":\"/video/6728a33e701fa15f6a25ba61/hls\",\"status\":\"304\",\"responseTime\":\"596.942\"}","timestamp":"2024-11-05T03:52:39.861Z"}
{"level":"\u001b[32minfo\u001b[39m","message":"{\"method\":\"GET\",\"url\":\"/video/6728a33e701fa15f6a25ba61/hls\",\"status\":\"304\",\"responseTime\":\"211.258\"}","timestamp":"2024-11-05T03:52:44.316Z"}
{"level":"\u001b[32minfo\u001b[39m","message":"{\"method\":\"GET\",\"url\":\"/videos\",\"status\":\"304\",\"responseTime\":\"382.125\"}","timestamp":"2024-11-05T03:52:45.590Z"}
{"level":"\u001b[32minfo\u001b[39m","message":"{\"method\":\"GET\",\"url\":\"/videos\",\"status\":\"304\",\"responseTime\":\"93.611\"}","timestamp":"2024-11-05T03:52:47.872Z"}
{"level":"\u001b[32minfo\u001b[39m","message":"{\"method\":\"GET\",\"url\":\"/video/6728a33e701fa15f6a25ba61/hls\",\"status\":\"304\",\"responseTime\":\"183.885\"}","timestamp":"2024-11-05T03:52:49.255Z"}
{"level":"\u001b[32minfo\u001b[39m","message":"{\"method\":\"GET\",\"url\":\"/videos\",\"status\":\"304\",\"responseTime\":\"148.712\"}","timestamp":"2024-11-05T03:54:05.221Z"}
{"level":"\u001b[32minfo\u001b[39m","message":"{\"method\":\"GET\",\"url\":\"/videos\",\"status\":\"304\",\"responseTime\":\"1155.162\"}","timestamp":"2024-11-05T03:56:11.845Z"}
{"level":"\u001b[32minfo\u001b[39m","message":"{\"method\":\"GET\",\"url\":\"/videos\",\"status\":\"304\",\"responseTime\":\"269.711\"}","timestamp":"2024-11-05T04:03:55.228Z"}
{"level":"\u001b[32minfo\u001b[39m","message":"{\"method\":\"GET\",\"url\":\"/videos\",\"status\":\"304\",\"responseTime\":\"292.322\"}","timestamp":"2024-11-05T04:07:33.879Z"}
{"level":"\u001b[32minfo\u001b[39m","message":"{\"method\":\"GET\",\"url\":\"/videos\",\"status\":\"304\",\"responseTime\":\"988.229\"}","timestamp":"2024-11-05T04:07:44.654Z"}
{"level":"\u001b[32minfo\u001b[39m","message":"{\"method\":\"GET\",\"url\":\"/videos\",\"status\":\"304\",\"responseTime\":\"144.399\"}","timestamp":"2024-11-05T04:07:45.268Z"}
{"level":"\u001b[32minfo\u001b[39m","message":"{\"method\":\"POST\",\"url\":\"/uploadasHLS\",\"status\":\"400\",\"responseTime\":\"16.234\"}","timestamp":"2024-11-05T04:14:10.976Z"}
{"level":"\u001b[32minfo\u001b[39m","message":"{\"method\":\"POST\",\"url\":\"/uploadasHLS\",\"status\":\"400\",\"responseTime\":\"6.739\"}","timestamp":"2024-11-05T04:14:10.997Z"}
{"level":"\u001b[32minfo\u001b[39m","message":"{\"method\":\"GET\",\"url\":\"/videos\",\"status\":\"200\",\"responseTime\":\"330.771\"}","timestamp":"2024-11-05T04:15:15.979Z"}
{"level":"\u001b[32minfo\u001b[39m","message":"{\"method\":\"POST\",\"url\":\"/uploadasHLS\",\"status\":\"-\",\"responseTime\":\"-\"}","timestamp":"2024-11-05T04:20:41.394Z"}
{"level":"\u001b[32minfo\u001b[39m","message":"{\"method\":\"POST\",\"url\":\"/uploadasHLS\",\"status\":\"-\",\"responseTime\":\"-\"}","timestamp":"2024-11-05T04:20:41.396Z"}
{"level":"\u001b[32minfo\u001b[39m","message":"{\"method\":\"POST\",\"url\":\"/uploadasHLS\",\"status\":\"-\",\"responseTime\":\"-\"}","timestamp":"2024-11-05T04:22:11.363Z"}
{"level":"\u001b[32minfo\u001b[39m","message":"{\"method\":\"GET\",\"url\":\"/videos\",\"status\":\"304\",\"responseTime\":\"5104.514\"}","timestamp":"2024-11-05T04:57:18.365Z"}
{"level":"\u001b[32minfo\u001b[39m","message":"{\"method\":\"POST\",\"url\":\"/uploadasHLS\",\"status\":\"-\",\"responseTime\":\"-\"}","timestamp":"2024-11-05T05:07:42.280Z"}
{"level":"\u001b[32minfo\u001b[39m","message":"{\"method\":\"GET\",\"url\":\"/videos\",\"status\":\"304\",\"responseTime\":\"2235.461\"}","timestamp":"2024-11-05T05:25:16.137Z"}
{"level":"\u001b[32minfo\u001b[39m","message":"{\"method\":\"GET\",\"url\":\"/videos\",\"status\":\"304\",\"responseTime\":\"1100.750\"}","timestamp":"2024-11-05T07:20:05.973Z"}
{"level":"\u001b[32minfo\u001b[39m","message":"{\"method\":\"GET\",\"url\":\"/uploadasHLS\",\"status\":\"404\",\"responseTime\":\"4.457\"}","timestamp":"2024-11-05T07:28:41.993Z"}
{"level":"\u001b[32minfo\u001b[39m","message":"{\"method\":\"GET\",\"url\":\"/videos\",\"status\":\"304\",\"responseTime\":\"152.894\"}","timestamp":"2024-11-05T07:29:59.850Z"}
{"level":"\u001b[32minfo\u001b[39m","message":"{\"method\":\"GET\",\"url\":\"/videos\",\"status\":\"200\",\"responseTime\":\"418.117\"}","timestamp":"2024-11-05T07:31:33.915Z"}
{"level":"\u001b[32minfo\u001b[39m","message":"{\"method\":\"POST\",\"url\":\"/uploadasHLS\",\"status\":\"500\",\"responseTime\":\"24.139\"}","timestamp":"2024-11-05T07:47:33.345Z"}
{"level":"\u001b[32minfo\u001b[39m","message":"{\"method\":\"POST\",\"url\":\"/uploadasHLS\",\"status\":\"500\",\"responseTime\":\"6.355\"}","timestamp":"2024-11-05T07:47:33.366Z"}
{"level":"\u001b[32minfo\u001b[39m","message":"{\"method\":\"GET\",\"url\":\"/videos\",\"status\":\"304\",\"responseTime\":\"911.839\"}","timestamp":"2024-11-05T07:47:57.118Z"}
{"level":"\u001b[32minfo\u001b[39m","message":"{\"method\":\"POST\",\"url\":\"/uploadasHLS\",\"status\":\"500\",\"responseTime\":\"33.741\"}","timestamp":"2024-11-05T07:48:27.962Z"}
{"level":"\u001b[32minfo\u001b[39m","message":"{\"method\":\"POST\",\"url\":\"/uploadasHLS\",\"status\":\"500\",\"responseTime\":\"20.516\"}","timestamp":"2024-11-05T07:48:28.015Z"}
{"level":"\u001b[32minfo\u001b[39m","message":"{\"method\":\"GET\",\"url\":\"/videos\",\"status\":\"304\",\"responseTime\":\"231.902\"}","timestamp":"2024-11-05T07:48:30.376Z"}
{"level":"\u001b[32minfo\u001b[39m","message":"{\"method\":\"POST\",\"url\":\"/uploadasHLS\",\"status\":\"500\",\"responseTime\":\"21.087\"}","timestamp":"2024-11-05T07:50:30.827Z"}
{"level":"\u001b[32minfo\u001b[39m","message":"{\"method\":\"POST\",\"url\":\"/uploadasHLS\",\"status\":\"500\",\"responseTime\":\"6.301\"}","timestamp":"2024-11-05T07:50:30.847Z"}
{"level":"\u001b[32minfo\u001b[39m","message":"{\"method\":\"GET\",\"url\":\"/videos\",\"status\":\"200\",\"responseTime\":\"197.957\"}","timestamp":"2024-11-05T07:51:08.381Z"}
{"level":"\u001b[32minfo\u001b[39m","message":"{\"method\":\"GET\",\"url\":\"/video/6722d3dabde9990ac0c33a23/hls\",\"status\":\"304\",\"responseTime\":\"94.674\"}","timestamp":"2024-11-05T07:51:09.779Z"}
{"level":"\u001b[32minfo\u001b[39m","message":"{\"method\":\"GET\",\"url\":\"/videos\",\"status\":\"304\",\"responseTime\":\"91.735\"}","timestamp":"2024-11-05T07:51:17.995Z"}
{"level":"\u001b[32minfo\u001b[39m","message":"{\"method\":\"POST\",\"url\":\"/uploadasHLS\",\"status\":\"500\",\"responseTime\":\"19.385\"}","timestamp":"2024-11-05T07:51:29.462Z"}
{"level":"\u001b[32minfo\u001b[39m","message":"{\"method\":\"POST\",\"url\":\"/uploadasHLS\",\"status\":\"500\",\"responseTime\":\"4.647\"}","timestamp":"2024-11-05T07:51:29.478Z"}
{"level":"\u001b[32minfo\u001b[39m","message":"{\"method\":\"GET\",\"url\":\"/videos\",\"status\":\"304\",\"responseTime\":\"226.599\"}","timestamp":"2024-11-05T07:52:50.326Z"}
{"level":"\u001b[32minfo\u001b[39m","message":"{\"method\":\"POST\",\"url\":\"/uploadasHLS\",\"status\":\"500\",\"responseTime\":\"19.095\"}","timestamp":"2024-11-05T07:53:00.012Z"}
{"level":"\u001b[32minfo\u001b[39m","message":"{\"method\":\"POST\",\"url\":\"/uploadasHLS\",\"status\":\"500\",\"responseTime\":\"3.443\"}","timestamp":"2024-11-05T07:53:00.032Z"}
{"level":"\u001b[32minfo\u001b[39m","message":"{\"method\":\"GET\",\"url\":\"/videos\",\"status\":\"304\",\"responseTime\":\"85.391\"}","timestamp":"2024-11-05T07:55:08.709Z"}
{"level":"\u001b[32minfo\u001b[39m","message":"{\"method\":\"POST\",\"url\":\"/uploadasHLS\",\"status\":\"500\",\"responseTime\":\"3.639\"}","timestamp":"2024-11-05T07:55:19.589Z"}
{"level":"\u001b[32minfo\u001b[39m","message":"{\"method\":\"POST\",\"url\":\"/uploadasHLS\",\"status\":\"500\",\"responseTime\":\"2.700\"}","timestamp":"2024-11-05T07:55:19.602Z"}
{"level":"\u001b[32minfo\u001b[39m","message":"{\"method\":\"GET\",\"url\":\"/videos\",\"status\":\"304\",\"responseTime\":\"74.340\"}","timestamp":"2024-11-05T07:56:04.388Z"}
{"level":"\u001b[32minfo\u001b[39m","message":"{\"method\":\"POST\",\"url\":\"/uploadasHLS\",\"status\":\"500\",\"responseTime\":\"26.397\"}","timestamp":"2024-11-05T07:59:36.974Z"}
{"level":"\u001b[32minfo\u001b[39m","message":"{\"method\":\"POST\",\"url\":\"/uploadasHLS\",\"status\":\"500\",\"responseTime\":\"15.894\"}","timestamp":"2024-11-05T07:59:37.006Z"}
{"level":"\u001b[32minfo\u001b[39m","message":"{\"method\":\"GET\",\"url\":\"/videos\",\"status\":\"304\",\"responseTime\":\"127.488\"}","timestamp":"2024-11-05T08:00:13.431Z"}
{"level":"\u001b[32minfo\u001b[39m","message":"{\"method\":\"POST\",\"url\":\"/uploadasHLS\",\"status\":\"500\",\"responseTime\":\"22.860\"}","timestamp":"2024-11-05T08:00:22.198Z"}
{"level":"\u001b[32minfo\u001b[39m","message":"{\"method\":\"POST\",\"url\":\"/uploadasHLS\",\"status\":\"500\",\"responseTime\":\"8.010\"}","timestamp":"2024-11-05T08:00:22.261Z"}
{"level":"\u001b[32minfo\u001b[39m","message":"{\"method\":\"GET\",\"url\":\"/videos\",\"status\":\"304\",\"responseTime\":\"162.384\"}","timestamp":"2024-11-05T08:03:27.344Z"}
{"level":"\u001b[32minfo\u001b[39m","message":"{\"method\":\"POST\",\"url\":\"/uploadasHLS\",\"status\":\"500\",\"responseTime\":\"23.189\"}","timestamp":"2024-11-05T08:03:38.459Z"}
{"level":"\u001b[32minfo\u001b[39m","message":"{\"method\":\"POST\",\"url\":\"/uploadasHLS\",\"status\":\"500\",\"responseTime\":\"8.792\"}","timestamp":"2024-11-05T08:03:38.484Z"}
{"level":"\u001b[32minfo\u001b[39m","message":"{\"method\":\"GET\",\"url\":\"/videos\",\"status\":\"304\",\"responseTime\":\"116.154\"}","timestamp":"2024-11-05T08:04:31.450Z"}
{"level":"\u001b[32minfo\u001b[39m","message":"{\"method\":\"POST\",\"url\":\"/uploadasHLS\",\"status\":\"500\",\"responseTime\":\"7.606\"}","timestamp":"2024-11-05T08:04:42.249Z"}
{"level":"\u001b[32minfo\u001b[39m","message":"{\"method\":\"POST\",\"url\":\"/uploadasHLS\",\"status\":\"500\",\"responseTime\":\"4.927\"}","timestamp":"2024-11-05T08:04:42.261Z"}
{"level":"\u001b[32minfo\u001b[39m","message":"{\"method\":\"GET\",\"url\":\"/videos\",\"status\":\"304\",\"responseTime\":\"303.288\"}","timestamp":"2024-11-05T08:07:16.698Z"}
{"level":"\u001b[32minfo\u001b[39m","message":"{\"method\":\"POST\",\"url\":\"/uploadasHLS\",\"status\":\"500\",\"responseTime\":\"23.909\"}","timestamp":"2024-11-05T08:07:28.508Z"}
{"level":"\u001b[32minfo\u001b[39m","message":"{\"method\":\"POST\",\"url\":\"/uploadasHLS\",\"status\":\"500\",\"responseTime\":\"10.947\"}","timestamp":"2024-11-05T08:07:28.532Z"}
{"level":"\u001b[32minfo\u001b[39m","message":"{\"method\":\"GET\",\"url\":\"/videos\",\"status\":\"304\",\"responseTime\":\"168.112\"}","timestamp":"2024-11-05T08:09:08.996Z"}
{"level":"\u001b[32minfo\u001b[39m","message":"{\"method\":\"POST\",\"url\":\"/uploadasHLS\",\"status\":\"500\",\"responseTime\":\"28.305\"}","timestamp":"2024-11-05T08:09:19.704Z"}
{"level":"\u001b[32minfo\u001b[39m","message":"{\"method\":\"POST\",\"url\":\"/uploadasHLS\",\"status\":\"500\",\"responseTime\":\"7.635\"}","timestamp":"2024-11-05T08:09:19.740Z"}
{"level":"\u001b[32minfo\u001b[39m","message":"{\"method\":\"GET\",\"url\":\"/videos\",\"status\":\"200\",\"responseTime\":\"2125.746\"}","timestamp":"2024-11-05T08:10:07.015Z"}
{"level":"\u001b[32minfo\u001b[39m","message":"{\"method\":\"POST\",\"url\":\"/uploadasHLS\",\"status\":\"500\",\"responseTime\":\"19.006\"}","timestamp":"2024-11-05T08:11:37.936Z"}
{"level":"\u001b[32minfo\u001b[39m","message":"{\"method\":\"POST\",\"url\":\"/uploadasHLS\",\"status\":\"500\",\"responseTime\":\"10.876\"}","timestamp":"2024-11-05T08:11:37.960Z"}
{"level":"\u001b[32minfo\u001b[39m","message":"{\"method\":\"GET\",\"url\":\"/videos\",\"status\":\"304\",\"responseTime\":\"104.972\"}","timestamp":"2024-11-05T08:12:06.868Z"}
{"level":"\u001b[32minfo\u001b[39m","message":"{\"method\":\"GET\",\"url\":\"/videos\",\"status\":\"304\",\"responseTime\":\"87.555\"}","timestamp":"2024-11-05T08:14:33.870Z"}
{"level":"\u001b[32minfo\u001b[39m","message":"{\"method\":\"GET\",\"url\":\"/videos\",\"status\":\"304\",\"responseTime\":\"63.029\"}","timestamp":"2024-11-05T08:15:00.815Z"}
{"level":"\u001b[32minfo\u001b[39m","message":"{\"method\":\"GET\",\"url\":\"/videos\",\"status\":\"304\",\"responseTime\":\"105.657\"}","timestamp":"2024-11-05T08:15:07.333Z"}
{"level":"\u001b[32minfo\u001b[39m","message":"{\"method\":\"POST\",\"url\":\"/uploadasHLS\",\"status\":\"500\",\"responseTime\":\"5.072\"}","timestamp":"2024-11-05T08:15:19.589Z"}
{"level":"\u001b[32minfo\u001b[39m","message":"{\"method\":\"POST\",\"url\":\"/uploadasHLS\",\"status\":\"500\",\"responseTime\":\"2.421\"}","timestamp":"2024-11-05T08:15:19.601Z"}
{"level":"\u001b[32minfo\u001b[39m","message":"{\"method\":\"GET\",\"url\":\"/videos\",\"status\":\"304\",\"responseTime\":\"132.852\"}","timestamp":"2024-11-05T08:19:19.111Z"}
{"level":"\u001b[32minfo\u001b[39m","message":"{\"method\":\"GET\",\"url\":\"/videos\",\"status\":\"304\",\"responseTime\":\"90.128\"}","timestamp":"2024-11-05T08:20:02.473Z"}
{"level":"\u001b[32minfo\u001b[39m","message":"{\"method\":\"GET\",\"url\":\"/videos\",\"status\":\"304\",\"responseTime\":\"135.963\"}","timestamp":"2024-11-05T08:20:14.964Z"}
{"level":"\u001b[32minfo\u001b[39m","message":"{\"method\":\"POST\",\"url\":\"/uploadasHLS\",\"status\":\"500\",\"responseTime\":\"4.998\"}","timestamp":"2024-11-05T08:20:32.359Z"}
{"level":"\u001b[32minfo\u001b[39m","message":"{\"method\":\"GET\",\"url\":\"/videos\",\"status\":\"304\",\"responseTime\":\"161.645\"}","timestamp":"2024-11-05T08:21:55.876Z"}
{"level":"\u001b[32minfo\u001b[39m","message":"{\"method\":\"POST\",\"url\":\"/uploadasHLS\",\"status\":\"500\",\"responseTime\":\"15.204\"}","timestamp":"2024-11-05T08:22:13.442Z"}
{"level":"\u001b[32minfo\u001b[39m","message":"{\"method\":\"GET\",\"url\":\"/videos\",\"status\":\"304\",\"responseTime\":\"190.349\"}","timestamp":"2024-11-05T08:23:00.931Z"}
{"level":"\u001b[32minfo\u001b[39m","message":"{\"method\":\"POST\",\"url\":\"/uploadasHLS\",\"status\":\"500\",\"responseTime\":\"24.056\"}","timestamp":"2024-11-05T08:23:31.257Z"}
{"level":"\u001b[32minfo\u001b[39m","message":"{\"method\":\"POST\",\"url\":\"/uploadasHLS\",\"status\":\"500\",\"responseTime\":\"11.186\"}","timestamp":"2024-11-05T08:23:31.283Z"}
{"level":"\u001b[32minfo\u001b[39m","message":"{\"method\":\"GET\",\"url\":\"/videos\",\"status\":\"304\",\"responseTime\":\"87.230\"}","timestamp":"2024-11-05T08:24:37.200Z"}
{"level":"\u001b[32minfo\u001b[39m","message":"{\"method\":\"GET\",\"url\":\"/videos\",\"status\":\"200\",\"responseTime\":\"1436.641\"}","timestamp":"2024-11-05T08:25:46.047Z"}
{"level":"\u001b[32minfo\u001b[39m","message":"{\"method\":\"POST\",\"url\":\"/uploadasHLS\",\"status\":\"500\",\"responseTime\":\"30.059\"}","timestamp":"2024-11-05T08:25:55.542Z"}
{"level":"\u001b[32minfo\u001b[39m","message":"{\"method\":\"POST\",\"url\":\"/uploadasHLS\",\"status\":\"500\",\"responseTime\":\"6.203\"}","timestamp":"2024-11-05T08:25:55.563Z"}
{"level":"\u001b[32minfo\u001b[39m","message":"{\"method\":\"GET\",\"url\":\"/videos\",\"status\":\"304\",\"responseTime\":\"200.973\"}","timestamp":"2024-11-05T08:26:20.721Z"}
{"level":"\u001b[32minfo\u001b[39m","message":"{\"method\":\"POST\",\"url\":\"/uploadasHLS\",\"status\":\"500\",\"responseTime\":\"23.783\"}","timestamp":"2024-11-05T08:28:09.213Z"}
{"level":"\u001b[32minfo\u001b[39m","message":"{\"method\":\"POST\",\"url\":\"/uploadasHLS\",\"status\":\"500\",\"responseTime\":\"17.482\"}","timestamp":"2024-11-05T08:28:09.253Z"}
{"level":"\u001b[32minfo\u001b[39m","message":"{\"method\":\"GET\",\"url\":\"/videos\",\"status\":\"304\",\"responseTime\":\"134.252\"}","timestamp":"2024-11-05T08:32:41.058Z"}
{"level":"\u001b[32minfo\u001b[39m","message":"{\"method\":\"POST\",\"url\":\"/uploadasHLS\",\"status\":\"500\",\"responseTime\":\"27.943\"}","timestamp":"2024-11-05T08:32:54.635Z"}
{"level":"\u001b[32minfo\u001b[39m","message":"{\"method\":\"POST\",\"url\":\"/uploadasHLS\",\"status\":\"500\",\"responseTime\":\"8.278\"}","timestamp":"2024-11-05T08:32:54.654Z"}
{"level":"\u001b[32minfo\u001b[39m","message":"{\"method\":\"GET\",\"url\":\"/videos\",\"status\":\"304\",\"responseTime\":\"1294.638\"}","timestamp":"2024-11-05T08:35:15.165Z"}
{"level":"\u001b[32minfo\u001b[39m","message":"{\"method\":\"POST\",\"url\":\"/uploadasHLS\",\"status\":\"500\",\"responseTime\":\"15.845\"}","timestamp":"2024-11-05T08:35:26.602Z"}
{"level":"\u001b[32minfo\u001b[39m","message":"{\"method\":\"POST\",\"url\":\"/uploadasHLS\",\"status\":\"500\",\"responseTime\":\"3.767\"}","timestamp":"2024-11-05T08:35:26.616Z"}
{"level":"\u001b[32minfo\u001b[39m","message":"{\"method\":\"GET\",\"url\":\"/videos\",\"status\":\"304\",\"responseTime\":\"207.120\"}","timestamp":"2024-11-05T08:42:18.483Z"}
{"level":"\u001b[32minfo\u001b[39m","message":"{\"method\":\"POST\",\"url\":\"/uploadasHLS\",\"status\":\"500\",\"responseTime\":\"18.578\"}","timestamp":"2024-11-05T08:42:29.513Z"}
{"level":"\u001b[32minfo\u001b[39m","message":"{\"method\":\"POST\",\"url\":\"/uploadasHLS\",\"status\":\"500\",\"responseTime\":\"3.873\"}","timestamp":"2024-11-05T08:42:29.524Z"}
{"level":"\u001b[32minfo\u001b[39m","message":"{\"method\":\"GET\",\"url\":\"/videos\",\"status\":\"304\",\"responseTime\":\"108.343\"}","timestamp":"2024-11-05T08:47:36.106Z"}
{"level":"\u001b[32minfo\u001b[39m","message":"{\"method\":\"POST\",\"url\":\"/uploadasHLS\",\"status\":\"500\",\"responseTime\":\"20.859\"}","timestamp":"2024-11-05T08:47:48.460Z"}
{"level":"\u001b[32minfo\u001b[39m","message":"{\"method\":\"POST\",\"url\":\"/uploadasHLS\",\"status\":\"500\",\"responseTime\":\"5.255\"}","timestamp":"2024-11-05T08:47:48.489Z"}
{"level":"\u001b[32minfo\u001b[39m","message":"{\"method\":\"GET\",\"url\":\"/videos\",\"status\":\"304\",\"responseTime\":\"203.492\"}","timestamp":"2024-11-05T08:49:30.797Z"}
{"level":"\u001b[32minfo\u001b[39m","message":"{\"method\":\"POST\",\"url\":\"/uploadasHLS\",\"status\":\"500\",\"responseTime\":\"21.420\"}","timestamp":"2024-11-05T08:49:46.665Z"}
{"level":"\u001b[32minfo\u001b[39m","message":"{\"method\":\"POST\",\"url\":\"/uploadasHLS\",\"status\":\"500\",\"responseTime\":\"8.634\"}","timestamp":"2024-11-05T08:49:46.689Z"}
{"level":"\u001b[32minfo\u001b[39m","message":"{\"method\":\"GET\",\"url\":\"/videos\",\"status\":\"304\",\"responseTime\":\"165.178\"}","timestamp":"2024-11-05T08:52:27.165Z"}
{"level":"\u001b[32minfo\u001b[39m","message":"{\"method\":\"POST\",\"url\":\"/uploadasHLS\",\"status\":\"500\",\"responseTime\":\"14.846\"}","timestamp":"2024-11-05T08:52:38.394Z"}
{"level":"\u001b[32minfo\u001b[39m","message":"{\"method\":\"POST\",\"url\":\"/uploadasHLS\",\"status\":\"500\",\"responseTime\":\"5.939\"}","timestamp":"2024-11-05T08:52:38.437Z"}
{"level":"\u001b[32minfo\u001b[39m","message":"{\"method\":\"GET\",\"url\":\"/videos\",\"status\":\"304\",\"responseTime\":\"453.320\"}","timestamp":"2024-11-05T08:54:38.273Z"}
{"level":"\u001b[32minfo\u001b[39m","message":"{\"method\":\"POST\",\"url\":\"/uploadasHLS\",\"status\":\"500\",\"responseTime\":\"4.394\"}","timestamp":"2024-11-05T08:54:52.238Z"}
{"level":"\u001b[32minfo\u001b[39m","message":"{\"method\":\"POST\",\"url\":\"/uploadasHLS\",\"status\":\"500\",\"responseTime\":\"3.063\"}","timestamp":"2024-11-05T08:54:52.257Z"}
{"level":"\u001b[32minfo\u001b[39m","message":"{\"method\":\"GET\",\"url\":\"/videos\",\"status\":\"304\",\"responseTime\":\"116.515\"}","timestamp":"2024-11-05T08:54:59.962Z"}
{"level":"\u001b[32minfo\u001b[39m","message":"{\"method\":\"GET\",\"url\":\"/videos\",\"status\":\"304\",\"responseTime\":\"112.574\"}","timestamp":"2024-11-05T08:55:09.095Z"}
{"level":"\u001b[32minfo\u001b[39m","message":"{\"method\":\"GET\",\"url\":\"/videos\",\"status\":\"304\",\"responseTime\":\"72.317\"}","timestamp":"2024-11-05T08:56:52.513Z"}
{"level":"\u001b[32minfo\u001b[39m","message":"{\"method\":\"GET\",\"url\":\"/videos\",\"status\":\"304\",\"responseTime\":\"263.032\"}","timestamp":"2024-11-05T08:57:29.702Z"}
{"level":"\u001b[32minfo\u001b[39m","message":"{\"method\":\"POST\",\"url\":\"/uploadasHLS\",\"status\":\"500\",\"responseTime\":\"4.716\"}","timestamp":"2024-11-05T08:57:45.679Z"}
{"level":"\u001b[32minfo\u001b[39m","message":"{\"method\":\"POST\",\"url\":\"/uploadasHLS\",\"status\":\"500\",\"responseTime\":\"9.446\"}","timestamp":"2024-11-05T08:57:45.707Z"}
{"level":"\u001b[32minfo\u001b[39m","message":"{\"method\":\"GET\",\"url\":\"/videos\",\"status\":\"304\",\"responseTime\":\"92.435\"}","timestamp":"2024-11-05T08:58:54.274Z"}
{"level":"\u001b[32minfo\u001b[39m","message":"{\"method\":\"POST\",\"url\":\"/uploadasHLS\",\"status\":\"200\",\"responseTime\":\"56.024\"}","timestamp":"2024-11-05T09:00:44.610Z"}
{"level":"\u001b[32minfo\u001b[39m","message":"{\"method\":\"GET\",\"url\":\"/videos\",\"status\":\"200\",\"responseTime\":\"156.378\"}","timestamp":"2024-11-05T09:08:25.239Z"}
{"level":"\u001b[32minfo\u001b[39m","message":"{\"method\":\"POST\",\"url\":\"/uploadasHLS\",\"status\":\"500\",\"responseTime\":\"17.729\"}","timestamp":"2024-11-05T09:13:29.443Z"}
{"level":"\u001b[32minfo\u001b[39m","message":"{\"method\":\"POST\",\"url\":\"/uploadasHLS\",\"status\":\"500\",\"responseTime\":\"2.834\"}","timestamp":"2024-11-05T09:13:29.464Z"}
{"level":"\u001b[32minfo\u001b[39m","message":"{\"method\":\"GET\",\"url\":\"/videos\",\"status\":\"304\",\"responseTime\":\"158.048\"}","timestamp":"2024-11-05T09:14:32.769Z"}
{"level":"\u001b[32minfo\u001b[39m","message":"{\"method\":\"POST\",\"url\":\"/uploadasHLS\",\"status\":\"500\",\"responseTime\":\"4.167\"}","timestamp":"2024-11-05T09:14:48.802Z"}
{"level":"\u001b[32minfo\u001b[39m","message":"{\"method\":\"POST\",\"url\":\"/uploadasHLS\",\"status\":\"500\",\"responseTime\":\"2.522\"}","timestamp":"2024-11-05T09:14:48.819Z"}
{"level":"\u001b[32minfo\u001b[39m","message":"{\"method\":\"GET\",\"url\":\"/videos\",\"status\":\"304\",\"responseTime\":\"85.370\"}","timestamp":"2024-11-05T09:16:18.421Z"}
{"level":"\u001b[32minfo\u001b[39m","message":"{\"method\":\"POST\",\"url\":\"/generate-video-presigned-url\",\"status\":\"200\",\"responseTime\":\"31.021\"}","timestamp":"2024-11-05T09:16:29.685Z"}
{"level":"\u001b[32minfo\u001b[39m","message":"{\"method\":\"POST\",\"url\":\"/save-video-data\",\"status\":\"200\",\"responseTime\":\"104.109\"}","timestamp":"2024-11-05T09:16:59.423Z"}
{"level":"\u001b[32minfo\u001b[39m","message":"{\"method\":\"GET\",\"url\":\"/videos\",\"status\":\"200\",\"responseTime\":\"464.585\"}","timestamp":"2024-11-05T09:16:59.857Z"}
{"level":"\u001b[32minfo\u001b[39m","message":"{\"method\":\"GET\",\"url\":\"/videos\",\"status\":\"304\",\"responseTime\":\"227.694\"}","timestamp":"2024-11-05T09:33:48.436Z"}
{"level":"\u001b[32minfo\u001b[39m","message":"{\"method\":\"POST\",\"url\":\"/generate-video-presigned-url\",\"status\":\"200\",\"responseTime\":\"23.206\"}","timestamp":"2024-11-05T09:33:58.245Z"}
{"level":"\u001b[32minfo\u001b[39m","message":"{\"method\":\"POST\",\"url\":\"/convert\",\"status\":\"-\",\"responseTime\":\"-\"}","timestamp":"2024-11-05T09:36:05.877Z"}
{"level":"\u001b[32minfo\u001b[39m","message":"{\"method\":\"POST\",\"url\":\"/generate-video-presigned-url\",\"status\":\"200\",\"responseTime\":\"31.161\"}","timestamp":"2024-11-05T09:37:01.340Z"}
{"level":"\u001b[32minfo\u001b[39m","message":"{\"method\":\"POST\",\"url\":\"/generate-video-presigned-url\",\"status\":\"200\",\"responseTime\":\"42.403\"}","timestamp":"2024-11-05T09:41:36.005Z"}
{"level":"\u001b[32minfo\u001b[39m","message":"{\"method\":\"POST\",\"url\":\"/convert\",\"status\":\"500\",\"responseTime\":\"3878.196\"}","timestamp":"2024-11-05T09:42:23.249Z"}
{"level":"\u001b[32minfo\u001b[39m","message":"{\"method\":\"GET\",\"url\":\"/videos\",\"status\":\"304\",\"responseTime\":\"120.091\"}","timestamp":"2024-11-05T09:55:25.532Z"}
{"level":"\u001b[32minfo\u001b[39m","message":"{\"method\":\"GET\",\"url\":\"/video/67230eb61323c447f751ff67/hls\",\"status\":\"-\",\"responseTime\":\"-\"}","timestamp":"2024-11-05T09:55:31.226Z"}
{"level":"\u001b[32minfo\u001b[39m","message":"{\"method\":\"GET\",\"url\":\"/video/67230eb61323c447f751ff67/hls\",\"status\":\"200\",\"responseTime\":\"25208.245\"}","timestamp":"2024-11-05T09:55:58.131Z"}
{"level":"\u001b[32minfo\u001b[39m","message":"{\"method\":\"GET\",\"url\":\"/videos\",\"status\":\"304\",\"responseTime\":\"170.610\"}","timestamp":"2024-11-05T09:56:53.777Z"}
{"level":"\u001b[32minfo\u001b[39m","message":"{\"method\":\"POST\",\"url\":\"/generate-video-presigned-url\",\"status\":\"200\",\"responseTime\":\"15.860\"}","timestamp":"2024-11-05T09:57:06.732Z"}
{"level":"\u001b[32minfo\u001b[39m","message":"{\"method\":\"POST\",\"url\":\"/convert\",\"status\":\"200\",\"responseTime\":\"13332.762\"}","timestamp":"2024-11-05T09:59:05.446Z"}
{"level":"\u001b[32minfo\u001b[39m","message":"{\"method\":\"GET\",\"url\":\"/videos\",\"status\":\"304\",\"responseTime\":\"252.526\"}","timestamp":"2024-11-05T11:10:03.733Z"}
{"level":"\u001b[32minfo\u001b[39m","message":"{\"method\":\"POST\",\"url\":\"/generate-video-presigned-url\",\"status\":\"200\",\"responseTime\":\"45.167\"}","timestamp":"2024-11-05T11:10:27.811Z"}
{"level":"\u001b[32minfo\u001b[39m","message":"{\"method\":\"POST\",\"url\":\"/convert\",\"status\":\"500\",\"responseTime\":\"28612.441\"}","timestamp":"2024-11-05T11:11:28.297Z"}
{"level":"\u001b[32minfo\u001b[39m","message":"{\"method\":\"GET\",\"url\":\"/videos\",\"status\":\"200\",\"responseTime\":\"303.107\"}","timestamp":"2024-11-05T11:18:29.988Z"}
{"level":"\u001b[32minfo\u001b[39m","message":"{\"method\":\"POST\",\"url\":\"/generate-video-presigned-url\",\"status\":\"200\",\"responseTime\":\"40.254\"}","timestamp":"2024-11-05T11:18:50.142Z"}
{"level":"\u001b[32minfo\u001b[39m","message":"{\"method\":\"POST\",\"url\":\"/convert\",\"status\":\"500\",\"responseTime\":\"27054.147\"}","timestamp":"2024-11-05T11:21:20.731Z"}
{"level":"\u001b[32minfo\u001b[39m","message":"{\"method\":\"GET\",\"url\":\"/videos\",\"status\":\"304\",\"responseTime\":\"777.706\"}","timestamp":"2024-11-05T11:28:25.314Z"}
{"level":"\u001b[32minfo\u001b[39m","message":"{\"method\":\"POST\",\"url\":\"/generate-video-presigned-url\",\"status\":\"200\",\"responseTime\":\"50.899\"}","timestamp":"2024-11-05T11:28:37.998Z"}
{"level":"\u001b[32minfo\u001b[39m","message":"{\"method\":\"POST\",\"url\":\"/convert\",\"status\":\"200\",\"responseTime\":\"50072.820\"}","timestamp":"2024-11-05T11:30:14.195Z"}
{"level":"\u001b[32minfo\u001b[39m","message":"{\"method\":\"GET\",\"url\":\"/videos\",\"status\":\"304\",\"responseTime\":\"170.335\"}","timestamp":"2024-11-05T11:30:29.670Z"}
{"level":"\u001b[32minfo\u001b[39m","message":"{\"method\":\"POST\",\"url\":\"/generate-video-presigned-url\",\"status\":\"200\",\"responseTime\":\"38.348\"}","timestamp":"2024-11-05T11:44:15.503Z"}
{"level":"\u001b[32minfo\u001b[39m","message":"{\"method\":\"POST\",\"url\":\"/convert\",\"status\":\"200\",\"responseTime\":\"26650.660\"}","timestamp":"2024-11-05T11:45:15.756Z"}
{"level":"\u001b[32minfo\u001b[39m","message":"{\"method\":\"GET\",\"url\":\"/videos\",\"status\":\"304\",\"responseTime\":\"207.349\"}","timestamp":"2024-11-05T11:45:19.677Z"}
{"level":"\u001b[32minfo\u001b[39m","message":"{\"method\":\"POST\",\"url\":\"/generate-video-presigned-url\",\"status\":\"200\",\"responseTime\":\"48.190\"}","timestamp":"2024-11-05T11:51:37.260Z"}
{"level":"\u001b[32minfo\u001b[39m","message":"{\"method\":\"POST\",\"url\":\"/convert\",\"status\":\"200\",\"responseTime\":\"16452.449\"}","timestamp":"2024-11-05T11:52:21.256Z"}
{"level":"\u001b[32minfo\u001b[39m","message":"{\"method\":\"GET\",\"url\":\"/videos\",\"status\":\"304\",\"responseTime\":\"1195.295\"}","timestamp":"2024-11-05T11:59:16.333Z"}
{"level":"\u001b[32minfo\u001b[39m","message":"{\"method\":\"POST\",\"url\":\"/generate-video-presigned-url\",\"status\":\"200\",\"responseTime\":\"43.691\"}","timestamp":"2024-11-05T12:00:01.289Z"}
{"level":"\u001b[32minfo\u001b[39m","message":"{\"method\":\"POST\",\"url\":\"/convert\",\"status\":\"200\",\"responseTime\":\"18258.000\"}","timestamp":"2024-11-05T12:01:43.180Z"}
{"level":"\u001b[32minfo\u001b[39m","message":"{\"method\":\"GET\",\"url\":\"/videos\",\"status\":\"304\",\"responseTime\":\"192.145\"}","timestamp":"2024-11-05T12:09:20.578Z"}
{"level":"\u001b[32minfo\u001b[39m","message":"{\"method\":\"POST\",\"url\":\"/generate-video-presigned-url\",\"status\":\"200\",\"responseTime\":\"37.384\"}","timestamp":"2024-11-05T12:09:33.232Z"}
{"level":"\u001b[32minfo\u001b[39m","message":"{\"method\":\"POST\",\"url\":\"/convert\",\"status\":\"200\",\"responseTime\":\"26836.173\"}","timestamp":"2024-11-05T12:10:22.816Z"}
{"level":"\u001b[32minfo\u001b[39m","message":"{\"method\":\"GET\",\"url\":\"/videos\",\"status\":\"304\",\"responseTime\":\"85.877\"}","timestamp":"2024-11-05T12:10:38.975Z"}
{"level":"\u001b[32minfo\u001b[39m","message":"{\"method\":\"GET\",\"url\":\"/videos\",\"status\":\"304\",\"responseTime\":\"447.850\"}","timestamp":"2024-11-05T12:11:31.205Z"}
{"level":"\u001b[32minfo\u001b[39m","message":"{\"method\":\"GET\",\"url\":\"/video/67230eb61323c447f751ff67/hls\",\"status\":\"200\",\"responseTime\":\"16096.222\"}","timestamp":"2024-11-05T12:11:33.332Z"}
{"level":"\u001b[32minfo\u001b[39m","message":"{\"method\":\"GET\",\"url\":\"/videos\",\"status\":\"304\",\"responseTime\":\"302.148\"}","timestamp":"2024-11-05T12:18:36.960Z"}
{"level":"\u001b[32minfo\u001b[39m","message":"{\"method\":\"GET\",\"url\":\"/videos\",\"status\":\"304\",\"responseTime\":\"144.169\"}","timestamp":"2024-11-05T12:19:13.078Z"}
{"level":"\u001b[32minfo\u001b[39m","message":"{\"method\":\"GET\",\"url\":\"/videos\",\"status\":\"304\",\"responseTime\":\"614.059\"}","timestamp":"2024-11-05T12:19:55.652Z"}
{"level":"\u001b[32minfo\u001b[39m","message":"{\"method\":\"GET\",\"url\":\"/videos\",\"status\":\"304\",\"responseTime\":\"243.411\"}","timestamp":"2024-11-05T12:20:51.510Z"}
{"level":"\u001b[32minfo\u001b[39m","message":"{\"method\":\"POST\",\"url\":\"/generate-video-presigned-url\",\"status\":\"200\",\"responseTime\":\"2.998\"}","timestamp":"2024-11-05T12:21:10.077Z"}
{"level":"\u001b[32minfo\u001b[39m","message":"{\"method\":\"POST\",\"url\":\"/convert\",\"status\":\"200\",\"responseTime\":\"249856.080\"}","timestamp":"2024-11-05T12:25:46.592Z"}
{"level":"\u001b[32minfo\u001b[39m","message":"{\"method\":\"GET\",\"url\":\"/videos\",\"status\":\"304\",\"responseTime\":\"371.607\"}","timestamp":"2024-11-05T12:25:52.818Z"}
{"level":"\u001b[32minfo\u001b[39m","message":"{\"method\":\"GET\",\"url\":\"/videos\",\"status\":\"304\",\"responseTime\":\"304.501\"}","timestamp":"2024-11-05T12:26:57.963Z"}
{"level":"\u001b[32minfo\u001b[39m","message":"{\"method\":\"GET\",\"url\":\"/videos\",\"status\":\"304\",\"responseTime\":\"1571.663\"}","timestamp":"2024-11-05T12:29:03.705Z"}
{"level":"\u001b[32minfo\u001b[39m","message":"{\"method\":\"GET\",\"url\":\"/videos\",\"status\":\"304\",\"responseTime\":\"247.923\"}","timestamp":"2024-11-05T12:29:43.045Z"}
{"level":"\u001b[32minfo\u001b[39m","message":"{\"method\":\"GET\",\"url\":\"/videos\",\"status\":\"304\",\"responseTime\":\"284.693\"}","timestamp":"2024-11-05T12:29:47.108Z"}
{"level":"\u001b[32minfo\u001b[39m","message":"{\"method\":\"GET\",\"url\":\"/videos\",\"status\":\"304\",\"responseTime\":\"471.305\"}","timestamp":"2024-11-05T12:29:52.148Z"}
{"level":"\u001b[32minfo\u001b[39m","message":"{\"method\":\"POST\",\"url\":\"/generate-video-presigned-url\",\"status\":\"200\",\"responseTime\":\"33.578\"}","timestamp":"2024-11-05T12:40:38.794Z"}
{"level":"\u001b[32minfo\u001b[39m","message":"{\"method\":\"POST\",\"url\":\"/convert\",\"status\":\"200\",\"responseTime\":\"159231.510\"}","timestamp":"2024-11-05T12:43:48.149Z"}
{"level":"\u001b[32minfo\u001b[39m","message":"{\"method\":\"GET\",\"url\":\"/videos\",\"status\":\"304\",\"responseTime\":\"364.021\"}","timestamp":"2024-11-05T12:43:59.631Z"}
{"level":"\u001b[32minfo\u001b[39m","message":"{\"method\":\"GET\",\"url\":\"/videos\",\"status\":\"304\",\"responseTime\":\"132.168\"}","timestamp":"2024-11-05T12:45:30.012Z"}
{"level":"\u001b[32minfo\u001b[39m","message":"{\"method\":\"GET\",\"url\":\"/videos\",\"status\":\"304\",\"responseTime\":\"247.121\"}","timestamp":"2024-11-05T12:45:40.071Z"}
{"level":"\u001b[32minfo\u001b[39m","message":"{\"method\":\"POST\",\"url\":\"/generate-video-presigned-url\",\"status\":\"200\",\"responseTime\":\"4.277\"}","timestamp":"2024-11-05T12:46:36.235Z"}
{"level":"\u001b[32minfo\u001b[39m","message":"{\"method\":\"GET\",\"url\":\"/videos\",\"status\":\"304\",\"responseTime\":\"99.629\"}","timestamp":"2024-11-05T12:47:24.748Z"}
{"level":"\u001b[32minfo\u001b[39m","message":"{\"method\":\"POST\",\"url\":\"/convert\",\"status\":\"200\",\"responseTime\":\"160637.011\"}","timestamp":"2024-11-05T12:50:05.082Z"}
{"level":"\u001b[32minfo\u001b[39m","message":"{\"method\":\"GET\",\"url\":\"/videos\",\"status\":\"304\",\"responseTime\":\"103.571\"}","timestamp":"2024-11-05T12:53:57.137Z"}
{"level":"\u001b[32minfo\u001b[39m","message":"{\"method\":\"GET\",\"url\":\"/videos\",\"status\":\"304\",\"responseTime\":\"116.008\"}","timestamp":"2024-11-05T12:55:52.525Z"}
{"level":"\u001b[32minfo\u001b[39m","message":"{\"method\":\"POST\",\"url\":\"/generate-video-presigned-url\",\"status\":\"200\",\"responseTime\":\"2.644\"}","timestamp":"2024-11-05T12:56:54.361Z"}
{"level":"\u001b[32minfo\u001b[39m","message":"{\"method\":\"POST\",\"url\":\"/convert\",\"status\":\"200\",\"responseTime\":\"154300.567\"}","timestamp":"2024-11-05T12:59:50.334Z"}
{"level":"\u001b[32minfo\u001b[39m","message":"{\"method\":\"GET\",\"url\":\"/videos\",\"status\":\"304\",\"responseTime\":\"363.185\"}","timestamp":"2024-11-05T12:59:55.299Z"}
{"level":"\u001b[32minfo\u001b[39m","message":"{\"method\":\"GET\",\"url\":\"/videos\",\"status\":\"304\",\"responseTime\":\"479.755\"}","timestamp":"2024-11-05T13:01:35.848Z"}
{"level":"\u001b[32minfo\u001b[39m","message":"{\"method\":\"GET\",\"url\":\"/videos\",\"status\":\"304\",\"responseTime\":\"140.548\"}","timestamp":"2024-11-05T13:30:54.759Z"}
{"level":"\u001b[32minfo\u001b[39m","message":"{\"method\":\"GET\",\"url\":\"/videos\",\"status\":\"304\",\"responseTime\":\"89.585\"}","timestamp":"2024-11-05T13:31:16.828Z"}
{"level":"\u001b[32minfo\u001b[39m","message":"{\"method\":\"GET\",\"url\":\"/videos\",\"status\":\"304\",\"responseTime\":\"156.700\"}","timestamp":"2024-11-05T13:33:30.380Z"}
{"level":"\u001b[32minfo\u001b[39m","message":"{\"method\":\"POST\",\"url\":\"/generate-video-presigned-url\",\"status\":\"200\",\"responseTime\":\"49.206\"}","timestamp":"2024-11-05T13:36:54.780Z"}
{"level":"\u001b[32minfo\u001b[39m","message":"{\"method\":\"POST\",\"url\":\"/convert\",\"status\":\"200\",\"responseTime\":\"150494.929\"}","timestamp":"2024-11-05T13:40:14.581Z"}
{"level":"\u001b[32minfo\u001b[39m","message":"{\"method\":\"GET\",\"url\":\"/videos\",\"status\":\"304\",\"responseTime\":\"141.136\"}","timestamp":"2024-11-05T13:40:24.624Z"}
{"level":"\u001b[32minfo\u001b[39m","message":"{\"method\":\"GET\",\"url\":\"/videos\",\"status\":\"304\",\"responseTime\":\"89.985\"}","timestamp":"2024-11-05T13:40:44.733Z"}
{"level":"\u001b[32minfo\u001b[39m","message":"{\"method\":\"GET\",\"url\":\"/videos\",\"status\":\"304\",\"responseTime\":\"88.622\"}","timestamp":"2024-11-05T13:40:56.958Z"}
{"level":"\u001b[32minfo\u001b[39m","message":"{\"method\":\"POST\",\"url\":\"/generate-video-presigned-url\",\"status\":\"200\",\"responseTime\":\"38.019\"}","timestamp":"2024-11-05T13:51:31.841Z"}
{"level":"\u001b[32minfo\u001b[39m","message":"{\"method\":\"POST\",\"url\":\"/convert\",\"status\":\"200\",\"responseTime\":\"9.632\"}","timestamp":"2024-11-05T13:51:49.236Z"}
{"level":"\u001b[32minfo\u001b[39m","message":"{\"method\":\"GET\",\"url\":\"/videos\",\"status\":\"200\",\"responseTime\":\"132.341\"}","timestamp":"2024-11-05T13:55:50.313Z"}
{"level":"\u001b[32minfo\u001b[39m","message":"{\"method\":\"POST\",\"url\":\"/generate-video-presigned-url\",\"status\":\"200\",\"responseTime\":\"34.176\"}","timestamp":"2024-11-05T13:56:24.983Z"}
{"level":"\u001b[32minfo\u001b[39m","message":"{\"method\":\"POST\",\"url\":\"/convert\",\"status\":\"200\",\"responseTime\":\"101925.181\"}","timestamp":"2024-11-05T13:58:16.875Z"}
{"level":"\u001b[32minfo\u001b[39m","message":"{\"method\":\"GET\",\"url\":\"/videos\",\"status\":\"200\",\"responseTime\":\"103.529\"}","timestamp":"2024-11-05T13:59:34.083Z"}
{"level":"\u001b[32minfo\u001b[39m","message":"{\"method\":\"POST\",\"url\":\"/generate-video-presigned-url\",\"status\":\"200\",\"responseTime\":\"53.022\"}","timestamp":"2024-11-05T14:00:13.161Z"}
{"level":"\u001b[32minfo\u001b[39m","message":"{\"method\":\"POST\",\"url\":\"/convert\",\"status\":\"200\",\"responseTime\":\"109119.027\"}","timestamp":"2024-11-05T14:02:18.521Z"}
{"level":"\u001b[32minfo\u001b[39m","message":"{\"method\":\"GET\",\"url\":\"/videos\",\"status\":\"200\",\"responseTime\":\"210.062\"}","timestamp":"2024-11-05T14:05:01.142Z"}
{"level":"\u001b[32minfo\u001b[39m","message":"{\"method\":\"POST\",\"url\":\"/generate-video-presigned-url\",\"status\":\"200\",\"responseTime\":\"47.793\"}","timestamp":"2024-11-05T14:06:37.104Z"}
{"level":"\u001b[32minfo\u001b[39m","message":"{\"method\":\"POST\",\"url\":\"/convert\",\"status\":\"200\",\"responseTime\":\"157570.451\"}","timestamp":"2024-11-05T14:09:48.391Z"}
{"level":"\u001b[32minfo\u001b[39m","message":"{\"method\":\"GET\",\"url\":\"/videos\",\"status\":\"200\",\"responseTime\":\"113.098\"}","timestamp":"2024-11-05T14:17:08.209Z"}
{"level":"\u001b[32minfo\u001b[39m","message":"{\"method\":\"POST\",\"url\":\"/generate-video-presigned-url\",\"status\":\"200\",\"responseTime\":\"58.666\"}","timestamp":"2024-11-05T14:18:07.527Z"}
{"level":"\u001b[32minfo\u001b[39m","message":"{\"method\":\"POST\",\"url\":\"/convert\",\"status\":\"200\",\"responseTime\":\"89994.349\"}","timestamp":"2024-11-05T14:20:01.708Z"}
{"level":"\u001b[32minfo\u001b[39m","message":"{\"method\":\"GET\",\"url\":\"/videos\",\"status\":\"304\",\"responseTime\":\"124.502\"}","timestamp":"2024-11-05T14:20:01.997Z"}
{"level":"\u001b[32minfo\u001b[39m","message":"{\"method\":\"GET\",\"url\":\"/videos\",\"status\":\"304\",\"responseTime\":\"134.607\"}","timestamp":"2024-11-05T14:22:47.478Z"}
{"level":"\u001b[32minfo\u001b[39m","message":"{\"method\":\"GET\",\"url\":\"/videos\",\"status\":\"304\",\"responseTime\":\"138.853\"}","timestamp":"2024-11-05T14:22:56.386Z"}
{"level":"\u001b[32minfo\u001b[39m","message":"{\"method\":\"GET\",\"url\":\"/videos\",\"status\":\"304\",\"responseTime\":\"82.885\"}","timestamp":"2024-11-05T14:32:36.725Z"}
