{"level":"\u001b[32minfo\u001b[39m","message":"{\"method\":\"GET\",\"url\":\"/videos?tab=All\",\"status\":\"304\",\"responseTime\":\"1251.875\"}","timestamp":"2024-12-08T04:42:53.599Z"}
{"level":"\u001b[32minfo\u001b[39m","message":"{\"method\":\"GET\",\"url\":\"/videos?tab=All\",\"status\":\"304\",\"responseTime\":\"353.092\"}","timestamp":"2024-12-08T04:43:16.150Z"}
{"level":"\u001b[32minfo\u001b[39m","message":"{\"method\":\"GET\",\"url\":\"/videos?tab=Entertainment\",\"status\":\"200\",\"responseTime\":\"136.248\"}","timestamp":"2024-12-08T04:43:20.131Z"}
{"level":"\u001b[32minfo\u001b[39m","message":"{\"method\":\"GET\",\"url\":\"/videos?tab=Education\",\"status\":\"304\",\"responseTime\":\"120.924\"}","timestamp":"2024-12-08T04:43:22.661Z"}
{"level":"\u001b[32minfo\u001b[39m","message":"{\"method\":\"GET\",\"url\":\"/videos?tab=Lifestyle\",\"status\":\"304\",\"responseTime\":\"98.283\"}","timestamp":"2024-12-08T04:43:29.676Z"}
{"level":"\u001b[32minfo\u001b[39m","message":"{\"method\":\"GET\",\"url\":\"/videos?tab=Food\",\"status\":\"304\",\"responseTime\":\"126.920\"}","timestamp":"2024-12-08T04:43:31.394Z"}
{"level":"\u001b[32minfo\u001b[39m","message":"{\"method\":\"GET\",\"url\":\"/videos?tab=Others\",\"status\":\"304\",\"responseTime\":\"81.712\"}","timestamp":"2024-12-08T04:43:35.129Z"}
{"level":"\u001b[32minfo\u001b[39m","message":"{\"method\":\"GET\",\"url\":\"/videos?tab=Movies\",\"status\":\"304\",\"responseTime\":\"147.136\"}","timestamp":"2024-12-08T04:43:36.913Z"}
{"level":"\u001b[32minfo\u001b[39m","message":"{\"method\":\"GET\",\"url\":\"/videos?tab=All\",\"status\":\"304\",\"responseTime\":\"297.788\"}","timestamp":"2024-12-08T04:43:48.095Z"}
{"level":"\u001b[32minfo\u001b[39m","message":"{\"method\":\"GET\",\"url\":\"/videos?tab=All\",\"status\":\"304\",\"responseTime\":\"271.676\"}","timestamp":"2024-12-08T04:43:49.659Z"}
{"level":"\u001b[32minfo\u001b[39m","message":"{\"method\":\"GET\",\"url\":\"/videos?tab=All\",\"status\":\"304\",\"responseTime\":\"274.114\"}","timestamp":"2024-12-08T04:43:50.978Z"}
{"level":"\u001b[32minfo\u001b[39m","message":"{\"method\":\"GET\",\"url\":\"/getuseruploadedvideo\",\"status\":\"304\",\"responseTime\":\"199.958\"}","timestamp":"2024-12-08T04:43:52.505Z"}
{"level":"\u001b[32minfo\u001b[39m","message":"{\"method\":\"GET\",\"url\":\"/getreportvideos\",\"status\":\"304\",\"responseTime\":\"324.552\"}","timestamp":"2024-12-08T04:43:52.694Z"}
{"level":"\u001b[32minfo\u001b[39m","message":"{\"method\":\"GET\",\"url\":\"/getprivatevideos\",\"status\":\"304\",\"responseTime\":\"1451.331\"}","timestamp":"2024-12-08T04:43:53.727Z"}
{"level":"\u001b[32minfo\u001b[39m","message":"{\"method\":\"GET\",\"url\":\"/getwatchlatervideos\",\"status\":\"304\",\"responseTime\":\"1504.615\"}","timestamp":"2024-12-08T04:43:53.839Z"}
{"level":"\u001b[32minfo\u001b[39m","message":"{\"method\":\"GET\",\"url\":\"/videos?tab=All\",\"status\":\"304\",\"responseTime\":\"1690.507\"}","timestamp":"2024-12-08T05:03:39.561Z"}
{"level":"\u001b[32minfo\u001b[39m","message":"{\"method\":\"GET\",\"url\":\"/videos?tab=Entertainment\",\"status\":\"304\",\"responseTime\":\"114.443\"}","timestamp":"2024-12-08T05:29:24.007Z"}
{"level":"\u001b[32minfo\u001b[39m","message":"{\"method\":\"GET\",\"url\":\"/videos?tab=Education\",\"status\":\"304\",\"responseTime\":\"88.347\"}","timestamp":"2024-12-08T05:29:24.650Z"}
{"level":"\u001b[32minfo\u001b[39m","message":"{\"method\":\"GET\",\"url\":\"/videos?tab=Gaming\",\"status\":\"304\",\"responseTime\":\"80.551\"}","timestamp":"2024-12-08T05:29:25.168Z"}
{"level":"\u001b[32minfo\u001b[39m","message":"{\"method\":\"GET\",\"url\":\"/videos?tab=Lifestyle\",\"status\":\"304\",\"responseTime\":\"98.250\"}","timestamp":"2024-12-08T05:29:25.600Z"}
{"level":"\u001b[32minfo\u001b[39m","message":"{\"method\":\"GET\",\"url\":\"/videos?tab=All\",\"status\":\"304\",\"responseTime\":\"283.618\"}","timestamp":"2024-12-08T05:29:39.505Z"}
{"level":"\u001b[32minfo\u001b[39m","message":"{\"method\":\"GET\",\"url\":\"/videos?tab=All\",\"status\":\"304\",\"responseTime\":\"212.151\"}","timestamp":"2024-12-08T05:29:43.788Z"}
{"level":"\u001b[32minfo\u001b[39m","message":"{\"method\":\"GET\",\"url\":\"/topfive\",\"status\":\"304\",\"responseTime\":\"92.730\"}","timestamp":"2024-12-08T05:29:58.433Z"}
{"level":"\u001b[32minfo\u001b[39m","message":"{\"method\":\"GET\",\"url\":\"/reportvideosAdmin\",\"status\":\"304\",\"responseTime\":\"79.292\"}","timestamp":"2024-12-08T05:30:03.699Z"}
{"level":"\u001b[32minfo\u001b[39m","message":"{\"method\":\"GET\",\"url\":\"/topfive\",\"status\":\"304\",\"responseTime\":\"83.682\"}","timestamp":"2024-12-08T05:30:07.401Z"}
{"level":"\u001b[32minfo\u001b[39m","message":"{\"method\":\"GET\",\"url\":\"/getuseruploadedvideo\",\"status\":\"304\",\"responseTime\":\"81.746\"}","timestamp":"2024-12-08T05:30:22.094Z"}
{"level":"\u001b[32minfo\u001b[39m","message":"{\"method\":\"GET\",\"url\":\"/getreportvideos\",\"status\":\"304\",\"responseTime\":\"276.620\"}","timestamp":"2024-12-08T05:30:22.322Z"}
{"level":"\u001b[32minfo\u001b[39m","message":"{\"method\":\"GET\",\"url\":\"/getprivatevideos\",\"status\":\"304\",\"responseTime\":\"692.144\"}","timestamp":"2024-12-08T05:30:22.715Z"}
{"level":"\u001b[32minfo\u001b[39m","message":"{\"method\":\"GET\",\"url\":\"/getwatchlatervideos\",\"status\":\"304\",\"responseTime\":\"758.200\"}","timestamp":"2024-12-08T05:30:22.788Z"}
{"level":"\u001b[32minfo\u001b[39m","message":"{\"method\":\"GET\",\"url\":\"/videos?tab=All\",\"status\":\"304\",\"responseTime\":\"274.090\"}","timestamp":"2024-12-08T05:30:37.117Z"}
{"level":"\u001b[32minfo\u001b[39m","message":"{\"method\":\"GET\",\"url\":\"/videos?tab=Automobile\",\"status\":\"304\",\"responseTime\":\"94.225\"}","timestamp":"2024-12-08T05:33:05.815Z"}
{"level":"\u001b[32minfo\u001b[39m","message":"{\"method\":\"GET\",\"url\":\"/videos?tab=Music\",\"status\":\"200\",\"responseTime\":\"107.670\"}","timestamp":"2024-12-08T05:33:10.432Z"}
{"level":"\u001b[32minfo\u001b[39m","message":"{\"method\":\"GET\",\"url\":\"/videos?tab=Sports\",\"status\":\"304\",\"responseTime\":\"91.339\"}","timestamp":"2024-12-08T05:33:11.094Z"}
{"level":"\u001b[32minfo\u001b[39m","message":"{\"method\":\"GET\",\"url\":\"/videos?tab=Entertainment\",\"status\":\"304\",\"responseTime\":\"94.792\"}","timestamp":"2024-12-08T05:33:11.647Z"}
{"level":"\u001b[32minfo\u001b[39m","message":"{\"method\":\"GET\",\"url\":\"/videos?tab=Education\",\"status\":\"304\",\"responseTime\":\"77.427\"}","timestamp":"2024-12-08T05:33:12.207Z"}
{"level":"\u001b[32minfo\u001b[39m","message":"{\"method\":\"GET\",\"url\":\"/videos?tab=All\",\"status\":\"304\",\"responseTime\":\"232.081\"}","timestamp":"2024-12-08T05:33:13.815Z"}
{"level":"\u001b[32minfo\u001b[39m","message":"{\"method\":\"PUT\",\"url\":\"/updateviews\",\"status\":\"200\",\"responseTime\":\"12.218\"}","timestamp":"2024-12-08T05:33:15.603Z"}
{"level":"\u001b[32minfo\u001b[39m","message":"{\"method\":\"GET\",\"url\":\"/fetchOther/672b2639467bb75f87c5f750\",\"status\":\"304\",\"responseTime\":\"180.411\"}","timestamp":"2024-12-08T05:33:15.822Z"}
{"level":"\u001b[32minfo\u001b[39m","message":"{\"method\":\"GET\",\"url\":\"/video/672b2639467bb75f87c5f750\",\"status\":\"200\",\"responseTime\":\"2560.080\"}","timestamp":"2024-12-08T05:33:18.192Z"}
{"level":"\u001b[32minfo\u001b[39m","message":"{\"method\":\"POST\",\"url\":\"/likevideo\",\"status\":\"200\",\"responseTime\":\"163.041\"}","timestamp":"2024-12-08T05:33:24.858Z"}
{"level":"\u001b[32minfo\u001b[39m","message":"{\"method\":\"POST\",\"url\":\"/unlike\",\"status\":\"200\",\"responseTime\":\"82.769\"}","timestamp":"2024-12-08T05:33:25.590Z"}
{"level":"\u001b[32minfo\u001b[39m","message":"{\"method\":\"POST\",\"url\":\"/reportvideo\",\"status\":\"200\",\"responseTime\":\"244.762\"}","timestamp":"2024-12-08T05:33:40.946Z"}
{"level":"\u001b[32minfo\u001b[39m","message":"{\"method\":\"PUT\",\"url\":\"/updateviews\",\"status\":\"200\",\"responseTime\":\"3.281\"}","timestamp":"2024-12-08T05:34:34.043Z"}
{"level":"\u001b[32minfo\u001b[39m","message":"{\"method\":\"GET\",\"url\":\"/fetchOther/672b2639467bb75f87c5f750\",\"status\":\"304\",\"responseTime\":\"144.621\"}","timestamp":"2024-12-08T05:34:34.215Z"}
{"level":"\u001b[32minfo\u001b[39m","message":"{\"method\":\"GET\",\"url\":\"/video/672b2639467bb75f87c5f750\",\"status\":\"200\",\"responseTime\":\"1385.251\"}","timestamp":"2024-12-08T05:34:35.391Z"}
{"level":"\u001b[32minfo\u001b[39m","message":"{\"method\":\"GET\",\"url\":\"/videos?tab=All\",\"status\":\"200\",\"responseTime\":\"881.321\"}","timestamp":"2024-12-08T05:34:53.524Z"}
{"level":"\u001b[32minfo\u001b[39m","message":"{\"method\":\"GET\",\"url\":\"/getprivatevideos\",\"status\":\"304\",\"responseTime\":\"86.815\"}","timestamp":"2024-12-08T05:35:10.790Z"}
{"level":"\u001b[32minfo\u001b[39m","message":"{\"method\":\"GET\",\"url\":\"/getuseruploadedvideo\",\"status\":\"304\",\"responseTime\":\"87.605\"}","timestamp":"2024-12-08T05:35:10.810Z"}
{"level":"\u001b[32minfo\u001b[39m","message":"{\"method\":\"GET\",\"url\":\"/getwatchlatervideos\",\"status\":\"200\",\"responseTime\":\"203.967\"}","timestamp":"2024-12-08T05:35:10.936Z"}
{"level":"\u001b[32minfo\u001b[39m","message":"{\"method\":\"GET\",\"url\":\"/getreportvideos\",\"status\":\"304\",\"responseTime\":\"1348.122\"}","timestamp":"2024-12-08T05:35:12.093Z"}
{"level":"\u001b[32minfo\u001b[39m","message":"{\"method\":\"PUT\",\"url\":\"/update-video/6752e2b295a41e64af9e42bb\",\"status\":\"200\",\"responseTime\":\"93.601\"}","timestamp":"2024-12-08T05:35:23.703Z"}
{"level":"\u001b[32minfo\u001b[39m","message":"{\"method\":\"GET\",\"url\":\"/videos?tab=All\",\"status\":\"200\",\"responseTime\":\"355.250\"}","timestamp":"2024-12-08T05:35:31.425Z"}
{"level":"\u001b[32minfo\u001b[39m","message":"{\"method\":\"POST\",\"url\":\"/savewatchlater\",\"status\":\"200\",\"responseTime\":\"142.757\"}","timestamp":"2024-12-08T05:35:36.176Z"}
{"level":"\u001b[32minfo\u001b[39m","message":"{\"method\":\"GET\",\"url\":\"/getuseruploadedvideo\",\"status\":\"200\",\"responseTime\":\"76.516\"}","timestamp":"2024-12-08T05:35:38.515Z"}
{"level":"\u001b[32minfo\u001b[39m","message":"{\"method\":\"GET\",\"url\":\"/getprivatevideos\",\"status\":\"200\",\"responseTime\":\"75.842\"}","timestamp":"2024-12-08T05:35:38.520Z"}
{"level":"\u001b[32minfo\u001b[39m","message":"{\"method\":\"GET\",\"url\":\"/getwatchlatervideos\",\"status\":\"200\",\"responseTime\":\"220.746\"}","timestamp":"2024-12-08T05:35:38.679Z"}
{"level":"\u001b[32minfo\u001b[39m","message":"{\"method\":\"GET\",\"url\":\"/getreportvideos\",\"status\":\"304\",\"responseTime\":\"326.628\"}","timestamp":"2024-12-08T05:35:38.792Z"}
{"level":"\u001b[32minfo\u001b[39m","message":"{\"method\":\"GET\",\"url\":\"/videos?tab=All\",\"status\":\"304\",\"responseTime\":\"354.059\"}","timestamp":"2024-12-08T05:36:03.948Z"}
{"level":"\u001b[32minfo\u001b[39m","message":"{\"method\":\"GET\",\"url\":\"/getprivatevideos\",\"status\":\"200\",\"responseTime\":\"116.133\"}","timestamp":"2024-12-08T05:36:05.547Z"}
{"level":"\u001b[32minfo\u001b[39m","message":"{\"method\":\"GET\",\"url\":\"/getuseruploadedvideo\",\"status\":\"200\",\"responseTime\":\"173.848\"}","timestamp":"2024-12-08T05:36:05.595Z"}
{"level":"\u001b[32minfo\u001b[39m","message":"{\"method\":\"GET\",\"url\":\"/getwatchlatervideos\",\"status\":\"200\",\"responseTime\":\"267.572\"}","timestamp":"2024-12-08T05:36:05.713Z"}
{"level":"\u001b[32minfo\u001b[39m","message":"{\"method\":\"GET\",\"url\":\"/getreportvideos\",\"status\":\"200\",\"responseTime\":\"420.445\"}","timestamp":"2024-12-08T05:36:05.883Z"}
{"level":"\u001b[32minfo\u001b[39m","message":"{\"method\":\"GET\",\"url\":\"/reportreason/672b2639467bb75f87c5f750\",\"status\":\"200\",\"responseTime\":\"96.802\"}","timestamp":"2024-12-08T05:36:18.608Z"}
{"level":"\u001b[32minfo\u001b[39m","message":"{\"method\":\"GET\",\"url\":\"/video/672b2639467bb75f87c5f750\",\"status\":\"200\",\"responseTime\":\"523.397\"}","timestamp":"2024-12-08T05:36:18.977Z"}
{"level":"\u001b[32minfo\u001b[39m","message":"{\"method\":\"GET\",\"url\":\"/videos?tab=All\",\"status\":\"304\",\"responseTime\":\"721.400\"}","timestamp":"2024-12-08T05:36:34.109Z"}
{"level":"\u001b[32minfo\u001b[39m","message":"{\"method\":\"GET\",\"url\":\"/videos?tab=All\",\"status\":\"200\",\"responseTime\":\"354.982\"}","timestamp":"2024-12-08T05:37:35.859Z"}
{"level":"\u001b[32minfo\u001b[39m","message":"{\"method\":\"GET\",\"url\":\"/videos?tab=All\",\"status\":\"304\",\"responseTime\":\"376.767\"}","timestamp":"2024-12-08T05:39:15.086Z"}
{"level":"\u001b[32minfo\u001b[39m","message":"{\"method\":\"GET\",\"url\":\"/videos?tab=All\",\"status\":\"304\",\"responseTime\":\"375.398\"}","timestamp":"2024-12-08T05:39:17.801Z"}
{"level":"\u001b[32minfo\u001b[39m","message":"{\"method\":\"POST\",\"url\":\"/generate-video-presigned-url\",\"status\":\"200\",\"responseTime\":\"149.219\"}","timestamp":"2024-12-08T05:39:57.179Z"}
{"level":"\u001b[32minfo\u001b[39m","message":"{\"method\":\"POST\",\"url\":\"/generate-video-presigned-url\",\"status\":\"200\",\"responseTime\":\"4.432\"}","timestamp":"2024-12-08T05:39:57.196Z"}
{"level":"\u001b[32minfo\u001b[39m","message":"{\"method\":\"POST\",\"url\":\"/convert\",\"status\":\"200\",\"responseTime\":\"364.747\"}","timestamp":"2024-12-08T05:40:16.211Z"}
{"level":"\u001b[32minfo\u001b[39m","message":"{\"method\":\"GET\",\"url\":\"/videos?tab=All\",\"status\":\"304\",\"responseTime\":\"489.862\"}","timestamp":"2024-12-08T05:40:23.479Z"}
{"level":"\u001b[32minfo\u001b[39m","message":"{\"method\":\"GET\",\"url\":\"/getprivatevideos\",\"status\":\"304\",\"responseTime\":\"501.333\"}","timestamp":"2024-12-08T05:41:05.521Z"}
{"level":"\u001b[32minfo\u001b[39m","message":"{\"method\":\"GET\",\"url\":\"/getuseruploadedvideo\",\"status\":\"304\",\"responseTime\":\"586.043\"}","timestamp":"2024-12-08T05:41:05.565Z"}
{"level":"\u001b[32minfo\u001b[39m","message":"{\"method\":\"GET\",\"url\":\"/getwatchlatervideos\",\"status\":\"304\",\"responseTime\":\"575.975\"}","timestamp":"2024-12-08T05:41:05.605Z"}
{"level":"\u001b[32minfo\u001b[39m","message":"{\"method\":\"GET\",\"url\":\"/getreportvideos\",\"status\":\"304\",\"responseTime\":\"663.405\"}","timestamp":"2024-12-08T05:41:05.698Z"}
{"level":"\u001b[32minfo\u001b[39m","message":"{\"method\":\"GET\",\"url\":\"/getuseruploadedvideo\",\"status\":\"200\",\"responseTime\":\"158.233\"}","timestamp":"2024-12-08T05:41:12.210Z"}
{"level":"\u001b[32minfo\u001b[39m","message":"{\"method\":\"GET\",\"url\":\"/getprivatevideos\",\"status\":\"304\",\"responseTime\":\"95.830\"}","timestamp":"2024-12-08T05:41:12.568Z"}
{"level":"\u001b[32minfo\u001b[39m","message":"{\"method\":\"GET\",\"url\":\"/getwatchlatervideos\",\"status\":\"304\",\"responseTime\":\"238.928\"}","timestamp":"2024-12-08T05:41:12.720Z"}
{"level":"\u001b[32minfo\u001b[39m","message":"{\"method\":\"GET\",\"url\":\"/getreportvideos\",\"status\":\"304\",\"responseTime\":\"445.946\"}","timestamp":"2024-12-08T05:41:12.933Z"}
{"level":"\u001b[32minfo\u001b[39m","message":"{\"method\":\"PUT\",\"url\":\"/updateviews\",\"status\":\"200\",\"responseTime\":\"3.875\"}","timestamp":"2024-12-08T05:41:14.816Z"}
{"level":"\u001b[32minfo\u001b[39m","message":"{\"method\":\"GET\",\"url\":\"/fetchOther/675531721278f54b7b106a86\",\"status\":\"200\",\"responseTime\":\"163.317\"}","timestamp":"2024-12-08T05:41:15.001Z"}
{"level":"\u001b[32minfo\u001b[39m","message":"{\"method\":\"GET\",\"url\":\"/video/675531721278f54b7b106a86\",\"status\":\"200\",\"responseTime\":\"509.105\"}","timestamp":"2024-12-08T05:41:15.278Z"}
{"level":"\u001b[32minfo\u001b[39m","message":"{\"method\":\"GET\",\"url\":\"/videos?tab=All\",\"status\":\"200\",\"responseTime\":\"551.042\"}","timestamp":"2024-12-08T05:41:28.149Z"}
{"level":"\u001b[32minfo\u001b[39m","message":"{\"method\":\"GET\",\"url\":\"/videos?tab=Automobile\",\"status\":\"304\",\"responseTime\":\"113.071\"}","timestamp":"2024-12-08T05:41:42.797Z"}
{"level":"\u001b[32minfo\u001b[39m","message":"{\"method\":\"GET\",\"url\":\"/getprivatevideos\",\"status\":\"304\",\"responseTime\":\"120.181\"}","timestamp":"2024-12-08T05:41:46.648Z"}
{"level":"\u001b[32minfo\u001b[39m","message":"{\"method\":\"GET\",\"url\":\"/getuseruploadedvideo\",\"status\":\"200\",\"responseTime\":\"155.069\"}","timestamp":"2024-12-08T05:41:46.665Z"}
{"level":"\u001b[32minfo\u001b[39m","message":"{\"method\":\"GET\",\"url\":\"/getwatchlatervideos\",\"status\":\"304\",\"responseTime\":\"322.939\"}","timestamp":"2024-12-08T05:41:46.860Z"}
{"level":"\u001b[32minfo\u001b[39m","message":"{\"method\":\"GET\",\"url\":\"/getreportvideos\",\"status\":\"304\",\"responseTime\":\"435.185\"}","timestamp":"2024-12-08T05:41:46.977Z"}
{"level":"\u001b[32minfo\u001b[39m","message":"{\"method\":\"GET\",\"url\":\"/videos?tab=All\",\"status\":\"304\",\"responseTime\":\"435.663\"}","timestamp":"2024-12-08T05:42:49.164Z"}
{"level":"\u001b[32minfo\u001b[39m","message":"{\"method\":\"GET\",\"url\":\"/videos?tab=Automobile\",\"status\":\"304\",\"responseTime\":\"77.026\"}","timestamp":"2024-12-08T05:43:00.948Z"}
{"level":"\u001b[32minfo\u001b[39m","message":"{\"method\":\"GET\",\"url\":\"/videos?tab=Music\",\"status\":\"200\",\"responseTime\":\"95.665\"}","timestamp":"2024-12-08T05:43:02.939Z"}
{"level":"\u001b[32minfo\u001b[39m","message":"{\"method\":\"GET\",\"url\":\"/videos?tab=Sports\",\"status\":\"304\",\"responseTime\":\"155.987\"}","timestamp":"2024-12-08T05:43:03.436Z"}
{"level":"\u001b[32minfo\u001b[39m","message":"{\"method\":\"GET\",\"url\":\"/videos?tab=Entertainment\",\"status\":\"200\",\"responseTime\":\"126.242\"}","timestamp":"2024-12-08T05:43:03.813Z"}
{"level":"\u001b[32minfo\u001b[39m","message":"{\"method\":\"GET\",\"url\":\"/videos?tab=Education\",\"status\":\"304\",\"responseTime\":\"102.463\"}","timestamp":"2024-12-08T05:43:04.179Z"}
{"level":"\u001b[32minfo\u001b[39m","message":"{\"method\":\"GET\",\"url\":\"/videos?tab=Gaming\",\"status\":\"304\",\"responseTime\":\"95.721\"}","timestamp":"2024-12-08T05:43:04.574Z"}
{"level":"\u001b[32minfo\u001b[39m","message":"{\"method\":\"GET\",\"url\":\"/videos?tab=All\",\"status\":\"304\",\"responseTime\":\"223.618\"}","timestamp":"2024-12-08T05:43:05.465Z"}
{"level":"\u001b[32minfo\u001b[39m","message":"{\"method\":\"PUT\",\"url\":\"/updateviews\",\"status\":\"200\",\"responseTime\":\"3.582\"}","timestamp":"2024-12-08T05:43:07.151Z"}
{"level":"\u001b[32minfo\u001b[39m","message":"{\"method\":\"GET\",\"url\":\"/fetchOther/672b2639467bb75f87c5f750\",\"status\":\"200\",\"responseTime\":\"154.904\"}","timestamp":"2024-12-08T05:43:07.315Z"}
{"level":"\u001b[32minfo\u001b[39m","message":"{\"method\":\"GET\",\"url\":\"/video/672b2639467bb75f87c5f750\",\"status\":\"304\",\"responseTime\":\"454.514\"}","timestamp":"2024-12-08T05:43:07.548Z"}
{"level":"\u001b[32minfo\u001b[39m","message":"{\"method\":\"POST\",\"url\":\"/unlike\",\"status\":\"200\",\"responseTime\":\"83.632\"}","timestamp":"2024-12-08T05:43:25.165Z"}
{"level":"\u001b[32minfo\u001b[39m","message":"{\"method\":\"POST\",\"url\":\"/likevideo\",\"status\":\"200\",\"responseTime\":\"10.777\"}","timestamp":"2024-12-08T05:43:26.674Z"}
{"level":"\u001b[32minfo\u001b[39m","message":"{\"method\":\"PUT\",\"url\":\"/updateviews\",\"status\":\"200\",\"responseTime\":\"5.527\"}","timestamp":"2024-12-08T05:44:05.404Z"}
{"level":"\u001b[32minfo\u001b[39m","message":"{\"method\":\"GET\",\"url\":\"/fetchOther/672b2e18893d41e294fe48e4\",\"status\":\"200\",\"responseTime\":\"142.803\"}","timestamp":"2024-12-08T05:44:05.566Z"}
{"level":"\u001b[32minfo\u001b[39m","message":"{\"method\":\"GET\",\"url\":\"/video/672b2e18893d41e294fe48e4\",\"status\":\"200\",\"responseTime\":\"374.252\"}","timestamp":"2024-12-08T05:44:05.710Z"}
{"level":"\u001b[32minfo\u001b[39m","message":"{\"method\":\"GET\",\"url\":\"/videos?tab=All\",\"status\":\"200\",\"responseTime\":\"422.849\"}","timestamp":"2024-12-08T05:44:27.012Z"}
{"level":"\u001b[32minfo\u001b[39m","message":"{\"method\":\"PUT\",\"url\":\"/updateviews\",\"status\":\"200\",\"responseTime\":\"4.096\"}","timestamp":"2024-12-08T05:44:29.355Z"}
{"level":"\u001b[32minfo\u001b[39m","message":"{\"method\":\"GET\",\"url\":\"/fetchOther/672b2639467bb75f87c5f750\",\"status\":\"200\",\"responseTime\":\"157.306\"}","timestamp":"2024-12-08T05:44:29.527Z"}
{"level":"\u001b[32minfo\u001b[39m","message":"{\"method\":\"GET\",\"url\":\"/video/672b2639467bb75f87c5f750\",\"status\":\"200\",\"responseTime\":\"507.913\"}","timestamp":"2024-12-08T05:44:29.831Z"}
{"level":"\u001b[32minfo\u001b[39m","message":"{\"method\":\"GET\",\"url\":\"/videos?tab=All\",\"status\":\"200\",\"responseTime\":\"422.176\"}","timestamp":"2024-12-08T05:44:44.660Z"}
{"level":"\u001b[32minfo\u001b[39m","message":"{\"method\":\"PUT\",\"url\":\"/updateviews\",\"status\":\"200\",\"responseTime\":\"3.887\"}","timestamp":"2024-12-08T05:44:47.303Z"}
{"level":"\u001b[32minfo\u001b[39m","message":"{\"method\":\"GET\",\"url\":\"/fetchOther/675531721278f54b7b106a86\",\"status\":\"200\",\"responseTime\":\"171.553\"}","timestamp":"2024-12-08T05:44:47.484Z"}
{"level":"\u001b[32minfo\u001b[39m","message":"{\"method\":\"GET\",\"url\":\"/video/675531721278f54b7b106a86\",\"status\":\"200\",\"responseTime\":\"530.311\"}","timestamp":"2024-12-08T05:44:47.785Z"}
{"level":"\u001b[32minfo\u001b[39m","message":"{\"method\":\"GET\",\"url\":\"/videos?tab=All\",\"status\":\"200\",\"responseTime\":\"671.868\"}","timestamp":"2024-12-08T05:44:52.428Z"}
{"level":"\u001b[32minfo\u001b[39m","message":"{\"method\":\"PUT\",\"url\":\"/updateviews\",\"status\":\"200\",\"responseTime\":\"3.256\"}","timestamp":"2024-12-08T05:44:54.789Z"}
{"level":"\u001b[32minfo\u001b[39m","message":"{\"method\":\"GET\",\"url\":\"/fetchOther/673f3c4fae355142ad5a8a7d\",\"status\":\"200\",\"responseTime\":\"166.263\"}","timestamp":"2024-12-08T05:44:54.960Z"}
{"level":"\u001b[32minfo\u001b[39m","message":"{\"method\":\"GET\",\"url\":\"/video/673f3c4fae355142ad5a8a7d\",\"status\":\"200\",\"responseTime\":\"341.702\"}","timestamp":"2024-12-08T05:44:55.077Z"}
{"level":"\u001b[32minfo\u001b[39m","message":"{\"method\":\"GET\",\"url\":\"/videos?tab=All\",\"status\":\"200\",\"responseTime\":\"495.436\"}","timestamp":"2024-12-08T05:44:59.672Z"}
{"level":"\u001b[32minfo\u001b[39m","message":"{\"method\":\"GET\",\"url\":\"/videos?tab=All\",\"status\":\"304\",\"responseTime\":\"389.880\"}","timestamp":"2024-12-08T05:45:14.939Z"}
{"level":"\u001b[32minfo\u001b[39m","message":"{\"method\":\"PUT\",\"url\":\"/updateviews\",\"status\":\"200\",\"responseTime\":\"3.882\"}","timestamp":"2024-12-08T05:45:16.735Z"}
{"level":"\u001b[32minfo\u001b[39m","message":"{\"method\":\"GET\",\"url\":\"/fetchOther/672b3db35336236b3118cff7\",\"status\":\"200\",\"responseTime\":\"261.858\"}","timestamp":"2024-12-08T05:45:17.007Z"}
{"level":"\u001b[32minfo\u001b[39m","message":"{\"method\":\"GET\",\"url\":\"/video/672b3db35336236b3118cff7\",\"status\":\"200\",\"responseTime\":\"654.511\"}","timestamp":"2024-12-08T05:45:17.335Z"}
{"level":"\u001b[32minfo\u001b[39m","message":"{\"method\":\"POST\",\"url\":\"/reportvideo\",\"status\":\"200\",\"responseTime\":\"206.002\"}","timestamp":"2024-12-08T05:45:29.043Z"}
{"level":"\u001b[32minfo\u001b[39m","message":"{\"method\":\"POST\",\"url\":\"/reportvideo\",\"status\":\"200\",\"responseTime\":\"149.240\"}","timestamp":"2024-12-08T05:45:34.642Z"}
{"level":"\u001b[32minfo\u001b[39m","message":"{\"method\":\"GET\",\"url\":\"/videos?tab=All\",\"status\":\"200\",\"responseTime\":\"527.332\"}","timestamp":"2024-12-08T05:45:41.950Z"}
{"level":"\u001b[32minfo\u001b[39m","message":"{\"method\":\"GET\",\"url\":\"/getprivatevideos\",\"status\":\"200\",\"responseTime\":\"318.683\"}","timestamp":"2024-12-08T05:45:43.748Z"}
{"level":"\u001b[32minfo\u001b[39m","message":"{\"method\":\"GET\",\"url\":\"/getuseruploadedvideo\",\"status\":\"200\",\"responseTime\":\"341.697\"}","timestamp":"2024-12-08T05:45:43.752Z"}
{"level":"\u001b[32minfo\u001b[39m","message":"{\"method\":\"GET\",\"url\":\"/getwatchlatervideos\",\"status\":\"200\",\"responseTime\":\"579.022\"}","timestamp":"2024-12-08T05:45:44.015Z"}
{"level":"\u001b[32minfo\u001b[39m","message":"{\"method\":\"GET\",\"url\":\"/getreportvideos\",\"status\":\"200\",\"responseTime\":\"684.236\"}","timestamp":"2024-12-08T05:45:44.126Z"}
{"level":"\u001b[32minfo\u001b[39m","message":"{\"method\":\"GET\",\"url\":\"/likedvideos\",\"status\":\"200\",\"responseTime\":\"148.078\"}","timestamp":"2024-12-08T05:46:33.029Z"}
{"level":"\u001b[32minfo\u001b[39m","message":"{\"method\":\"GET\",\"url\":\"/videos?tab=All\",\"status\":\"304\",\"responseTime\":\"398.238\"}","timestamp":"2024-12-08T05:46:36.881Z"}
{"level":"\u001b[32minfo\u001b[39m","message":"{\"method\":\"PUT\",\"url\":\"/updateviews\",\"status\":\"200\",\"responseTime\":\"3.357\"}","timestamp":"2024-12-08T05:46:38.518Z"}
{"level":"\u001b[32minfo\u001b[39m","message":"{\"method\":\"GET\",\"url\":\"/fetchOther/672b2639467bb75f87c5f750\",\"status\":\"200\",\"responseTime\":\"176.061\"}","timestamp":"2024-12-08T05:46:38.722Z"}
{"level":"\u001b[32minfo\u001b[39m","message":"{\"method\":\"GET\",\"url\":\"/video/672b2639467bb75f87c5f750\",\"status\":\"200\",\"responseTime\":\"795.896\"}","timestamp":"2024-12-08T05:46:39.261Z"}
{"level":"\u001b[32minfo\u001b[39m","message":"{\"method\":\"POST\",\"url\":\"/likevideo\",\"status\":\"200\",\"responseTime\":\"6.746\"}","timestamp":"2024-12-08T05:46:40.546Z"}
{"level":"\u001b[32minfo\u001b[39m","message":"{\"method\":\"GET\",\"url\":\"/videos?tab=All\",\"status\":\"200\",\"responseTime\":\"508.354\"}","timestamp":"2024-12-08T05:46:43.385Z"}
{"level":"\u001b[32minfo\u001b[39m","message":"{\"method\":\"GET\",\"url\":\"/likedvideos\",\"status\":\"200\",\"responseTime\":\"221.543\"}","timestamp":"2024-12-08T05:46:44.733Z"}
