{"level":"\u001b[32minfo\u001b[39m","message":"{\"method\":\"GET\",\"url\":\"/videos?tab=All\",\"status\":\"200\",\"responseTime\":\"315.673\"}","timestamp":"2024-12-19T02:56:29.640Z"}
{"level":"\u001b[32minfo\u001b[39m","message":"{\"method\":\"GET\",\"url\":\"/videos?tab=All\",\"status\":\"304\",\"responseTime\":\"203.079\"}","timestamp":"2024-12-19T02:59:32.892Z"}
{"level":"\u001b[32minfo\u001b[39m","message":"{\"method\":\"GET\",\"url\":\"/likedvideos\",\"status\":\"200\",\"responseTime\":\"507.814\"}","timestamp":"2024-12-19T02:59:40.091Z"}
{"level":"\u001b[32minfo\u001b[39m","message":"{\"method\":\"GET\",\"url\":\"/videos?tab=All\",\"status\":\"304\",\"responseTime\":\"178.527\"}","timestamp":"2024-12-19T03:01:51.822Z"}
{"level":"\u001b[32minfo\u001b[39m","message":"{\"method\":\"GET\",\"url\":\"/videos?tab=All\",\"status\":\"304\",\"responseTime\":\"114.641\"}","timestamp":"2024-12-19T03:02:39.174Z"}
{"level":"\u001b[32minfo\u001b[39m","message":"{\"method\":\"GET\",\"url\":\"/video/672b2639467bb75f87c5f750\",\"status\":\"200\",\"responseTime\":\"5889.416\"}","timestamp":"2024-12-19T03:04:19.743Z"}
{"level":"\u001b[32minfo\u001b[39m","message":"{\"method\":\"PUT\",\"url\":\"/updateviews\",\"status\":\"200\",\"responseTime\":\"7.975\"}","timestamp":"2024-12-19T03:05:22.300Z"}
{"level":"\u001b[32minfo\u001b[39m","message":"{\"method\":\"PUT\",\"url\":\"/updateviews\",\"status\":\"200\",\"responseTime\":\"2.401\"}","timestamp":"2024-12-19T03:05:22.320Z"}
{"level":"\u001b[32minfo\u001b[39m","message":"{\"method\":\"GET\",\"url\":\"/video/672b2639467bb75f87c5f750\",\"status\":\"200\",\"responseTime\":\"614.282\"}","timestamp":"2024-12-19T03:05:22.985Z"}
{"level":"\u001b[32minfo\u001b[39m","message":"{\"method\":\"GET\",\"url\":\"/fetchOther/672b2639467bb75f87c5f750\",\"status\":\"200\",\"responseTime\":\"1128.337\"}","timestamp":"2024-12-19T03:05:23.508Z"}
{"level":"\u001b[32minfo\u001b[39m","message":"{\"method\":\"GET\",\"url\":\"/videos?tab=All\",\"status\":\"200\",\"responseTime\":\"159.459\"}","timestamp":"2024-12-19T03:24:03.197Z"}
{"level":"\u001b[32minfo\u001b[39m","message":"{\"method\":\"GET\",\"url\":\"/videos?tab=All\",\"status\":\"200\",\"responseTime\":\"247.234\"}","timestamp":"2024-12-19T03:50:03.327Z"}
{"level":"\u001b[32minfo\u001b[39m","message":"{\"method\":\"GET\",\"url\":\"/videos?tab=All\",\"status\":\"200\",\"responseTime\":\"276.428\"}","timestamp":"2024-12-19T03:51:17.202Z"}
{"level":"\u001b[32minfo\u001b[39m","message":"{\"method\":\"GET\",\"url\":\"/videos?tab=All\",\"status\":\"304\",\"responseTime\":\"499.666\"}","timestamp":"2024-12-19T03:51:28.638Z"}
{"level":"\u001b[32minfo\u001b[39m","message":"{\"method\":\"GET\",\"url\":\"/videos?tab=All\",\"status\":\"304\",\"responseTime\":\"193.879\"}","timestamp":"2024-12-19T05:28:29.609Z"}
{"level":"\u001b[32minfo\u001b[39m","message":"{\"method\":\"GET\",\"url\":\"/videos?tab=All\",\"status\":\"200\",\"responseTime\":\"2114.237\"}","timestamp":"2024-12-19T05:38:44.312Z"}
{"level":"\u001b[32minfo\u001b[39m","message":"{\"method\":\"GET\",\"url\":\"/videos?tab=All\",\"status\":\"304\",\"responseTime\":\"941.142\"}","timestamp":"2024-12-19T05:40:33.372Z"}
{"level":"\u001b[32minfo\u001b[39m","message":"{\"method\":\"GET\",\"url\":\"/videos?tab=All\",\"status\":\"200\",\"responseTime\":\"904.742\"}","timestamp":"2024-12-19T05:40:56.680Z"}
{"level":"\u001b[32minfo\u001b[39m","message":"{\"method\":\"GET\",\"url\":\"/videos?tab=All\",\"status\":\"304\",\"responseTime\":\"163.661\"}","timestamp":"2024-12-19T05:44:32.693Z"}
{"level":"\u001b[32minfo\u001b[39m","message":"{\"method\":\"GET\",\"url\":\"/videos?tab=All\",\"status\":\"200\",\"responseTime\":\"466.678\"}","timestamp":"2024-12-19T05:58:28.802Z"}
{"level":"\u001b[32minfo\u001b[39m","message":"{\"method\":\"GET\",\"url\":\"/videos?tab=All\",\"status\":\"304\",\"responseTime\":\"357.506\"}","timestamp":"2024-12-19T05:59:35.130Z"}
{"level":"\u001b[32minfo\u001b[39m","message":"{\"method\":\"GET\",\"url\":\"/videos?tab=All\",\"status\":\"304\",\"responseTime\":\"307.703\"}","timestamp":"2024-12-19T05:59:39.187Z"}
{"level":"\u001b[32minfo\u001b[39m","message":"{\"method\":\"POST\",\"url\":\"/generate-video-presigned-url\",\"status\":\"200\",\"responseTime\":\"11920.115\"}","timestamp":"2024-12-19T06:00:40.481Z"}
{"level":"\u001b[32minfo\u001b[39m","message":"{\"method\":\"POST\",\"url\":\"/generate-video-presigned-url\",\"status\":\"200\",\"responseTime\":\"20.959\"}","timestamp":"2024-12-19T06:00:40.865Z"}
{"level":"\u001b[32minfo\u001b[39m","message":"{\"method\":\"POST\",\"url\":\"/convert\",\"status\":\"200\",\"responseTime\":\"17249.936\"}","timestamp":"2024-12-19T06:01:06.377Z"}
{"level":"\u001b[32minfo\u001b[39m","message":"{\"method\":\"GET\",\"url\":\"/videos?tab=All\",\"status\":\"304\",\"responseTime\":\"562.018\"}","timestamp":"2024-12-19T06:01:25.659Z"}
{"level":"\u001b[32minfo\u001b[39m","message":"{\"method\":\"GET\",\"url\":\"/getuseruploadedvideo\",\"status\":\"200\",\"responseTime\":\"313.186\"}","timestamp":"2024-12-19T06:05:34.483Z"}
{"level":"\u001b[32minfo\u001b[39m","message":"{\"method\":\"GET\",\"url\":\"/getprivatevideos\",\"status\":\"200\",\"responseTime\":\"708.703\"}","timestamp":"2024-12-19T06:05:35.046Z"}
{"level":"\u001b[32minfo\u001b[39m","message":"{\"method\":\"GET\",\"url\":\"/getwatchlatervideos\",\"status\":\"200\",\"responseTime\":\"1044.240\"}","timestamp":"2024-12-19T06:05:35.539Z"}
{"level":"\u001b[32minfo\u001b[39m","message":"{\"method\":\"GET\",\"url\":\"/getreportvideos\",\"status\":\"200\",\"responseTime\":\"1052.903\"}","timestamp":"2024-12-19T06:05:35.757Z"}
{"level":"\u001b[32minfo\u001b[39m","message":"{\"method\":\"PUT\",\"url\":\"/updateviews\",\"status\":\"200\",\"responseTime\":\"576.889\"}","timestamp":"2024-12-19T06:05:41.313Z"}
{"level":"\u001b[32minfo\u001b[39m","message":"{\"method\":\"GET\",\"url\":\"/fetchOther/6763b78e56941792c65f52c9\",\"status\":\"200\",\"responseTime\":\"396.023\"}","timestamp":"2024-12-19T06:06:01.742Z"}
{"level":"\u001b[32minfo\u001b[39m","message":"{\"method\":\"GET\",\"url\":\"/video/6763b78e56941792c65f52c9\",\"status\":\"-\",\"responseTime\":\"-\"}","timestamp":"2024-12-19T06:06:49.689Z"}
{"level":"\u001b[32minfo\u001b[39m","message":"{\"method\":\"GET\",\"url\":\"/video/6763b78e56941792c65f52c9\",\"status\":\"-\",\"responseTime\":\"-\"}","timestamp":"2024-12-19T06:07:41.725Z"}
{"level":"\u001b[32minfo\u001b[39m","message":"{\"method\":\"GET\",\"url\":\"/video/6763b78e56941792c65f52c9\",\"status\":\"200\",\"responseTime\":\"21683.743\"}","timestamp":"2024-12-19T06:08:03.721Z"}
