{"level":"\u001b[32minfo\u001b[39m","message":"{\"method\":\"GET\",\"url\":\"/videos\",\"status\":\"304\",\"responseTime\":\"416.246\"}","timestamp":"2024-11-02T03:12:18.794Z"}
{"level":"\u001b[32minfo\u001b[39m","message":"{\"method\":\"GET\",\"url\":\"/videos\",\"status\":\"304\",\"responseTime\":\"88.269\"}","timestamp":"2024-11-02T03:12:22.683Z"}
{"level":"\u001b[32minfo\u001b[39m","message":"{\"method\":\"GET\",\"url\":\"/videos\",\"status\":\"304\",\"responseTime\":\"77.471\"}","timestamp":"2024-11-02T03:12:24.702Z"}
{"level":"\u001b[32minfo\u001b[39m","message":"{\"method\":\"GET\",\"url\":\"/videos\",\"status\":\"304\",\"responseTime\":\"87.637\"}","timestamp":"2024-11-02T03:12:29.281Z"}
{"level":"\u001b[32minfo\u001b[39m","message":"{\"method\":\"GET\",\"url\":\"/videos\",\"status\":\"304\",\"responseTime\":\"65.103\"}","timestamp":"2024-11-02T03:12:44.683Z"}
{"level":"\u001b[32minfo\u001b[39m","message":"{\"method\":\"GET\",\"url\":\"/videos\",\"status\":\"304\",\"responseTime\":\"102.788\"}","timestamp":"2024-11-02T03:41:20.384Z"}
{"level":"\u001b[32minfo\u001b[39m","message":"{\"method\":\"GET\",\"url\":\"/videos\",\"status\":\"304\",\"responseTime\":\"157.533\"}","timestamp":"2024-11-02T03:41:25.790Z"}
{"level":"\u001b[32minfo\u001b[39m","message":"{\"method\":\"GET\",\"url\":\"/videos\",\"status\":\"304\",\"responseTime\":\"100.902\"}","timestamp":"2024-11-02T03:41:31.099Z"}
{"level":"\u001b[32minfo\u001b[39m","message":"{\"method\":\"GET\",\"url\":\"/videos\",\"status\":\"304\",\"responseTime\":\"60.279\"}","timestamp":"2024-11-02T03:41:37.460Z"}
{"level":"\u001b[32minfo\u001b[39m","message":"{\"method\":\"GET\",\"url\":\"/video/6722d37fbde9990ac0c33a1d/hls\",\"status\":\"304\",\"responseTime\":\"216.188\"}","timestamp":"2024-11-02T03:41:50.902Z"}
{"level":"\u001b[32minfo\u001b[39m","message":"{\"method\":\"GET\",\"url\":\"/videos\",\"status\":\"304\",\"responseTime\":\"94.295\"}","timestamp":"2024-11-02T03:41:52.556Z"}
{"level":"\u001b[32minfo\u001b[39m","message":"{\"method\":\"GET\",\"url\":\"/video/6722d37fbde9990ac0c33a1d/hls\",\"status\":\"304\",\"responseTime\":\"190.572\"}","timestamp":"2024-11-02T03:42:03.491Z"}
{"level":"\u001b[32minfo\u001b[39m","message":"{\"method\":\"GET\",\"url\":\"/video/6722d37fbde9990ac0c33a1d/hls\",\"status\":\"304\",\"responseTime\":\"93.156\"}","timestamp":"2024-11-02T03:42:33.008Z"}
{"level":"\u001b[32minfo\u001b[39m","message":"{\"method\":\"GET\",\"url\":\"/videos\",\"status\":\"304\",\"responseTime\":\"67.721\"}","timestamp":"2024-11-02T03:42:38.251Z"}
{"level":"\u001b[32minfo\u001b[39m","message":"{\"method\":\"GET\",\"url\":\"/video/6722d37fbde9990ac0c33a1d/hls\",\"status\":\"304\",\"responseTime\":\"128.384\"}","timestamp":"2024-11-02T03:42:41.120Z"}
{"level":"\u001b[32minfo\u001b[39m","message":"{\"method\":\"GET\",\"url\":\"/video/6722d37fbde9990ac0c33a1d/hls\",\"status\":\"304\",\"responseTime\":\"193.505\"}","timestamp":"2024-11-02T03:43:03.354Z"}
{"level":"\u001b[32minfo\u001b[39m","message":"{\"method\":\"GET\",\"url\":\"/videos\",\"status\":\"304\",\"responseTime\":\"65.763\"}","timestamp":"2024-11-02T03:43:08.076Z"}
{"level":"\u001b[32minfo\u001b[39m","message":"{\"method\":\"GET\",\"url\":\"/video/6722d37fbde9990ac0c33a1d/hls\",\"status\":\"304\",\"responseTime\":\"182.520\"}","timestamp":"2024-11-02T03:44:41.431Z"}
{"level":"\u001b[32minfo\u001b[39m","message":"{\"method\":\"GET\",\"url\":\"/video/6722d37fbde9990ac0c33a1d/hls\",\"status\":\"304\",\"responseTime\":\"69.396\"}","timestamp":"2024-11-02T03:45:29.877Z"}
{"level":"\u001b[32minfo\u001b[39m","message":"{\"method\":\"GET\",\"url\":\"/videos\",\"status\":\"304\",\"responseTime\":\"537.516\"}","timestamp":"2024-11-02T03:45:35.043Z"}
{"level":"\u001b[32minfo\u001b[39m","message":"{\"method\":\"GET\",\"url\":\"/video/6722d37fbde9990ac0c33a1d/hls\",\"status\":\"304\",\"responseTime\":\"63.014\"}","timestamp":"2024-11-02T03:45:37.496Z"}
{"level":"\u001b[32minfo\u001b[39m","message":"{\"method\":\"GET\",\"url\":\"/video/6722d37fbde9990ac0c33a1d/hls\",\"status\":\"304\",\"responseTime\":\"147.877\"}","timestamp":"2024-11-02T03:48:16.976Z"}
{"level":"\u001b[32minfo\u001b[39m","message":"{\"method\":\"GET\",\"url\":\"/videos\",\"status\":\"304\",\"responseTime\":\"87.790\"}","timestamp":"2024-11-02T03:48:18.305Z"}
{"level":"\u001b[32minfo\u001b[39m","message":"{\"method\":\"GET\",\"url\":\"/video/6722d37fbde9990ac0c33a1d/hls\",\"status\":\"304\",\"responseTime\":\"74.193\"}","timestamp":"2024-11-02T03:48:20.749Z"}
{"level":"\u001b[32minfo\u001b[39m","message":"{\"method\":\"GET\",\"url\":\"/videos\",\"status\":\"304\",\"responseTime\":\"113.643\"}","timestamp":"2024-11-02T03:50:28.796Z"}
{"level":"\u001b[32minfo\u001b[39m","message":"{\"method\":\"GET\",\"url\":\"/video/6722d37fbde9990ac0c33a1d/hls\",\"status\":\"304\",\"responseTime\":\"101.859\"}","timestamp":"2024-11-02T03:50:33.198Z"}
{"level":"\u001b[32minfo\u001b[39m","message":"{\"method\":\"GET\",\"url\":\"/videos\",\"status\":\"304\",\"responseTime\":\"225.540\"}","timestamp":"2024-11-02T03:54:33.313Z"}
{"level":"\u001b[32minfo\u001b[39m","message":"{\"method\":\"GET\",\"url\":\"/video/6722d37fbde9990ac0c33a1d/hls\",\"status\":\"304\",\"responseTime\":\"79.621\"}","timestamp":"2024-11-02T03:54:38.415Z"}
{"level":"\u001b[32minfo\u001b[39m","message":"{\"method\":\"GET\",\"url\":\"/videos\",\"status\":\"304\",\"responseTime\":\"117.744\"}","timestamp":"2024-11-02T03:58:29.685Z"}
{"level":"\u001b[32minfo\u001b[39m","message":"{\"method\":\"GET\",\"url\":\"/video/6722d37fbde9990ac0c33a1d/hls\",\"status\":\"304\",\"responseTime\":\"122.900\"}","timestamp":"2024-11-02T03:58:34.840Z"}
{"level":"\u001b[32minfo\u001b[39m","message":"{\"method\":\"GET\",\"url\":\"/videos\",\"status\":\"304\",\"responseTime\":\"157.322\"}","timestamp":"2024-11-02T04:01:47.555Z"}
{"level":"\u001b[32minfo\u001b[39m","message":"{\"method\":\"GET\",\"url\":\"/video/6722d37fbde9990ac0c33a1d/hls\",\"status\":\"304\",\"responseTime\":\"62.210\"}","timestamp":"2024-11-02T04:01:53.465Z"}
{"level":"\u001b[32minfo\u001b[39m","message":"{\"method\":\"GET\",\"url\":\"/videos\",\"status\":\"304\",\"responseTime\":\"72.504\"}","timestamp":"2024-11-02T04:02:28.993Z"}
{"level":"\u001b[32minfo\u001b[39m","message":"{\"method\":\"GET\",\"url\":\"/video/6722d3dabde9990ac0c33a23/hls\",\"status\":\"200\",\"responseTime\":\"88563.256\"}","timestamp":"2024-11-02T04:03:59.404Z"}
{"level":"\u001b[32minfo\u001b[39m","message":"{\"method\":\"GET\",\"url\":\"/videos\",\"status\":\"200\",\"responseTime\":\"672.789\"}","timestamp":"2024-11-02T04:05:15.273Z"}
{"level":"\u001b[32minfo\u001b[39m","message":"{\"method\":\"GET\",\"url\":\"/video/6722d3dabde9990ac0c33a23/hls\",\"status\":\"304\",\"responseTime\":\"134.236\"}","timestamp":"2024-11-02T04:05:16.927Z"}
{"level":"\u001b[32minfo\u001b[39m","message":"{\"method\":\"GET\",\"url\":\"/videos\",\"status\":\"304\",\"responseTime\":\"107.337\"}","timestamp":"2024-11-02T04:05:20.919Z"}
{"level":"\u001b[32minfo\u001b[39m","message":"{\"method\":\"GET\",\"url\":\"/video/6722fd3311e483a9cf18ee45/hls\",\"status\":\"200\",\"responseTime\":\"19727.108\"}","timestamp":"2024-11-02T04:05:42.834Z"}
{"level":"\u001b[32minfo\u001b[39m","message":"{\"method\":\"GET\",\"url\":\"/videos\",\"status\":\"304\",\"responseTime\":\"175.783\"}","timestamp":"2024-11-02T04:12:27.747Z"}
{"level":"\u001b[32minfo\u001b[39m","message":"{\"method\":\"GET\",\"url\":\"/video/6722d37fbde9990ac0c33a1d/hls\",\"status\":\"200\",\"responseTime\":\"102.813\"}","timestamp":"2024-11-02T04:12:29.658Z"}
{"level":"\u001b[32minfo\u001b[39m","message":"{\"method\":\"GET\",\"url\":\"/videos\",\"status\":\"304\",\"responseTime\":\"123.674\"}","timestamp":"2024-11-02T04:16:25.006Z"}
{"level":"\u001b[32minfo\u001b[39m","message":"{\"method\":\"GET\",\"url\":\"/videos\",\"status\":\"200\",\"responseTime\":\"93.111\"}","timestamp":"2024-11-02T04:16:56.498Z"}
{"level":"\u001b[32minfo\u001b[39m","message":"{\"method\":\"GET\",\"url\":\"/video/6722d37fbde9990ac0c33a1d/hls\",\"status\":\"200\",\"responseTime\":\"75.861\"}","timestamp":"2024-11-02T04:16:58.436Z"}
{"level":"\u001b[32minfo\u001b[39m","message":"{\"method\":\"GET\",\"url\":\"/videos\",\"status\":\"304\",\"responseTime\":\"107.564\"}","timestamp":"2024-11-02T04:19:04.288Z"}
{"level":"\u001b[32minfo\u001b[39m","message":"{\"method\":\"GET\",\"url\":\"/video/6722d37fbde9990ac0c33a1d/hls\",\"status\":\"304\",\"responseTime\":\"145.720\"}","timestamp":"2024-11-02T04:19:07.488Z"}
{"level":"\u001b[32minfo\u001b[39m","message":"{\"method\":\"GET\",\"url\":\"/videos\",\"status\":\"304\",\"responseTime\":\"92.845\"}","timestamp":"2024-11-02T04:19:51.451Z"}
{"level":"\u001b[32minfo\u001b[39m","message":"{\"method\":\"GET\",\"url\":\"/video/6722d37fbde9990ac0c33a1d/hls\",\"status\":\"304\",\"responseTime\":\"65.440\"}","timestamp":"2024-11-02T04:19:55.070Z"}
{"level":"\u001b[32minfo\u001b[39m","message":"{\"method\":\"GET\",\"url\":\"/videos\",\"status\":\"304\",\"responseTime\":\"149.104\"}","timestamp":"2024-11-02T04:25:02.931Z"}
{"level":"\u001b[32minfo\u001b[39m","message":"{\"method\":\"GET\",\"url\":\"/video/6722d37fbde9990ac0c33a1d/hls\",\"status\":\"304\",\"responseTime\":\"90.528\"}","timestamp":"2024-11-02T04:25:08.000Z"}
{"level":"\u001b[32minfo\u001b[39m","message":"{\"method\":\"GET\",\"url\":\"/videos\",\"status\":\"304\",\"responseTime\":\"754.887\"}","timestamp":"2024-11-02T04:36:11.741Z"}
{"level":"\u001b[32minfo\u001b[39m","message":"{\"method\":\"GET\",\"url\":\"/video/6722d37fbde9990ac0c33a1d/hls\",\"status\":\"304\",\"responseTime\":\"59.777\"}","timestamp":"2024-11-02T04:36:14.278Z"}
{"level":"\u001b[32minfo\u001b[39m","message":"{\"method\":\"GET\",\"url\":\"/video/6722d37fbde9990ac0c33a1d/hls\",\"status\":\"304\",\"responseTime\":\"59.363\"}","timestamp":"2024-11-02T04:37:51.059Z"}
{"level":"\u001b[32minfo\u001b[39m","message":"{\"method\":\"GET\",\"url\":\"/video/6722d37fbde9990ac0c33a1d/hls\",\"status\":\"304\",\"responseTime\":\"52.186\"}","timestamp":"2024-11-02T04:38:41.931Z"}
{"level":"\u001b[32minfo\u001b[39m","message":"{\"method\":\"GET\",\"url\":\"/videos\",\"status\":\"304\",\"responseTime\":\"71.401\"}","timestamp":"2024-11-02T04:39:11.404Z"}
{"level":"\u001b[32minfo\u001b[39m","message":"{\"method\":\"GET\",\"url\":\"/video/6722d37fbde9990ac0c33a1d/hls\",\"status\":\"304\",\"responseTime\":\"74.734\"}","timestamp":"2024-11-02T04:39:28.472Z"}
{"level":"\u001b[32minfo\u001b[39m","message":"{\"method\":\"GET\",\"url\":\"/videos\",\"status\":\"304\",\"responseTime\":\"91.611\"}","timestamp":"2024-11-02T04:39:33.162Z"}
{"level":"\u001b[32minfo\u001b[39m","message":"{\"method\":\"GET\",\"url\":\"/video/6722d37fbde9990ac0c33a1d/hls\",\"status\":\"304\",\"responseTime\":\"158.916\"}","timestamp":"2024-11-02T04:39:34.463Z"}
{"level":"\u001b[32minfo\u001b[39m","message":"{\"method\":\"GET\",\"url\":\"/videos\",\"status\":\"304\",\"responseTime\":\"1091.870\"}","timestamp":"2024-11-02T04:39:35.672Z"}
{"level":"\u001b[32minfo\u001b[39m","message":"{\"method\":\"GET\",\"url\":\"/video/6722d3dabde9990ac0c33a23/hls\",\"status\":\"304\",\"responseTime\":\"1182.995\"}","timestamp":"2024-11-02T04:39:38.926Z"}
{"level":"\u001b[32minfo\u001b[39m","message":"{\"method\":\"GET\",\"url\":\"/videos\",\"status\":\"304\",\"responseTime\":\"67.093\"}","timestamp":"2024-11-02T04:39:44.249Z"}
{"level":"\u001b[32minfo\u001b[39m","message":"{\"method\":\"GET\",\"url\":\"/video/67230eb61323c447f751ff67/hls\",\"status\":\"200\",\"responseTime\":\"72.339\"}","timestamp":"2024-11-02T04:39:46.786Z"}
{"level":"\u001b[32minfo\u001b[39m","message":"{\"method\":\"GET\",\"url\":\"/videos\",\"status\":\"304\",\"responseTime\":\"569.025\"}","timestamp":"2024-11-02T05:26:59.243Z"}
{"level":"\u001b[32minfo\u001b[39m","message":"{\"method\":\"GET\",\"url\":\"/video/6722d37fbde9990ac0c33a1d/hls\",\"status\":\"304\",\"responseTime\":\"63.163\"}","timestamp":"2024-11-02T05:27:05.775Z"}
{"level":"\u001b[32minfo\u001b[39m","message":"{\"method\":\"GET\",\"url\":\"/video/6722d37fbde9990ac0c33a1d/hls\",\"status\":\"304\",\"responseTime\":\"612.866\"}","timestamp":"2024-11-02T05:28:18.595Z"}
{"level":"\u001b[32minfo\u001b[39m","message":"{\"method\":\"GET\",\"url\":\"/video/6722d37fbde9990ac0c33a1d/hls\",\"status\":\"304\",\"responseTime\":\"123.613\"}","timestamp":"2024-11-02T05:28:26.112Z"}
{"level":"\u001b[32minfo\u001b[39m","message":"{\"method\":\"GET\",\"url\":\"/videos\",\"status\":\"304\",\"responseTime\":\"63.019\"}","timestamp":"2024-11-02T05:28:32.178Z"}
{"level":"\u001b[32minfo\u001b[39m","message":"{\"method\":\"GET\",\"url\":\"/video/6722d37fbde9990ac0c33a1d/hls\",\"status\":\"304\",\"responseTime\":\"53.859\"}","timestamp":"2024-11-02T05:35:52.748Z"}
{"level":"\u001b[32minfo\u001b[39m","message":"{\"method\":\"GET\",\"url\":\"/video/6722d37fbde9990ac0c33a1d/hls\",\"status\":\"304\",\"responseTime\":\"50.607\"}","timestamp":"2024-11-02T05:36:36.564Z"}
{"level":"\u001b[32minfo\u001b[39m","message":"{\"method\":\"GET\",\"url\":\"/video/6722d37fbde9990ac0c33a1d/hls\",\"status\":\"304\",\"responseTime\":\"49.794\"}","timestamp":"2024-11-02T05:36:37.751Z"}
{"level":"\u001b[32minfo\u001b[39m","message":"{\"method\":\"GET\",\"url\":\"/video/6722d37fbde9990ac0c33a1d/hls\",\"status\":\"304\",\"responseTime\":\"68.317\"}","timestamp":"2024-11-02T05:36:49.363Z"}
{"level":"\u001b[32minfo\u001b[39m","message":"{\"method\":\"GET\",\"url\":\"/videos\",\"status\":\"304\",\"responseTime\":\"70.753\"}","timestamp":"2024-11-02T05:43:34.147Z"}
{"level":"\u001b[32minfo\u001b[39m","message":"{\"method\":\"GET\",\"url\":\"/videos\",\"status\":\"304\",\"responseTime\":\"61.080\"}","timestamp":"2024-11-02T05:43:35.488Z"}
{"level":"\u001b[32minfo\u001b[39m","message":"{\"method\":\"GET\",\"url\":\"/video/6722d37fbde9990ac0c33a1d/hls\",\"status\":\"304\",\"responseTime\":\"86.736\"}","timestamp":"2024-11-02T05:43:36.847Z"}
{"level":"\u001b[32minfo\u001b[39m","message":"{\"method\":\"GET\",\"url\":\"/videos\",\"status\":\"304\",\"responseTime\":\"76.569\"}","timestamp":"2024-11-02T05:43:45.760Z"}
{"level":"\u001b[32minfo\u001b[39m","message":"{\"method\":\"GET\",\"url\":\"/video/6722d37fbde9990ac0c33a1d/hls\",\"status\":\"304\",\"responseTime\":\"76.934\"}","timestamp":"2024-11-02T05:43:46.623Z"}
{"level":"\u001b[32minfo\u001b[39m","message":"{\"method\":\"GET\",\"url\":\"/video/6722d37fbde9990ac0c33a1d/hls\",\"status\":\"200\",\"responseTime\":\"92.221\"}","timestamp":"2024-11-02T05:48:37.166Z"}
{"level":"\u001b[32minfo\u001b[39m","message":"{\"method\":\"GET\",\"url\":\"/videos\",\"status\":\"304\",\"responseTime\":\"103.695\"}","timestamp":"2024-11-02T05:49:26.927Z"}
{"level":"\u001b[32minfo\u001b[39m","message":"{\"method\":\"GET\",\"url\":\"/video/6722d37fbde9990ac0c33a1d/hls\",\"status\":\"200\",\"responseTime\":\"71.800\"}","timestamp":"2024-11-02T05:49:28.448Z"}
{"level":"\u001b[32minfo\u001b[39m","message":"{\"method\":\"GET\",\"url\":\"/video/6722d37fbde9990ac0c33a1d/hls\",\"status\":\"304\",\"responseTime\":\"80.829\"}","timestamp":"2024-11-02T05:50:02.499Z"}
{"level":"\u001b[32minfo\u001b[39m","message":"{\"method\":\"GET\",\"url\":\"/videos\",\"status\":\"304\",\"responseTime\":\"78.279\"}","timestamp":"2024-11-02T05:50:03.471Z"}
{"level":"\u001b[32minfo\u001b[39m","message":"{\"method\":\"GET\",\"url\":\"/video/6722d37fbde9990ac0c33a1d/hls\",\"status\":\"304\",\"responseTime\":\"52.932\"}","timestamp":"2024-11-02T05:50:06.884Z"}
{"level":"\u001b[32minfo\u001b[39m","message":"{\"method\":\"GET\",\"url\":\"/videos\",\"status\":\"304\",\"responseTime\":\"184.528\"}","timestamp":"2024-11-02T05:50:35.053Z"}
{"level":"\u001b[32minfo\u001b[39m","message":"{\"method\":\"GET\",\"url\":\"/videos\",\"status\":\"304\",\"responseTime\":\"146.211\"}","timestamp":"2024-11-02T05:50:37.562Z"}
{"level":"\u001b[32minfo\u001b[39m","message":"{\"method\":\"GET\",\"url\":\"/videos\",\"status\":\"304\",\"responseTime\":\"82.701\"}","timestamp":"2024-11-02T05:50:38.550Z"}
{"level":"\u001b[32minfo\u001b[39m","message":"{\"method\":\"GET\",\"url\":\"/video1-hls/playlist.m3u8\",\"status\":\"404\",\"responseTime\":\"3.611\"}","timestamp":"2024-11-02T05:50:39.927Z"}
{"level":"\u001b[32minfo\u001b[39m","message":"{\"method\":\"GET\",\"url\":\"/video/6722d37fbde9990ac0c33a1d/hls\",\"status\":\"304\",\"responseTime\":\"80.312\"}","timestamp":"2024-11-02T05:50:39.992Z"}
{"level":"\u001b[32minfo\u001b[39m","message":"{\"method\":\"GET\",\"url\":\"/video1-hls/playlist.m3u8\",\"status\":\"404\",\"responseTime\":\"0.878\"}","timestamp":"2024-11-02T05:50:54.378Z"}
{"level":"\u001b[32minfo\u001b[39m","message":"{\"method\":\"GET\",\"url\":\"/video/6722d37fbde9990ac0c33a1d/hls\",\"status\":\"304\",\"responseTime\":\"97.879\"}","timestamp":"2024-11-02T05:50:54.491Z"}
{"level":"\u001b[32minfo\u001b[39m","message":"{\"method\":\"GET\",\"url\":\"/videos\",\"status\":\"304\",\"responseTime\":\"82.675\"}","timestamp":"2024-11-02T05:50:55.306Z"}
{"level":"\u001b[32minfo\u001b[39m","message":"{\"method\":\"GET\",\"url\":\"/video1-hls/playlist.m3u8\",\"status\":\"404\",\"responseTime\":\"0.639\"}","timestamp":"2024-11-02T05:51:00.506Z"}
{"level":"\u001b[32minfo\u001b[39m","message":"{\"method\":\"GET\",\"url\":\"/video/6722d37fbde9990ac0c33a1d/hls\",\"status\":\"304\",\"responseTime\":\"80.025\"}","timestamp":"2024-11-02T05:51:00.589Z"}
{"level":"\u001b[32minfo\u001b[39m","message":"{\"method\":\"GET\",\"url\":\"/video1-hls/playlist.m3u8\",\"status\":\"404\",\"responseTime\":\"0.535\"}","timestamp":"2024-11-02T05:51:10.767Z"}
{"level":"\u001b[32minfo\u001b[39m","message":"{\"method\":\"GET\",\"url\":\"/publicvideo1-hls/playlist.m3u8\",\"status\":\"404\",\"responseTime\":\"0.905\"}","timestamp":"2024-11-02T05:52:29.100Z"}
{"level":"\u001b[32minfo\u001b[39m","message":"{\"method\":\"GET\",\"url\":\"/video/6722d37fbde9990ac0c33a1d/hls\",\"status\":\"304\",\"responseTime\":\"126.408\"}","timestamp":"2024-11-02T05:52:29.242Z"}
{"level":"\u001b[32minfo\u001b[39m","message":"{\"method\":\"GET\",\"url\":\"/videos\",\"status\":\"304\",\"responseTime\":\"69.740\"}","timestamp":"2024-11-02T05:52:30.044Z"}
{"level":"\u001b[32minfo\u001b[39m","message":"{\"method\":\"GET\",\"url\":\"/public/video1-hls/playlist.m3u8\",\"status\":\"404\",\"responseTime\":\"0.969\"}","timestamp":"2024-11-02T05:52:30.956Z"}
{"level":"\u001b[32minfo\u001b[39m","message":"{\"method\":\"GET\",\"url\":\"/video/6722d37fbde9990ac0c33a1d/hls\",\"status\":\"304\",\"responseTime\":\"74.603\"}","timestamp":"2024-11-02T05:52:31.023Z"}
{"level":"\u001b[32minfo\u001b[39m","message":"{\"method\":\"GET\",\"url\":\"/videos\",\"status\":\"304\",\"responseTime\":\"73.769\"}","timestamp":"2024-11-02T05:52:31.733Z"}
{"level":"\u001b[32minfo\u001b[39m","message":"{\"method\":\"GET\",\"url\":\"/public/video1-hls/playlist.m3u8\",\"status\":\"404\",\"responseTime\":\"0.601\"}","timestamp":"2024-11-02T05:52:54.118Z"}
{"level":"\u001b[32minfo\u001b[39m","message":"{\"method\":\"GET\",\"url\":\"/video/6722d37fbde9990ac0c33a1d/hls\",\"status\":\"304\",\"responseTime\":\"66.095\"}","timestamp":"2024-11-02T05:52:54.203Z"}
{"level":"\u001b[32minfo\u001b[39m","message":"{\"method\":\"GET\",\"url\":\"/videos\",\"status\":\"304\",\"responseTime\":\"91.879\"}","timestamp":"2024-11-02T05:52:55.117Z"}
{"level":"\u001b[32minfo\u001b[39m","message":"{\"method\":\"GET\",\"url\":\"/public/video1-hls/playlist.m3u8\",\"status\":\"404\",\"responseTime\":\"0.688\"}","timestamp":"2024-11-02T05:53:07.681Z"}
{"level":"\u001b[32minfo\u001b[39m","message":"{\"method\":\"GET\",\"url\":\"/video/6722d37fbde9990ac0c33a1d/hls\",\"status\":\"304\",\"responseTime\":\"53.927\"}","timestamp":"2024-11-02T05:53:07.738Z"}
{"level":"\u001b[32minfo\u001b[39m","message":"{\"method\":\"GET\",\"url\":\"/public/video1-hls/playlist.m3u8\",\"status\":\"404\",\"responseTime\":\"0.745\"}","timestamp":"2024-11-02T05:53:09.579Z"}
{"level":"\u001b[32minfo\u001b[39m","message":"{\"method\":\"GET\",\"url\":\"/video/6722d37fbde9990ac0c33a1d/hls\",\"status\":\"304\",\"responseTime\":\"51.987\"}","timestamp":"2024-11-02T05:53:09.635Z"}
{"level":"\u001b[32minfo\u001b[39m","message":"{\"method\":\"GET\",\"url\":\"/videos\",\"status\":\"304\",\"responseTime\":\"101.563\"}","timestamp":"2024-11-02T05:53:10.735Z"}
{"level":"\u001b[32minfo\u001b[39m","message":"{\"method\":\"GET\",\"url\":\"/public/video1-hls/playlist.m3u8\",\"status\":\"404\",\"responseTime\":\"0.758\"}","timestamp":"2024-11-02T05:53:11.702Z"}
{"level":"\u001b[32minfo\u001b[39m","message":"{\"method\":\"GET\",\"url\":\"/video/6722d37fbde9990ac0c33a1d/hls\",\"status\":\"304\",\"responseTime\":\"53.760\"}","timestamp":"2024-11-02T05:53:11.741Z"}
{"level":"\u001b[32minfo\u001b[39m","message":"{\"method\":\"GET\",\"url\":\"/videos\",\"status\":\"304\",\"responseTime\":\"65.906\"}","timestamp":"2024-11-02T05:53:13.072Z"}
{"level":"\u001b[32minfo\u001b[39m","message":"{\"method\":\"GET\",\"url\":\"/videos\",\"status\":\"304\",\"responseTime\":\"67.515\"}","timestamp":"2024-11-02T05:53:22.530Z"}
{"level":"\u001b[32minfo\u001b[39m","message":"{\"method\":\"GET\",\"url\":\"/public/video1-hls/playlist.m3u8\",\"status\":\"404\",\"responseTime\":\"0.631\"}","timestamp":"2024-11-02T05:53:23.210Z"}
{"level":"\u001b[32minfo\u001b[39m","message":"{\"method\":\"GET\",\"url\":\"/video/6722d37fbde9990ac0c33a1d/hls\",\"status\":\"304\",\"responseTime\":\"58.300\"}","timestamp":"2024-11-02T05:53:23.276Z"}
{"level":"\u001b[32minfo\u001b[39m","message":"{\"method\":\"GET\",\"url\":\"/videos\",\"status\":\"304\",\"responseTime\":\"62.745\"}","timestamp":"2024-11-02T05:58:20.359Z"}
{"level":"\u001b[32minfo\u001b[39m","message":"{\"method\":\"GET\",\"url\":\"/video/6722d37fbde9990ac0c33a1d/hls\",\"status\":\"304\",\"responseTime\":\"58.540\"}","timestamp":"2024-11-02T05:58:21.336Z"}
{"level":"\u001b[32minfo\u001b[39m","message":"{\"method\":\"GET\",\"url\":\"/public/video1-hls/playlist.m3u8\",\"status\":\"404\",\"responseTime\":\"0.677\"}","timestamp":"2024-11-02T05:58:24.127Z"}
{"level":"\u001b[32minfo\u001b[39m","message":"{\"method\":\"GET\",\"url\":\"/public/video1-hls/playlist.m3u8\",\"status\":\"404\",\"responseTime\":\"0.515\"}","timestamp":"2024-11-02T05:58:28.034Z"}
{"level":"\u001b[32minfo\u001b[39m","message":"{\"method\":\"GET\",\"url\":\"/video/6722d37fbde9990ac0c33a1d/hls\",\"status\":\"304\",\"responseTime\":\"132.474\"}","timestamp":"2024-11-02T05:58:28.171Z"}
{"level":"\u001b[32minfo\u001b[39m","message":"{\"method\":\"GET\",\"url\":\"/videos\",\"status\":\"304\",\"responseTime\":\"108.328\"}","timestamp":"2024-11-02T06:08:55.813Z"}
{"level":"\u001b[32minfo\u001b[39m","message":"{\"method\":\"GET\",\"url\":\"/video/6722d37fbde9990ac0c33a1d/hls\",\"status\":\"304\",\"responseTime\":\"74.751\"}","timestamp":"2024-11-02T06:08:56.869Z"}
{"level":"\u001b[32minfo\u001b[39m","message":"{\"method\":\"GET\",\"url\":\"/video/6722d37fbde9990ac0c33a1d/hls\",\"status\":\"304\",\"responseTime\":\"54.537\"}","timestamp":"2024-11-02T06:09:00.811Z"}
{"level":"\u001b[32minfo\u001b[39m","message":"{\"method\":\"GET\",\"url\":\"/video/6722d37fbde9990ac0c33a1d/hls\",\"status\":\"304\",\"responseTime\":\"56.051\"}","timestamp":"2024-11-02T06:09:15.731Z"}
{"level":"\u001b[32minfo\u001b[39m","message":"{\"method\":\"GET\",\"url\":\"/public/video1-hls/playlist.m3u8\",\"status\":\"404\",\"responseTime\":\"5.657\"}","timestamp":"2024-11-02T06:09:26.233Z"}
{"level":"\u001b[32minfo\u001b[39m","message":"{\"method\":\"GET\",\"url\":\"/video/6722d37fbde9990ac0c33a1d/hls\",\"status\":\"304\",\"responseTime\":\"55.627\"}","timestamp":"2024-11-02T06:09:26.275Z"}
{"level":"\u001b[32minfo\u001b[39m","message":"{\"method\":\"GET\",\"url\":\"//video1-hls/playlist.m3u8\",\"status\":\"404\",\"responseTime\":\"2.527\"}","timestamp":"2024-11-02T06:09:30.445Z"}
{"level":"\u001b[32minfo\u001b[39m","message":"{\"method\":\"GET\",\"url\":\"/video/6722d37fbde9990ac0c33a1d/hls\",\"status\":\"304\",\"responseTime\":\"58.713\"}","timestamp":"2024-11-02T06:09:30.496Z"}
{"level":"\u001b[32minfo\u001b[39m","message":"{\"method\":\"GET\",\"url\":\"/video1-hls/playlist.m3u8\",\"status\":\"404\",\"responseTime\":\"2.772\"}","timestamp":"2024-11-02T06:09:31.718Z"}
{"level":"\u001b[32minfo\u001b[39m","message":"{\"method\":\"GET\",\"url\":\"/video/6722d37fbde9990ac0c33a1d/hls\",\"status\":\"304\",\"responseTime\":\"58.159\"}","timestamp":"2024-11-02T06:09:31.761Z"}
{"level":"\u001b[32minfo\u001b[39m","message":"{\"method\":\"GET\",\"url\":\"/video1-hls/playlist.m3u8\",\"status\":\"404\",\"responseTime\":\"2.319\"}","timestamp":"2024-11-02T06:09:38.163Z"}
{"level":"\u001b[32minfo\u001b[39m","message":"{\"method\":\"GET\",\"url\":\"/video/6722d37fbde9990ac0c33a1d/hls\",\"status\":\"304\",\"responseTime\":\"50.925\"}","timestamp":"2024-11-02T06:09:38.194Z"}
{"level":"\u001b[32minfo\u001b[39m","message":"{\"method\":\"GET\",\"url\":\"/video/6722d37fbde9990ac0c33a1d/hls\",\"status\":\"304\",\"responseTime\":\"54.251\"}","timestamp":"2024-11-02T06:25:02.876Z"}
{"level":"\u001b[32minfo\u001b[39m","message":"{\"method\":\"GET\",\"url\":\"/video1-hls/playlist.m3u8\",\"status\":\"404\",\"responseTime\":\"2.067\"}","timestamp":"2024-11-02T06:25:05.560Z"}
{"level":"\u001b[32minfo\u001b[39m","message":"{\"method\":\"GET\",\"url\":\"/video1-hls/playlist.m3u8\",\"status\":\"404\",\"responseTime\":\"1.074\"}","timestamp":"2024-11-02T06:25:14.206Z"}
{"level":"\u001b[32minfo\u001b[39m","message":"{\"method\":\"GET\",\"url\":\"/video/6722d37fbde9990ac0c33a1d/hls\",\"status\":\"304\",\"responseTime\":\"72.708\"}","timestamp":"2024-11-02T06:25:14.283Z"}
{"level":"\u001b[32minfo\u001b[39m","message":"{\"method\":\"GET\",\"url\":\"/video/6722d37fbde9990ac0c33a1d/hls\",\"status\":\"304\",\"responseTime\":\"64.454\"}","timestamp":"2024-11-02T06:26:41.887Z"}
{"level":"\u001b[32minfo\u001b[39m","message":"{\"method\":\"GET\",\"url\":\"/video/6722d37fbde9990ac0c33a1d/hls\",\"status\":\"304\",\"responseTime\":\"120.061\"}","timestamp":"2024-11-02T06:26:45.766Z"}
{"level":"\u001b[32minfo\u001b[39m","message":"{\"method\":\"GET\",\"url\":\"/video1-hls/playlist.m3u8\",\"status\":\"404\",\"responseTime\":\"2.514\"}","timestamp":"2024-11-02T06:26:46.018Z"}
{"level":"\u001b[32minfo\u001b[39m","message":"{\"method\":\"GET\",\"url\":\"/videos\",\"status\":\"304\",\"responseTime\":\"99.580\"}","timestamp":"2024-11-02T06:28:04.942Z"}
{"level":"\u001b[32minfo\u001b[39m","message":"{\"method\":\"GET\",\"url\":\"/video1-hls/playlist.m3u8\",\"status\":\"404\",\"responseTime\":\"1.415\"}","timestamp":"2024-11-02T06:28:08.531Z"}
{"level":"\u001b[32minfo\u001b[39m","message":"{\"method\":\"GET\",\"url\":\"/video/6722d37fbde9990ac0c33a1d/hls\",\"status\":\"304\",\"responseTime\":\"72.099\"}","timestamp":"2024-11-02T06:28:08.676Z"}
{"level":"\u001b[32minfo\u001b[39m","message":"{\"method\":\"GET\",\"url\":\"/video1-hls/playlist.m3u8\",\"status\":\"404\",\"responseTime\":\"1.444\"}","timestamp":"2024-11-02T06:28:21.524Z"}
{"level":"\u001b[32minfo\u001b[39m","message":"{\"method\":\"GET\",\"url\":\"/video/6722d37fbde9990ac0c33a1d/hls\",\"status\":\"304\",\"responseTime\":\"82.824\"}","timestamp":"2024-11-02T06:28:21.619Z"}
{"level":"\u001b[32minfo\u001b[39m","message":"{\"method\":\"GET\",\"url\":\"/videos\",\"status\":\"304\",\"responseTime\":\"610.867\"}","timestamp":"2024-11-02T08:47:58.345Z"}
{"level":"\u001b[32minfo\u001b[39m","message":"{\"method\":\"GET\",\"url\":\"/video1-hls/playlist.m3u8\",\"status\":\"404\",\"responseTime\":\"8.760\"}","timestamp":"2024-11-02T08:47:59.777Z"}
{"level":"\u001b[32minfo\u001b[39m","message":"{\"method\":\"GET\",\"url\":\"/video/6722d37fbde9990ac0c33a1d/hls\",\"status\":\"304\",\"responseTime\":\"77.066\"}","timestamp":"2024-11-02T08:47:59.847Z"}
{"level":"\u001b[32minfo\u001b[39m","message":"{\"method\":\"GET\",\"url\":\"/video/6722d37fbde9990ac0c33a1d/hls\",\"status\":\"304\",\"responseTime\":\"53.881\"}","timestamp":"2024-11-02T08:48:56.917Z"}
{"level":"\u001b[32minfo\u001b[39m","message":"{\"method\":\"GET\",\"url\":\"/video/6722d37fbde9990ac0c33a1d/hls\",\"status\":\"304\",\"responseTime\":\"64.749\"}","timestamp":"2024-11-02T08:49:18.399Z"}
{"level":"\u001b[32minfo\u001b[39m","message":"{\"method\":\"GET\",\"url\":\"/video/6722d37fbde9990ac0c33a1d/hls\",\"status\":\"304\",\"responseTime\":\"68.132\"}","timestamp":"2024-11-02T08:51:03.869Z"}
{"level":"\u001b[32minfo\u001b[39m","message":"{\"method\":\"GET\",\"url\":\"/video/6722d37fbde9990ac0c33a1d/hls\",\"status\":\"304\",\"responseTime\":\"55.592\"}","timestamp":"2024-11-02T08:51:07.573Z"}
{"level":"\u001b[32minfo\u001b[39m","message":"{\"method\":\"GET\",\"url\":\"/video1-hls/playlist.m3u8\",\"status\":\"404\",\"responseTime\":\"1.105\"}","timestamp":"2024-11-02T08:51:10.370Z"}
{"level":"\u001b[32minfo\u001b[39m","message":"{\"method\":\"GET\",\"url\":\"/video1-hls/playlist.m3u8\",\"status\":\"404\",\"responseTime\":\"0.830\"}","timestamp":"2024-11-02T08:51:14.967Z"}
{"level":"\u001b[32minfo\u001b[39m","message":"{\"method\":\"GET\",\"url\":\"/video/6722d37fbde9990ac0c33a1d/hls\",\"status\":\"304\",\"responseTime\":\"65.592\"}","timestamp":"2024-11-02T08:51:15.025Z"}
{"level":"\u001b[32minfo\u001b[39m","message":"{\"method\":\"GET\",\"url\":\"/video/6722d37fbde9990ac0c33a1d/hls\",\"status\":\"304\",\"responseTime\":\"80.894\"}","timestamp":"2024-11-02T08:52:20.755Z"}
{"level":"\u001b[32minfo\u001b[39m","message":"{\"method\":\"GET\",\"url\":\"/video1-hls/playlist.m3u8\",\"status\":\"404\",\"responseTime\":\"0.919\"}","timestamp":"2024-11-02T08:52:21.826Z"}
{"level":"\u001b[32minfo\u001b[39m","message":"{\"method\":\"GET\",\"url\":\"/video/6722d37fbde9990ac0c33a1d/hls\",\"status\":\"304\",\"responseTime\":\"53.522\"}","timestamp":"2024-11-02T08:52:51.107Z"}
{"level":"\u001b[32minfo\u001b[39m","message":"{\"method\":\"GET\",\"url\":\"/video/6722d37fbde9990ac0c33a1d/hls\",\"status\":\"304\",\"responseTime\":\"69.293\"}","timestamp":"2024-11-02T08:52:52.568Z"}
{"level":"\u001b[32minfo\u001b[39m","message":"{\"method\":\"GET\",\"url\":\"/video/6722d37fbde9990ac0c33a1d/hls\",\"status\":\"304\",\"responseTime\":\"68.488\"}","timestamp":"2024-11-02T08:53:00.902Z"}
{"level":"\u001b[32minfo\u001b[39m","message":"{\"method\":\"GET\",\"url\":\"/video1-hls/playlist.m3u8\",\"status\":\"404\",\"responseTime\":\"16.308\"}","timestamp":"2024-11-02T08:53:01.332Z"}
{"level":"\u001b[32minfo\u001b[39m","message":"{\"method\":\"GET\",\"url\":\"/video/6722d37fbde9990ac0c33a1d/hls\",\"status\":\"304\",\"responseTime\":\"72.288\"}","timestamp":"2024-11-02T08:54:35.269Z"}
{"level":"\u001b[32minfo\u001b[39m","message":"{\"method\":\"GET\",\"url\":\"/video/6722d37fbde9990ac0c33a1d/hls\",\"status\":\"304\",\"responseTime\":\"72.520\"}","timestamp":"2024-11-02T08:55:07.868Z"}
{"level":"\u001b[32minfo\u001b[39m","message":"{\"method\":\"GET\",\"url\":\"/video1-hls/playlist.m3u8\",\"status\":\"404\",\"responseTime\":\"5.346\"}","timestamp":"2024-11-02T08:55:14.339Z"}
{"level":"\u001b[32minfo\u001b[39m","message":"{\"method\":\"GET\",\"url\":\"/video1-hls/playlist.m3u8\",\"status\":\"404\",\"responseTime\":\"7.445\"}","timestamp":"2024-11-02T08:55:38.330Z"}
{"level":"\u001b[32minfo\u001b[39m","message":"{\"method\":\"GET\",\"url\":\"/video/6722d37fbde9990ac0c33a1d/hls\",\"status\":\"304\",\"responseTime\":\"330.815\"}","timestamp":"2024-11-02T08:55:38.567Z"}
{"level":"\u001b[32minfo\u001b[39m","message":"{\"method\":\"GET\",\"url\":\"/video1-hls/playlist.m3u8\",\"status\":\"404\",\"responseTime\":\"1.472\"}","timestamp":"2024-11-02T08:56:05.706Z"}
{"level":"\u001b[32minfo\u001b[39m","message":"{\"method\":\"GET\",\"url\":\"/video/6722d37fbde9990ac0c33a1d/hls\",\"status\":\"304\",\"responseTime\":\"52.215\"}","timestamp":"2024-11-02T08:56:05.712Z"}
{"level":"\u001b[32minfo\u001b[39m","message":"{\"method\":\"GET\",\"url\":\"/public/video1-hls/playlist.m3u8\",\"status\":\"404\",\"responseTime\":\"0.985\"}","timestamp":"2024-11-02T08:56:05.766Z"}
{"level":"\u001b[32minfo\u001b[39m","message":"{\"method\":\"GET\",\"url\":\"/video1-hls/playlist.m3u8\",\"status\":\"404\",\"responseTime\":\"0.893\"}","timestamp":"2024-11-02T08:56:39.242Z"}
{"level":"\u001b[32minfo\u001b[39m","message":"{\"method\":\"GET\",\"url\":\"/video/6722d37fbde9990ac0c33a1d/hls\",\"status\":\"304\",\"responseTime\":\"69.710\"}","timestamp":"2024-11-02T08:56:39.279Z"}
{"level":"\u001b[32minfo\u001b[39m","message":"{\"method\":\"GET\",\"url\":\"/public/video1-hls/playlist.m3u8\",\"status\":\"404\",\"responseTime\":\"0.815\"}","timestamp":"2024-11-02T08:56:39.310Z"}
{"level":"\u001b[32minfo\u001b[39m","message":"{\"method\":\"GET\",\"url\":\"/video1-hls/playlist.m3u8\",\"status\":\"404\",\"responseTime\":\"0.947\"}","timestamp":"2024-11-02T08:57:05.993Z"}
{"level":"\u001b[32minfo\u001b[39m","message":"{\"method\":\"GET\",\"url\":\"/video/6722d37fbde9990ac0c33a1d/hls\",\"status\":\"304\",\"responseTime\":\"55.187\"}","timestamp":"2024-11-02T08:57:06.035Z"}
{"level":"\u001b[32minfo\u001b[39m","message":"{\"method\":\"GET\",\"url\":\"/public/video1-hls/playlist.m3u8\",\"status\":\"404\",\"responseTime\":\"0.687\"}","timestamp":"2024-11-02T08:57:06.103Z"}
{"level":"\u001b[32minfo\u001b[39m","message":"{\"method\":\"GET\",\"url\":\"/video/6722d37fbde9990ac0c33a1d/hls\",\"status\":\"304\",\"responseTime\":\"103.040\"}","timestamp":"2024-11-02T08:57:59.082Z"}
{"level":"\u001b[32minfo\u001b[39m","message":"{\"method\":\"GET\",\"url\":\"/video1-hls/playlist.m3u8\",\"status\":\"404\",\"responseTime\":\"0.900\"}","timestamp":"2024-11-02T08:57:59.839Z"}
{"level":"\u001b[32minfo\u001b[39m","message":"{\"method\":\"GET\",\"url\":\"/public/video1-hls/playlist.m3u8\",\"status\":\"404\",\"responseTime\":\"0.893\"}","timestamp":"2024-11-02T08:57:59.843Z"}
{"level":"\u001b[32minfo\u001b[39m","message":"{\"method\":\"GET\",\"url\":\"/video/6722d37fbde9990ac0c33a1d/hls\",\"status\":\"304\",\"responseTime\":\"56.269\"}","timestamp":"2024-11-02T08:58:09.943Z"}
{"level":"\u001b[32minfo\u001b[39m","message":"{\"method\":\"GET\",\"url\":\"/video1-hls/playlist.m3u8\",\"status\":\"404\",\"responseTime\":\"0.949\"}","timestamp":"2024-11-02T08:58:09.975Z"}
{"level":"\u001b[32minfo\u001b[39m","message":"{\"method\":\"GET\",\"url\":\"/video/6722d37fbde9990ac0c33a1d/hls\",\"status\":\"304\",\"responseTime\":\"57.905\"}","timestamp":"2024-11-02T08:59:01.411Z"}
{"level":"\u001b[32minfo\u001b[39m","message":"{\"method\":\"GET\",\"url\":\"/video1-hls/playlist.m3u8\",\"status\":\"404\",\"responseTime\":\"2.201\"}","timestamp":"2024-11-02T08:59:01.432Z"}
{"level":"\u001b[32minfo\u001b[39m","message":"{\"method\":\"GET\",\"url\":\"/video1-hls/playlist.m3u8\",\"status\":\"404\",\"responseTime\":\"0.640\"}","timestamp":"2024-11-02T08:59:37.508Z"}
{"level":"\u001b[32minfo\u001b[39m","message":"{\"method\":\"GET\",\"url\":\"/video/6722d37fbde9990ac0c33a1d/hls\",\"status\":\"304\",\"responseTime\":\"63.552\"}","timestamp":"2024-11-02T08:59:37.514Z"}
{"level":"\u001b[32minfo\u001b[39m","message":"{\"method\":\"GET\",\"url\":\"/video1-hls/playlist.m3u8\",\"status\":\"404\",\"responseTime\":\"0.862\"}","timestamp":"2024-11-02T08:59:43.744Z"}
{"level":"\u001b[32minfo\u001b[39m","message":"{\"method\":\"GET\",\"url\":\"/video/6722d37fbde9990ac0c33a1d/hls\",\"status\":\"304\",\"responseTime\":\"54.427\"}","timestamp":"2024-11-02T08:59:43.801Z"}
{"level":"\u001b[32minfo\u001b[39m","message":"{\"method\":\"GET\",\"url\":\"/public/video1-hls/playlist.m3u8\",\"status\":\"404\",\"responseTime\":\"0.617\"}","timestamp":"2024-11-02T08:59:43.876Z"}
{"level":"\u001b[32minfo\u001b[39m","message":"{\"method\":\"GET\",\"url\":\"/video1-hls/playlist.m3u8\",\"status\":\"404\",\"responseTime\":\"1.090\"}","timestamp":"2024-11-02T09:00:10.467Z"}
{"level":"\u001b[32minfo\u001b[39m","message":"{\"method\":\"GET\",\"url\":\"/video/6722d37fbde9990ac0c33a1d/hls\",\"status\":\"304\",\"responseTime\":\"65.632\"}","timestamp":"2024-11-02T09:00:10.510Z"}
{"level":"\u001b[32minfo\u001b[39m","message":"{\"method\":\"GET\",\"url\":\"/public/video1-hls/playlist.m3u8\",\"status\":\"404\",\"responseTime\":\"2.403\"}","timestamp":"2024-11-02T09:00:10.539Z"}
{"level":"\u001b[32minfo\u001b[39m","message":"{\"method\":\"GET\",\"url\":\"/video/6722d37fbde9990ac0c33a1d/hls\",\"status\":\"304\",\"responseTime\":\"56.551\"}","timestamp":"2024-11-02T09:00:22.273Z"}
{"level":"\u001b[32minfo\u001b[39m","message":"{\"method\":\"GET\",\"url\":\"/video1-hls/playlist.m3u8\",\"status\":\"404\",\"responseTime\":\"0.860\"}","timestamp":"2024-11-02T09:00:22.293Z"}
{"level":"\u001b[32minfo\u001b[39m","message":"{\"method\":\"GET\",\"url\":\"/video1-hls/playlist.m3u8\",\"status\":\"404\",\"responseTime\":\"1.103\"}","timestamp":"2024-11-02T09:00:22.367Z"}
{"level":"\u001b[32minfo\u001b[39m","message":"{\"method\":\"GET\",\"url\":\"/video/6722d37fbde9990ac0c33a1d/hls\",\"status\":\"304\",\"responseTime\":\"64.190\"}","timestamp":"2024-11-02T09:01:20.013Z"}
{"level":"\u001b[32minfo\u001b[39m","message":"{\"method\":\"GET\",\"url\":\"/video1-hls/playlist.m3u8\",\"status\":\"404\",\"responseTime\":\"1.210\"}","timestamp":"2024-11-02T09:01:20.019Z"}
{"level":"\u001b[32minfo\u001b[39m","message":"{\"method\":\"GET\",\"url\":\"/video/6722d37fbde9990ac0c33a1d/hls\",\"status\":\"304\",\"responseTime\":\"705.521\"}","timestamp":"2024-11-02T09:02:10.311Z"}
{"level":"\u001b[32minfo\u001b[39m","message":"{\"method\":\"GET\",\"url\":\"/video1-hls/playlist.m3u8\",\"status\":\"404\",\"responseTime\":\"2.440\"}","timestamp":"2024-11-02T09:02:10.334Z"}
{"level":"\u001b[32minfo\u001b[39m","message":"{\"method\":\"GET\",\"url\":\"/video/6722d37fbde9990ac0c33a1d/hls\",\"status\":\"304\",\"responseTime\":\"61.934\"}","timestamp":"2024-11-02T09:02:12.006Z"}
{"level":"\u001b[32minfo\u001b[39m","message":"{\"method\":\"GET\",\"url\":\"/video1-hls/playlist.m3u8\",\"status\":\"404\",\"responseTime\":\"1.065\"}","timestamp":"2024-11-02T09:02:12.027Z"}
{"level":"\u001b[32minfo\u001b[39m","message":"{\"method\":\"GET\",\"url\":\"/video/6722d37fbde9990ac0c33a1d/hls\",\"status\":\"304\",\"responseTime\":\"59.016\"}","timestamp":"2024-11-02T09:03:12.931Z"}
{"level":"\u001b[32minfo\u001b[39m","message":"{\"method\":\"GET\",\"url\":\"/video1-hls/playlist.m3u8\",\"status\":\"404\",\"responseTime\":\"2.227\"}","timestamp":"2024-11-02T09:03:12.956Z"}
{"level":"\u001b[32minfo\u001b[39m","message":"{\"method\":\"GET\",\"url\":\"/public/video1-hls/playlist.m3u8\",\"status\":\"404\",\"responseTime\":\"1.282\"}","timestamp":"2024-11-02T09:03:13.015Z"}
{"level":"\u001b[32minfo\u001b[39m","message":"{\"method\":\"GET\",\"url\":\"/videos\",\"status\":\"304\",\"responseTime\":\"77.745\"}","timestamp":"2024-11-02T09:03:26.130Z"}
{"level":"\u001b[32minfo\u001b[39m","message":"{\"method\":\"GET\",\"url\":\"/video1-hls/playlist.m3u8\",\"status\":\"404\",\"responseTime\":\"0.945\"}","timestamp":"2024-11-02T09:03:28.453Z"}
{"level":"\u001b[32minfo\u001b[39m","message":"{\"method\":\"GET\",\"url\":\"/video/67230eb61323c447f751ff67/hls\",\"status\":\"200\",\"responseTime\":\"95.404\"}","timestamp":"2024-11-02T09:03:28.555Z"}
{"level":"\u001b[32minfo\u001b[39m","message":"{\"method\":\"GET\",\"url\":\"/videos\",\"status\":\"304\",\"responseTime\":\"169.457\"}","timestamp":"2024-11-02T09:03:43.336Z"}
{"level":"\u001b[32minfo\u001b[39m","message":"{\"method\":\"GET\",\"url\":\"/video1-hls/playlist.m3u8\",\"status\":\"404\",\"responseTime\":\"1.291\"}","timestamp":"2024-11-02T09:03:44.987Z"}
{"level":"\u001b[32minfo\u001b[39m","message":"{\"method\":\"GET\",\"url\":\"/video/6722d37fbde9990ac0c33a1d/hls\",\"status\":\"304\",\"responseTime\":\"143.262\"}","timestamp":"2024-11-02T09:03:45.134Z"}
{"level":"\u001b[32minfo\u001b[39m","message":"{\"method\":\"GET\",\"url\":\"/video/6722d37fbde9990ac0c33a1d/hls\",\"status\":\"304\",\"responseTime\":\"52.904\"}","timestamp":"2024-11-02T09:03:57.021Z"}
{"level":"\u001b[32minfo\u001b[39m","message":"{\"method\":\"GET\",\"url\":\"/video1-hls/playlist.m3u8\",\"status\":\"404\",\"responseTime\":\"0.733\"}","timestamp":"2024-11-02T09:03:57.050Z"}
{"level":"\u001b[32minfo\u001b[39m","message":"{\"method\":\"GET\",\"url\":\"/public/video1-hls/playlist.m3u8\",\"status\":\"404\",\"responseTime\":\"1.455\"}","timestamp":"2024-11-02T09:03:57.118Z"}
{"level":"\u001b[32minfo\u001b[39m","message":"{\"method\":\"GET\",\"url\":\"/video/6722d37fbde9990ac0c33a1d/hls\",\"status\":\"304\",\"responseTime\":\"75.214\"}","timestamp":"2024-11-02T09:07:17.047Z"}
{"level":"\u001b[32minfo\u001b[39m","message":"{\"method\":\"GET\",\"url\":\"/video1-hls/playlist.m3u8\",\"status\":\"404\",\"responseTime\":\"1.791\"}","timestamp":"2024-11-02T09:07:17.380Z"}
{"level":"\u001b[32minfo\u001b[39m","message":"{\"method\":\"GET\",\"url\":\"/video/6722d37fbde9990ac0c33a1d/hls\",\"status\":\"304\",\"responseTime\":\"69.966\"}","timestamp":"2024-11-02T09:07:33.630Z"}
{"level":"\u001b[32minfo\u001b[39m","message":"{\"method\":\"GET\",\"url\":\"/video1-hls/playlist.m3u8\",\"status\":\"404\",\"responseTime\":\"0.983\"}","timestamp":"2024-11-02T09:07:33.899Z"}
{"level":"\u001b[32minfo\u001b[39m","message":"{\"method\":\"GET\",\"url\":\"/video/6722d37fbde9990ac0c33a1d/hls\",\"status\":\"304\",\"responseTime\":\"374.887\"}","timestamp":"2024-11-02T09:07:37.980Z"}
{"level":"\u001b[32minfo\u001b[39m","message":"{\"method\":\"GET\",\"url\":\"/video1-hls/playlist.m3u8\",\"status\":\"404\",\"responseTime\":\"1.397\"}","timestamp":"2024-11-02T09:07:38.387Z"}
{"level":"\u001b[32minfo\u001b[39m","message":"{\"method\":\"GET\",\"url\":\"/video1-hls/playlist.m3u8\",\"status\":\"404\",\"responseTime\":\"1.046\"}","timestamp":"2024-11-02T09:07:46.371Z"}
{"level":"\u001b[32minfo\u001b[39m","message":"{\"method\":\"GET\",\"url\":\"/video/6722d37fbde9990ac0c33a1d/hls\",\"status\":\"304\",\"responseTime\":\"63.958\"}","timestamp":"2024-11-02T09:07:46.412Z"}
{"level":"\u001b[32minfo\u001b[39m","message":"{\"method\":\"GET\",\"url\":\"/video/6722d37fbde9990ac0c33a1d/hls\",\"status\":\"304\",\"responseTime\":\"126.996\"}","timestamp":"2024-11-02T09:07:53.890Z"}
{"level":"\u001b[32minfo\u001b[39m","message":"{\"method\":\"GET\",\"url\":\"/video1-hls/playlist.m3u8\",\"status\":\"404\",\"responseTime\":\"1.693\"}","timestamp":"2024-11-02T09:07:53.915Z"}
{"level":"\u001b[32minfo\u001b[39m","message":"{\"method\":\"GET\",\"url\":\"/video1-hls/playlist.m3u8\",\"status\":\"404\",\"responseTime\":\"1.030\"}","timestamp":"2024-11-02T09:08:13.536Z"}
{"level":"\u001b[32minfo\u001b[39m","message":"{\"method\":\"GET\",\"url\":\"/video/6722d37fbde9990ac0c33a1d/hls\",\"status\":\"304\",\"responseTime\":\"675.757\"}","timestamp":"2024-11-02T09:08:14.224Z"}
{"level":"\u001b[32minfo\u001b[39m","message":"{\"method\":\"GET\",\"url\":\"/video/6722d37fbde9990ac0c33a1d/hls\",\"status\":\"304\",\"responseTime\":\"60.773\"}","timestamp":"2024-11-02T09:08:15.682Z"}
{"level":"\u001b[32minfo\u001b[39m","message":"{\"method\":\"GET\",\"url\":\"/video1-hls/playlist.m3u8\",\"status\":\"404\",\"responseTime\":\"3.628\"}","timestamp":"2024-11-02T09:08:15.744Z"}
{"level":"\u001b[32minfo\u001b[39m","message":"{\"method\":\"GET\",\"url\":\"/public/video1-hls/playlist.m3u8\",\"status\":\"404\",\"responseTime\":\"1.017\"}","timestamp":"2024-11-02T09:08:15.825Z"}
{"level":"\u001b[32minfo\u001b[39m","message":"{\"method\":\"GET\",\"url\":\"/video/6722d37fbde9990ac0c33a1d/hls\",\"status\":\"304\",\"responseTime\":\"97.977\"}","timestamp":"2024-11-02T09:10:30.947Z"}
{"level":"\u001b[32minfo\u001b[39m","message":"{\"method\":\"GET\",\"url\":\"/video1-hls/playlist.m3u8\",\"status\":\"404\",\"responseTime\":\"5.202\"}","timestamp":"2024-11-02T09:10:30.979Z"}
{"level":"\u001b[32minfo\u001b[39m","message":"{\"method\":\"GET\",\"url\":\"/public/video1-hls/playlist.m3u8\",\"status\":\"404\",\"responseTime\":\"8.915\"}","timestamp":"2024-11-02T09:10:31.041Z"}
{"level":"\u001b[32minfo\u001b[39m","message":"{\"method\":\"GET\",\"url\":\"/video1-hls/playlist.m3u8\",\"status\":\"404\",\"responseTime\":\"5.317\"}","timestamp":"2024-11-02T09:12:14.039Z"}
{"level":"\u001b[32minfo\u001b[39m","message":"{\"method\":\"GET\",\"url\":\"/video/6722d37fbde9990ac0c33a1d/hls\",\"status\":\"304\",\"responseTime\":\"446.106\"}","timestamp":"2024-11-02T09:12:14.438Z"}
{"level":"\u001b[32minfo\u001b[39m","message":"{\"method\":\"GET\",\"url\":\"/video1-hls/playlist.m3u8\",\"status\":\"404\",\"responseTime\":\"1.058\"}","timestamp":"2024-11-02T09:12:27.923Z"}
{"level":"\u001b[32minfo\u001b[39m","message":"{\"method\":\"GET\",\"url\":\"/video/6722d37fbde9990ac0c33a1d/hls\",\"status\":\"304\",\"responseTime\":\"208.695\"}","timestamp":"2024-11-02T09:12:28.015Z"}
{"level":"\u001b[32minfo\u001b[39m","message":"{\"method\":\"GET\",\"url\":\"/public/video1-hls/playlist.m3u8\",\"status\":\"404\",\"responseTime\":\"16.215\"}","timestamp":"2024-11-02T09:12:28.019Z"}
{"level":"\u001b[32minfo\u001b[39m","message":"{\"method\":\"GET\",\"url\":\"/video/6722d37fbde9990ac0c33a1d/hls\",\"status\":\"304\",\"responseTime\":\"342.410\"}","timestamp":"2024-11-02T09:12:35.056Z"}
{"level":"\u001b[32minfo\u001b[39m","message":"{\"method\":\"GET\",\"url\":\"/video1-hls/playlist.m3u8\",\"status\":\"404\",\"responseTime\":\"0.848\"}","timestamp":"2024-11-02T09:12:35.066Z"}
{"level":"\u001b[32minfo\u001b[39m","message":"{\"method\":\"GET\",\"url\":\"/public/video1-hls/playlist.m3u8\",\"status\":\"404\",\"responseTime\":\"1.988\"}","timestamp":"2024-11-02T09:12:35.071Z"}
{"level":"\u001b[32minfo\u001b[39m","message":"{\"method\":\"GET\",\"url\":\"/videos\",\"status\":\"304\",\"responseTime\":\"165.792\"}","timestamp":"2024-11-02T09:14:10.062Z"}
{"level":"\u001b[32minfo\u001b[39m","message":"{\"method\":\"GET\",\"url\":\"/video1-hls/playlist.m3u8\",\"status\":\"404\",\"responseTime\":\"6.520\"}","timestamp":"2024-11-02T09:14:12.362Z"}
{"level":"\u001b[32minfo\u001b[39m","message":"{\"method\":\"GET\",\"url\":\"/video/6722d37fbde9990ac0c33a1d/hls\",\"status\":\"304\",\"responseTime\":\"128.480\"}","timestamp":"2024-11-02T09:14:12.498Z"}
{"level":"\u001b[32minfo\u001b[39m","message":"{\"method\":\"GET\",\"url\":\"/video/6722d37fbde9990ac0c33a1d/hls\",\"status\":\"304\",\"responseTime\":\"71.477\"}","timestamp":"2024-11-02T09:14:21.063Z"}
{"level":"\u001b[32minfo\u001b[39m","message":"{\"method\":\"GET\",\"url\":\"/video1-hls/playlist.m3u8\",\"status\":\"404\",\"responseTime\":\"1.570\"}","timestamp":"2024-11-02T09:14:21.115Z"}
{"level":"\u001b[32minfo\u001b[39m","message":"{\"method\":\"GET\",\"url\":\"/public/video1-hls/playlist.m3u8\",\"status\":\"404\",\"responseTime\":\"6.953\"}","timestamp":"2024-11-02T09:14:21.227Z"}
{"level":"\u001b[32minfo\u001b[39m","message":"{\"method\":\"GET\",\"url\":\"/videos\",\"status\":\"304\",\"responseTime\":\"111.057\"}","timestamp":"2024-11-02T09:14:32.594Z"}
{"level":"\u001b[32minfo\u001b[39m","message":"{\"method\":\"GET\",\"url\":\"/video1-hls/playlist.m3u8\",\"status\":\"404\",\"responseTime\":\"0.738\"}","timestamp":"2024-11-02T09:14:35.975Z"}
{"level":"\u001b[32minfo\u001b[39m","message":"{\"method\":\"GET\",\"url\":\"/video/6722d37fbde9990ac0c33a1d/hls\",\"status\":\"304\",\"responseTime\":\"131.128\"}","timestamp":"2024-11-02T09:14:36.114Z"}
{"level":"\u001b[32minfo\u001b[39m","message":"{\"method\":\"GET\",\"url\":\"/video/6722d37fbde9990ac0c33a1d/hls\",\"status\":\"304\",\"responseTime\":\"75.192\"}","timestamp":"2024-11-02T09:14:41.302Z"}
{"level":"\u001b[32minfo\u001b[39m","message":"{\"method\":\"GET\",\"url\":\"/video1-hls/playlist.m3u8\",\"status\":\"404\",\"responseTime\":\"0.425\"}","timestamp":"2024-11-02T09:14:41.376Z"}
{"level":"\u001b[32minfo\u001b[39m","message":"{\"method\":\"GET\",\"url\":\"/public/video1-hls/playlist.m3u8\",\"status\":\"404\",\"responseTime\":\"1.132\"}","timestamp":"2024-11-02T09:14:41.476Z"}
{"level":"\u001b[32minfo\u001b[39m","message":"{\"method\":\"GET\",\"url\":\"/videos\",\"status\":\"200\",\"responseTime\":\"102.265\"}","timestamp":"2024-11-02T09:15:09.064Z"}
{"level":"\u001b[32minfo\u001b[39m","message":"{\"method\":\"GET\",\"url\":\"/video1-hls/playlist.m3u8\",\"status\":\"404\",\"responseTime\":\"4.268\"}","timestamp":"2024-11-02T09:15:11.794Z"}
{"level":"\u001b[32minfo\u001b[39m","message":"{\"method\":\"GET\",\"url\":\"/video/6722d37fbde9990ac0c33a1d/hls\",\"status\":\"304\",\"responseTime\":\"193.159\"}","timestamp":"2024-11-02T09:15:11.993Z"}
{"level":"\u001b[32minfo\u001b[39m","message":"{\"method\":\"GET\",\"url\":\"/video/6722d37fbde9990ac0c33a1d/hls\",\"status\":\"304\",\"responseTime\":\"327.692\"}","timestamp":"2024-11-02T09:50:21.173Z"}
{"level":"\u001b[32minfo\u001b[39m","message":"{\"method\":\"GET\",\"url\":\"/video1-hls/playlist.m3u8\",\"status\":\"404\",\"responseTime\":\"10.189\"}","timestamp":"2024-11-02T09:50:21.263Z"}
{"level":"\u001b[32minfo\u001b[39m","message":"{\"method\":\"GET\",\"url\":\"/public/video1-hls/playlist.m3u8\",\"status\":\"404\",\"responseTime\":\"8.872\"}","timestamp":"2024-11-02T09:50:21.488Z"}
{"level":"\u001b[32minfo\u001b[39m","message":"{\"method\":\"GET\",\"url\":\"/videos\",\"status\":\"304\",\"responseTime\":\"265.519\"}","timestamp":"2024-11-02T09:50:46.737Z"}
{"level":"\u001b[32minfo\u001b[39m","message":"{\"method\":\"GET\",\"url\":\"/videos\",\"status\":\"304\",\"responseTime\":\"152.264\"}","timestamp":"2024-11-02T09:50:49.720Z"}
{"level":"\u001b[32minfo\u001b[39m","message":"{\"method\":\"GET\",\"url\":\"/videos\",\"status\":\"304\",\"responseTime\":\"247.556\"}","timestamp":"2024-11-02T09:56:07.226Z"}
{"level":"\u001b[32minfo\u001b[39m","message":"{\"method\":\"GET\",\"url\":\"/videos\",\"status\":\"200\",\"responseTime\":\"310.346\"}","timestamp":"2024-11-02T09:57:05.881Z"}
{"level":"\u001b[32minfo\u001b[39m","message":"{\"method\":\"GET\",\"url\":\"/video1-hls/playlist.m3u8\",\"status\":\"404\",\"responseTime\":\"4.949\"}","timestamp":"2024-11-02T09:57:07.872Z"}
{"level":"\u001b[32minfo\u001b[39m","message":"{\"method\":\"GET\",\"url\":\"/video/6722d37fbde9990ac0c33a1d/hls\",\"status\":\"200\",\"responseTime\":\"106.952\"}","timestamp":"2024-11-02T09:57:07.985Z"}
{"level":"\u001b[32minfo\u001b[39m","message":"{\"method\":\"GET\",\"url\":\"/video/6722d37fbde9990ac0c33a1d/hls\",\"status\":\"304\",\"responseTime\":\"78.523\"}","timestamp":"2024-11-02T09:57:13.846Z"}
{"level":"\u001b[32minfo\u001b[39m","message":"{\"method\":\"GET\",\"url\":\"/video1-hls/playlist.m3u8\",\"status\":\"404\",\"responseTime\":\"1.879\"}","timestamp":"2024-11-02T09:57:13.902Z"}
{"level":"\u001b[32minfo\u001b[39m","message":"{\"method\":\"GET\",\"url\":\"/public/video1-hls/playlist.m3u8\",\"status\":\"404\",\"responseTime\":\"2.862\"}","timestamp":"2024-11-02T09:57:14.026Z"}
{"level":"\u001b[32minfo\u001b[39m","message":"{\"method\":\"GET\",\"url\":\"/videos\",\"status\":\"304\",\"responseTime\":\"765.850\"}","timestamp":"2024-11-02T10:37:22.664Z"}
{"level":"\u001b[32minfo\u001b[39m","message":"{\"method\":\"GET\",\"url\":\"/video1-hls/playlist.m3u8\",\"status\":\"404\",\"responseTime\":\"0.675\"}","timestamp":"2024-11-02T10:37:24.258Z"}
{"level":"\u001b[32minfo\u001b[39m","message":"{\"method\":\"GET\",\"url\":\"/video/6722d37fbde9990ac0c33a1d/hls\",\"status\":\"304\",\"responseTime\":\"59.661\"}","timestamp":"2024-11-02T10:37:24.322Z"}
{"level":"\u001b[32minfo\u001b[39m","message":"{\"method\":\"GET\",\"url\":\"/video1-hls/playlist.m3u8\",\"status\":\"404\",\"responseTime\":\"2.258\"}","timestamp":"2024-11-02T10:37:28.057Z"}
{"level":"\u001b[32minfo\u001b[39m","message":"{\"method\":\"GET\",\"url\":\"/video/6722d37fbde9990ac0c33a1d/hls\",\"status\":\"304\",\"responseTime\":\"57.128\"}","timestamp":"2024-11-02T10:37:28.117Z"}
{"level":"\u001b[32minfo\u001b[39m","message":"{\"method\":\"GET\",\"url\":\"/public/video1-hls/playlist.m3u8\",\"status\":\"404\",\"responseTime\":\"0.891\"}","timestamp":"2024-11-02T10:37:28.227Z"}
{"level":"\u001b[32minfo\u001b[39m","message":"{\"method\":\"GET\",\"url\":\"/video1-hls/playlist.m3u8\",\"status\":\"404\",\"responseTime\":\"0.706\"}","timestamp":"2024-11-02T10:41:02.579Z"}
{"level":"\u001b[32minfo\u001b[39m","message":"{\"method\":\"GET\",\"url\":\"/video/6722d37fbde9990ac0c33a1d/hls\",\"status\":\"304\",\"responseTime\":\"116.262\"}","timestamp":"2024-11-02T10:41:02.606Z"}
{"level":"\u001b[32minfo\u001b[39m","message":"{\"method\":\"GET\",\"url\":\"/public/video1-hls/playlist.m3u8\",\"status\":\"404\",\"responseTime\":\"1.148\"}","timestamp":"2024-11-02T10:41:02.720Z"}
{"level":"\u001b[32minfo\u001b[39m","message":"{\"method\":\"GET\",\"url\":\"/video/6722d37fbde9990ac0c33a1d/hls\",\"status\":\"304\",\"responseTime\":\"77.057\"}","timestamp":"2024-11-02T10:43:39.085Z"}
{"level":"\u001b[32minfo\u001b[39m","message":"{\"method\":\"GET\",\"url\":\"/video1-hls/playlist.m3u8\",\"status\":\"404\",\"responseTime\":\"0.996\"}","timestamp":"2024-11-02T10:43:39.484Z"}
{"level":"\u001b[32minfo\u001b[39m","message":"{\"method\":\"GET\",\"url\":\"/.public/video1-hls/playlist.m3u8\",\"status\":\"404\",\"responseTime\":\"1.576\"}","timestamp":"2024-11-02T10:43:39.576Z"}
{"level":"\u001b[32minfo\u001b[39m","message":"{\"method\":\"GET\",\"url\":\"/video/6722d37fbde9990ac0c33a1d/hls\",\"status\":\"304\",\"responseTime\":\"67.468\"}","timestamp":"2024-11-02T10:43:44.764Z"}
{"level":"\u001b[32minfo\u001b[39m","message":"{\"method\":\"GET\",\"url\":\"/video1-hls/playlist.m3u8\",\"status\":\"404\",\"responseTime\":\"0.649\"}","timestamp":"2024-11-02T10:43:44.838Z"}
{"level":"\u001b[32minfo\u001b[39m","message":"{\"method\":\"GET\",\"url\":\"/.public/video1-hls/playlist.m3u8\",\"status\":\"404\",\"responseTime\":\"0.862\"}","timestamp":"2024-11-02T10:43:44.939Z"}
{"level":"\u001b[32minfo\u001b[39m","message":"{\"method\":\"GET\",\"url\":\"/video/6722d37fbde9990ac0c33a1d/hls\",\"status\":\"304\",\"responseTime\":\"94.966\"}","timestamp":"2024-11-02T10:58:04.234Z"}
{"level":"\u001b[32minfo\u001b[39m","message":"{\"method\":\"GET\",\"url\":\"/video1-hls/playlist.m3u8\",\"status\":\"404\",\"responseTime\":\"6.137\"}","timestamp":"2024-11-02T10:58:04.278Z"}
{"level":"\u001b[32minfo\u001b[39m","message":"{\"method\":\"GET\",\"url\":\"/.public/video1-hls/playlist.m3u8\",\"status\":\"404\",\"responseTime\":\"1.516\"}","timestamp":"2024-11-02T10:58:04.853Z"}
{"level":"\u001b[32minfo\u001b[39m","message":"{\"method\":\"GET\",\"url\":\"/video1-hls/playlist.m3u8\",\"status\":\"404\",\"responseTime\":\"0.659\"}","timestamp":"2024-11-02T11:12:48.721Z"}
{"level":"\u001b[32minfo\u001b[39m","message":"{\"method\":\"GET\",\"url\":\"/public/video1-hls/playlist.m3u8\",\"status\":\"404\",\"responseTime\":\"4.840\"}","timestamp":"2024-11-02T11:12:48.984Z"}
{"level":"\u001b[32minfo\u001b[39m","message":"{\"method\":\"GET\",\"url\":\"/video/6722d37fbde9990ac0c33a1d/hls\",\"status\":\"-\",\"responseTime\":\"-\"}","timestamp":"2024-11-02T11:12:51.390Z"}
{"level":"\u001b[32minfo\u001b[39m","message":"{\"method\":\"GET\",\"url\":\"/video1-hls/playlist.m3u8\",\"status\":\"404\",\"responseTime\":\"0.628\"}","timestamp":"2024-11-02T11:12:52.549Z"}
{"level":"\u001b[32minfo\u001b[39m","message":"{\"method\":\"GET\",\"url\":\"/public/video1-hls/playlist.m3u8\",\"status\":\"404\",\"responseTime\":\"4.639\"}","timestamp":"2024-11-02T11:12:52.669Z"}
{"level":"\u001b[32minfo\u001b[39m","message":"{\"method\":\"GET\",\"url\":\"/video/6722d37fbde9990ac0c33a1d/hls\",\"status\":\"200\",\"responseTime\":\"5749.641\"}","timestamp":"2024-11-02T11:12:58.186Z"}
{"level":"\u001b[32minfo\u001b[39m","message":"{\"method\":\"GET\",\"url\":\"/videos\",\"status\":\"304\",\"responseTime\":\"204.434\"}","timestamp":"2024-11-02T11:14:10.392Z"}
{"level":"\u001b[32minfo\u001b[39m","message":"{\"method\":\"GET\",\"url\":\"/video1-hls/playlist.m3u8\",\"status\":\"404\",\"responseTime\":\"5.318\"}","timestamp":"2024-11-02T11:14:16.905Z"}
{"level":"\u001b[32minfo\u001b[39m","message":"{\"method\":\"GET\",\"url\":\"/video/6722d37fbde9990ac0c33a1d/hls\",\"status\":\"200\",\"responseTime\":\"635.756\"}","timestamp":"2024-11-02T11:14:17.549Z"}
{"level":"\u001b[32minfo\u001b[39m","message":"{\"method\":\"GET\",\"url\":\"/video1-hls/playlist.m3u8\",\"status\":\"404\",\"responseTime\":\"1.512\"}","timestamp":"2024-11-02T11:14:21.774Z"}
{"level":"\u001b[32minfo\u001b[39m","message":"{\"method\":\"GET\",\"url\":\"/public/video1-hls/playlist.m3u8\",\"status\":\"404\",\"responseTime\":\"3.970\"}","timestamp":"2024-11-02T11:14:21.894Z"}
{"level":"\u001b[32minfo\u001b[39m","message":"{\"method\":\"GET\",\"url\":\"/video/6722d37fbde9990ac0c33a1d/hls\",\"status\":\"304\",\"responseTime\":\"873.422\"}","timestamp":"2024-11-02T11:14:22.571Z"}
{"level":"\u001b[32minfo\u001b[39m","message":"{\"method\":\"GET\",\"url\":\"/videos\",\"status\":\"304\",\"responseTime\":\"428.926\"}","timestamp":"2024-11-02T11:15:26.278Z"}
{"level":"\u001b[32minfo\u001b[39m","message":"{\"method\":\"GET\",\"url\":\"/video1-hls/playlist.m3u8\",\"status\":\"404\",\"responseTime\":\"6.244\"}","timestamp":"2024-11-02T11:15:30.222Z"}
{"level":"\u001b[32minfo\u001b[39m","message":"{\"method\":\"GET\",\"url\":\"/video/6722d37fbde9990ac0c33a1d/hls\",\"status\":\"200\",\"responseTime\":\"152.992\"}","timestamp":"2024-11-02T11:15:30.328Z"}
{"level":"\u001b[32minfo\u001b[39m","message":"{\"method\":\"GET\",\"url\":\"/video1-hls/playlist.m3u8\",\"status\":\"404\",\"responseTime\":\"3.300\"}","timestamp":"2024-11-02T11:15:34.999Z"}
{"level":"\u001b[32minfo\u001b[39m","message":"{\"method\":\"GET\",\"url\":\"/video1-hls/playlist.m3u8\",\"status\":\"404\",\"responseTime\":\"1.335\"}","timestamp":"2024-11-02T11:15:35.110Z"}
{"level":"\u001b[32minfo\u001b[39m","message":"{\"method\":\"GET\",\"url\":\"/video/6722d37fbde9990ac0c33a1d/hls\",\"status\":\"304\",\"responseTime\":\"2088.108\"}","timestamp":"2024-11-02T11:15:36.973Z"}
{"level":"\u001b[32minfo\u001b[39m","message":"{\"method\":\"GET\",\"url\":\"/videos\",\"status\":\"304\",\"responseTime\":\"81.860\"}","timestamp":"2024-11-02T11:16:21.604Z"}
{"level":"\u001b[32minfo\u001b[39m","message":"{\"method\":\"GET\",\"url\":\"/hello\",\"status\":\"404\",\"responseTime\":\"3.215\"}","timestamp":"2024-11-02T11:16:31.791Z"}
{"level":"\u001b[32minfo\u001b[39m","message":"{\"method\":\"GET\",\"url\":\"/hello\",\"status\":\"404\",\"responseTime\":\"5.969\"}","timestamp":"2024-11-02T11:17:02.390Z"}
{"level":"\u001b[32minfo\u001b[39m","message":"{\"method\":\"GET\",\"url\":\"/hello\",\"status\":\"404\",\"responseTime\":\"6.621\"}","timestamp":"2024-11-02T11:17:07.301Z"}
{"level":"\u001b[32minfo\u001b[39m","message":"{\"method\":\"GET\",\"url\":\"/hello\",\"status\":\"404\",\"responseTime\":\"3.560\"}","timestamp":"2024-11-02T11:17:07.784Z"}
{"level":"\u001b[32minfo\u001b[39m","message":"{\"method\":\"GET\",\"url\":\"/hello\",\"status\":\"404\",\"responseTime\":\"1.276\"}","timestamp":"2024-11-02T11:17:08.113Z"}
{"level":"\u001b[32minfo\u001b[39m","message":"{\"method\":\"GET\",\"url\":\"/hello.html\",\"status\":\"404\",\"responseTime\":\"0.839\"}","timestamp":"2024-11-02T11:17:36.903Z"}
{"level":"\u001b[32minfo\u001b[39m","message":"{\"method\":\"GET\",\"url\":\"/hello.html\",\"status\":\"404\",\"responseTime\":\"8.289\"}","timestamp":"2024-11-02T11:17:47.819Z"}
{"level":"\u001b[32minfo\u001b[39m","message":"{\"method\":\"GET\",\"url\":\"/favicon.ico\",\"status\":\"404\",\"responseTime\":\"4.173\"}","timestamp":"2024-11-02T11:21:13.230Z"}
{"level":"\u001b[32minfo\u001b[39m","message":"{\"method\":\"GET\",\"url\":\"/video/6722d37fbde9990ac0c33a1d/hls\",\"status\":\"304\",\"responseTime\":\"90.466\"}","timestamp":"2024-11-02T11:21:20.526Z"}
{"level":"\u001b[32minfo\u001b[39m","message":"{\"method\":\"GET\",\"url\":\"/videos\",\"status\":\"304\",\"responseTime\":\"125.146\"}","timestamp":"2024-11-02T11:21:34.145Z"}
{"level":"\u001b[32minfo\u001b[39m","message":"{\"method\":\"GET\",\"url\":\"/videos\",\"status\":\"304\",\"responseTime\":\"3131.547\"}","timestamp":"2024-11-02T11:21:39.727Z"}
{"level":"\u001b[32minfo\u001b[39m","message":"{\"method\":\"GET\",\"url\":\"/video/6722d37fbde9990ac0c33a1d/hls\",\"status\":\"304\",\"responseTime\":\"143.025\"}","timestamp":"2024-11-02T11:21:42.328Z"}
{"level":"\u001b[32minfo\u001b[39m","message":"{\"method\":\"GET\",\"url\":\"/video/6722d37fbde9990ac0c33a1d/hls\",\"status\":\"304\",\"responseTime\":\"100.122\"}","timestamp":"2024-11-02T11:21:49.671Z"}
{"level":"\u001b[32minfo\u001b[39m","message":"{\"method\":\"GET\",\"url\":\"/video/6722d37fbde9990ac0c33a1d/hls\",\"status\":\"304\",\"responseTime\":\"125.081\"}","timestamp":"2024-11-02T11:22:46.071Z"}
{"level":"\u001b[32minfo\u001b[39m","message":"{\"method\":\"GET\",\"url\":\"/video/6722d37fbde9990ac0c33a1d/hls\",\"status\":\"304\",\"responseTime\":\"1384.725\"}","timestamp":"2024-11-02T11:22:53.327Z"}
{"level":"\u001b[32minfo\u001b[39m","message":"{\"method\":\"GET\",\"url\":\"/video/6722d37fbde9990ac0c33a1d/hls\",\"status\":\"304\",\"responseTime\":\"3415.436\"}","timestamp":"2024-11-02T11:24:09.894Z"}
{"level":"\u001b[32minfo\u001b[39m","message":"{\"method\":\"GET\",\"url\":\"/video/6722d37fbde9990ac0c33a1d/hls\",\"status\":\"304\",\"responseTime\":\"64.868\"}","timestamp":"2024-11-02T11:26:07.499Z"}
{"level":"\u001b[32minfo\u001b[39m","message":"{\"method\":\"GET\",\"url\":\"/video/6722d37fbde9990ac0c33a1d/hls\",\"status\":\"304\",\"responseTime\":\"910.859\"}","timestamp":"2024-11-02T11:26:14.048Z"}
{"level":"\u001b[32minfo\u001b[39m","message":"{\"method\":\"GET\",\"url\":\"/videos\",\"status\":\"304\",\"responseTime\":\"240.384\"}","timestamp":"2024-11-02T11:28:27.806Z"}
{"level":"\u001b[32minfo\u001b[39m","message":"{\"method\":\"GET\",\"url\":\"/video/6722d37fbde9990ac0c33a1d/hls\",\"status\":\"200\",\"responseTime\":\"75.535\"}","timestamp":"2024-11-02T11:28:30.246Z"}
{"level":"\u001b[32minfo\u001b[39m","message":"{\"method\":\"GET\",\"url\":\"/video/6722d37fbde9990ac0c33a1d/hls\",\"status\":\"304\",\"responseTime\":\"60.628\"}","timestamp":"2024-11-02T11:28:34.996Z"}
{"level":"\u001b[32minfo\u001b[39m","message":"{\"method\":\"GET\",\"url\":\"/video/6722d37fbde9990ac0c33a1d/hls\",\"status\":\"304\",\"responseTime\":\"64.415\"}","timestamp":"2024-11-02T11:28:50.898Z"}
{"level":"\u001b[32minfo\u001b[39m","message":"{\"method\":\"GET\",\"url\":\"/video/6722d37fbde9990ac0c33a1d/hls\",\"status\":\"304\",\"responseTime\":\"81.240\"}","timestamp":"2024-11-02T11:29:09.385Z"}
{"level":"\u001b[32minfo\u001b[39m","message":"{\"method\":\"GET\",\"url\":\"/favicon.ico\",\"status\":\"404\",\"responseTime\":\"3.679\"}","timestamp":"2024-11-02T11:34:30.035Z"}
{"level":"\u001b[32minfo\u001b[39m","message":"{\"method\":\"GET\",\"url\":\"/videos\",\"status\":\"304\",\"responseTime\":\"228.042\"}","timestamp":"2024-11-02T11:36:52.355Z"}
{"level":"\u001b[32minfo\u001b[39m","message":"{\"method\":\"POST\",\"url\":\"/generate-video-presigned-url\",\"status\":\"200\",\"responseTime\":\"33.150\"}","timestamp":"2024-11-02T11:37:42.258Z"}
{"level":"\u001b[32minfo\u001b[39m","message":"{\"method\":\"POST\",\"url\":\"/save-video-data\",\"status\":\"401\",\"responseTime\":\"137.564\"}","timestamp":"2024-11-02T11:37:56.544Z"}
{"level":"\u001b[32minfo\u001b[39m","message":"{\"method\":\"GET\",\"url\":\"/videos\",\"status\":\"304\",\"responseTime\":\"401.198\"}","timestamp":"2024-11-02T11:38:18.353Z"}
{"level":"\u001b[32minfo\u001b[39m","message":"{\"method\":\"GET\",\"url\":\"/videos\",\"status\":\"304\",\"responseTime\":\"96.260\"}","timestamp":"2024-11-02T11:38:29.819Z"}
{"level":"\u001b[32minfo\u001b[39m","message":"{\"method\":\"GET\",\"url\":\"/videos\",\"status\":\"304\",\"responseTime\":\"276.945\"}","timestamp":"2024-11-02T11:39:16.493Z"}
{"level":"\u001b[32minfo\u001b[39m","message":"{\"method\":\"POST\",\"url\":\"/generate-video-presigned-url\",\"status\":\"200\",\"responseTime\":\"7.285\"}","timestamp":"2024-11-02T11:40:45.110Z"}
{"level":"\u001b[32minfo\u001b[39m","message":"{\"method\":\"POST\",\"url\":\"/save-video-data\",\"status\":\"200\",\"responseTime\":\"183.140\"}","timestamp":"2024-11-02T11:41:12.398Z"}
{"level":"\u001b[32minfo\u001b[39m","message":"{\"method\":\"GET\",\"url\":\"/videos\",\"status\":\"200\",\"responseTime\":\"341.054\"}","timestamp":"2024-11-02T11:41:12.775Z"}
{"level":"\u001b[32minfo\u001b[39m","message":"{\"method\":\"GET\",\"url\":\"/video/67260fd8f82ed8c4b7ecf704/hls\",\"status\":\"-\",\"responseTime\":\"-\"}","timestamp":"2024-11-02T11:41:50.788Z"}
{"level":"\u001b[32minfo\u001b[39m","message":"{\"method\":\"GET\",\"url\":\"/video/67260fd8f82ed8c4b7ecf704/hls\",\"status\":\"-\",\"responseTime\":\"-\"}","timestamp":"2024-11-02T11:42:48.276Z"}
{"level":"\u001b[32minfo\u001b[39m","message":"{\"method\":\"GET\",\"url\":\"/video/67260fd8f82ed8c4b7ecf704/hls\",\"status\":\"200\",\"responseTime\":\"1655.760\"}","timestamp":"2024-11-02T11:42:51.436Z"}
{"level":"\u001b[32minfo\u001b[39m","message":"{\"method\":\"GET\",\"url\":\"/video/67260fd8f82ed8c4b7ecf704/hls\",\"status\":\"304\",\"responseTime\":\"60.042\"}","timestamp":"2024-11-02T11:43:27.157Z"}
{"level":"\u001b[32minfo\u001b[39m","message":"{\"method\":\"GET\",\"url\":\"/video/67260fd8f82ed8c4b7ecf704/hls\",\"status\":\"304\",\"responseTime\":\"83.906\"}","timestamp":"2024-11-02T11:43:54.332Z"}
{"level":"\u001b[32minfo\u001b[39m","message":"{\"method\":\"GET\",\"url\":\"/video/67260fd8f82ed8c4b7ecf704/hls\",\"status\":\"304\",\"responseTime\":\"69.294\"}","timestamp":"2024-11-02T11:44:21.849Z"}
{"level":"\u001b[32minfo\u001b[39m","message":"{\"method\":\"GET\",\"url\":\"/video/67260fd8f82ed8c4b7ecf704/hls\",\"status\":\"304\",\"responseTime\":\"211.636\"}","timestamp":"2024-11-02T11:44:41.354Z"}
{"level":"\u001b[32minfo\u001b[39m","message":"{\"method\":\"GET\",\"url\":\"/video/67260fd8f82ed8c4b7ecf704/hls\",\"status\":\"304\",\"responseTime\":\"268.377\"}","timestamp":"2024-11-02T11:44:51.252Z"}
{"level":"\u001b[32minfo\u001b[39m","message":"{\"method\":\"GET\",\"url\":\"/video/67260fd8f82ed8c4b7ecf704/hls\",\"status\":\"304\",\"responseTime\":\"84.097\"}","timestamp":"2024-11-02T11:44:55.750Z"}
{"level":"\u001b[32minfo\u001b[39m","message":"{\"method\":\"GET\",\"url\":\"/video/67260fd8f82ed8c4b7ecf704/hls\",\"status\":\"304\",\"responseTime\":\"97.970\"}","timestamp":"2024-11-02T11:44:58.663Z"}
{"level":"\u001b[32minfo\u001b[39m","message":"{\"method\":\"GET\",\"url\":\"/video/67260fd8f82ed8c4b7ecf704/hls\",\"status\":\"304\",\"responseTime\":\"64.231\"}","timestamp":"2024-11-02T11:45:26.330Z"}
{"level":"\u001b[32minfo\u001b[39m","message":"{\"method\":\"GET\",\"url\":\"/Fejo%20-%20Dorothy%20ft%20Farzi%20_%20Malayalam%20Rap%20%5BOfficial%20Lyric%20Video%5D-hls/playlist.m3u8\",\"status\":\"404\",\"responseTime\":\"2.075\"}","timestamp":"2024-11-02T11:45:26.417Z"}
{"level":"\u001b[32minfo\u001b[39m","message":"{\"method\":\"GET\",\"url\":\"/Fejo%20-%20Dorothy%20ft%20Farzi%20_%20Malayalam%20Rap%20%5BOfficial%20Lyric%20Video%5D-hls/playlist.m3u8\",\"status\":\"404\",\"responseTime\":\"0.494\"}","timestamp":"2024-11-02T11:45:35.297Z"}
{"level":"\u001b[32minfo\u001b[39m","message":"{\"method\":\"GET\",\"url\":\"/video/67260fd8f82ed8c4b7ecf704/hls\",\"status\":\"304\",\"responseTime\":\"298.423\"}","timestamp":"2024-11-02T11:45:35.372Z"}
{"level":"\u001b[32minfo\u001b[39m","message":"{\"method\":\"GET\",\"url\":\"/videos\",\"status\":\"304\",\"responseTime\":\"106.744\"}","timestamp":"2024-11-02T11:45:49.102Z"}
{"level":"\u001b[32minfo\u001b[39m","message":"{\"method\":\"GET\",\"url\":\"/video/67260fd8f82ed8c4b7ecf704/hls\",\"status\":\"304\",\"responseTime\":\"72.582\"}","timestamp":"2024-11-02T11:45:53.788Z"}
{"level":"\u001b[32minfo\u001b[39m","message":"{\"method\":\"GET\",\"url\":\"/video/67260fd8f82ed8c4b7ecf704/hls\",\"status\":\"304\",\"responseTime\":\"87.787\"}","timestamp":"2024-11-02T11:46:02.007Z"}
{"level":"\u001b[32minfo\u001b[39m","message":"{\"method\":\"GET\",\"url\":\"/Fejo%20-%20Dorothy%20ft%20Farzi%20_%20Malayalam%20Rap%20%5BOfficial%20Lyric%20Video%5D-hls/playlist.m3u8\",\"status\":\"404\",\"responseTime\":\"0.803\"}","timestamp":"2024-11-02T11:46:02.140Z"}
{"level":"\u001b[32minfo\u001b[39m","message":"{\"method\":\"GET\",\"url\":\"/video/67260fd8f82ed8c4b7ecf704/hls\",\"status\":\"304\",\"responseTime\":\"243.744\"}","timestamp":"2024-11-02T11:46:34.438Z"}
{"level":"\u001b[32minfo\u001b[39m","message":"{\"method\":\"GET\",\"url\":\"/video/67260fd8f82ed8c4b7ecf704/hls\",\"status\":\"304\",\"responseTime\":\"107.598\"}","timestamp":"2024-11-02T11:46:44.592Z"}
{"level":"\u001b[32minfo\u001b[39m","message":"{\"method\":\"GET\",\"url\":\"/videos\",\"status\":\"304\",\"responseTime\":\"166.887\"}","timestamp":"2024-11-02T11:46:47.892Z"}
{"level":"\u001b[32minfo\u001b[39m","message":"{\"method\":\"GET\",\"url\":\"/videos\",\"status\":\"304\",\"responseTime\":\"160.386\"}","timestamp":"2024-11-02T11:46:54.764Z"}
{"level":"\u001b[32minfo\u001b[39m","message":"{\"method\":\"GET\",\"url\":\"/videos\",\"status\":\"304\",\"responseTime\":\"184.001\"}","timestamp":"2024-11-02T11:46:57.669Z"}
{"level":"\u001b[32minfo\u001b[39m","message":"{\"method\":\"GET\",\"url\":\"/videos\",\"status\":\"304\",\"responseTime\":\"148.729\"}","timestamp":"2024-11-02T11:46:59.949Z"}
{"level":"\u001b[32minfo\u001b[39m","message":"{\"method\":\"GET\",\"url\":\"/videos\",\"status\":\"304\",\"responseTime\":\"142.213\"}","timestamp":"2024-11-02T11:47:04.294Z"}
{"level":"\u001b[32minfo\u001b[39m","message":"{\"method\":\"GET\",\"url\":\"/videos\",\"status\":\"304\",\"responseTime\":\"343.639\"}","timestamp":"2024-11-02T11:47:09.254Z"}
{"level":"\u001b[32minfo\u001b[39m","message":"{\"method\":\"GET\",\"url\":\"/videos\",\"status\":\"304\",\"responseTime\":\"81.373\"}","timestamp":"2024-11-02T11:47:13.359Z"}
{"level":"\u001b[32minfo\u001b[39m","message":"{\"method\":\"GET\",\"url\":\"/video/6722d37fbde9990ac0c33a1d/hls\",\"status\":\"304\",\"responseTime\":\"65.179\"}","timestamp":"2024-11-02T11:47:15.416Z"}
{"level":"\u001b[32minfo\u001b[39m","message":"{\"method\":\"GET\",\"url\":\"/video/6722d37fbde9990ac0c33a1d/hls\",\"status\":\"304\",\"responseTime\":\"1407.466\"}","timestamp":"2024-11-02T11:47:20.031Z"}
{"level":"\u001b[32minfo\u001b[39m","message":"{\"method\":\"GET\",\"url\":\"/video/6722d37fbde9990ac0c33a1d/hls\",\"status\":\"304\",\"responseTime\":\"994.452\"}","timestamp":"2024-11-02T11:47:36.313Z"}
{"level":"\u001b[32minfo\u001b[39m","message":"{\"method\":\"GET\",\"url\":\"/video/6722d37fbde9990ac0c33a1d/hls\",\"status\":\"304\",\"responseTime\":\"163.970\"}","timestamp":"2024-11-02T11:50:18.106Z"}
{"level":"\u001b[32minfo\u001b[39m","message":"{\"method\":\"GET\",\"url\":\"/video/6722d37fbde9990ac0c33a1d/hls\",\"status\":\"304\",\"responseTime\":\"79.159\"}","timestamp":"2024-11-02T11:50:27.296Z"}
