{"level":"\u001b[32minfo\u001b[39m","message":"{\"method\":\"GET\",\"url\":\"/videos\",\"status\":\"304\",\"responseTime\":\"1557.221\"}","timestamp":"2024-12-04T02:57:52.930Z"}
{"level":"\u001b[32minfo\u001b[39m","message":"{\"method\":\"GET\",\"url\":\"/likedvideos\",\"status\":\"200\",\"responseTime\":\"469.422\"}","timestamp":"2024-12-04T02:58:01.786Z"}
{"level":"\u001b[32minfo\u001b[39m","message":"{\"method\":\"PUT\",\"url\":\"/updateviews\",\"status\":\"200\",\"responseTime\":\"17.780\"}","timestamp":"2024-12-04T02:58:05.111Z"}
{"level":"\u001b[32minfo\u001b[39m","message":"{\"method\":\"GET\",\"url\":\"/video/67381e4249441b2bf62f98a0\",\"status\":\"200\",\"responseTime\":\"598.841\"}","timestamp":"2024-12-04T02:58:05.196Z"}
{"level":"\u001b[32minfo\u001b[39m","message":"{\"method\":\"GET\",\"url\":\"/likedvideos\",\"status\":\"200\",\"responseTime\":\"493.944\"}","timestamp":"2024-12-04T02:58:05.637Z"}
{"level":"\u001b[32minfo\u001b[39m","message":"{\"method\":\"GET\",\"url\":\"/videos\",\"status\":\"200\",\"responseTime\":\"388.239\"}","timestamp":"2024-12-04T02:58:18.491Z"}
{"level":"\u001b[32minfo\u001b[39m","message":"{\"method\":\"PUT\",\"url\":\"/updateviews\",\"status\":\"200\",\"responseTime\":\"19.025\"}","timestamp":"2024-12-04T03:54:50.251Z"}
{"level":"\u001b[32minfo\u001b[39m","message":"{\"method\":\"GET\",\"url\":\"/video/672b2639467bb75f87c5f750\",\"status\":\"500\",\"responseTime\":\"493.447\"}","timestamp":"2024-12-04T03:54:50.771Z"}
{"level":"\u001b[32minfo\u001b[39m","message":"{\"method\":\"GET\",\"url\":\"/fetchOther/672b2639467bb75f87c5f750\",\"status\":\"200\",\"responseTime\":\"509.621\"}","timestamp":"2024-12-04T03:54:50.827Z"}
{"level":"\u001b[32minfo\u001b[39m","message":"{\"method\":\"GET\",\"url\":\"/videos\",\"status\":\"200\",\"responseTime\":\"276.310\"}","timestamp":"2024-12-04T03:54:53.940Z"}
{"level":"\u001b[32minfo\u001b[39m","message":"{\"method\":\"GET\",\"url\":\"/videos\",\"status\":\"304\",\"responseTime\":\"325.519\"}","timestamp":"2024-12-04T03:57:02.959Z"}
{"level":"\u001b[32minfo\u001b[39m","message":"{\"method\":\"PUT\",\"url\":\"/updateviews\",\"status\":\"200\",\"responseTime\":\"8.487\"}","timestamp":"2024-12-04T03:57:05.029Z"}
{"level":"\u001b[32minfo\u001b[39m","message":"{\"method\":\"GET\",\"url\":\"/fetchOther/672b2639467bb75f87c5f750\",\"status\":\"304\",\"responseTime\":\"84.067\"}","timestamp":"2024-12-04T03:57:05.234Z"}
{"level":"\u001b[32minfo\u001b[39m","message":"{\"method\":\"GET\",\"url\":\"/video/672b2639467bb75f87c5f750\",\"status\":\"200\",\"responseTime\":\"640.117\"}","timestamp":"2024-12-04T03:57:05.688Z"}
{"level":"\u001b[32minfo\u001b[39m","message":"{\"method\":\"PUT\",\"url\":\"/updateviews\",\"status\":\"200\",\"responseTime\":\"4.255\"}","timestamp":"2024-12-04T03:57:15.992Z"}
{"level":"\u001b[32minfo\u001b[39m","message":"{\"method\":\"GET\",\"url\":\"/video/672e1534117f6a35f37b690e\",\"status\":\"500\",\"responseTime\":\"80.777\"}","timestamp":"2024-12-04T03:57:16.029Z"}
{"level":"\u001b[32minfo\u001b[39m","message":"{\"method\":\"GET\",\"url\":\"/fetchOther/672e1534117f6a35f37b690e\",\"status\":\"200\",\"responseTime\":\"145.605\"}","timestamp":"2024-12-04T03:57:16.191Z"}
{"level":"\u001b[32minfo\u001b[39m","message":"{\"method\":\"GET\",\"url\":\"/videos\",\"status\":\"200\",\"responseTime\":\"288.374\"}","timestamp":"2024-12-04T03:57:46.360Z"}
{"level":"\u001b[32minfo\u001b[39m","message":"{\"method\":\"GET\",\"url\":\"/videos\",\"status\":\"304\",\"responseTime\":\"223.387\"}","timestamp":"2024-12-04T03:58:35.565Z"}
{"level":"\u001b[32minfo\u001b[39m","message":"{\"method\":\"GET\",\"url\":\"/videos\",\"status\":\"304\",\"responseTime\":\"225.620\"}","timestamp":"2024-12-04T04:00:32.875Z"}
{"level":"\u001b[32minfo\u001b[39m","message":"{\"method\":\"GET\",\"url\":\"/videos\",\"status\":\"304\",\"responseTime\":\"335.724\"}","timestamp":"2024-12-04T04:09:19.722Z"}
{"level":"\u001b[32minfo\u001b[39m","message":"{\"method\":\"GET\",\"url\":\"/videos\",\"status\":\"304\",\"responseTime\":\"196.299\"}","timestamp":"2024-12-04T04:09:40.932Z"}
{"level":"\u001b[32minfo\u001b[39m","message":"{\"method\":\"GET\",\"url\":\"/videos\",\"status\":\"304\",\"responseTime\":\"327.166\"}","timestamp":"2024-12-04T04:18:25.750Z"}
{"level":"\u001b[32minfo\u001b[39m","message":"{\"method\":\"GET\",\"url\":\"/videos\",\"status\":\"304\",\"responseTime\":\"237.697\"}","timestamp":"2024-12-04T04:18:34.962Z"}
{"level":"\u001b[32minfo\u001b[39m","message":"{\"method\":\"GET\",\"url\":\"/topfive\",\"status\":\"200\",\"responseTime\":\"108.286\"}","timestamp":"2024-12-04T04:18:44.317Z"}
{"level":"\u001b[32minfo\u001b[39m","message":"{\"method\":\"GET\",\"url\":\"/videos\",\"status\":\"304\",\"responseTime\":\"194.612\"}","timestamp":"2024-12-04T04:21:09.631Z"}
{"level":"\u001b[32minfo\u001b[39m","message":"{\"method\":\"GET\",\"url\":\"/videos\",\"status\":\"304\",\"responseTime\":\"139.397\"}","timestamp":"2024-12-04T04:21:18.844Z"}
{"level":"\u001b[32minfo\u001b[39m","message":"{\"method\":\"GET\",\"url\":\"/videos\",\"status\":\"304\",\"responseTime\":\"210.467\"}","timestamp":"2024-12-04T04:22:25.906Z"}
{"level":"\u001b[32minfo\u001b[39m","message":"{\"method\":\"GET\",\"url\":\"/videos\",\"status\":\"304\",\"responseTime\":\"253.710\"}","timestamp":"2024-12-04T04:22:33.937Z"}
{"level":"\u001b[32minfo\u001b[39m","message":"{\"method\":\"GET\",\"url\":\"/videos\",\"status\":\"304\",\"responseTime\":\"157.069\"}","timestamp":"2024-12-04T04:22:51.119Z"}
{"level":"\u001b[32minfo\u001b[39m","message":"{\"method\":\"GET\",\"url\":\"/videos\",\"status\":\"304\",\"responseTime\":\"155.659\"}","timestamp":"2024-12-04T04:24:57.090Z"}
{"level":"\u001b[32minfo\u001b[39m","message":"{\"method\":\"GET\",\"url\":\"/videos\",\"status\":\"304\",\"responseTime\":\"144.874\"}","timestamp":"2024-12-04T04:26:03.250Z"}
{"level":"\u001b[32minfo\u001b[39m","message":"{\"method\":\"GET\",\"url\":\"/videos\",\"status\":\"304\",\"responseTime\":\"138.233\"}","timestamp":"2024-12-04T04:26:16.745Z"}
{"level":"\u001b[32minfo\u001b[39m","message":"{\"method\":\"GET\",\"url\":\"/videos\",\"status\":\"304\",\"responseTime\":\"214.041\"}","timestamp":"2024-12-04T04:26:41.974Z"}
{"level":"\u001b[32minfo\u001b[39m","message":"{\"method\":\"GET\",\"url\":\"/videos\",\"status\":\"304\",\"responseTime\":\"235.456\"}","timestamp":"2024-12-04T04:26:54.767Z"}
{"level":"\u001b[32minfo\u001b[39m","message":"{\"method\":\"GET\",\"url\":\"/videos\",\"status\":\"304\",\"responseTime\":\"236.390\"}","timestamp":"2024-12-04T04:27:15.062Z"}
{"level":"\u001b[32minfo\u001b[39m","message":"{\"method\":\"GET\",\"url\":\"/videos\",\"status\":\"304\",\"responseTime\":\"298.566\"}","timestamp":"2024-12-04T05:08:21.555Z"}
{"level":"\u001b[32minfo\u001b[39m","message":"{\"method\":\"GET\",\"url\":\"/videos\",\"status\":\"304\",\"responseTime\":\"268.731\"}","timestamp":"2024-12-04T05:20:57.855Z"}
{"level":"\u001b[32minfo\u001b[39m","message":"{\"method\":\"GET\",\"url\":\"/videos\",\"status\":\"304\",\"responseTime\":\"248.269\"}","timestamp":"2024-12-04T05:30:55.787Z"}
{"level":"\u001b[32minfo\u001b[39m","message":"{\"method\":\"GET\",\"url\":\"/videos\",\"status\":\"304\",\"responseTime\":\"242.028\"}","timestamp":"2024-12-04T05:38:41.654Z"}
{"level":"\u001b[32minfo\u001b[39m","message":"{\"method\":\"GET\",\"url\":\"/likedvideos\",\"status\":\"304\",\"responseTime\":\"391.560\"}","timestamp":"2024-12-04T05:38:53.632Z"}
{"level":"\u001b[32minfo\u001b[39m","message":"{\"method\":\"GET\",\"url\":\"/videos\",\"status\":\"304\",\"responseTime\":\"281.918\"}","timestamp":"2024-12-04T05:39:35.378Z"}
{"level":"\u001b[32minfo\u001b[39m","message":"{\"method\":\"PUT\",\"url\":\"/updateviews\",\"status\":\"200\",\"responseTime\":\"4.204\"}","timestamp":"2024-12-04T05:39:37.016Z"}
{"level":"\u001b[32minfo\u001b[39m","message":"{\"method\":\"GET\",\"url\":\"/fetchOther/67381e4249441b2bf62f98a0\",\"status\":\"200\",\"responseTime\":\"285.365\"}","timestamp":"2024-12-04T05:39:37.310Z"}
{"level":"\u001b[32minfo\u001b[39m","message":"{\"method\":\"GET\",\"url\":\"/video/67381e4249441b2bf62f98a0\",\"status\":\"200\",\"responseTime\":\"1051.095\"}","timestamp":"2024-12-04T05:39:38.014Z"}
{"level":"\u001b[32minfo\u001b[39m","message":"{\"method\":\"GET\",\"url\":\"/videos\",\"status\":\"200\",\"responseTime\":\"566.483\"}","timestamp":"2024-12-04T05:39:46.817Z"}
{"level":"\u001b[32minfo\u001b[39m","message":"{\"method\":\"GET\",\"url\":\"/videos\",\"status\":\"304\",\"responseTime\":\"622.086\"}","timestamp":"2024-12-04T05:40:26.662Z"}
{"level":"\u001b[32minfo\u001b[39m","message":"{\"method\":\"PUT\",\"url\":\"/updateviews\",\"status\":\"200\",\"responseTime\":\"5.705\"}","timestamp":"2024-12-04T06:08:38.012Z"}
{"level":"\u001b[32minfo\u001b[39m","message":"{\"method\":\"GET\",\"url\":\"/fetchOther/67381e4249441b2bf62f98a0\",\"status\":\"304\",\"responseTime\":\"87.147\"}","timestamp":"2024-12-04T06:08:38.112Z"}
{"level":"\u001b[32minfo\u001b[39m","message":"{\"method\":\"GET\",\"url\":\"/video/67381e4249441b2bf62f98a0\",\"status\":\"200\",\"responseTime\":\"409.091\"}","timestamp":"2024-12-04T06:08:38.360Z"}
{"level":"\u001b[32minfo\u001b[39m","message":"{\"method\":\"PUT\",\"url\":\"/updateviews\",\"status\":\"200\",\"responseTime\":\"3.946\"}","timestamp":"2024-12-04T06:08:41.276Z"}
{"level":"\u001b[32minfo\u001b[39m","message":"{\"method\":\"GET\",\"url\":\"/fetchOther/67381e4249441b2bf62f98a0\",\"status\":\"304\",\"responseTime\":\"359.728\"}","timestamp":"2024-12-04T06:08:41.655Z"}
{"level":"\u001b[32minfo\u001b[39m","message":"{\"method\":\"GET\",\"url\":\"/video/67381e4249441b2bf62f98a0\",\"status\":\"200\",\"responseTime\":\"434.966\"}","timestamp":"2024-12-04T06:08:41.698Z"}
{"level":"\u001b[32minfo\u001b[39m","message":"{\"method\":\"PUT\",\"url\":\"/update-video/67381e4249441b2bf62f98a0\",\"status\":\"200\",\"responseTime\":\"201.365\"}","timestamp":"2024-12-04T06:08:47.793Z"}
{"level":"\u001b[32minfo\u001b[39m","message":"{\"method\":\"PUT\",\"url\":\"/update-video/67381e4249441b2bf62f98a0\",\"status\":\"200\",\"responseTime\":\"62.492\"}","timestamp":"2024-12-04T06:09:04.026Z"}
{"level":"\u001b[32minfo\u001b[39m","message":"{\"method\":\"PUT\",\"url\":\"/updateviews\",\"status\":\"200\",\"responseTime\":\"9.269\"}","timestamp":"2024-12-04T06:24:02.626Z"}
{"level":"\u001b[32minfo\u001b[39m","message":"{\"method\":\"GET\",\"url\":\"/fetchOther/67381e4249441b2bf62f98a0\",\"status\":\"304\",\"responseTime\":\"323.308\"}","timestamp":"2024-12-04T06:24:03.000Z"}
{"level":"\u001b[32minfo\u001b[39m","message":"{\"method\":\"GET\",\"url\":\"/video/67381e4249441b2bf62f98a0\",\"status\":\"200\",\"responseTime\":\"767.399\"}","timestamp":"2024-12-04T06:24:03.340Z"}
{"level":"\u001b[32minfo\u001b[39m","message":"{\"method\":\"GET\",\"url\":\"/videos\",\"status\":\"200\",\"responseTime\":\"946.420\"}","timestamp":"2024-12-04T06:24:07.353Z"}
{"level":"\u001b[32minfo\u001b[39m","message":"{\"method\":\"GET\",\"url\":\"/videos\",\"status\":\"304\",\"responseTime\":\"189.707\"}","timestamp":"2024-12-04T06:38:38.727Z"}
{"level":"\u001b[32minfo\u001b[39m","message":"{\"method\":\"GET\",\"url\":\"/videos\",\"status\":\"304\",\"responseTime\":\"592.976\"}","timestamp":"2024-12-04T06:38:57.860Z"}
{"level":"\u001b[32minfo\u001b[39m","message":"{\"method\":\"GET\",\"url\":\"/getprivatevideos\",\"status\":\"500\",\"responseTime\":\"150.833\"}","timestamp":"2024-12-04T06:39:05.749Z"}
{"level":"\u001b[32minfo\u001b[39m","message":"{\"method\":\"GET\",\"url\":\"/videos\",\"status\":\"304\",\"responseTime\":\"500.733\"}","timestamp":"2024-12-04T06:43:03.020Z"}
{"level":"\u001b[32minfo\u001b[39m","message":"{\"method\":\"GET\",\"url\":\"/getprivatevideos\",\"status\":\"500\",\"responseTime\":\"254.159\"}","timestamp":"2024-12-04T06:43:08.776Z"}
{"level":"\u001b[32minfo\u001b[39m","message":"{\"method\":\"GET\",\"url\":\"/videos\",\"status\":\"304\",\"responseTime\":\"398.746\"}","timestamp":"2024-12-04T06:46:53.391Z"}
{"level":"\u001b[32minfo\u001b[39m","message":"{\"method\":\"GET\",\"url\":\"/getprivatevideos\",\"status\":\"200\",\"responseTime\":\"58.016\"}","timestamp":"2024-12-04T06:46:55.078Z"}
{"level":"\u001b[32minfo\u001b[39m","message":"{\"method\":\"GET\",\"url\":\"/getprivatevideos\",\"status\":\"304\",\"responseTime\":\"82.106\"}","timestamp":"2024-12-04T06:48:16.828Z"}
{"level":"\u001b[32minfo\u001b[39m","message":"{\"method\":\"PUT\",\"url\":\"/update-video/67381e4249441b2bf62f98a0\",\"status\":\"200\",\"responseTime\":\"119.962\"}","timestamp":"2024-12-04T06:48:48.245Z"}
{"level":"\u001b[32minfo\u001b[39m","message":"{\"method\":\"GET\",\"url\":\"/videos\",\"status\":\"200\",\"responseTime\":\"403.177\"}","timestamp":"2024-12-04T06:48:56.436Z"}
{"level":"\u001b[32minfo\u001b[39m","message":"{\"method\":\"GET\",\"url\":\"/getprivatevideos\",\"status\":\"200\",\"responseTime\":\"58.982\"}","timestamp":"2024-12-04T06:49:02.340Z"}
{"level":"\u001b[32minfo\u001b[39m","message":"{\"method\":\"GET\",\"url\":\"/videos\",\"status\":\"304\",\"responseTime\":\"283.300\"}","timestamp":"2024-12-04T06:57:46.304Z"}
{"level":"\u001b[32minfo\u001b[39m","message":"{\"method\":\"GET\",\"url\":\"/getprivatevideos\",\"status\":\"200\",\"responseTime\":\"145.264\"}","timestamp":"2024-12-04T06:58:07.487Z"}
{"level":"\u001b[32minfo\u001b[39m","message":"{\"method\":\"PUT\",\"url\":\"/update-video/673f3786ae355142ad5a8a5b\",\"status\":\"200\",\"responseTime\":\"171.583\"}","timestamp":"2024-12-04T06:58:27.048Z"}
{"level":"\u001b[32minfo\u001b[39m","message":"{\"method\":\"GET\",\"url\":\"/getprivatevideos\",\"status\":\"200\",\"responseTime\":\"55.345\"}","timestamp":"2024-12-04T06:58:35.031Z"}
{"level":"\u001b[32minfo\u001b[39m","message":"{\"method\":\"PUT\",\"url\":\"/update-video/673f37fcae355142ad5a8a61\",\"status\":\"200\",\"responseTime\":\"72.237\"}","timestamp":"2024-12-04T06:58:44.327Z"}
{"level":"\u001b[32minfo\u001b[39m","message":"{\"method\":\"GET\",\"url\":\"/videos\",\"status\":\"200\",\"responseTime\":\"271.010\"}","timestamp":"2024-12-04T06:58:48.492Z"}
{"level":"\u001b[32minfo\u001b[39m","message":"{\"method\":\"GET\",\"url\":\"/getprivatevideos\",\"status\":\"200\",\"responseTime\":\"58.432\"}","timestamp":"2024-12-04T06:59:04.857Z"}
{"level":"\u001b[32minfo\u001b[39m","message":"{\"method\":\"GET\",\"url\":\"/getprivatevideos\",\"status\":\"304\",\"responseTime\":\"61.163\"}","timestamp":"2024-12-04T07:00:33.991Z"}
{"level":"\u001b[32minfo\u001b[39m","message":"{\"method\":\"GET\",\"url\":\"/getprivatevideos\",\"status\":\"304\",\"responseTime\":\"101.902\"}","timestamp":"2024-12-04T07:00:38.217Z"}
{"level":"\u001b[32minfo\u001b[39m","message":"{\"method\":\"GET\",\"url\":\"/getprivatevideos\",\"status\":\"304\",\"responseTime\":\"161.706\"}","timestamp":"2024-12-04T07:00:41.977Z"}
{"level":"\u001b[32minfo\u001b[39m","message":"{\"method\":\"GET\",\"url\":\"/getprivatevideos\",\"status\":\"304\",\"responseTime\":\"174.465\"}","timestamp":"2024-12-04T07:00:51.394Z"}
{"level":"\u001b[32minfo\u001b[39m","message":"{\"method\":\"GET\",\"url\":\"/getprivatevideos\",\"status\":\"304\",\"responseTime\":\"84.894\"}","timestamp":"2024-12-04T07:00:58.498Z"}
{"level":"\u001b[32minfo\u001b[39m","message":"{\"method\":\"GET\",\"url\":\"/getprivatevideos\",\"status\":\"304\",\"responseTime\":\"450.269\"}","timestamp":"2024-12-04T07:01:17.009Z"}
{"level":"\u001b[32minfo\u001b[39m","message":"{\"method\":\"GET\",\"url\":\"/getprivatevideos\",\"status\":\"304\",\"responseTime\":\"67.510\"}","timestamp":"2024-12-04T07:01:47.886Z"}
{"level":"\u001b[32minfo\u001b[39m","message":"{\"method\":\"GET\",\"url\":\"/getprivatevideos\",\"status\":\"304\",\"responseTime\":\"71.710\"}","timestamp":"2024-12-04T07:02:18.610Z"}
{"level":"\u001b[32minfo\u001b[39m","message":"{\"method\":\"PUT\",\"url\":\"/update-video/673f3786ae355142ad5a8a5b\",\"status\":\"200\",\"responseTime\":\"62.677\"}","timestamp":"2024-12-04T07:02:39.132Z"}
{"level":"\u001b[32minfo\u001b[39m","message":"{\"method\":\"GET\",\"url\":\"/getprivatevideos\",\"status\":\"200\",\"responseTime\":\"52.374\"}","timestamp":"2024-12-04T07:02:45.022Z"}
{"level":"\u001b[32minfo\u001b[39m","message":"{\"method\":\"GET\",\"url\":\"/getprivatevideos\",\"status\":\"304\",\"responseTime\":\"87.086\"}","timestamp":"2024-12-04T07:16:00.791Z"}
{"level":"\u001b[32minfo\u001b[39m","message":"{\"method\":\"PUT\",\"url\":\"/update-video/673f37fcae355142ad5a8a61\",\"status\":\"200\",\"responseTime\":\"67.726\"}","timestamp":"2024-12-04T07:16:23.265Z"}
{"level":"\u001b[32minfo\u001b[39m","message":"{\"method\":\"PUT\",\"url\":\"/update-video/672b2639467bb75f87c5f750\",\"status\":\"200\",\"responseTime\":\"103.295\"}","timestamp":"2024-12-04T07:16:30.651Z"}
{"level":"\u001b[32minfo\u001b[39m","message":"{\"method\":\"GET\",\"url\":\"/videos\",\"status\":\"200\",\"responseTime\":\"604.139\"}","timestamp":"2024-12-04T07:16:36.658Z"}
{"level":"\u001b[32minfo\u001b[39m","message":"{\"method\":\"GET\",\"url\":\"/videos\",\"status\":\"304\",\"responseTime\":\"693.849\"}","timestamp":"2024-12-04T08:01:22.774Z"}
{"level":"\u001b[32minfo\u001b[39m","message":"{\"method\":\"GET\",\"url\":\"/getprivatevideos\",\"status\":\"200\",\"responseTime\":\"1119.076\"}","timestamp":"2024-12-04T08:04:59.632Z"}
{"level":"\u001b[32minfo\u001b[39m","message":"{\"method\":\"GET\",\"url\":\"/videos\",\"status\":\"304\",\"responseTime\":\"426.741\"}","timestamp":"2024-12-04T08:05:12.271Z"}
{"level":"\u001b[32minfo\u001b[39m","message":"{\"method\":\"GET\",\"url\":\"/getprivatevideos\",\"status\":\"304\",\"responseTime\":\"672.251\"}","timestamp":"2024-12-04T08:05:20.149Z"}
{"level":"\u001b[32minfo\u001b[39m","message":"{\"method\":\"GET\",\"url\":\"/videos\",\"status\":\"304\",\"responseTime\":\"324.332\"}","timestamp":"2024-12-04T08:06:03.186Z"}
{"level":"\u001b[32minfo\u001b[39m","message":"{\"method\":\"GET\",\"url\":\"/videos\",\"status\":\"304\",\"responseTime\":\"353.176\"}","timestamp":"2024-12-04T08:07:14.126Z"}
{"level":"\u001b[32minfo\u001b[39m","message":"{\"method\":\"GET\",\"url\":\"/getprivatevideos\",\"status\":\"304\",\"responseTime\":\"84.022\"}","timestamp":"2024-12-04T08:07:17.463Z"}
{"level":"\u001b[32minfo\u001b[39m","message":"{\"method\":\"GET\",\"url\":\"/getprivatevideos\",\"status\":\"304\",\"responseTime\":\"234.367\"}","timestamp":"2024-12-04T08:18:37.154Z"}
{"level":"\u001b[32minfo\u001b[39m","message":"{\"method\":\"GET\",\"url\":\"/getprivatevideos\",\"status\":\"304\",\"responseTime\":\"124.961\"}","timestamp":"2024-12-04T08:19:31.760Z"}
{"level":"\u001b[32minfo\u001b[39m","message":"{\"method\":\"GET\",\"url\":\"/getprivatevideos\",\"status\":\"304\",\"responseTime\":\"486.379\"}","timestamp":"2024-12-04T08:20:26.638Z"}
{"level":"\u001b[32minfo\u001b[39m","message":"{\"method\":\"GET\",\"url\":\"/videos\",\"status\":\"304\",\"responseTime\":\"293.856\"}","timestamp":"2024-12-04T08:20:30.404Z"}
{"level":"\u001b[32minfo\u001b[39m","message":"{\"method\":\"GET\",\"url\":\"/getprivatevideos\",\"status\":\"304\",\"responseTime\":\"80.385\"}","timestamp":"2024-12-04T08:20:31.633Z"}
{"level":"\u001b[32minfo\u001b[39m","message":"{\"method\":\"GET\",\"url\":\"/videos\",\"status\":\"304\",\"responseTime\":\"336.091\"}","timestamp":"2024-12-04T08:20:34.299Z"}
{"level":"\u001b[32minfo\u001b[39m","message":"{\"method\":\"GET\",\"url\":\"/getprivatevideos\",\"status\":\"304\",\"responseTime\":\"481.185\"}","timestamp":"2024-12-04T08:20:35.313Z"}
{"level":"\u001b[32minfo\u001b[39m","message":"{\"method\":\"GET\",\"url\":\"/getprivatevideos\",\"status\":\"304\",\"responseTime\":\"135.380\"}","timestamp":"2024-12-04T08:20:55.934Z"}
{"level":"\u001b[32minfo\u001b[39m","message":"{\"method\":\"GET\",\"url\":\"/getprivatevideos\",\"status\":\"304\",\"responseTime\":\"139.415\"}","timestamp":"2024-12-04T08:21:03.384Z"}
{"level":"\u001b[32minfo\u001b[39m","message":"{\"method\":\"GET\",\"url\":\"/videos\",\"status\":\"304\",\"responseTime\":\"350.392\"}","timestamp":"2024-12-04T08:21:05.929Z"}
{"level":"\u001b[32minfo\u001b[39m","message":"{\"method\":\"GET\",\"url\":\"/getprivatevideos\",\"status\":\"304\",\"responseTime\":\"86.549\"}","timestamp":"2024-12-04T08:21:07.221Z"}
{"level":"\u001b[32minfo\u001b[39m","message":"{\"method\":\"GET\",\"url\":\"/getprivatevideos\",\"status\":\"304\",\"responseTime\":\"148.004\"}","timestamp":"2024-12-04T08:22:37.164Z"}
{"level":"\u001b[32minfo\u001b[39m","message":"{\"method\":\"GET\",\"url\":\"/getprivatevideos\",\"status\":\"304\",\"responseTime\":\"281.744\"}","timestamp":"2024-12-04T08:22:40.276Z"}
{"level":"\u001b[32minfo\u001b[39m","message":"{\"method\":\"GET\",\"url\":\"/getprivatevideos\",\"status\":\"304\",\"responseTime\":\"192.381\"}","timestamp":"2024-12-04T08:22:46.547Z"}
{"level":"\u001b[32minfo\u001b[39m","message":"{\"method\":\"GET\",\"url\":\"/getprivatevideos\",\"status\":\"304\",\"responseTime\":\"273.013\"}","timestamp":"2024-12-04T08:29:20.029Z"}
{"level":"\u001b[32minfo\u001b[39m","message":"{\"method\":\"GET\",\"url\":\"/getprivatevideos\",\"status\":\"-\",\"responseTime\":\"-\"}","timestamp":"2024-12-04T08:29:38.183Z"}
{"level":"\u001b[32minfo\u001b[39m","message":"{\"method\":\"GET\",\"url\":\"/getprivatevideos\",\"status\":\"200\",\"responseTime\":\"486.860\"}","timestamp":"2024-12-04T08:29:41.677Z"}
{"level":"\u001b[32minfo\u001b[39m","message":"{\"method\":\"GET\",\"url\":\"/getprivatevideos\",\"status\":\"-\",\"responseTime\":\"-\"}","timestamp":"2024-12-04T08:29:47.120Z"}
{"level":"\u001b[32minfo\u001b[39m","message":"{\"method\":\"GET\",\"url\":\"/getprivatevideos\",\"status\":\"200\",\"responseTime\":\"284.783\"}","timestamp":"2024-12-04T08:29:50.632Z"}
{"level":"\u001b[32minfo\u001b[39m","message":"{\"method\":\"GET\",\"url\":\"/getprivatevideos\",\"status\":\"304\",\"responseTime\":\"63.469\"}","timestamp":"2024-12-04T08:30:43.613Z"}
{"level":"\u001b[32minfo\u001b[39m","message":"{\"method\":\"GET\",\"url\":\"/getprivatevideos\",\"status\":\"304\",\"responseTime\":\"99.341\"}","timestamp":"2024-12-04T08:32:18.861Z"}
{"level":"\u001b[32minfo\u001b[39m","message":"{\"method\":\"GET\",\"url\":\"/videos\",\"status\":\"304\",\"responseTime\":\"244.200\"}","timestamp":"2024-12-04T08:32:26.684Z"}
{"level":"\u001b[32minfo\u001b[39m","message":"{\"method\":\"GET\",\"url\":\"/getprivatevideos\",\"status\":\"304\",\"responseTime\":\"64.088\"}","timestamp":"2024-12-04T08:32:27.982Z"}
{"level":"\u001b[32minfo\u001b[39m","message":"{\"method\":\"GET\",\"url\":\"/videos\",\"status\":\"304\",\"responseTime\":\"224.975\"}","timestamp":"2024-12-04T08:32:36.482Z"}
{"level":"\u001b[32minfo\u001b[39m","message":"{\"method\":\"GET\",\"url\":\"/getprivatevideos\",\"status\":\"304\",\"responseTime\":\"56.148\"}","timestamp":"2024-12-04T08:32:37.271Z"}
{"level":"\u001b[32minfo\u001b[39m","message":"{\"method\":\"GET\",\"url\":\"/getprivatevideos\",\"status\":\"304\",\"responseTime\":\"161.912\"}","timestamp":"2024-12-04T08:43:36.508Z"}
{"level":"\u001b[32minfo\u001b[39m","message":"{\"method\":\"GET\",\"url\":\"/getprivatevideos\",\"status\":\"304\",\"responseTime\":\"435.190\"}","timestamp":"2024-12-04T08:43:40.104Z"}
{"level":"\u001b[32minfo\u001b[39m","message":"{\"method\":\"GET\",\"url\":\"/getprivatevideos\",\"status\":\"304\",\"responseTime\":\"140.949\"}","timestamp":"2024-12-04T08:44:07.514Z"}
{"level":"\u001b[32minfo\u001b[39m","message":"{\"method\":\"GET\",\"url\":\"/getprivatevideos\",\"status\":\"304\",\"responseTime\":\"159.525\"}","timestamp":"2024-12-04T08:44:43.204Z"}
{"level":"\u001b[32minfo\u001b[39m","message":"{\"method\":\"GET\",\"url\":\"/getprivatevideos\",\"status\":\"304\",\"responseTime\":\"113.032\"}","timestamp":"2024-12-04T08:44:51.389Z"}
{"level":"\u001b[32minfo\u001b[39m","message":"{\"method\":\"PUT\",\"url\":\"/update-video/672b2639467bb75f87c5f750\",\"status\":\"200\",\"responseTime\":\"127.299\"}","timestamp":"2024-12-04T08:44:59.371Z"}
{"level":"\u001b[32minfo\u001b[39m","message":"{\"method\":\"GET\",\"url\":\"/getprivatevideos\",\"status\":\"200\",\"responseTime\":\"111.580\"}","timestamp":"2024-12-04T08:50:33.223Z"}
{"level":"\u001b[32minfo\u001b[39m","message":"{\"method\":\"GET\",\"url\":\"/getprivatevideos\",\"status\":\"304\",\"responseTime\":\"64.695\"}","timestamp":"2024-12-04T08:54:56.062Z"}
{"level":"\u001b[32minfo\u001b[39m","message":"{\"method\":\"GET\",\"url\":\"/getprivatevideos\",\"status\":\"304\",\"responseTime\":\"429.215\"}","timestamp":"2024-12-04T08:55:22.028Z"}
{"level":"\u001b[32minfo\u001b[39m","message":"{\"method\":\"PUT\",\"url\":\"/update-video/672b2639467bb75f87c5f750\",\"status\":\"200\",\"responseTime\":\"585.909\"}","timestamp":"2024-12-04T08:55:35.100Z"}
{"level":"\u001b[32minfo\u001b[39m","message":"{\"method\":\"PUT\",\"url\":\"/update-video/673f3165ae355142ad5a8a46\",\"status\":\"200\",\"responseTime\":\"314.581\"}","timestamp":"2024-12-04T08:56:03.439Z"}
{"level":"\u001b[32minfo\u001b[39m","message":"{\"method\":\"GET\",\"url\":\"/getprivatevideos\",\"status\":\"200\",\"responseTime\":\"123.666\"}","timestamp":"2024-12-04T09:02:45.395Z"}
{"level":"\u001b[32minfo\u001b[39m","message":"{\"method\":\"GET\",\"url\":\"/getprivatevideos\",\"status\":\"304\",\"responseTime\":\"75.333\"}","timestamp":"2024-12-04T09:03:07.646Z"}
{"level":"\u001b[32minfo\u001b[39m","message":"{\"method\":\"GET\",\"url\":\"/getprivatevideos\",\"status\":\"304\",\"responseTime\":\"69.276\"}","timestamp":"2024-12-04T09:03:16.875Z"}
{"level":"\u001b[32minfo\u001b[39m","message":"{\"method\":\"PUT\",\"url\":\"/update-video/672b2639467bb75f87c5f750\",\"status\":\"200\",\"responseTime\":\"97.886\"}","timestamp":"2024-12-04T09:03:23.075Z"}
{"level":"\u001b[32minfo\u001b[39m","message":"{\"method\":\"PUT\",\"url\":\"/update-video/673f3165ae355142ad5a8a46\",\"status\":\"200\",\"responseTime\":\"367.937\"}","timestamp":"2024-12-04T09:03:26.895Z"}
{"level":"\u001b[32minfo\u001b[39m","message":"{\"method\":\"GET\",\"url\":\"/getprivatevideos\",\"status\":\"200\",\"responseTime\":\"358.651\"}","timestamp":"2024-12-04T09:04:00.918Z"}
{"level":"\u001b[32minfo\u001b[39m","message":"{\"method\":\"GET\",\"url\":\"/getprivatevideos\",\"status\":\"304\",\"responseTime\":\"421.096\"}","timestamp":"2024-12-04T09:04:29.585Z"}
{"level":"\u001b[32minfo\u001b[39m","message":"{\"method\":\"GET\",\"url\":\"/getprivatevideos\",\"status\":\"304\",\"responseTime\":\"172.569\"}","timestamp":"2024-12-04T09:04:31.796Z"}
{"level":"\u001b[32minfo\u001b[39m","message":"{\"method\":\"GET\",\"url\":\"/getprivatevideos\",\"status\":\"304\",\"responseTime\":\"523.889\"}","timestamp":"2024-12-04T09:04:59.464Z"}
{"level":"\u001b[32minfo\u001b[39m","message":"{\"method\":\"GET\",\"url\":\"/getprivatevideos\",\"status\":\"200\",\"responseTime\":\"660.361\"}","timestamp":"2024-12-04T09:05:05.898Z"}
{"level":"\u001b[32minfo\u001b[39m","message":"{\"method\":\"GET\",\"url\":\"/getprivatevideos\",\"status\":\"304\",\"responseTime\":\"564.721\"}","timestamp":"2024-12-04T09:05:17.026Z"}
{"level":"\u001b[32minfo\u001b[39m","message":"{\"method\":\"GET\",\"url\":\"/getprivatevideos\",\"status\":\"304\",\"responseTime\":\"693.452\"}","timestamp":"2024-12-04T09:05:30.219Z"}
{"level":"\u001b[32minfo\u001b[39m","message":"{\"method\":\"GET\",\"url\":\"/getprivatevideos\",\"status\":\"304\",\"responseTime\":\"314.361\"}","timestamp":"2024-12-04T09:05:36.170Z"}
{"level":"\u001b[32minfo\u001b[39m","message":"{\"method\":\"GET\",\"url\":\"/getprivatevideos\",\"status\":\"304\",\"responseTime\":\"900.349\"}","timestamp":"2024-12-04T09:06:11.495Z"}
{"level":"\u001b[32minfo\u001b[39m","message":"{\"method\":\"GET\",\"url\":\"/getprivatevideos\",\"status\":\"304\",\"responseTime\":\"587.953\"}","timestamp":"2024-12-04T09:06:33.785Z"}
{"level":"\u001b[32minfo\u001b[39m","message":"{\"method\":\"GET\",\"url\":\"/getprivatevideos\",\"status\":\"304\",\"responseTime\":\"466.307\"}","timestamp":"2024-12-04T09:06:40.289Z"}
{"level":"\u001b[32minfo\u001b[39m","message":"{\"method\":\"GET\",\"url\":\"/getprivatevideos\",\"status\":\"304\",\"responseTime\":\"538.824\"}","timestamp":"2024-12-04T09:06:53.933Z"}
{"level":"\u001b[32minfo\u001b[39m","message":"{\"method\":\"GET\",\"url\":\"/getprivatevideos\",\"status\":\"304\",\"responseTime\":\"783.369\"}","timestamp":"2024-12-04T09:07:15.409Z"}
{"level":"\u001b[32minfo\u001b[39m","message":"{\"method\":\"GET\",\"url\":\"/getprivatevideos\",\"status\":\"304\",\"responseTime\":\"337.260\"}","timestamp":"2024-12-04T09:07:22.700Z"}
{"level":"\u001b[32minfo\u001b[39m","message":"{\"method\":\"GET\",\"url\":\"/getprivatevideos\",\"status\":\"304\",\"responseTime\":\"133.026\"}","timestamp":"2024-12-04T09:07:29.353Z"}
{"level":"\u001b[32minfo\u001b[39m","message":"{\"method\":\"GET\",\"url\":\"/getprivatevideos\",\"status\":\"304\",\"responseTime\":\"211.669\"}","timestamp":"2024-12-04T09:07:32.861Z"}
{"level":"\u001b[32minfo\u001b[39m","message":"{\"method\":\"GET\",\"url\":\"/getprivatevideos\",\"status\":\"304\",\"responseTime\":\"273.105\"}","timestamp":"2024-12-04T09:07:34.832Z"}
{"level":"\u001b[32minfo\u001b[39m","message":"{\"method\":\"GET\",\"url\":\"/getprivatevideos\",\"status\":\"-\",\"responseTime\":\"-\"}","timestamp":"2024-12-04T09:07:40.202Z"}
{"level":"\u001b[32minfo\u001b[39m","message":"{\"method\":\"GET\",\"url\":\"/getprivatevideos\",\"status\":\"200\",\"responseTime\":\"815.400\"}","timestamp":"2024-12-04T09:07:42.748Z"}
{"level":"\u001b[32minfo\u001b[39m","message":"{\"method\":\"GET\",\"url\":\"/getprivatevideos\",\"status\":\"304\",\"responseTime\":\"383.048\"}","timestamp":"2024-12-04T09:08:03.837Z"}
{"level":"\u001b[32minfo\u001b[39m","message":"{\"method\":\"GET\",\"url\":\"/getprivatevideos\",\"status\":\"304\",\"responseTime\":\"537.554\"}","timestamp":"2024-12-04T09:08:12.215Z"}
{"level":"\u001b[32minfo\u001b[39m","message":"{\"method\":\"GET\",\"url\":\"/getprivatevideos\",\"status\":\"304\",\"responseTime\":\"418.959\"}","timestamp":"2024-12-04T09:08:35.554Z"}
{"level":"\u001b[32minfo\u001b[39m","message":"{\"method\":\"GET\",\"url\":\"/getprivatevideos\",\"status\":\"304\",\"responseTime\":\"821.576\"}","timestamp":"2024-12-04T09:08:49.648Z"}
{"level":"\u001b[32minfo\u001b[39m","message":"{\"method\":\"GET\",\"url\":\"/getprivatevideos\",\"status\":\"304\",\"responseTime\":\"503.850\"}","timestamp":"2024-12-04T09:08:57.517Z"}
{"level":"\u001b[32minfo\u001b[39m","message":"{\"method\":\"GET\",\"url\":\"/getprivatevideos\",\"status\":\"304\",\"responseTime\":\"295.196\"}","timestamp":"2024-12-04T09:08:59.667Z"}
{"level":"\u001b[32minfo\u001b[39m","message":"{\"method\":\"PUT\",\"url\":\"/update-video/673f34abae355142ad5a8a50\",\"status\":\"200\",\"responseTime\":\"158.270\"}","timestamp":"2024-12-04T09:09:20.558Z"}
{"level":"\u001b[32minfo\u001b[39m","message":"{\"method\":\"GET\",\"url\":\"/getprivatevideos\",\"status\":\"200\",\"responseTime\":\"147.178\"}","timestamp":"2024-12-04T09:10:35.178Z"}
{"level":"\u001b[32minfo\u001b[39m","message":"{\"method\":\"GET\",\"url\":\"/getprivatevideos\",\"status\":\"304\",\"responseTime\":\"256.074\"}","timestamp":"2024-12-04T09:11:31.972Z"}
{"level":"\u001b[32minfo\u001b[39m","message":"{\"method\":\"GET\",\"url\":\"/getprivatevideos\",\"status\":\"304\",\"responseTime\":\"811.826\"}","timestamp":"2024-12-04T09:11:35.216Z"}
{"level":"\u001b[32minfo\u001b[39m","message":"{\"method\":\"GET\",\"url\":\"/getprivatevideos\",\"status\":\"304\",\"responseTime\":\"196.459\"}","timestamp":"2024-12-04T09:11:55.751Z"}
{"level":"\u001b[32minfo\u001b[39m","message":"{\"method\":\"GET\",\"url\":\"/getprivatevideos\",\"status\":\"304\",\"responseTime\":\"63.551\"}","timestamp":"2024-12-04T09:12:14.581Z"}
{"level":"\u001b[32minfo\u001b[39m","message":"{\"method\":\"GET\",\"url\":\"/getprivatevideos\",\"status\":\"304\",\"responseTime\":\"313.982\"}","timestamp":"2024-12-04T09:12:16.779Z"}
{"level":"\u001b[32minfo\u001b[39m","message":"{\"method\":\"GET\",\"url\":\"/getprivatevideos\",\"status\":\"304\",\"responseTime\":\"846.255\"}","timestamp":"2024-12-04T09:12:20.237Z"}
{"level":"\u001b[32minfo\u001b[39m","message":"{\"method\":\"PUT\",\"url\":\"/update-video/673f34abae355142ad5a8a50\",\"status\":\"200\",\"responseTime\":\"118.583\"}","timestamp":"2024-12-04T09:19:15.823Z"}
{"level":"\u001b[32minfo\u001b[39m","message":"{\"method\":\"GET\",\"url\":\"/videos\",\"status\":\"200\",\"responseTime\":\"365.660\"}","timestamp":"2024-12-04T09:19:38.347Z"}
{"level":"\u001b[32minfo\u001b[39m","message":"{\"method\":\"PUT\",\"url\":\"/updateviews\",\"status\":\"200\",\"responseTime\":\"38.687\"}","timestamp":"2024-12-04T09:19:43.506Z"}
{"level":"\u001b[32minfo\u001b[39m","message":"{\"method\":\"GET\",\"url\":\"/fetchOther/672b2639467bb75f87c5f750\",\"status\":\"200\",\"responseTime\":\"3649.551\"}","timestamp":"2024-12-04T09:19:47.263Z"}
{"level":"\u001b[32minfo\u001b[39m","message":"{\"method\":\"GET\",\"url\":\"/video/672b2639467bb75f87c5f750\",\"status\":\"200\",\"responseTime\":\"10116.188\"}","timestamp":"2024-12-04T09:19:53.708Z"}
{"level":"\u001b[32minfo\u001b[39m","message":"{\"method\":\"GET\",\"url\":\"/videos\",\"status\":\"200\",\"responseTime\":\"407.729\"}","timestamp":"2024-12-04T09:20:04.350Z"}
{"level":"\u001b[32minfo\u001b[39m","message":"{\"method\":\"GET\",\"url\":\"/likedvideos\",\"status\":\"200\",\"responseTime\":\"3082.684\"}","timestamp":"2024-12-04T09:20:09.113Z"}
{"level":"\u001b[32minfo\u001b[39m","message":"{\"method\":\"GET\",\"url\":\"/videos\",\"status\":\"304\",\"responseTime\":\"583.931\"}","timestamp":"2024-12-04T09:20:14.552Z"}
{"level":"\u001b[32minfo\u001b[39m","message":"{\"method\":\"GET\",\"url\":\"/likedvideos\",\"status\":\"304\",\"responseTime\":\"1425.352\"}","timestamp":"2024-12-04T09:20:18.196Z"}
{"level":"\u001b[32minfo\u001b[39m","message":"{\"method\":\"GET\",\"url\":\"/videos\",\"status\":\"304\",\"responseTime\":\"547.217\"}","timestamp":"2024-12-04T09:22:21.670Z"}
{"level":"\u001b[32minfo\u001b[39m","message":"{\"method\":\"GET\",\"url\":\"/likedvideos\",\"status\":\"304\",\"responseTime\":\"275.357\"}","timestamp":"2024-12-04T09:22:23.204Z"}
{"level":"\u001b[32minfo\u001b[39m","message":"{\"method\":\"GET\",\"url\":\"/getprivatevideos\",\"status\":\"200\",\"responseTime\":\"241.054\"}","timestamp":"2024-12-04T09:22:24.609Z"}
{"level":"\u001b[32minfo\u001b[39m","message":"{\"method\":\"GET\",\"url\":\"/likedvideos\",\"status\":\"304\",\"responseTime\":\"1638.906\"}","timestamp":"2024-12-04T09:22:27.709Z"}
{"level":"\u001b[32minfo\u001b[39m","message":"{\"method\":\"PUT\",\"url\":\"/updateviews\",\"status\":\"200\",\"responseTime\":\"3.474\"}","timestamp":"2024-12-04T09:22:30.333Z"}
{"level":"\u001b[32minfo\u001b[39m","message":"{\"method\":\"GET\",\"url\":\"/likedvideos\",\"status\":\"200\",\"responseTime\":\"925.545\"}","timestamp":"2024-12-04T09:22:31.265Z"}
{"level":"\u001b[32minfo\u001b[39m","message":"{\"method\":\"GET\",\"url\":\"/video/6741c6d61ca725a624d8341f\",\"status\":\"200\",\"responseTime\":\"1522.523\"}","timestamp":"2024-12-04T09:22:31.811Z"}
{"level":"\u001b[32minfo\u001b[39m","message":"{\"method\":\"GET\",\"url\":\"/videos\",\"status\":\"200\",\"responseTime\":\"587.558\"}","timestamp":"2024-12-04T09:22:46.223Z"}
{"level":"\u001b[32minfo\u001b[39m","message":"{\"method\":\"GET\",\"url\":\"/videos\",\"status\":\"304\",\"responseTime\":\"710.328\"}","timestamp":"2024-12-04T09:27:15.938Z"}
{"level":"\u001b[32minfo\u001b[39m","message":"{\"method\":\"PUT\",\"url\":\"/updateviews\",\"status\":\"200\",\"responseTime\":\"3.462\"}","timestamp":"2024-12-04T09:27:19.139Z"}
{"level":"\u001b[32minfo\u001b[39m","message":"{\"method\":\"GET\",\"url\":\"/fetchOther/672b2639467bb75f87c5f750\",\"status\":\"200\",\"responseTime\":\"488.832\"}","timestamp":"2024-12-04T09:27:19.634Z"}
{"level":"\u001b[32minfo\u001b[39m","message":"{\"method\":\"GET\",\"url\":\"/video/672b2639467bb75f87c5f750\",\"status\":\"304\",\"responseTime\":\"1865.705\"}","timestamp":"2024-12-04T09:27:20.955Z"}
{"level":"\u001b[32minfo\u001b[39m","message":"{\"method\":\"GET\",\"url\":\"/videos\",\"status\":\"200\",\"responseTime\":\"342.399\"}","timestamp":"2024-12-04T09:27:22.382Z"}
{"level":"\u001b[32minfo\u001b[39m","message":"{\"method\":\"GET\",\"url\":\"/videos\",\"status\":\"304\",\"responseTime\":\"651.248\"}","timestamp":"2024-12-04T09:28:36.817Z"}
{"level":"\u001b[32minfo\u001b[39m","message":"{\"method\":\"GET\",\"url\":\"/videos\",\"status\":\"304\",\"responseTime\":\"295.200\"}","timestamp":"2024-12-04T09:28:47.487Z"}
{"level":"\u001b[32minfo\u001b[39m","message":"{\"method\":\"GET\",\"url\":\"/videos\",\"status\":\"304\",\"responseTime\":\"823.354\"}","timestamp":"2024-12-04T09:28:49.346Z"}
{"level":"\u001b[32minfo\u001b[39m","message":"{\"method\":\"GET\",\"url\":\"/videos\",\"status\":\"-\",\"responseTime\":\"-\"}","timestamp":"2024-12-04T09:28:51.766Z"}
{"level":"\u001b[32minfo\u001b[39m","message":"{\"method\":\"GET\",\"url\":\"/videos\",\"status\":\"200\",\"responseTime\":\"394.898\"}","timestamp":"2024-12-04T09:28:52.717Z"}
{"level":"\u001b[32minfo\u001b[39m","message":"{\"method\":\"GET\",\"url\":\"/videos\",\"status\":\"304\",\"responseTime\":\"394.255\"}","timestamp":"2024-12-04T09:29:16.795Z"}
{"level":"\u001b[32minfo\u001b[39m","message":"{\"method\":\"GET\",\"url\":\"/videos\",\"status\":\"304\",\"responseTime\":\"310.681\"}","timestamp":"2024-12-04T09:29:18.880Z"}
{"level":"\u001b[32minfo\u001b[39m","message":"{\"method\":\"GET\",\"url\":\"/videos\",\"status\":\"304\",\"responseTime\":\"370.252\"}","timestamp":"2024-12-04T09:29:22.425Z"}
{"level":"\u001b[32minfo\u001b[39m","message":"{\"method\":\"GET\",\"url\":\"/videos\",\"status\":\"304\",\"responseTime\":\"509.484\"}","timestamp":"2024-12-04T09:29:35.078Z"}
{"level":"\u001b[32minfo\u001b[39m","message":"{\"method\":\"GET\",\"url\":\"/videos\",\"status\":\"304\",\"responseTime\":\"539.434\"}","timestamp":"2024-12-04T09:29:37.298Z"}
{"level":"\u001b[32minfo\u001b[39m","message":"{\"method\":\"GET\",\"url\":\"/videos\",\"status\":\"304\",\"responseTime\":\"444.764\"}","timestamp":"2024-12-04T09:29:45.893Z"}
{"level":"\u001b[32minfo\u001b[39m","message":"{\"method\":\"GET\",\"url\":\"/videos\",\"status\":\"304\",\"responseTime\":\"392.759\"}","timestamp":"2024-12-04T09:29:47.585Z"}
{"level":"\u001b[32minfo\u001b[39m","message":"{\"method\":\"PUT\",\"url\":\"/updateviews\",\"status\":\"200\",\"responseTime\":\"14.002\"}","timestamp":"2024-12-04T09:30:33.518Z"}
{"level":"\u001b[32minfo\u001b[39m","message":"{\"method\":\"GET\",\"url\":\"/fetchOther/672b2639467bb75f87c5f750\",\"status\":\"304\",\"responseTime\":\"950.340\"}","timestamp":"2024-12-04T09:30:34.477Z"}
{"level":"\u001b[32minfo\u001b[39m","message":"{\"method\":\"GET\",\"url\":\"/videos\",\"status\":\"200\",\"responseTime\":\"372.419\"}","timestamp":"2024-12-04T09:30:35.398Z"}
{"level":"\u001b[32minfo\u001b[39m","message":"{\"method\":\"GET\",\"url\":\"/video/672b2639467bb75f87c5f750\",\"status\":\"200\",\"responseTime\":\"1991.150\"}","timestamp":"2024-12-04T09:30:35.412Z"}
{"level":"\u001b[32minfo\u001b[39m","message":"{\"method\":\"GET\",\"url\":\"/likedvideos\",\"status\":\"304\",\"responseTime\":\"1548.197\"}","timestamp":"2024-12-04T10:06:18.116Z"}
{"level":"\u001b[32minfo\u001b[39m","message":"{\"method\":\"GET\",\"url\":\"/topfive\",\"status\":\"200\",\"responseTime\":\"104.287\"}","timestamp":"2024-12-04T10:44:06.967Z"}
{"level":"\u001b[32minfo\u001b[39m","message":"{\"method\":\"GET\",\"url\":\"/videos\",\"status\":\"304\",\"responseTime\":\"282.477\"}","timestamp":"2024-12-04T10:44:11.799Z"}
{"level":"\u001b[32minfo\u001b[39m","message":"{\"method\":\"GET\",\"url\":\"/likedvideos\",\"status\":\"304\",\"responseTime\":\"384.206\"}","timestamp":"2024-12-04T10:44:13.004Z"}
{"level":"\u001b[32minfo\u001b[39m","message":"{\"method\":\"GET\",\"url\":\"/getprivatevideos\",\"status\":\"304\",\"responseTime\":\"1176.297\"}","timestamp":"2024-12-04T10:44:34.212Z"}
{"level":"\u001b[32minfo\u001b[39m","message":"{\"method\":\"PUT\",\"url\":\"/updateviews\",\"status\":\"200\",\"responseTime\":\"22.753\"}","timestamp":"2024-12-04T10:44:40.859Z"}
{"level":"\u001b[32minfo\u001b[39m","message":"{\"method\":\"GET\",\"url\":\"/fetchOther/673f34abae355142ad5a8a50\",\"status\":\"200\",\"responseTime\":\"2285.981\"}","timestamp":"2024-12-04T10:44:43.175Z"}
{"level":"\u001b[32minfo\u001b[39m","message":"{\"method\":\"GET\",\"url\":\"/video/673f34abae355142ad5a8a50\",\"status\":\"200\",\"responseTime\":\"3172.921\"}","timestamp":"2024-12-04T10:44:43.942Z"}
{"level":"\u001b[32minfo\u001b[39m","message":"{\"method\":\"POST\",\"url\":\"/likevideo\",\"status\":\"200\",\"responseTime\":\"606.661\"}","timestamp":"2024-12-04T10:44:46.380Z"}
{"level":"\u001b[32minfo\u001b[39m","message":"{\"method\":\"GET\",\"url\":\"/videos\",\"status\":\"200\",\"responseTime\":\"368.069\"}","timestamp":"2024-12-04T10:44:48.543Z"}
{"level":"\u001b[32minfo\u001b[39m","message":"{\"method\":\"GET\",\"url\":\"/likedvideos\",\"status\":\"200\",\"responseTime\":\"258.518\"}","timestamp":"2024-12-04T10:44:50.304Z"}
{"level":"\u001b[32minfo\u001b[39m","message":"{\"method\":\"PUT\",\"url\":\"/updateviews\",\"status\":\"200\",\"responseTime\":\"3.604\"}","timestamp":"2024-12-04T10:44:52.986Z"}
{"level":"\u001b[32minfo\u001b[39m","message":"{\"method\":\"GET\",\"url\":\"/likedvideos\",\"status\":\"200\",\"responseTime\":\"393.868\"}","timestamp":"2024-12-04T10:44:53.384Z"}
{"level":"\u001b[32minfo\u001b[39m","message":"{\"method\":\"GET\",\"url\":\"/video/673f34abae355142ad5a8a50\",\"status\":\"200\",\"responseTime\":\"793.738\"}","timestamp":"2024-12-04T10:44:53.741Z"}
{"level":"\u001b[32minfo\u001b[39m","message":"{\"method\":\"GET\",\"url\":\"/videos\",\"status\":\"200\",\"responseTime\":\"305.536\"}","timestamp":"2024-12-04T10:44:56.903Z"}
{"level":"\u001b[32minfo\u001b[39m","message":"{\"method\":\"GET\",\"url\":\"/topfive\",\"status\":\"304\",\"responseTime\":\"51.676\"}","timestamp":"2024-12-04T10:45:27.114Z"}
{"level":"\u001b[32minfo\u001b[39m","message":"{\"method\":\"GET\",\"url\":\"/topfive\",\"status\":\"304\",\"responseTime\":\"85.230\"}","timestamp":"2024-12-04T10:45:32.447Z"}
{"level":"\u001b[32minfo\u001b[39m","message":"{\"method\":\"GET\",\"url\":\"/topfive\",\"status\":\"304\",\"responseTime\":\"65.737\"}","timestamp":"2024-12-04T10:45:35.463Z"}
{"level":"\u001b[32minfo\u001b[39m","message":"{\"method\":\"GET\",\"url\":\"/topfive\",\"status\":\"304\",\"responseTime\":\"127.533\"}","timestamp":"2024-12-04T10:45:38.663Z"}
{"level":"\u001b[32minfo\u001b[39m","message":"{\"method\":\"GET\",\"url\":\"/topfive\",\"status\":\"304\",\"responseTime\":\"634.753\"}","timestamp":"2024-12-04T10:45:46.290Z"}
{"level":"\u001b[32minfo\u001b[39m","message":"{\"method\":\"GET\",\"url\":\"/topfive\",\"status\":\"304\",\"responseTime\":\"79.990\"}","timestamp":"2024-12-04T10:45:56.685Z"}
{"level":"\u001b[32minfo\u001b[39m","message":"{\"method\":\"GET\",\"url\":\"/topfive\",\"status\":\"304\",\"responseTime\":\"287.284\"}","timestamp":"2024-12-04T10:47:39.792Z"}
{"level":"\u001b[32minfo\u001b[39m","message":"{\"method\":\"GET\",\"url\":\"/videos\",\"status\":\"304\",\"responseTime\":\"570.294\"}","timestamp":"2024-12-04T11:34:47.661Z"}
{"level":"\u001b[32minfo\u001b[39m","message":"{\"method\":\"GET\",\"url\":\"/topfive\",\"status\":\"304\",\"responseTime\":\"655.066\"}","timestamp":"2024-12-04T11:34:47.670Z"}
{"level":"\u001b[32minfo\u001b[39m","message":"{\"method\":\"GET\",\"url\":\"/videos\",\"status\":\"304\",\"responseTime\":\"146.842\"}","timestamp":"2024-12-04T11:35:04.307Z"}
{"level":"\u001b[32minfo\u001b[39m","message":"{\"method\":\"GET\",\"url\":\"/topfive\",\"status\":\"304\",\"responseTime\":\"134.056\"}","timestamp":"2024-12-04T11:35:04.315Z"}
{"level":"\u001b[32minfo\u001b[39m","message":"{\"method\":\"GET\",\"url\":\"/topfive\",\"status\":\"304\",\"responseTime\":\"76.578\"}","timestamp":"2024-12-04T11:37:29.981Z"}
{"level":"\u001b[32minfo\u001b[39m","message":"{\"method\":\"GET\",\"url\":\"/videos\",\"status\":\"304\",\"responseTime\":\"161.138\"}","timestamp":"2024-12-04T11:37:30.084Z"}
{"level":"\u001b[32minfo\u001b[39m","message":"{\"method\":\"GET\",\"url\":\"/videos\",\"status\":\"304\",\"responseTime\":\"180.553\"}","timestamp":"2024-12-04T11:39:12.289Z"}
{"level":"\u001b[32minfo\u001b[39m","message":"{\"method\":\"GET\",\"url\":\"/topfive\",\"status\":\"304\",\"responseTime\":\"119.551\"}","timestamp":"2024-12-04T11:39:12.457Z"}
{"level":"\u001b[32minfo\u001b[39m","message":"{\"method\":\"POST\",\"url\":\"/savewatchlater\",\"status\":\"200\",\"responseTime\":\"16.634\"}","timestamp":"2024-12-04T11:49:26.145Z"}
{"level":"\u001b[32minfo\u001b[39m","message":"{\"method\":\"PUT\",\"url\":\"/updateviews\",\"status\":\"200\",\"responseTime\":\"27.775\"}","timestamp":"2024-12-04T11:49:47.792Z"}
{"level":"\u001b[32minfo\u001b[39m","message":"{\"method\":\"GET\",\"url\":\"/fetchOther/672b2639467bb75f87c5f750\",\"status\":\"200\",\"responseTime\":\"256.351\"}","timestamp":"2024-12-04T11:49:48.225Z"}
{"level":"\u001b[32minfo\u001b[39m","message":"{\"method\":\"GET\",\"url\":\"/video/672b2639467bb75f87c5f750\",\"status\":\"304\",\"responseTime\":\"2414.830\"}","timestamp":"2024-12-04T11:49:50.117Z"}
{"level":"\u001b[32minfo\u001b[39m","message":"{\"method\":\"GET\",\"url\":\"/videos\",\"status\":\"200\",\"responseTime\":\"385.788\"}","timestamp":"2024-12-04T11:59:24.659Z"}
{"level":"\u001b[32minfo\u001b[39m","message":"{\"method\":\"POST\",\"url\":\"/savewatchlater\",\"status\":\"200\",\"responseTime\":\"57.225\"}","timestamp":"2024-12-04T11:59:28.348Z"}
{"level":"\u001b[32minfo\u001b[39m","message":"{\"method\":\"POST\",\"url\":\"/savewatchlater\",\"status\":\"200\",\"responseTime\":\"69.988\"}","timestamp":"2024-12-04T12:01:10.223Z"}
{"level":"\u001b[32minfo\u001b[39m","message":"{\"method\":\"GET\",\"url\":\"/videos\",\"status\":\"304\",\"responseTime\":\"153.101\"}","timestamp":"2024-12-04T12:02:03.609Z"}
{"level":"\u001b[32minfo\u001b[39m","message":"{\"method\":\"GET\",\"url\":\"/videos\",\"status\":\"304\",\"responseTime\":\"156.433\"}","timestamp":"2024-12-04T12:02:24.189Z"}
{"level":"\u001b[32minfo\u001b[39m","message":"{\"method\":\"POST\",\"url\":\"/savewatchlater\",\"status\":\"200\",\"responseTime\":\"84.028\"}","timestamp":"2024-12-04T12:02:30.160Z"}
{"level":"\u001b[32minfo\u001b[39m","message":"{\"method\":\"POST\",\"url\":\"/savewatchlater\",\"status\":\"200\",\"responseTime\":\"208.886\"}","timestamp":"2024-12-04T12:02:35.462Z"}
{"level":"\u001b[32minfo\u001b[39m","message":"{\"method\":\"GET\",\"url\":\"/videos\",\"status\":\"304\",\"responseTime\":\"352.805\"}","timestamp":"2024-12-04T12:04:12.588Z"}
{"level":"\u001b[32minfo\u001b[39m","message":"{\"method\":\"POST\",\"url\":\"/savewatchlater\",\"status\":\"200\",\"responseTime\":\"65.022\"}","timestamp":"2024-12-04T12:04:16.307Z"}
{"level":"\u001b[32minfo\u001b[39m","message":"{\"method\":\"GET\",\"url\":\"/videos\",\"status\":\"304\",\"responseTime\":\"256.332\"}","timestamp":"2024-12-04T12:04:57.761Z"}
{"level":"\u001b[32minfo\u001b[39m","message":"{\"method\":\"GET\",\"url\":\"/videos\",\"status\":\"304\",\"responseTime\":\"321.939\"}","timestamp":"2024-12-04T12:05:00.856Z"}
{"level":"\u001b[32minfo\u001b[39m","message":"{\"method\":\"POST\",\"url\":\"/savewatchlater\",\"status\":\"200\",\"responseTime\":\"346.659\"}","timestamp":"2024-12-04T12:05:04.354Z"}
{"level":"\u001b[32minfo\u001b[39m","message":"{\"method\":\"GET\",\"url\":\"/getprivatevideos\",\"status\":\"304\",\"responseTime\":\"65.540\"}","timestamp":"2024-12-04T12:05:14.114Z"}
{"level":"\u001b[32minfo\u001b[39m","message":"{\"method\":\"GET\",\"url\":\"/getprivatevideos\",\"status\":\"304\",\"responseTime\":\"54.671\"}","timestamp":"2024-12-04T12:06:54.298Z"}
{"level":"\u001b[32minfo\u001b[39m","message":"{\"method\":\"GET\",\"url\":\"/getprivatevideos\",\"status\":\"304\",\"responseTime\":\"110.724\"}","timestamp":"2024-12-04T12:07:00.346Z"}
{"level":"\u001b[32minfo\u001b[39m","message":"{\"method\":\"GET\",\"url\":\"/getprivatevideos\",\"status\":\"304\",\"responseTime\":\"1262.562\"}","timestamp":"2024-12-04T12:08:32.588Z"}
{"level":"\u001b[32minfo\u001b[39m","message":"{\"method\":\"GET\",\"url\":\"/getprivatevideos\",\"status\":\"304\",\"responseTime\":\"113.447\"}","timestamp":"2024-12-04T12:08:35.244Z"}
{"level":"\u001b[32minfo\u001b[39m","message":"{\"method\":\"GET\",\"url\":\"/getprivatevideos\",\"status\":\"304\",\"responseTime\":\"311.275\"}","timestamp":"2024-12-04T12:08:36.884Z"}
{"level":"\u001b[32minfo\u001b[39m","message":"{\"method\":\"GET\",\"url\":\"/getprivatevideos\",\"status\":\"304\",\"responseTime\":\"56.366\"}","timestamp":"2024-12-04T12:08:38.064Z"}
{"level":"\u001b[32minfo\u001b[39m","message":"{\"method\":\"GET\",\"url\":\"/getprivatevideos\",\"status\":\"304\",\"responseTime\":\"57.855\"}","timestamp":"2024-12-04T12:11:36.732Z"}
{"level":"\u001b[32minfo\u001b[39m","message":"{\"method\":\"GET\",\"url\":\"/getprivatevideos\",\"status\":\"304\",\"responseTime\":\"63.556\"}","timestamp":"2024-12-04T12:11:38.632Z"}
{"level":"\u001b[32minfo\u001b[39m","message":"{\"method\":\"GET\",\"url\":\"/getwatchlatervideos\",\"status\":\"200\",\"responseTime\":\"193.446\"}","timestamp":"2024-12-04T12:11:38.748Z"}
{"level":"\u001b[32minfo\u001b[39m","message":"{\"method\":\"GET\",\"url\":\"/getprivatevideos\",\"status\":\"304\",\"responseTime\":\"60.343\"}","timestamp":"2024-12-04T12:12:08.960Z"}
{"level":"\u001b[32minfo\u001b[39m","message":"{\"method\":\"GET\",\"url\":\"/getwatchlatervideos\",\"status\":\"304\",\"responseTime\":\"124.394\"}","timestamp":"2024-12-04T12:12:09.016Z"}
{"level":"\u001b[32minfo\u001b[39m","message":"{\"method\":\"GET\",\"url\":\"/getwatchlatervideos\",\"status\":\"304\",\"responseTime\":\"664.000\"}","timestamp":"2024-12-04T12:13:07.834Z"}
{"level":"\u001b[32minfo\u001b[39m","message":"{\"method\":\"GET\",\"url\":\"/getprivatevideos\",\"status\":\"304\",\"responseTime\":\"639.039\"}","timestamp":"2024-12-04T12:13:07.962Z"}
{"level":"\u001b[32minfo\u001b[39m","message":"{\"method\":\"GET\",\"url\":\"/getprivatevideos\",\"status\":\"304\",\"responseTime\":\"59.191\"}","timestamp":"2024-12-04T12:13:12.857Z"}
{"level":"\u001b[32minfo\u001b[39m","message":"{\"method\":\"GET\",\"url\":\"/getwatchlatervideos\",\"status\":\"304\",\"responseTime\":\"215.487\"}","timestamp":"2024-12-04T12:13:13.050Z"}
{"level":"\u001b[32minfo\u001b[39m","message":"{\"method\":\"GET\",\"url\":\"/getprivatevideos\",\"status\":\"304\",\"responseTime\":\"52.655\"}","timestamp":"2024-12-04T12:13:29.648Z"}
{"level":"\u001b[32minfo\u001b[39m","message":"{\"method\":\"GET\",\"url\":\"/getwatchlatervideos\",\"status\":\"304\",\"responseTime\":\"240.172\"}","timestamp":"2024-12-04T12:13:29.842Z"}
{"level":"\u001b[32minfo\u001b[39m","message":"{\"method\":\"GET\",\"url\":\"/getprivatevideos\",\"status\":\"304\",\"responseTime\":\"52.840\"}","timestamp":"2024-12-04T12:13:35.493Z"}
{"level":"\u001b[32minfo\u001b[39m","message":"{\"method\":\"GET\",\"url\":\"/getwatchlatervideos\",\"status\":\"304\",\"responseTime\":\"198.697\"}","timestamp":"2024-12-04T12:13:35.646Z"}
{"level":"\u001b[32minfo\u001b[39m","message":"{\"method\":\"PUT\",\"url\":\"/updateviews\",\"status\":\"200\",\"responseTime\":\"12.570\"}","timestamp":"2024-12-04T12:13:56.515Z"}
{"level":"\u001b[32minfo\u001b[39m","message":"{\"method\":\"GET\",\"url\":\"/video/675041c6a12943264b44ab1e\",\"status\":\"404\",\"responseTime\":\"354.287\"}","timestamp":"2024-12-04T12:13:56.587Z"}
{"level":"\u001b[32minfo\u001b[39m","message":"{\"method\":\"GET\",\"url\":\"/fetchOther/675041c6a12943264b44ab1e\",\"status\":\"200\",\"responseTime\":\"81.119\"}","timestamp":"2024-12-04T12:13:56.673Z"}
{"level":"\u001b[32minfo\u001b[39m","message":"{\"method\":\"GET\",\"url\":\"/videos\",\"status\":\"304\",\"responseTime\":\"225.110\"}","timestamp":"2024-12-04T12:13:58.607Z"}
{"level":"\u001b[32minfo\u001b[39m","message":"{\"method\":\"GET\",\"url\":\"/getprivatevideos\",\"status\":\"304\",\"responseTime\":\"53.818\"}","timestamp":"2024-12-04T12:14:01.910Z"}
{"level":"\u001b[32minfo\u001b[39m","message":"{\"method\":\"GET\",\"url\":\"/getwatchlatervideos\",\"status\":\"304\",\"responseTime\":\"153.405\"}","timestamp":"2024-12-04T12:14:01.997Z"}
{"level":"\u001b[32minfo\u001b[39m","message":"{\"method\":\"GET\",\"url\":\"/getprivatevideos\",\"status\":\"304\",\"responseTime\":\"471.666\"}","timestamp":"2024-12-04T12:14:55.633Z"}
{"level":"\u001b[32minfo\u001b[39m","message":"{\"method\":\"GET\",\"url\":\"/getwatchlatervideos\",\"status\":\"304\",\"responseTime\":\"450.261\"}","timestamp":"2024-12-04T12:14:55.809Z"}
{"level":"\u001b[32minfo\u001b[39m","message":"{\"method\":\"GET\",\"url\":\"/getprivatevideos\",\"status\":\"304\",\"responseTime\":\"184.896\"}","timestamp":"2024-12-04T12:15:13.729Z"}
{"level":"\u001b[32minfo\u001b[39m","message":"{\"method\":\"GET\",\"url\":\"/getwatchlatervideos\",\"status\":\"304\",\"responseTime\":\"178.075\"}","timestamp":"2024-12-04T12:15:13.855Z"}
{"level":"\u001b[32minfo\u001b[39m","message":"{\"method\":\"GET\",\"url\":\"/getprivatevideos\",\"status\":\"304\",\"responseTime\":\"143.375\"}","timestamp":"2024-12-04T12:16:19.201Z"}
{"level":"\u001b[32minfo\u001b[39m","message":"{\"method\":\"GET\",\"url\":\"/getwatchlatervideos\",\"status\":\"304\",\"responseTime\":\"205.754\"}","timestamp":"2024-12-04T12:16:19.328Z"}
{"level":"\u001b[32minfo\u001b[39m","message":"{\"method\":\"GET\",\"url\":\"/getprivatevideos\",\"status\":\"304\",\"responseTime\":\"165.694\"}","timestamp":"2024-12-04T12:18:36.111Z"}
{"level":"\u001b[32minfo\u001b[39m","message":"{\"method\":\"GET\",\"url\":\"/getwatchlatervideos\",\"status\":\"200\",\"responseTime\":\"316.294\"}","timestamp":"2024-12-04T12:18:36.269Z"}
{"level":"\u001b[32minfo\u001b[39m","message":"{\"method\":\"PUT\",\"url\":\"/update-video/672b2639467bb75f87c5f750\",\"status\":\"200\",\"responseTime\":\"55.187\"}","timestamp":"2024-12-04T12:18:55.696Z"}
{"level":"\u001b[32minfo\u001b[39m","message":"{\"method\":\"GET\",\"url\":\"/getprivatevideos\",\"status\":\"200\",\"responseTime\":\"434.892\"}","timestamp":"2024-12-04T12:20:35.540Z"}
{"level":"\u001b[32minfo\u001b[39m","message":"{\"method\":\"GET\",\"url\":\"/getwatchlatervideos\",\"status\":\"200\",\"responseTime\":\"461.060\"}","timestamp":"2024-12-04T12:20:35.654Z"}
{"level":"\u001b[32minfo\u001b[39m","message":"{\"method\":\"GET\",\"url\":\"/getprivatevideos\",\"status\":\"304\",\"responseTime\":\"49.774\"}","timestamp":"2024-12-04T12:21:09.391Z"}
{"level":"\u001b[32minfo\u001b[39m","message":"{\"method\":\"GET\",\"url\":\"/getwatchlatervideos\",\"status\":\"304\",\"responseTime\":\"110.631\"}","timestamp":"2024-12-04T12:21:09.458Z"}
{"level":"\u001b[32minfo\u001b[39m","message":"{\"method\":\"GET\",\"url\":\"/getprivatevideos\",\"status\":\"304\",\"responseTime\":\"108.334\"}","timestamp":"2024-12-04T12:21:21.241Z"}
{"level":"\u001b[32minfo\u001b[39m","message":"{\"method\":\"GET\",\"url\":\"/getwatchlatervideos\",\"status\":\"304\",\"responseTime\":\"215.217\"}","timestamp":"2024-12-04T12:21:21.358Z"}
{"level":"\u001b[32minfo\u001b[39m","message":"{\"method\":\"GET\",\"url\":\"/getprivatevideos\",\"status\":\"304\",\"responseTime\":\"54.541\"}","timestamp":"2024-12-04T12:21:47.533Z"}
{"level":"\u001b[32minfo\u001b[39m","message":"{\"method\":\"GET\",\"url\":\"/getwatchlatervideos\",\"status\":\"304\",\"responseTime\":\"134.304\"}","timestamp":"2024-12-04T12:21:47.620Z"}
{"level":"\u001b[32minfo\u001b[39m","message":"{\"method\":\"GET\",\"url\":\"/getprivatevideos\",\"status\":\"304\",\"responseTime\":\"54.972\"}","timestamp":"2024-12-04T12:21:51.489Z"}
{"level":"\u001b[32minfo\u001b[39m","message":"{\"method\":\"GET\",\"url\":\"/getwatchlatervideos\",\"status\":\"304\",\"responseTime\":\"123.286\"}","timestamp":"2024-12-04T12:21:51.565Z"}
{"level":"\u001b[32minfo\u001b[39m","message":"{\"method\":\"GET\",\"url\":\"/getprivatevideos\",\"status\":\"304\",\"responseTime\":\"57.702\"}","timestamp":"2024-12-04T12:22:02.575Z"}
{"level":"\u001b[32minfo\u001b[39m","message":"{\"method\":\"GET\",\"url\":\"/getwatchlatervideos\",\"status\":\"304\",\"responseTime\":\"109.640\"}","timestamp":"2024-12-04T12:22:02.633Z"}
{"level":"\u001b[32minfo\u001b[39m","message":"{\"method\":\"GET\",\"url\":\"/getprivatevideos\",\"status\":\"304\",\"responseTime\":\"153.049\"}","timestamp":"2024-12-04T12:22:05.013Z"}
{"level":"\u001b[32minfo\u001b[39m","message":"{\"method\":\"GET\",\"url\":\"/getwatchlatervideos\",\"status\":\"304\",\"responseTime\":\"311.924\"}","timestamp":"2024-12-04T12:22:05.244Z"}
{"level":"\u001b[32minfo\u001b[39m","message":"{\"method\":\"PUT\",\"url\":\"/updateviews\",\"status\":\"200\",\"responseTime\":\"5.814\"}","timestamp":"2024-12-04T12:22:08.224Z"}
{"level":"\u001b[32minfo\u001b[39m","message":"{\"method\":\"GET\",\"url\":\"/fetchOther/672b2e18893d41e294fe48e4\",\"status\":\"200\",\"responseTime\":\"97.433\"}","timestamp":"2024-12-04T12:22:08.464Z"}
{"level":"\u001b[32minfo\u001b[39m","message":"{\"method\":\"GET\",\"url\":\"/video/672b2e18893d41e294fe48e4\",\"status\":\"200\",\"responseTime\":\"687.504\"}","timestamp":"2024-12-04T12:22:08.873Z"}
{"level":"\u001b[32minfo\u001b[39m","message":"{\"method\":\"GET\",\"url\":\"/getprivatevideos\",\"status\":\"304\",\"responseTime\":\"164.544\"}","timestamp":"2024-12-04T12:22:11.322Z"}
{"level":"\u001b[32minfo\u001b[39m","message":"{\"method\":\"GET\",\"url\":\"/getwatchlatervideos\",\"status\":\"200\",\"responseTime\":\"241.976\"}","timestamp":"2024-12-04T12:22:11.408Z"}
{"level":"\u001b[32minfo\u001b[39m","message":"{\"method\":\"GET\",\"url\":\"/getprivatevideos\",\"status\":\"304\",\"responseTime\":\"212.894\"}","timestamp":"2024-12-04T12:22:25.038Z"}
{"level":"\u001b[32minfo\u001b[39m","message":"{\"method\":\"GET\",\"url\":\"/getwatchlatervideos\",\"status\":\"304\",\"responseTime\":\"522.618\"}","timestamp":"2024-12-04T12:22:25.432Z"}
{"level":"\u001b[32minfo\u001b[39m","message":"{\"method\":\"GET\",\"url\":\"/getprivatevideos\",\"status\":\"304\",\"responseTime\":\"92.029\"}","timestamp":"2024-12-04T12:22:27.011Z"}
{"level":"\u001b[32minfo\u001b[39m","message":"{\"method\":\"GET\",\"url\":\"/getwatchlatervideos\",\"status\":\"304\",\"responseTime\":\"205.148\"}","timestamp":"2024-12-04T12:22:27.109Z"}
{"level":"\u001b[32minfo\u001b[39m","message":"{\"method\":\"GET\",\"url\":\"/getprivatevideos\",\"status\":\"304\",\"responseTime\":\"55.874\"}","timestamp":"2024-12-04T12:22:29.348Z"}
{"level":"\u001b[32minfo\u001b[39m","message":"{\"method\":\"GET\",\"url\":\"/getwatchlatervideos\",\"status\":\"304\",\"responseTime\":\"120.304\"}","timestamp":"2024-12-04T12:22:29.423Z"}
{"level":"\u001b[32minfo\u001b[39m","message":"{\"method\":\"GET\",\"url\":\"/getprivatevideos\",\"status\":\"304\",\"responseTime\":\"49.411\"}","timestamp":"2024-12-04T12:22:31.022Z"}
{"level":"\u001b[32minfo\u001b[39m","message":"{\"method\":\"GET\",\"url\":\"/getwatchlatervideos\",\"status\":\"304\",\"responseTime\":\"108.299\"}","timestamp":"2024-12-04T12:22:31.074Z"}
{"level":"\u001b[32minfo\u001b[39m","message":"{\"method\":\"GET\",\"url\":\"/videos\",\"status\":\"200\",\"responseTime\":\"340.226\"}","timestamp":"2024-12-04T12:23:01.552Z"}
{"level":"\u001b[32minfo\u001b[39m","message":"{\"method\":\"PUT\",\"url\":\"/updateviews\",\"status\":\"200\",\"responseTime\":\"4.257\"}","timestamp":"2024-12-04T12:23:04.578Z"}
{"level":"\u001b[32minfo\u001b[39m","message":"{\"method\":\"GET\",\"url\":\"/fetchOther/674158a504384e0d1d2ab1a3\",\"status\":\"200\",\"responseTime\":\"90.045\"}","timestamp":"2024-12-04T12:23:04.682Z"}
{"level":"\u001b[32minfo\u001b[39m","message":"{\"method\":\"GET\",\"url\":\"/video/674158a504384e0d1d2ab1a3\",\"status\":\"200\",\"responseTime\":\"521.761\"}","timestamp":"2024-12-04T12:23:05.058Z"}
{"level":"\u001b[32minfo\u001b[39m","message":"{\"method\":\"GET\",\"url\":\"/videos\",\"status\":\"200\",\"responseTime\":\"232.043\"}","timestamp":"2024-12-04T12:23:07.753Z"}
{"level":"\u001b[32minfo\u001b[39m","message":"{\"method\":\"GET\",\"url\":\"/videos\",\"status\":\"304\",\"responseTime\":\"248.611\"}","timestamp":"2024-12-04T12:23:20.484Z"}
{"level":"\u001b[32minfo\u001b[39m","message":"{\"method\":\"PUT\",\"url\":\"/updateviews\",\"status\":\"200\",\"responseTime\":\"3.087\"}","timestamp":"2024-12-04T12:23:22.188Z"}
{"level":"\u001b[32minfo\u001b[39m","message":"{\"method\":\"GET\",\"url\":\"/fetchOther/672b2e18893d41e294fe48e4\",\"status\":\"200\",\"responseTime\":\"60.107\"}","timestamp":"2024-12-04T12:23:22.257Z"}
{"level":"\u001b[32minfo\u001b[39m","message":"{\"method\":\"GET\",\"url\":\"/video/672b2e18893d41e294fe48e4\",\"status\":\"200\",\"responseTime\":\"429.289\"}","timestamp":"2024-12-04T12:23:22.602Z"}
{"level":"\u001b[32minfo\u001b[39m","message":"{\"method\":\"GET\",\"url\":\"/videos\",\"status\":\"200\",\"responseTime\":\"269.583\"}","timestamp":"2024-12-04T12:23:30.738Z"}
{"level":"\u001b[32minfo\u001b[39m","message":"{\"method\":\"POST\",\"url\":\"/savewatchlater\",\"status\":\"200\",\"responseTime\":\"113.763\"}","timestamp":"2024-12-04T12:23:34.168Z"}
{"level":"\u001b[32minfo\u001b[39m","message":"{\"method\":\"GET\",\"url\":\"/getprivatevideos\",\"status\":\"200\",\"responseTime\":\"79.986\"}","timestamp":"2024-12-04T12:23:36.101Z"}
{"level":"\u001b[32minfo\u001b[39m","message":"{\"method\":\"GET\",\"url\":\"/getwatchlatervideos\",\"status\":\"200\",\"responseTime\":\"148.158\"}","timestamp":"2024-12-04T12:23:36.163Z"}
{"level":"\u001b[32minfo\u001b[39m","message":"{\"method\":\"GET\",\"url\":\"/getprivatevideos\",\"status\":\"304\",\"responseTime\":\"124.113\"}","timestamp":"2024-12-04T12:24:12.298Z"}
{"level":"\u001b[32minfo\u001b[39m","message":"{\"method\":\"GET\",\"url\":\"/getwatchlatervideos\",\"status\":\"304\",\"responseTime\":\"177.103\"}","timestamp":"2024-12-04T12:24:12.355Z"}
{"level":"\u001b[32minfo\u001b[39m","message":"{\"method\":\"PUT\",\"url\":\"/updateviews\",\"status\":\"200\",\"responseTime\":\"3.340\"}","timestamp":"2024-12-04T12:24:21.098Z"}
{"level":"\u001b[32minfo\u001b[39m","message":"{\"method\":\"GET\",\"url\":\"/fetchOther/672b2e18893d41e294fe48e4\",\"status\":\"304\",\"responseTime\":\"70.191\"}","timestamp":"2024-12-04T12:24:21.178Z"}
{"level":"\u001b[32minfo\u001b[39m","message":"{\"method\":\"GET\",\"url\":\"/video/672b2e18893d41e294fe48e4\",\"status\":\"200\",\"responseTime\":\"324.226\"}","timestamp":"2024-12-04T12:24:21.378Z"}
{"level":"\u001b[32minfo\u001b[39m","message":"{\"method\":\"GET\",\"url\":\"/videos\",\"status\":\"200\",\"responseTime\":\"261.796\"}","timestamp":"2024-12-04T12:24:24.484Z"}
