{"level":"\u001b[32minfo\u001b[39m","message":"{\"method\":\"GET\",\"url\":\"/videos\",\"status\":\"200\",\"responseTime\":\"156.031\"}","timestamp":"2024-11-06T23:50:46.550Z"}
{"level":"\u001b[32minfo\u001b[39m","message":"{\"method\":\"GET\",\"url\":\"/video/672b2639467bb75f87c5f750\",\"status\":\"304\",\"responseTime\":\"97.252\"}","timestamp":"2024-11-06T23:50:49.175Z"}
{"level":"\u001b[32minfo\u001b[39m","message":"{\"method\":\"GET\",\"url\":\"/videos\",\"status\":\"304\",\"responseTime\":\"100.145\"}","timestamp":"2024-11-06T23:51:28.563Z"}
{"level":"\u001b[32minfo\u001b[39m","message":"{\"method\":\"GET\",\"url\":\"/videos\",\"status\":\"304\",\"responseTime\":\"748.711\"}","timestamp":"2024-11-07T00:16:55.607Z"}
{"level":"\u001b[32minfo\u001b[39m","message":"{\"method\":\"POST\",\"url\":\"/generate-video-presigned-url\",\"status\":\"200\",\"responseTime\":\"80.076\"}","timestamp":"2024-11-07T00:30:58.596Z"}
{"level":"\u001b[32minfo\u001b[39m","message":"{\"method\":\"POST\",\"url\":\"/convert\",\"status\":\"200\",\"responseTime\":\"145.418\"}","timestamp":"2024-11-07T00:31:18.476Z"}
{"level":"\u001b[32minfo\u001b[39m","message":"{\"method\":\"GET\",\"url\":\"/videos\",\"status\":\"304\",\"responseTime\":\"137.539\"}","timestamp":"2024-11-07T00:31:36.535Z"}
{"level":"\u001b[32minfo\u001b[39m","message":"{\"method\":\"GET\",\"url\":\"/video/672b2639467bb75f87c5f750\",\"status\":\"304\",\"responseTime\":\"78.667\"}","timestamp":"2024-11-07T00:31:44.221Z"}
{"level":"\u001b[32minfo\u001b[39m","message":"{\"method\":\"GET\",\"url\":\"/video/672b2639467bb75f87c5f750\",\"status\":\"304\",\"responseTime\":\"96.674\"}","timestamp":"2024-11-07T00:33:53.111Z"}
{"level":"\u001b[32minfo\u001b[39m","message":"{\"method\":\"GET\",\"url\":\"/video/672b2639467bb75f87c5f750\",\"status\":\"304\",\"responseTime\":\"74.608\"}","timestamp":"2024-11-07T00:34:05.976Z"}
{"level":"\u001b[32minfo\u001b[39m","message":"{\"method\":\"GET\",\"url\":\"/video/672b2639467bb75f87c5f750\",\"status\":\"304\",\"responseTime\":\"73.521\"}","timestamp":"2024-11-07T00:34:50.107Z"}
{"level":"\u001b[32minfo\u001b[39m","message":"{\"method\":\"GET\",\"url\":\"/video/672b2639467bb75f87c5f750\",\"status\":\"304\",\"responseTime\":\"76.067\"}","timestamp":"2024-11-07T00:35:34.835Z"}
{"level":"\u001b[32minfo\u001b[39m","message":"{\"method\":\"GET\",\"url\":\"/video/672b2639467bb75f87c5f750\",\"status\":\"304\",\"responseTime\":\"79.776\"}","timestamp":"2024-11-07T00:35:37.575Z"}
{"level":"\u001b[32minfo\u001b[39m","message":"{\"method\":\"GET\",\"url\":\"/video/672b2639467bb75f87c5f750\",\"status\":\"304\",\"responseTime\":\"71.996\"}","timestamp":"2024-11-07T00:36:12.287Z"}
{"level":"\u001b[32minfo\u001b[39m","message":"{\"method\":\"GET\",\"url\":\"/videos\",\"status\":\"304\",\"responseTime\":\"117.253\"}","timestamp":"2024-11-07T00:50:45.937Z"}
{"level":"\u001b[32minfo\u001b[39m","message":"{\"method\":\"GET\",\"url\":\"/video/672b2639467bb75f87c5f750\",\"status\":\"304\",\"responseTime\":\"108.541\"}","timestamp":"2024-11-07T00:50:48.361Z"}
{"level":"\u001b[32minfo\u001b[39m","message":"{\"method\":\"GET\",\"url\":\"/videos\",\"status\":\"304\",\"responseTime\":\"117.064\"}","timestamp":"2024-11-07T00:50:52.603Z"}
{"level":"\u001b[32minfo\u001b[39m","message":"{\"method\":\"POST\",\"url\":\"/generate-video-presigned-url\",\"status\":\"200\",\"responseTime\":\"148.995\"}","timestamp":"2024-11-07T00:51:40.875Z"}
{"level":"\u001b[32minfo\u001b[39m","message":"{\"method\":\"GET\",\"url\":\"/videos\",\"status\":\"304\",\"responseTime\":\"106.053\"}","timestamp":"2024-11-07T00:52:29.723Z"}
{"level":"\u001b[32minfo\u001b[39m","message":"{\"method\":\"POST\",\"url\":\"/convert\",\"status\":\"200\",\"responseTime\":\"114.636\"}","timestamp":"2024-11-07T00:52:31.658Z"}
{"level":"\u001b[32minfo\u001b[39m","message":"{\"method\":\"GET\",\"url\":\"/video/672b2639467bb75f87c5f750\",\"status\":\"304\",\"responseTime\":\"88.139\"}","timestamp":"2024-11-07T00:52:32.532Z"}
{"level":"\u001b[32minfo\u001b[39m","message":"{\"method\":\"GET\",\"url\":\"/video/672b2639467bb75f87c5f750\",\"status\":\"304\",\"responseTime\":\"67.990\"}","timestamp":"2024-11-07T00:55:17.452Z"}
{"level":"\u001b[32minfo\u001b[39m","message":"{\"method\":\"GET\",\"url\":\"/videos\",\"status\":\"304\",\"responseTime\":\"134.747\"}","timestamp":"2024-11-07T00:55:28.425Z"}
{"level":"\u001b[32minfo\u001b[39m","message":"{\"method\":\"POST\",\"url\":\"/generate-video-presigned-url\",\"status\":\"200\",\"responseTime\":\"4.298\"}","timestamp":"2024-11-07T00:56:43.118Z"}
{"level":"\u001b[32minfo\u001b[39m","message":"{\"method\":\"POST\",\"url\":\"/convert\",\"status\":\"200\",\"responseTime\":\"144.190\"}","timestamp":"2024-11-07T00:57:12.131Z"}
{"level":"\u001b[32minfo\u001b[39m","message":"{\"method\":\"GET\",\"url\":\"/videos\",\"status\":\"304\",\"responseTime\":\"138.210\"}","timestamp":"2024-11-07T01:03:24.504Z"}
{"level":"\u001b[32minfo\u001b[39m","message":"{\"method\":\"POST\",\"url\":\"/generate-video-presigned-url\",\"status\":\"200\",\"responseTime\":\"73.817\"}","timestamp":"2024-11-07T01:03:37.325Z"}
{"level":"\u001b[32minfo\u001b[39m","message":"{\"method\":\"POST\",\"url\":\"/convert\",\"status\":\"200\",\"responseTime\":\"127.293\"}","timestamp":"2024-11-07T01:04:02.825Z"}
{"level":"\u001b[32minfo\u001b[39m","message":"{\"method\":\"GET\",\"url\":\"/videos\",\"status\":\"200\",\"responseTime\":\"169.528\"}","timestamp":"2024-11-07T01:09:19.402Z"}
{"level":"\u001b[32minfo\u001b[39m","message":"{\"method\":\"POST\",\"url\":\"/generate-video-presigned-url\",\"status\":\"200\",\"responseTime\":\"48.601\"}","timestamp":"2024-11-07T01:09:30.715Z"}
{"level":"\u001b[32minfo\u001b[39m","message":"{\"method\":\"POST\",\"url\":\"/convert\",\"status\":\"200\",\"responseTime\":\"70.808\"}","timestamp":"2024-11-07T01:09:58.852Z"}
{"level":"\u001b[32minfo\u001b[39m","message":"{\"method\":\"GET\",\"url\":\"/videos\",\"status\":\"304\",\"responseTime\":\"590.058\"}","timestamp":"2024-11-07T02:51:57.674Z"}
{"level":"\u001b[32minfo\u001b[39m","message":"{\"method\":\"POST\",\"url\":\"/generate-video-presigned-url\",\"status\":\"200\",\"responseTime\":\"74.263\"}","timestamp":"2024-11-07T02:52:14.228Z"}
{"level":"\u001b[32minfo\u001b[39m","message":"{\"method\":\"POST\",\"url\":\"/convert\",\"status\":\"200\",\"responseTime\":\"128.439\"}","timestamp":"2024-11-07T02:52:31.638Z"}
{"level":"\u001b[32minfo\u001b[39m","message":"{\"method\":\"GET\",\"url\":\"/videos\",\"status\":\"304\",\"responseTime\":\"126.579\"}","timestamp":"2024-11-07T02:55:36.145Z"}
{"level":"\u001b[32minfo\u001b[39m","message":"{\"method\":\"GET\",\"url\":\"/video/672b2639467bb75f87c5f750\",\"status\":\"304\",\"responseTime\":\"52.817\"}","timestamp":"2024-11-07T02:55:38.634Z"}
{"level":"\u001b[32minfo\u001b[39m","message":"{\"method\":\"GET\",\"url\":\"/videos\",\"status\":\"304\",\"responseTime\":\"120.031\"}","timestamp":"2024-11-07T02:55:42.061Z"}
{"level":"\u001b[32minfo\u001b[39m","message":"{\"method\":\"GET\",\"url\":\"/video/672b2a0f671adc412d84737a\",\"status\":\"304\",\"responseTime\":\"50.186\"}","timestamp":"2024-11-07T02:55:43.464Z"}
{"level":"\u001b[32minfo\u001b[39m","message":"{\"method\":\"GET\",\"url\":\"/videos\",\"status\":\"304\",\"responseTime\":\"61.806\"}","timestamp":"2024-11-07T02:55:46.881Z"}
{"level":"\u001b[32minfo\u001b[39m","message":"{\"method\":\"POST\",\"url\":\"/generate-video-presigned-url\",\"status\":\"200\",\"responseTime\":\"29.925\"}","timestamp":"2024-11-07T02:56:07.397Z"}
{"level":"\u001b[32minfo\u001b[39m","message":"{\"method\":\"POST\",\"url\":\"/convert\",\"status\":\"200\",\"responseTime\":\"74.883\"}","timestamp":"2024-11-07T02:56:53.057Z"}
{"level":"\u001b[32minfo\u001b[39m","message":"{\"method\":\"GET\",\"url\":\"/videos\",\"status\":\"304\",\"responseTime\":\"90.834\"}","timestamp":"2024-11-07T02:58:48.257Z"}
{"level":"\u001b[32minfo\u001b[39m","message":"{\"method\":\"POST\",\"url\":\"/generate-video-presigned-url\",\"status\":\"200\",\"responseTime\":\"73.825\"}","timestamp":"2024-11-07T02:59:02.094Z"}
{"level":"\u001b[32minfo\u001b[39m","message":"{\"method\":\"POST\",\"url\":\"/convert\",\"status\":\"200\",\"responseTime\":\"112.570\"}","timestamp":"2024-11-07T02:59:19.676Z"}
{"level":"\u001b[32minfo\u001b[39m","message":"{\"method\":\"GET\",\"url\":\"/videos\",\"status\":\"304\",\"responseTime\":\"415.581\"}","timestamp":"2024-11-07T02:59:35.520Z"}
{"level":"\u001b[32minfo\u001b[39m","message":"{\"method\":\"GET\",\"url\":\"/video/672b2639467bb75f87c5f750\",\"status\":\"304\",\"responseTime\":\"279.386\"}","timestamp":"2024-11-07T02:59:41.560Z"}
{"level":"\u001b[32minfo\u001b[39m","message":"{\"method\":\"GET\",\"url\":\"/video/672b2639467bb75f87c5f750\",\"status\":\"304\",\"responseTime\":\"327.165\"}","timestamp":"2024-11-07T03:02:48.200Z"}
{"level":"\u001b[32minfo\u001b[39m","message":"{\"method\":\"GET\",\"url\":\"/video/672b2639467bb75f87c5f750\",\"status\":\"304\",\"responseTime\":\"44.887\"}","timestamp":"2024-11-07T03:04:58.336Z"}
{"level":"\u001b[32minfo\u001b[39m","message":"{\"method\":\"GET\",\"url\":\"/video/672b2639467bb75f87c5f750\",\"status\":\"304\",\"responseTime\":\"43.745\"}","timestamp":"2024-11-07T03:05:37.381Z"}
{"level":"\u001b[32minfo\u001b[39m","message":"{\"method\":\"GET\",\"url\":\"/video/672b2639467bb75f87c5f750\",\"status\":\"304\",\"responseTime\":\"45.590\"}","timestamp":"2024-11-07T03:06:23.736Z"}
{"level":"\u001b[32minfo\u001b[39m","message":"{\"method\":\"GET\",\"url\":\"/video/672b2639467bb75f87c5f750\",\"status\":\"304\",\"responseTime\":\"44.649\"}","timestamp":"2024-11-07T03:06:31.292Z"}
{"level":"\u001b[32minfo\u001b[39m","message":"{\"method\":\"GET\",\"url\":\"/video/672b2639467bb75f87c5f750\",\"status\":\"304\",\"responseTime\":\"53.807\"}","timestamp":"2024-11-07T03:06:58.734Z"}
{"level":"\u001b[32minfo\u001b[39m","message":"{\"method\":\"GET\",\"url\":\"/video/672b2639467bb75f87c5f750\",\"status\":\"304\",\"responseTime\":\"49.410\"}","timestamp":"2024-11-07T03:07:05.885Z"}
{"level":"\u001b[32minfo\u001b[39m","message":"{\"method\":\"GET\",\"url\":\"/video/672b2639467bb75f87c5f750\",\"status\":\"304\",\"responseTime\":\"49.814\"}","timestamp":"2024-11-07T03:07:09.285Z"}
{"level":"\u001b[32minfo\u001b[39m","message":"{\"method\":\"GET\",\"url\":\"/video/672b2639467bb75f87c5f750\",\"status\":\"304\",\"responseTime\":\"45.958\"}","timestamp":"2024-11-07T03:07:10.542Z"}
{"level":"\u001b[32minfo\u001b[39m","message":"{\"method\":\"GET\",\"url\":\"/video/672b2639467bb75f87c5f750\",\"status\":\"304\",\"responseTime\":\"48.663\"}","timestamp":"2024-11-07T03:07:15.503Z"}
{"level":"\u001b[32minfo\u001b[39m","message":"{\"method\":\"GET\",\"url\":\"/video/672b2639467bb75f87c5f750\",\"status\":\"304\",\"responseTime\":\"43.886\"}","timestamp":"2024-11-07T03:07:16.422Z"}
{"level":"\u001b[32minfo\u001b[39m","message":"{\"method\":\"GET\",\"url\":\"/video/672b2639467bb75f87c5f750\",\"status\":\"304\",\"responseTime\":\"45.482\"}","timestamp":"2024-11-07T03:07:16.964Z"}
{"level":"\u001b[32minfo\u001b[39m","message":"{\"method\":\"GET\",\"url\":\"/videos\",\"status\":\"304\",\"responseTime\":\"92.003\"}","timestamp":"2024-11-07T03:07:39.814Z"}
{"level":"\u001b[32minfo\u001b[39m","message":"{\"method\":\"GET\",\"url\":\"/video/672b2639467bb75f87c5f750\",\"status\":\"304\",\"responseTime\":\"77.645\"}","timestamp":"2024-11-07T03:08:57.622Z"}
{"level":"\u001b[32minfo\u001b[39m","message":"{\"method\":\"GET\",\"url\":\"/videos\",\"status\":\"304\",\"responseTime\":\"78.037\"}","timestamp":"2024-11-07T03:09:16.238Z"}
{"level":"\u001b[32minfo\u001b[39m","message":"{\"method\":\"GET\",\"url\":\"/video/672b3db35336236b3118cff7\",\"status\":\"304\",\"responseTime\":\"60.598\"}","timestamp":"2024-11-07T03:09:18.231Z"}
{"level":"\u001b[32minfo\u001b[39m","message":"{\"method\":\"GET\",\"url\":\"/videos\",\"status\":\"304\",\"responseTime\":\"100.613\"}","timestamp":"2024-11-07T03:09:20.409Z"}
{"level":"\u001b[32minfo\u001b[39m","message":"{\"method\":\"POST\",\"url\":\"/generate-video-presigned-url\",\"status\":\"200\",\"responseTime\":\"23.824\"}","timestamp":"2024-11-07T03:27:04.752Z"}
{"level":"\u001b[32minfo\u001b[39m","message":"{\"method\":\"POST\",\"url\":\"/convert\",\"status\":\"200\",\"responseTime\":\"89.682\"}","timestamp":"2024-11-07T03:27:12.565Z"}
{"level":"\u001b[32minfo\u001b[39m","message":"{\"method\":\"GET\",\"url\":\"/videos\",\"status\":\"304\",\"responseTime\":\"142.672\"}","timestamp":"2024-11-07T03:29:36.021Z"}
{"level":"\u001b[32minfo\u001b[39m","message":"{\"method\":\"GET\",\"url\":\"/video/672b2639467bb75f87c5f750\",\"status\":\"304\",\"responseTime\":\"86.071\"}","timestamp":"2024-11-07T03:29:37.699Z"}
{"level":"\u001b[32minfo\u001b[39m","message":"{\"method\":\"GET\",\"url\":\"/video/672b2639467bb75f87c5f750\",\"status\":\"304\",\"responseTime\":\"75.730\"}","timestamp":"2024-11-07T03:30:11.420Z"}
{"level":"\u001b[32minfo\u001b[39m","message":"{\"method\":\"GET\",\"url\":\"/videos\",\"status\":\"304\",\"responseTime\":\"81.332\"}","timestamp":"2024-11-07T03:32:30.131Z"}
{"level":"\u001b[32minfo\u001b[39m","message":"{\"method\":\"POST\",\"url\":\"/generate-video-presigned-url\",\"status\":\"200\",\"responseTime\":\"3.003\"}","timestamp":"2024-11-07T03:32:39.353Z"}
{"level":"\u001b[32minfo\u001b[39m","message":"{\"method\":\"POST\",\"url\":\"/convert\",\"status\":\"200\",\"responseTime\":\"72.326\"}","timestamp":"2024-11-07T03:35:03.148Z"}
{"level":"\u001b[32minfo\u001b[39m","message":"{\"method\":\"GET\",\"url\":\"/videos\",\"status\":\"304\",\"responseTime\":\"116.093\"}","timestamp":"2024-11-07T03:36:44.785Z"}
{"level":"\u001b[32minfo\u001b[39m","message":"{\"method\":\"GET\",\"url\":\"/video/672b2639467bb75f87c5f750\",\"status\":\"304\",\"responseTime\":\"60.947\"}","timestamp":"2024-11-07T03:36:47.161Z"}
{"level":"\u001b[32minfo\u001b[39m","message":"{\"method\":\"GET\",\"url\":\"/videos\",\"status\":\"304\",\"responseTime\":\"105.174\"}","timestamp":"2024-11-07T03:36:57.340Z"}
{"level":"\u001b[32minfo\u001b[39m","message":"{\"method\":\"POST\",\"url\":\"/generate-video-presigned-url\",\"status\":\"200\",\"responseTime\":\"42.927\"}","timestamp":"2024-11-07T03:47:12.847Z"}
{"level":"\u001b[32minfo\u001b[39m","message":"{\"method\":\"POST\",\"url\":\"/convert\",\"status\":\"200\",\"responseTime\":\"78.814\"}","timestamp":"2024-11-07T03:47:18.323Z"}
{"level":"\u001b[32minfo\u001b[39m","message":"{\"method\":\"GET\",\"url\":\"/videos\",\"status\":\"304\",\"responseTime\":\"127.883\"}","timestamp":"2024-11-07T03:49:58.473Z"}
{"level":"\u001b[32minfo\u001b[39m","message":"{\"method\":\"GET\",\"url\":\"/video/672b2a0f671adc412d84737a\",\"status\":\"304\",\"responseTime\":\"236.724\"}","timestamp":"2024-11-07T03:50:00.322Z"}
{"level":"\u001b[32minfo\u001b[39m","message":"{\"method\":\"GET\",\"url\":\"/videos\",\"status\":\"304\",\"responseTime\":\"160.999\"}","timestamp":"2024-11-07T03:53:42.465Z"}
{"level":"\u001b[32minfo\u001b[39m","message":"{\"method\":\"POST\",\"url\":\"/generate-video-presigned-url\",\"status\":\"200\",\"responseTime\":\"4.308\"}","timestamp":"2024-11-07T03:54:10.652Z"}
{"level":"\u001b[32minfo\u001b[39m","message":"{\"method\":\"POST\",\"url\":\"/convert\",\"status\":\"200\",\"responseTime\":\"89.772\"}","timestamp":"2024-11-07T03:57:47.367Z"}
{"level":"\u001b[32minfo\u001b[39m","message":"{\"method\":\"GET\",\"url\":\"/videos\",\"status\":\"304\",\"responseTime\":\"77.179\"}","timestamp":"2024-11-07T04:02:22.057Z"}
{"level":"\u001b[32minfo\u001b[39m","message":"{\"method\":\"GET\",\"url\":\"/videos\",\"status\":\"304\",\"responseTime\":\"398.992\"}","timestamp":"2024-11-07T04:02:58.442Z"}
{"level":"\u001b[32minfo\u001b[39m","message":"{\"method\":\"GET\",\"url\":\"/video/672b2639467bb75f87c5f750\",\"status\":\"304\",\"responseTime\":\"61.606\"}","timestamp":"2024-11-07T04:03:16.089Z"}
{"level":"\u001b[32minfo\u001b[39m","message":"{\"method\":\"GET\",\"url\":\"/videos\",\"status\":\"304\",\"responseTime\":\"97.548\"}","timestamp":"2024-11-07T04:03:32.721Z"}
{"level":"\u001b[32minfo\u001b[39m","message":"{\"method\":\"GET\",\"url\":\"/videos\",\"status\":\"304\",\"responseTime\":\"154.380\"}","timestamp":"2024-11-07T04:06:23.683Z"}
{"level":"\u001b[32minfo\u001b[39m","message":"{\"method\":\"GET\",\"url\":\"/videos\",\"status\":\"304\",\"responseTime\":\"66.166\"}","timestamp":"2024-11-07T04:06:39.164Z"}
{"level":"\u001b[32minfo\u001b[39m","message":"{\"method\":\"GET\",\"url\":\"/video/672b2639467bb75f87c5f750\",\"status\":\"304\",\"responseTime\":\"60.117\"}","timestamp":"2024-11-07T04:06:41.475Z"}
{"level":"\u001b[32minfo\u001b[39m","message":"{\"method\":\"GET\",\"url\":\"/video/672b2639467bb75f87c5f750\",\"status\":\"304\",\"responseTime\":\"57.908\"}","timestamp":"2024-11-07T04:06:54.790Z"}
{"level":"\u001b[32minfo\u001b[39m","message":"{\"method\":\"GET\",\"url\":\"/video/672b2639467bb75f87c5f750\",\"status\":\"304\",\"responseTime\":\"68.911\"}","timestamp":"2024-11-07T04:06:56.177Z"}
{"level":"\u001b[32minfo\u001b[39m","message":"{\"method\":\"GET\",\"url\":\"/video/672b2639467bb75f87c5f750\",\"status\":\"304\",\"responseTime\":\"57.884\"}","timestamp":"2024-11-07T04:07:11.608Z"}
{"level":"\u001b[32minfo\u001b[39m","message":"{\"method\":\"GET\",\"url\":\"/video/672b2639467bb75f87c5f750\",\"status\":\"304\",\"responseTime\":\"52.561\"}","timestamp":"2024-11-07T04:07:12.708Z"}
{"level":"\u001b[32minfo\u001b[39m","message":"{\"method\":\"GET\",\"url\":\"/video/672b2639467bb75f87c5f750\",\"status\":\"304\",\"responseTime\":\"55.272\"}","timestamp":"2024-11-07T04:07:14.911Z"}
{"level":"\u001b[32minfo\u001b[39m","message":"{\"method\":\"GET\",\"url\":\"/video/672b2639467bb75f87c5f750\",\"status\":\"304\",\"responseTime\":\"58.472\"}","timestamp":"2024-11-07T04:07:25.455Z"}
{"level":"\u001b[32minfo\u001b[39m","message":"{\"method\":\"GET\",\"url\":\"/video/672b2639467bb75f87c5f750\",\"status\":\"304\",\"responseTime\":\"58.875\"}","timestamp":"2024-11-07T04:07:31.795Z"}
{"level":"\u001b[32minfo\u001b[39m","message":"{\"method\":\"GET\",\"url\":\"/video/672b2639467bb75f87c5f750\",\"status\":\"304\",\"responseTime\":\"51.671\"}","timestamp":"2024-11-07T04:07:33.135Z"}
{"level":"\u001b[32minfo\u001b[39m","message":"{\"method\":\"GET\",\"url\":\"/video/672b2639467bb75f87c5f750\",\"status\":\"304\",\"responseTime\":\"77.499\"}","timestamp":"2024-11-07T04:07:43.617Z"}
{"level":"\u001b[32minfo\u001b[39m","message":"{\"method\":\"GET\",\"url\":\"/video/672b2639467bb75f87c5f750\",\"status\":\"304\",\"responseTime\":\"52.671\"}","timestamp":"2024-11-07T04:07:44.890Z"}
{"level":"\u001b[32minfo\u001b[39m","message":"{\"method\":\"GET\",\"url\":\"/video/672b2639467bb75f87c5f750\",\"status\":\"304\",\"responseTime\":\"58.936\"}","timestamp":"2024-11-07T04:08:00.708Z"}
{"level":"\u001b[32minfo\u001b[39m","message":"{\"method\":\"GET\",\"url\":\"/video/672b2639467bb75f87c5f750\",\"status\":\"304\",\"responseTime\":\"59.765\"}","timestamp":"2024-11-07T04:08:12.000Z"}
{"level":"\u001b[32minfo\u001b[39m","message":"{\"method\":\"GET\",\"url\":\"/video/672b2639467bb75f87c5f750\",\"status\":\"304\",\"responseTime\":\"54.942\"}","timestamp":"2024-11-07T04:08:13.179Z"}
{"level":"\u001b[32minfo\u001b[39m","message":"{\"method\":\"GET\",\"url\":\"/video/672b2639467bb75f87c5f750\",\"status\":\"304\",\"responseTime\":\"62.465\"}","timestamp":"2024-11-07T04:08:59.275Z"}
{"level":"\u001b[32minfo\u001b[39m","message":"{\"method\":\"GET\",\"url\":\"/video/672b2639467bb75f87c5f750\",\"status\":\"304\",\"responseTime\":\"80.847\"}","timestamp":"2024-11-07T04:09:52.991Z"}
{"level":"\u001b[32minfo\u001b[39m","message":"{\"method\":\"GET\",\"url\":\"/video/672b2639467bb75f87c5f750\",\"status\":\"304\",\"responseTime\":\"52.785\"}","timestamp":"2024-11-07T04:10:59.705Z"}
{"level":"\u001b[32minfo\u001b[39m","message":"{\"method\":\"GET\",\"url\":\"/video/672b2639467bb75f87c5f750\",\"status\":\"304\",\"responseTime\":\"8688.726\"}","timestamp":"2024-11-07T04:13:29.989Z"}
{"level":"\u001b[32minfo\u001b[39m","message":"{\"method\":\"GET\",\"url\":\"/videos\",\"status\":\"500\",\"responseTime\":\"10027.339\"}","timestamp":"2024-11-07T04:14:51.491Z"}
{"level":"\u001b[32minfo\u001b[39m","message":"{\"method\":\"GET\",\"url\":\"/videos\",\"status\":\"200\",\"responseTime\":\"244.047\"}","timestamp":"2024-11-07T04:15:51.313Z"}
{"level":"\u001b[32minfo\u001b[39m","message":"{\"method\":\"POST\",\"url\":\"/generate-video-presigned-url\",\"status\":\"200\",\"responseTime\":\"26.618\"}","timestamp":"2024-11-07T04:16:11.386Z"}
{"level":"\u001b[32minfo\u001b[39m","message":"{\"method\":\"GET\",\"url\":\"/videos\",\"status\":\"304\",\"responseTime\":\"89.463\"}","timestamp":"2024-11-07T04:16:27.671Z"}
{"level":"\u001b[32minfo\u001b[39m","message":"{\"method\":\"POST\",\"url\":\"/generate-video-presigned-url\",\"status\":\"200\",\"responseTime\":\"4.538\"}","timestamp":"2024-11-07T04:17:06.787Z"}
{"level":"\u001b[32minfo\u001b[39m","message":"{\"method\":\"POST\",\"url\":\"/convert\",\"status\":\"200\",\"responseTime\":\"92.610\"}","timestamp":"2024-11-07T04:17:25.068Z"}
{"level":"\u001b[32minfo\u001b[39m","message":"{\"method\":\"GET\",\"url\":\"/videos\",\"status\":\"304\",\"responseTime\":\"671.620\"}","timestamp":"2024-11-07T04:34:46.231Z"}
{"level":"\u001b[32minfo\u001b[39m","message":"{\"method\":\"GET\",\"url\":\"/videos\",\"status\":\"304\",\"responseTime\":\"1950.241\"}","timestamp":"2024-11-07T08:08:37.644Z"}
{"level":"\u001b[32minfo\u001b[39m","message":"{\"method\":\"GET\",\"url\":\"/videos\",\"status\":\"304\",\"responseTime\":\"78.172\"}","timestamp":"2024-11-07T08:09:23.873Z"}
{"level":"\u001b[32minfo\u001b[39m","message":"{\"method\":\"GET\",\"url\":\"/videos\",\"status\":\"304\",\"responseTime\":\"88.696\"}","timestamp":"2024-11-07T08:09:31.505Z"}
{"level":"\u001b[32minfo\u001b[39m","message":"{\"method\":\"GET\",\"url\":\"/videos\",\"status\":\"304\",\"responseTime\":\"76.036\"}","timestamp":"2024-11-07T08:10:28.194Z"}
{"level":"\u001b[32minfo\u001b[39m","message":"{\"method\":\"GET\",\"url\":\"/videos\",\"status\":\"304\",\"responseTime\":\"117.329\"}","timestamp":"2024-11-07T08:20:19.248Z"}
{"level":"\u001b[32minfo\u001b[39m","message":"{\"method\":\"GET\",\"url\":\"/videos\",\"status\":\"304\",\"responseTime\":\"137.216\"}","timestamp":"2024-11-07T08:20:37.930Z"}
{"level":"\u001b[32minfo\u001b[39m","message":"{\"method\":\"GET\",\"url\":\"/videos\",\"status\":\"304\",\"responseTime\":\"74.256\"}","timestamp":"2024-11-07T08:21:12.726Z"}
{"level":"\u001b[32minfo\u001b[39m","message":"{\"method\":\"GET\",\"url\":\"/videos\",\"status\":\"304\",\"responseTime\":\"63.600\"}","timestamp":"2024-11-07T08:21:18.078Z"}
{"level":"\u001b[32minfo\u001b[39m","message":"{\"method\":\"GET\",\"url\":\"/videos\",\"status\":\"304\",\"responseTime\":\"294.286\"}","timestamp":"2024-11-07T12:04:47.105Z"}
{"level":"\u001b[32minfo\u001b[39m","message":"{\"method\":\"GET\",\"url\":\"/videos\",\"status\":\"304\",\"responseTime\":\"258.747\"}","timestamp":"2024-11-07T12:05:11.512Z"}
{"level":"\u001b[32minfo\u001b[39m","message":"{\"method\":\"GET\",\"url\":\"/videos\",\"status\":\"304\",\"responseTime\":\"147.338\"}","timestamp":"2024-11-07T12:05:21.517Z"}
{"level":"\u001b[32minfo\u001b[39m","message":"{\"method\":\"GET\",\"url\":\"/videos\",\"status\":\"304\",\"responseTime\":\"75.350\"}","timestamp":"2024-11-07T12:05:32.484Z"}
{"level":"\u001b[32minfo\u001b[39m","message":"{\"method\":\"GET\",\"url\":\"/videos\",\"status\":\"304\",\"responseTime\":\"71.482\"}","timestamp":"2024-11-07T12:09:14.163Z"}
{"level":"\u001b[32minfo\u001b[39m","message":"{\"method\":\"GET\",\"url\":\"/videos\",\"status\":\"304\",\"responseTime\":\"102.646\"}","timestamp":"2024-11-07T12:15:21.766Z"}
{"level":"\u001b[32minfo\u001b[39m","message":"{\"method\":\"GET\",\"url\":\"/videos\",\"status\":\"304\",\"responseTime\":\"101.211\"}","timestamp":"2024-11-07T12:15:39.400Z"}
{"level":"\u001b[32minfo\u001b[39m","message":"{\"method\":\"GET\",\"url\":\"/videos\",\"status\":\"304\",\"responseTime\":\"93.072\"}","timestamp":"2024-11-07T12:15:50.097Z"}
{"level":"\u001b[32minfo\u001b[39m","message":"{\"method\":\"GET\",\"url\":\"/videos\",\"status\":\"304\",\"responseTime\":\"86.079\"}","timestamp":"2024-11-07T12:15:55.499Z"}
{"level":"\u001b[32minfo\u001b[39m","message":"{\"method\":\"GET\",\"url\":\"/videos\",\"status\":\"304\",\"responseTime\":\"118.530\"}","timestamp":"2024-11-07T12:16:07.576Z"}
{"level":"\u001b[32minfo\u001b[39m","message":"{\"method\":\"GET\",\"url\":\"/videos\",\"status\":\"304\",\"responseTime\":\"5316.363\"}","timestamp":"2024-11-07T12:30:28.090Z"}
{"level":"\u001b[32minfo\u001b[39m","message":"{\"method\":\"GET\",\"url\":\"/videos\",\"status\":\"304\",\"responseTime\":\"883.856\"}","timestamp":"2024-11-07T12:31:24.501Z"}
{"level":"\u001b[32minfo\u001b[39m","message":"{\"method\":\"GET\",\"url\":\"/videos\",\"status\":\"304\",\"responseTime\":\"67.315\"}","timestamp":"2024-11-07T12:31:48.436Z"}
{"level":"\u001b[32minfo\u001b[39m","message":"{\"method\":\"GET\",\"url\":\"/videos\",\"status\":\"304\",\"responseTime\":\"103.305\"}","timestamp":"2024-11-07T12:33:40.165Z"}
{"level":"\u001b[32minfo\u001b[39m","message":"{\"method\":\"GET\",\"url\":\"/videos\",\"status\":\"304\",\"responseTime\":\"82.235\"}","timestamp":"2024-11-07T12:36:39.052Z"}
{"level":"\u001b[32minfo\u001b[39m","message":"{\"method\":\"GET\",\"url\":\"/videos\",\"status\":\"304\",\"responseTime\":\"94.917\"}","timestamp":"2024-11-07T12:39:23.931Z"}
{"level":"\u001b[32minfo\u001b[39m","message":"{\"method\":\"GET\",\"url\":\"/videos\",\"status\":\"304\",\"responseTime\":\"84.477\"}","timestamp":"2024-11-07T12:39:43.433Z"}
{"level":"\u001b[32minfo\u001b[39m","message":"{\"method\":\"GET\",\"url\":\"/videos\",\"status\":\"304\",\"responseTime\":\"85.042\"}","timestamp":"2024-11-07T12:44:05.985Z"}
{"level":"\u001b[32minfo\u001b[39m","message":"{\"method\":\"GET\",\"url\":\"/videos\",\"status\":\"304\",\"responseTime\":\"71.493\"}","timestamp":"2024-11-07T12:44:30.511Z"}
{"level":"\u001b[32minfo\u001b[39m","message":"{\"method\":\"GET\",\"url\":\"/videos\",\"status\":\"304\",\"responseTime\":\"70.327\"}","timestamp":"2024-11-07T12:48:29.334Z"}
{"level":"\u001b[32minfo\u001b[39m","message":"{\"method\":\"GET\",\"url\":\"/videos\",\"status\":\"304\",\"responseTime\":\"177.855\"}","timestamp":"2024-11-07T12:48:44.777Z"}
{"level":"\u001b[32minfo\u001b[39m","message":"{\"method\":\"GET\",\"url\":\"/videos\",\"status\":\"304\",\"responseTime\":\"80.730\"}","timestamp":"2024-11-07T12:53:05.295Z"}
{"level":"\u001b[32minfo\u001b[39m","message":"{\"method\":\"GET\",\"url\":\"/videos\",\"status\":\"304\",\"responseTime\":\"66.156\"}","timestamp":"2024-11-07T12:53:20.453Z"}
{"level":"\u001b[32minfo\u001b[39m","message":"{\"method\":\"GET\",\"url\":\"/videos\",\"status\":\"304\",\"responseTime\":\"65.833\"}","timestamp":"2024-11-07T12:56:25.520Z"}
{"level":"\u001b[32minfo\u001b[39m","message":"{\"method\":\"GET\",\"url\":\"/videos\",\"status\":\"304\",\"responseTime\":\"262.681\"}","timestamp":"2024-11-07T13:03:45.386Z"}
{"level":"\u001b[32minfo\u001b[39m","message":"{\"method\":\"GET\",\"url\":\"/videos\",\"status\":\"304\",\"responseTime\":\"89.275\"}","timestamp":"2024-11-07T13:04:38.375Z"}
{"level":"\u001b[32minfo\u001b[39m","message":"{\"method\":\"GET\",\"url\":\"/videos\",\"status\":\"304\",\"responseTime\":\"87.481\"}","timestamp":"2024-11-07T13:08:33.171Z"}
{"level":"\u001b[32minfo\u001b[39m","message":"{\"method\":\"GET\",\"url\":\"/videos\",\"status\":\"304\",\"responseTime\":\"106.730\"}","timestamp":"2024-11-07T13:11:29.561Z"}
{"level":"\u001b[32minfo\u001b[39m","message":"{\"method\":\"GET\",\"url\":\"/videos\",\"status\":\"304\",\"responseTime\":\"179.861\"}","timestamp":"2024-11-07T13:17:13.681Z"}
{"level":"\u001b[32minfo\u001b[39m","message":"{\"method\":\"GET\",\"url\":\"/videos\",\"status\":\"304\",\"responseTime\":\"230.053\"}","timestamp":"2024-11-07T13:20:52.789Z"}
{"level":"\u001b[32minfo\u001b[39m","message":"{\"method\":\"GET\",\"url\":\"/videos\",\"status\":\"304\",\"responseTime\":\"89.763\"}","timestamp":"2024-11-07T13:23:34.461Z"}
{"level":"\u001b[32minfo\u001b[39m","message":"{\"method\":\"GET\",\"url\":\"/videos\",\"status\":\"304\",\"responseTime\":\"102.241\"}","timestamp":"2024-11-07T13:28:05.649Z"}
{"level":"\u001b[32minfo\u001b[39m","message":"{\"method\":\"GET\",\"url\":\"/videos\",\"status\":\"304\",\"responseTime\":\"77.215\"}","timestamp":"2024-11-07T13:31:10.874Z"}
{"level":"\u001b[32minfo\u001b[39m","message":"{\"method\":\"GET\",\"url\":\"/videos\",\"status\":\"304\",\"responseTime\":\"109.167\"}","timestamp":"2024-11-07T13:31:45.605Z"}
{"level":"\u001b[32minfo\u001b[39m","message":"{\"method\":\"GET\",\"url\":\"/videos\",\"status\":\"304\",\"responseTime\":\"63.078\"}","timestamp":"2024-11-07T13:31:46.556Z"}
{"level":"\u001b[32minfo\u001b[39m","message":"{\"method\":\"GET\",\"url\":\"/videos\",\"status\":\"304\",\"responseTime\":\"80.139\"}","timestamp":"2024-11-07T13:31:48.136Z"}
{"level":"\u001b[32minfo\u001b[39m","message":"{\"method\":\"GET\",\"url\":\"/videos\",\"status\":\"304\",\"responseTime\":\"72.019\"}","timestamp":"2024-11-07T13:32:21.912Z"}
{"level":"\u001b[32minfo\u001b[39m","message":"{\"method\":\"GET\",\"url\":\"/videos\",\"status\":\"304\",\"responseTime\":\"76.001\"}","timestamp":"2024-11-07T13:35:04.558Z"}
{"level":"\u001b[32minfo\u001b[39m","message":"{\"method\":\"GET\",\"url\":\"/videos\",\"status\":\"304\",\"responseTime\":\"78.323\"}","timestamp":"2024-11-07T13:45:18.756Z"}
{"level":"\u001b[32minfo\u001b[39m","message":"{\"method\":\"GET\",\"url\":\"/videos\",\"status\":\"304\",\"responseTime\":\"75.142\"}","timestamp":"2024-11-07T13:45:33.195Z"}
{"level":"\u001b[32minfo\u001b[39m","message":"{\"method\":\"GET\",\"url\":\"/videos\",\"status\":\"304\",\"responseTime\":\"225.096\"}","timestamp":"2024-11-07T14:14:03.145Z"}
{"level":"\u001b[32minfo\u001b[39m","message":"{\"method\":\"GET\",\"url\":\"/videos\",\"status\":\"304\",\"responseTime\":\"83.847\"}","timestamp":"2024-11-07T14:14:19.580Z"}
{"level":"\u001b[32minfo\u001b[39m","message":"{\"method\":\"GET\",\"url\":\"/videos\",\"status\":\"304\",\"responseTime\":\"81.279\"}","timestamp":"2024-11-07T14:18:49.076Z"}
{"level":"\u001b[32minfo\u001b[39m","message":"{\"method\":\"GET\",\"url\":\"/videos\",\"status\":\"304\",\"responseTime\":\"89.388\"}","timestamp":"2024-11-07T14:20:59.317Z"}
{"level":"\u001b[32minfo\u001b[39m","message":"{\"method\":\"GET\",\"url\":\"/videos\",\"status\":\"304\",\"responseTime\":\"337.778\"}","timestamp":"2024-11-07T14:34:55.023Z"}
{"level":"\u001b[32minfo\u001b[39m","message":"{\"method\":\"GET\",\"url\":\"/videos\",\"status\":\"304\",\"responseTime\":\"141.082\"}","timestamp":"2024-11-07T14:42:01.151Z"}
{"level":"\u001b[32minfo\u001b[39m","message":"{\"method\":\"GET\",\"url\":\"/videos\",\"status\":\"304\",\"responseTime\":\"74.091\"}","timestamp":"2024-11-07T14:45:30.659Z"}
{"level":"\u001b[32minfo\u001b[39m","message":"{\"method\":\"GET\",\"url\":\"/videos\",\"status\":\"304\",\"responseTime\":\"256.306\"}","timestamp":"2024-11-07T14:57:06.313Z"}
{"level":"\u001b[32minfo\u001b[39m","message":"{\"method\":\"GET\",\"url\":\"/videos\",\"status\":\"304\",\"responseTime\":\"69.556\"}","timestamp":"2024-11-07T15:00:59.270Z"}
{"level":"\u001b[32minfo\u001b[39m","message":"{\"method\":\"GET\",\"url\":\"/videos\",\"status\":\"304\",\"responseTime\":\"88.909\"}","timestamp":"2024-11-07T15:01:46.813Z"}
{"level":"\u001b[32minfo\u001b[39m","message":"{\"method\":\"GET\",\"url\":\"/videos\",\"status\":\"304\",\"responseTime\":\"75.138\"}","timestamp":"2024-11-07T15:01:48.165Z"}
{"level":"\u001b[32minfo\u001b[39m","message":"{\"method\":\"GET\",\"url\":\"/videos\",\"status\":\"304\",\"responseTime\":\"69.712\"}","timestamp":"2024-11-07T15:01:49.282Z"}
{"level":"\u001b[32minfo\u001b[39m","message":"{\"method\":\"GET\",\"url\":\"/videos\",\"status\":\"304\",\"responseTime\":\"71.176\"}","timestamp":"2024-11-07T15:01:50.143Z"}
{"level":"\u001b[32minfo\u001b[39m","message":"{\"method\":\"GET\",\"url\":\"/videos\",\"status\":\"304\",\"responseTime\":\"66.471\"}","timestamp":"2024-11-07T15:02:02.120Z"}
{"level":"\u001b[32minfo\u001b[39m","message":"{\"method\":\"GET\",\"url\":\"/videos\",\"status\":\"304\",\"responseTime\":\"260.578\"}","timestamp":"2024-11-07T15:12:16.400Z"}
{"level":"\u001b[32minfo\u001b[39m","message":"{\"method\":\"GET\",\"url\":\"/videos\",\"status\":\"304\",\"responseTime\":\"98.283\"}","timestamp":"2024-11-07T15:12:41.171Z"}
{"level":"\u001b[32minfo\u001b[39m","message":"{\"method\":\"GET\",\"url\":\"/videos\",\"status\":\"304\",\"responseTime\":\"82.999\"}","timestamp":"2024-11-07T15:12:52.440Z"}
{"level":"\u001b[32minfo\u001b[39m","message":"{\"method\":\"GET\",\"url\":\"/videos\",\"status\":\"304\",\"responseTime\":\"82.448\"}","timestamp":"2024-11-07T15:16:44.197Z"}
{"level":"\u001b[32minfo\u001b[39m","message":"{\"method\":\"GET\",\"url\":\"/videos\",\"status\":\"304\",\"responseTime\":\"88.581\"}","timestamp":"2024-11-07T15:16:55.067Z"}
{"level":"\u001b[32minfo\u001b[39m","message":"{\"method\":\"GET\",\"url\":\"/videos\",\"status\":\"304\",\"responseTime\":\"79.253\"}","timestamp":"2024-11-07T15:16:57.403Z"}
{"level":"\u001b[32minfo\u001b[39m","message":"{\"method\":\"GET\",\"url\":\"/videos\",\"status\":\"304\",\"responseTime\":\"71.737\"}","timestamp":"2024-11-07T15:16:58.205Z"}
{"level":"\u001b[32minfo\u001b[39m","message":"{\"method\":\"GET\",\"url\":\"/videos\",\"status\":\"304\",\"responseTime\":\"66.345\"}","timestamp":"2024-11-07T15:17:08.177Z"}
{"level":"\u001b[32minfo\u001b[39m","message":"{\"method\":\"GET\",\"url\":\"/videos\",\"status\":\"304\",\"responseTime\":\"82.519\"}","timestamp":"2024-11-07T15:20:59.630Z"}
{"level":"\u001b[32minfo\u001b[39m","message":"{\"method\":\"GET\",\"url\":\"/videos\",\"status\":\"304\",\"responseTime\":\"69.873\"}","timestamp":"2024-11-07T15:21:10.368Z"}
{"level":"\u001b[32minfo\u001b[39m","message":"{\"method\":\"GET\",\"url\":\"/videos\",\"status\":\"304\",\"responseTime\":\"97.902\"}","timestamp":"2024-11-07T15:21:17.866Z"}
{"level":"\u001b[32minfo\u001b[39m","message":"{\"method\":\"GET\",\"url\":\"/videos\",\"status\":\"304\",\"responseTime\":\"78.553\"}","timestamp":"2024-11-07T15:21:20.992Z"}
{"level":"\u001b[32minfo\u001b[39m","message":"{\"method\":\"GET\",\"url\":\"/videos\",\"status\":\"304\",\"responseTime\":\"99.088\"}","timestamp":"2024-11-07T15:24:28.203Z"}
{"level":"\u001b[32minfo\u001b[39m","message":"{\"method\":\"GET\",\"url\":\"/videos\",\"status\":\"304\",\"responseTime\":\"63.658\"}","timestamp":"2024-11-07T15:26:40.292Z"}
{"level":"\u001b[32minfo\u001b[39m","message":"{\"method\":\"GET\",\"url\":\"/videos\",\"status\":\"304\",\"responseTime\":\"66.080\"}","timestamp":"2024-11-07T15:30:35.742Z"}
{"level":"\u001b[32minfo\u001b[39m","message":"{\"method\":\"GET\",\"url\":\"/videos\",\"status\":\"304\",\"responseTime\":\"70.034\"}","timestamp":"2024-11-07T15:30:48.942Z"}
{"level":"\u001b[32minfo\u001b[39m","message":"{\"method\":\"GET\",\"url\":\"/videos\",\"status\":\"304\",\"responseTime\":\"319.226\"}","timestamp":"2024-11-07T15:30:54.811Z"}
{"level":"\u001b[32minfo\u001b[39m","message":"{\"method\":\"GET\",\"url\":\"/videos\",\"status\":\"304\",\"responseTime\":\"121.878\"}","timestamp":"2024-11-07T15:30:59.948Z"}
{"level":"\u001b[32minfo\u001b[39m","message":"{\"method\":\"GET\",\"url\":\"/videos\",\"status\":\"304\",\"responseTime\":\"74.113\"}","timestamp":"2024-11-07T15:31:17.702Z"}
{"level":"\u001b[32minfo\u001b[39m","message":"{\"method\":\"GET\",\"url\":\"/videos\",\"status\":\"304\",\"responseTime\":\"58.670\"}","timestamp":"2024-11-07T15:31:35.988Z"}
{"level":"\u001b[32minfo\u001b[39m","message":"{\"method\":\"GET\",\"url\":\"/videos\",\"status\":\"304\",\"responseTime\":\"74.627\"}","timestamp":"2024-11-07T15:32:04.605Z"}
{"level":"\u001b[32minfo\u001b[39m","message":"{\"method\":\"GET\",\"url\":\"/videos\",\"status\":\"304\",\"responseTime\":\"69.293\"}","timestamp":"2024-11-07T15:32:41.073Z"}
{"level":"\u001b[32minfo\u001b[39m","message":"{\"method\":\"GET\",\"url\":\"/videos\",\"status\":\"304\",\"responseTime\":\"63.053\"}","timestamp":"2024-11-07T15:32:47.402Z"}
{"level":"\u001b[32minfo\u001b[39m","message":"{\"method\":\"GET\",\"url\":\"/videos\",\"status\":\"304\",\"responseTime\":\"110.730\"}","timestamp":"2024-11-07T17:17:45.193Z"}
{"level":"\u001b[32minfo\u001b[39m","message":"{\"method\":\"GET\",\"url\":\"/video/672b2639467bb75f87c5f750\",\"status\":\"304\",\"responseTime\":\"103.124\"}","timestamp":"2024-11-07T17:17:47.082Z"}
{"level":"\u001b[32minfo\u001b[39m","message":"{\"method\":\"GET\",\"url\":\"/video/672b2639467bb75f87c5f750\",\"status\":\"304\",\"responseTime\":\"64.971\"}","timestamp":"2024-11-07T17:18:44.250Z"}
{"level":"\u001b[32minfo\u001b[39m","message":"{\"method\":\"GET\",\"url\":\"/videos\",\"status\":\"304\",\"responseTime\":\"86.399\"}","timestamp":"2024-11-07T17:18:55.718Z"}
{"level":"\u001b[32minfo\u001b[39m","message":"{\"method\":\"GET\",\"url\":\"/videos\",\"status\":\"304\",\"responseTime\":\"90.293\"}","timestamp":"2024-11-07T17:20:15.676Z"}
{"level":"\u001b[32minfo\u001b[39m","message":"{\"method\":\"GET\",\"url\":\"/videos\",\"status\":\"304\",\"responseTime\":\"104.857\"}","timestamp":"2024-11-07T17:20:18.536Z"}
{"level":"\u001b[32minfo\u001b[39m","message":"{\"method\":\"GET\",\"url\":\"/video/672b2639467bb75f87c5f750\",\"status\":\"304\",\"responseTime\":\"91.228\"}","timestamp":"2024-11-07T17:20:20.419Z"}
{"level":"\u001b[32minfo\u001b[39m","message":"{\"method\":\"GET\",\"url\":\"/videos\",\"status\":\"304\",\"responseTime\":\"79.005\"}","timestamp":"2024-11-07T17:23:46.479Z"}
{"level":"\u001b[32minfo\u001b[39m","message":"{\"method\":\"GET\",\"url\":\"/videos\",\"status\":\"304\",\"responseTime\":\"108.883\"}","timestamp":"2024-11-07T17:23:49.136Z"}
{"level":"\u001b[32minfo\u001b[39m","message":"{\"method\":\"GET\",\"url\":\"/videos\",\"status\":\"304\",\"responseTime\":\"114.451\"}","timestamp":"2024-11-07T17:24:00.240Z"}
{"level":"\u001b[32minfo\u001b[39m","message":"{\"method\":\"GET\",\"url\":\"/videos\",\"status\":\"304\",\"responseTime\":\"98.553\"}","timestamp":"2024-11-07T17:25:48.559Z"}
{"level":"\u001b[32minfo\u001b[39m","message":"{\"method\":\"GET\",\"url\":\"/videos\",\"status\":\"304\",\"responseTime\":\"90.873\"}","timestamp":"2024-11-07T17:25:59.249Z"}
{"level":"\u001b[32minfo\u001b[39m","message":"{\"method\":\"GET\",\"url\":\"/videos\",\"status\":\"304\",\"responseTime\":\"108.472\"}","timestamp":"2024-11-07T17:26:20.061Z"}
{"level":"\u001b[32minfo\u001b[39m","message":"{\"method\":\"GET\",\"url\":\"/video/672b2639467bb75f87c5f750\",\"status\":\"304\",\"responseTime\":\"73.283\"}","timestamp":"2024-11-07T17:26:25.487Z"}
{"level":"\u001b[32minfo\u001b[39m","message":"{\"method\":\"GET\",\"url\":\"/videos\",\"status\":\"304\",\"responseTime\":\"95.914\"}","timestamp":"2024-11-07T17:35:54.049Z"}
{"level":"\u001b[32minfo\u001b[39m","message":"{\"method\":\"GET\",\"url\":\"/videos\",\"status\":\"304\",\"responseTime\":\"96.790\"}","timestamp":"2024-11-07T17:35:55.863Z"}
{"level":"\u001b[32minfo\u001b[39m","message":"{\"method\":\"GET\",\"url\":\"/videos\",\"status\":\"304\",\"responseTime\":\"102.934\"}","timestamp":"2024-11-07T17:35:58.846Z"}
{"level":"\u001b[32minfo\u001b[39m","message":"{\"method\":\"GET\",\"url\":\"/videos\",\"status\":\"304\",\"responseTime\":\"77.474\"}","timestamp":"2024-11-07T17:36:02.972Z"}
{"level":"\u001b[32minfo\u001b[39m","message":"{\"method\":\"GET\",\"url\":\"/video/672b3db35336236b3118cff7\",\"status\":\"304\",\"responseTime\":\"102.398\"}","timestamp":"2024-11-07T17:36:04.929Z"}
{"level":"\u001b[32minfo\u001b[39m","message":"{\"method\":\"GET\",\"url\":\"/videos\",\"status\":\"304\",\"responseTime\":\"112.757\"}","timestamp":"2024-11-07T17:36:08.610Z"}
{"level":"\u001b[32minfo\u001b[39m","message":"{\"method\":\"GET\",\"url\":\"/videos\",\"status\":\"304\",\"responseTime\":\"107.008\"}","timestamp":"2024-11-07T18:14:42.434Z"}
{"level":"\u001b[32minfo\u001b[39m","message":"{\"method\":\"GET\",\"url\":\"/videos\",\"status\":\"304\",\"responseTime\":\"91.202\"}","timestamp":"2024-11-07T18:14:54.132Z"}
{"level":"\u001b[32minfo\u001b[39m","message":"{\"method\":\"GET\",\"url\":\"/videos\",\"status\":\"304\",\"responseTime\":\"85.779\"}","timestamp":"2024-11-07T18:22:04.877Z"}
{"level":"\u001b[32minfo\u001b[39m","message":"{\"method\":\"GET\",\"url\":\"/videos\",\"status\":\"304\",\"responseTime\":\"87.004\"}","timestamp":"2024-11-07T18:22:07.864Z"}
{"level":"\u001b[32minfo\u001b[39m","message":"{\"method\":\"GET\",\"url\":\"/videos\",\"status\":\"304\",\"responseTime\":\"79.333\"}","timestamp":"2024-11-07T18:22:14.752Z"}
{"level":"\u001b[32minfo\u001b[39m","message":"{\"method\":\"GET\",\"url\":\"/videos\",\"status\":\"304\",\"responseTime\":\"106.768\"}","timestamp":"2024-11-07T18:28:21.699Z"}
{"level":"\u001b[32minfo\u001b[39m","message":"{\"method\":\"GET\",\"url\":\"/video/672b2639467bb75f87c5f750\",\"status\":\"304\",\"responseTime\":\"76.450\"}","timestamp":"2024-11-07T18:28:25.718Z"}
