{"level":"\u001b[32minfo\u001b[39m","message":"{\"method\":\"GET\",\"url\":\"/videos\",\"status\":\"304\",\"responseTime\":\"767.461\"}","timestamp":"2024-11-08T07:35:08.458Z"}
{"level":"\u001b[32minfo\u001b[39m","message":"{\"method\":\"GET\",\"url\":\"/videos\",\"status\":\"304\",\"responseTime\":\"91.560\"}","timestamp":"2024-11-08T07:35:30.908Z"}
{"level":"\u001b[32minfo\u001b[39m","message":"{\"method\":\"GET\",\"url\":\"/video/672b2639467bb75f87c5f750\",\"status\":\"304\",\"responseTime\":\"113.237\"}","timestamp":"2024-11-08T07:35:36.682Z"}
{"level":"\u001b[32minfo\u001b[39m","message":"{\"method\":\"GET\",\"url\":\"/video/672b2639467bb75f87c5f750\",\"status\":\"304\",\"responseTime\":\"44.213\"}","timestamp":"2024-11-08T07:36:47.860Z"}
{"level":"\u001b[32minfo\u001b[39m","message":"{\"method\":\"GET\",\"url\":\"/videos\",\"status\":\"304\",\"responseTime\":\"83.308\"}","timestamp":"2024-11-08T07:36:51.502Z"}
{"level":"\u001b[32minfo\u001b[39m","message":"{\"method\":\"GET\",\"url\":\"/video/672b2639467bb75f87c5f750\",\"status\":\"304\",\"responseTime\":\"60.750\"}","timestamp":"2024-11-08T07:36:53.941Z"}
{"level":"\u001b[32minfo\u001b[39m","message":"{\"method\":\"GET\",\"url\":\"/video/672b2639467bb75f87c5f750\",\"status\":\"304\",\"responseTime\":\"58.612\"}","timestamp":"2024-11-08T07:41:01.816Z"}
{"level":"\u001b[32minfo\u001b[39m","message":"{\"method\":\"GET\",\"url\":\"/videos\",\"status\":\"304\",\"responseTime\":\"126.720\"}","timestamp":"2024-11-08T07:41:03.477Z"}
{"level":"\u001b[32minfo\u001b[39m","message":"{\"method\":\"GET\",\"url\":\"/video/672b2639467bb75f87c5f750\",\"status\":\"304\",\"responseTime\":\"52.358\"}","timestamp":"2024-11-08T07:41:05.720Z"}
{"level":"\u001b[32minfo\u001b[39m","message":"{\"method\":\"GET\",\"url\":\"/video/672b2639467bb75f87c5f750\",\"status\":\"304\",\"responseTime\":\"789.267\"}","timestamp":"2024-11-08T07:41:25.752Z"}
{"level":"\u001b[32minfo\u001b[39m","message":"{\"method\":\"GET\",\"url\":\"/video/672b2639467bb75f87c5f750\",\"status\":\"304\",\"responseTime\":\"63.951\"}","timestamp":"2024-11-08T07:41:38.968Z"}
{"level":"\u001b[32minfo\u001b[39m","message":"{\"method\":\"GET\",\"url\":\"/video/672b2639467bb75f87c5f750\",\"status\":\"304\",\"responseTime\":\"200.691\"}","timestamp":"2024-11-08T07:42:44.315Z"}
{"level":"\u001b[32minfo\u001b[39m","message":"{\"method\":\"GET\",\"url\":\"/videos\",\"status\":\"304\",\"responseTime\":\"90.916\"}","timestamp":"2024-11-08T07:47:35.334Z"}
{"level":"\u001b[32minfo\u001b[39m","message":"{\"method\":\"GET\",\"url\":\"/video/672b3db35336236b3118cff7\",\"status\":\"304\",\"responseTime\":\"86.133\"}","timestamp":"2024-11-08T07:47:46.584Z"}
{"level":"\u001b[32minfo\u001b[39m","message":"{\"method\":\"GET\",\"url\":\"/videos\",\"status\":\"304\",\"responseTime\":\"68.231\"}","timestamp":"2024-11-08T07:48:41.399Z"}
{"level":"\u001b[32minfo\u001b[39m","message":"{\"method\":\"GET\",\"url\":\"/videos\",\"status\":\"304\",\"responseTime\":\"79.106\"}","timestamp":"2024-11-08T07:48:43.079Z"}
{"level":"\u001b[32minfo\u001b[39m","message":"{\"method\":\"GET\",\"url\":\"/video/672b2639467bb75f87c5f750\",\"status\":\"304\",\"responseTime\":\"393.449\"}","timestamp":"2024-11-08T07:50:22.936Z"}
{"level":"\u001b[32minfo\u001b[39m","message":"{\"method\":\"GET\",\"url\":\"/videos\",\"status\":\"304\",\"responseTime\":\"74.611\"}","timestamp":"2024-11-08T07:50:26.172Z"}
{"level":"\u001b[32minfo\u001b[39m","message":"{\"method\":\"GET\",\"url\":\"/video/672b2639467bb75f87c5f750\",\"status\":\"304\",\"responseTime\":\"67.784\"}","timestamp":"2024-11-08T07:50:27.897Z"}
{"level":"\u001b[32minfo\u001b[39m","message":"{\"method\":\"GET\",\"url\":\"/videos\",\"status\":\"304\",\"responseTime\":\"77.766\"}","timestamp":"2024-11-08T07:51:39.142Z"}
{"level":"\u001b[32minfo\u001b[39m","message":"{\"method\":\"GET\",\"url\":\"/videos\",\"status\":\"304\",\"responseTime\":\"85.378\"}","timestamp":"2024-11-08T07:51:40.648Z"}
{"level":"\u001b[32minfo\u001b[39m","message":"{\"method\":\"GET\",\"url\":\"/videos\",\"status\":\"304\",\"responseTime\":\"388.044\"}","timestamp":"2024-11-08T07:52:13.848Z"}
{"level":"\u001b[32minfo\u001b[39m","message":"{\"method\":\"GET\",\"url\":\"/videos\",\"status\":\"304\",\"responseTime\":\"61.282\"}","timestamp":"2024-11-08T07:52:37.132Z"}
{"level":"\u001b[32minfo\u001b[39m","message":"{\"method\":\"GET\",\"url\":\"/video/672b2639467bb75f87c5f750\",\"status\":\"304\",\"responseTime\":\"52.090\"}","timestamp":"2024-11-08T07:52:39.798Z"}
{"level":"\u001b[32minfo\u001b[39m","message":"{\"method\":\"GET\",\"url\":\"/videos\",\"status\":\"304\",\"responseTime\":\"91.290\"}","timestamp":"2024-11-08T07:52:41.571Z"}
{"level":"\u001b[32minfo\u001b[39m","message":"{\"method\":\"GET\",\"url\":\"/video/672b3db35336236b3118cff7\",\"status\":\"304\",\"responseTime\":\"126.773\"}","timestamp":"2024-11-08T07:52:44.928Z"}
{"level":"\u001b[32minfo\u001b[39m","message":"{\"method\":\"GET\",\"url\":\"/video/672b3db35336236b3118cff7\",\"status\":\"304\",\"responseTime\":\"1826.456\"}","timestamp":"2024-11-08T07:54:32.286Z"}
{"level":"\u001b[32minfo\u001b[39m","message":"{\"method\":\"GET\",\"url\":\"/videos\",\"status\":\"304\",\"responseTime\":\"95.504\"}","timestamp":"2024-11-08T07:59:53.053Z"}
{"level":"\u001b[32minfo\u001b[39m","message":"{\"method\":\"GET\",\"url\":\"/video/672b2639467bb75f87c5f750\",\"status\":\"304\",\"responseTime\":\"65.284\"}","timestamp":"2024-11-08T08:00:05.230Z"}
{"level":"\u001b[32minfo\u001b[39m","message":"{\"method\":\"GET\",\"url\":\"/videos\",\"status\":\"304\",\"responseTime\":\"4960.597\"}","timestamp":"2024-11-08T09:11:19.816Z"}
{"level":"\u001b[32minfo\u001b[39m","message":"{\"method\":\"GET\",\"url\":\"/video/672b2639467bb75f87c5f750\",\"status\":\"304\",\"responseTime\":\"153.779\"}","timestamp":"2024-11-08T09:11:21.620Z"}
{"level":"\u001b[32minfo\u001b[39m","message":"{\"method\":\"GET\",\"url\":\"/videos\",\"status\":\"304\",\"responseTime\":\"117.513\"}","timestamp":"2024-11-08T09:11:46.789Z"}
{"level":"\u001b[32minfo\u001b[39m","message":"{\"method\":\"GET\",\"url\":\"/video/672b3db35336236b3118cff7\",\"status\":\"304\",\"responseTime\":\"294.823\"}","timestamp":"2024-11-08T09:11:52.210Z"}
{"level":"\u001b[32minfo\u001b[39m","message":"{\"method\":\"GET\",\"url\":\"/videos\",\"status\":\"304\",\"responseTime\":\"514.552\"}","timestamp":"2024-11-08T09:12:51.837Z"}
{"level":"\u001b[32minfo\u001b[39m","message":"{\"method\":\"GET\",\"url\":\"/videos\",\"status\":\"304\",\"responseTime\":\"452.827\"}","timestamp":"2024-11-08T09:12:57.784Z"}
{"level":"\u001b[32minfo\u001b[39m","message":"{\"method\":\"GET\",\"url\":\"/video/672b3db35336236b3118cff7\",\"status\":\"304\",\"responseTime\":\"445.730\"}","timestamp":"2024-11-08T09:13:00.238Z"}
{"level":"\u001b[32minfo\u001b[39m","message":"{\"method\":\"GET\",\"url\":\"/videos\",\"status\":\"304\",\"responseTime\":\"959.959\"}","timestamp":"2024-11-08T09:14:22.664Z"}
{"level":"\u001b[32minfo\u001b[39m","message":"{\"method\":\"GET\",\"url\":\"/videos\",\"status\":\"304\",\"responseTime\":\"2023.869\"}","timestamp":"2024-11-08T09:14:25.559Z"}
{"level":"\u001b[32minfo\u001b[39m","message":"{\"method\":\"GET\",\"url\":\"/videos\",\"status\":\"304\",\"responseTime\":\"206.157\"}","timestamp":"2024-11-08T09:14:31.698Z"}
{"level":"\u001b[32minfo\u001b[39m","message":"{\"method\":\"GET\",\"url\":\"/video/672b2639467bb75f87c5f750\",\"status\":\"304\",\"responseTime\":\"345.524\"}","timestamp":"2024-11-08T09:14:34.001Z"}
{"level":"\u001b[32minfo\u001b[39m","message":"{\"method\":\"GET\",\"url\":\"/videos\",\"status\":\"304\",\"responseTime\":\"987.061\"}","timestamp":"2024-11-08T09:15:57.260Z"}
{"level":"\u001b[32minfo\u001b[39m","message":"{\"method\":\"GET\",\"url\":\"/videos\",\"status\":\"304\",\"responseTime\":\"1775.782\"}","timestamp":"2024-11-08T09:16:00.057Z"}
{"level":"\u001b[32minfo\u001b[39m","message":"{\"method\":\"POST\",\"url\":\"/generate-video-presigned-url\",\"status\":\"200\",\"responseTime\":\"191.171\"}","timestamp":"2024-11-08T09:17:14.292Z"}
{"level":"\u001b[32minfo\u001b[39m","message":"{\"method\":\"POST\",\"url\":\"/convert\",\"status\":\"401\",\"responseTime\":\"1791.739\"}","timestamp":"2024-11-08T09:18:26.377Z"}
{"level":"\u001b[32minfo\u001b[39m","message":"{\"method\":\"GET\",\"url\":\"/videos\",\"status\":\"304\",\"responseTime\":\"395.807\"}","timestamp":"2024-11-08T09:19:53.502Z"}
{"level":"\u001b[32minfo\u001b[39m","message":"{\"method\":\"GET\",\"url\":\"/videos\",\"status\":\"304\",\"responseTime\":\"202.981\"}","timestamp":"2024-11-08T09:19:54.599Z"}
{"level":"\u001b[32minfo\u001b[39m","message":"{\"method\":\"GET\",\"url\":\"/videos\",\"status\":\"304\",\"responseTime\":\"669.086\"}","timestamp":"2024-11-08T09:24:45.132Z"}
{"level":"\u001b[32minfo\u001b[39m","message":"{\"method\":\"GET\",\"url\":\"/videos\",\"status\":\"304\",\"responseTime\":\"281.279\"}","timestamp":"2024-11-08T09:24:57.726Z"}
{"level":"\u001b[32minfo\u001b[39m","message":"{\"method\":\"GET\",\"url\":\"/videos\",\"status\":\"304\",\"responseTime\":\"172.398\"}","timestamp":"2024-11-08T09:25:06.315Z"}
{"level":"\u001b[32minfo\u001b[39m","message":"{\"method\":\"GET\",\"url\":\"/videos\",\"status\":\"304\",\"responseTime\":\"62.418\"}","timestamp":"2024-11-08T09:25:13.842Z"}
{"level":"\u001b[32minfo\u001b[39m","message":"{\"method\":\"GET\",\"url\":\"/videos\",\"status\":\"304\",\"responseTime\":\"664.169\"}","timestamp":"2024-11-08T09:25:22.304Z"}
{"level":"\u001b[32minfo\u001b[39m","message":"{\"method\":\"GET\",\"url\":\"/videos\",\"status\":\"304\",\"responseTime\":\"94.692\"}","timestamp":"2024-11-08T09:25:28.996Z"}
{"level":"\u001b[32minfo\u001b[39m","message":"{\"method\":\"GET\",\"url\":\"/videos\",\"status\":\"304\",\"responseTime\":\"2244.140\"}","timestamp":"2024-11-08T09:25:42.552Z"}
{"level":"\u001b[32minfo\u001b[39m","message":"{\"method\":\"GET\",\"url\":\"/videos\",\"status\":\"304\",\"responseTime\":\"165.645\"}","timestamp":"2024-11-08T09:25:47.447Z"}
{"level":"\u001b[32minfo\u001b[39m","message":"{\"method\":\"GET\",\"url\":\"/videos\",\"status\":\"304\",\"responseTime\":\"1235.439\"}","timestamp":"2024-11-08T09:26:11.164Z"}
{"level":"\u001b[32minfo\u001b[39m","message":"{\"method\":\"GET\",\"url\":\"/videos\",\"status\":\"304\",\"responseTime\":\"332.565\"}","timestamp":"2024-11-08T09:26:23.868Z"}
{"level":"\u001b[32minfo\u001b[39m","message":"{\"method\":\"GET\",\"url\":\"/videos\",\"status\":\"304\",\"responseTime\":\"334.664\"}","timestamp":"2024-11-08T09:26:30.023Z"}
{"level":"\u001b[32minfo\u001b[39m","message":"{\"method\":\"GET\",\"url\":\"/videos\",\"status\":\"304\",\"responseTime\":\"1342.274\"}","timestamp":"2024-11-08T09:26:44.867Z"}
{"level":"\u001b[32minfo\u001b[39m","message":"{\"method\":\"GET\",\"url\":\"/videos\",\"status\":\"304\",\"responseTime\":\"2120.890\"}","timestamp":"2024-11-08T09:27:06.917Z"}
{"level":"\u001b[32minfo\u001b[39m","message":"{\"method\":\"GET\",\"url\":\"/videos\",\"status\":\"304\",\"responseTime\":\"267.798\"}","timestamp":"2024-11-08T09:28:22.187Z"}
{"level":"\u001b[32minfo\u001b[39m","message":"{\"method\":\"GET\",\"url\":\"/video/672b2639467bb75f87c5f750\",\"status\":\"304\",\"responseTime\":\"113.178\"}","timestamp":"2024-11-08T09:28:26.111Z"}
{"level":"\u001b[32minfo\u001b[39m","message":"{\"method\":\"GET\",\"url\":\"/videos\",\"status\":\"304\",\"responseTime\":\"596.891\"}","timestamp":"2024-11-08T09:29:03.488Z"}
{"level":"\u001b[32minfo\u001b[39m","message":"{\"method\":\"GET\",\"url\":\"/videos\",\"status\":\"304\",\"responseTime\":\"837.128\"}","timestamp":"2024-11-08T09:30:37.802Z"}
{"level":"\u001b[32minfo\u001b[39m","message":"{\"method\":\"GET\",\"url\":\"/videos\",\"status\":\"304\",\"responseTime\":\"89.295\"}","timestamp":"2024-11-08T09:30:45.641Z"}
{"level":"\u001b[32minfo\u001b[39m","message":"{\"method\":\"GET\",\"url\":\"/videos\",\"status\":\"304\",\"responseTime\":\"6914.354\"}","timestamp":"2024-11-08T09:36:44.219Z"}
{"level":"\u001b[32minfo\u001b[39m","message":"{\"method\":\"GET\",\"url\":\"/video/672b2639467bb75f87c5f750\",\"status\":\"304\",\"responseTime\":\"1004.855\"}","timestamp":"2024-11-08T09:36:47.337Z"}
{"level":"\u001b[32minfo\u001b[39m","message":"{\"method\":\"GET\",\"url\":\"/videos\",\"status\":\"304\",\"responseTime\":\"227.822\"}","timestamp":"2024-11-08T09:36:54.279Z"}
{"level":"\u001b[32minfo\u001b[39m","message":"{\"method\":\"GET\",\"url\":\"/videos\",\"status\":\"304\",\"responseTime\":\"1723.644\"}","timestamp":"2024-11-08T09:38:13.058Z"}
{"level":"\u001b[32minfo\u001b[39m","message":"{\"method\":\"GET\",\"url\":\"/videos\",\"status\":\"304\",\"responseTime\":\"637.342\"}","timestamp":"2024-11-08T09:38:25.532Z"}
{"level":"\u001b[32minfo\u001b[39m","message":"{\"method\":\"GET\",\"url\":\"/video/672b3db35336236b3118cff7\",\"status\":\"304\",\"responseTime\":\"584.496\"}","timestamp":"2024-11-08T09:38:29.927Z"}
{"level":"\u001b[32minfo\u001b[39m","message":"{\"method\":\"GET\",\"url\":\"/videos\",\"status\":\"304\",\"responseTime\":\"302.407\"}","timestamp":"2024-11-08T09:38:48.449Z"}
{"level":"\u001b[32minfo\u001b[39m","message":"{\"method\":\"GET\",\"url\":\"/videos\",\"status\":\"304\",\"responseTime\":\"1390.188\"}","timestamp":"2024-11-08T09:39:41.657Z"}
{"level":"\u001b[32minfo\u001b[39m","message":"{\"method\":\"GET\",\"url\":\"/video/672b2639467bb75f87c5f750\",\"status\":\"304\",\"responseTime\":\"3054.557\"}","timestamp":"2024-11-08T09:39:46.813Z"}
{"level":"\u001b[32minfo\u001b[39m","message":"{\"method\":\"GET\",\"url\":\"/videos\",\"status\":\"-\",\"responseTime\":\"-\"}","timestamp":"2024-11-08T09:41:13.694Z"}
{"level":"\u001b[32minfo\u001b[39m","message":"{\"method\":\"GET\",\"url\":\"/videos\",\"status\":\"200\",\"responseTime\":\"1013.439\"}","timestamp":"2024-11-08T09:41:16.024Z"}
{"level":"\u001b[32minfo\u001b[39m","message":"{\"method\":\"GET\",\"url\":\"/videos\",\"status\":\"-\",\"responseTime\":\"-\"}","timestamp":"2024-11-08T09:41:20.928Z"}
{"level":"\u001b[32minfo\u001b[39m","message":"{\"method\":\"GET\",\"url\":\"/videos\",\"status\":\"200\",\"responseTime\":\"247.632\"}","timestamp":"2024-11-08T09:41:22.412Z"}
{"level":"\u001b[32minfo\u001b[39m","message":"{\"method\":\"GET\",\"url\":\"/videos\",\"status\":\"304\",\"responseTime\":\"810.111\"}","timestamp":"2024-11-08T09:41:32.400Z"}
{"level":"\u001b[32minfo\u001b[39m","message":"{\"method\":\"GET\",\"url\":\"/video/672b3db35336236b3118cff7\",\"status\":\"304\",\"responseTime\":\"7886.453\"}","timestamp":"2024-11-08T09:41:43.371Z"}
{"level":"\u001b[32minfo\u001b[39m","message":"{\"method\":\"GET\",\"url\":\"/videos\",\"status\":\"304\",\"responseTime\":\"2076.311\"}","timestamp":"2024-11-08T09:42:36.232Z"}
{"level":"\u001b[32minfo\u001b[39m","message":"{\"method\":\"GET\",\"url\":\"/videos\",\"status\":\"304\",\"responseTime\":\"1654.709\"}","timestamp":"2024-11-08T09:42:37.917Z"}
{"level":"\u001b[32minfo\u001b[39m","message":"{\"method\":\"GET\",\"url\":\"/videos\",\"status\":\"304\",\"responseTime\":\"1782.191\"}","timestamp":"2024-11-08T09:42:39.713Z"}
{"level":"\u001b[32minfo\u001b[39m","message":"{\"method\":\"GET\",\"url\":\"/videos\",\"status\":\"304\",\"responseTime\":\"674.697\"}","timestamp":"2024-11-08T09:43:14.924Z"}
{"level":"\u001b[32minfo\u001b[39m","message":"{\"method\":\"GET\",\"url\":\"/video/672b3db35336236b3118cff7\",\"status\":\"304\",\"responseTime\":\"102.262\"}","timestamp":"2024-11-08T09:43:17.023Z"}
{"level":"\u001b[32minfo\u001b[39m","message":"{\"method\":\"GET\",\"url\":\"/videos\",\"status\":\"304\",\"responseTime\":\"1142.758\"}","timestamp":"2024-11-08T09:44:54.533Z"}
{"level":"\u001b[32minfo\u001b[39m","message":"{\"method\":\"GET\",\"url\":\"/videos\",\"status\":\"304\",\"responseTime\":\"472.573\"}","timestamp":"2024-11-08T09:44:55.373Z"}
{"level":"\u001b[32minfo\u001b[39m","message":"{\"method\":\"GET\",\"url\":\"/video/672b2639467bb75f87c5f750\",\"status\":\"304\",\"responseTime\":\"2883.150\"}","timestamp":"2024-11-08T09:45:01.075Z"}
{"level":"\u001b[32minfo\u001b[39m","message":"{\"method\":\"GET\",\"url\":\"/videos\",\"status\":\"304\",\"responseTime\":\"1451.214\"}","timestamp":"2024-11-08T09:45:24.408Z"}
{"level":"\u001b[32minfo\u001b[39m","message":"{\"method\":\"GET\",\"url\":\"/video/672b3db35336236b3118cff7\",\"status\":\"304\",\"responseTime\":\"455.498\"}","timestamp":"2024-11-08T09:47:17.585Z"}
{"level":"\u001b[32minfo\u001b[39m","message":"{\"method\":\"GET\",\"url\":\"/videos\",\"status\":\"304\",\"responseTime\":\"896.221\"}","timestamp":"2024-11-08T09:47:19.245Z"}
{"level":"\u001b[32minfo\u001b[39m","message":"{\"method\":\"GET\",\"url\":\"/video/672b2639467bb75f87c5f750\",\"status\":\"304\",\"responseTime\":\"1284.236\"}","timestamp":"2024-11-08T09:47:21.205Z"}
{"level":"\u001b[32minfo\u001b[39m","message":"{\"method\":\"GET\",\"url\":\"/videos\",\"status\":\"304\",\"responseTime\":\"342.634\"}","timestamp":"2024-11-08T09:51:27.744Z"}
{"level":"\u001b[32minfo\u001b[39m","message":"{\"method\":\"GET\",\"url\":\"/videos\",\"status\":\"304\",\"responseTime\":\"644.461\"}","timestamp":"2024-11-08T09:51:53.885Z"}
{"level":"\u001b[32minfo\u001b[39m","message":"{\"method\":\"GET\",\"url\":\"/videos\",\"status\":\"-\",\"responseTime\":\"-\"}","timestamp":"2024-11-08T09:52:04.390Z"}
{"level":"\u001b[32minfo\u001b[39m","message":"{\"method\":\"GET\",\"url\":\"/videos\",\"status\":\"200\",\"responseTime\":\"404.570\"}","timestamp":"2024-11-08T09:52:06.404Z"}
{"level":"\u001b[32minfo\u001b[39m","message":"{\"method\":\"GET\",\"url\":\"/videos\",\"status\":\"304\",\"responseTime\":\"8193.107\"}","timestamp":"2024-11-08T09:52:18.409Z"}
{"level":"\u001b[32minfo\u001b[39m","message":"{\"method\":\"GET\",\"url\":\"/videos\",\"status\":\"304\",\"responseTime\":\"502.978\"}","timestamp":"2024-11-08T09:53:58.074Z"}
{"level":"\u001b[32minfo\u001b[39m","message":"{\"method\":\"GET\",\"url\":\"/video/672b2639467bb75f87c5f750\",\"status\":\"304\",\"responseTime\":\"241.327\"}","timestamp":"2024-11-08T09:53:59.913Z"}
{"level":"\u001b[32minfo\u001b[39m","message":"{\"method\":\"GET\",\"url\":\"/videos\",\"status\":\"304\",\"responseTime\":\"168.955\"}","timestamp":"2024-11-08T09:57:26.019Z"}
{"level":"\u001b[32minfo\u001b[39m","message":"{\"method\":\"GET\",\"url\":\"/videos\",\"status\":\"304\",\"responseTime\":\"151.188\"}","timestamp":"2024-11-08T09:57:27.360Z"}
{"level":"\u001b[32minfo\u001b[39m","message":"{\"method\":\"GET\",\"url\":\"/videos\",\"status\":\"304\",\"responseTime\":\"692.853\"}","timestamp":"2024-11-08T10:19:11.209Z"}
{"level":"\u001b[32minfo\u001b[39m","message":"{\"method\":\"GET\",\"url\":\"/video/672b2639467bb75f87c5f750\",\"status\":\"304\",\"responseTime\":\"840.128\"}","timestamp":"2024-11-08T10:19:14.421Z"}
{"level":"\u001b[32minfo\u001b[39m","message":"{\"method\":\"GET\",\"url\":\"/videos\",\"status\":\"304\",\"responseTime\":\"5219.215\"}","timestamp":"2024-11-08T10:19:40.385Z"}
{"level":"\u001b[32minfo\u001b[39m","message":"{\"method\":\"GET\",\"url\":\"/video/672b2639467bb75f87c5f750\",\"status\":\"304\",\"responseTime\":\"6615.510\"}","timestamp":"2024-11-08T10:24:04.328Z"}
{"level":"\u001b[32minfo\u001b[39m","message":"{\"method\":\"GET\",\"url\":\"/videos\",\"status\":\"304\",\"responseTime\":\"172.431\"}","timestamp":"2024-11-08T10:24:15.731Z"}
{"level":"\u001b[32minfo\u001b[39m","message":"{\"method\":\"GET\",\"url\":\"/video/672b2639467bb75f87c5f750\",\"status\":\"304\",\"responseTime\":\"148.391\"}","timestamp":"2024-11-08T10:27:00.975Z"}
{"level":"\u001b[32minfo\u001b[39m","message":"{\"method\":\"GET\",\"url\":\"/videos\",\"status\":\"304\",\"responseTime\":\"284.830\"}","timestamp":"2024-11-08T10:29:08.620Z"}
{"level":"\u001b[32minfo\u001b[39m","message":"{\"method\":\"GET\",\"url\":\"/video/672b3db35336236b3118cff7\",\"status\":\"304\",\"responseTime\":\"365.086\"}","timestamp":"2024-11-08T10:29:10.625Z"}
{"level":"\u001b[32minfo\u001b[39m","message":"{\"method\":\"GET\",\"url\":\"/videos\",\"status\":\"304\",\"responseTime\":\"1218.279\"}","timestamp":"2024-11-08T10:29:16.749Z"}
{"level":"\u001b[32minfo\u001b[39m","message":"{\"method\":\"GET\",\"url\":\"/videos\",\"status\":\"304\",\"responseTime\":\"2109.948\"}","timestamp":"2024-11-08T10:29:32.544Z"}
{"level":"\u001b[32minfo\u001b[39m","message":"{\"method\":\"GET\",\"url\":\"/video/672b2639467bb75f87c5f750\",\"status\":\"304\",\"responseTime\":\"201.415\"}","timestamp":"2024-11-08T10:29:36.018Z"}
{"level":"\u001b[32minfo\u001b[39m","message":"{\"method\":\"GET\",\"url\":\"/videos\",\"status\":\"304\",\"responseTime\":\"121.627\"}","timestamp":"2024-11-08T10:32:00.013Z"}
{"level":"\u001b[32minfo\u001b[39m","message":"{\"method\":\"GET\",\"url\":\"/videos\",\"status\":\"304\",\"responseTime\":\"274.410\"}","timestamp":"2024-11-08T10:40:41.487Z"}
{"level":"\u001b[32minfo\u001b[39m","message":"{\"method\":\"GET\",\"url\":\"/videos\",\"status\":\"304\",\"responseTime\":\"119.117\"}","timestamp":"2024-11-08T10:43:36.484Z"}
{"level":"\u001b[32minfo\u001b[39m","message":"{\"method\":\"GET\",\"url\":\"/videos\",\"status\":\"304\",\"responseTime\":\"176.831\"}","timestamp":"2024-11-08T10:43:39.308Z"}
{"level":"\u001b[32minfo\u001b[39m","message":"{\"method\":\"GET\",\"url\":\"/videos\",\"status\":\"304\",\"responseTime\":\"892.841\"}","timestamp":"2024-11-08T10:49:47.518Z"}
{"level":"\u001b[32minfo\u001b[39m","message":"{\"method\":\"GET\",\"url\":\"/videos\",\"status\":\"304\",\"responseTime\":\"445.736\"}","timestamp":"2024-11-08T10:51:58.168Z"}
{"level":"\u001b[32minfo\u001b[39m","message":"{\"method\":\"GET\",\"url\":\"/video/672b2639467bb75f87c5f750\",\"status\":\"304\",\"responseTime\":\"115.633\"}","timestamp":"2024-11-08T11:39:18.417Z"}
{"level":"\u001b[32minfo\u001b[39m","message":"{\"method\":\"GET\",\"url\":\"/videos\",\"status\":\"304\",\"responseTime\":\"187.087\"}","timestamp":"2024-11-08T11:39:38.595Z"}
{"level":"\u001b[32minfo\u001b[39m","message":"{\"method\":\"GET\",\"url\":\"/video/672b2639467bb75f87c5f750\",\"status\":\"304\",\"responseTime\":\"103.527\"}","timestamp":"2024-11-08T11:39:42.114Z"}
{"level":"\u001b[32minfo\u001b[39m","message":"{\"method\":\"GET\",\"url\":\"/video/672b2639467bb75f87c5f750\",\"status\":\"304\",\"responseTime\":\"71.967\"}","timestamp":"2024-11-08T12:40:15.223Z"}
{"level":"\u001b[32minfo\u001b[39m","message":"{\"method\":\"GET\",\"url\":\"/videos\",\"status\":\"304\",\"responseTime\":\"85.982\"}","timestamp":"2024-11-08T12:40:33.234Z"}
{"level":"\u001b[32minfo\u001b[39m","message":"{\"method\":\"GET\",\"url\":\"/video/672b2e18893d41e294fe48e4\",\"status\":\"200\",\"responseTime\":\"56.508\"}","timestamp":"2024-11-08T12:40:35.350Z"}
{"level":"\u001b[32minfo\u001b[39m","message":"{\"method\":\"GET\",\"url\":\"/videos\",\"status\":\"304\",\"responseTime\":\"71.973\"}","timestamp":"2024-11-08T12:41:29.876Z"}
{"level":"\u001b[32minfo\u001b[39m","message":"{\"method\":\"GET\",\"url\":\"/video/672b2639467bb75f87c5f750\",\"status\":\"304\",\"responseTime\":\"67.401\"}","timestamp":"2024-11-08T12:41:32.390Z"}
{"level":"\u001b[32minfo\u001b[39m","message":"{\"method\":\"GET\",\"url\":\"/video/672b2639467bb75f87c5f750\",\"status\":\"304\",\"responseTime\":\"47.715\"}","timestamp":"2024-11-08T12:41:50.208Z"}
{"level":"\u001b[32minfo\u001b[39m","message":"{\"method\":\"GET\",\"url\":\"/video/672b2639467bb75f87c5f750\",\"status\":\"304\",\"responseTime\":\"46.000\"}","timestamp":"2024-11-08T12:41:59.276Z"}
{"level":"\u001b[32minfo\u001b[39m","message":"{\"method\":\"GET\",\"url\":\"/video/672b2639467bb75f87c5f750\",\"status\":\"304\",\"responseTime\":\"47.700\"}","timestamp":"2024-11-08T12:42:29.755Z"}
{"level":"\u001b[32minfo\u001b[39m","message":"{\"method\":\"GET\",\"url\":\"/video/672b2639467bb75f87c5f750\",\"status\":\"304\",\"responseTime\":\"68.675\"}","timestamp":"2024-11-08T12:43:06.014Z"}
{"level":"\u001b[32minfo\u001b[39m","message":"{\"method\":\"GET\",\"url\":\"/video/672b2639467bb75f87c5f750\",\"status\":\"304\",\"responseTime\":\"106.577\"}","timestamp":"2024-11-08T12:43:08.776Z"}
{"level":"\u001b[32minfo\u001b[39m","message":"{\"method\":\"GET\",\"url\":\"/videos\",\"status\":\"304\",\"responseTime\":\"108.372\"}","timestamp":"2024-11-08T12:43:16.292Z"}
{"level":"\u001b[32minfo\u001b[39m","message":"{\"method\":\"GET\",\"url\":\"/video/672b2a0f671adc412d84737a\",\"status\":\"200\",\"responseTime\":\"93.194\"}","timestamp":"2024-11-08T12:43:18.414Z"}
{"level":"\u001b[32minfo\u001b[39m","message":"{\"method\":\"GET\",\"url\":\"/videos\",\"status\":\"304\",\"responseTime\":\"88.742\"}","timestamp":"2024-11-08T12:43:25.558Z"}
{"level":"\u001b[32minfo\u001b[39m","message":"{\"method\":\"GET\",\"url\":\"/video/672b2e18893d41e294fe48e4\",\"status\":\"304\",\"responseTime\":\"71.149\"}","timestamp":"2024-11-08T12:43:27.192Z"}
{"level":"\u001b[32minfo\u001b[39m","message":"{\"method\":\"GET\",\"url\":\"/videos\",\"status\":\"304\",\"responseTime\":\"71.402\"}","timestamp":"2024-11-08T12:43:31.278Z"}
{"level":"\u001b[32minfo\u001b[39m","message":"{\"method\":\"GET\",\"url\":\"/video/672b2639467bb75f87c5f750\",\"status\":\"304\",\"responseTime\":\"60.260\"}","timestamp":"2024-11-08T12:43:32.946Z"}
{"level":"\u001b[32minfo\u001b[39m","message":"{\"method\":\"GET\",\"url\":\"/videos\",\"status\":\"304\",\"responseTime\":\"1559.490\"}","timestamp":"2024-11-08T12:43:36.137Z"}
{"level":"\u001b[32minfo\u001b[39m","message":"{\"method\":\"GET\",\"url\":\"/video/672b3db35336236b3118cff7\",\"status\":\"304\",\"responseTime\":\"66.375\"}","timestamp":"2024-11-08T12:43:37.093Z"}
{"level":"\u001b[32minfo\u001b[39m","message":"{\"method\":\"GET\",\"url\":\"/videos\",\"status\":\"304\",\"responseTime\":\"70.030\"}","timestamp":"2024-11-08T12:43:42.187Z"}
{"level":"\u001b[32minfo\u001b[39m","message":"{\"method\":\"GET\",\"url\":\"/videos\",\"status\":\"200\",\"responseTime\":\"110.676\"}","timestamp":"2024-11-08T12:55:17.931Z"}
{"level":"\u001b[32minfo\u001b[39m","message":"{\"method\":\"POST\",\"url\":\"/generate-video-presigned-url\",\"status\":\"200\",\"responseTime\":\"50.945\"}","timestamp":"2024-11-08T12:56:08.541Z"}
{"level":"\u001b[32minfo\u001b[39m","message":"{\"method\":\"GET\",\"url\":\"/videos\",\"status\":\"200\",\"responseTime\":\"86.941\"}","timestamp":"2024-11-08T12:59:38.855Z"}
{"level":"\u001b[32minfo\u001b[39m","message":"{\"method\":\"POST\",\"url\":\"/generate-video-presigned-url\",\"status\":\"200\",\"responseTime\":\"38.194\"}","timestamp":"2024-11-08T12:59:49.686Z"}
{"level":"\u001b[32minfo\u001b[39m","message":"{\"method\":\"POST\",\"url\":\"/convert\",\"status\":\"200\",\"responseTime\":\"93.205\"}","timestamp":"2024-11-08T12:59:57.903Z"}
{"level":"\u001b[32minfo\u001b[39m","message":"{\"method\":\"GET\",\"url\":\"/videos\",\"status\":\"304\",\"responseTime\":\"293.913\"}","timestamp":"2024-11-08T13:00:10.948Z"}
{"level":"\u001b[32minfo\u001b[39m","message":"{\"method\":\"GET\",\"url\":\"/video/672b2639467bb75f87c5f750\",\"status\":\"304\",\"responseTime\":\"59.177\"}","timestamp":"2024-11-08T13:00:16.994Z"}
{"level":"\u001b[32minfo\u001b[39m","message":"{\"method\":\"GET\",\"url\":\"/videos\",\"status\":\"304\",\"responseTime\":\"152.547\"}","timestamp":"2024-11-08T13:00:27.495Z"}
{"level":"\u001b[32minfo\u001b[39m","message":"{\"method\":\"GET\",\"url\":\"/videos\",\"status\":\"200\",\"responseTime\":\"61.388\"}","timestamp":"2024-11-08T13:00:49.436Z"}
{"level":"\u001b[32minfo\u001b[39m","message":"{\"method\":\"GET\",\"url\":\"/video/672e0b7d930d5e17783548f1\",\"status\":\"200\",\"responseTime\":\"45.275\"}","timestamp":"2024-11-08T13:00:51.727Z"}
{"level":"\u001b[32minfo\u001b[39m","message":"{\"method\":\"GET\",\"url\":\"/videos\",\"status\":\"304\",\"responseTime\":\"144.541\"}","timestamp":"2024-11-08T13:01:06.659Z"}
{"level":"\u001b[32minfo\u001b[39m","message":"{\"method\":\"GET\",\"url\":\"/videos\",\"status\":\"200\",\"responseTime\":\"58.920\"}","timestamp":"2024-11-08T13:02:06.966Z"}
{"level":"\u001b[32minfo\u001b[39m","message":"{\"method\":\"POST\",\"url\":\"/generate-video-presigned-url\",\"status\":\"200\",\"responseTime\":\"2.609\"}","timestamp":"2024-11-08T13:02:25.189Z"}
{"level":"\u001b[32minfo\u001b[39m","message":"{\"method\":\"POST\",\"url\":\"/convert\",\"status\":\"200\",\"responseTime\":\"105.150\"}","timestamp":"2024-11-08T13:02:42.649Z"}
