{"level":"\u001b[32minfo\u001b[39m","message":"{\"method\":\"GET\",\"url\":\"/videos?tab=All\",\"status\":\"200\",\"responseTime\":\"1769.874\"}","timestamp":"2024-12-13T03:02:15.327Z"}
{"level":"\u001b[32minfo\u001b[39m","message":"{\"method\":\"GET\",\"url\":\"/videos?tab=All\",\"status\":\"304\",\"responseTime\":\"314.979\"}","timestamp":"2024-12-13T03:17:45.973Z"}
{"level":"\u001b[32minfo\u001b[39m","message":"{\"method\":\"GET\",\"url\":\"/videos?tab=Entertainment\",\"status\":\"200\",\"responseTime\":\"325.390\"}","timestamp":"2024-12-13T03:20:08.667Z"}
{"level":"\u001b[32minfo\u001b[39m","message":"{\"method\":\"GET\",\"url\":\"/videos?tab=Education\",\"status\":\"200\",\"responseTime\":\"86.521\"}","timestamp":"2024-12-13T03:20:09.000Z"}
{"level":"\u001b[32minfo\u001b[39m","message":"{\"method\":\"GET\",\"url\":\"/videos?tab=Gaming\",\"status\":\"200\",\"responseTime\":\"191.994\"}","timestamp":"2024-12-13T03:20:09.814Z"}
{"level":"\u001b[32minfo\u001b[39m","message":"{\"method\":\"GET\",\"url\":\"/videos?tab=Lifestyle\",\"status\":\"200\",\"responseTime\":\"71.995\"}","timestamp":"2024-12-13T03:20:10.070Z"}
{"level":"\u001b[32minfo\u001b[39m","message":"{\"method\":\"GET\",\"url\":\"/videos?tab=Food\",\"status\":\"200\",\"responseTime\":\"240.100\"}","timestamp":"2024-12-13T03:20:10.916Z"}
{"level":"\u001b[32minfo\u001b[39m","message":"{\"method\":\"GET\",\"url\":\"/videos?tab=DIY\",\"status\":\"200\",\"responseTime\":\"84.415\"}","timestamp":"2024-12-13T03:20:11.198Z"}
{"level":"\u001b[32minfo\u001b[39m","message":"{\"method\":\"GET\",\"url\":\"/videos?tab=Others\",\"status\":\"200\",\"responseTime\":\"103.401\"}","timestamp":"2024-12-13T03:20:11.656Z"}
{"level":"\u001b[32minfo\u001b[39m","message":"{\"method\":\"GET\",\"url\":\"/videos?tab=Sports\",\"status\":\"200\",\"responseTime\":\"79.841\"}","timestamp":"2024-12-13T03:20:12.401Z"}
{"level":"\u001b[32minfo\u001b[39m","message":"{\"method\":\"GET\",\"url\":\"/videos?tab=Music\",\"status\":\"200\",\"responseTime\":\"67.940\"}","timestamp":"2024-12-13T03:20:12.853Z"}
{"level":"\u001b[32minfo\u001b[39m","message":"{\"method\":\"GET\",\"url\":\"/videos?tab=Automobile\",\"status\":\"200\",\"responseTime\":\"238.980\"}","timestamp":"2024-12-13T03:20:13.731Z"}
{"level":"\u001b[32minfo\u001b[39m","message":"{\"method\":\"GET\",\"url\":\"/videos?tab=All\",\"status\":\"304\",\"responseTime\":\"368.840\"}","timestamp":"2024-12-13T03:20:14.402Z"}
{"level":"\u001b[32minfo\u001b[39m","message":"{\"method\":\"GET\",\"url\":\"/videos?tab=All\",\"status\":\"200\",\"responseTime\":\"848.223\"}","timestamp":"2024-12-13T03:37:45.094Z"}
{"level":"\u001b[32minfo\u001b[39m","message":"{\"method\":\"GET\",\"url\":\"/videos?tab=All\",\"status\":\"304\",\"responseTime\":\"533.686\"}","timestamp":"2024-12-13T03:39:46.345Z"}
{"level":"\u001b[32minfo\u001b[39m","message":"{\"method\":\"GET\",\"url\":\"/videos?tab=All\",\"status\":\"304\",\"responseTime\":\"233.655\"}","timestamp":"2024-12-13T03:40:57.392Z"}
{"level":"\u001b[32minfo\u001b[39m","message":"{\"method\":\"GET\",\"url\":\"/videos?tab=All\",\"status\":\"304\",\"responseTime\":\"621.073\"}","timestamp":"2024-12-13T04:06:11.567Z"}
{"level":"\u001b[32minfo\u001b[39m","message":"{\"method\":\"GET\",\"url\":\"/videos?tab=All\",\"status\":\"304\",\"responseTime\":\"391.437\"}","timestamp":"2024-12-13T04:24:45.040Z"}
{"level":"\u001b[32minfo\u001b[39m","message":"{\"method\":\"GET\",\"url\":\"/videos?tab=All\",\"status\":\"304\",\"responseTime\":\"254.739\"}","timestamp":"2024-12-13T04:26:16.131Z"}
{"level":"\u001b[32minfo\u001b[39m","message":"{\"method\":\"GET\",\"url\":\"/videos?tab=All\",\"status\":\"304\",\"responseTime\":\"357.602\"}","timestamp":"2024-12-13T04:26:31.128Z"}
{"level":"\u001b[32minfo\u001b[39m","message":"{\"method\":\"GET\",\"url\":\"/videos?tab=All\",\"status\":\"304\",\"responseTime\":\"376.549\"}","timestamp":"2024-12-13T04:26:32.916Z"}
{"level":"\u001b[32minfo\u001b[39m","message":"{\"method\":\"GET\",\"url\":\"/videos?tab=All\",\"status\":\"304\",\"responseTime\":\"304.754\"}","timestamp":"2024-12-13T04:26:33.587Z"}
{"level":"\u001b[32minfo\u001b[39m","message":"{\"method\":\"GET\",\"url\":\"/videos?tab=All\",\"status\":\"304\",\"responseTime\":\"194.064\"}","timestamp":"2024-12-13T04:26:34.175Z"}
{"level":"\u001b[32minfo\u001b[39m","message":"{\"method\":\"GET\",\"url\":\"/videos?tab=All\",\"status\":\"304\",\"responseTime\":\"171.868\"}","timestamp":"2024-12-13T04:26:52.346Z"}
{"level":"\u001b[32minfo\u001b[39m","message":"{\"method\":\"GET\",\"url\":\"/videos?tab=All\",\"status\":\"304\",\"responseTime\":\"200.471\"}","timestamp":"2024-12-13T04:26:53.666Z"}
{"level":"\u001b[32minfo\u001b[39m","message":"{\"method\":\"GET\",\"url\":\"/videos?tab=All\",\"status\":\"304\",\"responseTime\":\"211.028\"}","timestamp":"2024-12-13T04:26:54.390Z"}
{"level":"\u001b[32minfo\u001b[39m","message":"{\"method\":\"GET\",\"url\":\"/videos?tab=All\",\"status\":\"304\",\"responseTime\":\"199.589\"}","timestamp":"2024-12-13T04:26:54.942Z"}
{"level":"\u001b[32minfo\u001b[39m","message":"{\"method\":\"GET\",\"url\":\"/videos?tab=All\",\"status\":\"304\",\"responseTime\":\"213.601\"}","timestamp":"2024-12-13T04:27:12.021Z"}
{"level":"\u001b[32minfo\u001b[39m","message":"{\"method\":\"GET\",\"url\":\"/videos?tab=All\",\"status\":\"304\",\"responseTime\":\"186.465\"}","timestamp":"2024-12-13T04:30:03.388Z"}
{"level":"\u001b[32minfo\u001b[39m","message":"{\"method\":\"GET\",\"url\":\"/videos?tab=All\",\"status\":\"304\",\"responseTime\":\"132.021\"}","timestamp":"2024-12-13T04:30:24.657Z"}
{"level":"\u001b[32minfo\u001b[39m","message":"{\"method\":\"GET\",\"url\":\"/videos?tab=All\",\"status\":\"304\",\"responseTime\":\"183.036\"}","timestamp":"2024-12-13T04:30:39.878Z"}
{"level":"\u001b[32minfo\u001b[39m","message":"{\"method\":\"POST\",\"url\":\"/generate-video-presigned-url\",\"status\":\"200\",\"responseTime\":\"259.708\"}","timestamp":"2024-12-13T04:34:54.360Z"}
{"level":"\u001b[32minfo\u001b[39m","message":"{\"method\":\"POST\",\"url\":\"/generate-video-presigned-url\",\"status\":\"200\",\"responseTime\":\"8.725\"}","timestamp":"2024-12-13T04:34:54.393Z"}
{"level":"\u001b[32minfo\u001b[39m","message":"{\"method\":\"POST\",\"url\":\"/convert\",\"status\":\"200\",\"responseTime\":\"310.409\"}","timestamp":"2024-12-13T04:35:01.682Z"}
{"level":"\u001b[32minfo\u001b[39m","message":"{\"method\":\"GET\",\"url\":\"/videos?tab=All\",\"status\":\"304\",\"responseTime\":\"399.506\"}","timestamp":"2024-12-13T04:46:22.279Z"}
{"level":"\u001b[32minfo\u001b[39m","message":"{\"method\":\"GET\",\"url\":\"/videos?tab=All\",\"status\":\"304\",\"responseTime\":\"261.874\"}","timestamp":"2024-12-13T04:46:24.848Z"}
{"level":"\u001b[32minfo\u001b[39m","message":"{\"method\":\"GET\",\"url\":\"/videos?tab=All\",\"status\":\"304\",\"responseTime\":\"169.606\"}","timestamp":"2024-12-13T04:46:25.625Z"}
{"level":"\u001b[32minfo\u001b[39m","message":"{\"method\":\"GET\",\"url\":\"/videos?tab=All\",\"status\":\"304\",\"responseTime\":\"287.219\"}","timestamp":"2024-12-13T04:46:34.323Z"}
{"level":"\u001b[32minfo\u001b[39m","message":"{\"method\":\"GET\",\"url\":\"/videos?tab=All\",\"status\":\"304\",\"responseTime\":\"284.473\"}","timestamp":"2024-12-13T04:46:35.033Z"}
{"level":"\u001b[32minfo\u001b[39m","message":"{\"method\":\"GET\",\"url\":\"/videos?tab=All\",\"status\":\"304\",\"responseTime\":\"344.817\"}","timestamp":"2024-12-13T04:46:36.281Z"}
{"level":"\u001b[32minfo\u001b[39m","message":"{\"method\":\"GET\",\"url\":\"/videos?tab=All\",\"status\":\"304\",\"responseTime\":\"276.016\"}","timestamp":"2024-12-13T04:46:45.339Z"}
{"level":"\u001b[32minfo\u001b[39m","message":"{\"method\":\"GET\",\"url\":\"/videos?tab=All\",\"status\":\"304\",\"responseTime\":\"322.500\"}","timestamp":"2024-12-13T04:46:46.219Z"}
{"level":"\u001b[32minfo\u001b[39m","message":"{\"method\":\"GET\",\"url\":\"/videos?tab=All\",\"status\":\"304\",\"responseTime\":\"217.052\"}","timestamp":"2024-12-13T04:46:46.868Z"}
{"level":"\u001b[32minfo\u001b[39m","message":"{\"method\":\"GET\",\"url\":\"/videos?tab=All\",\"status\":\"304\",\"responseTime\":\"150.207\"}","timestamp":"2024-12-13T04:46:47.881Z"}
{"level":"\u001b[32minfo\u001b[39m","message":"{\"method\":\"GET\",\"url\":\"/videos?tab=All\",\"status\":\"304\",\"responseTime\":\"147.081\"}","timestamp":"2024-12-13T04:46:48.417Z"}
{"level":"\u001b[32minfo\u001b[39m","message":"{\"method\":\"GET\",\"url\":\"/videos?tab=All\",\"status\":\"304\",\"responseTime\":\"132.015\"}","timestamp":"2024-12-13T04:46:48.941Z"}
{"level":"\u001b[32minfo\u001b[39m","message":"{\"method\":\"GET\",\"url\":\"/videos?tab=All\",\"status\":\"304\",\"responseTime\":\"155.104\"}","timestamp":"2024-12-13T04:46:49.568Z"}
{"level":"\u001b[32minfo\u001b[39m","message":"{\"method\":\"GET\",\"url\":\"/videos?tab=All\",\"status\":\"304\",\"responseTime\":\"166.063\"}","timestamp":"2024-12-13T04:47:11.559Z"}
{"level":"\u001b[32minfo\u001b[39m","message":"{\"method\":\"GET\",\"url\":\"/videos?tab=All\",\"status\":\"304\",\"responseTime\":\"258.954\"}","timestamp":"2024-12-13T04:47:12.462Z"}
{"level":"\u001b[32minfo\u001b[39m","message":"{\"method\":\"GET\",\"url\":\"/videos?tab=All\",\"status\":\"304\",\"responseTime\":\"183.711\"}","timestamp":"2024-12-13T04:47:12.977Z"}
{"level":"\u001b[32minfo\u001b[39m","message":"{\"method\":\"GET\",\"url\":\"/videos?tab=All\",\"status\":\"304\",\"responseTime\":\"247.786\"}","timestamp":"2024-12-13T04:47:14.245Z"}
{"level":"\u001b[32minfo\u001b[39m","message":"{\"method\":\"GET\",\"url\":\"/videos?tab=All\",\"status\":\"200\",\"responseTime\":\"407.263\"}","timestamp":"2024-12-13T05:00:21.527Z"}
{"level":"\u001b[32minfo\u001b[39m","message":"{\"method\":\"GET\",\"url\":\"/videos?tab=All\",\"status\":\"304\",\"responseTime\":\"202.931\"}","timestamp":"2024-12-13T05:00:24.558Z"}
{"level":"\u001b[32minfo\u001b[39m","message":"{\"method\":\"GET\",\"url\":\"/video/673f3165ae355142ad5a8a46\",\"status\":\"200\",\"responseTime\":\"778.481\"}","timestamp":"2024-12-13T05:00:43.103Z"}
{"level":"\u001b[32minfo\u001b[39m","message":"{\"method\":\"PUT\",\"url\":\"/updateviews\",\"status\":\"200\",\"responseTime\":\"24.317\"}","timestamp":"2024-12-13T05:00:43.724Z"}
{"level":"\u001b[32minfo\u001b[39m","message":"{\"method\":\"GET\",\"url\":\"/fetchOther/673f3165ae355142ad5a8a46\",\"status\":\"200\",\"responseTime\":\"104.953\"}","timestamp":"2024-12-13T05:00:43.876Z"}
{"level":"\u001b[32minfo\u001b[39m","message":"{\"method\":\"PUT\",\"url\":\"/updateviews\",\"status\":\"200\",\"responseTime\":\"50.629\"}","timestamp":"2024-12-13T05:00:54.724Z"}
{"level":"\u001b[32minfo\u001b[39m","message":"{\"method\":\"GET\",\"url\":\"/fetchOther/672b2639467bb75f87c5f750\",\"status\":\"200\",\"responseTime\":\"309.183\"}","timestamp":"2024-12-13T05:00:55.180Z"}
{"level":"\u001b[32minfo\u001b[39m","message":"{\"method\":\"GET\",\"url\":\"/video/672b2639467bb75f87c5f750\",\"status\":\"200\",\"responseTime\":\"1867.543\"}","timestamp":"2024-12-13T05:00:56.709Z"}
{"level":"\u001b[32minfo\u001b[39m","message":"{\"method\":\"GET\",\"url\":\"/videos?tab=All\",\"status\":\"200\",\"responseTime\":\"251.563\"}","timestamp":"2024-12-13T05:01:08.764Z"}
{"level":"\u001b[32minfo\u001b[39m","message":"{\"method\":\"POST\",\"url\":\"/generate-video-presigned-url\",\"status\":\"200\",\"responseTime\":\"68.668\"}","timestamp":"2024-12-13T05:02:53.003Z"}
{"level":"\u001b[32minfo\u001b[39m","message":"{\"method\":\"POST\",\"url\":\"/generate-video-presigned-url\",\"status\":\"200\",\"responseTime\":\"5.543\"}","timestamp":"2024-12-13T05:02:53.050Z"}
{"level":"\u001b[32minfo\u001b[39m","message":"{\"method\":\"POST\",\"url\":\"/convert\",\"status\":\"200\",\"responseTime\":\"93.512\"}","timestamp":"2024-12-13T05:02:57.870Z"}
{"level":"\u001b[32minfo\u001b[39m","message":"{\"method\":\"GET\",\"url\":\"/videos?tab=All\",\"status\":\"304\",\"responseTime\":\"144.453\"}","timestamp":"2024-12-13T05:03:51.869Z"}
{"level":"\u001b[32minfo\u001b[39m","message":"{\"method\":\"GET\",\"url\":\"/getuseruploadedvideo\",\"status\":\"200\",\"responseTime\":\"215.638\"}","timestamp":"2024-12-13T05:03:59.211Z"}
{"level":"\u001b[32minfo\u001b[39m","message":"{\"method\":\"GET\",\"url\":\"/getprivatevideos\",\"status\":\"200\",\"responseTime\":\"185.301\"}","timestamp":"2024-12-13T05:03:59.219Z"}
{"level":"\u001b[32minfo\u001b[39m","message":"{\"method\":\"GET\",\"url\":\"/getwatchlatervideos\",\"status\":\"200\",\"responseTime\":\"277.153\"}","timestamp":"2024-12-13T05:03:59.301Z"}
{"level":"\u001b[32minfo\u001b[39m","message":"{\"method\":\"GET\",\"url\":\"/getreportvideos\",\"status\":\"200\",\"responseTime\":\"938.952\"}","timestamp":"2024-12-13T05:03:59.987Z"}
{"level":"\u001b[32minfo\u001b[39m","message":"{\"method\":\"GET\",\"url\":\"/getuseruploadedvideo\",\"status\":\"304\",\"responseTime\":\"146.688\"}","timestamp":"2024-12-13T05:16:17.305Z"}
{"level":"\u001b[32minfo\u001b[39m","message":"{\"method\":\"GET\",\"url\":\"/getprivatevideos\",\"status\":\"304\",\"responseTime\":\"58.672\"}","timestamp":"2024-12-13T05:16:17.594Z"}
{"level":"\u001b[32minfo\u001b[39m","message":"{\"method\":\"GET\",\"url\":\"/getwatchlatervideos\",\"status\":\"304\",\"responseTime\":\"147.318\"}","timestamp":"2024-12-13T05:16:17.704Z"}
{"level":"\u001b[32minfo\u001b[39m","message":"{\"method\":\"GET\",\"url\":\"/getreportvideos\",\"status\":\"304\",\"responseTime\":\"187.131\"}","timestamp":"2024-12-13T05:16:17.766Z"}
{"level":"\u001b[32minfo\u001b[39m","message":"{\"method\":\"GET\",\"url\":\"/videos?tab=All\",\"status\":\"304\",\"responseTime\":\"970.352\"}","timestamp":"2024-12-13T06:00:52.112Z"}
{"level":"\u001b[32minfo\u001b[39m","message":"{\"method\":\"POST\",\"url\":\"/generate-video-presigned-url\",\"status\":\"200\",\"responseTime\":\"29.197\"}","timestamp":"2024-12-13T06:01:35.184Z"}
{"level":"\u001b[32minfo\u001b[39m","message":"{\"method\":\"POST\",\"url\":\"/generate-video-presigned-url\",\"status\":\"200\",\"responseTime\":\"3.709\"}","timestamp":"2024-12-13T06:01:35.209Z"}
{"level":"\u001b[32minfo\u001b[39m","message":"{\"method\":\"POST\",\"url\":\"/convert\",\"status\":\"200\",\"responseTime\":\"119.815\"}","timestamp":"2024-12-13T06:01:49.154Z"}
{"level":"\u001b[32minfo\u001b[39m","message":"{\"method\":\"GET\",\"url\":\"/videos?tab=All\",\"status\":\"200\",\"responseTime\":\"438.801\"}","timestamp":"2024-12-13T06:54:02.296Z"}
{"level":"\u001b[32minfo\u001b[39m","message":"{\"method\":\"POST\",\"url\":\"/generate-video-presigned-url\",\"status\":\"200\",\"responseTime\":\"56.776\"}","timestamp":"2024-12-13T06:54:57.073Z"}
{"level":"\u001b[32minfo\u001b[39m","message":"{\"method\":\"POST\",\"url\":\"/generate-video-presigned-url\",\"status\":\"200\",\"responseTime\":\"4.401\"}","timestamp":"2024-12-13T06:54:57.098Z"}
{"level":"\u001b[32minfo\u001b[39m","message":"{\"method\":\"POST\",\"url\":\"/convert\",\"status\":\"200\",\"responseTime\":\"119.318\"}","timestamp":"2024-12-13T06:55:07.140Z"}
{"level":"\u001b[32minfo\u001b[39m","message":"{\"method\":\"GET\",\"url\":\"/videos?tab=All\",\"status\":\"200\",\"responseTime\":\"184.330\"}","timestamp":"2024-12-13T06:56:59.736Z"}
{"level":"\u001b[32minfo\u001b[39m","message":"{\"method\":\"GET\",\"url\":\"/getprivatevideos\",\"status\":\"304\",\"responseTime\":\"99.269\"}","timestamp":"2024-12-13T06:57:02.093Z"}
{"level":"\u001b[32minfo\u001b[39m","message":"{\"method\":\"GET\",\"url\":\"/getwatchlatervideos\",\"status\":\"304\",\"responseTime\":\"172.507\"}","timestamp":"2024-12-13T06:57:02.187Z"}
{"level":"\u001b[32minfo\u001b[39m","message":"{\"method\":\"GET\",\"url\":\"/getreportvideos\",\"status\":\"304\",\"responseTime\":\"236.509\"}","timestamp":"2024-12-13T06:57:02.203Z"}
{"level":"\u001b[32minfo\u001b[39m","message":"{\"method\":\"GET\",\"url\":\"/getuseruploadedvideo\",\"status\":\"200\",\"responseTime\":\"698.013\"}","timestamp":"2024-12-13T06:57:02.743Z"}
{"level":"\u001b[32minfo\u001b[39m","message":"{\"method\":\"GET\",\"url\":\"/getuseruploadedvideo\",\"status\":\"304\",\"responseTime\":\"923.501\"}","timestamp":"2024-12-13T08:19:19.783Z"}
{"level":"\u001b[32minfo\u001b[39m","message":"{\"method\":\"GET\",\"url\":\"/getprivatevideos\",\"status\":\"304\",\"responseTime\":\"81.417\"}","timestamp":"2024-12-13T08:19:19.978Z"}
{"level":"\u001b[32minfo\u001b[39m","message":"{\"method\":\"GET\",\"url\":\"/getwatchlatervideos\",\"status\":\"304\",\"responseTime\":\"415.853\"}","timestamp":"2024-12-13T08:19:20.329Z"}
{"level":"\u001b[32minfo\u001b[39m","message":"{\"method\":\"GET\",\"url\":\"/getreportvideos\",\"status\":\"304\",\"responseTime\":\"466.449\"}","timestamp":"2024-12-13T08:19:20.409Z"}
{"level":"\u001b[32minfo\u001b[39m","message":"{\"method\":\"GET\",\"url\":\"/getprivatevideos\",\"status\":\"-\",\"responseTime\":\"-\"}","timestamp":"2024-12-13T10:51:35.986Z"}
{"level":"\u001b[32minfo\u001b[39m","message":"{\"method\":\"GET\",\"url\":\"/getreportvideos\",\"status\":\"-\",\"responseTime\":\"-\"}","timestamp":"2024-12-13T10:51:36.060Z"}
{"level":"\u001b[32minfo\u001b[39m","message":"{\"method\":\"GET\",\"url\":\"/getwatchlatervideos\",\"status\":\"-\",\"responseTime\":\"-\"}","timestamp":"2024-12-13T10:51:36.069Z"}
