{"level":"\u001b[32minfo\u001b[39m","message":"{\"method\":\"GET\",\"url\":\"/videos?tab=All\",\"status\":\"200\",\"responseTime\":\"473.219\"}","timestamp":"2024-12-12T02:57:56.228Z"}
{"level":"\u001b[32minfo\u001b[39m","message":"{\"method\":\"GET\",\"url\":\"/getuseruploadedvideo\",\"status\":\"304\",\"responseTime\":\"207.939\"}","timestamp":"2024-12-12T02:58:03.259Z"}
{"level":"\u001b[32minfo\u001b[39m","message":"{\"method\":\"GET\",\"url\":\"/getprivatevideos\",\"status\":\"304\",\"responseTime\":\"259.559\"}","timestamp":"2024-12-12T02:58:03.326Z"}
{"level":"\u001b[32minfo\u001b[39m","message":"{\"method\":\"GET\",\"url\":\"/getwatchlatervideos\",\"status\":\"304\",\"responseTime\":\"335.162\"}","timestamp":"2024-12-12T02:58:03.394Z"}
{"level":"\u001b[32minfo\u001b[39m","message":"{\"method\":\"GET\",\"url\":\"/getreportvideos\",\"status\":\"304\",\"responseTime\":\"752.669\"}","timestamp":"2024-12-12T02:58:03.826Z"}
{"level":"\u001b[32minfo\u001b[39m","message":"{\"method\":\"GET\",\"url\":\"/reportreason/672b2639467bb75f87c5f750\",\"status\":\"304\",\"responseTime\":\"69.644\"}","timestamp":"2024-12-12T02:58:12.526Z"}
{"level":"\u001b[32minfo\u001b[39m","message":"{\"method\":\"GET\",\"url\":\"/video/672b2639467bb75f87c5f750\",\"status\":\"200\",\"responseTime\":\"473.281\"}","timestamp":"2024-12-12T02:58:12.912Z"}
{"level":"\u001b[32minfo\u001b[39m","message":"{\"method\":\"POST\",\"url\":\"/verifybyuser\",\"status\":\"200\",\"responseTime\":\"175.754\"}","timestamp":"2024-12-12T02:58:15.518Z"}
{"level":"\u001b[32minfo\u001b[39m","message":"{\"method\":\"POST\",\"url\":\"/verifybyuser\",\"status\":\"200\",\"responseTime\":\"56.932\"}","timestamp":"2024-12-12T02:58:17.567Z"}
{"level":"\u001b[32minfo\u001b[39m","message":"{\"method\":\"POST\",\"url\":\"/verifybyuser\",\"status\":\"200\",\"responseTime\":\"49.722\"}","timestamp":"2024-12-12T02:58:21.841Z"}
{"level":"\u001b[32minfo\u001b[39m","message":"{\"method\":\"GET\",\"url\":\"/videos?tab=All\",\"status\":\"200\",\"responseTime\":\"356.552\"}","timestamp":"2024-12-12T02:58:25.167Z"}
{"level":"\u001b[32minfo\u001b[39m","message":"{\"method\":\"GET\",\"url\":\"/getuseruploadedvideo\",\"status\":\"200\",\"responseTime\":\"106.665\"}","timestamp":"2024-12-12T02:58:29.075Z"}
{"level":"\u001b[32minfo\u001b[39m","message":"{\"method\":\"GET\",\"url\":\"/getprivatevideos\",\"status\":\"304\",\"responseTime\":\"86.162\"}","timestamp":"2024-12-12T02:58:29.096Z"}
{"level":"\u001b[32minfo\u001b[39m","message":"{\"method\":\"GET\",\"url\":\"/getwatchlatervideos\",\"status\":\"200\",\"responseTime\":\"217.680\"}","timestamp":"2024-12-12T02:58:29.208Z"}
{"level":"\u001b[32minfo\u001b[39m","message":"{\"method\":\"GET\",\"url\":\"/getreportvideos\",\"status\":\"200\",\"responseTime\":\"291.265\"}","timestamp":"2024-12-12T02:58:29.290Z"}
{"level":"\u001b[32minfo\u001b[39m","message":"{\"method\":\"GET\",\"url\":\"/reportreason/672b3db35336236b3118cff7\",\"status\":\"200\",\"responseTime\":\"57.374\"}","timestamp":"2024-12-12T02:58:32.112Z"}
{"level":"\u001b[32minfo\u001b[39m","message":"{\"method\":\"GET\",\"url\":\"/video/672b3db35336236b3118cff7\",\"status\":\"200\",\"responseTime\":\"223.125\"}","timestamp":"2024-12-12T02:58:32.266Z"}
{"level":"\u001b[32minfo\u001b[39m","message":"{\"method\":\"POST\",\"url\":\"/verifybyuser\",\"status\":\"200\",\"responseTime\":\"199.988\"}","timestamp":"2024-12-12T03:01:30.195Z"}
{"level":"\u001b[32minfo\u001b[39m","message":"{\"method\":\"GET\",\"url\":\"/reportreason/672b3db35336236b3118cff7\",\"status\":\"200\",\"responseTime\":\"50.474\"}","timestamp":"2024-12-12T03:03:05.229Z"}
{"level":"\u001b[32minfo\u001b[39m","message":"{\"method\":\"GET\",\"url\":\"/video/672b3db35336236b3118cff7\",\"status\":\"200\",\"responseTime\":\"2220.311\"}","timestamp":"2024-12-12T03:03:07.197Z"}
{"level":"\u001b[32minfo\u001b[39m","message":"{\"method\":\"GET\",\"url\":\"/reportreason/672b3db35336236b3118cff7\",\"status\":\"304\",\"responseTime\":\"46.385\"}","timestamp":"2024-12-12T03:03:16.454Z"}
{"level":"\u001b[32minfo\u001b[39m","message":"{\"method\":\"GET\",\"url\":\"/video/672b3db35336236b3118cff7\",\"status\":\"304\",\"responseTime\":\"199.791\"}","timestamp":"2024-12-12T03:03:16.509Z"}
{"level":"\u001b[32minfo\u001b[39m","message":"{\"method\":\"GET\",\"url\":\"/getprivatevideos\",\"status\":\"304\",\"responseTime\":\"63.291\"}","timestamp":"2024-12-12T03:03:36.877Z"}
{"level":"\u001b[32minfo\u001b[39m","message":"{\"method\":\"GET\",\"url\":\"/getuseruploadedvideo\",\"status\":\"200\",\"responseTime\":\"100.043\"}","timestamp":"2024-12-12T03:03:36.930Z"}
{"level":"\u001b[32minfo\u001b[39m","message":"{\"method\":\"GET\",\"url\":\"/getwatchlatervideos\",\"status\":\"200\",\"responseTime\":\"140.870\"}","timestamp":"2024-12-12T03:03:36.963Z"}
{"level":"\u001b[32minfo\u001b[39m","message":"{\"method\":\"GET\",\"url\":\"/getreportvideos\",\"status\":\"200\",\"responseTime\":\"217.395\"}","timestamp":"2024-12-12T03:03:37.062Z"}
{"level":"\u001b[32minfo\u001b[39m","message":"{\"method\":\"GET\",\"url\":\"/getuseruploadedvideo\",\"status\":\"304\",\"responseTime\":\"135.865\"}","timestamp":"2024-12-12T03:14:01.875Z"}
{"level":"\u001b[32minfo\u001b[39m","message":"{\"method\":\"GET\",\"url\":\"/getprivatevideos\",\"status\":\"304\",\"responseTime\":\"51.777\"}","timestamp":"2024-12-12T03:14:02.077Z"}
{"level":"\u001b[32minfo\u001b[39m","message":"{\"method\":\"GET\",\"url\":\"/getwatchlatervideos\",\"status\":\"304\",\"responseTime\":\"112.822\"}","timestamp":"2024-12-12T03:14:02.153Z"}
{"level":"\u001b[32minfo\u001b[39m","message":"{\"method\":\"GET\",\"url\":\"/getreportvideos\",\"status\":\"304\",\"responseTime\":\"140.422\"}","timestamp":"2024-12-12T03:14:02.174Z"}
{"level":"\u001b[32minfo\u001b[39m","message":"{\"method\":\"GET\",\"url\":\"/videos?tab=All\",\"status\":\"200\",\"responseTime\":\"271.075\"}","timestamp":"2024-12-12T03:14:18.767Z"}
{"level":"\u001b[32minfo\u001b[39m","message":"{\"method\":\"PUT\",\"url\":\"/updateviews\",\"status\":\"200\",\"responseTime\":\"23.174\"}","timestamp":"2024-12-12T03:14:22.863Z"}
{"level":"\u001b[32minfo\u001b[39m","message":"{\"method\":\"GET\",\"url\":\"/fetchOther/672b2639467bb75f87c5f750\",\"status\":\"200\",\"responseTime\":\"105.481\"}","timestamp":"2024-12-12T03:14:23.058Z"}
{"level":"\u001b[32minfo\u001b[39m","message":"{\"method\":\"GET\",\"url\":\"/video/672b2639467bb75f87c5f750\",\"status\":\"200\",\"responseTime\":\"492.239\"}","timestamp":"2024-12-12T03:14:23.440Z"}
{"level":"\u001b[32minfo\u001b[39m","message":"{\"method\":\"POST\",\"url\":\"/reportvideo\",\"status\":\"200\",\"responseTime\":\"473.087\"}","timestamp":"2024-12-12T03:14:36.040Z"}
{"level":"\u001b[32minfo\u001b[39m","message":"{\"method\":\"POST\",\"url\":\"/reportvideo\",\"status\":\"200\",\"responseTime\":\"114.252\"}","timestamp":"2024-12-12T03:14:40.544Z"}
{"level":"\u001b[32minfo\u001b[39m","message":"{\"method\":\"GET\",\"url\":\"/getuseruploadedvideo\",\"status\":\"200\",\"responseTime\":\"97.738\"}","timestamp":"2024-12-12T03:14:45.047Z"}
{"level":"\u001b[32minfo\u001b[39m","message":"{\"method\":\"GET\",\"url\":\"/getprivatevideos\",\"status\":\"304\",\"responseTime\":\"52.963\"}","timestamp":"2024-12-12T03:14:45.211Z"}
{"level":"\u001b[32minfo\u001b[39m","message":"{\"method\":\"GET\",\"url\":\"/getwatchlatervideos\",\"status\":\"200\",\"responseTime\":\"131.552\"}","timestamp":"2024-12-12T03:14:45.297Z"}
{"level":"\u001b[32minfo\u001b[39m","message":"{\"method\":\"GET\",\"url\":\"/getreportvideos\",\"status\":\"200\",\"responseTime\":\"208.231\"}","timestamp":"2024-12-12T03:14:45.393Z"}
{"level":"\u001b[32minfo\u001b[39m","message":"{\"method\":\"GET\",\"url\":\"/reportreason/672b2639467bb75f87c5f750\",\"status\":\"200\",\"responseTime\":\"52.545\"}","timestamp":"2024-12-12T03:14:49.811Z"}
{"level":"\u001b[32minfo\u001b[39m","message":"{\"method\":\"GET\",\"url\":\"/video/672b2639467bb75f87c5f750\",\"status\":\"200\",\"responseTime\":\"319.945\"}","timestamp":"2024-12-12T03:14:50.057Z"}
{"level":"\u001b[32minfo\u001b[39m","message":"{\"method\":\"POST\",\"url\":\"/verifybyuser\",\"status\":\"200\",\"responseTime\":\"187.330\"}","timestamp":"2024-12-12T03:14:52.030Z"}
{"level":"\u001b[32minfo\u001b[39m","message":"{\"method\":\"GET\",\"url\":\"/reportvideosAdmin\",\"status\":\"304\",\"responseTime\":\"56.373\"}","timestamp":"2024-12-12T03:14:54.370Z"}
{"level":"\u001b[32minfo\u001b[39m","message":"{\"method\":\"GET\",\"url\":\"/reportvideosAdmin\",\"status\":\"304\",\"responseTime\":\"50.434\"}","timestamp":"2024-12-12T03:15:18.693Z"}
{"level":"\u001b[32minfo\u001b[39m","message":"{\"method\":\"GET\",\"url\":\"/reportreason/672b2639467bb75f87c5f750\",\"status\":\"200\",\"responseTime\":\"61.337\"}","timestamp":"2024-12-12T03:15:19.646Z"}
{"level":"\u001b[32minfo\u001b[39m","message":"{\"method\":\"GET\",\"url\":\"/video/672b2639467bb75f87c5f750\",\"status\":\"200\",\"responseTime\":\"345.574\"}","timestamp":"2024-12-12T03:15:19.918Z"}
{"level":"\u001b[32minfo\u001b[39m","message":"{\"method\":\"PUT\",\"url\":\"/updateviews\",\"status\":\"200\",\"responseTime\":\"6.122\"}","timestamp":"2024-12-12T03:15:21.120Z"}
{"level":"\u001b[32minfo\u001b[39m","message":"{\"method\":\"GET\",\"url\":\"/fetchOther/672b2639467bb75f87c5f750\",\"status\":\"304\",\"responseTime\":\"118.149\"}","timestamp":"2024-12-12T03:15:21.253Z"}
{"level":"\u001b[32minfo\u001b[39m","message":"{\"method\":\"GET\",\"url\":\"/getuseruploadedvideo\",\"status\":\"200\",\"responseTime\":\"121.474\"}","timestamp":"2024-12-12T03:15:21.450Z"}
{"level":"\u001b[32minfo\u001b[39m","message":"{\"method\":\"GET\",\"url\":\"/getprivatevideos\",\"status\":\"304\",\"responseTime\":\"125.626\"}","timestamp":"2024-12-12T03:15:21.471Z"}
{"level":"\u001b[32minfo\u001b[39m","message":"{\"method\":\"GET\",\"url\":\"/getwatchlatervideos\",\"status\":\"200\",\"responseTime\":\"228.150\"}","timestamp":"2024-12-12T03:15:21.581Z"}
{"level":"\u001b[32minfo\u001b[39m","message":"{\"method\":\"GET\",\"url\":\"/getreportvideos\",\"status\":\"200\",\"responseTime\":\"300.591\"}","timestamp":"2024-12-12T03:15:21.659Z"}
{"level":"\u001b[32minfo\u001b[39m","message":"{\"method\":\"GET\",\"url\":\"/video/672b2639467bb75f87c5f750\",\"status\":\"304\",\"responseTime\":\"992.005\"}","timestamp":"2024-12-12T03:15:22.054Z"}
{"level":"\u001b[32minfo\u001b[39m","message":"{\"method\":\"GET\",\"url\":\"/getuseruploadedvideo\",\"status\":\"304\",\"responseTime\":\"110.873\"}","timestamp":"2024-12-12T03:15:28.410Z"}
{"level":"\u001b[32minfo\u001b[39m","message":"{\"method\":\"GET\",\"url\":\"/getprivatevideos\",\"status\":\"304\",\"responseTime\":\"247.059\"}","timestamp":"2024-12-12T03:15:28.695Z"}
{"level":"\u001b[32minfo\u001b[39m","message":"{\"method\":\"GET\",\"url\":\"/getwatchlatervideos\",\"status\":\"304\",\"responseTime\":\"258.314\"}","timestamp":"2024-12-12T03:15:28.764Z"}
{"level":"\u001b[32minfo\u001b[39m","message":"{\"method\":\"GET\",\"url\":\"/getreportvideos\",\"status\":\"304\",\"responseTime\":\"319.560\"}","timestamp":"2024-12-12T03:15:28.848Z"}
{"level":"\u001b[32minfo\u001b[39m","message":"{\"method\":\"PUT\",\"url\":\"/updateviews\",\"status\":\"200\",\"responseTime\":\"3.333\"}","timestamp":"2024-12-12T03:15:29.882Z"}
{"level":"\u001b[32minfo\u001b[39m","message":"{\"method\":\"GET\",\"url\":\"/fetchOther/672b2639467bb75f87c5f750\",\"status\":\"304\",\"responseTime\":\"106.129\"}","timestamp":"2024-12-12T03:15:30.001Z"}
{"level":"\u001b[32minfo\u001b[39m","message":"{\"method\":\"GET\",\"url\":\"/video/672b2639467bb75f87c5f750\",\"status\":\"200\",\"responseTime\":\"342.095\"}","timestamp":"2024-12-12T03:15:30.160Z"}
{"level":"\u001b[32minfo\u001b[39m","message":"{\"method\":\"POST\",\"url\":\"/reportvideo\",\"status\":\"200\",\"responseTime\":\"189.616\"}","timestamp":"2024-12-12T03:15:39.858Z"}
{"level":"\u001b[32minfo\u001b[39m","message":"{\"method\":\"GET\",\"url\":\"/videos?tab=All\",\"status\":\"200\",\"responseTime\":\"295.749\"}","timestamp":"2024-12-12T03:15:43.286Z"}
{"level":"\u001b[32minfo\u001b[39m","message":"{\"method\":\"GET\",\"url\":\"/getprivatevideos\",\"status\":\"304\",\"responseTime\":\"62.602\"}","timestamp":"2024-12-12T03:15:44.798Z"}
{"level":"\u001b[32minfo\u001b[39m","message":"{\"method\":\"GET\",\"url\":\"/getuseruploadedvideo\",\"status\":\"200\",\"responseTime\":\"136.996\"}","timestamp":"2024-12-12T03:15:44.866Z"}
{"level":"\u001b[32minfo\u001b[39m","message":"{\"method\":\"GET\",\"url\":\"/getwatchlatervideos\",\"status\":\"200\",\"responseTime\":\"192.222\"}","timestamp":"2024-12-12T03:15:44.945Z"}
{"level":"\u001b[32minfo\u001b[39m","message":"{\"method\":\"GET\",\"url\":\"/getreportvideos\",\"status\":\"200\",\"responseTime\":\"264.109\"}","timestamp":"2024-12-12T03:15:45.016Z"}
{"level":"\u001b[32minfo\u001b[39m","message":"{\"method\":\"GET\",\"url\":\"/reportreason/672b2639467bb75f87c5f750\",\"status\":\"200\",\"responseTime\":\"65.034\"}","timestamp":"2024-12-12T03:15:48.535Z"}
{"level":"\u001b[32minfo\u001b[39m","message":"{\"method\":\"GET\",\"url\":\"/video/672b2639467bb75f87c5f750\",\"status\":\"200\",\"responseTime\":\"343.381\"}","timestamp":"2024-12-12T03:15:48.800Z"}
{"level":"\u001b[32minfo\u001b[39m","message":"{\"method\":\"POST\",\"url\":\"/verifybyuser\",\"status\":\"200\",\"responseTime\":\"175.499\"}","timestamp":"2024-12-12T03:15:50.193Z"}
{"level":"\u001b[32minfo\u001b[39m","message":"{\"method\":\"GET\",\"url\":\"/getprivatevideos\",\"status\":\"304\",\"responseTime\":\"61.719\"}","timestamp":"2024-12-12T03:15:52.294Z"}
{"level":"\u001b[32minfo\u001b[39m","message":"{\"method\":\"GET\",\"url\":\"/getuseruploadedvideo\",\"status\":\"200\",\"responseTime\":\"132.307\"}","timestamp":"2024-12-12T03:15:52.359Z"}
{"level":"\u001b[32minfo\u001b[39m","message":"{\"method\":\"GET\",\"url\":\"/getwatchlatervideos\",\"status\":\"200\",\"responseTime\":\"287.976\"}","timestamp":"2024-12-12T03:15:52.591Z"}
{"level":"\u001b[32minfo\u001b[39m","message":"{\"method\":\"GET\",\"url\":\"/getreportvideos\",\"status\":\"200\",\"responseTime\":\"392.394\"}","timestamp":"2024-12-12T03:15:52.631Z"}
{"level":"\u001b[32minfo\u001b[39m","message":"{\"method\":\"GET\",\"url\":\"/getuseruploadedvideo\",\"status\":\"304\",\"responseTime\":\"106.886\"}","timestamp":"2024-12-12T03:19:14.837Z"}
{"level":"\u001b[32minfo\u001b[39m","message":"{\"method\":\"GET\",\"url\":\"/getprivatevideos\",\"status\":\"304\",\"responseTime\":\"59.720\"}","timestamp":"2024-12-12T03:19:15.103Z"}
{"level":"\u001b[32minfo\u001b[39m","message":"{\"method\":\"GET\",\"url\":\"/getwatchlatervideos\",\"status\":\"304\",\"responseTime\":\"118.860\"}","timestamp":"2024-12-12T03:19:15.184Z"}
{"level":"\u001b[32minfo\u001b[39m","message":"{\"method\":\"GET\",\"url\":\"/getreportvideos\",\"status\":\"304\",\"responseTime\":\"152.873\"}","timestamp":"2024-12-12T03:19:15.211Z"}
{"level":"\u001b[32minfo\u001b[39m","message":"{\"method\":\"PUT\",\"url\":\"/updateviews\",\"status\":\"200\",\"responseTime\":\"6.004\"}","timestamp":"2024-12-12T03:19:16.318Z"}
{"level":"\u001b[32minfo\u001b[39m","message":"{\"method\":\"GET\",\"url\":\"/fetchOther/672b2639467bb75f87c5f750\",\"status\":\"304\",\"responseTime\":\"106.703\"}","timestamp":"2024-12-12T03:19:16.542Z"}
{"level":"\u001b[32minfo\u001b[39m","message":"{\"method\":\"GET\",\"url\":\"/video/672b2639467bb75f87c5f750\",\"status\":\"200\",\"responseTime\":\"321.949\"}","timestamp":"2024-12-12T03:19:16.556Z"}
{"level":"\u001b[32minfo\u001b[39m","message":"{\"method\":\"GET\",\"url\":\"/getuseruploadedvideo\",\"status\":\"200\",\"responseTime\":\"117.439\"}","timestamp":"2024-12-12T03:20:54.801Z"}
{"level":"\u001b[32minfo\u001b[39m","message":"{\"method\":\"GET\",\"url\":\"/getprivatevideos\",\"status\":\"304\",\"responseTime\":\"51.588\"}","timestamp":"2024-12-12T03:20:55.002Z"}
{"level":"\u001b[32minfo\u001b[39m","message":"{\"method\":\"GET\",\"url\":\"/getwatchlatervideos\",\"status\":\"200\",\"responseTime\":\"113.686\"}","timestamp":"2024-12-12T03:20:55.079Z"}
{"level":"\u001b[32minfo\u001b[39m","message":"{\"method\":\"GET\",\"url\":\"/getreportvideos\",\"status\":\"304\",\"responseTime\":\"163.216\"}","timestamp":"2024-12-12T03:20:55.121Z"}
{"level":"\u001b[32minfo\u001b[39m","message":"{\"method\":\"GET\",\"url\":\"/videos?tab=All\",\"status\":\"200\",\"responseTime\":\"297.760\"}","timestamp":"2024-12-12T03:21:11.666Z"}
{"level":"\u001b[32minfo\u001b[39m","message":"{\"method\":\"GET\",\"url\":\"/getuseruploadedvideo\",\"status\":\"200\",\"responseTime\":\"55.369\"}","timestamp":"2024-12-12T03:21:13.859Z"}
{"level":"\u001b[32minfo\u001b[39m","message":"{\"method\":\"GET\",\"url\":\"/getprivatevideos\",\"status\":\"304\",\"responseTime\":\"68.275\"}","timestamp":"2024-12-12T03:21:13.879Z"}
{"level":"\u001b[32minfo\u001b[39m","message":"{\"method\":\"GET\",\"url\":\"/getwatchlatervideos\",\"status\":\"200\",\"responseTime\":\"125.090\"}","timestamp":"2024-12-12T03:21:13.944Z"}
{"level":"\u001b[32minfo\u001b[39m","message":"{\"method\":\"GET\",\"url\":\"/getreportvideos\",\"status\":\"304\",\"responseTime\":\"167.604\"}","timestamp":"2024-12-12T03:21:13.999Z"}
{"level":"\u001b[32minfo\u001b[39m","message":"{\"method\":\"GET\",\"url\":\"/getuseruploadedvideo\",\"status\":\"304\",\"responseTime\":\"54.762\"}","timestamp":"2024-12-12T03:21:20.092Z"}
{"level":"\u001b[32minfo\u001b[39m","message":"{\"method\":\"PUT\",\"url\":\"/updateviews\",\"status\":\"200\",\"responseTime\":\"3.674\"}","timestamp":"2024-12-12T03:23:18.104Z"}
{"level":"\u001b[32minfo\u001b[39m","message":"{\"method\":\"GET\",\"url\":\"/fetchOther/672b2639467bb75f87c5f750\",\"status\":\"304\",\"responseTime\":\"100.403\"}","timestamp":"2024-12-12T03:23:18.225Z"}
{"level":"\u001b[32minfo\u001b[39m","message":"{\"method\":\"GET\",\"url\":\"/video/672b2639467bb75f87c5f750\",\"status\":\"200\",\"responseTime\":\"373.058\"}","timestamp":"2024-12-12T03:23:18.425Z"}
{"level":"\u001b[32minfo\u001b[39m","message":"{\"method\":\"GET\",\"url\":\"/getuseruploadedvideo\",\"status\":\"304\",\"responseTime\":\"52.026\"}","timestamp":"2024-12-12T03:26:00.236Z"}
{"level":"\u001b[32minfo\u001b[39m","message":"{\"method\":\"PUT\",\"url\":\"/updateviews\",\"status\":\"200\",\"responseTime\":\"3.721\"}","timestamp":"2024-12-12T03:26:00.790Z"}
{"level":"\u001b[32minfo\u001b[39m","message":"{\"method\":\"GET\",\"url\":\"/fetchOther/672b2639467bb75f87c5f750\",\"status\":\"304\",\"responseTime\":\"103.655\"}","timestamp":"2024-12-12T03:26:00.899Z"}
{"level":"\u001b[32minfo\u001b[39m","message":"{\"method\":\"GET\",\"url\":\"/video/672b2639467bb75f87c5f750\",\"status\":\"200\",\"responseTime\":\"320.542\"}","timestamp":"2024-12-12T03:26:01.053Z"}
{"level":"\u001b[32minfo\u001b[39m","message":"{\"method\":\"GET\",\"url\":\"/getuseruploadedvideo\",\"status\":\"304\",\"responseTime\":\"56.642\"}","timestamp":"2024-12-12T03:26:10.743Z"}
{"level":"\u001b[32minfo\u001b[39m","message":"{\"method\":\"GET\",\"url\":\"/getprivatevideos\",\"status\":\"304\",\"responseTime\":\"56.506\"}","timestamp":"2024-12-12T03:26:16.586Z"}
{"level":"\u001b[32minfo\u001b[39m","message":"{\"method\":\"GET\",\"url\":\"/getwatchlatervideos\",\"status\":\"304\",\"responseTime\":\"104.978\"}","timestamp":"2024-12-12T03:26:16.645Z"}
{"level":"\u001b[32minfo\u001b[39m","message":"{\"method\":\"GET\",\"url\":\"/getreportvideos\",\"status\":\"304\",\"responseTime\":\"166.958\"}","timestamp":"2024-12-12T03:26:16.710Z"}
{"level":"\u001b[32minfo\u001b[39m","message":"{\"method\":\"GET\",\"url\":\"/getuseruploadedvideo\",\"status\":\"304\",\"responseTime\":\"51.357\"}","timestamp":"2024-12-12T03:29:48.426Z"}
{"level":"\u001b[32minfo\u001b[39m","message":"{\"method\":\"GET\",\"url\":\"/getprivatevideos\",\"status\":\"304\",\"responseTime\":\"60.774\"}","timestamp":"2024-12-12T03:29:48.666Z"}
{"level":"\u001b[32minfo\u001b[39m","message":"{\"method\":\"GET\",\"url\":\"/getwatchlatervideos\",\"status\":\"304\",\"responseTime\":\"119.728\"}","timestamp":"2024-12-12T03:29:48.755Z"}
{"level":"\u001b[32minfo\u001b[39m","message":"{\"method\":\"GET\",\"url\":\"/getreportvideos\",\"status\":\"304\",\"responseTime\":\"153.046\"}","timestamp":"2024-12-12T03:29:48.774Z"}
{"level":"\u001b[32minfo\u001b[39m","message":"{\"method\":\"PUT\",\"url\":\"/updateviews\",\"status\":\"200\",\"responseTime\":\"3.668\"}","timestamp":"2024-12-12T03:29:49.074Z"}
{"level":"\u001b[32minfo\u001b[39m","message":"{\"method\":\"GET\",\"url\":\"/fetchOther/672b2639467bb75f87c5f750\",\"status\":\"304\",\"responseTime\":\"104.723\"}","timestamp":"2024-12-12T03:29:49.184Z"}
{"level":"\u001b[32minfo\u001b[39m","message":"{\"method\":\"GET\",\"url\":\"/video/672b2639467bb75f87c5f750\",\"status\":\"200\",\"responseTime\":\"359.224\"}","timestamp":"2024-12-12T03:29:49.366Z"}
{"level":"\u001b[32minfo\u001b[39m","message":"{\"method\":\"GET\",\"url\":\"/getuseruploadedvideo\",\"status\":\"304\",\"responseTime\":\"55.500\"}","timestamp":"2024-12-12T03:29:51.060Z"}
{"level":"\u001b[32minfo\u001b[39m","message":"{\"method\":\"GET\",\"url\":\"/getprivatevideos\",\"status\":\"304\",\"responseTime\":\"52.876\"}","timestamp":"2024-12-12T03:29:51.234Z"}
{"level":"\u001b[32minfo\u001b[39m","message":"{\"method\":\"GET\",\"url\":\"/getwatchlatervideos\",\"status\":\"304\",\"responseTime\":\"105.489\"}","timestamp":"2024-12-12T03:29:51.293Z"}
{"level":"\u001b[32minfo\u001b[39m","message":"{\"method\":\"GET\",\"url\":\"/getreportvideos\",\"status\":\"304\",\"responseTime\":\"165.935\"}","timestamp":"2024-12-12T03:29:51.358Z"}
{"level":"\u001b[32minfo\u001b[39m","message":"{\"method\":\"GET\",\"url\":\"/getuseruploadedvideo\",\"status\":\"304\",\"responseTime\":\"51.558\"}","timestamp":"2024-12-12T03:30:28.695Z"}
{"level":"\u001b[32minfo\u001b[39m","message":"{\"method\":\"GET\",\"url\":\"/getprivatevideos\",\"status\":\"304\",\"responseTime\":\"51.152\"}","timestamp":"2024-12-12T03:30:28.892Z"}
{"level":"\u001b[32minfo\u001b[39m","message":"{\"method\":\"GET\",\"url\":\"/getwatchlatervideos\",\"status\":\"304\",\"responseTime\":\"111.882\"}","timestamp":"2024-12-12T03:30:28.963Z"}
{"level":"\u001b[32minfo\u001b[39m","message":"{\"method\":\"GET\",\"url\":\"/getreportvideos\",\"status\":\"304\",\"responseTime\":\"171.736\"}","timestamp":"2024-12-12T03:30:29.029Z"}
{"level":"\u001b[32minfo\u001b[39m","message":"{\"method\":\"GET\",\"url\":\"/getuseruploadedvideo\",\"status\":\"304\",\"responseTime\":\"53.379\"}","timestamp":"2024-12-12T03:30:59.845Z"}
{"level":"\u001b[32minfo\u001b[39m","message":"{\"method\":\"PUT\",\"url\":\"/updateviews\",\"status\":\"200\",\"responseTime\":\"3.574\"}","timestamp":"2024-12-12T03:31:00.613Z"}
{"level":"\u001b[32minfo\u001b[39m","message":"{\"method\":\"GET\",\"url\":\"/fetchOther/672b2639467bb75f87c5f750\",\"status\":\"304\",\"responseTime\":\"99.889\"}","timestamp":"2024-12-12T03:31:00.720Z"}
{"level":"\u001b[32minfo\u001b[39m","message":"{\"method\":\"GET\",\"url\":\"/video/672b2639467bb75f87c5f750\",\"status\":\"200\",\"responseTime\":\"330.803\"}","timestamp":"2024-12-12T03:31:00.892Z"}
{"level":"\u001b[32minfo\u001b[39m","message":"{\"method\":\"GET\",\"url\":\"/getuseruploadedvideo\",\"status\":\"304\",\"responseTime\":\"82.738\"}","timestamp":"2024-12-12T03:33:34.225Z"}
{"level":"\u001b[32minfo\u001b[39m","message":"{\"method\":\"GET\",\"url\":\"/getprivatevideos\",\"status\":\"304\",\"responseTime\":\"206.785\"}","timestamp":"2024-12-12T03:33:34.635Z"}
{"level":"\u001b[32minfo\u001b[39m","message":"{\"method\":\"GET\",\"url\":\"/getwatchlatervideos\",\"status\":\"304\",\"responseTime\":\"237.601\"}","timestamp":"2024-12-12T03:33:34.698Z"}
{"level":"\u001b[32minfo\u001b[39m","message":"{\"method\":\"GET\",\"url\":\"/getreportvideos\",\"status\":\"304\",\"responseTime\":\"308.364\"}","timestamp":"2024-12-12T03:33:34.774Z"}
{"level":"\u001b[32minfo\u001b[39m","message":"{\"method\":\"PUT\",\"url\":\"/updateviews\",\"status\":\"200\",\"responseTime\":\"3.373\"}","timestamp":"2024-12-12T03:33:35.068Z"}
{"level":"\u001b[32minfo\u001b[39m","message":"{\"method\":\"GET\",\"url\":\"/fetchOther/672b2639467bb75f87c5f750\",\"status\":\"304\",\"responseTime\":\"109.131\"}","timestamp":"2024-12-12T03:33:35.186Z"}
{"level":"\u001b[32minfo\u001b[39m","message":"{\"method\":\"GET\",\"url\":\"/video/672b2639467bb75f87c5f750\",\"status\":\"200\",\"responseTime\":\"474.277\"}","timestamp":"2024-12-12T03:33:35.491Z"}
{"level":"\u001b[32minfo\u001b[39m","message":"{\"method\":\"GET\",\"url\":\"/getuseruploadedvideo\",\"status\":\"304\",\"responseTime\":\"66.081\"}","timestamp":"2024-12-12T03:33:51.717Z"}
{"level":"\u001b[32minfo\u001b[39m","message":"{\"method\":\"GET\",\"url\":\"/getprivatevideos\",\"status\":\"304\",\"responseTime\":\"121.905\"}","timestamp":"2024-12-12T03:33:51.947Z"}
{"level":"\u001b[32minfo\u001b[39m","message":"{\"method\":\"GET\",\"url\":\"/getwatchlatervideos\",\"status\":\"304\",\"responseTime\":\"163.719\"}","timestamp":"2024-12-12T03:33:51.997Z"}
{"level":"\u001b[32minfo\u001b[39m","message":"{\"method\":\"GET\",\"url\":\"/getreportvideos\",\"status\":\"304\",\"responseTime\":\"313.446\"}","timestamp":"2024-12-12T03:33:52.154Z"}
{"level":"\u001b[32minfo\u001b[39m","message":"{\"method\":\"GET\",\"url\":\"/getuseruploadedvideo\",\"status\":\"304\",\"responseTime\":\"178.570\"}","timestamp":"2024-12-12T03:34:10.949Z"}
{"level":"\u001b[32minfo\u001b[39m","message":"{\"method\":\"GET\",\"url\":\"/getprivatevideos\",\"status\":\"304\",\"responseTime\":\"180.898\"}","timestamp":"2024-12-12T03:34:11.257Z"}
{"level":"\u001b[32minfo\u001b[39m","message":"{\"method\":\"GET\",\"url\":\"/getwatchlatervideos\",\"status\":\"304\",\"responseTime\":\"246.525\"}","timestamp":"2024-12-12T03:34:11.330Z"}
{"level":"\u001b[32minfo\u001b[39m","message":"{\"method\":\"GET\",\"url\":\"/getreportvideos\",\"status\":\"304\",\"responseTime\":\"342.497\"}","timestamp":"2024-12-12T03:34:11.431Z"}
{"level":"\u001b[32minfo\u001b[39m","message":"{\"method\":\"GET\",\"url\":\"/getuseruploadedvideo\",\"status\":\"304\",\"responseTime\":\"73.706\"}","timestamp":"2024-12-12T03:34:13.714Z"}
{"level":"\u001b[32minfo\u001b[39m","message":"{\"method\":\"GET\",\"url\":\"/getprivatevideos\",\"status\":\"304\",\"responseTime\":\"74.164\"}","timestamp":"2024-12-12T03:34:13.949Z"}
{"level":"\u001b[32minfo\u001b[39m","message":"{\"method\":\"GET\",\"url\":\"/getwatchlatervideos\",\"status\":\"304\",\"responseTime\":\"171.155\"}","timestamp":"2024-12-12T03:34:14.052Z"}
{"level":"\u001b[32minfo\u001b[39m","message":"{\"method\":\"GET\",\"url\":\"/getreportvideos\",\"status\":\"304\",\"responseTime\":\"328.113\"}","timestamp":"2024-12-12T03:34:14.216Z"}
{"level":"\u001b[32minfo\u001b[39m","message":"{\"method\":\"PUT\",\"url\":\"/updateviews\",\"status\":\"200\",\"responseTime\":\"3.598\"}","timestamp":"2024-12-12T03:34:14.734Z"}
{"level":"\u001b[32minfo\u001b[39m","message":"{\"method\":\"GET\",\"url\":\"/fetchOther/672b2639467bb75f87c5f750\",\"status\":\"304\",\"responseTime\":\"132.891\"}","timestamp":"2024-12-12T03:34:14.878Z"}
{"level":"\u001b[32minfo\u001b[39m","message":"{\"method\":\"GET\",\"url\":\"/video/672b2639467bb75f87c5f750\",\"status\":\"200\",\"responseTime\":\"428.008\"}","timestamp":"2024-12-12T03:34:15.096Z"}
{"level":"\u001b[32minfo\u001b[39m","message":"{\"method\":\"GET\",\"url\":\"/videos?tab=All\",\"status\":\"200\",\"responseTime\":\"268.882\"}","timestamp":"2024-12-12T03:35:35.412Z"}
{"level":"\u001b[32minfo\u001b[39m","message":"{\"method\":\"GET\",\"url\":\"/getuseruploadedvideo\",\"status\":\"200\",\"responseTime\":\"72.019\"}","timestamp":"2024-12-12T03:35:36.451Z"}
{"level":"\u001b[32minfo\u001b[39m","message":"{\"method\":\"GET\",\"url\":\"/getprivatevideos\",\"status\":\"200\",\"responseTime\":\"117.544\"}","timestamp":"2024-12-12T03:35:36.500Z"}
{"level":"\u001b[32minfo\u001b[39m","message":"{\"method\":\"GET\",\"url\":\"/getwatchlatervideos\",\"status\":\"200\",\"responseTime\":\"357.133\"}","timestamp":"2024-12-12T03:35:36.756Z"}
{"level":"\u001b[32minfo\u001b[39m","message":"{\"method\":\"GET\",\"url\":\"/getreportvideos\",\"status\":\"200\",\"responseTime\":\"446.620\"}","timestamp":"2024-12-12T03:35:36.835Z"}
{"level":"\u001b[32minfo\u001b[39m","message":"{\"method\":\"GET\",\"url\":\"/getuseruploadedvideo\",\"status\":\"304\",\"responseTime\":\"59.104\"}","timestamp":"2024-12-12T03:40:08.072Z"}
{"level":"\u001b[32minfo\u001b[39m","message":"{\"method\":\"GET\",\"url\":\"/getprivatevideos\",\"status\":\"304\",\"responseTime\":\"94.504\"}","timestamp":"2024-12-12T03:40:08.218Z"}
{"level":"\u001b[32minfo\u001b[39m","message":"{\"method\":\"GET\",\"url\":\"/getwatchlatervideos\",\"status\":\"304\",\"responseTime\":\"140.501\"}","timestamp":"2024-12-12T03:40:08.291Z"}
{"level":"\u001b[32minfo\u001b[39m","message":"{\"method\":\"GET\",\"url\":\"/getreportvideos\",\"status\":\"304\",\"responseTime\":\"185.221\"}","timestamp":"2024-12-12T03:40:08.349Z"}
{"level":"\u001b[32minfo\u001b[39m","message":"{\"method\":\"GET\",\"url\":\"/getuseruploadedvideo\",\"status\":\"304\",\"responseTime\":\"50.191\"}","timestamp":"2024-12-12T03:40:08.808Z"}
{"level":"\u001b[32minfo\u001b[39m","message":"{\"method\":\"GET\",\"url\":\"/getprivatevideos\",\"status\":\"304\",\"responseTime\":\"74.692\"}","timestamp":"2024-12-12T03:40:09.074Z"}
{"level":"\u001b[32minfo\u001b[39m","message":"{\"method\":\"GET\",\"url\":\"/getwatchlatervideos\",\"status\":\"304\",\"responseTime\":\"119.566\"}","timestamp":"2024-12-12T03:40:09.125Z"}
{"level":"\u001b[32minfo\u001b[39m","message":"{\"method\":\"GET\",\"url\":\"/getuseruploadedvideo\",\"status\":\"304\",\"responseTime\":\"109.058\"}","timestamp":"2024-12-12T03:40:09.228Z"}
{"level":"\u001b[32minfo\u001b[39m","message":"{\"method\":\"GET\",\"url\":\"/getreportvideos\",\"status\":\"304\",\"responseTime\":\"205.535\"}","timestamp":"2024-12-12T03:40:09.233Z"}
{"level":"\u001b[32minfo\u001b[39m","message":"{\"method\":\"GET\",\"url\":\"/getprivatevideos\",\"status\":\"304\",\"responseTime\":\"56.282\"}","timestamp":"2024-12-12T03:40:09.452Z"}
{"level":"\u001b[32minfo\u001b[39m","message":"{\"method\":\"GET\",\"url\":\"/getwatchlatervideos\",\"status\":\"304\",\"responseTime\":\"129.700\"}","timestamp":"2024-12-12T03:40:09.532Z"}
{"level":"\u001b[32minfo\u001b[39m","message":"{\"method\":\"GET\",\"url\":\"/getreportvideos\",\"status\":\"304\",\"responseTime\":\"177.478\"}","timestamp":"2024-12-12T03:40:09.586Z"}
{"level":"\u001b[32minfo\u001b[39m","message":"{\"method\":\"GET\",\"url\":\"/getuseruploadedvideo\",\"status\":\"304\",\"responseTime\":\"86.995\"}","timestamp":"2024-12-12T03:40:15.932Z"}
{"level":"\u001b[32minfo\u001b[39m","message":"{\"method\":\"GET\",\"url\":\"/getprivatevideos\",\"status\":\"304\",\"responseTime\":\"54.247\"}","timestamp":"2024-12-12T03:40:16.081Z"}
{"level":"\u001b[32minfo\u001b[39m","message":"{\"method\":\"GET\",\"url\":\"/getwatchlatervideos\",\"status\":\"304\",\"responseTime\":\"142.409\"}","timestamp":"2024-12-12T03:40:16.181Z"}
{"level":"\u001b[32minfo\u001b[39m","message":"{\"method\":\"GET\",\"url\":\"/getreportvideos\",\"status\":\"304\",\"responseTime\":\"217.423\"}","timestamp":"2024-12-12T03:40:16.254Z"}
{"level":"\u001b[32minfo\u001b[39m","message":"{\"method\":\"GET\",\"url\":\"/getuseruploadedvideo\",\"status\":\"304\",\"responseTime\":\"61.342\"}","timestamp":"2024-12-12T03:40:21.909Z"}
{"level":"\u001b[32minfo\u001b[39m","message":"{\"method\":\"GET\",\"url\":\"/getprivatevideos\",\"status\":\"304\",\"responseTime\":\"69.757\"}","timestamp":"2024-12-12T03:40:22.135Z"}
{"level":"\u001b[32minfo\u001b[39m","message":"{\"method\":\"GET\",\"url\":\"/getwatchlatervideos\",\"status\":\"304\",\"responseTime\":\"141.493\"}","timestamp":"2024-12-12T03:40:22.200Z"}
{"level":"\u001b[32minfo\u001b[39m","message":"{\"method\":\"GET\",\"url\":\"/getreportvideos\",\"status\":\"304\",\"responseTime\":\"188.902\"}","timestamp":"2024-12-12T03:40:22.260Z"}
{"level":"\u001b[32minfo\u001b[39m","message":"{\"method\":\"GET\",\"url\":\"/getuseruploadedvideo\",\"status\":\"304\",\"responseTime\":\"95.911\"}","timestamp":"2024-12-12T03:40:24.835Z"}
{"level":"\u001b[32minfo\u001b[39m","message":"{\"method\":\"GET\",\"url\":\"/getprivatevideos\",\"status\":\"304\",\"responseTime\":\"64.640\"}","timestamp":"2024-12-12T03:40:25.002Z"}
{"level":"\u001b[32minfo\u001b[39m","message":"{\"method\":\"GET\",\"url\":\"/getwatchlatervideos\",\"status\":\"304\",\"responseTime\":\"143.848\"}","timestamp":"2024-12-12T03:40:25.089Z"}
{"level":"\u001b[32minfo\u001b[39m","message":"{\"method\":\"GET\",\"url\":\"/getreportvideos\",\"status\":\"304\",\"responseTime\":\"260.273\"}","timestamp":"2024-12-12T03:40:25.213Z"}
{"level":"\u001b[32minfo\u001b[39m","message":"{\"method\":\"GET\",\"url\":\"/getuseruploadedvideo\",\"status\":\"304\",\"responseTime\":\"73.346\"}","timestamp":"2024-12-12T03:40:26.195Z"}
{"level":"\u001b[32minfo\u001b[39m","message":"{\"method\":\"GET\",\"url\":\"/getprivatevideos\",\"status\":\"304\",\"responseTime\":\"55.349\"}","timestamp":"2024-12-12T03:40:26.344Z"}
{"level":"\u001b[32minfo\u001b[39m","message":"{\"method\":\"GET\",\"url\":\"/getwatchlatervideos\",\"status\":\"304\",\"responseTime\":\"137.132\"}","timestamp":"2024-12-12T03:40:26.437Z"}
{"level":"\u001b[32minfo\u001b[39m","message":"{\"method\":\"GET\",\"url\":\"/getreportvideos\",\"status\":\"304\",\"responseTime\":\"165.710\"}","timestamp":"2024-12-12T03:40:26.459Z"}
{"level":"\u001b[32minfo\u001b[39m","message":"{\"method\":\"GET\",\"url\":\"/getuseruploadedvideo\",\"status\":\"304\",\"responseTime\":\"55.488\"}","timestamp":"2024-12-12T03:40:30.849Z"}
{"level":"\u001b[32minfo\u001b[39m","message":"{\"method\":\"GET\",\"url\":\"/getprivatevideos\",\"status\":\"304\",\"responseTime\":\"303.109\"}","timestamp":"2024-12-12T03:40:31.361Z"}
{"level":"\u001b[32minfo\u001b[39m","message":"{\"method\":\"GET\",\"url\":\"/getwatchlatervideos\",\"status\":\"304\",\"responseTime\":\"258.466\"}","timestamp":"2024-12-12T03:40:31.525Z"}
{"level":"\u001b[32minfo\u001b[39m","message":"{\"method\":\"GET\",\"url\":\"/getreportvideos\",\"status\":\"304\",\"responseTime\":\"327.353\"}","timestamp":"2024-12-12T03:40:31.638Z"}
{"level":"\u001b[32minfo\u001b[39m","message":"{\"method\":\"GET\",\"url\":\"/getuseruploadedvideo\",\"status\":\"304\",\"responseTime\":\"79.476\"}","timestamp":"2024-12-12T03:40:33.335Z"}
{"level":"\u001b[32minfo\u001b[39m","message":"{\"method\":\"GET\",\"url\":\"/getprivatevideos\",\"status\":\"304\",\"responseTime\":\"117.147\"}","timestamp":"2024-12-12T03:40:33.604Z"}
{"level":"\u001b[32minfo\u001b[39m","message":"{\"method\":\"GET\",\"url\":\"/getwatchlatervideos\",\"status\":\"304\",\"responseTime\":\"134.218\"}","timestamp":"2024-12-12T03:40:33.723Z"}
{"level":"\u001b[32minfo\u001b[39m","message":"{\"method\":\"GET\",\"url\":\"/getreportvideos\",\"status\":\"304\",\"responseTime\":\"183.405\"}","timestamp":"2024-12-12T03:40:33.777Z"}
{"level":"\u001b[32minfo\u001b[39m","message":"{\"method\":\"GET\",\"url\":\"/getuseruploadedvideo\",\"status\":\"304\",\"responseTime\":\"66.812\"}","timestamp":"2024-12-12T03:40:34.677Z"}
{"level":"\u001b[32minfo\u001b[39m","message":"{\"method\":\"GET\",\"url\":\"/getprivatevideos\",\"status\":\"304\",\"responseTime\":\"55.410\"}","timestamp":"2024-12-12T03:40:34.787Z"}
{"level":"\u001b[32minfo\u001b[39m","message":"{\"method\":\"GET\",\"url\":\"/getwatchlatervideos\",\"status\":\"304\",\"responseTime\":\"141.125\"}","timestamp":"2024-12-12T03:40:34.878Z"}
{"level":"\u001b[32minfo\u001b[39m","message":"{\"method\":\"GET\",\"url\":\"/getreportvideos\",\"status\":\"304\",\"responseTime\":\"196.202\"}","timestamp":"2024-12-12T03:40:34.956Z"}
{"level":"\u001b[32minfo\u001b[39m","message":"{\"method\":\"GET\",\"url\":\"/getuseruploadedvideo\",\"status\":\"304\",\"responseTime\":\"78.351\"}","timestamp":"2024-12-12T03:40:35.387Z"}
{"level":"\u001b[32minfo\u001b[39m","message":"{\"method\":\"GET\",\"url\":\"/getuseruploadedvideo\",\"status\":\"304\",\"responseTime\":\"66.454\"}","timestamp":"2024-12-12T03:40:35.961Z"}
{"level":"\u001b[32minfo\u001b[39m","message":"{\"method\":\"GET\",\"url\":\"/getprivatevideos\",\"status\":\"304\",\"responseTime\":\"94.522\"}","timestamp":"2024-12-12T03:40:36.130Z"}
{"level":"\u001b[32minfo\u001b[39m","message":"{\"method\":\"GET\",\"url\":\"/getwatchlatervideos\",\"status\":\"304\",\"responseTime\":\"185.715\"}","timestamp":"2024-12-12T03:40:36.226Z"}
{"level":"\u001b[32minfo\u001b[39m","message":"{\"method\":\"GET\",\"url\":\"/getreportvideos\",\"status\":\"304\",\"responseTime\":\"262.229\"}","timestamp":"2024-12-12T03:40:36.307Z"}
{"level":"\u001b[32minfo\u001b[39m","message":"{\"method\":\"GET\",\"url\":\"/getprivatevideos\",\"status\":\"304\",\"responseTime\":\"53.545\"}","timestamp":"2024-12-12T03:40:42.938Z"}
{"level":"\u001b[32minfo\u001b[39m","message":"{\"method\":\"GET\",\"url\":\"/getwatchlatervideos\",\"status\":\"304\",\"responseTime\":\"108.368\"}","timestamp":"2024-12-12T03:40:42.987Z"}
{"level":"\u001b[32minfo\u001b[39m","message":"{\"method\":\"GET\",\"url\":\"/getreportvideos\",\"status\":\"304\",\"responseTime\":\"167.294\"}","timestamp":"2024-12-12T03:40:43.058Z"}
{"level":"\u001b[32minfo\u001b[39m","message":"{\"method\":\"GET\",\"url\":\"/getuseruploadedvideo\",\"status\":\"-\",\"responseTime\":\"-\"}","timestamp":"2024-12-12T03:48:47.051Z"}
{"level":"\u001b[32minfo\u001b[39m","message":"{\"method\":\"GET\",\"url\":\"/getuseruploadedvideo\",\"status\":\"-\",\"responseTime\":\"-\"}","timestamp":"2024-12-12T03:48:57.921Z"}
{"level":"\u001b[32minfo\u001b[39m","message":"{\"method\":\"GET\",\"url\":\"/getuseruploadedvideo\",\"status\":\"-\",\"responseTime\":\"-\"}","timestamp":"2024-12-12T03:48:58.369Z"}
{"level":"\u001b[32minfo\u001b[39m","message":"{\"method\":\"GET\",\"url\":\"/getuseruploadedvideo\",\"status\":\"-\",\"responseTime\":\"-\"}","timestamp":"2024-12-12T03:49:14.920Z"}
{"level":"\u001b[32minfo\u001b[39m","message":"{\"method\":\"GET\",\"url\":\"/getuseruploadedvideo\",\"status\":\"200\",\"responseTime\":\"25856.107\"}","timestamp":"2024-12-12T03:49:36.569Z"}
{"level":"\u001b[32minfo\u001b[39m","message":"{\"method\":\"GET\",\"url\":\"/getprivatevideos\",\"status\":\"304\",\"responseTime\":\"183.918\"}","timestamp":"2024-12-12T03:49:38.630Z"}
{"level":"\u001b[32minfo\u001b[39m","message":"{\"method\":\"GET\",\"url\":\"/videos?tab=All\",\"status\":\"200\",\"responseTime\":\"22442.602\"}","timestamp":"2024-12-12T03:49:38.770Z"}
{"level":"\u001b[32minfo\u001b[39m","message":"{\"method\":\"GET\",\"url\":\"/getreportvideos\",\"status\":\"304\",\"responseTime\":\"452.296\"}","timestamp":"2024-12-12T03:49:38.902Z"}
{"level":"\u001b[32minfo\u001b[39m","message":"{\"method\":\"GET\",\"url\":\"/getwatchlatervideos\",\"status\":\"304\",\"responseTime\":\"1085.887\"}","timestamp":"2024-12-12T03:49:39.539Z"}
{"level":"\u001b[32minfo\u001b[39m","message":"{\"method\":\"GET\",\"url\":\"/getuseruploadedvideo\",\"status\":\"200\",\"responseTime\":\"87.126\"}","timestamp":"2024-12-12T03:49:44.198Z"}
{"level":"\u001b[32minfo\u001b[39m","message":"{\"method\":\"GET\",\"url\":\"/getprivatevideos\",\"status\":\"304\",\"responseTime\":\"94.562\"}","timestamp":"2024-12-12T03:49:44.218Z"}
{"level":"\u001b[32minfo\u001b[39m","message":"{\"method\":\"GET\",\"url\":\"/getwatchlatervideos\",\"status\":\"304\",\"responseTime\":\"157.835\"}","timestamp":"2024-12-12T03:49:44.276Z"}
{"level":"\u001b[32minfo\u001b[39m","message":"{\"method\":\"GET\",\"url\":\"/getreportvideos\",\"status\":\"304\",\"responseTime\":\"347.463\"}","timestamp":"2024-12-12T03:49:44.476Z"}
{"level":"\u001b[32minfo\u001b[39m","message":"{\"method\":\"GET\",\"url\":\"/getuseruploadedvideo\",\"status\":\"304\",\"responseTime\":\"130.185\"}","timestamp":"2024-12-12T03:49:53.065Z"}
{"level":"\u001b[32minfo\u001b[39m","message":"{\"method\":\"GET\",\"url\":\"/getuseruploadedvideo\",\"status\":\"304\",\"responseTime\":\"147.230\"}","timestamp":"2024-12-12T03:49:53.679Z"}
{"level":"\u001b[32minfo\u001b[39m","message":"{\"method\":\"GET\",\"url\":\"/getprivatevideos\",\"status\":\"304\",\"responseTime\":\"150.882\"}","timestamp":"2024-12-12T03:49:53.882Z"}
{"level":"\u001b[32minfo\u001b[39m","message":"{\"method\":\"GET\",\"url\":\"/getwatchlatervideos\",\"status\":\"304\",\"responseTime\":\"263.532\"}","timestamp":"2024-12-12T03:49:54.000Z"}
{"level":"\u001b[32minfo\u001b[39m","message":"{\"method\":\"GET\",\"url\":\"/getreportvideos\",\"status\":\"304\",\"responseTime\":\"339.994\"}","timestamp":"2024-12-12T03:49:54.082Z"}
{"level":"\u001b[32minfo\u001b[39m","message":"{\"method\":\"GET\",\"url\":\"/videos?tab=All\",\"status\":\"304\",\"responseTime\":\"394.567\"}","timestamp":"2024-12-12T03:50:08.153Z"}
{"level":"\u001b[32minfo\u001b[39m","message":"{\"method\":\"GET\",\"url\":\"/getuseruploadedvideo\",\"status\":\"304\",\"responseTime\":\"183.207\"}","timestamp":"2024-12-12T03:50:11.227Z"}
{"level":"\u001b[32minfo\u001b[39m","message":"{\"method\":\"GET\",\"url\":\"/getprivatevideos\",\"status\":\"304\",\"responseTime\":\"194.035\"}","timestamp":"2024-12-12T03:50:11.248Z"}
{"level":"\u001b[32minfo\u001b[39m","message":"{\"method\":\"GET\",\"url\":\"/getwatchlatervideos\",\"status\":\"304\",\"responseTime\":\"533.490\"}","timestamp":"2024-12-12T03:50:11.591Z"}
{"level":"\u001b[32minfo\u001b[39m","message":"{\"method\":\"GET\",\"url\":\"/getreportvideos\",\"status\":\"304\",\"responseTime\":\"853.785\"}","timestamp":"2024-12-12T03:50:11.919Z"}
{"level":"\u001b[32minfo\u001b[39m","message":"{\"method\":\"GET\",\"url\":\"/getuseruploadedvideo\",\"status\":\"304\",\"responseTime\":\"113.051\"}","timestamp":"2024-12-12T03:50:21.031Z"}
{"level":"\u001b[32minfo\u001b[39m","message":"{\"method\":\"GET\",\"url\":\"/getuseruploadedvideo\",\"status\":\"304\",\"responseTime\":\"62.503\"}","timestamp":"2024-12-12T03:50:22.055Z"}
{"level":"\u001b[32minfo\u001b[39m","message":"{\"method\":\"GET\",\"url\":\"/getprivatevideos\",\"status\":\"304\",\"responseTime\":\"102.388\"}","timestamp":"2024-12-12T03:50:22.226Z"}
{"level":"\u001b[32minfo\u001b[39m","message":"{\"method\":\"GET\",\"url\":\"/getwatchlatervideos\",\"status\":\"304\",\"responseTime\":\"189.145\"}","timestamp":"2024-12-12T03:50:22.328Z"}
{"level":"\u001b[32minfo\u001b[39m","message":"{\"method\":\"GET\",\"url\":\"/getreportvideos\",\"status\":\"304\",\"responseTime\":\"278.826\"}","timestamp":"2024-12-12T03:50:22.423Z"}
{"level":"\u001b[32minfo\u001b[39m","message":"{\"method\":\"GET\",\"url\":\"/getuseruploadedvideo\",\"status\":\"304\",\"responseTime\":\"768.578\"}","timestamp":"2024-12-12T03:50:39.977Z"}
{"level":"\u001b[32minfo\u001b[39m","message":"{\"method\":\"GET\",\"url\":\"/getuseruploadedvideo\",\"status\":\"304\",\"responseTime\":\"53.672\"}","timestamp":"2024-12-12T03:50:41.447Z"}
{"level":"\u001b[32minfo\u001b[39m","message":"{\"method\":\"GET\",\"url\":\"/getuseruploadedvideo\",\"status\":\"304\",\"responseTime\":\"65.395\"}","timestamp":"2024-12-12T03:50:43.447Z"}
{"level":"\u001b[32minfo\u001b[39m","message":"{\"method\":\"GET\",\"url\":\"/getprivatevideos\",\"status\":\"304\",\"responseTime\":\"62.180\"}","timestamp":"2024-12-12T03:50:43.682Z"}
{"level":"\u001b[32minfo\u001b[39m","message":"{\"method\":\"GET\",\"url\":\"/getwatchlatervideos\",\"status\":\"304\",\"responseTime\":\"459.998\"}","timestamp":"2024-12-12T03:50:44.089Z"}
{"level":"\u001b[32minfo\u001b[39m","message":"{\"method\":\"GET\",\"url\":\"/getreportvideos\",\"status\":\"304\",\"responseTime\":\"528.984\"}","timestamp":"2024-12-12T03:50:44.173Z"}
{"level":"\u001b[32minfo\u001b[39m","message":"{\"method\":\"GET\",\"url\":\"/getuseruploadedvideo\",\"status\":\"304\",\"responseTime\":\"54.840\"}","timestamp":"2024-12-12T03:50:45.737Z"}
{"level":"\u001b[32minfo\u001b[39m","message":"{\"method\":\"GET\",\"url\":\"/getprivatevideos\",\"status\":\"304\",\"responseTime\":\"57.221\"}","timestamp":"2024-12-12T03:50:46.258Z"}
{"level":"\u001b[32minfo\u001b[39m","message":"{\"method\":\"GET\",\"url\":\"/getwatchlatervideos\",\"status\":\"304\",\"responseTime\":\"122.892\"}","timestamp":"2024-12-12T03:50:46.339Z"}
{"level":"\u001b[32minfo\u001b[39m","message":"{\"method\":\"GET\",\"url\":\"/getreportvideos\",\"status\":\"304\",\"responseTime\":\"173.446\"}","timestamp":"2024-12-12T03:50:46.395Z"}
{"level":"\u001b[32minfo\u001b[39m","message":"{\"method\":\"GET\",\"url\":\"/getuseruploadedvideo\",\"status\":\"304\",\"responseTime\":\"61.410\"}","timestamp":"2024-12-12T03:50:47.187Z"}
{"level":"\u001b[32minfo\u001b[39m","message":"{\"method\":\"GET\",\"url\":\"/getprivatevideos\",\"status\":\"304\",\"responseTime\":\"58.297\"}","timestamp":"2024-12-12T03:50:47.372Z"}
{"level":"\u001b[32minfo\u001b[39m","message":"{\"method\":\"GET\",\"url\":\"/getwatchlatervideos\",\"status\":\"-\",\"responseTime\":\"-\"}","timestamp":"2024-12-12T03:50:47.389Z"}
{"level":"\u001b[32minfo\u001b[39m","message":"{\"method\":\"GET\",\"url\":\"/getreportvideos\",\"status\":\"-\",\"responseTime\":\"-\"}","timestamp":"2024-12-12T03:50:47.474Z"}
{"level":"\u001b[32minfo\u001b[39m","message":"{\"method\":\"GET\",\"url\":\"/getuseruploadedvideo\",\"status\":\"304\",\"responseTime\":\"64.480\"}","timestamp":"2024-12-12T03:50:47.812Z"}
{"level":"\u001b[32minfo\u001b[39m","message":"{\"method\":\"GET\",\"url\":\"/getprivatevideos\",\"status\":\"304\",\"responseTime\":\"57.776\"}","timestamp":"2024-12-12T03:50:47.909Z"}
{"level":"\u001b[32minfo\u001b[39m","message":"{\"method\":\"GET\",\"url\":\"/getwatchlatervideos\",\"status\":\"200\",\"responseTime\":\"142.300\"}","timestamp":"2024-12-12T03:50:47.998Z"}
{"level":"\u001b[32minfo\u001b[39m","message":"{\"method\":\"GET\",\"url\":\"/getreportvideos\",\"status\":\"200\",\"responseTime\":\"192.638\"}","timestamp":"2024-12-12T03:50:48.057Z"}
{"level":"\u001b[32minfo\u001b[39m","message":"{\"method\":\"GET\",\"url\":\"/getuseruploadedvideo\",\"status\":\"304\",\"responseTime\":\"56.448\"}","timestamp":"2024-12-12T03:50:48.185Z"}
{"level":"\u001b[32minfo\u001b[39m","message":"{\"method\":\"GET\",\"url\":\"/videos?tab=All\",\"status\":\"304\",\"responseTime\":\"281.372\"}","timestamp":"2024-12-12T03:51:17.834Z"}
{"level":"\u001b[32minfo\u001b[39m","message":"{\"method\":\"GET\",\"url\":\"/getuseruploadedvideo\",\"status\":\"304\",\"responseTime\":\"142.366\"}","timestamp":"2024-12-12T03:51:20.581Z"}
{"level":"\u001b[32minfo\u001b[39m","message":"{\"method\":\"GET\",\"url\":\"/getprivatevideos\",\"status\":\"304\",\"responseTime\":\"137.174\"}","timestamp":"2024-12-12T03:51:20.588Z"}
{"level":"\u001b[32minfo\u001b[39m","message":"{\"method\":\"GET\",\"url\":\"/getwatchlatervideos\",\"status\":\"304\",\"responseTime\":\"191.015\"}","timestamp":"2024-12-12T03:51:20.648Z"}
{"level":"\u001b[32minfo\u001b[39m","message":"{\"method\":\"GET\",\"url\":\"/getreportvideos\",\"status\":\"304\",\"responseTime\":\"510.435\"}","timestamp":"2024-12-12T03:51:20.972Z"}
{"level":"\u001b[32minfo\u001b[39m","message":"{\"method\":\"GET\",\"url\":\"/getuseruploadedvideo\",\"status\":\"304\",\"responseTime\":\"52.913\"}","timestamp":"2024-12-12T03:51:57.556Z"}
{"level":"\u001b[32minfo\u001b[39m","message":"{\"method\":\"GET\",\"url\":\"/getuseruploadedvideo\",\"status\":\"304\",\"responseTime\":\"57.102\"}","timestamp":"2024-12-12T03:52:00.766Z"}
{"level":"\u001b[32minfo\u001b[39m","message":"{\"method\":\"GET\",\"url\":\"/videos?tab=All\",\"status\":\"304\",\"responseTime\":\"372.081\"}","timestamp":"2024-12-12T03:52:44.010Z"}
{"level":"\u001b[32minfo\u001b[39m","message":"{\"method\":\"GET\",\"url\":\"/getprivatevideos\",\"status\":\"304\",\"responseTime\":\"69.499\"}","timestamp":"2024-12-12T03:52:47.747Z"}
{"level":"\u001b[32minfo\u001b[39m","message":"{\"method\":\"GET\",\"url\":\"/getuseruploadedvideo\",\"status\":\"200\",\"responseTime\":\"131.477\"}","timestamp":"2024-12-12T03:52:47.797Z"}
{"level":"\u001b[32minfo\u001b[39m","message":"{\"method\":\"GET\",\"url\":\"/getwatchlatervideos\",\"status\":\"200\",\"responseTime\":\"155.485\"}","timestamp":"2024-12-12T03:52:47.844Z"}
{"level":"\u001b[32minfo\u001b[39m","message":"{\"method\":\"GET\",\"url\":\"/getreportvideos\",\"status\":\"304\",\"responseTime\":\"201.893\"}","timestamp":"2024-12-12T03:52:47.897Z"}
{"level":"\u001b[32minfo\u001b[39m","message":"{\"method\":\"GET\",\"url\":\"/videos?tab=All\",\"status\":\"304\",\"responseTime\":\"285.544\"}","timestamp":"2024-12-12T03:53:01.645Z"}
{"level":"\u001b[32minfo\u001b[39m","message":"{\"method\":\"GET\",\"url\":\"/getuseruploadedvideo\",\"status\":\"200\",\"responseTime\":\"54.563\"}","timestamp":"2024-12-12T03:53:03.351Z"}
{"level":"\u001b[32minfo\u001b[39m","message":"{\"method\":\"GET\",\"url\":\"/getprivatevideos\",\"status\":\"304\",\"responseTime\":\"55.723\"}","timestamp":"2024-12-12T03:53:03.354Z"}
{"level":"\u001b[32minfo\u001b[39m","message":"{\"method\":\"GET\",\"url\":\"/getwatchlatervideos\",\"status\":\"200\",\"responseTime\":\"123.065\"}","timestamp":"2024-12-12T03:53:03.444Z"}
{"level":"\u001b[32minfo\u001b[39m","message":"{\"method\":\"GET\",\"url\":\"/getreportvideos\",\"status\":\"304\",\"responseTime\":\"154.018\"}","timestamp":"2024-12-12T03:53:03.464Z"}
{"level":"\u001b[32minfo\u001b[39m","message":"{\"method\":\"GET\",\"url\":\"/videos?tab=All\",\"status\":\"304\",\"responseTime\":\"232.960\"}","timestamp":"2024-12-12T03:53:30.974Z"}
{"level":"\u001b[32minfo\u001b[39m","message":"{\"method\":\"GET\",\"url\":\"/videos?tab=All\",\"status\":\"304\",\"responseTime\":\"292.057\"}","timestamp":"2024-12-12T03:54:44.687Z"}
{"level":"\u001b[32minfo\u001b[39m","message":"{\"method\":\"GET\",\"url\":\"/getuseruploadedvideo\",\"status\":\"304\",\"responseTime\":\"55.390\"}","timestamp":"2024-12-12T03:54:46.998Z"}
{"level":"\u001b[32minfo\u001b[39m","message":"{\"method\":\"GET\",\"url\":\"/getprivatevideos\",\"status\":\"304\",\"responseTime\":\"67.380\"}","timestamp":"2024-12-12T03:54:47.018Z"}
{"level":"\u001b[32minfo\u001b[39m","message":"{\"method\":\"GET\",\"url\":\"/getwatchlatervideos\",\"status\":\"304\",\"responseTime\":\"118.361\"}","timestamp":"2024-12-12T03:54:47.075Z"}
{"level":"\u001b[32minfo\u001b[39m","message":"{\"method\":\"GET\",\"url\":\"/getreportvideos\",\"status\":\"304\",\"responseTime\":\"162.767\"}","timestamp":"2024-12-12T03:54:47.129Z"}
{"level":"\u001b[32minfo\u001b[39m","message":"{\"method\":\"GET\",\"url\":\"/getuseruploadedvideo\",\"status\":\"304\",\"responseTime\":\"51.934\"}","timestamp":"2024-12-12T03:55:26.133Z"}
{"level":"\u001b[32minfo\u001b[39m","message":"{\"method\":\"GET\",\"url\":\"/getprivatevideos\",\"status\":\"304\",\"responseTime\":\"57.697\"}","timestamp":"2024-12-12T03:55:26.250Z"}
{"level":"\u001b[32minfo\u001b[39m","message":"{\"method\":\"GET\",\"url\":\"/getwatchlatervideos\",\"status\":\"304\",\"responseTime\":\"140.623\"}","timestamp":"2024-12-12T03:55:26.354Z"}
{"level":"\u001b[32minfo\u001b[39m","message":"{\"method\":\"GET\",\"url\":\"/getreportvideos\",\"status\":\"304\",\"responseTime\":\"183.997\"}","timestamp":"2024-12-12T03:55:26.409Z"}
{"level":"\u001b[32minfo\u001b[39m","message":"{\"method\":\"GET\",\"url\":\"/getuseruploadedvideo\",\"status\":\"304\",\"responseTime\":\"57.241\"}","timestamp":"2024-12-12T03:55:26.785Z"}
{"level":"\u001b[32minfo\u001b[39m","message":"{\"method\":\"GET\",\"url\":\"/videos?tab=All\",\"status\":\"304\",\"responseTime\":\"498.538\"}","timestamp":"2024-12-12T03:55:46.993Z"}
{"level":"\u001b[32minfo\u001b[39m","message":"{\"method\":\"GET\",\"url\":\"/getuseruploadedvideo\",\"status\":\"304\",\"responseTime\":\"55.865\"}","timestamp":"2024-12-12T03:55:48.885Z"}
{"level":"\u001b[32minfo\u001b[39m","message":"{\"method\":\"GET\",\"url\":\"/getprivatevideos\",\"status\":\"304\",\"responseTime\":\"62.125\"}","timestamp":"2024-12-12T03:55:48.902Z"}
{"level":"\u001b[32minfo\u001b[39m","message":"{\"method\":\"GET\",\"url\":\"/getwatchlatervideos\",\"status\":\"304\",\"responseTime\":\"119.890\"}","timestamp":"2024-12-12T03:55:48.972Z"}
{"level":"\u001b[32minfo\u001b[39m","message":"{\"method\":\"GET\",\"url\":\"/getreportvideos\",\"status\":\"304\",\"responseTime\":\"180.447\"}","timestamp":"2024-12-12T03:55:49.041Z"}
{"level":"\u001b[32minfo\u001b[39m","message":"{\"method\":\"GET\",\"url\":\"/videos?tab=All\",\"status\":\"304\",\"responseTime\":\"283.927\"}","timestamp":"2024-12-12T03:56:12.335Z"}
{"level":"\u001b[32minfo\u001b[39m","message":"{\"method\":\"GET\",\"url\":\"/getuseruploadedvideo\",\"status\":\"304\",\"responseTime\":\"56.358\"}","timestamp":"2024-12-12T03:56:14.163Z"}
{"level":"\u001b[32minfo\u001b[39m","message":"{\"method\":\"GET\",\"url\":\"/getprivatevideos\",\"status\":\"304\",\"responseTime\":\"52.567\"}","timestamp":"2024-12-12T03:56:14.167Z"}
{"level":"\u001b[32minfo\u001b[39m","message":"{\"method\":\"GET\",\"url\":\"/getwatchlatervideos\",\"status\":\"304\",\"responseTime\":\"108.137\"}","timestamp":"2024-12-12T03:56:14.229Z"}
{"level":"\u001b[32minfo\u001b[39m","message":"{\"method\":\"GET\",\"url\":\"/getreportvideos\",\"status\":\"304\",\"responseTime\":\"187.464\"}","timestamp":"2024-12-12T03:56:14.316Z"}
{"level":"\u001b[32minfo\u001b[39m","message":"{\"method\":\"GET\",\"url\":\"/getuseruploadedvideo\",\"status\":\"304\",\"responseTime\":\"310.812\"}","timestamp":"2024-12-12T03:56:39.500Z"}
{"level":"\u001b[32minfo\u001b[39m","message":"{\"method\":\"GET\",\"url\":\"/getuseruploadedvideo\",\"status\":\"304\",\"responseTime\":\"73.952\"}","timestamp":"2024-12-12T03:56:52.310Z"}
{"level":"\u001b[32minfo\u001b[39m","message":"{\"method\":\"GET\",\"url\":\"/getuseruploadedvideo\",\"status\":\"304\",\"responseTime\":\"60.812\"}","timestamp":"2024-12-12T03:56:52.975Z"}
{"level":"\u001b[32minfo\u001b[39m","message":"{\"method\":\"GET\",\"url\":\"/getprivatevideos\",\"status\":\"304\",\"responseTime\":\"55.548\"}","timestamp":"2024-12-12T03:56:53.083Z"}
{"level":"\u001b[32minfo\u001b[39m","message":"{\"method\":\"GET\",\"url\":\"/getwatchlatervideos\",\"status\":\"304\",\"responseTime\":\"119.854\"}","timestamp":"2024-12-12T03:56:53.152Z"}
{"level":"\u001b[32minfo\u001b[39m","message":"{\"method\":\"GET\",\"url\":\"/getreportvideos\",\"status\":\"304\",\"responseTime\":\"165.871\"}","timestamp":"2024-12-12T03:56:53.204Z"}
{"level":"\u001b[32minfo\u001b[39m","message":"{\"method\":\"GET\",\"url\":\"/videos?tab=All\",\"status\":\"304\",\"responseTime\":\"252.330\"}","timestamp":"2024-12-12T03:57:33.438Z"}
{"level":"\u001b[32minfo\u001b[39m","message":"{\"method\":\"GET\",\"url\":\"/getuseruploadedvideo\",\"status\":\"304\",\"responseTime\":\"57.202\"}","timestamp":"2024-12-12T04:01:55.641Z"}
{"level":"\u001b[32minfo\u001b[39m","message":"{\"method\":\"GET\",\"url\":\"/getprivatevideos\",\"status\":\"304\",\"responseTime\":\"59.952\"}","timestamp":"2024-12-12T04:01:55.745Z"}
{"level":"\u001b[32minfo\u001b[39m","message":"{\"method\":\"GET\",\"url\":\"/getwatchlatervideos\",\"status\":\"304\",\"responseTime\":\"131.165\"}","timestamp":"2024-12-12T04:01:55.822Z"}
{"level":"\u001b[32minfo\u001b[39m","message":"{\"method\":\"GET\",\"url\":\"/getreportvideos\",\"status\":\"304\",\"responseTime\":\"183.515\"}","timestamp":"2024-12-12T04:01:55.881Z"}
{"level":"\u001b[32minfo\u001b[39m","message":"{\"method\":\"GET\",\"url\":\"/getuseruploadedvideo\",\"status\":\"304\",\"responseTime\":\"561.257\"}","timestamp":"2024-12-12T04:02:21.016Z"}
{"level":"\u001b[32minfo\u001b[39m","message":"{\"method\":\"GET\",\"url\":\"/getprivatevideos\",\"status\":\"304\",\"responseTime\":\"101.526\"}","timestamp":"2024-12-12T04:02:21.149Z"}
{"level":"\u001b[32minfo\u001b[39m","message":"{\"method\":\"GET\",\"url\":\"/getwatchlatervideos\",\"status\":\"304\",\"responseTime\":\"156.996\"}","timestamp":"2024-12-12T04:02:21.209Z"}
{"level":"\u001b[32minfo\u001b[39m","message":"{\"method\":\"GET\",\"url\":\"/getreportvideos\",\"status\":\"304\",\"responseTime\":\"209.577\"}","timestamp":"2024-12-12T04:02:21.265Z"}
{"level":"\u001b[32minfo\u001b[39m","message":"{\"method\":\"GET\",\"url\":\"/videos?tab=All\",\"status\":\"304\",\"responseTime\":\"276.713\"}","timestamp":"2024-12-12T04:04:57.508Z"}
{"level":"\u001b[32minfo\u001b[39m","message":"{\"method\":\"GET\",\"url\":\"/getprivatevideos\",\"status\":\"304\",\"responseTime\":\"74.754\"}","timestamp":"2024-12-12T04:04:59.221Z"}
{"level":"\u001b[32minfo\u001b[39m","message":"{\"method\":\"GET\",\"url\":\"/getuseruploadedvideo\",\"status\":\"200\",\"responseTime\":\"139.601\"}","timestamp":"2024-12-12T04:04:59.267Z"}
{"level":"\u001b[32minfo\u001b[39m","message":"{\"method\":\"GET\",\"url\":\"/getwatchlatervideos\",\"status\":\"200\",\"responseTime\":\"172.778\"}","timestamp":"2024-12-12T04:04:59.331Z"}
{"level":"\u001b[32minfo\u001b[39m","message":"{\"method\":\"GET\",\"url\":\"/getreportvideos\",\"status\":\"304\",\"responseTime\":\"407.972\"}","timestamp":"2024-12-12T04:04:59.571Z"}
{"level":"\u001b[32minfo\u001b[39m","message":"{\"method\":\"GET\",\"url\":\"/likedvideos\",\"status\":\"200\",\"responseTime\":\"455.466\"}","timestamp":"2024-12-12T04:06:13.812Z"}
{"level":"\u001b[32minfo\u001b[39m","message":"{\"method\":\"GET\",\"url\":\"/videos?tab=All\",\"status\":\"304\",\"responseTime\":\"252.593\"}","timestamp":"2024-12-12T04:06:29.341Z"}
{"level":"\u001b[32minfo\u001b[39m","message":"{\"method\":\"GET\",\"url\":\"/getprivatevideos\",\"status\":\"304\",\"responseTime\":\"504.334\"}","timestamp":"2024-12-12T04:06:31.204Z"}
{"level":"\u001b[32minfo\u001b[39m","message":"{\"method\":\"GET\",\"url\":\"/getuseruploadedvideo\",\"status\":\"200\",\"responseTime\":\"591.131\"}","timestamp":"2024-12-12T04:06:31.299Z"}
{"level":"\u001b[32minfo\u001b[39m","message":"{\"method\":\"GET\",\"url\":\"/getwatchlatervideos\",\"status\":\"200\",\"responseTime\":\"905.148\"}","timestamp":"2024-12-12T04:06:31.619Z"}
{"level":"\u001b[32minfo\u001b[39m","message":"{\"method\":\"GET\",\"url\":\"/getreportvideos\",\"status\":\"304\",\"responseTime\":\"1344.264\"}","timestamp":"2024-12-12T04:06:32.065Z"}
{"level":"\u001b[32minfo\u001b[39m","message":"{\"method\":\"GET\",\"url\":\"/likedvideos\",\"status\":\"200\",\"responseTime\":\"113.547\"}","timestamp":"2024-12-12T04:06:32.650Z"}
{"level":"\u001b[32minfo\u001b[39m","message":"{\"method\":\"GET\",\"url\":\"/videos?tab=All\",\"status\":\"304\",\"responseTime\":\"307.052\"}","timestamp":"2024-12-12T04:06:35.819Z"}
{"level":"\u001b[32minfo\u001b[39m","message":"{\"method\":\"GET\",\"url\":\"/likedvideos\",\"status\":\"304\",\"responseTime\":\"153.894\"}","timestamp":"2024-12-12T04:16:45.535Z"}
{"level":"\u001b[32minfo\u001b[39m","message":"{\"method\":\"GET\",\"url\":\"/getuseruploadedvideo\",\"status\":\"304\",\"responseTime\":\"84.834\"}","timestamp":"2024-12-12T04:16:46.349Z"}
{"level":"\u001b[32minfo\u001b[39m","message":"{\"method\":\"GET\",\"url\":\"/getprivatevideos\",\"status\":\"304\",\"responseTime\":\"85.748\"}","timestamp":"2024-12-12T04:16:46.356Z"}
{"level":"\u001b[32minfo\u001b[39m","message":"{\"method\":\"GET\",\"url\":\"/getwatchlatervideos\",\"status\":\"304\",\"responseTime\":\"152.435\"}","timestamp":"2024-12-12T04:16:46.429Z"}
{"level":"\u001b[32minfo\u001b[39m","message":"{\"method\":\"GET\",\"url\":\"/getreportvideos\",\"status\":\"304\",\"responseTime\":\"184.425\"}","timestamp":"2024-12-12T04:16:46.464Z"}
{"level":"\u001b[32minfo\u001b[39m","message":"{\"method\":\"GET\",\"url\":\"/getuseruploadedvideo\",\"status\":\"304\",\"responseTime\":\"76.041\"}","timestamp":"2024-12-12T04:23:30.831Z"}
{"level":"\u001b[32minfo\u001b[39m","message":"{\"method\":\"GET\",\"url\":\"/getprivatevideos\",\"status\":\"304\",\"responseTime\":\"57.170\"}","timestamp":"2024-12-12T04:23:30.991Z"}
{"level":"\u001b[32minfo\u001b[39m","message":"{\"method\":\"GET\",\"url\":\"/getwatchlatervideos\",\"status\":\"304\",\"responseTime\":\"182.608\"}","timestamp":"2024-12-12T04:23:31.121Z"}
{"level":"\u001b[32minfo\u001b[39m","message":"{\"method\":\"GET\",\"url\":\"/getreportvideos\",\"status\":\"304\",\"responseTime\":\"221.334\"}","timestamp":"2024-12-12T04:23:31.165Z"}
{"level":"\u001b[32minfo\u001b[39m","message":"{\"method\":\"POST\",\"url\":\"/generate-video-presigned-url\",\"status\":\"200\",\"responseTime\":\"229.024\"}","timestamp":"2024-12-12T04:24:22.668Z"}
{"level":"\u001b[32minfo\u001b[39m","message":"{\"method\":\"POST\",\"url\":\"/generate-video-presigned-url\",\"status\":\"200\",\"responseTime\":\"10.076\"}","timestamp":"2024-12-12T04:24:22.695Z"}
{"level":"\u001b[32minfo\u001b[39m","message":"{\"method\":\"POST\",\"url\":\"/convert\",\"status\":\"200\",\"responseTime\":\"354.290\"}","timestamp":"2024-12-12T04:24:33.329Z"}
{"level":"\u001b[32minfo\u001b[39m","message":"{\"method\":\"GET\",\"url\":\"/videos?tab=All\",\"status\":\"304\",\"responseTime\":\"360.181\"}","timestamp":"2024-12-12T04:25:15.982Z"}
{"level":"\u001b[32minfo\u001b[39m","message":"{\"method\":\"GET\",\"url\":\"/getuseruploadedvideo\",\"status\":\"304\",\"responseTime\":\"107.822\"}","timestamp":"2024-12-12T04:25:17.397Z"}
{"level":"\u001b[32minfo\u001b[39m","message":"{\"method\":\"GET\",\"url\":\"/getprivatevideos\",\"status\":\"304\",\"responseTime\":\"94.646\"}","timestamp":"2024-12-12T04:25:17.401Z"}
{"level":"\u001b[32minfo\u001b[39m","message":"{\"method\":\"GET\",\"url\":\"/getwatchlatervideos\",\"status\":\"304\",\"responseTime\":\"154.735\"}","timestamp":"2024-12-12T04:25:17.466Z"}
{"level":"\u001b[32minfo\u001b[39m","message":"{\"method\":\"GET\",\"url\":\"/getreportvideos\",\"status\":\"304\",\"responseTime\":\"200.778\"}","timestamp":"2024-12-12T04:25:17.517Z"}
{"level":"\u001b[32minfo\u001b[39m","message":"{\"method\":\"GET\",\"url\":\"/getuseruploadedvideo\",\"status\":\"304\",\"responseTime\":\"60.345\"}","timestamp":"2024-12-12T04:25:19.777Z"}
{"level":"\u001b[32minfo\u001b[39m","message":"{\"method\":\"GET\",\"url\":\"/getuseruploadedvideo\",\"status\":\"304\",\"responseTime\":\"73.768\"}","timestamp":"2024-12-12T04:25:36.484Z"}
{"level":"\u001b[32minfo\u001b[39m","message":"{\"method\":\"GET\",\"url\":\"/getprivatevideos\",\"status\":\"304\",\"responseTime\":\"64.015\"}","timestamp":"2024-12-12T04:25:40.595Z"}
{"level":"\u001b[32minfo\u001b[39m","message":"{\"method\":\"GET\",\"url\":\"/getwatchlatervideos\",\"status\":\"304\",\"responseTime\":\"145.172\"}","timestamp":"2024-12-12T04:25:40.673Z"}
{"level":"\u001b[32minfo\u001b[39m","message":"{\"method\":\"GET\",\"url\":\"/getreportvideos\",\"status\":\"304\",\"responseTime\":\"194.617\"}","timestamp":"2024-12-12T04:25:40.734Z"}
{"level":"\u001b[32minfo\u001b[39m","message":"{\"method\":\"GET\",\"url\":\"/videos?tab=All\",\"status\":\"304\",\"responseTime\":\"306.454\"}","timestamp":"2024-12-12T04:25:43.973Z"}
{"level":"\u001b[32minfo\u001b[39m","message":"{\"method\":\"GET\",\"url\":\"/getprivatevideos\",\"status\":\"304\",\"responseTime\":\"64.169\"}","timestamp":"2024-12-12T04:25:45.128Z"}
{"level":"\u001b[32minfo\u001b[39m","message":"{\"method\":\"GET\",\"url\":\"/getuseruploadedvideo\",\"status\":\"304\",\"responseTime\":\"60.113\"}","timestamp":"2024-12-12T04:25:45.144Z"}
{"level":"\u001b[32minfo\u001b[39m","message":"{\"method\":\"GET\",\"url\":\"/getwatchlatervideos\",\"status\":\"304\",\"responseTime\":\"112.179\"}","timestamp":"2024-12-12T04:25:45.199Z"}
{"level":"\u001b[32minfo\u001b[39m","message":"{\"method\":\"GET\",\"url\":\"/getreportvideos\",\"status\":\"304\",\"responseTime\":\"203.041\"}","timestamp":"2024-12-12T04:25:45.305Z"}
{"level":"\u001b[32minfo\u001b[39m","message":"{\"method\":\"GET\",\"url\":\"/getuseruploadedvideo\",\"status\":\"304\",\"responseTime\":\"67.708\"}","timestamp":"2024-12-12T04:26:02.690Z"}
{"level":"\u001b[32minfo\u001b[39m","message":"{\"method\":\"GET\",\"url\":\"/getuseruploadedvideo\",\"status\":\"304\",\"responseTime\":\"65.854\"}","timestamp":"2024-12-12T04:26:04.118Z"}
{"level":"\u001b[32minfo\u001b[39m","message":"{\"method\":\"GET\",\"url\":\"/getprivatevideos\",\"status\":\"304\",\"responseTime\":\"56.388\"}","timestamp":"2024-12-12T04:26:04.221Z"}
{"level":"\u001b[32minfo\u001b[39m","message":"{\"method\":\"GET\",\"url\":\"/getwatchlatervideos\",\"status\":\"304\",\"responseTime\":\"138.435\"}","timestamp":"2024-12-12T04:26:04.308Z"}
{"level":"\u001b[32minfo\u001b[39m","message":"{\"method\":\"GET\",\"url\":\"/getreportvideos\",\"status\":\"304\",\"responseTime\":\"175.648\"}","timestamp":"2024-12-12T04:26:04.352Z"}
{"level":"\u001b[32minfo\u001b[39m","message":"{\"method\":\"POST\",\"url\":\"/generate-video-presigned-url\",\"status\":\"200\",\"responseTime\":\"3.757\"}","timestamp":"2024-12-12T04:26:24.366Z"}
{"level":"\u001b[32minfo\u001b[39m","message":"{\"method\":\"POST\",\"url\":\"/generate-video-presigned-url\",\"status\":\"200\",\"responseTime\":\"3.170\"}","timestamp":"2024-12-12T04:26:24.379Z"}
{"level":"\u001b[32minfo\u001b[39m","message":"{\"method\":\"POST\",\"url\":\"/convert\",\"status\":\"200\",\"responseTime\":\"93.668\"}","timestamp":"2024-12-12T04:26:51.974Z"}
{"level":"\u001b[32minfo\u001b[39m","message":"{\"method\":\"GET\",\"url\":\"/videos?tab=All\",\"status\":\"304\",\"responseTime\":\"317.536\"}","timestamp":"2024-12-12T04:28:14.283Z"}
{"level":"\u001b[32minfo\u001b[39m","message":"{\"method\":\"GET\",\"url\":\"/getuseruploadedvideo\",\"status\":\"304\",\"responseTime\":\"58.420\"}","timestamp":"2024-12-12T04:28:18.620Z"}
{"level":"\u001b[32minfo\u001b[39m","message":"{\"method\":\"GET\",\"url\":\"/getprivatevideos\",\"status\":\"304\",\"responseTime\":\"55.428\"}","timestamp":"2024-12-12T04:28:18.631Z"}
{"level":"\u001b[32minfo\u001b[39m","message":"{\"method\":\"GET\",\"url\":\"/getwatchlatervideos\",\"status\":\"304\",\"responseTime\":\"123.109\"}","timestamp":"2024-12-12T04:28:18.709Z"}
{"level":"\u001b[32minfo\u001b[39m","message":"{\"method\":\"GET\",\"url\":\"/getreportvideos\",\"status\":\"304\",\"responseTime\":\"191.054\"}","timestamp":"2024-12-12T04:28:18.779Z"}
{"level":"\u001b[32minfo\u001b[39m","message":"{\"method\":\"GET\",\"url\":\"/getuseruploadedvideo\",\"status\":\"304\",\"responseTime\":\"56.298\"}","timestamp":"2024-12-12T04:28:20.964Z"}
{"level":"\u001b[32minfo\u001b[39m","message":"{\"method\":\"GET\",\"url\":\"/videos?tab=All\",\"status\":\"200\",\"responseTime\":\"2391.813\"}","timestamp":"2024-12-12T04:29:45.234Z"}
{"level":"\u001b[32minfo\u001b[39m","message":"{\"method\":\"GET\",\"url\":\"/getuseruploadedvideo\",\"status\":\"304\",\"responseTime\":\"3445.807\"}","timestamp":"2024-12-12T04:29:48.776Z"}
{"level":"\u001b[32minfo\u001b[39m","message":"{\"method\":\"GET\",\"url\":\"/getprivatevideos\",\"status\":\"304\",\"responseTime\":\"3310.900\"}","timestamp":"2024-12-12T04:29:48.785Z"}
{"level":"\u001b[32minfo\u001b[39m","message":"{\"method\":\"GET\",\"url\":\"/getwatchlatervideos\",\"status\":\"304\",\"responseTime\":\"4551.784\"}","timestamp":"2024-12-12T04:29:50.253Z"}
{"level":"\u001b[32minfo\u001b[39m","message":"{\"method\":\"GET\",\"url\":\"/getreportvideos\",\"status\":\"304\",\"responseTime\":\"12353.427\"}","timestamp":"2024-12-12T04:29:58.060Z"}
{"level":"\u001b[32minfo\u001b[39m","message":"{\"method\":\"GET\",\"url\":\"/videos?tab=All\",\"status\":\"304\",\"responseTime\":\"1002.215\"}","timestamp":"2024-12-12T04:30:20.055Z"}
{"level":"\u001b[32minfo\u001b[39m","message":"{\"method\":\"GET\",\"url\":\"/getprivatevideos\",\"status\":\"304\",\"responseTime\":\"202.284\"}","timestamp":"2024-12-12T04:30:22.671Z"}
{"level":"\u001b[32minfo\u001b[39m","message":"{\"method\":\"GET\",\"url\":\"/getuseruploadedvideo\",\"status\":\"200\",\"responseTime\":\"225.877\"}","timestamp":"2024-12-12T04:30:22.683Z"}
{"level":"\u001b[32minfo\u001b[39m","message":"{\"method\":\"GET\",\"url\":\"/getwatchlatervideos\",\"status\":\"304\",\"responseTime\":\"297.986\"}","timestamp":"2024-12-12T04:30:22.775Z"}
{"level":"\u001b[32minfo\u001b[39m","message":"{\"method\":\"GET\",\"url\":\"/getreportvideos\",\"status\":\"304\",\"responseTime\":\"360.530\"}","timestamp":"2024-12-12T04:30:22.854Z"}
{"level":"\u001b[32minfo\u001b[39m","message":"{\"method\":\"PUT\",\"url\":\"/updateviews\",\"status\":\"200\",\"responseTime\":\"6.276\"}","timestamp":"2024-12-12T04:30:28.960Z"}
{"level":"\u001b[32minfo\u001b[39m","message":"{\"method\":\"GET\",\"url\":\"/fetchOther/675a66dca0d7f4565d972794\",\"status\":\"200\",\"responseTime\":\"155.858\"}","timestamp":"2024-12-12T04:30:29.240Z"}
{"level":"\u001b[32minfo\u001b[39m","message":"{\"method\":\"GET\",\"url\":\"/video/675a66dca0d7f4565d972794\",\"status\":\"200\",\"responseTime\":\"1077.443\"}","timestamp":"2024-12-12T04:30:29.775Z"}
{"level":"\u001b[32minfo\u001b[39m","message":"{\"method\":\"GET\",\"url\":\"/videos?tab=All\",\"status\":\"200\",\"responseTime\":\"1273.846\"}","timestamp":"2024-12-12T04:30:43.992Z"}
{"level":"\u001b[32minfo\u001b[39m","message":"{\"method\":\"GET\",\"url\":\"/getuseruploadedvideo\",\"status\":\"200\",\"responseTime\":\"141.979\"}","timestamp":"2024-12-12T04:34:29.018Z"}
{"level":"\u001b[32minfo\u001b[39m","message":"{\"method\":\"GET\",\"url\":\"/getprivatevideos\",\"status\":\"304\",\"responseTime\":\"142.642\"}","timestamp":"2024-12-12T04:34:29.023Z"}
{"level":"\u001b[32minfo\u001b[39m","message":"{\"method\":\"GET\",\"url\":\"/getwatchlatervideos\",\"status\":\"304\",\"responseTime\":\"476.378\"}","timestamp":"2024-12-12T04:34:29.371Z"}
{"level":"\u001b[32minfo\u001b[39m","message":"{\"method\":\"GET\",\"url\":\"/getreportvideos\",\"status\":\"304\",\"responseTime\":\"795.032\"}","timestamp":"2024-12-12T04:34:29.698Z"}
{"level":"\u001b[32minfo\u001b[39m","message":"{\"method\":\"GET\",\"url\":\"/getuseruploadedvideo\",\"status\":\"304\",\"responseTime\":\"438.280\"}","timestamp":"2024-12-12T04:39:40.199Z"}
{"level":"\u001b[32minfo\u001b[39m","message":"{\"method\":\"GET\",\"url\":\"/getuseruploadedvideo\",\"status\":\"304\",\"responseTime\":\"86.016\"}","timestamp":"2024-12-12T04:39:40.872Z"}
{"level":"\u001b[32minfo\u001b[39m","message":"{\"method\":\"GET\",\"url\":\"/getprivatevideos\",\"status\":\"304\",\"responseTime\":\"73.937\"}","timestamp":"2024-12-12T04:39:40.968Z"}
{"level":"\u001b[32minfo\u001b[39m","message":"{\"method\":\"GET\",\"url\":\"/getwatchlatervideos\",\"status\":\"304\",\"responseTime\":\"170.252\"}","timestamp":"2024-12-12T04:39:41.072Z"}
{"level":"\u001b[32minfo\u001b[39m","message":"{\"method\":\"GET\",\"url\":\"/getreportvideos\",\"status\":\"304\",\"responseTime\":\"232.730\"}","timestamp":"2024-12-12T04:39:41.141Z"}
{"level":"\u001b[32minfo\u001b[39m","message":"{\"method\":\"POST\",\"url\":\"/generate-video-presigned-url\",\"status\":\"200\",\"responseTime\":\"6.156\"}","timestamp":"2024-12-12T04:40:02.387Z"}
{"level":"\u001b[32minfo\u001b[39m","message":"{\"method\":\"POST\",\"url\":\"/generate-video-presigned-url\",\"status\":\"200\",\"responseTime\":\"3.575\"}","timestamp":"2024-12-12T04:40:02.401Z"}
{"level":"\u001b[32minfo\u001b[39m","message":"{\"method\":\"POST\",\"url\":\"/convert\",\"status\":\"200\",\"responseTime\":\"70.110\"}","timestamp":"2024-12-12T04:40:44.596Z"}
{"level":"\u001b[32minfo\u001b[39m","message":"{\"method\":\"GET\",\"url\":\"/videos?tab=All\",\"status\":\"200\",\"responseTime\":\"297.625\"}","timestamp":"2024-12-12T04:41:10.224Z"}
{"level":"\u001b[32minfo\u001b[39m","message":"{\"method\":\"GET\",\"url\":\"/getprivatevideos\",\"status\":\"304\",\"responseTime\":\"101.938\"}","timestamp":"2024-12-12T04:41:12.196Z"}
{"level":"\u001b[32minfo\u001b[39m","message":"{\"method\":\"GET\",\"url\":\"/getuseruploadedvideo\",\"status\":\"304\",\"responseTime\":\"125.164\"}","timestamp":"2024-12-12T04:41:12.207Z"}
{"level":"\u001b[32minfo\u001b[39m","message":"{\"method\":\"GET\",\"url\":\"/getwatchlatervideos\",\"status\":\"304\",\"responseTime\":\"224.280\"}","timestamp":"2024-12-12T04:41:12.327Z"}
{"level":"\u001b[32minfo\u001b[39m","message":"{\"method\":\"GET\",\"url\":\"/getreportvideos\",\"status\":\"304\",\"responseTime\":\"292.165\"}","timestamp":"2024-12-12T04:41:12.401Z"}
{"level":"\u001b[32minfo\u001b[39m","message":"{\"method\":\"GET\",\"url\":\"/videos?tab=All\",\"status\":\"200\",\"responseTime\":\"421.106\"}","timestamp":"2024-12-12T04:41:58.646Z"}
{"level":"\u001b[32minfo\u001b[39m","message":"{\"method\":\"GET\",\"url\":\"/getuseruploadedvideo\",\"status\":\"200\",\"responseTime\":\"65.667\"}","timestamp":"2024-12-12T04:42:00.551Z"}
{"level":"\u001b[32minfo\u001b[39m","message":"{\"method\":\"GET\",\"url\":\"/getprivatevideos\",\"status\":\"304\",\"responseTime\":\"72.441\"}","timestamp":"2024-12-12T04:42:00.591Z"}
{"level":"\u001b[32minfo\u001b[39m","message":"{\"method\":\"GET\",\"url\":\"/getwatchlatervideos\",\"status\":\"304\",\"responseTime\":\"126.335\"}","timestamp":"2024-12-12T04:42:00.667Z"}
{"level":"\u001b[32minfo\u001b[39m","message":"{\"method\":\"GET\",\"url\":\"/getreportvideos\",\"status\":\"304\",\"responseTime\":\"181.784\"}","timestamp":"2024-12-12T04:42:00.735Z"}
{"level":"\u001b[32minfo\u001b[39m","message":"{\"method\":\"GET\",\"url\":\"/videos?tab=All\",\"status\":\"304\",\"responseTime\":\"637.369\"}","timestamp":"2024-12-12T05:03:41.346Z"}
{"level":"\u001b[32minfo\u001b[39m","message":"{\"method\":\"GET\",\"url\":\"/getuseruploadedvideo\",\"status\":\"304\",\"responseTime\":\"71.515\"}","timestamp":"2024-12-12T05:03:44.905Z"}
{"level":"\u001b[32minfo\u001b[39m","message":"{\"method\":\"GET\",\"url\":\"/getprivatevideos\",\"status\":\"304\",\"responseTime\":\"89.248\"}","timestamp":"2024-12-12T05:03:44.932Z"}
{"level":"\u001b[32minfo\u001b[39m","message":"{\"method\":\"GET\",\"url\":\"/getwatchlatervideos\",\"status\":\"304\",\"responseTime\":\"315.325\"}","timestamp":"2024-12-12T05:03:45.180Z"}
{"level":"\u001b[32minfo\u001b[39m","message":"{\"method\":\"GET\",\"url\":\"/getreportvideos\",\"status\":\"304\",\"responseTime\":\"405.286\"}","timestamp":"2024-12-12T05:03:45.257Z"}
{"level":"\u001b[32minfo\u001b[39m","message":"{\"method\":\"GET\",\"url\":\"/getprivatevideos\",\"status\":\"304\",\"responseTime\":\"384.363\"}","timestamp":"2024-12-12T05:59:42.851Z"}
{"level":"\u001b[32minfo\u001b[39m","message":"{\"method\":\"GET\",\"url\":\"/getwatchlatervideos\",\"status\":\"304\",\"responseTime\":\"170.504\"}","timestamp":"2024-12-12T05:59:42.926Z"}
{"level":"\u001b[32minfo\u001b[39m","message":"{\"method\":\"GET\",\"url\":\"/getreportvideos\",\"status\":\"304\",\"responseTime\":\"218.541\"}","timestamp":"2024-12-12T05:59:42.986Z"}
{"level":"\u001b[32minfo\u001b[39m","message":"{\"method\":\"GET\",\"url\":\"/videos?tab=All\",\"status\":\"200\",\"responseTime\":\"382.361\"}","timestamp":"2024-12-12T06:01:15.476Z"}
{"level":"\u001b[32minfo\u001b[39m","message":"{\"method\":\"GET\",\"url\":\"/getuseruploadedvideo\",\"status\":\"200\",\"responseTime\":\"1644.685\"}","timestamp":"2024-12-12T06:01:18.092Z"}
{"level":"\u001b[32minfo\u001b[39m","message":"{\"method\":\"GET\",\"url\":\"/getprivatevideos\",\"status\":\"304\",\"responseTime\":\"1637.165\"}","timestamp":"2024-12-12T06:01:18.097Z"}
{"level":"\u001b[32minfo\u001b[39m","message":"{\"method\":\"GET\",\"url\":\"/getwatchlatervideos\",\"status\":\"304\",\"responseTime\":\"2260.530\"}","timestamp":"2024-12-12T06:01:18.743Z"}
{"level":"\u001b[32minfo\u001b[39m","message":"{\"method\":\"GET\",\"url\":\"/getreportvideos\",\"status\":\"304\",\"responseTime\":\"2849.094\"}","timestamp":"2024-12-12T06:01:19.346Z"}
{"level":"\u001b[32minfo\u001b[39m","message":"{\"method\":\"GET\",\"url\":\"/videos?tab=All\",\"status\":\"304\",\"responseTime\":\"376.500\"}","timestamp":"2024-12-12T06:01:19.713Z"}
{"level":"\u001b[32minfo\u001b[39m","message":"{\"method\":\"GET\",\"url\":\"/getuseruploadedvideo\",\"status\":\"304\",\"responseTime\":\"92.420\"}","timestamp":"2024-12-12T06:01:26.134Z"}
{"level":"\u001b[32minfo\u001b[39m","message":"{\"method\":\"GET\",\"url\":\"/getprivatevideos\",\"status\":\"304\",\"responseTime\":\"97.587\"}","timestamp":"2024-12-12T06:01:26.142Z"}
{"level":"\u001b[32minfo\u001b[39m","message":"{\"method\":\"GET\",\"url\":\"/getwatchlatervideos\",\"status\":\"304\",\"responseTime\":\"259.067\"}","timestamp":"2024-12-12T06:01:26.309Z"}
{"level":"\u001b[32minfo\u001b[39m","message":"{\"method\":\"GET\",\"url\":\"/getreportvideos\",\"status\":\"304\",\"responseTime\":\"311.279\"}","timestamp":"2024-12-12T06:01:26.379Z"}
{"level":"\u001b[32minfo\u001b[39m","message":"{\"method\":\"GET\",\"url\":\"/videos?tab=All\",\"status\":\"304\",\"responseTime\":\"214.793\"}","timestamp":"2024-12-12T13:52:05.523Z"}
{"level":"\u001b[32minfo\u001b[39m","message":"{\"method\":\"GET\",\"url\":\"/videos?tab=All\",\"status\":\"304\",\"responseTime\":\"206.301\"}","timestamp":"2024-12-12T13:52:24.569Z"}
{"level":"\u001b[32minfo\u001b[39m","message":"{\"method\":\"PUT\",\"url\":\"/updateviews\",\"status\":\"200\",\"responseTime\":\"76.611\"}","timestamp":"2024-12-12T13:52:37.800Z"}
{"level":"\u001b[32minfo\u001b[39m","message":"{\"method\":\"GET\",\"url\":\"/fetchOther/672b2639467bb75f87c5f750\",\"status\":\"200\",\"responseTime\":\"118.666\"}","timestamp":"2024-12-12T13:52:38.040Z"}
{"level":"\u001b[32minfo\u001b[39m","message":"{\"method\":\"GET\",\"url\":\"/video/672b2639467bb75f87c5f750\",\"status\":\"200\",\"responseTime\":\"989.473\"}","timestamp":"2024-12-12T13:52:38.899Z"}
{"level":"\u001b[32minfo\u001b[39m","message":"{\"method\":\"PUT\",\"url\":\"/updateviews\",\"status\":\"200\",\"responseTime\":\"46.767\"}","timestamp":"2024-12-12T13:53:05.297Z"}
{"level":"\u001b[32minfo\u001b[39m","message":"{\"method\":\"GET\",\"url\":\"/fetchOther/672b2639467bb75f87c5f750\",\"status\":\"304\",\"responseTime\":\"113.063\"}","timestamp":"2024-12-12T13:53:05.578Z"}
{"level":"\u001b[32minfo\u001b[39m","message":"{\"method\":\"GET\",\"url\":\"/video/672b2639467bb75f87c5f750\",\"status\":\"200\",\"responseTime\":\"510.814\"}","timestamp":"2024-12-12T13:53:05.598Z"}
{"level":"\u001b[32minfo\u001b[39m","message":"{\"method\":\"PUT\",\"url\":\"/updateviews\",\"status\":\"200\",\"responseTime\":\"26.029\"}","timestamp":"2024-12-12T13:53:26.482Z"}
{"level":"\u001b[32minfo\u001b[39m","message":"{\"method\":\"GET\",\"url\":\"/fetchOther/672b2639467bb75f87c5f750\",\"status\":\"304\",\"responseTime\":\"195.266\"}","timestamp":"2024-12-12T13:53:26.839Z"}
{"level":"\u001b[32minfo\u001b[39m","message":"{\"method\":\"GET\",\"url\":\"/video/672b2639467bb75f87c5f750\",\"status\":\"200\",\"responseTime\":\"665.512\"}","timestamp":"2024-12-12T13:53:27.052Z"}
{"level":"\u001b[32minfo\u001b[39m","message":"{\"method\":\"GET\",\"url\":\"/videos?tab=All\",\"status\":\"200\",\"responseTime\":\"997.543\"}","timestamp":"2024-12-12T13:53:32.089Z"}
{"level":"\u001b[32minfo\u001b[39m","message":"{\"method\":\"GET\",\"url\":\"/getuseruploadedvideo\",\"status\":\"200\",\"responseTime\":\"598.894\"}","timestamp":"2024-12-12T13:53:35.656Z"}
{"level":"\u001b[32minfo\u001b[39m","message":"{\"method\":\"GET\",\"url\":\"/getprivatevideos\",\"status\":\"304\",\"responseTime\":\"617.529\"}","timestamp":"2024-12-12T13:53:35.709Z"}
{"level":"\u001b[32minfo\u001b[39m","message":"{\"method\":\"GET\",\"url\":\"/getreportvideos\",\"status\":\"304\",\"responseTime\":\"748.924\"}","timestamp":"2024-12-12T13:53:35.853Z"}
{"level":"\u001b[32minfo\u001b[39m","message":"{\"method\":\"GET\",\"url\":\"/getwatchlatervideos\",\"status\":\"200\",\"responseTime\":\"1165.912\"}","timestamp":"2024-12-12T13:53:36.286Z"}
{"level":"\u001b[32minfo\u001b[39m","message":"{\"method\":\"GET\",\"url\":\"/likedvideos\",\"status\":\"200\",\"responseTime\":\"199.164\"}","timestamp":"2024-12-12T13:53:41.798Z"}
{"level":"\u001b[32minfo\u001b[39m","message":"{\"method\":\"GET\",\"url\":\"/videos?tab=All\",\"status\":\"304\",\"responseTime\":\"188.902\"}","timestamp":"2024-12-12T13:53:43.408Z"}
{"level":"\u001b[32minfo\u001b[39m","message":"{\"method\":\"PUT\",\"url\":\"/updateviews\",\"status\":\"200\",\"responseTime\":\"19.010\"}","timestamp":"2024-12-12T13:53:45.611Z"}
{"level":"\u001b[32minfo\u001b[39m","message":"{\"method\":\"GET\",\"url\":\"/fetchOther/673f3c4fae355142ad5a8a7d\",\"status\":\"200\",\"responseTime\":\"231.392\"}","timestamp":"2024-12-12T13:53:45.958Z"}
{"level":"\u001b[32minfo\u001b[39m","message":"{\"method\":\"GET\",\"url\":\"/video/673f3c4fae355142ad5a8a7d\",\"status\":\"200\",\"responseTime\":\"414.224\"}","timestamp":"2024-12-12T13:53:46.091Z"}
{"level":"\u001b[32minfo\u001b[39m","message":"{\"method\":\"POST\",\"url\":\"/likevideo\",\"status\":\"200\",\"responseTime\":\"151.955\"}","timestamp":"2024-12-12T13:53:51.191Z"}
{"level":"\u001b[32minfo\u001b[39m","message":"{\"method\":\"GET\",\"url\":\"/videos?tab=All\",\"status\":\"200\",\"responseTime\":\"313.888\"}","timestamp":"2024-12-12T13:53:53.487Z"}
{"level":"\u001b[32minfo\u001b[39m","message":"{\"method\":\"GET\",\"url\":\"/getuseruploadedvideo\",\"status\":\"200\",\"responseTime\":\"196.735\"}","timestamp":"2024-12-12T13:53:55.621Z"}
{"level":"\u001b[32minfo\u001b[39m","message":"{\"method\":\"GET\",\"url\":\"/getprivatevideos\",\"status\":\"304\",\"responseTime\":\"171.015\"}","timestamp":"2024-12-12T13:53:55.730Z"}
{"level":"\u001b[32minfo\u001b[39m","message":"{\"method\":\"GET\",\"url\":\"/getwatchlatervideos\",\"status\":\"304\",\"responseTime\":\"297.120\"}","timestamp":"2024-12-12T13:53:55.821Z"}
{"level":"\u001b[32minfo\u001b[39m","message":"{\"method\":\"GET\",\"url\":\"/getreportvideos\",\"status\":\"304\",\"responseTime\":\"332.769\"}","timestamp":"2024-12-12T13:53:55.875Z"}
{"level":"\u001b[32minfo\u001b[39m","message":"{\"method\":\"GET\",\"url\":\"/likedvideos\",\"status\":\"200\",\"responseTime\":\"195.160\"}","timestamp":"2024-12-12T13:53:59.843Z"}
{"level":"\u001b[32minfo\u001b[39m","message":"{\"method\":\"GET\",\"url\":\"/videos?tab=All\",\"status\":\"304\",\"responseTime\":\"176.490\"}","timestamp":"2024-12-12T13:54:03.695Z"}
{"level":"\u001b[32minfo\u001b[39m","message":"{\"method\":\"GET\",\"url\":\"/videos?tab=All\",\"status\":\"200\",\"responseTime\":\"136.851\"}","timestamp":"2024-12-12T13:54:57.390Z"}
{"level":"\u001b[32minfo\u001b[39m","message":"{\"method\":\"GET\",\"url\":\"/videos?tab=All\",\"status\":\"304\",\"responseTime\":\"310.974\"}","timestamp":"2024-12-12T13:55:39.865Z"}
{"level":"\u001b[32minfo\u001b[39m","message":"{\"method\":\"GET\",\"url\":\"/videos?tab=All\",\"status\":\"304\",\"responseTime\":\"142.533\"}","timestamp":"2024-12-12T13:55:42.420Z"}
{"level":"\u001b[32minfo\u001b[39m","message":"{\"method\":\"POST\",\"url\":\"/generate-video-presigned-url\",\"status\":\"200\",\"responseTime\":\"231.811\"}","timestamp":"2024-12-12T13:56:14.404Z"}
{"level":"\u001b[32minfo\u001b[39m","message":"{\"method\":\"POST\",\"url\":\"/generate-video-presigned-url\",\"status\":\"200\",\"responseTime\":\"6.057\"}","timestamp":"2024-12-12T13:56:14.431Z"}
{"level":"\u001b[32minfo\u001b[39m","message":"{\"method\":\"POST\",\"url\":\"/convert\",\"status\":\"500\",\"responseTime\":\"43.386\"}","timestamp":"2024-12-12T13:56:19.469Z"}
{"level":"\u001b[32minfo\u001b[39m","message":"{\"method\":\"GET\",\"url\":\"/videos?tab=All\",\"status\":\"304\",\"responseTime\":\"534.623\"}","timestamp":"2024-12-12T14:05:41.602Z"}
{"level":"\u001b[32minfo\u001b[39m","message":"{\"method\":\"POST\",\"url\":\"/generate-video-presigned-url\",\"status\":\"200\",\"responseTime\":\"123.590\"}","timestamp":"2024-12-12T14:19:17.285Z"}
{"level":"\u001b[32minfo\u001b[39m","message":"{\"method\":\"POST\",\"url\":\"/generate-video-presigned-url\",\"status\":\"200\",\"responseTime\":\"24.493\"}","timestamp":"2024-12-12T14:19:17.413Z"}
{"level":"\u001b[32minfo\u001b[39m","message":"{\"method\":\"POST\",\"url\":\"/convert\",\"status\":\"500\",\"responseTime\":\"17.158\"}","timestamp":"2024-12-12T14:19:24.320Z"}
{"level":"\u001b[32minfo\u001b[39m","message":"{\"method\":\"POST\",\"url\":\"/generate-video-presigned-url\",\"status\":\"200\",\"responseTime\":\"8.903\"}","timestamp":"2024-12-12T14:21:14.901Z"}
{"level":"\u001b[32minfo\u001b[39m","message":"{\"method\":\"POST\",\"url\":\"/generate-video-presigned-url\",\"status\":\"200\",\"responseTime\":\"5.835\"}","timestamp":"2024-12-12T14:21:14.926Z"}
{"level":"\u001b[32minfo\u001b[39m","message":"{\"method\":\"POST\",\"url\":\"/convert\",\"status\":\"500\",\"responseTime\":\"9.219\"}","timestamp":"2024-12-12T14:21:20.088Z"}
{"level":"\u001b[32minfo\u001b[39m","message":"{\"method\":\"POST\",\"url\":\"/generate-video-presigned-url\",\"status\":\"200\",\"responseTime\":\"11.349\"}","timestamp":"2024-12-12T14:30:58.532Z"}
{"level":"\u001b[32minfo\u001b[39m","message":"{\"method\":\"POST\",\"url\":\"/generate-video-presigned-url\",\"status\":\"200\",\"responseTime\":\"27.429\"}","timestamp":"2024-12-12T14:30:58.586Z"}
{"level":"\u001b[32minfo\u001b[39m","message":"{\"method\":\"POST\",\"url\":\"/convert\",\"status\":\"500\",\"responseTime\":\"5.548\"}","timestamp":"2024-12-12T14:31:05.345Z"}
{"level":"\u001b[32minfo\u001b[39m","message":"{\"method\":\"GET\",\"url\":\"/videos?tab=All\",\"status\":\"304\",\"responseTime\":\"825.818\"}","timestamp":"2024-12-12T14:32:30.189Z"}
{"level":"\u001b[32minfo\u001b[39m","message":"{\"method\":\"GET\",\"url\":\"/videos?tab=All\",\"status\":\"200\",\"responseTime\":\"397.046\"}","timestamp":"2024-12-12T14:40:33.911Z"}
{"level":"\u001b[32minfo\u001b[39m","message":"{\"method\":\"GET\",\"url\":\"/getuseruploadedvideo\",\"status\":\"304\",\"responseTime\":\"401.977\"}","timestamp":"2024-12-12T14:40:39.040Z"}
{"level":"\u001b[32minfo\u001b[39m","message":"{\"method\":\"GET\",\"url\":\"/getprivatevideos\",\"status\":\"304\",\"responseTime\":\"99.015\"}","timestamp":"2024-12-12T14:40:40.652Z"}
{"level":"\u001b[32minfo\u001b[39m","message":"{\"method\":\"GET\",\"url\":\"/getwatchlatervideos\",\"status\":\"304\",\"responseTime\":\"326.427\"}","timestamp":"2024-12-12T14:40:40.900Z"}
{"level":"\u001b[32minfo\u001b[39m","message":"{\"method\":\"GET\",\"url\":\"/getreportvideos\",\"status\":\"304\",\"responseTime\":\"432.745\"}","timestamp":"2024-12-12T14:40:41.056Z"}
{"level":"\u001b[32minfo\u001b[39m","message":"{\"method\":\"GET\",\"url\":\"/videos?tab=All\",\"status\":\"304\",\"responseTime\":\"164.544\"}","timestamp":"2024-12-12T14:40:53.707Z"}
{"level":"\u001b[32minfo\u001b[39m","message":"{\"method\":\"GET\",\"url\":\"/videos?tab=All\",\"status\":\"304\",\"responseTime\":\"183.845\"}","timestamp":"2024-12-12T14:41:10.877Z"}
{"level":"\u001b[32minfo\u001b[39m","message":"{\"method\":\"GET\",\"url\":\"/topfive\",\"status\":\"200\",\"responseTime\":\"109.740\"}","timestamp":"2024-12-12T14:42:42.272Z"}
{"level":"\u001b[32minfo\u001b[39m","message":"{\"method\":\"GET\",\"url\":\"/reportvideosAdmin\",\"status\":\"304\",\"responseTime\":\"89.014\"}","timestamp":"2024-12-12T14:42:44.728Z"}
{"level":"\u001b[32minfo\u001b[39m","message":"{\"method\":\"GET\",\"url\":\"/topfive\",\"status\":\"304\",\"responseTime\":\"75.958\"}","timestamp":"2024-12-12T14:42:59.496Z"}
{"level":"\u001b[32minfo\u001b[39m","message":"{\"method\":\"GET\",\"url\":\"/reportvideosAdmin\",\"status\":\"304\",\"responseTime\":\"79.713\"}","timestamp":"2024-12-12T14:43:18.301Z"}
{"level":"\u001b[32minfo\u001b[39m","message":"{\"method\":\"GET\",\"url\":\"/topfive\",\"status\":\"304\",\"responseTime\":\"79.845\"}","timestamp":"2024-12-12T14:43:20.249Z"}
{"level":"\u001b[32minfo\u001b[39m","message":"{\"method\":\"GET\",\"url\":\"/topfive\",\"status\":\"304\",\"responseTime\":\"70.265\"}","timestamp":"2024-12-12T14:43:22.495Z"}
{"level":"\u001b[32minfo\u001b[39m","message":"{\"method\":\"GET\",\"url\":\"/topfive\",\"status\":\"304\",\"responseTime\":\"57.684\"}","timestamp":"2024-12-12T14:43:24.844Z"}
{"level":"\u001b[32minfo\u001b[39m","message":"{\"method\":\"GET\",\"url\":\"/topfive\",\"status\":\"304\",\"responseTime\":\"63.911\"}","timestamp":"2024-12-12T14:43:32.580Z"}
{"level":"\u001b[32minfo\u001b[39m","message":"{\"method\":\"GET\",\"url\":\"/topfive\",\"status\":\"304\",\"responseTime\":\"60.906\"}","timestamp":"2024-12-12T14:43:39.733Z"}
{"level":"\u001b[32minfo\u001b[39m","message":"{\"method\":\"GET\",\"url\":\"/topfive\",\"status\":\"304\",\"responseTime\":\"94.008\"}","timestamp":"2024-12-12T14:43:42.022Z"}
{"level":"\u001b[32minfo\u001b[39m","message":"{\"method\":\"GET\",\"url\":\"/topfive\",\"status\":\"304\",\"responseTime\":\"71.948\"}","timestamp":"2024-12-12T14:43:44.270Z"}
{"level":"\u001b[32minfo\u001b[39m","message":"{\"method\":\"GET\",\"url\":\"/reportvideosAdmin\",\"status\":\"304\",\"responseTime\":\"78.797\"}","timestamp":"2024-12-12T14:43:48.453Z"}
{"level":"\u001b[32minfo\u001b[39m","message":"{\"method\":\"GET\",\"url\":\"/topfive\",\"status\":\"304\",\"responseTime\":\"322.902\"}","timestamp":"2024-12-12T14:43:50.397Z"}
{"level":"\u001b[32minfo\u001b[39m","message":"{\"method\":\"GET\",\"url\":\"/topfive\",\"status\":\"304\",\"responseTime\":\"56.487\"}","timestamp":"2024-12-12T14:44:31.460Z"}
{"level":"\u001b[32minfo\u001b[39m","message":"{\"method\":\"GET\",\"url\":\"/topfive\",\"status\":\"304\",\"responseTime\":\"57.434\"}","timestamp":"2024-12-12T14:44:32.744Z"}
{"level":"\u001b[32minfo\u001b[39m","message":"{\"method\":\"GET\",\"url\":\"/topfive\",\"status\":\"304\",\"responseTime\":\"63.545\"}","timestamp":"2024-12-12T14:44:38.586Z"}
{"level":"\u001b[32minfo\u001b[39m","message":"{\"method\":\"GET\",\"url\":\"/topfive\",\"status\":\"304\",\"responseTime\":\"78.014\"}","timestamp":"2024-12-12T14:44:47.922Z"}
{"level":"\u001b[32minfo\u001b[39m","message":"{\"method\":\"GET\",\"url\":\"/topfive\",\"status\":\"304\",\"responseTime\":\"92.682\"}","timestamp":"2024-12-12T14:45:01.317Z"}
{"level":"\u001b[32minfo\u001b[39m","message":"{\"method\":\"GET\",\"url\":\"/topfive\",\"status\":\"304\",\"responseTime\":\"53.734\"}","timestamp":"2024-12-12T14:45:13.118Z"}
{"level":"\u001b[32minfo\u001b[39m","message":"{\"method\":\"GET\",\"url\":\"/topfive\",\"status\":\"304\",\"responseTime\":\"61.831\"}","timestamp":"2024-12-12T14:45:17.981Z"}
{"level":"\u001b[32minfo\u001b[39m","message":"{\"method\":\"GET\",\"url\":\"/videos?tab=All\",\"status\":\"304\",\"responseTime\":\"246.656\"}","timestamp":"2024-12-12T14:49:20.018Z"}
{"level":"\u001b[32minfo\u001b[39m","message":"{\"method\":\"GET\",\"url\":\"/videos?tab=All\",\"status\":\"304\",\"responseTime\":\"157.546\"}","timestamp":"2024-12-12T14:49:27.597Z"}
{"level":"\u001b[32minfo\u001b[39m","message":"{\"method\":\"POST\",\"url\":\"/generate-video-presigned-url\",\"status\":\"200\",\"responseTime\":\"43.458\"}","timestamp":"2024-12-12T14:49:50.706Z"}
{"level":"\u001b[32minfo\u001b[39m","message":"{\"method\":\"POST\",\"url\":\"/generate-video-presigned-url\",\"status\":\"200\",\"responseTime\":\"6.495\"}","timestamp":"2024-12-12T14:49:50.728Z"}
{"level":"\u001b[32minfo\u001b[39m","message":"{\"method\":\"POST\",\"url\":\"/convert\",\"status\":\"200\",\"responseTime\":\"105.643\"}","timestamp":"2024-12-12T14:49:58.115Z"}
{"level":"\u001b[32minfo\u001b[39m","message":"{\"method\":\"GET\",\"url\":\"/getprivatevideos\",\"status\":\"304\",\"responseTime\":\"225.231\"}","timestamp":"2024-12-12T14:50:42.507Z"}
{"level":"\u001b[32minfo\u001b[39m","message":"{\"method\":\"GET\",\"url\":\"/getuseruploadedvideo\",\"status\":\"200\",\"responseTime\":\"134.734\"}","timestamp":"2024-12-12T14:50:42.525Z"}
{"level":"\u001b[32minfo\u001b[39m","message":"{\"method\":\"GET\",\"url\":\"/getwatchlatervideos\",\"status\":\"200\",\"responseTime\":\"305.705\"}","timestamp":"2024-12-12T14:50:42.570Z"}
{"level":"\u001b[32minfo\u001b[39m","message":"{\"method\":\"GET\",\"url\":\"/getreportvideos\",\"status\":\"304\",\"responseTime\":\"978.583\"}","timestamp":"2024-12-12T14:50:43.398Z"}
{"level":"\u001b[32minfo\u001b[39m","message":"{\"method\":\"GET\",\"url\":\"/getuseruploadedvideo\",\"status\":\"304\",\"responseTime\":\"56.125\"}","timestamp":"2024-12-12T14:51:00.178Z"}
{"level":"\u001b[32minfo\u001b[39m","message":"{\"method\":\"POST\",\"url\":\"/generate-video-presigned-url\",\"status\":\"200\",\"responseTime\":\"2.926\"}","timestamp":"2024-12-12T14:51:55.683Z"}
{"level":"\u001b[32minfo\u001b[39m","message":"{\"method\":\"POST\",\"url\":\"/generate-video-presigned-url\",\"status\":\"200\",\"responseTime\":\"8.571\"}","timestamp":"2024-12-12T14:51:55.708Z"}
{"level":"\u001b[32minfo\u001b[39m","message":"{\"method\":\"POST\",\"url\":\"/convert\",\"status\":\"200\",\"responseTime\":\"71.060\"}","timestamp":"2024-12-12T14:52:00.454Z"}
{"level":"\u001b[32minfo\u001b[39m","message":"{\"method\":\"GET\",\"url\":\"/videos?tab=All\",\"status\":\"200\",\"responseTime\":\"1123.575\"}","timestamp":"2024-12-12T15:16:51.961Z"}
{"level":"\u001b[32minfo\u001b[39m","message":"{\"method\":\"POST\",\"url\":\"/generate-video-presigned-url\",\"status\":\"200\",\"responseTime\":\"31.755\"}","timestamp":"2024-12-12T15:17:35.863Z"}
{"level":"\u001b[32minfo\u001b[39m","message":"{\"method\":\"POST\",\"url\":\"/generate-video-presigned-url\",\"status\":\"200\",\"responseTime\":\"5.333\"}","timestamp":"2024-12-12T15:17:35.904Z"}
{"level":"\u001b[32minfo\u001b[39m","message":"{\"method\":\"POST\",\"url\":\"/convert\",\"status\":\"200\",\"responseTime\":\"73.090\"}","timestamp":"2024-12-12T15:17:40.763Z"}
{"level":"\u001b[32minfo\u001b[39m","message":"{\"method\":\"GET\",\"url\":\"/videos?tab=All\",\"status\":\"304\",\"responseTime\":\"419.433\"}","timestamp":"2024-12-12T15:40:48.055Z"}
{"level":"\u001b[32minfo\u001b[39m","message":"{\"method\":\"POST\",\"url\":\"/generate-video-presigned-url\",\"status\":\"200\",\"responseTime\":\"43.190\"}","timestamp":"2024-12-12T15:41:14.997Z"}
{"level":"\u001b[32minfo\u001b[39m","message":"{\"method\":\"POST\",\"url\":\"/generate-video-presigned-url\",\"status\":\"200\",\"responseTime\":\"6.356\"}","timestamp":"2024-12-12T15:41:15.026Z"}
{"level":"\u001b[32minfo\u001b[39m","message":"{\"method\":\"POST\",\"url\":\"/convert\",\"status\":\"200\",\"responseTime\":\"73.192\"}","timestamp":"2024-12-12T15:41:26.052Z"}
