{"level":"\u001b[32minfo\u001b[39m","message":"{\"method\":\"GET\",\"url\":\"/getbanner\",\"status\":\"200\",\"responseTime\":\"106.678\"}","timestamp":"2024-12-12T02:57:55.863Z"}
{"level":"\u001b[32minfo\u001b[39m","message":"{\"method\":\"GET\",\"url\":\"/userprofile\",\"status\":\"200\",\"responseTime\":\"345.131\"}","timestamp":"2024-12-12T02:57:56.117Z"}
{"level":"\u001b[32minfo\u001b[39m","message":"{\"method\":\"GET\",\"url\":\"/userprofile\",\"status\":\"304\",\"responseTime\":\"138.406\"}","timestamp":"2024-12-12T02:58:03.175Z"}
{"level":"\u001b[32minfo\u001b[39m","message":"{\"method\":\"GET\",\"url\":\"/userprofile\",\"status\":\"304\",\"responseTime\":\"161.656\"}","timestamp":"2024-12-12T02:58:03.372Z"}
{"level":"\u001b[32minfo\u001b[39m","message":"{\"method\":\"GET\",\"url\":\"/userprofile\",\"status\":\"304\",\"responseTime\":\"59.113\"}","timestamp":"2024-12-12T02:58:12.513Z"}
{"level":"\u001b[32minfo\u001b[39m","message":"{\"method\":\"GET\",\"url\":\"/getbanner\",\"status\":\"304\",\"responseTime\":\"48.152\"}","timestamp":"2024-12-12T02:58:24.841Z"}
{"level":"\u001b[32minfo\u001b[39m","message":"{\"method\":\"GET\",\"url\":\"/userprofile\",\"status\":\"304\",\"responseTime\":\"72.897\"}","timestamp":"2024-12-12T02:58:24.873Z"}
{"level":"\u001b[32minfo\u001b[39m","message":"{\"method\":\"GET\",\"url\":\"/userprofile\",\"status\":\"304\",\"responseTime\":\"78.809\"}","timestamp":"2024-12-12T02:58:29.036Z"}
{"level":"\u001b[32minfo\u001b[39m","message":"{\"method\":\"GET\",\"url\":\"/userprofile\",\"status\":\"304\",\"responseTime\":\"69.180\"}","timestamp":"2024-12-12T02:58:29.144Z"}
{"level":"\u001b[32minfo\u001b[39m","message":"{\"method\":\"GET\",\"url\":\"/userprofile\",\"status\":\"304\",\"responseTime\":\"68.824\"}","timestamp":"2024-12-12T02:58:32.120Z"}
{"level":"\u001b[32minfo\u001b[39m","message":"{\"method\":\"GET\",\"url\":\"/userprofile\",\"status\":\"304\",\"responseTime\":\"298.349\"}","timestamp":"2024-12-12T03:03:05.280Z"}
{"level":"\u001b[32minfo\u001b[39m","message":"{\"method\":\"GET\",\"url\":\"/userprofile\",\"status\":\"304\",\"responseTime\":\"54.228\"}","timestamp":"2024-12-12T03:03:16.432Z"}
{"level":"\u001b[32minfo\u001b[39m","message":"{\"method\":\"GET\",\"url\":\"/userprofile\",\"status\":\"304\",\"responseTime\":\"70.413\"}","timestamp":"2024-12-12T03:03:36.496Z"}
{"level":"\u001b[32minfo\u001b[39m","message":"{\"method\":\"GET\",\"url\":\"/userprofile\",\"status\":\"304\",\"responseTime\":\"107.793\"}","timestamp":"2024-12-12T03:03:36.929Z"}
{"level":"\u001b[32minfo\u001b[39m","message":"{\"method\":\"GET\",\"url\":\"/userprofile\",\"status\":\"304\",\"responseTime\":\"94.497\"}","timestamp":"2024-12-12T03:14:01.831Z"}
{"level":"\u001b[32minfo\u001b[39m","message":"{\"method\":\"GET\",\"url\":\"/userprofile\",\"status\":\"304\",\"responseTime\":\"58.212\"}","timestamp":"2024-12-12T03:14:01.906Z"}
{"level":"\u001b[32minfo\u001b[39m","message":"{\"method\":\"POST\",\"url\":\"/login\",\"status\":\"200\",\"responseTime\":\"224.433\"}","timestamp":"2024-12-12T03:14:18.411Z"}
{"level":"\u001b[32minfo\u001b[39m","message":"{\"method\":\"GET\",\"url\":\"/getbanner\",\"status\":\"200\",\"responseTime\":\"63.265\"}","timestamp":"2024-12-12T03:14:18.553Z"}
{"level":"\u001b[32minfo\u001b[39m","message":"{\"method\":\"GET\",\"url\":\"/userprofile\",\"status\":\"200\",\"responseTime\":\"140.211\"}","timestamp":"2024-12-12T03:14:18.641Z"}
{"level":"\u001b[32minfo\u001b[39m","message":"{\"method\":\"GET\",\"url\":\"/userprofile\",\"status\":\"304\",\"responseTime\":\"65.264\"}","timestamp":"2024-12-12T03:14:22.767Z"}
{"level":"\u001b[32minfo\u001b[39m","message":"{\"method\":\"GET\",\"url\":\"/userprofile\",\"status\":\"304\",\"responseTime\":\"59.738\"}","timestamp":"2024-12-12T03:14:45.009Z"}
{"level":"\u001b[32minfo\u001b[39m","message":"{\"method\":\"GET\",\"url\":\"/userprofile\",\"status\":\"304\",\"responseTime\":\"58.146\"}","timestamp":"2024-12-12T03:14:45.079Z"}
{"level":"\u001b[32minfo\u001b[39m","message":"{\"method\":\"GET\",\"url\":\"/userprofile\",\"status\":\"304\",\"responseTime\":\"60.683\"}","timestamp":"2024-12-12T03:14:49.813Z"}
{"level":"\u001b[32minfo\u001b[39m","message":"{\"method\":\"GET\",\"url\":\"/userprofile\",\"status\":\"304\",\"responseTime\":\"67.780\"}","timestamp":"2024-12-12T03:15:19.639Z"}
{"level":"\u001b[32minfo\u001b[39m","message":"{\"method\":\"GET\",\"url\":\"/userprofile\",\"status\":\"304\",\"responseTime\":\"60.226\"}","timestamp":"2024-12-12T03:15:21.144Z"}
{"level":"\u001b[32minfo\u001b[39m","message":"{\"method\":\"GET\",\"url\":\"/userprofile\",\"status\":\"304\",\"responseTime\":\"63.195\"}","timestamp":"2024-12-12T03:15:21.384Z"}
{"level":"\u001b[32minfo\u001b[39m","message":"{\"method\":\"GET\",\"url\":\"/userprofile\",\"status\":\"304\",\"responseTime\":\"69.901\"}","timestamp":"2024-12-12T03:15:21.524Z"}
{"level":"\u001b[32minfo\u001b[39m","message":"{\"method\":\"GET\",\"url\":\"/userprofile\",\"status\":\"304\",\"responseTime\":\"58.176\"}","timestamp":"2024-12-12T03:15:28.353Z"}
{"level":"\u001b[32minfo\u001b[39m","message":"{\"method\":\"GET\",\"url\":\"/userprofile\",\"status\":\"304\",\"responseTime\":\"58.557\"}","timestamp":"2024-12-12T03:15:28.426Z"}
{"level":"\u001b[32minfo\u001b[39m","message":"{\"method\":\"GET\",\"url\":\"/userprofile\",\"status\":\"304\",\"responseTime\":\"60.697\"}","timestamp":"2024-12-12T03:15:29.902Z"}
{"level":"\u001b[32minfo\u001b[39m","message":"{\"method\":\"GET\",\"url\":\"/getbanner\",\"status\":\"304\",\"responseTime\":\"49.564\"}","timestamp":"2024-12-12T03:15:43.003Z"}
{"level":"\u001b[32minfo\u001b[39m","message":"{\"method\":\"GET\",\"url\":\"/userprofile\",\"status\":\"304\",\"responseTime\":\"78.689\"}","timestamp":"2024-12-12T03:15:43.038Z"}
{"level":"\u001b[32minfo\u001b[39m","message":"{\"method\":\"GET\",\"url\":\"/userprofile\",\"status\":\"304\",\"responseTime\":\"83.922\"}","timestamp":"2024-12-12T03:15:44.797Z"}
{"level":"\u001b[32minfo\u001b[39m","message":"{\"method\":\"GET\",\"url\":\"/userprofile\",\"status\":\"304\",\"responseTime\":\"69.124\"}","timestamp":"2024-12-12T03:15:44.905Z"}
{"level":"\u001b[32minfo\u001b[39m","message":"{\"method\":\"GET\",\"url\":\"/userprofile\",\"status\":\"304\",\"responseTime\":\"79.635\"}","timestamp":"2024-12-12T03:15:48.540Z"}
{"level":"\u001b[32minfo\u001b[39m","message":"{\"method\":\"GET\",\"url\":\"/userprofile\",\"status\":\"304\",\"responseTime\":\"94.884\"}","timestamp":"2024-12-12T03:15:52.318Z"}
{"level":"\u001b[32minfo\u001b[39m","message":"{\"method\":\"GET\",\"url\":\"/userprofile\",\"status\":\"304\",\"responseTime\":\"129.852\"}","timestamp":"2024-12-12T03:15:52.554Z"}
{"level":"\u001b[32minfo\u001b[39m","message":"{\"method\":\"GET\",\"url\":\"/userprofile\",\"status\":\"304\",\"responseTime\":\"58.019\"}","timestamp":"2024-12-12T03:19:14.783Z"}
{"level":"\u001b[32minfo\u001b[39m","message":"{\"method\":\"GET\",\"url\":\"/userprofile\",\"status\":\"304\",\"responseTime\":\"55.826\"}","timestamp":"2024-12-12T03:19:14.863Z"}
{"level":"\u001b[32minfo\u001b[39m","message":"{\"method\":\"GET\",\"url\":\"/userprofile\",\"status\":\"304\",\"responseTime\":\"58.994\"}","timestamp":"2024-12-12T03:19:16.328Z"}
{"level":"\u001b[32minfo\u001b[39m","message":"{\"method\":\"GET\",\"url\":\"/userprofile\",\"status\":\"304\",\"responseTime\":\"57.520\"}","timestamp":"2024-12-12T03:20:54.723Z"}
{"level":"\u001b[32minfo\u001b[39m","message":"{\"method\":\"GET\",\"url\":\"/userprofile\",\"status\":\"304\",\"responseTime\":\"64.787\"}","timestamp":"2024-12-12T03:20:54.803Z"}
{"level":"\u001b[32minfo\u001b[39m","message":"{\"method\":\"POST\",\"url\":\"/login\",\"status\":\"200\",\"responseTime\":\"150.962\"}","timestamp":"2024-12-12T03:21:11.299Z"}
{"level":"\u001b[32minfo\u001b[39m","message":"{\"method\":\"GET\",\"url\":\"/getbanner\",\"status\":\"304\",\"responseTime\":\"48.620\"}","timestamp":"2024-12-12T03:21:11.414Z"}
{"level":"\u001b[32minfo\u001b[39m","message":"{\"method\":\"GET\",\"url\":\"/userprofile\",\"status\":\"200\",\"responseTime\":\"135.464\"}","timestamp":"2024-12-12T03:21:11.505Z"}
{"level":"\u001b[32minfo\u001b[39m","message":"{\"method\":\"GET\",\"url\":\"/userprofile\",\"status\":\"304\",\"responseTime\":\"72.356\"}","timestamp":"2024-12-12T03:21:13.870Z"}
{"level":"\u001b[32minfo\u001b[39m","message":"{\"method\":\"GET\",\"url\":\"/userprofile\",\"status\":\"304\",\"responseTime\":\"62.623\"}","timestamp":"2024-12-12T03:21:13.962Z"}
{"level":"\u001b[32minfo\u001b[39m","message":"{\"method\":\"GET\",\"url\":\"/userprofile\",\"status\":\"304\",\"responseTime\":\"64.049\"}","timestamp":"2024-12-12T03:21:20.098Z"}
{"level":"\u001b[32minfo\u001b[39m","message":"{\"method\":\"GET\",\"url\":\"/userprofile\",\"status\":\"304\",\"responseTime\":\"53.350\"}","timestamp":"2024-12-12T03:21:20.169Z"}
{"level":"\u001b[32minfo\u001b[39m","message":"{\"method\":\"GET\",\"url\":\"/userprofile\",\"status\":\"304\",\"responseTime\":\"55.627\"}","timestamp":"2024-12-12T03:23:18.128Z"}
{"level":"\u001b[32minfo\u001b[39m","message":"{\"method\":\"GET\",\"url\":\"/userprofile\",\"status\":\"304\",\"responseTime\":\"56.343\"}","timestamp":"2024-12-12T03:26:00.240Z"}
{"level":"\u001b[32minfo\u001b[39m","message":"{\"method\":\"GET\",\"url\":\"/userprofile\",\"status\":\"304\",\"responseTime\":\"69.883\"}","timestamp":"2024-12-12T03:26:00.319Z"}
{"level":"\u001b[32minfo\u001b[39m","message":"{\"method\":\"GET\",\"url\":\"/userprofile\",\"status\":\"304\",\"responseTime\":\"54.916\"}","timestamp":"2024-12-12T03:26:00.813Z"}
{"level":"\u001b[32minfo\u001b[39m","message":"{\"method\":\"GET\",\"url\":\"/userprofile\",\"status\":\"304\",\"responseTime\":\"68.944\"}","timestamp":"2024-12-12T03:26:10.747Z"}
{"level":"\u001b[32minfo\u001b[39m","message":"{\"method\":\"GET\",\"url\":\"/userprofile\",\"status\":\"304\",\"responseTime\":\"62.686\"}","timestamp":"2024-12-12T03:26:10.822Z"}
{"level":"\u001b[32minfo\u001b[39m","message":"{\"method\":\"GET\",\"url\":\"/userprofile\",\"status\":\"304\",\"responseTime\":\"79.906\"}","timestamp":"2024-12-12T03:29:48.446Z"}
{"level":"\u001b[32minfo\u001b[39m","message":"{\"method\":\"GET\",\"url\":\"/userprofile\",\"status\":\"304\",\"responseTime\":\"55.984\"}","timestamp":"2024-12-12T03:29:48.515Z"}
{"level":"\u001b[32minfo\u001b[39m","message":"{\"method\":\"GET\",\"url\":\"/userprofile\",\"status\":\"304\",\"responseTime\":\"56.391\"}","timestamp":"2024-12-12T03:29:49.094Z"}
{"level":"\u001b[32minfo\u001b[39m","message":"{\"method\":\"GET\",\"url\":\"/userprofile\",\"status\":\"304\",\"responseTime\":\"57.293\"}","timestamp":"2024-12-12T03:29:51.063Z"}
{"level":"\u001b[32minfo\u001b[39m","message":"{\"method\":\"GET\",\"url\":\"/userprofile\",\"status\":\"304\",\"responseTime\":\"57.072\"}","timestamp":"2024-12-12T03:29:51.142Z"}
{"level":"\u001b[32minfo\u001b[39m","message":"{\"method\":\"GET\",\"url\":\"/userprofile\",\"status\":\"304\",\"responseTime\":\"61.228\"}","timestamp":"2024-12-12T03:30:28.704Z"}
{"level":"\u001b[32minfo\u001b[39m","message":"{\"method\":\"GET\",\"url\":\"/userprofile\",\"status\":\"304\",\"responseTime\":\"68.702\"}","timestamp":"2024-12-12T03:30:28.779Z"}
{"level":"\u001b[32minfo\u001b[39m","message":"{\"method\":\"GET\",\"url\":\"/userprofile\",\"status\":\"304\",\"responseTime\":\"57.395\"}","timestamp":"2024-12-12T03:30:59.849Z"}
{"level":"\u001b[32minfo\u001b[39m","message":"{\"method\":\"GET\",\"url\":\"/userprofile\",\"status\":\"304\",\"responseTime\":\"64.630\"}","timestamp":"2024-12-12T03:30:59.929Z"}
{"level":"\u001b[32minfo\u001b[39m","message":"{\"method\":\"GET\",\"url\":\"/userprofile\",\"status\":\"304\",\"responseTime\":\"60.177\"}","timestamp":"2024-12-12T03:31:00.645Z"}
{"level":"\u001b[32minfo\u001b[39m","message":"{\"method\":\"GET\",\"url\":\"/userprofile\",\"status\":\"304\",\"responseTime\":\"90.806\"}","timestamp":"2024-12-12T03:33:34.233Z"}
{"level":"\u001b[32minfo\u001b[39m","message":"{\"method\":\"GET\",\"url\":\"/userprofile\",\"status\":\"304\",\"responseTime\":\"80.450\"}","timestamp":"2024-12-12T03:33:34.323Z"}
{"level":"\u001b[32minfo\u001b[39m","message":"{\"method\":\"GET\",\"url\":\"/userprofile\",\"status\":\"304\",\"responseTime\":\"65.696\"}","timestamp":"2024-12-12T03:33:35.105Z"}
{"level":"\u001b[32minfo\u001b[39m","message":"{\"method\":\"GET\",\"url\":\"/userprofile\",\"status\":\"304\",\"responseTime\":\"85.607\"}","timestamp":"2024-12-12T03:33:51.731Z"}
{"level":"\u001b[32minfo\u001b[39m","message":"{\"method\":\"GET\",\"url\":\"/userprofile\",\"status\":\"304\",\"responseTime\":\"213.286\"}","timestamp":"2024-12-12T03:33:51.951Z"}
{"level":"\u001b[32minfo\u001b[39m","message":"{\"method\":\"GET\",\"url\":\"/userprofile\",\"status\":\"304\",\"responseTime\":\"195.946\"}","timestamp":"2024-12-12T03:34:10.958Z"}
{"level":"\u001b[32minfo\u001b[39m","message":"{\"method\":\"GET\",\"url\":\"/userprofile\",\"status\":\"304\",\"responseTime\":\"233.207\"}","timestamp":"2024-12-12T03:34:11.260Z"}
{"level":"\u001b[32minfo\u001b[39m","message":"{\"method\":\"GET\",\"url\":\"/userprofile\",\"status\":\"304\",\"responseTime\":\"75.824\"}","timestamp":"2024-12-12T03:34:13.712Z"}
{"level":"\u001b[32minfo\u001b[39m","message":"{\"method\":\"GET\",\"url\":\"/userprofile\",\"status\":\"304\",\"responseTime\":\"84.911\"}","timestamp":"2024-12-12T03:34:13.810Z"}
{"level":"\u001b[32minfo\u001b[39m","message":"{\"method\":\"GET\",\"url\":\"/userprofile\",\"status\":\"304\",\"responseTime\":\"95.310\"}","timestamp":"2024-12-12T03:34:14.797Z"}
{"level":"\u001b[32minfo\u001b[39m","message":"{\"method\":\"GET\",\"url\":\"/getbanner\",\"status\":\"304\",\"responseTime\":\"54.464\"}","timestamp":"2024-12-12T03:35:35.185Z"}
{"level":"\u001b[32minfo\u001b[39m","message":"{\"method\":\"GET\",\"url\":\"/userprofile\",\"status\":\"304\",\"responseTime\":\"84.980\"}","timestamp":"2024-12-12T03:35:35.219Z"}
{"level":"\u001b[32minfo\u001b[39m","message":"{\"method\":\"GET\",\"url\":\"/userprofile\",\"status\":\"304\",\"responseTime\":\"95.375\"}","timestamp":"2024-12-12T03:35:36.448Z"}
{"level":"\u001b[32minfo\u001b[39m","message":"{\"method\":\"GET\",\"url\":\"/userprofile\",\"status\":\"304\",\"responseTime\":\"171.315\"}","timestamp":"2024-12-12T03:35:36.646Z"}
{"level":"\u001b[32minfo\u001b[39m","message":"{\"method\":\"GET\",\"url\":\"/userprofile\",\"status\":\"304\",\"responseTime\":\"62.995\"}","timestamp":"2024-12-12T03:40:08.067Z"}
{"level":"\u001b[32minfo\u001b[39m","message":"{\"method\":\"GET\",\"url\":\"/userprofile\",\"status\":\"304\",\"responseTime\":\"112.157\"}","timestamp":"2024-12-12T03:40:08.191Z"}
{"level":"\u001b[32minfo\u001b[39m","message":"{\"method\":\"GET\",\"url\":\"/userprofile\",\"status\":\"304\",\"responseTime\":\"57.801\"}","timestamp":"2024-12-12T03:40:08.811Z"}
{"level":"\u001b[32minfo\u001b[39m","message":"{\"method\":\"GET\",\"url\":\"/userprofile\",\"status\":\"304\",\"responseTime\":\"60.783\"}","timestamp":"2024-12-12T03:40:08.883Z"}
{"level":"\u001b[32minfo\u001b[39m","message":"{\"method\":\"GET\",\"url\":\"/userprofile\",\"status\":\"304\",\"responseTime\":\"124.430\"}","timestamp":"2024-12-12T03:40:09.235Z"}
{"level":"\u001b[32minfo\u001b[39m","message":"{\"method\":\"GET\",\"url\":\"/userprofile\",\"status\":\"304\",\"responseTime\":\"69.960\"}","timestamp":"2024-12-12T03:40:09.311Z"}
{"level":"\u001b[32minfo\u001b[39m","message":"{\"method\":\"GET\",\"url\":\"/userprofile\",\"status\":\"304\",\"responseTime\":\"130.683\"}","timestamp":"2024-12-12T03:40:15.975Z"}
{"level":"\u001b[32minfo\u001b[39m","message":"{\"method\":\"GET\",\"url\":\"/userprofile\",\"status\":\"304\",\"responseTime\":\"74.867\"}","timestamp":"2024-12-12T03:40:16.059Z"}
{"level":"\u001b[32minfo\u001b[39m","message":"{\"method\":\"GET\",\"url\":\"/userprofile\",\"status\":\"304\",\"responseTime\":\"70.691\"}","timestamp":"2024-12-12T03:40:21.917Z"}
{"level":"\u001b[32minfo\u001b[39m","message":"{\"method\":\"GET\",\"url\":\"/userprofile\",\"status\":\"304\",\"responseTime\":\"74.825\"}","timestamp":"2024-12-12T03:40:22.004Z"}
{"level":"\u001b[32minfo\u001b[39m","message":"{\"method\":\"GET\",\"url\":\"/userprofile\",\"status\":\"304\",\"responseTime\":\"84.275\"}","timestamp":"2024-12-12T03:40:24.811Z"}
{"level":"\u001b[32minfo\u001b[39m","message":"{\"method\":\"GET\",\"url\":\"/userprofile\",\"status\":\"304\",\"responseTime\":\"68.651\"}","timestamp":"2024-12-12T03:40:24.902Z"}
{"level":"\u001b[32minfo\u001b[39m","message":"{\"method\":\"GET\",\"url\":\"/userprofile\",\"status\":\"304\",\"responseTime\":\"101.496\"}","timestamp":"2024-12-12T03:40:26.211Z"}
{"level":"\u001b[32minfo\u001b[39m","message":"{\"method\":\"GET\",\"url\":\"/userprofile\",\"status\":\"304\",\"responseTime\":\"70.910\"}","timestamp":"2024-12-12T03:40:26.294Z"}
{"level":"\u001b[32minfo\u001b[39m","message":"{\"method\":\"GET\",\"url\":\"/userprofile\",\"status\":\"304\",\"responseTime\":\"68.948\"}","timestamp":"2024-12-12T03:40:30.838Z"}
{"level":"\u001b[32minfo\u001b[39m","message":"{\"method\":\"GET\",\"url\":\"/userprofile\",\"status\":\"304\",\"responseTime\":\"103.589\"}","timestamp":"2024-12-12T03:40:31.072Z"}
{"level":"\u001b[32minfo\u001b[39m","message":"{\"method\":\"GET\",\"url\":\"/userprofile\",\"status\":\"304\",\"responseTime\":\"74.025\"}","timestamp":"2024-12-12T03:40:33.332Z"}
{"level":"\u001b[32minfo\u001b[39m","message":"{\"method\":\"GET\",\"url\":\"/userprofile\",\"status\":\"304\",\"responseTime\":\"57.253\"}","timestamp":"2024-12-12T03:40:33.430Z"}
{"level":"\u001b[32minfo\u001b[39m","message":"{\"method\":\"GET\",\"url\":\"/userprofile\",\"status\":\"304\",\"responseTime\":\"77.327\"}","timestamp":"2024-12-12T03:40:34.686Z"}
{"level":"\u001b[32minfo\u001b[39m","message":"{\"method\":\"GET\",\"url\":\"/userprofile\",\"status\":\"304\",\"responseTime\":\"55.183\"}","timestamp":"2024-12-12T03:40:34.747Z"}
{"level":"\u001b[32minfo\u001b[39m","message":"{\"method\":\"GET\",\"url\":\"/userprofile\",\"status\":\"304\",\"responseTime\":\"70.162\"}","timestamp":"2024-12-12T03:40:35.377Z"}
{"level":"\u001b[32minfo\u001b[39m","message":"{\"method\":\"GET\",\"url\":\"/userprofile\",\"status\":\"304\",\"responseTime\":\"64.853\"}","timestamp":"2024-12-12T03:40:35.473Z"}
{"level":"\u001b[32minfo\u001b[39m","message":"{\"method\":\"GET\",\"url\":\"/userprofile\",\"status\":\"304\",\"responseTime\":\"79.007\"}","timestamp":"2024-12-12T03:40:35.972Z"}
{"level":"\u001b[32minfo\u001b[39m","message":"{\"method\":\"GET\",\"url\":\"/userprofile\",\"status\":\"304\",\"responseTime\":\"81.452\"}","timestamp":"2024-12-12T03:40:36.076Z"}
{"level":"\u001b[32minfo\u001b[39m","message":"{\"method\":\"GET\",\"url\":\"/userprofile\",\"status\":\"-\",\"responseTime\":\"-\"}","timestamp":"2024-12-12T03:48:47.050Z"}
{"level":"\u001b[32minfo\u001b[39m","message":"{\"method\":\"GET\",\"url\":\"/userprofile\",\"status\":\"-\",\"responseTime\":\"-\"}","timestamp":"2024-12-12T03:48:57.907Z"}
{"level":"\u001b[32minfo\u001b[39m","message":"{\"method\":\"GET\",\"url\":\"/userprofile\",\"status\":\"-\",\"responseTime\":\"-\"}","timestamp":"2024-12-12T03:48:58.372Z"}
{"level":"\u001b[32minfo\u001b[39m","message":"{\"method\":\"GET\",\"url\":\"/userprofile\",\"status\":\"-\",\"responseTime\":\"-\"}","timestamp":"2024-12-12T03:48:58.393Z"}
{"level":"\u001b[32minfo\u001b[39m","message":"{\"method\":\"GET\",\"url\":\"/userprofile\",\"status\":\"-\",\"responseTime\":\"-\"}","timestamp":"2024-12-12T03:49:14.915Z"}
{"level":"\u001b[32minfo\u001b[39m","message":"{\"method\":\"GET\",\"url\":\"/userprofile\",\"status\":\"200\",\"responseTime\":\"21787.635\"}","timestamp":"2024-12-12T03:49:38.115Z"}
{"level":"\u001b[32minfo\u001b[39m","message":"{\"method\":\"GET\",\"url\":\"/userprofile\",\"status\":\"200\",\"responseTime\":\"5759.399\"}","timestamp":"2024-12-12T03:49:38.413Z"}
{"level":"\u001b[32minfo\u001b[39m","message":"{\"method\":\"GET\",\"url\":\"/userprofile\",\"status\":\"200\",\"responseTime\":\"27851.315\"}","timestamp":"2024-12-12T03:49:38.565Z"}
{"level":"\u001b[32minfo\u001b[39m","message":"{\"method\":\"GET\",\"url\":\"/getbanner\",\"status\":\"304\",\"responseTime\":\"22760.921\"}","timestamp":"2024-12-12T03:49:39.094Z"}
{"level":"\u001b[32minfo\u001b[39m","message":"{\"method\":\"GET\",\"url\":\"/userprofile\",\"status\":\"304\",\"responseTime\":\"107.978\"}","timestamp":"2024-12-12T03:49:44.221Z"}
{"level":"\u001b[32minfo\u001b[39m","message":"{\"method\":\"GET\",\"url\":\"/userprofile\",\"status\":\"304\",\"responseTime\":\"60.467\"}","timestamp":"2024-12-12T03:49:46.490Z"}
{"level":"\u001b[32minfo\u001b[39m","message":"{\"method\":\"GET\",\"url\":\"/userprofile\",\"status\":\"304\",\"responseTime\":\"130.021\"}","timestamp":"2024-12-12T03:49:53.069Z"}
{"level":"\u001b[32minfo\u001b[39m","message":"{\"method\":\"GET\",\"url\":\"/userprofile\",\"status\":\"304\",\"responseTime\":\"86.296\"}","timestamp":"2024-12-12T03:49:53.182Z"}
{"level":"\u001b[32minfo\u001b[39m","message":"{\"method\":\"GET\",\"url\":\"/userprofile\",\"status\":\"304\",\"responseTime\":\"156.640\"}","timestamp":"2024-12-12T03:49:53.686Z"}
{"level":"\u001b[32minfo\u001b[39m","message":"{\"method\":\"GET\",\"url\":\"/userprofile\",\"status\":\"304\",\"responseTime\":\"170.856\"}","timestamp":"2024-12-12T03:49:53.873Z"}
{"level":"\u001b[32minfo\u001b[39m","message":"{\"method\":\"POST\",\"url\":\"/generate-presigned-url\",\"status\":\"200\",\"responseTime\":\"308.661\"}","timestamp":"2024-12-12T03:50:04.511Z"}
{"level":"\u001b[32minfo\u001b[39m","message":"{\"method\":\"POST\",\"url\":\"/uploadProfilePicture\",\"status\":\"200\",\"responseTime\":\"373.053\"}","timestamp":"2024-12-12T03:50:04.901Z"}
{"level":"\u001b[32minfo\u001b[39m","message":"{\"method\":\"POST\",\"url\":\"/uploadProfilePicture\",\"status\":\"200\",\"responseTime\":\"185.966\"}","timestamp":"2024-12-12T03:50:05.562Z"}
{"level":"\u001b[32minfo\u001b[39m","message":"{\"method\":\"POST\",\"url\":\"/uploadProfilePicture\",\"status\":\"200\",\"responseTime\":\"143.472\"}","timestamp":"2024-12-12T03:50:05.653Z"}
{"level":"\u001b[32minfo\u001b[39m","message":"{\"method\":\"GET\",\"url\":\"/getbanner\",\"status\":\"304\",\"responseTime\":\"125.047\"}","timestamp":"2024-12-12T03:50:07.881Z"}
{"level":"\u001b[32minfo\u001b[39m","message":"{\"method\":\"GET\",\"url\":\"/userprofile\",\"status\":\"304\",\"responseTime\":\"135.172\"}","timestamp":"2024-12-12T03:50:07.895Z"}
{"level":"\u001b[32minfo\u001b[39m","message":"{\"method\":\"GET\",\"url\":\"/userprofile\",\"status\":\"304\",\"responseTime\":\"85.443\"}","timestamp":"2024-12-12T03:50:11.114Z"}
{"level":"\u001b[32minfo\u001b[39m","message":"{\"method\":\"GET\",\"url\":\"/userprofile\",\"status\":\"304\",\"responseTime\":\"775.178\"}","timestamp":"2024-12-12T03:50:11.901Z"}
{"level":"\u001b[32minfo\u001b[39m","message":"{\"method\":\"GET\",\"url\":\"/userprofile\",\"status\":\"304\",\"responseTime\":\"183.943\"}","timestamp":"2024-12-12T03:50:21.101Z"}
{"level":"\u001b[32minfo\u001b[39m","message":"{\"method\":\"GET\",\"url\":\"/userprofile\",\"status\":\"304\",\"responseTime\":\"150.915\"}","timestamp":"2024-12-12T03:50:21.292Z"}
{"level":"\u001b[32minfo\u001b[39m","message":"{\"method\":\"GET\",\"url\":\"/userprofile\",\"status\":\"304\",\"responseTime\":\"87.620\"}","timestamp":"2024-12-12T03:50:22.070Z"}
{"level":"\u001b[32minfo\u001b[39m","message":"{\"method\":\"GET\",\"url\":\"/userprofile\",\"status\":\"304\",\"responseTime\":\"141.380\"}","timestamp":"2024-12-12T03:50:22.220Z"}
{"level":"\u001b[32minfo\u001b[39m","message":"{\"method\":\"GET\",\"url\":\"/userprofile\",\"status\":\"304\",\"responseTime\":\"861.194\"}","timestamp":"2024-12-12T03:50:40.037Z"}
{"level":"\u001b[32minfo\u001b[39m","message":"{\"method\":\"GET\",\"url\":\"/userprofile\",\"status\":\"304\",\"responseTime\":\"67.129\"}","timestamp":"2024-12-12T03:50:40.134Z"}
{"level":"\u001b[32minfo\u001b[39m","message":"{\"method\":\"GET\",\"url\":\"/userprofile\",\"status\":\"304\",\"responseTime\":\"63.846\"}","timestamp":"2024-12-12T03:50:41.457Z"}
{"level":"\u001b[32minfo\u001b[39m","message":"{\"method\":\"GET\",\"url\":\"/userprofile\",\"status\":\"304\",\"responseTime\":\"69.824\"}","timestamp":"2024-12-12T03:50:41.556Z"}
{"level":"\u001b[32minfo\u001b[39m","message":"{\"method\":\"GET\",\"url\":\"/userprofile\",\"status\":\"304\",\"responseTime\":\"60.709\"}","timestamp":"2024-12-12T03:50:43.440Z"}
{"level":"\u001b[32minfo\u001b[39m","message":"{\"method\":\"GET\",\"url\":\"/userprofile\",\"status\":\"304\",\"responseTime\":\"66.820\"}","timestamp":"2024-12-12T03:50:43.516Z"}
{"level":"\u001b[32minfo\u001b[39m","message":"{\"method\":\"GET\",\"url\":\"/userprofile\",\"status\":\"304\",\"responseTime\":\"79.806\"}","timestamp":"2024-12-12T03:50:45.604Z"}
{"level":"\u001b[32minfo\u001b[39m","message":"{\"method\":\"GET\",\"url\":\"/userprofile\",\"status\":\"304\",\"responseTime\":\"64.715\"}","timestamp":"2024-12-12T03:50:45.759Z"}
{"level":"\u001b[32minfo\u001b[39m","message":"{\"method\":\"GET\",\"url\":\"/userprofile\",\"status\":\"304\",\"responseTime\":\"74.040\"}","timestamp":"2024-12-12T03:50:47.197Z"}
{"level":"\u001b[32minfo\u001b[39m","message":"{\"method\":\"GET\",\"url\":\"/userprofile\",\"status\":\"304\",\"responseTime\":\"59.836\"}","timestamp":"2024-12-12T03:50:47.266Z"}
{"level":"\u001b[32minfo\u001b[39m","message":"{\"method\":\"GET\",\"url\":\"/userprofile\",\"status\":\"304\",\"responseTime\":\"73.045\"}","timestamp":"2024-12-12T03:50:47.811Z"}
{"level":"\u001b[32minfo\u001b[39m","message":"{\"method\":\"GET\",\"url\":\"/userprofile\",\"status\":\"304\",\"responseTime\":\"66.680\"}","timestamp":"2024-12-12T03:50:47.898Z"}
{"level":"\u001b[32minfo\u001b[39m","message":"{\"method\":\"GET\",\"url\":\"/userprofile\",\"status\":\"304\",\"responseTime\":\"71.630\"}","timestamp":"2024-12-12T03:50:48.197Z"}
{"level":"\u001b[32minfo\u001b[39m","message":"{\"method\":\"GET\",\"url\":\"/userprofile\",\"status\":\"304\",\"responseTime\":\"112.069\"}","timestamp":"2024-12-12T03:50:48.332Z"}
{"level":"\u001b[32minfo\u001b[39m","message":"{\"method\":\"POST\",\"url\":\"/generate-presigned-url\",\"status\":\"200\",\"responseTime\":\"181.047\"}","timestamp":"2024-12-12T03:51:13.044Z"}
{"level":"\u001b[32minfo\u001b[39m","message":"{\"method\":\"POST\",\"url\":\"/uploadProfilePicture\",\"status\":\"200\",\"responseTime\":\"230.011\"}","timestamp":"2024-12-12T03:51:13.305Z"}
{"level":"\u001b[32minfo\u001b[39m","message":"{\"method\":\"POST\",\"url\":\"/uploadProfilePicture\",\"status\":\"200\",\"responseTime\":\"229.317\"}","timestamp":"2024-12-12T03:51:14.171Z"}
{"level":"\u001b[32minfo\u001b[39m","message":"{\"method\":\"POST\",\"url\":\"/uploadProfilePicture\",\"status\":\"200\",\"responseTime\":\"170.091\"}","timestamp":"2024-12-12T03:51:14.353Z"}
{"level":"\u001b[32minfo\u001b[39m","message":"{\"method\":\"POST\",\"url\":\"/uploadProfilePicture\",\"status\":\"200\",\"responseTime\":\"176.592\"}","timestamp":"2024-12-12T03:51:14.580Z"}
{"level":"\u001b[32minfo\u001b[39m","message":"{\"method\":\"POST\",\"url\":\"/uploadProfilePicture\",\"status\":\"200\",\"responseTime\":\"183.057\"}","timestamp":"2024-12-12T03:51:14.909Z"}
{"level":"\u001b[32minfo\u001b[39m","message":"{\"method\":\"GET\",\"url\":\"/getbanner\",\"status\":\"304\",\"responseTime\":\"55.038\"}","timestamp":"2024-12-12T03:51:17.598Z"}
{"level":"\u001b[32minfo\u001b[39m","message":"{\"method\":\"GET\",\"url\":\"/userprofile\",\"status\":\"304\",\"responseTime\":\"386.984\"}","timestamp":"2024-12-12T03:51:17.934Z"}
{"level":"\u001b[32minfo\u001b[39m","message":"{\"method\":\"GET\",\"url\":\"/userprofile\",\"status\":\"304\",\"responseTime\":\"155.421\"}","timestamp":"2024-12-12T03:51:20.585Z"}
{"level":"\u001b[32minfo\u001b[39m","message":"{\"method\":\"GET\",\"url\":\"/userprofile\",\"status\":\"304\",\"responseTime\":\"66.051\"}","timestamp":"2024-12-12T03:51:20.814Z"}
{"level":"\u001b[32minfo\u001b[39m","message":"{\"method\":\"GET\",\"url\":\"/userprofile\",\"status\":\"304\",\"responseTime\":\"63.129\"}","timestamp":"2024-12-12T03:51:57.564Z"}
{"level":"\u001b[32minfo\u001b[39m","message":"{\"method\":\"GET\",\"url\":\"/userprofile\",\"status\":\"304\",\"responseTime\":\"81.421\"}","timestamp":"2024-12-12T03:51:57.656Z"}
{"level":"\u001b[32minfo\u001b[39m","message":"{\"method\":\"GET\",\"url\":\"/userprofile\",\"status\":\"304\",\"responseTime\":\"68.447\"}","timestamp":"2024-12-12T03:52:00.771Z"}
{"level":"\u001b[32minfo\u001b[39m","message":"{\"method\":\"GET\",\"url\":\"/userprofile\",\"status\":\"304\",\"responseTime\":\"59.465\"}","timestamp":"2024-12-12T03:52:00.842Z"}
{"level":"\u001b[32minfo\u001b[39m","message":"{\"method\":\"POST\",\"url\":\"/login\",\"status\":\"200\",\"responseTime\":\"228.118\"}","timestamp":"2024-12-12T03:52:43.567Z"}
{"level":"\u001b[32minfo\u001b[39m","message":"{\"method\":\"GET\",\"url\":\"/getbanner\",\"status\":\"304\",\"responseTime\":\"64.631\"}","timestamp":"2024-12-12T03:52:43.699Z"}
{"level":"\u001b[32minfo\u001b[39m","message":"{\"method\":\"GET\",\"url\":\"/userprofile\",\"status\":\"200\",\"responseTime\":\"159.463\"}","timestamp":"2024-12-12T03:52:43.799Z"}
{"level":"\u001b[32minfo\u001b[39m","message":"{\"method\":\"GET\",\"url\":\"/userprofile\",\"status\":\"304\",\"responseTime\":\"102.680\"}","timestamp":"2024-12-12T03:52:47.760Z"}
{"level":"\u001b[32minfo\u001b[39m","message":"{\"method\":\"GET\",\"url\":\"/userprofile\",\"status\":\"304\",\"responseTime\":\"70.831\"}","timestamp":"2024-12-12T03:52:47.864Z"}
{"level":"\u001b[32minfo\u001b[39m","message":"{\"method\":\"POST\",\"url\":\"/login\",\"status\":\"200\",\"responseTime\":\"208.417\"}","timestamp":"2024-12-12T03:53:01.297Z"}
{"level":"\u001b[32minfo\u001b[39m","message":"{\"method\":\"GET\",\"url\":\"/getbanner\",\"status\":\"304\",\"responseTime\":\"53.800\"}","timestamp":"2024-12-12T03:53:01.410Z"}
{"level":"\u001b[32minfo\u001b[39m","message":"{\"method\":\"GET\",\"url\":\"/userprofile\",\"status\":\"200\",\"responseTime\":\"148.985\"}","timestamp":"2024-12-12T03:53:01.508Z"}
{"level":"\u001b[32minfo\u001b[39m","message":"{\"method\":\"GET\",\"url\":\"/userprofile\",\"status\":\"304\",\"responseTime\":\"63.982\"}","timestamp":"2024-12-12T03:53:03.355Z"}
{"level":"\u001b[32minfo\u001b[39m","message":"{\"method\":\"GET\",\"url\":\"/userprofile\",\"status\":\"304\",\"responseTime\":\"71.193\"}","timestamp":"2024-12-12T03:53:03.467Z"}
{"level":"\u001b[32minfo\u001b[39m","message":"{\"method\":\"GET\",\"url\":\"/getbanner\",\"status\":\"304\",\"responseTime\":\"57.074\"}","timestamp":"2024-12-12T03:53:30.792Z"}
{"level":"\u001b[32minfo\u001b[39m","message":"{\"method\":\"GET\",\"url\":\"/userprofile\",\"status\":\"304\",\"responseTime\":\"66.875\"}","timestamp":"2024-12-12T03:53:30.807Z"}
{"level":"\u001b[32minfo\u001b[39m","message":"{\"method\":\"POST\",\"url\":\"/login\",\"status\":\"200\",\"responseTime\":\"206.339\"}","timestamp":"2024-12-12T03:54:44.311Z"}
{"level":"\u001b[32minfo\u001b[39m","message":"{\"method\":\"GET\",\"url\":\"/getbanner\",\"status\":\"304\",\"responseTime\":\"105.672\"}","timestamp":"2024-12-12T03:54:44.499Z"}
{"level":"\u001b[32minfo\u001b[39m","message":"{\"method\":\"GET\",\"url\":\"/userprofile\",\"status\":\"200\",\"responseTime\":\"219.992\"}","timestamp":"2024-12-12T03:54:44.616Z"}
{"level":"\u001b[32minfo\u001b[39m","message":"{\"method\":\"GET\",\"url\":\"/userprofile\",\"status\":\"304\",\"responseTime\":\"70.754\"}","timestamp":"2024-12-12T03:54:47.008Z"}
{"level":"\u001b[32minfo\u001b[39m","message":"{\"method\":\"GET\",\"url\":\"/userprofile\",\"status\":\"304\",\"responseTime\":\"73.200\"}","timestamp":"2024-12-12T03:54:47.114Z"}
{"level":"\u001b[32minfo\u001b[39m","message":"{\"method\":\"GET\",\"url\":\"/userprofile\",\"status\":\"304\",\"responseTime\":\"65.872\"}","timestamp":"2024-12-12T03:55:26.111Z"}
{"level":"\u001b[32minfo\u001b[39m","message":"{\"method\":\"GET\",\"url\":\"/userprofile\",\"status\":\"304\",\"responseTime\":\"69.134\"}","timestamp":"2024-12-12T03:55:26.236Z"}
{"level":"\u001b[32minfo\u001b[39m","message":"{\"method\":\"GET\",\"url\":\"/userprofile\",\"status\":\"304\",\"responseTime\":\"64.153\"}","timestamp":"2024-12-12T03:55:26.790Z"}
{"level":"\u001b[32minfo\u001b[39m","message":"{\"method\":\"GET\",\"url\":\"/userprofile\",\"status\":\"304\",\"responseTime\":\"67.546\"}","timestamp":"2024-12-12T03:55:26.981Z"}
{"level":"\u001b[32minfo\u001b[39m","message":"{\"method\":\"POST\",\"url\":\"/login\",\"status\":\"200\",\"responseTime\":\"2143.069\"}","timestamp":"2024-12-12T03:55:46.417Z"}
{"level":"\u001b[32minfo\u001b[39m","message":"{\"method\":\"GET\",\"url\":\"/getbanner\",\"status\":\"304\",\"responseTime\":\"190.675\"}","timestamp":"2024-12-12T03:55:46.683Z"}
{"level":"\u001b[32minfo\u001b[39m","message":"{\"method\":\"GET\",\"url\":\"/userprofile\",\"status\":\"304\",\"responseTime\":\"488.935\"}","timestamp":"2024-12-12T03:55:46.985Z"}
{"level":"\u001b[32minfo\u001b[39m","message":"{\"method\":\"GET\",\"url\":\"/userprofile\",\"status\":\"304\",\"responseTime\":\"94.858\"}","timestamp":"2024-12-12T03:55:48.924Z"}
{"level":"\u001b[32minfo\u001b[39m","message":"{\"method\":\"GET\",\"url\":\"/userprofile\",\"status\":\"304\",\"responseTime\":\"66.938\"}","timestamp":"2024-12-12T03:55:49.006Z"}
{"level":"\u001b[32minfo\u001b[39m","message":"{\"method\":\"POST\",\"url\":\"/generate-presigned-url\",\"status\":\"200\",\"responseTime\":\"67.003\"}","timestamp":"2024-12-12T03:56:00.788Z"}
{"level":"\u001b[32minfo\u001b[39m","message":"{\"method\":\"POST\",\"url\":\"/uploadProfilePicture\",\"status\":\"200\",\"responseTime\":\"174.227\"}","timestamp":"2024-12-12T03:56:00.990Z"}
{"level":"\u001b[32minfo\u001b[39m","message":"{\"method\":\"POST\",\"url\":\"/uploadProfilePicture\",\"status\":\"200\",\"responseTime\":\"172.920\"}","timestamp":"2024-12-12T03:56:01.770Z"}
{"level":"\u001b[32minfo\u001b[39m","message":"{\"method\":\"POST\",\"url\":\"/uploadProfilePicture\",\"status\":\"200\",\"responseTime\":\"161.397\"}","timestamp":"2024-12-12T03:56:02.305Z"}
{"level":"\u001b[32minfo\u001b[39m","message":"{\"method\":\"GET\",\"url\":\"/getbanner\",\"status\":\"304\",\"responseTime\":\"60.779\"}","timestamp":"2024-12-12T03:56:12.107Z"}
{"level":"\u001b[32minfo\u001b[39m","message":"{\"method\":\"GET\",\"url\":\"/userprofile\",\"status\":\"304\",\"responseTime\":\"94.863\"}","timestamp":"2024-12-12T03:56:12.144Z"}
{"level":"\u001b[32minfo\u001b[39m","message":"{\"method\":\"GET\",\"url\":\"/userprofile\",\"status\":\"304\",\"responseTime\":\"63.208\"}","timestamp":"2024-12-12T03:56:14.163Z"}
{"level":"\u001b[32minfo\u001b[39m","message":"{\"method\":\"GET\",\"url\":\"/userprofile\",\"status\":\"304\",\"responseTime\":\"63.191\"}","timestamp":"2024-12-12T03:56:14.236Z"}
{"level":"\u001b[32minfo\u001b[39m","message":"{\"method\":\"GET\",\"url\":\"/userprofile\",\"status\":\"304\",\"responseTime\":\"336.046\"}","timestamp":"2024-12-12T03:56:39.524Z"}
{"level":"\u001b[32minfo\u001b[39m","message":"{\"method\":\"GET\",\"url\":\"/userprofile\",\"status\":\"304\",\"responseTime\":\"152.905\"}","timestamp":"2024-12-12T03:56:39.692Z"}
{"level":"\u001b[32minfo\u001b[39m","message":"{\"method\":\"GET\",\"url\":\"/userprofile\",\"status\":\"304\",\"responseTime\":\"88.774\"}","timestamp":"2024-12-12T03:56:52.323Z"}
{"level":"\u001b[32minfo\u001b[39m","message":"{\"method\":\"GET\",\"url\":\"/userprofile\",\"status\":\"304\",\"responseTime\":\"68.126\"}","timestamp":"2024-12-12T03:56:52.460Z"}
{"level":"\u001b[32minfo\u001b[39m","message":"{\"method\":\"GET\",\"url\":\"/userprofile\",\"status\":\"304\",\"responseTime\":\"72.626\"}","timestamp":"2024-12-12T03:56:52.985Z"}
{"level":"\u001b[32minfo\u001b[39m","message":"{\"method\":\"GET\",\"url\":\"/userprofile\",\"status\":\"304\",\"responseTime\":\"60.504\"}","timestamp":"2024-12-12T03:56:53.054Z"}
{"level":"\u001b[32minfo\u001b[39m","message":"{\"method\":\"GET\",\"url\":\"/userprofile\",\"status\":\"304\",\"responseTime\":\"69.807\"}","timestamp":"2024-12-12T03:57:07.348Z"}
{"level":"\u001b[32minfo\u001b[39m","message":"{\"method\":\"GET\",\"url\":\"/userprofile\",\"status\":\"304\",\"responseTime\":\"68.486\"}","timestamp":"2024-12-12T03:57:17.011Z"}
{"level":"\u001b[32minfo\u001b[39m","message":"{\"method\":\"POST\",\"url\":\"/login\",\"status\":\"200\",\"responseTime\":\"160.599\"}","timestamp":"2024-12-12T03:57:33.113Z"}
{"level":"\u001b[32minfo\u001b[39m","message":"{\"method\":\"GET\",\"url\":\"/getbanner\",\"status\":\"304\",\"responseTime\":\"63.839\"}","timestamp":"2024-12-12T03:57:33.249Z"}
{"level":"\u001b[32minfo\u001b[39m","message":"{\"method\":\"GET\",\"url\":\"/userprofile\",\"status\":\"200\",\"responseTime\":\"140.328\"}","timestamp":"2024-12-12T03:57:33.328Z"}
{"level":"\u001b[32minfo\u001b[39m","message":"{\"method\":\"GET\",\"url\":\"/userprofile\",\"status\":\"304\",\"responseTime\":\"83.792\"}","timestamp":"2024-12-12T03:58:50.747Z"}
{"level":"\u001b[32minfo\u001b[39m","message":"{\"method\":\"GET\",\"url\":\"/userprofile\",\"status\":\"304\",\"responseTime\":\"64.924\"}","timestamp":"2024-12-12T04:01:55.649Z"}
{"level":"\u001b[32minfo\u001b[39m","message":"{\"method\":\"GET\",\"url\":\"/userprofile\",\"status\":\"304\",\"responseTime\":\"64.680\"}","timestamp":"2024-12-12T04:01:55.722Z"}
{"level":"\u001b[32minfo\u001b[39m","message":"{\"method\":\"GET\",\"url\":\"/userprofile\",\"status\":\"304\",\"responseTime\":\"66.309\"}","timestamp":"2024-12-12T04:01:56.691Z"}
{"level":"\u001b[32minfo\u001b[39m","message":"{\"method\":\"GET\",\"url\":\"/userprofile\",\"status\":\"304\",\"responseTime\":\"62.807\"}","timestamp":"2024-12-12T04:02:19.801Z"}
{"level":"\u001b[32minfo\u001b[39m","message":"{\"method\":\"GET\",\"url\":\"/userprofile\",\"status\":\"304\",\"responseTime\":\"536.068\"}","timestamp":"2024-12-12T04:02:20.992Z"}
{"level":"\u001b[32minfo\u001b[39m","message":"{\"method\":\"GET\",\"url\":\"/userprofile\",\"status\":\"304\",\"responseTime\":\"100.542\"}","timestamp":"2024-12-12T04:02:21.103Z"}
{"level":"\u001b[32minfo\u001b[39m","message":"{\"method\":\"POST\",\"url\":\"/login\",\"status\":\"200\",\"responseTime\":\"169.557\"}","timestamp":"2024-12-12T04:04:57.160Z"}
{"level":"\u001b[32minfo\u001b[39m","message":"{\"method\":\"GET\",\"url\":\"/getbanner\",\"status\":\"304\",\"responseTime\":\"70.718\"}","timestamp":"2024-12-12T04:04:57.296Z"}
{"level":"\u001b[32minfo\u001b[39m","message":"{\"method\":\"GET\",\"url\":\"/userprofile\",\"status\":\"200\",\"responseTime\":\"143.987\"}","timestamp":"2024-12-12T04:04:57.381Z"}
{"level":"\u001b[32minfo\u001b[39m","message":"{\"method\":\"GET\",\"url\":\"/userprofile\",\"status\":\"304\",\"responseTime\":\"103.949\"}","timestamp":"2024-12-12T04:04:59.227Z"}
{"level":"\u001b[32minfo\u001b[39m","message":"{\"method\":\"GET\",\"url\":\"/userprofile\",\"status\":\"304\",\"responseTime\":\"288.662\"}","timestamp":"2024-12-12T04:04:59.556Z"}
{"level":"\u001b[32minfo\u001b[39m","message":"{\"method\":\"GET\",\"url\":\"/userprofile\",\"status\":\"304\",\"responseTime\":\"303.042\"}","timestamp":"2024-12-12T04:06:13.665Z"}
{"level":"\u001b[32minfo\u001b[39m","message":"{\"method\":\"POST\",\"url\":\"/login\",\"status\":\"200\",\"responseTime\":\"282.699\"}","timestamp":"2024-12-12T04:06:29.028Z"}
{"level":"\u001b[32minfo\u001b[39m","message":"{\"method\":\"GET\",\"url\":\"/getbanner\",\"status\":\"304\",\"responseTime\":\"71.477\"}","timestamp":"2024-12-12T04:06:29.159Z"}
{"level":"\u001b[32minfo\u001b[39m","message":"{\"method\":\"GET\",\"url\":\"/userprofile\",\"status\":\"200\",\"responseTime\":\"149.622\"}","timestamp":"2024-12-12T04:06:29.242Z"}
{"level":"\u001b[32minfo\u001b[39m","message":"{\"method\":\"GET\",\"url\":\"/userprofile\",\"status\":\"304\",\"responseTime\":\"522.575\"}","timestamp":"2024-12-12T04:06:31.221Z"}
{"level":"\u001b[32minfo\u001b[39m","message":"{\"method\":\"GET\",\"url\":\"/userprofile\",\"status\":\"304\",\"responseTime\":\"374.374\"}","timestamp":"2024-12-12T04:06:31.624Z"}
{"level":"\u001b[32minfo\u001b[39m","message":"{\"method\":\"GET\",\"url\":\"/userprofile\",\"status\":\"304\",\"responseTime\":\"69.025\"}","timestamp":"2024-12-12T04:06:32.603Z"}
{"level":"\u001b[32minfo\u001b[39m","message":"{\"method\":\"GET\",\"url\":\"/getbanner\",\"status\":\"304\",\"responseTime\":\"94.347\"}","timestamp":"2024-12-12T04:06:35.602Z"}
{"level":"\u001b[32minfo\u001b[39m","message":"{\"method\":\"GET\",\"url\":\"/userprofile\",\"status\":\"304\",\"responseTime\":\"103.683\"}","timestamp":"2024-12-12T04:06:35.617Z"}
{"level":"\u001b[32minfo\u001b[39m","message":"{\"method\":\"GET\",\"url\":\"/userprofile\",\"status\":\"304\",\"responseTime\":\"246.634\"}","timestamp":"2024-12-12T04:16:41.384Z"}
{"level":"\u001b[32minfo\u001b[39m","message":"{\"method\":\"GET\",\"url\":\"/subscribersList\",\"status\":\"200\",\"responseTime\":\"429.453\"}","timestamp":"2024-12-12T04:16:41.577Z"}
{"level":"\u001b[32minfo\u001b[39m","message":"{\"method\":\"GET\",\"url\":\"/followingList\",\"status\":\"200\",\"responseTime\":\"879.677\"}","timestamp":"2024-12-12T04:16:42.040Z"}
{"level":"\u001b[32minfo\u001b[39m","message":"{\"method\":\"GET\",\"url\":\"/userprofile\",\"status\":\"304\",\"responseTime\":\"96.968\"}","timestamp":"2024-12-12T04:16:45.473Z"}
{"level":"\u001b[32minfo\u001b[39m","message":"{\"method\":\"GET\",\"url\":\"/userprofile\",\"status\":\"304\",\"responseTime\":\"110.673\"}","timestamp":"2024-12-12T04:16:46.365Z"}
{"level":"\u001b[32minfo\u001b[39m","message":"{\"method\":\"GET\",\"url\":\"/userprofile\",\"status\":\"304\",\"responseTime\":\"87.813\"}","timestamp":"2024-12-12T04:16:46.497Z"}
{"level":"\u001b[32minfo\u001b[39m","message":"{\"method\":\"GET\",\"url\":\"/userprofile\",\"status\":\"304\",\"responseTime\":\"70.141\"}","timestamp":"2024-12-12T04:16:51.082Z"}
{"level":"\u001b[32minfo\u001b[39m","message":"{\"method\":\"GET\",\"url\":\"/followingList\",\"status\":\"304\",\"responseTime\":\"135.618\"}","timestamp":"2024-12-12T04:16:51.180Z"}
{"level":"\u001b[32minfo\u001b[39m","message":"{\"method\":\"GET\",\"url\":\"/subscribersList\",\"status\":\"304\",\"responseTime\":\"185.157\"}","timestamp":"2024-12-12T04:16:51.212Z"}
{"level":"\u001b[32minfo\u001b[39m","message":"{\"method\":\"GET\",\"url\":\"/userprofile\",\"status\":\"304\",\"responseTime\":\"61.687\"}","timestamp":"2024-12-12T04:16:53.132Z"}
{"level":"\u001b[32minfo\u001b[39m","message":"{\"method\":\"GET\",\"url\":\"/userprofile\",\"status\":\"304\",\"responseTime\":\"72.615\"}","timestamp":"2024-12-12T04:16:55.447Z"}
{"level":"\u001b[32minfo\u001b[39m","message":"{\"method\":\"GET\",\"url\":\"/userprofile\",\"status\":\"304\",\"responseTime\":\"256.762\"}","timestamp":"2024-12-12T04:16:56.926Z"}
{"level":"\u001b[32minfo\u001b[39m","message":"{\"method\":\"GET\",\"url\":\"/userprofile\",\"status\":\"304\",\"responseTime\":\"180.140\"}","timestamp":"2024-12-12T04:16:58.562Z"}
{"level":"\u001b[32minfo\u001b[39m","message":"{\"method\":\"GET\",\"url\":\"/userprofile\",\"status\":\"304\",\"responseTime\":\"137.697\"}","timestamp":"2024-12-12T04:23:30.892Z"}
{"level":"\u001b[32minfo\u001b[39m","message":"{\"method\":\"GET\",\"url\":\"/userprofile\",\"status\":\"304\",\"responseTime\":\"65.971\"}","timestamp":"2024-12-12T04:23:30.911Z"}
{"level":"\u001b[32minfo\u001b[39m","message":"{\"method\":\"GET\",\"url\":\"/userprofile\",\"status\":\"304\",\"responseTime\":\"67.496\"}","timestamp":"2024-12-12T04:23:30.966Z"}
{"level":"\u001b[32minfo\u001b[39m","message":"{\"method\":\"GET\",\"url\":\"/getbanner\",\"status\":\"304\",\"responseTime\":\"85.021\"}","timestamp":"2024-12-12T04:25:15.705Z"}
{"level":"\u001b[32minfo\u001b[39m","message":"{\"method\":\"GET\",\"url\":\"/userprofile\",\"status\":\"304\",\"responseTime\":\"115.231\"}","timestamp":"2024-12-12T04:25:15.737Z"}
{"level":"\u001b[32minfo\u001b[39m","message":"{\"method\":\"GET\",\"url\":\"/userprofile\",\"status\":\"304\",\"responseTime\":\"125.073\"}","timestamp":"2024-12-12T04:25:17.404Z"}
{"level":"\u001b[32minfo\u001b[39m","message":"{\"method\":\"GET\",\"url\":\"/userprofile\",\"status\":\"304\",\"responseTime\":\"96.446\"}","timestamp":"2024-12-12T04:25:17.522Z"}
{"level":"\u001b[32minfo\u001b[39m","message":"{\"method\":\"GET\",\"url\":\"/userprofile\",\"status\":\"304\",\"responseTime\":\"70.388\"}","timestamp":"2024-12-12T04:25:19.785Z"}
{"level":"\u001b[32minfo\u001b[39m","message":"{\"method\":\"GET\",\"url\":\"/userprofile\",\"status\":\"304\",\"responseTime\":\"82.868\"}","timestamp":"2024-12-12T04:25:19.892Z"}
{"level":"\u001b[32minfo\u001b[39m","message":"{\"method\":\"GET\",\"url\":\"/userprofile\",\"status\":\"304\",\"responseTime\":\"62.542\"}","timestamp":"2024-12-12T04:25:36.471Z"}
{"level":"\u001b[32minfo\u001b[39m","message":"{\"method\":\"GET\",\"url\":\"/userprofile\",\"status\":\"304\",\"responseTime\":\"62.856\"}","timestamp":"2024-12-12T04:25:36.543Z"}
{"level":"\u001b[32minfo\u001b[39m","message":"{\"method\":\"GET\",\"url\":\"/getbanner\",\"status\":\"304\",\"responseTime\":\"137.905\"}","timestamp":"2024-12-12T04:25:43.801Z"}
{"level":"\u001b[32minfo\u001b[39m","message":"{\"method\":\"GET\",\"url\":\"/userprofile\",\"status\":\"304\",\"responseTime\":\"141.860\"}","timestamp":"2024-12-12T04:25:43.809Z"}
{"level":"\u001b[32minfo\u001b[39m","message":"{\"method\":\"GET\",\"url\":\"/userprofile\",\"status\":\"304\",\"responseTime\":\"70.334\"}","timestamp":"2024-12-12T04:25:45.096Z"}
{"level":"\u001b[32minfo\u001b[39m","message":"{\"method\":\"GET\",\"url\":\"/userprofile\",\"status\":\"304\",\"responseTime\":\"79.777\"}","timestamp":"2024-12-12T04:25:45.196Z"}
{"level":"\u001b[32minfo\u001b[39m","message":"{\"method\":\"GET\",\"url\":\"/userprofile\",\"status\":\"304\",\"responseTime\":\"94.314\"}","timestamp":"2024-12-12T04:26:02.711Z"}
{"level":"\u001b[32minfo\u001b[39m","message":"{\"method\":\"GET\",\"url\":\"/userprofile\",\"status\":\"304\",\"responseTime\":\"80.283\"}","timestamp":"2024-12-12T04:26:02.855Z"}
{"level":"\u001b[32minfo\u001b[39m","message":"{\"method\":\"GET\",\"url\":\"/userprofile\",\"status\":\"304\",\"responseTime\":\"81.520\"}","timestamp":"2024-12-12T04:26:04.132Z"}
{"level":"\u001b[32minfo\u001b[39m","message":"{\"method\":\"GET\",\"url\":\"/userprofile\",\"status\":\"304\",\"responseTime\":\"69.998\"}","timestamp":"2024-12-12T04:26:04.208Z"}
{"level":"\u001b[32minfo\u001b[39m","message":"{\"method\":\"GET\",\"url\":\"/userprofile\",\"status\":\"304\",\"responseTime\":\"66.388\"}","timestamp":"2024-12-12T04:26:08.525Z"}
{"level":"\u001b[32minfo\u001b[39m","message":"{\"method\":\"GET\",\"url\":\"/getbanner\",\"status\":\"304\",\"responseTime\":\"85.407\"}","timestamp":"2024-12-12T04:28:14.050Z"}
{"level":"\u001b[32minfo\u001b[39m","message":"{\"method\":\"GET\",\"url\":\"/userprofile\",\"status\":\"304\",\"responseTime\":\"91.935\"}","timestamp":"2024-12-12T04:28:14.061Z"}
{"level":"\u001b[32minfo\u001b[39m","message":"{\"method\":\"GET\",\"url\":\"/userprofile\",\"status\":\"304\",\"responseTime\":\"103.573\"}","timestamp":"2024-12-12T04:28:18.662Z"}
{"level":"\u001b[32minfo\u001b[39m","message":"{\"method\":\"GET\",\"url\":\"/userprofile\",\"status\":\"304\",\"responseTime\":\"69.624\"}","timestamp":"2024-12-12T04:28:18.815Z"}
{"level":"\u001b[32minfo\u001b[39m","message":"{\"method\":\"GET\",\"url\":\"/userprofile\",\"status\":\"304\",\"responseTime\":\"66.954\"}","timestamp":"2024-12-12T04:28:20.978Z"}
{"level":"\u001b[32minfo\u001b[39m","message":"{\"method\":\"GET\",\"url\":\"/userprofile\",\"status\":\"304\",\"responseTime\":\"58.261\"}","timestamp":"2024-12-12T04:28:21.045Z"}
{"level":"\u001b[32minfo\u001b[39m","message":"{\"method\":\"GET\",\"url\":\"/getbanner\",\"status\":\"304\",\"responseTime\":\"74.438\"}","timestamp":"2024-12-12T04:29:13.828Z"}
{"level":"\u001b[32minfo\u001b[39m","message":"{\"method\":\"GET\",\"url\":\"/userprofile\",\"status\":\"304\",\"responseTime\":\"103.387\"}","timestamp":"2024-12-12T04:29:13.874Z"}
{"level":"\u001b[32minfo\u001b[39m","message":"{\"method\":\"GET\",\"url\":\"/getbanner\",\"status\":\"304\",\"responseTime\":\"70.159\"}","timestamp":"2024-12-12T04:29:15.669Z"}
{"level":"\u001b[32minfo\u001b[39m","message":"{\"method\":\"GET\",\"url\":\"/userprofile\",\"status\":\"304\",\"responseTime\":\"68.335\"}","timestamp":"2024-12-12T04:29:15.677Z"}
{"level":"\u001b[32minfo\u001b[39m","message":"{\"method\":\"GET\",\"url\":\"/getbanner\",\"status\":\"304\",\"responseTime\":\"1104.787\"}","timestamp":"2024-12-12T04:29:43.839Z"}
{"level":"\u001b[32minfo\u001b[39m","message":"{\"method\":\"GET\",\"url\":\"/userprofile\",\"status\":\"304\",\"responseTime\":\"1192.455\"}","timestamp":"2024-12-12T04:29:43.992Z"}
{"level":"\u001b[32minfo\u001b[39m","message":"{\"method\":\"GET\",\"url\":\"/userprofile\",\"status\":\"304\",\"responseTime\":\"3072.366\"}","timestamp":"2024-12-12T04:29:47.821Z"}
{"level":"\u001b[32minfo\u001b[39m","message":"{\"method\":\"GET\",\"url\":\"/userprofile\",\"status\":\"304\",\"responseTime\":\"2174.808\"}","timestamp":"2024-12-12T04:29:50.012Z"}
{"level":"\u001b[32minfo\u001b[39m","message":"{\"method\":\"GET\",\"url\":\"/userprofile\",\"status\":\"304\",\"responseTime\":\"1616.367\"}","timestamp":"2024-12-12T04:29:51.878Z"}
{"level":"\u001b[32minfo\u001b[39m","message":"{\"method\":\"GET\",\"url\":\"/getbanner\",\"status\":\"304\",\"responseTime\":\"707.440\"}","timestamp":"2024-12-12T04:30:19.763Z"}
{"level":"\u001b[32minfo\u001b[39m","message":"{\"method\":\"GET\",\"url\":\"/userprofile\",\"status\":\"304\",\"responseTime\":\"722.590\"}","timestamp":"2024-12-12T04:30:19.771Z"}
{"level":"\u001b[32minfo\u001b[39m","message":"{\"method\":\"GET\",\"url\":\"/userprofile\",\"status\":\"304\",\"responseTime\":\"225.848\"}","timestamp":"2024-12-12T04:30:22.676Z"}
{"level":"\u001b[32minfo\u001b[39m","message":"{\"method\":\"GET\",\"url\":\"/userprofile\",\"status\":\"304\",\"responseTime\":\"72.022\"}","timestamp":"2024-12-12T04:30:22.793Z"}
{"level":"\u001b[32minfo\u001b[39m","message":"{\"method\":\"GET\",\"url\":\"/userprofile\",\"status\":\"304\",\"responseTime\":\"67.927\"}","timestamp":"2024-12-12T04:30:28.773Z"}
{"level":"\u001b[32minfo\u001b[39m","message":"{\"method\":\"GET\",\"url\":\"/getbanner\",\"status\":\"304\",\"responseTime\":\"798.626\"}","timestamp":"2024-12-12T04:30:43.505Z"}
{"level":"\u001b[32minfo\u001b[39m","message":"{\"method\":\"GET\",\"url\":\"/userprofile\",\"status\":\"304\",\"responseTime\":\"829.681\"}","timestamp":"2024-12-12T04:30:43.544Z"}
{"level":"\u001b[32minfo\u001b[39m","message":"{\"method\":\"GET\",\"url\":\"/userprofile\",\"status\":\"304\",\"responseTime\":\"156.340\"}","timestamp":"2024-12-12T04:34:29.024Z"}
{"level":"\u001b[32minfo\u001b[39m","message":"{\"method\":\"GET\",\"url\":\"/userprofile\",\"status\":\"304\",\"responseTime\":\"352.254\"}","timestamp":"2024-12-12T04:34:29.399Z"}
{"level":"\u001b[32minfo\u001b[39m","message":"{\"method\":\"GET\",\"url\":\"/userprofile\",\"status\":\"304\",\"responseTime\":\"495.891\"}","timestamp":"2024-12-12T04:39:40.254Z"}
{"level":"\u001b[32minfo\u001b[39m","message":"{\"method\":\"GET\",\"url\":\"/userprofile\",\"status\":\"304\",\"responseTime\":\"182.711\"}","timestamp":"2024-12-12T04:39:40.447Z"}
{"level":"\u001b[32minfo\u001b[39m","message":"{\"method\":\"GET\",\"url\":\"/userprofile\",\"status\":\"304\",\"responseTime\":\"67.888\"}","timestamp":"2024-12-12T04:39:40.847Z"}
{"level":"\u001b[32minfo\u001b[39m","message":"{\"method\":\"GET\",\"url\":\"/userprofile\",\"status\":\"304\",\"responseTime\":\"84.219\"}","timestamp":"2024-12-12T04:39:40.946Z"}
{"level":"\u001b[32minfo\u001b[39m","message":"{\"method\":\"GET\",\"url\":\"/userprofile\",\"status\":\"304\",\"responseTime\":\"60.802\"}","timestamp":"2024-12-12T04:39:45.813Z"}
{"level":"\u001b[32minfo\u001b[39m","message":"{\"method\":\"GET\",\"url\":\"/getbanner\",\"status\":\"304\",\"responseTime\":\"67.693\"}","timestamp":"2024-12-12T04:41:09.992Z"}
{"level":"\u001b[32minfo\u001b[39m","message":"{\"method\":\"GET\",\"url\":\"/userprofile\",\"status\":\"304\",\"responseTime\":\"70.787\"}","timestamp":"2024-12-12T04:41:09.999Z"}
{"level":"\u001b[32minfo\u001b[39m","message":"{\"method\":\"GET\",\"url\":\"/userprofile\",\"status\":\"304\",\"responseTime\":\"125.584\"}","timestamp":"2024-12-12T04:41:12.198Z"}
{"level":"\u001b[32minfo\u001b[39m","message":"{\"method\":\"GET\",\"url\":\"/userprofile\",\"status\":\"304\",\"responseTime\":\"117.925\"}","timestamp":"2024-12-12T04:41:12.348Z"}
{"level":"\u001b[32minfo\u001b[39m","message":"{\"method\":\"GET\",\"url\":\"/userprofile\",\"status\":\"304\",\"responseTime\":\"94.270\"}","timestamp":"2024-12-12T04:41:53.316Z"}
{"level":"\u001b[32minfo\u001b[39m","message":"{\"method\":\"GET\",\"url\":\"/followingList\",\"status\":\"304\",\"responseTime\":\"139.975\"}","timestamp":"2024-12-12T04:41:53.391Z"}
{"level":"\u001b[32minfo\u001b[39m","message":"{\"method\":\"GET\",\"url\":\"/subscribersList\",\"status\":\"304\",\"responseTime\":\"242.187\"}","timestamp":"2024-12-12T04:41:53.450Z"}
{"level":"\u001b[32minfo\u001b[39m","message":"{\"method\":\"GET\",\"url\":\"/getbanner\",\"status\":\"304\",\"responseTime\":\"235.771\"}","timestamp":"2024-12-12T04:41:58.448Z"}
{"level":"\u001b[32minfo\u001b[39m","message":"{\"method\":\"GET\",\"url\":\"/userprofile\",\"status\":\"304\",\"responseTime\":\"218.989\"}","timestamp":"2024-12-12T04:41:58.452Z"}
{"level":"\u001b[32minfo\u001b[39m","message":"{\"method\":\"GET\",\"url\":\"/userprofile\",\"status\":\"304\",\"responseTime\":\"84.352\"}","timestamp":"2024-12-12T04:42:00.530Z"}
{"level":"\u001b[32minfo\u001b[39m","message":"{\"method\":\"GET\",\"url\":\"/userprofile\",\"status\":\"304\",\"responseTime\":\"76.716\"}","timestamp":"2024-12-12T04:42:00.622Z"}
{"level":"\u001b[32minfo\u001b[39m","message":"{\"method\":\"GET\",\"url\":\"/getbanner\",\"status\":\"304\",\"responseTime\":\"257.049\"}","timestamp":"2024-12-12T05:03:40.965Z"}
{"level":"\u001b[32minfo\u001b[39m","message":"{\"method\":\"GET\",\"url\":\"/userprofile\",\"status\":\"304\",\"responseTime\":\"262.851\"}","timestamp":"2024-12-12T05:03:40.974Z"}
{"level":"\u001b[32minfo\u001b[39m","message":"{\"method\":\"GET\",\"url\":\"/userprofile\",\"status\":\"304\",\"responseTime\":\"88.391\"}","timestamp":"2024-12-12T05:03:44.915Z"}
{"level":"\u001b[32minfo\u001b[39m","message":"{\"method\":\"GET\",\"url\":\"/userprofile\",\"status\":\"304\",\"responseTime\":\"163.406\"}","timestamp":"2024-12-12T05:03:45.113Z"}
{"level":"\u001b[32minfo\u001b[39m","message":"{\"method\":\"GET\",\"url\":\"/getbanner\",\"status\":\"304\",\"responseTime\":\"1559.672\"}","timestamp":"2024-12-12T06:01:18.567Z"}
{"level":"\u001b[32minfo\u001b[39m","message":"{\"method\":\"GET\",\"url\":\"/userprofile\",\"status\":\"304\",\"responseTime\":\"3706.476\"}","timestamp":"2024-12-12T06:01:18.890Z"}
{"level":"\u001b[32minfo\u001b[39m","message":"{\"method\":\"GET\",\"url\":\"/userprofile\",\"status\":\"304\",\"responseTime\":\"228.651\"}","timestamp":"2024-12-12T06:01:19.130Z"}
{"level":"\u001b[32minfo\u001b[39m","message":"{\"method\":\"GET\",\"url\":\"/userprofile\",\"status\":\"304\",\"responseTime\":\"57.996\"}","timestamp":"2024-12-12T06:01:19.201Z"}
{"level":"\u001b[32minfo\u001b[39m","message":"{\"method\":\"GET\",\"url\":\"/getbanner\",\"status\":\"304\",\"responseTime\":\"63.973\"}","timestamp":"2024-12-12T06:01:19.369Z"}
{"level":"\u001b[32minfo\u001b[39m","message":"{\"method\":\"GET\",\"url\":\"/userprofile\",\"status\":\"304\",\"responseTime\":\"114.635\"}","timestamp":"2024-12-12T06:01:19.444Z"}
{"level":"\u001b[32minfo\u001b[39m","message":"{\"method\":\"GET\",\"url\":\"/userprofile\",\"status\":\"304\",\"responseTime\":\"79.393\"}","timestamp":"2024-12-12T06:01:26.101Z"}
{"level":"\u001b[32minfo\u001b[39m","message":"{\"method\":\"GET\",\"url\":\"/userprofile\",\"status\":\"304\",\"responseTime\":\"89.655\"}","timestamp":"2024-12-12T06:01:26.222Z"}
{"level":"\u001b[32minfo\u001b[39m","message":"{\"method\":\"GET\",\"url\":\"/getbanner\",\"status\":\"304\",\"responseTime\":\"95.013\"}","timestamp":"2024-12-12T13:52:05.452Z"}
{"level":"\u001b[32minfo\u001b[39m","message":"{\"method\":\"GET\",\"url\":\"/userprofile\",\"status\":\"304\",\"responseTime\":\"206.115\"}","timestamp":"2024-12-12T13:52:05.486Z"}
{"level":"\u001b[32minfo\u001b[39m","message":"{\"method\":\"POST\",\"url\":\"/login\",\"status\":\"200\",\"responseTime\":\"193.789\"}","timestamp":"2024-12-12T13:52:24.166Z"}
{"level":"\u001b[32minfo\u001b[39m","message":"{\"method\":\"GET\",\"url\":\"/getbanner\",\"status\":\"304\",\"responseTime\":\"72.729\"}","timestamp":"2024-12-12T13:52:24.428Z"}
{"level":"\u001b[32minfo\u001b[39m","message":"{\"method\":\"GET\",\"url\":\"/userprofile\",\"status\":\"200\",\"responseTime\":\"209.894\"}","timestamp":"2024-12-12T13:52:24.585Z"}
{"level":"\u001b[32minfo\u001b[39m","message":"{\"method\":\"GET\",\"url\":\"/userprofile\",\"status\":\"304\",\"responseTime\":\"270.387\"}","timestamp":"2024-12-12T13:52:35.439Z"}
{"level":"\u001b[32minfo\u001b[39m","message":"{\"method\":\"GET\",\"url\":\"/userprofile\",\"status\":\"304\",\"responseTime\":\"336.217\"}","timestamp":"2024-12-12T13:53:05.452Z"}
{"level":"\u001b[32minfo\u001b[39m","message":"{\"method\":\"GET\",\"url\":\"/userprofile\",\"status\":\"304\",\"responseTime\":\"192.943\"}","timestamp":"2024-12-12T13:53:26.580Z"}
{"level":"\u001b[32minfo\u001b[39m","message":"{\"method\":\"GET\",\"url\":\"/getbanner\",\"status\":\"304\",\"responseTime\":\"919.894\"}","timestamp":"2024-12-12T13:53:32.058Z"}
{"level":"\u001b[32minfo\u001b[39m","message":"{\"method\":\"GET\",\"url\":\"/userprofile\",\"status\":\"304\",\"responseTime\":\"1065.576\"}","timestamp":"2024-12-12T13:53:32.139Z"}
{"level":"\u001b[32minfo\u001b[39m","message":"{\"method\":\"GET\",\"url\":\"/userprofile\",\"status\":\"304\",\"responseTime\":\"141.346\"}","timestamp":"2024-12-12T13:53:35.153Z"}
{"level":"\u001b[32minfo\u001b[39m","message":"{\"method\":\"GET\",\"url\":\"/userprofile\",\"status\":\"304\",\"responseTime\":\"184.478\"}","timestamp":"2024-12-12T13:53:35.422Z"}
{"level":"\u001b[32minfo\u001b[39m","message":"{\"method\":\"GET\",\"url\":\"/userprofile\",\"status\":\"304\",\"responseTime\":\"173.402\"}","timestamp":"2024-12-12T13:53:41.778Z"}
{"level":"\u001b[32minfo\u001b[39m","message":"{\"method\":\"GET\",\"url\":\"/getbanner\",\"status\":\"304\",\"responseTime\":\"142.674\"}","timestamp":"2024-12-12T13:53:43.421Z"}
{"level":"\u001b[32minfo\u001b[39m","message":"{\"method\":\"GET\",\"url\":\"/userprofile\",\"status\":\"304\",\"responseTime\":\"248.131\"}","timestamp":"2024-12-12T13:53:43.466Z"}
{"level":"\u001b[32minfo\u001b[39m","message":"{\"method\":\"GET\",\"url\":\"/userprofile\",\"status\":\"304\",\"responseTime\":\"270.451\"}","timestamp":"2024-12-12T13:53:45.777Z"}
{"level":"\u001b[32minfo\u001b[39m","message":"{\"method\":\"GET\",\"url\":\"/getbanner\",\"status\":\"304\",\"responseTime\":\"83.142\"}","timestamp":"2024-12-12T13:53:53.260Z"}
{"level":"\u001b[32minfo\u001b[39m","message":"{\"method\":\"GET\",\"url\":\"/userprofile\",\"status\":\"304\",\"responseTime\":\"337.044\"}","timestamp":"2024-12-12T13:53:53.526Z"}
{"level":"\u001b[32minfo\u001b[39m","message":"{\"method\":\"GET\",\"url\":\"/userprofile\",\"status\":\"304\",\"responseTime\":\"198.456\"}","timestamp":"2024-12-12T13:53:55.560Z"}
{"level":"\u001b[32minfo\u001b[39m","message":"{\"method\":\"GET\",\"url\":\"/userprofile\",\"status\":\"304\",\"responseTime\":\"146.929\"}","timestamp":"2024-12-12T13:53:55.790Z"}
{"level":"\u001b[32minfo\u001b[39m","message":"{\"method\":\"GET\",\"url\":\"/userprofile\",\"status\":\"304\",\"responseTime\":\"243.928\"}","timestamp":"2024-12-12T13:53:59.836Z"}
{"level":"\u001b[32minfo\u001b[39m","message":"{\"method\":\"GET\",\"url\":\"/getbanner\",\"status\":\"304\",\"responseTime\":\"172.349\"}","timestamp":"2024-12-12T13:54:03.482Z"}
{"level":"\u001b[32minfo\u001b[39m","message":"{\"method\":\"GET\",\"url\":\"/userprofile\",\"status\":\"304\",\"responseTime\":\"307.277\"}","timestamp":"2024-12-12T13:54:03.500Z"}
{"level":"\u001b[32minfo\u001b[39m","message":"{\"method\":\"GET\",\"url\":\"/userprofile\",\"status\":\"304\",\"responseTime\":\"108.156\"}","timestamp":"2024-12-12T13:54:08.988Z"}
{"level":"\u001b[32minfo\u001b[39m","message":"{\"method\":\"GET\",\"url\":\"/userprofile\",\"status\":\"304\",\"responseTime\":\"193.916\"}","timestamp":"2024-12-12T13:54:10.919Z"}
{"level":"\u001b[32minfo\u001b[39m","message":"{\"method\":\"GET\",\"url\":\"/userprofile\",\"status\":\"304\",\"responseTime\":\"149.972\"}","timestamp":"2024-12-12T13:54:27.574Z"}
{"level":"\u001b[32minfo\u001b[39m","message":"{\"method\":\"GET\",\"url\":\"/userprofile\",\"status\":\"304\",\"responseTime\":\"114.033\"}","timestamp":"2024-12-12T13:54:27.811Z"}
{"level":"\u001b[32minfo\u001b[39m","message":"{\"method\":\"POST\",\"url\":\"/login\",\"status\":\"200\",\"responseTime\":\"171.776\"}","timestamp":"2024-12-12T13:54:57.091Z"}
{"level":"\u001b[32minfo\u001b[39m","message":"{\"method\":\"GET\",\"url\":\"/getbanner\",\"status\":\"200\",\"responseTime\":\"75.209\"}","timestamp":"2024-12-12T13:54:57.313Z"}
{"level":"\u001b[32minfo\u001b[39m","message":"{\"method\":\"GET\",\"url\":\"/userprofile\",\"status\":\"200\",\"responseTime\":\"306.576\"}","timestamp":"2024-12-12T13:54:57.541Z"}
{"level":"\u001b[32minfo\u001b[39m","message":"{\"method\":\"GET\",\"url\":\"/userprofile\",\"status\":\"304\",\"responseTime\":\"201.944\"}","timestamp":"2024-12-12T13:55:00.928Z"}
{"level":"\u001b[32minfo\u001b[39m","message":"{\"method\":\"GET\",\"url\":\"/userprofile\",\"status\":\"304\",\"responseTime\":\"134.290\"}","timestamp":"2024-12-12T13:55:02.890Z"}
{"level":"\u001b[32minfo\u001b[39m","message":"{\"method\":\"GET\",\"url\":\"/userprofile\",\"status\":\"304\",\"responseTime\":\"155.726\"}","timestamp":"2024-12-12T13:55:03.077Z"}
{"level":"\u001b[32minfo\u001b[39m","message":"{\"method\":\"GET\",\"url\":\"/getbanner\",\"status\":\"304\",\"responseTime\":\"112.991\"}","timestamp":"2024-12-12T13:55:39.685Z"}
{"level":"\u001b[32minfo\u001b[39m","message":"{\"method\":\"GET\",\"url\":\"/userprofile\",\"status\":\"304\",\"responseTime\":\"243.760\"}","timestamp":"2024-12-12T13:55:39.809Z"}
{"level":"\u001b[32minfo\u001b[39m","message":"{\"method\":\"GET\",\"url\":\"/getbanner\",\"status\":\"304\",\"responseTime\":\"74.293\"}","timestamp":"2024-12-12T13:55:42.335Z"}
{"level":"\u001b[32minfo\u001b[39m","message":"{\"method\":\"GET\",\"url\":\"/userprofile\",\"status\":\"304\",\"responseTime\":\"181.131\"}","timestamp":"2024-12-12T13:55:42.456Z"}
{"level":"\u001b[32minfo\u001b[39m","message":"{\"method\":\"GET\",\"url\":\"/userprofile\",\"status\":\"304\",\"responseTime\":\"158.514\"}","timestamp":"2024-12-12T13:55:56.385Z"}
{"level":"\u001b[32minfo\u001b[39m","message":"{\"method\":\"GET\",\"url\":\"/userprofile\",\"status\":\"304\",\"responseTime\":\"139.799\"}","timestamp":"2024-12-12T13:56:58.935Z"}
{"level":"\u001b[32minfo\u001b[39m","message":"{\"method\":\"GET\",\"url\":\"/userprofile\",\"status\":\"304\",\"responseTime\":\"125.331\"}","timestamp":"2024-12-12T13:57:05.112Z"}
{"level":"\u001b[32minfo\u001b[39m","message":"{\"method\":\"GET\",\"url\":\"/getbanner\",\"status\":\"304\",\"responseTime\":\"533.352\"}","timestamp":"2024-12-12T14:05:41.610Z"}
{"level":"\u001b[32minfo\u001b[39m","message":"{\"method\":\"GET\",\"url\":\"/userprofile\",\"status\":\"304\",\"responseTime\":\"731.770\"}","timestamp":"2024-12-12T14:05:41.788Z"}
{"level":"\u001b[32minfo\u001b[39m","message":"{\"method\":\"GET\",\"url\":\"/userprofile\",\"status\":\"304\",\"responseTime\":\"296.589\"}","timestamp":"2024-12-12T14:18:47.944Z"}
{"level":"\u001b[32minfo\u001b[39m","message":"{\"method\":\"GET\",\"url\":\"/userprofile\",\"status\":\"304\",\"responseTime\":\"203.467\"}","timestamp":"2024-12-12T14:20:42.893Z"}
{"level":"\u001b[32minfo\u001b[39m","message":"{\"method\":\"GET\",\"url\":\"/userprofile\",\"status\":\"304\",\"responseTime\":\"239.940\"}","timestamp":"2024-12-12T14:20:46.834Z"}
{"level":"\u001b[32minfo\u001b[39m","message":"{\"method\":\"GET\",\"url\":\"/userprofile\",\"status\":\"304\",\"responseTime\":\"203.927\"}","timestamp":"2024-12-12T14:30:33.237Z"}
{"level":"\u001b[32minfo\u001b[39m","message":"{\"method\":\"GET\",\"url\":\"/getbanner\",\"status\":\"304\",\"responseTime\":\"604.243\"}","timestamp":"2024-12-12T14:32:29.652Z"}
{"level":"\u001b[32minfo\u001b[39m","message":"{\"method\":\"GET\",\"url\":\"/userprofile\",\"status\":\"304\",\"responseTime\":\"154.440\"}","timestamp":"2024-12-12T14:32:29.738Z"}
{"level":"\u001b[32minfo\u001b[39m","message":"{\"method\":\"GET\",\"url\":\"/getbanner\",\"status\":\"200\",\"responseTime\":\"131.994\"}","timestamp":"2024-12-12T14:40:33.864Z"}
{"level":"\u001b[32minfo\u001b[39m","message":"{\"method\":\"GET\",\"url\":\"/userprofile\",\"status\":\"200\",\"responseTime\":\"483.022\"}","timestamp":"2024-12-12T14:40:33.902Z"}
{"level":"\u001b[32minfo\u001b[39m","message":"{\"method\":\"GET\",\"url\":\"/userprofile\",\"status\":\"304\",\"responseTime\":\"171.253\"}","timestamp":"2024-12-12T14:40:38.748Z"}
{"level":"\u001b[32minfo\u001b[39m","message":"{\"method\":\"GET\",\"url\":\"/userprofile\",\"status\":\"304\",\"responseTime\":\"174.187\"}","timestamp":"2024-12-12T14:40:39.004Z"}
{"level":"\u001b[32minfo\u001b[39m","message":"{\"method\":\"GET\",\"url\":\"/getbanner\",\"status\":\"304\",\"responseTime\":\"53.518\"}","timestamp":"2024-12-12T14:40:53.583Z"}
{"level":"\u001b[32minfo\u001b[39m","message":"{\"method\":\"GET\",\"url\":\"/userprofile\",\"status\":\"304\",\"responseTime\":\"239.327\"}","timestamp":"2024-12-12T14:40:53.780Z"}
{"level":"\u001b[32minfo\u001b[39m","message":"{\"method\":\"GET\",\"url\":\"/userprofile\",\"status\":\"304\",\"responseTime\":\"249.455\"}","timestamp":"2024-12-12T14:41:02.306Z"}
{"level":"\u001b[32minfo\u001b[39m","message":"{\"method\":\"GET\",\"url\":\"/users?name=h\",\"status\":\"200\",\"responseTime\":\"148.428\"}","timestamp":"2024-12-12T14:41:02.324Z"}
{"level":"\u001b[32minfo\u001b[39m","message":"{\"method\":\"GET\",\"url\":\"/getbanner\",\"status\":\"304\",\"responseTime\":\"58.252\"}","timestamp":"2024-12-12T14:41:10.735Z"}
{"level":"\u001b[32minfo\u001b[39m","message":"{\"method\":\"GET\",\"url\":\"/userprofile\",\"status\":\"304\",\"responseTime\":\"196.474\"}","timestamp":"2024-12-12T14:41:10.901Z"}
{"level":"\u001b[32minfo\u001b[39m","message":"{\"method\":\"POST\",\"url\":\"/adminlogin\",\"status\":\"200\",\"responseTime\":\"222.779\"}","timestamp":"2024-12-12T14:42:42.047Z"}
{"level":"\u001b[32minfo\u001b[39m","message":"{\"method\":\"GET\",\"url\":\"/countuser\",\"status\":\"304\",\"responseTime\":\"219.395\"}","timestamp":"2024-12-12T14:42:42.367Z"}
{"level":"\u001b[32minfo\u001b[39m","message":"{\"method\":\"GET\",\"url\":\"/getbanner\",\"status\":\"304\",\"responseTime\":\"78.230\"}","timestamp":"2024-12-12T14:42:48.087Z"}
{"level":"\u001b[32minfo\u001b[39m","message":"{\"method\":\"GET\",\"url\":\"/userlist?page=1&limit=5&search=\",\"status\":\"200\",\"responseTime\":\"131.749\"}","timestamp":"2024-12-12T14:42:52.031Z"}
{"level":"\u001b[32minfo\u001b[39m","message":"{\"method\":\"GET\",\"url\":\"/countuser\",\"status\":\"304\",\"responseTime\":\"179.945\"}","timestamp":"2024-12-12T14:42:59.596Z"}
{"level":"\u001b[32minfo\u001b[39m","message":"{\"method\":\"GET\",\"url\":\"/userlist?page=1&limit=5&search=\",\"status\":\"304\",\"responseTime\":\"168.152\"}","timestamp":"2024-12-12T14:43:13.327Z"}
{"level":"\u001b[32minfo\u001b[39m","message":"{\"method\":\"GET\",\"url\":\"/getbanner\",\"status\":\"304\",\"responseTime\":\"81.001\"}","timestamp":"2024-12-12T14:43:16.266Z"}
{"level":"\u001b[32minfo\u001b[39m","message":"{\"method\":\"GET\",\"url\":\"/countuser\",\"status\":\"304\",\"responseTime\":\"202.216\"}","timestamp":"2024-12-12T14:43:20.358Z"}
{"level":"\u001b[32minfo\u001b[39m","message":"{\"method\":\"GET\",\"url\":\"/countuser\",\"status\":\"304\",\"responseTime\":\"174.141\"}","timestamp":"2024-12-12T14:43:22.593Z"}
{"level":"\u001b[32minfo\u001b[39m","message":"{\"method\":\"GET\",\"url\":\"/countuser\",\"status\":\"304\",\"responseTime\":\"169.593\"}","timestamp":"2024-12-12T14:43:24.930Z"}
{"level":"\u001b[32minfo\u001b[39m","message":"{\"method\":\"GET\",\"url\":\"/userlist?page=1&limit=5&search=\",\"status\":\"304\",\"responseTime\":\"134.913\"}","timestamp":"2024-12-12T14:43:27.560Z"}
{"level":"\u001b[32minfo\u001b[39m","message":"{\"method\":\"GET\",\"url\":\"/countuser\",\"status\":\"304\",\"responseTime\":\"153.008\"}","timestamp":"2024-12-12T14:43:32.659Z"}
{"level":"\u001b[32minfo\u001b[39m","message":"{\"method\":\"GET\",\"url\":\"/countuser\",\"status\":\"304\",\"responseTime\":\"174.989\"}","timestamp":"2024-12-12T14:43:39.838Z"}
{"level":"\u001b[32minfo\u001b[39m","message":"{\"method\":\"GET\",\"url\":\"/userlist?page=1&limit=5&search=\",\"status\":\"304\",\"responseTime\":\"128.009\"}","timestamp":"2024-12-12T14:43:41.135Z"}
{"level":"\u001b[32minfo\u001b[39m","message":"{\"method\":\"GET\",\"url\":\"/countuser\",\"status\":\"304\",\"responseTime\":\"220.443\"}","timestamp":"2024-12-12T14:43:42.135Z"}
{"level":"\u001b[32minfo\u001b[39m","message":"{\"method\":\"GET\",\"url\":\"/countuser\",\"status\":\"304\",\"responseTime\":\"188.126\"}","timestamp":"2024-12-12T14:43:44.387Z"}
{"level":"\u001b[32minfo\u001b[39m","message":"{\"method\":\"GET\",\"url\":\"/getbanner\",\"status\":\"304\",\"responseTime\":\"52.087\"}","timestamp":"2024-12-12T14:43:46.876Z"}
{"level":"\u001b[32minfo\u001b[39m","message":"{\"method\":\"GET\",\"url\":\"/countuser\",\"status\":\"304\",\"responseTime\":\"400.812\"}","timestamp":"2024-12-12T14:43:50.469Z"}
{"level":"\u001b[32minfo\u001b[39m","message":"{\"method\":\"GET\",\"url\":\"/countuser\",\"status\":\"304\",\"responseTime\":\"173.250\"}","timestamp":"2024-12-12T14:44:31.574Z"}
{"level":"\u001b[32minfo\u001b[39m","message":"{\"method\":\"GET\",\"url\":\"/countuser\",\"status\":\"304\",\"responseTime\":\"187.282\"}","timestamp":"2024-12-12T14:44:32.845Z"}
{"level":"\u001b[32minfo\u001b[39m","message":"{\"method\":\"GET\",\"url\":\"/countuser\",\"status\":\"304\",\"responseTime\":\"168.195\"}","timestamp":"2024-12-12T14:44:38.684Z"}
{"level":"\u001b[32minfo\u001b[39m","message":"{\"method\":\"GET\",\"url\":\"/countuser\",\"status\":\"304\",\"responseTime\":\"182.619\"}","timestamp":"2024-12-12T14:44:48.022Z"}
{"level":"\u001b[32minfo\u001b[39m","message":"{\"method\":\"POST\",\"url\":\"/adminlogin\",\"status\":\"200\",\"responseTime\":\"179.812\"}","timestamp":"2024-12-12T14:45:01.117Z"}
{"level":"\u001b[32minfo\u001b[39m","message":"{\"method\":\"GET\",\"url\":\"/countuser\",\"status\":\"304\",\"responseTime\":\"238.407\"}","timestamp":"2024-12-12T14:45:01.435Z"}
{"level":"\u001b[32minfo\u001b[39m","message":"{\"method\":\"GET\",\"url\":\"/countuser\",\"status\":\"304\",\"responseTime\":\"156.476\"}","timestamp":"2024-12-12T14:45:13.220Z"}
{"level":"\u001b[32minfo\u001b[39m","message":"{\"method\":\"GET\",\"url\":\"/userlist?page=1&limit=5&search=\",\"status\":\"304\",\"responseTime\":\"159.633\"}","timestamp":"2024-12-12T14:45:16.751Z"}
{"level":"\u001b[32minfo\u001b[39m","message":"{\"method\":\"GET\",\"url\":\"/countuser\",\"status\":\"304\",\"responseTime\":\"169.742\"}","timestamp":"2024-12-12T14:45:18.079Z"}
{"level":"\u001b[32minfo\u001b[39m","message":"{\"method\":\"POST\",\"url\":\"/login\",\"status\":\"200\",\"responseTime\":\"177.783\"}","timestamp":"2024-12-12T14:49:19.658Z"}
{"level":"\u001b[32minfo\u001b[39m","message":"{\"method\":\"GET\",\"url\":\"/getbanner\",\"status\":\"304\",\"responseTime\":\"84.511\"}","timestamp":"2024-12-12T14:49:19.862Z"}
{"level":"\u001b[32minfo\u001b[39m","message":"{\"method\":\"GET\",\"url\":\"/userprofile\",\"status\":\"200\",\"responseTime\":\"182.360\"}","timestamp":"2024-12-12T14:49:19.936Z"}
{"level":"\u001b[32minfo\u001b[39m","message":"{\"method\":\"GET\",\"url\":\"/getbanner\",\"status\":\"304\",\"responseTime\":\"65.643\"}","timestamp":"2024-12-12T14:49:27.487Z"}
{"level":"\u001b[32minfo\u001b[39m","message":"{\"method\":\"GET\",\"url\":\"/userprofile\",\"status\":\"304\",\"responseTime\":\"182.637\"}","timestamp":"2024-12-12T14:49:27.614Z"}
{"level":"\u001b[32minfo\u001b[39m","message":"{\"method\":\"GET\",\"url\":\"/userprofile\",\"status\":\"304\",\"responseTime\":\"216.218\"}","timestamp":"2024-12-12T14:49:32.403Z"}
{"level":"\u001b[32minfo\u001b[39m","message":"{\"method\":\"GET\",\"url\":\"/userprofile\",\"status\":\"304\",\"responseTime\":\"230.229\"}","timestamp":"2024-12-12T14:50:42.488Z"}
{"level":"\u001b[32minfo\u001b[39m","message":"{\"method\":\"GET\",\"url\":\"/userprofile\",\"status\":\"304\",\"responseTime\":\"128.638\"}","timestamp":"2024-12-12T14:50:42.718Z"}
{"level":"\u001b[32minfo\u001b[39m","message":"{\"method\":\"GET\",\"url\":\"/userprofile\",\"status\":\"304\",\"responseTime\":\"112.672\"}","timestamp":"2024-12-12T14:51:00.238Z"}
{"level":"\u001b[32minfo\u001b[39m","message":"{\"method\":\"GET\",\"url\":\"/userprofile\",\"status\":\"304\",\"responseTime\":\"112.711\"}","timestamp":"2024-12-12T14:51:00.381Z"}
{"level":"\u001b[32minfo\u001b[39m","message":"{\"method\":\"GET\",\"url\":\"/userprofile\",\"status\":\"304\",\"responseTime\":\"139.315\"}","timestamp":"2024-12-12T14:51:41.559Z"}
{"level":"\u001b[32minfo\u001b[39m","message":"{\"method\":\"GET\",\"url\":\"/getbanner\",\"status\":\"304\",\"responseTime\":\"225.039\"}","timestamp":"2024-12-12T15:12:37.837Z"}
{"level":"\u001b[32minfo\u001b[39m","message":"{\"method\":\"GET\",\"url\":\"/userprofile\",\"status\":\"304\",\"responseTime\":\"517.197\"}","timestamp":"2024-12-12T15:12:37.989Z"}
{"level":"\u001b[32minfo\u001b[39m","message":"{\"method\":\"GET\",\"url\":\"/getbanner\",\"status\":\"304\",\"responseTime\":\"200.177\"}","timestamp":"2024-12-12T15:12:40.079Z"}
{"level":"\u001b[32minfo\u001b[39m","message":"{\"method\":\"GET\",\"url\":\"/userprofile\",\"status\":\"304\",\"responseTime\":\"218.001\"}","timestamp":"2024-12-12T15:12:40.144Z"}
{"level":"\u001b[32minfo\u001b[39m","message":"{\"method\":\"GET\",\"url\":\"/getbanner\",\"status\":\"304\",\"responseTime\":\"264.299\"}","timestamp":"2024-12-12T15:12:41.424Z"}
{"level":"\u001b[32minfo\u001b[39m","message":"{\"method\":\"GET\",\"url\":\"/userprofile\",\"status\":\"304\",\"responseTime\":\"350.001\"}","timestamp":"2024-12-12T15:12:41.924Z"}
{"level":"\u001b[32minfo\u001b[39m","message":"{\"method\":\"GET\",\"url\":\"/getbanner\",\"status\":\"304\",\"responseTime\":\"146.712\"}","timestamp":"2024-12-12T15:13:24.603Z"}
{"level":"\u001b[32minfo\u001b[39m","message":"{\"method\":\"GET\",\"url\":\"/userprofile\",\"status\":\"304\",\"responseTime\":\"239.799\"}","timestamp":"2024-12-12T15:13:24.743Z"}
{"level":"\u001b[32minfo\u001b[39m","message":"{\"method\":\"GET\",\"url\":\"/getbanner\",\"status\":\"304\",\"responseTime\":\"111.562\"}","timestamp":"2024-12-12T15:13:26.501Z"}
{"level":"\u001b[32minfo\u001b[39m","message":"{\"method\":\"GET\",\"url\":\"/userprofile\",\"status\":\"304\",\"responseTime\":\"257.567\"}","timestamp":"2024-12-12T15:13:27.132Z"}
{"level":"\u001b[32minfo\u001b[39m","message":"{\"method\":\"GET\",\"url\":\"/getbanner\",\"status\":\"304\",\"responseTime\":\"112.555\"}","timestamp":"2024-12-12T15:16:50.302Z"}
{"level":"\u001b[32minfo\u001b[39m","message":"{\"method\":\"GET\",\"url\":\"/userprofile\",\"status\":\"304\",\"responseTime\":\"507.524\"}","timestamp":"2024-12-12T15:16:50.419Z"}
{"level":"\u001b[32minfo\u001b[39m","message":"{\"method\":\"GET\",\"url\":\"/userprofile\",\"status\":\"304\",\"responseTime\":\"175.935\"}","timestamp":"2024-12-12T15:17:02.762Z"}
{"level":"\u001b[32minfo\u001b[39m","message":"{\"method\":\"GET\",\"url\":\"/userprofile\",\"status\":\"304\",\"responseTime\":\"360.586\"}","timestamp":"2024-12-12T15:40:41.364Z"}
{"level":"\u001b[32minfo\u001b[39m","message":"{\"method\":\"GET\",\"url\":\"/userprofile\",\"status\":\"304\",\"responseTime\":\"324.037\"}","timestamp":"2024-12-12T15:40:47.478Z"}
{"level":"\u001b[32minfo\u001b[39m","message":"{\"method\":\"GET\",\"url\":\"/getbanner\",\"status\":\"304\",\"responseTime\":\"122.893\"}","timestamp":"2024-12-12T15:40:47.688Z"}
{"level":"\u001b[32minfo\u001b[39m","message":"{\"method\":\"GET\",\"url\":\"/userprofile\",\"status\":\"304\",\"responseTime\":\"174.445\"}","timestamp":"2024-12-12T15:40:56.337Z"}
