{"level":"\u001b[32minfo\u001b[39m","message":"{\"method\":\"GET\",\"url\":\"/userlist\",\"status\":\"304\",\"responseTime\":\"211.160\"}","timestamp":"2024-10-19T03:19:30.409Z"}
{"level":"\u001b[32minfo\u001b[39m","message":"{\"method\":\"PUT\",\"url\":\"/userds/670522f7c164b4f6859290e4/status\",\"status\":\"404\",\"responseTime\":\"7.793\"}","timestamp":"2024-10-19T03:21:46.603Z"}
{"level":"\u001b[32minfo\u001b[39m","message":"{\"method\":\"POST\",\"url\":\"/adminlogin\",\"status\":\"200\",\"responseTime\":\"177.740\"}","timestamp":"2024-10-19T03:39:56.571Z"}
{"level":"\u001b[32minfo\u001b[39m","message":"{\"method\":\"GET\",\"url\":\"/userlist\",\"status\":\"200\",\"responseTime\":\"72.813\"}","timestamp":"2024-10-19T03:39:56.748Z"}
{"level":"\u001b[32minfo\u001b[39m","message":"{\"method\":\"GET\",\"url\":\"/userlist\",\"status\":\"304\",\"responseTime\":\"135.844\"}","timestamp":"2024-10-19T03:40:00.144Z"}
{"level":"\u001b[32minfo\u001b[39m","message":"{\"method\":\"GET\",\"url\":\"/userlist\",\"status\":\"200\",\"responseTime\":\"134.939\"}","timestamp":"2024-10-19T03:40:50.643Z"}
{"level":"\u001b[32minfo\u001b[39m","message":"{\"method\":\"GET\",\"url\":\"/userlist\",\"status\":\"200\",\"responseTime\":\"95.076\"}","timestamp":"2024-10-19T03:49:44.566Z"}
{"level":"\u001b[32minfo\u001b[39m","message":"{\"method\":\"GET\",\"url\":\"/userlist\",\"status\":\"200\",\"responseTime\":\"768.399\"}","timestamp":"2024-10-19T03:57:42.645Z"}
{"level":"\u001b[32minfo\u001b[39m","message":"{\"method\":\"GET\",\"url\":\"/userlist\",\"status\":\"304\",\"responseTime\":\"143.517\"}","timestamp":"2024-10-19T04:11:08.775Z"}
{"level":"\u001b[32minfo\u001b[39m","message":"{\"method\":\"PUT\",\"url\":\"/userds/6711eec98c7d85df824a95ad/status\",\"status\":\"200\",\"responseTime\":\"103.849\"}","timestamp":"2024-10-19T04:11:10.909Z"}
{"level":"\u001b[32minfo\u001b[39m","message":"{\"method\":\"GET\",\"url\":\"/userlist\",\"status\":\"200\",\"responseTime\":\"212.559\"}","timestamp":"2024-10-19T04:11:33.549Z"}
{"level":"\u001b[32minfo\u001b[39m","message":"{\"method\":\"PUT\",\"url\":\"/userds/6711eec98c7d85df824a95ad/status\",\"status\":\"200\",\"responseTime\":\"83.182\"}","timestamp":"2024-10-19T04:24:35.599Z"}
{"level":"\u001b[32minfo\u001b[39m","message":"{\"method\":\"PUT\",\"url\":\"/userds/670522f7c164b4f6859290e4/status\",\"status\":\"200\",\"responseTime\":\"56.988\"}","timestamp":"2024-10-19T04:45:45.312Z"}
{"level":"\u001b[32minfo\u001b[39m","message":"{\"method\":\"PUT\",\"url\":\"/userds/670522f7c164b4f6859290e4/status\",\"status\":\"200\",\"responseTime\":\"61.183\"}","timestamp":"2024-10-19T04:45:52.000Z"}
{"level":"\u001b[32minfo\u001b[39m","message":"{\"method\":\"GET\",\"url\":\"/userlist\",\"status\":\"200\",\"responseTime\":\"222.501\"}","timestamp":"2024-10-19T04:46:07.042Z"}
{"level":"\u001b[32minfo\u001b[39m","message":"{\"method\":\"GET\",\"url\":\"/userlist\",\"status\":\"304\",\"responseTime\":\"274.682\"}","timestamp":"2024-10-19T04:46:07.559Z"}
{"level":"\u001b[32minfo\u001b[39m","message":"{\"method\":\"GET\",\"url\":\"/userlist\",\"status\":\"304\",\"responseTime\":\"217.827\"}","timestamp":"2024-10-19T04:46:08.350Z"}
{"level":"\u001b[32minfo\u001b[39m","message":"{\"method\":\"GET\",\"url\":\"/userlist\",\"status\":\"304\",\"responseTime\":\"181.020\"}","timestamp":"2024-10-19T04:46:08.984Z"}
{"level":"\u001b[32minfo\u001b[39m","message":"{\"method\":\"POST\",\"url\":\"/login\",\"status\":\"200\",\"responseTime\":\"213.779\"}","timestamp":"2024-10-19T04:47:43.644Z"}
{"level":"\u001b[32minfo\u001b[39m","message":"{\"method\":\"GET\",\"url\":\"/userprofile\",\"status\":\"200\",\"responseTime\":\"104.379\"}","timestamp":"2024-10-19T04:47:43.828Z"}
{"level":"\u001b[32minfo\u001b[39m","message":"{\"method\":\"GET\",\"url\":\"/userprofile\",\"status\":\"304\",\"responseTime\":\"363.572\"}","timestamp":"2024-10-19T04:48:18.613Z"}
{"level":"\u001b[32minfo\u001b[39m","message":"{\"method\":\"GET\",\"url\":\"/users?name=xvcvx\",\"status\":\"404\",\"responseTime\":\"9.169\"}","timestamp":"2024-10-19T04:49:20.128Z"}
{"level":"\u001b[32minfo\u001b[39m","message":"{\"method\":\"GET\",\"url\":\"/users?name=if\",\"status\":\"404\",\"responseTime\":\"0.676\"}","timestamp":"2024-10-19T04:49:30.254Z"}
{"level":"\u001b[32minfo\u001b[39m","message":"{\"method\":\"GET\",\"url\":\"/users?name=xvcvx\",\"status\":\"404\",\"responseTime\":\"2.095\"}","timestamp":"2024-10-19T04:49:34.255Z"}
{"level":"\u001b[32minfo\u001b[39m","message":"{\"method\":\"GET\",\"url\":\"/users?name=ttrer\",\"status\":\"404\",\"responseTime\":\"1.698\"}","timestamp":"2024-10-19T04:50:02.787Z"}
{"level":"\u001b[32minfo\u001b[39m","message":"{\"method\":\"GET\",\"url\":\"/users?name=ttrer\",\"status\":\"404\",\"responseTime\":\"1.232\"}","timestamp":"2024-10-19T04:52:15.282Z"}
{"level":"\u001b[32minfo\u001b[39m","message":"{\"method\":\"GET\",\"url\":\"/users?name=pious\",\"status\":\"404\",\"responseTime\":\"0.692\"}","timestamp":"2024-10-19T04:54:01.780Z"}
{"level":"\u001b[32minfo\u001b[39m","message":"{\"method\":\"GET\",\"url\":\"/users?name=ttrer\",\"status\":\"404\",\"responseTime\":\"0.738\"}","timestamp":"2024-10-19T04:54:05.367Z"}
{"level":"\u001b[32minfo\u001b[39m","message":"{\"method\":\"GET\",\"url\":\"/userprofile\",\"status\":\"304\",\"responseTime\":\"130.985\"}","timestamp":"2024-10-19T04:54:19.548Z"}
{"level":"\u001b[32minfo\u001b[39m","message":"{\"method\":\"GET\",\"url\":\"/userprofile\",\"status\":\"304\",\"responseTime\":\"115.711\"}","timestamp":"2024-10-19T04:54:23.396Z"}
{"level":"\u001b[32minfo\u001b[39m","message":"{\"method\":\"GET\",\"url\":\"/users?name=N%20s\",\"status\":\"404\",\"responseTime\":\"5.623\"}","timestamp":"2024-10-19T04:54:27.578Z"}
{"level":"\u001b[32minfo\u001b[39m","message":"{\"method\":\"GET\",\"url\":\"/users?name=abhis\",\"status\":\"404\",\"responseTime\":\"3.153\"}","timestamp":"2024-10-19T04:54:33.428Z"}
{"level":"\u001b[32minfo\u001b[39m","message":"{\"method\":\"GET\",\"url\":\"/userprofile\",\"status\":\"200\",\"responseTime\":\"411.159\"}","timestamp":"2024-10-19T04:57:55.366Z"}
{"level":"\u001b[32minfo\u001b[39m","message":"{\"method\":\"GET\",\"url\":\"/users?name=abhis\",\"status\":\"200\",\"responseTime\":\"403.757\"}","timestamp":"2024-10-19T04:57:55.455Z"}
{"level":"\u001b[32minfo\u001b[39m","message":"{\"method\":\"POST\",\"url\":\"/subscribe\",\"status\":\"404\",\"responseTime\":\"5.071\"}","timestamp":"2024-10-19T04:57:58.845Z"}
{"level":"\u001b[32minfo\u001b[39m","message":"{\"method\":\"GET\",\"url\":\"/users?name=N%20s\",\"status\":\"200\",\"responseTime\":\"98.121\"}","timestamp":"2024-10-19T04:58:01.919Z"}
{"level":"\u001b[32minfo\u001b[39m","message":"{\"method\":\"GET\",\"url\":\"/userprofile\",\"status\":\"304\",\"responseTime\":\"165.515\"}","timestamp":"2024-10-19T04:58:28.738Z"}
{"level":"\u001b[32minfo\u001b[39m","message":"{\"method\":\"GET\",\"url\":\"/users?name=abhi\",\"status\":\"200\",\"responseTime\":\"110.447\"}","timestamp":"2024-10-19T04:58:37.172Z"}
{"level":"\u001b[32minfo\u001b[39m","message":"{\"method\":\"GET\",\"url\":\"/users?name=cvcx\",\"status\":\"401\",\"responseTime\":\"21.452\"}","timestamp":"2024-10-19T05:54:56.605Z"}
{"level":"\u001b[32minfo\u001b[39m","message":"{\"method\":\"POST\",\"url\":\"/login\",\"status\":\"200\",\"responseTime\":\"173.981\"}","timestamp":"2024-10-19T05:55:44.558Z"}
{"level":"\u001b[32minfo\u001b[39m","message":"{\"method\":\"GET\",\"url\":\"/userprofile\",\"status\":\"304\",\"responseTime\":\"148.591\"}","timestamp":"2024-10-19T05:55:44.812Z"}
{"level":"\u001b[32minfo\u001b[39m","message":"{\"method\":\"GET\",\"url\":\"/userprofile\",\"status\":\"304\",\"responseTime\":\"169.130\"}","timestamp":"2024-10-19T05:55:49.693Z"}
{"level":"\u001b[32minfo\u001b[39m","message":"{\"method\":\"GET\",\"url\":\"/userprofile\",\"status\":\"304\",\"responseTime\":\"191.325\"}","timestamp":"2024-10-19T05:55:52.265Z"}
{"level":"\u001b[32minfo\u001b[39m","message":"{\"method\":\"GET\",\"url\":\"/userprofile\",\"status\":\"304\",\"responseTime\":\"135.421\"}","timestamp":"2024-10-19T05:55:53.941Z"}
{"level":"\u001b[32minfo\u001b[39m","message":"{\"method\":\"POST\",\"url\":\"/update\",\"status\":\"200\",\"responseTime\":\"2137.693\"}","timestamp":"2024-10-19T05:55:59.755Z"}
{"level":"\u001b[32minfo\u001b[39m","message":"{\"method\":\"GET\",\"url\":\"/userprofile\",\"status\":\"200\",\"responseTime\":\"1502.887\"}","timestamp":"2024-10-19T05:56:16.021Z"}
{"level":"\u001b[32minfo\u001b[39m","message":"{\"method\":\"GET\",\"url\":\"/userprofile\",\"status\":\"304\",\"responseTime\":\"336.703\"}","timestamp":"2024-10-19T05:57:00.397Z"}
{"level":"\u001b[32minfo\u001b[39m","message":"{\"method\":\"GET\",\"url\":\"/userprofile\",\"status\":\"304\",\"responseTime\":\"316.850\"}","timestamp":"2024-10-19T05:57:00.737Z"}
{"level":"\u001b[32minfo\u001b[39m","message":"{\"method\":\"GET\",\"url\":\"/userprofile\",\"status\":\"304\",\"responseTime\":\"289.498\"}","timestamp":"2024-10-19T05:57:03.096Z"}
{"level":"\u001b[32minfo\u001b[39m","message":"{\"method\":\"GET\",\"url\":\"/userprofile\",\"status\":\"304\",\"responseTime\":\"120.153\"}","timestamp":"2024-10-19T05:57:03.230Z"}
{"level":"\u001b[32minfo\u001b[39m","message":"{\"method\":\"GET\",\"url\":\"/userprofile\",\"status\":\"304\",\"responseTime\":\"151.129\"}","timestamp":"2024-10-19T05:57:09.801Z"}
{"level":"\u001b[32minfo\u001b[39m","message":"{\"method\":\"GET\",\"url\":\"/userprofile\",\"status\":\"304\",\"responseTime\":\"86.693\"}","timestamp":"2024-10-19T06:01:06.672Z"}
{"level":"\u001b[32minfo\u001b[39m","message":"{\"method\":\"GET\",\"url\":\"/userprofile\",\"status\":\"304\",\"responseTime\":\"87.337\"}","timestamp":"2024-10-19T06:01:08.045Z"}
{"level":"\u001b[32minfo\u001b[39m","message":"{\"method\":\"GET\",\"url\":\"/userprofile\",\"status\":\"304\",\"responseTime\":\"87.764\"}","timestamp":"2024-10-19T06:01:09.963Z"}
{"level":"\u001b[32minfo\u001b[39m","message":"{\"method\":\"GET\",\"url\":\"/userprofile\",\"status\":\"304\",\"responseTime\":\"132.500\"}","timestamp":"2024-10-19T06:01:11.001Z"}
{"level":"\u001b[32minfo\u001b[39m","message":"{\"method\":\"GET\",\"url\":\"/userprofile\",\"status\":\"304\",\"responseTime\":\"235.637\"}","timestamp":"2024-10-19T06:01:20.045Z"}
{"level":"\u001b[32minfo\u001b[39m","message":"{\"method\":\"GET\",\"url\":\"/userprofile\",\"status\":\"304\",\"responseTime\":\"223.565\"}","timestamp":"2024-10-19T06:01:36.174Z"}
{"level":"\u001b[32minfo\u001b[39m","message":"{\"method\":\"GET\",\"url\":\"/userprofile\",\"status\":\"304\",\"responseTime\":\"3429.161\"}","timestamp":"2024-10-19T06:01:41.221Z"}
{"level":"\u001b[32minfo\u001b[39m","message":"{\"method\":\"GET\",\"url\":\"/users?name=xzvv\",\"status\":\"-\",\"responseTime\":\"-\"}","timestamp":"2024-10-19T06:02:31.970Z"}
{"level":"\u001b[32minfo\u001b[39m","message":"{\"method\":\"GET\",\"url\":\"/userprofile\",\"status\":\"304\",\"responseTime\":\"132.815\"}","timestamp":"2024-10-19T06:02:32.381Z"}
{"level":"\u001b[32minfo\u001b[39m","message":"{\"method\":\"GET\",\"url\":\"/users?name=xzvv\",\"status\":\"-\",\"responseTime\":\"-\"}","timestamp":"2024-10-19T06:02:41.471Z"}
{"level":"\u001b[32minfo\u001b[39m","message":"{\"method\":\"GET\",\"url\":\"/userprofile\",\"status\":\"304\",\"responseTime\":\"117.468\"}","timestamp":"2024-10-19T06:02:41.795Z"}
{"level":"\u001b[32minfo\u001b[39m","message":"{\"method\":\"GET\",\"url\":\"/userprofile\",\"status\":\"304\",\"responseTime\":\"123.988\"}","timestamp":"2024-10-19T06:03:11.968Z"}
{"level":"\u001b[32minfo\u001b[39m","message":"{\"method\":\"GET\",\"url\":\"/userprofile\",\"status\":\"304\",\"responseTime\":\"122.870\"}","timestamp":"2024-10-19T06:03:26.044Z"}
{"level":"\u001b[32minfo\u001b[39m","message":"{\"method\":\"GET\",\"url\":\"/userprofile\",\"status\":\"304\",\"responseTime\":\"133.106\"}","timestamp":"2024-10-19T06:03:38.637Z"}
{"level":"\u001b[32minfo\u001b[39m","message":"{\"method\":\"GET\",\"url\":\"/userprofile\",\"status\":\"304\",\"responseTime\":\"162.717\"}","timestamp":"2024-10-19T06:03:41.204Z"}
{"level":"\u001b[32minfo\u001b[39m","message":"{\"method\":\"GET\",\"url\":\"/userprofile\",\"status\":\"304\",\"responseTime\":\"80.070\"}","timestamp":"2024-10-19T06:06:40.855Z"}
{"level":"\u001b[32minfo\u001b[39m","message":"{\"method\":\"GET\",\"url\":\"/userprofile\",\"status\":\"304\",\"responseTime\":\"128.732\"}","timestamp":"2024-10-19T06:06:46.351Z"}
{"level":"\u001b[32minfo\u001b[39m","message":"{\"method\":\"GET\",\"url\":\"/userprofile\",\"status\":\"304\",\"responseTime\":\"116.508\"}","timestamp":"2024-10-19T06:07:06.985Z"}
{"level":"\u001b[32minfo\u001b[39m","message":"{\"method\":\"GET\",\"url\":\"/userprofile\",\"status\":\"304\",\"responseTime\":\"142.054\"}","timestamp":"2024-10-19T06:12:44.014Z"}
{"level":"\u001b[32minfo\u001b[39m","message":"{\"method\":\"GET\",\"url\":\"/userprofile\",\"status\":\"304\",\"responseTime\":\"81.789\"}","timestamp":"2024-10-19T06:12:47.798Z"}
{"level":"\u001b[32minfo\u001b[39m","message":"{\"method\":\"GET\",\"url\":\"/userprofile\",\"status\":\"304\",\"responseTime\":\"111.525\"}","timestamp":"2024-10-19T06:13:10.981Z"}
{"level":"\u001b[32minfo\u001b[39m","message":"{\"method\":\"GET\",\"url\":\"/users?name=dfsdf\",\"status\":\"-\",\"responseTime\":\"-\"}","timestamp":"2024-10-19T06:14:36.977Z"}
{"level":"\u001b[32minfo\u001b[39m","message":"{\"method\":\"GET\",\"url\":\"/users?name=abh\",\"status\":\"-\",\"responseTime\":\"-\"}","timestamp":"2024-10-19T06:14:37.000Z"}
{"level":"\u001b[32minfo\u001b[39m","message":"{\"method\":\"GET\",\"url\":\"/users?name=dfsdf\",\"status\":\"-\",\"responseTime\":\"-\"}","timestamp":"2024-10-19T06:14:37.002Z"}
{"level":"\u001b[32minfo\u001b[39m","message":"{\"method\":\"GET\",\"url\":\"/users?name=abhi\",\"status\":\"-\",\"responseTime\":\"-\"}","timestamp":"2024-10-19T06:14:37.003Z"}
{"level":"\u001b[32minfo\u001b[39m","message":"{\"method\":\"GET\",\"url\":\"/users?name=abh\",\"status\":\"-\",\"responseTime\":\"-\"}","timestamp":"2024-10-19T06:14:37.004Z"}
{"level":"\u001b[32minfo\u001b[39m","message":"{\"method\":\"GET\",\"url\":\"/userprofile\",\"status\":\"304\",\"responseTime\":\"114.759\"}","timestamp":"2024-10-19T06:14:37.422Z"}
{"level":"\u001b[32minfo\u001b[39m","message":"{\"method\":\"GET\",\"url\":\"/userprofile\",\"status\":\"304\",\"responseTime\":\"440.601\"}","timestamp":"2024-10-19T06:14:55.117Z"}
{"level":"\u001b[32minfo\u001b[39m","message":"{\"method\":\"GET\",\"url\":\"/userprofile\",\"status\":\"304\",\"responseTime\":\"114.877\"}","timestamp":"2024-10-19T06:15:05.184Z"}
{"level":"\u001b[32minfo\u001b[39m","message":"{\"method\":\"GET\",\"url\":\"/userprofile\",\"status\":\"304\",\"responseTime\":\"100.998\"}","timestamp":"2024-10-19T06:15:09.698Z"}
{"level":"\u001b[32minfo\u001b[39m","message":"{\"method\":\"GET\",\"url\":\"/userprofile\",\"status\":\"304\",\"responseTime\":\"83.011\"}","timestamp":"2024-10-19T06:15:13.539Z"}
{"level":"\u001b[32minfo\u001b[39m","message":"{\"method\":\"GET\",\"url\":\"/userprofile\",\"status\":\"304\",\"responseTime\":\"122.133\"}","timestamp":"2024-10-19T06:15:36.428Z"}
{"level":"\u001b[32minfo\u001b[39m","message":"{\"method\":\"GET\",\"url\":\"/userprofile\",\"status\":\"304\",\"responseTime\":\"207.087\"}","timestamp":"2024-10-19T06:15:38.133Z"}
{"level":"\u001b[32minfo\u001b[39m","message":"{\"method\":\"GET\",\"url\":\"/userprofile\",\"status\":\"304\",\"responseTime\":\"123.469\"}","timestamp":"2024-10-19T06:15:39.723Z"}
{"level":"\u001b[32minfo\u001b[39m","message":"{\"method\":\"GET\",\"url\":\"/userprofile\",\"status\":\"304\",\"responseTime\":\"92.552\"}","timestamp":"2024-10-19T06:15:48.913Z"}
{"level":"\u001b[32minfo\u001b[39m","message":"{\"method\":\"GET\",\"url\":\"/users?name=sasda\",\"status\":\"-\",\"responseTime\":\"-\"}","timestamp":"2024-10-19T06:18:56.544Z"}
{"level":"\u001b[32minfo\u001b[39m","message":"{\"method\":\"GET\",\"url\":\"/userprofile\",\"status\":\"304\",\"responseTime\":\"120.001\"}","timestamp":"2024-10-19T06:18:56.905Z"}
{"level":"\u001b[32minfo\u001b[39m","message":"{\"method\":\"GET\",\"url\":\"/users?name=sasda\",\"status\":\"-\",\"responseTime\":\"-\"}","timestamp":"2024-10-19T06:19:04.999Z"}
{"level":"\u001b[32minfo\u001b[39m","message":"{\"method\":\"GET\",\"url\":\"/userprofile\",\"status\":\"304\",\"responseTime\":\"167.391\"}","timestamp":"2024-10-19T06:19:05.426Z"}
{"level":"\u001b[32minfo\u001b[39m","message":"{\"method\":\"GET\",\"url\":\"/users?name=sasda\",\"status\":\"-\",\"responseTime\":\"-\"}","timestamp":"2024-10-19T06:19:06.659Z"}
{"level":"\u001b[32minfo\u001b[39m","message":"{\"method\":\"GET\",\"url\":\"/userprofile\",\"status\":\"304\",\"responseTime\":\"136.165\"}","timestamp":"2024-10-19T06:19:07.011Z"}
{"level":"\u001b[32minfo\u001b[39m","message":"{\"method\":\"GET\",\"url\":\"/users?name=sasda\",\"status\":\"-\",\"responseTime\":\"-\"}","timestamp":"2024-10-19T06:19:08.492Z"}
{"level":"\u001b[32minfo\u001b[39m","message":"{\"method\":\"GET\",\"url\":\"/userprofile\",\"status\":\"304\",\"responseTime\":\"93.963\"}","timestamp":"2024-10-19T06:19:08.792Z"}
{"level":"\u001b[32minfo\u001b[39m","message":"{\"method\":\"GET\",\"url\":\"/users?name=sasda\",\"status\":\"-\",\"responseTime\":\"-\"}","timestamp":"2024-10-19T06:19:13.818Z"}
{"level":"\u001b[32minfo\u001b[39m","message":"{\"method\":\"GET\",\"url\":\"/userprofile\",\"status\":\"304\",\"responseTime\":\"104.486\"}","timestamp":"2024-10-19T06:19:14.155Z"}
{"level":"\u001b[32minfo\u001b[39m","message":"{\"method\":\"GET\",\"url\":\"/userprofile\",\"status\":\"304\",\"responseTime\":\"121.702\"}","timestamp":"2024-10-19T06:19:31.916Z"}
{"level":"\u001b[32minfo\u001b[39m","message":"{\"method\":\"GET\",\"url\":\"/userprofile\",\"status\":\"304\",\"responseTime\":\"108.738\"}","timestamp":"2024-10-19T06:19:48.720Z"}
{"level":"\u001b[32minfo\u001b[39m","message":"{\"method\":\"GET\",\"url\":\"/users?name=fsdfs\",\"status\":\"-\",\"responseTime\":\"-\"}","timestamp":"2024-10-19T06:20:44.006Z"}
{"level":"\u001b[32minfo\u001b[39m","message":"{\"method\":\"GET\",\"url\":\"/userprofile\",\"status\":\"304\",\"responseTime\":\"95.172\"}","timestamp":"2024-10-19T06:20:44.525Z"}
{"level":"\u001b[32minfo\u001b[39m","message":"{\"method\":\"GET\",\"url\":\"/users?name=fsdfs\",\"status\":\"-\",\"responseTime\":\"-\"}","timestamp":"2024-10-19T06:22:16.501Z"}
{"level":"\u001b[32minfo\u001b[39m","message":"{\"method\":\"GET\",\"url\":\"/userprofile\",\"status\":\"304\",\"responseTime\":\"129.807\"}","timestamp":"2024-10-19T06:22:16.908Z"}
{"level":"\u001b[32minfo\u001b[39m","message":"{\"method\":\"GET\",\"url\":\"/users?name=fsdfs\",\"status\":\"-\",\"responseTime\":\"-\"}","timestamp":"2024-10-19T06:23:09.245Z"}
{"level":"\u001b[32minfo\u001b[39m","message":"{\"method\":\"GET\",\"url\":\"/userprofile\",\"status\":\"304\",\"responseTime\":\"402.191\"}","timestamp":"2024-10-19T06:23:10.051Z"}
{"level":"\u001b[32minfo\u001b[39m","message":"{\"method\":\"GET\",\"url\":\"/users?name=fsdfs\",\"status\":\"-\",\"responseTime\":\"-\"}","timestamp":"2024-10-19T06:23:10.501Z"}
{"level":"\u001b[32minfo\u001b[39m","message":"{\"method\":\"GET\",\"url\":\"/userprofile\",\"status\":\"304\",\"responseTime\":\"80.081\"}","timestamp":"2024-10-19T06:23:10.935Z"}
{"level":"\u001b[32minfo\u001b[39m","message":"{\"method\":\"GET\",\"url\":\"/users?name=fsdfs\",\"status\":\"-\",\"responseTime\":\"-\"}","timestamp":"2024-10-19T06:23:13.988Z"}
{"level":"\u001b[32minfo\u001b[39m","message":"{\"method\":\"GET\",\"url\":\"/userprofile\",\"status\":\"304\",\"responseTime\":\"159.942\"}","timestamp":"2024-10-19T06:23:14.541Z"}
{"level":"\u001b[32minfo\u001b[39m","message":"{\"method\":\"GET\",\"url\":\"/users?name=fsdfs\",\"status\":\"-\",\"responseTime\":\"-\"}","timestamp":"2024-10-19T06:23:15.152Z"}
{"level":"\u001b[32minfo\u001b[39m","message":"{\"method\":\"GET\",\"url\":\"/userprofile\",\"status\":\"304\",\"responseTime\":\"221.284\"}","timestamp":"2024-10-19T06:23:15.582Z"}
{"level":"\u001b[32minfo\u001b[39m","message":"{\"method\":\"GET\",\"url\":\"/users?name=fsdfs\",\"status\":\"-\",\"responseTime\":\"-\"}","timestamp":"2024-10-19T06:23:17.668Z"}
{"level":"\u001b[32minfo\u001b[39m","message":"{\"method\":\"GET\",\"url\":\"/userprofile\",\"status\":\"304\",\"responseTime\":\"230.332\"}","timestamp":"2024-10-19T06:23:18.151Z"}
{"level":"\u001b[32minfo\u001b[39m","message":"{\"method\":\"GET\",\"url\":\"/users?name=fsdfs\",\"status\":\"-\",\"responseTime\":\"-\"}","timestamp":"2024-10-19T06:23:18.869Z"}
{"level":"\u001b[32minfo\u001b[39m","message":"{\"method\":\"GET\",\"url\":\"/userprofile\",\"status\":\"304\",\"responseTime\":\"169.266\"}","timestamp":"2024-10-19T06:23:19.336Z"}
{"level":"\u001b[32minfo\u001b[39m","message":"{\"method\":\"GET\",\"url\":\"/users?name=fsdfs\",\"status\":\"-\",\"responseTime\":\"-\"}","timestamp":"2024-10-19T06:23:19.900Z"}
{"level":"\u001b[32minfo\u001b[39m","message":"{\"method\":\"GET\",\"url\":\"/userprofile\",\"status\":\"304\",\"responseTime\":\"291.683\"}","timestamp":"2024-10-19T06:23:20.403Z"}
{"level":"\u001b[32minfo\u001b[39m","message":"{\"method\":\"GET\",\"url\":\"/users?name=fsdfs\",\"status\":\"-\",\"responseTime\":\"-\"}","timestamp":"2024-10-19T06:23:26.985Z"}
{"level":"\u001b[32minfo\u001b[39m","message":"{\"method\":\"GET\",\"url\":\"/userprofile\",\"status\":\"304\",\"responseTime\":\"94.630\"}","timestamp":"2024-10-19T06:23:27.353Z"}
{"level":"\u001b[32minfo\u001b[39m","message":"{\"method\":\"GET\",\"url\":\"/users?name=fsdfs\",\"status\":\"-\",\"responseTime\":\"-\"}","timestamp":"2024-10-19T06:23:58.848Z"}
{"level":"\u001b[32minfo\u001b[39m","message":"{\"method\":\"GET\",\"url\":\"/userprofile\",\"status\":\"304\",\"responseTime\":\"101.977\"}","timestamp":"2024-10-19T06:23:59.259Z"}
{"level":"\u001b[32minfo\u001b[39m","message":"{\"method\":\"GET\",\"url\":\"/users?name=fsdfs\",\"status\":\"-\",\"responseTime\":\"-\"}","timestamp":"2024-10-19T06:24:03.724Z"}
{"level":"\u001b[32minfo\u001b[39m","message":"{\"method\":\"GET\",\"url\":\"/userprofile\",\"status\":\"304\",\"responseTime\":\"95.481\"}","timestamp":"2024-10-19T06:24:04.230Z"}
{"level":"\u001b[32minfo\u001b[39m","message":"{\"method\":\"GET\",\"url\":\"/users?name=fsdfs\",\"status\":\"-\",\"responseTime\":\"-\"}","timestamp":"2024-10-19T06:24:04.835Z"}
{"level":"\u001b[32minfo\u001b[39m","message":"{\"method\":\"GET\",\"url\":\"/userprofile\",\"status\":\"304\",\"responseTime\":\"87.449\"}","timestamp":"2024-10-19T06:24:05.229Z"}
{"level":"\u001b[32minfo\u001b[39m","message":"{\"method\":\"GET\",\"url\":\"/users?name=fsdfs\",\"status\":\"-\",\"responseTime\":\"-\"}","timestamp":"2024-10-19T06:24:05.968Z"}
{"level":"\u001b[32minfo\u001b[39m","message":"{\"method\":\"GET\",\"url\":\"/userprofile\",\"status\":\"304\",\"responseTime\":\"109.325\"}","timestamp":"2024-10-19T06:24:06.294Z"}
{"level":"\u001b[32minfo\u001b[39m","message":"{\"method\":\"GET\",\"url\":\"/users?name=fsdfs\",\"status\":\"-\",\"responseTime\":\"-\"}","timestamp":"2024-10-19T06:24:20.589Z"}
{"level":"\u001b[32minfo\u001b[39m","message":"{\"method\":\"GET\",\"url\":\"/userprofile\",\"status\":\"304\",\"responseTime\":\"106.213\"}","timestamp":"2024-10-19T06:24:21.002Z"}
{"level":"\u001b[32minfo\u001b[39m","message":"{\"method\":\"GET\",\"url\":\"/users?name=fsdfs\",\"status\":\"-\",\"responseTime\":\"-\"}","timestamp":"2024-10-19T06:24:40.661Z"}
{"level":"\u001b[32minfo\u001b[39m","message":"{\"method\":\"GET\",\"url\":\"/userprofile\",\"status\":\"304\",\"responseTime\":\"149.537\"}","timestamp":"2024-10-19T06:24:41.326Z"}
{"level":"\u001b[32minfo\u001b[39m","message":"{\"method\":\"GET\",\"url\":\"/users?name=fsdfs\",\"status\":\"-\",\"responseTime\":\"-\"}","timestamp":"2024-10-19T06:24:42.307Z"}
{"level":"\u001b[32minfo\u001b[39m","message":"{\"method\":\"GET\",\"url\":\"/userprofile\",\"status\":\"304\",\"responseTime\":\"115.289\"}","timestamp":"2024-10-19T06:24:42.696Z"}
{"level":"\u001b[32minfo\u001b[39m","message":"{\"method\":\"GET\",\"url\":\"/users?name=fsdfs\",\"status\":\"-\",\"responseTime\":\"-\"}","timestamp":"2024-10-19T06:24:48.624Z"}
{"level":"\u001b[32minfo\u001b[39m","message":"{\"method\":\"GET\",\"url\":\"/userprofile\",\"status\":\"304\",\"responseTime\":\"78.715\"}","timestamp":"2024-10-19T06:24:49.017Z"}
{"level":"\u001b[32minfo\u001b[39m","message":"{\"method\":\"GET\",\"url\":\"/users?name=fsdfs\",\"status\":\"-\",\"responseTime\":\"-\"}","timestamp":"2024-10-19T06:24:49.813Z"}
{"level":"\u001b[32minfo\u001b[39m","message":"{\"method\":\"GET\",\"url\":\"/userprofile\",\"status\":\"304\",\"responseTime\":\"96.237\"}","timestamp":"2024-10-19T06:24:50.154Z"}
{"level":"\u001b[32minfo\u001b[39m","message":"{\"method\":\"GET\",\"url\":\"/users?name=fsdfs\",\"status\":\"-\",\"responseTime\":\"-\"}","timestamp":"2024-10-19T06:25:29.967Z"}
{"level":"\u001b[32minfo\u001b[39m","message":"{\"method\":\"GET\",\"url\":\"/userprofile\",\"status\":\"304\",\"responseTime\":\"106.495\"}","timestamp":"2024-10-19T06:25:30.406Z"}
{"level":"\u001b[32minfo\u001b[39m","message":"{\"method\":\"GET\",\"url\":\"/users?name=fsdfs\",\"status\":\"-\",\"responseTime\":\"-\"}","timestamp":"2024-10-19T06:25:31.158Z"}
{"level":"\u001b[32minfo\u001b[39m","message":"{\"method\":\"GET\",\"url\":\"/userprofile\",\"status\":\"304\",\"responseTime\":\"95.933\"}","timestamp":"2024-10-19T06:25:31.536Z"}
{"level":"\u001b[32minfo\u001b[39m","message":"{\"method\":\"GET\",\"url\":\"/users?name=fsdfs\",\"status\":\"-\",\"responseTime\":\"-\"}","timestamp":"2024-10-19T06:25:36.574Z"}
{"level":"\u001b[32minfo\u001b[39m","message":"{\"method\":\"GET\",\"url\":\"/userprofile\",\"status\":\"304\",\"responseTime\":\"153.760\"}","timestamp":"2024-10-19T06:25:37.158Z"}
{"level":"\u001b[32minfo\u001b[39m","message":"{\"method\":\"GET\",\"url\":\"/users?name=fsdfs\",\"status\":\"-\",\"responseTime\":\"-\"}","timestamp":"2024-10-19T06:25:37.952Z"}
{"level":"\u001b[32minfo\u001b[39m","message":"{\"method\":\"GET\",\"url\":\"/userprofile\",\"status\":\"304\",\"responseTime\":\"99.141\"}","timestamp":"2024-10-19T06:25:38.310Z"}
{"level":"\u001b[32minfo\u001b[39m","message":"{\"method\":\"GET\",\"url\":\"/users?name=fsdfs\",\"status\":\"-\",\"responseTime\":\"-\"}","timestamp":"2024-10-19T06:25:41.551Z"}
{"level":"\u001b[32minfo\u001b[39m","message":"{\"method\":\"GET\",\"url\":\"/userprofile\",\"status\":\"304\",\"responseTime\":\"138.088\"}","timestamp":"2024-10-19T06:25:41.934Z"}
{"level":"\u001b[32minfo\u001b[39m","message":"{\"method\":\"GET\",\"url\":\"/users?name=fsdfs\",\"status\":\"-\",\"responseTime\":\"-\"}","timestamp":"2024-10-19T06:25:59.910Z"}
{"level":"\u001b[32minfo\u001b[39m","message":"{\"method\":\"GET\",\"url\":\"/userprofile\",\"status\":\"304\",\"responseTime\":\"139.675\"}","timestamp":"2024-10-19T06:26:00.365Z"}
{"level":"\u001b[32minfo\u001b[39m","message":"{\"method\":\"GET\",\"url\":\"/users?name=fsdfs\",\"status\":\"-\",\"responseTime\":\"-\"}","timestamp":"2024-10-19T06:26:01.376Z"}
{"level":"\u001b[32minfo\u001b[39m","message":"{\"method\":\"GET\",\"url\":\"/userprofile\",\"status\":\"304\",\"responseTime\":\"98.294\"}","timestamp":"2024-10-19T06:26:01.693Z"}
{"level":"\u001b[32minfo\u001b[39m","message":"{\"method\":\"GET\",\"url\":\"/users?name=fsdfs\",\"status\":\"-\",\"responseTime\":\"-\"}","timestamp":"2024-10-19T06:26:04.427Z"}
{"level":"\u001b[32minfo\u001b[39m","message":"{\"method\":\"GET\",\"url\":\"/userprofile\",\"status\":\"304\",\"responseTime\":\"98.229\"}","timestamp":"2024-10-19T06:26:04.773Z"}
{"level":"\u001b[32minfo\u001b[39m","message":"{\"method\":\"GET\",\"url\":\"/users?name=fsdfs\",\"status\":\"-\",\"responseTime\":\"-\"}","timestamp":"2024-10-19T06:26:07.089Z"}
{"level":"\u001b[32minfo\u001b[39m","message":"{\"method\":\"GET\",\"url\":\"/userprofile\",\"status\":\"304\",\"responseTime\":\"109.332\"}","timestamp":"2024-10-19T06:26:07.506Z"}
{"level":"\u001b[32minfo\u001b[39m","message":"{\"method\":\"GET\",\"url\":\"/users?name=fsdfs\",\"status\":\"-\",\"responseTime\":\"-\"}","timestamp":"2024-10-19T06:26:08.145Z"}
{"level":"\u001b[32minfo\u001b[39m","message":"{\"method\":\"GET\",\"url\":\"/userprofile\",\"status\":\"304\",\"responseTime\":\"83.852\"}","timestamp":"2024-10-19T06:26:08.494Z"}
{"level":"\u001b[32minfo\u001b[39m","message":"{\"method\":\"GET\",\"url\":\"/users?name=fsdfs\",\"status\":\"-\",\"responseTime\":\"-\"}","timestamp":"2024-10-19T06:26:16.636Z"}
{"level":"\u001b[32minfo\u001b[39m","message":"{\"method\":\"GET\",\"url\":\"/userprofile\",\"status\":\"304\",\"responseTime\":\"176.293\"}","timestamp":"2024-10-19T06:26:17.191Z"}
{"level":"\u001b[32minfo\u001b[39m","message":"{\"method\":\"GET\",\"url\":\"/users?name=fsdfs\",\"status\":\"-\",\"responseTime\":\"-\"}","timestamp":"2024-10-19T06:26:17.694Z"}
{"level":"\u001b[32minfo\u001b[39m","message":"{\"method\":\"GET\",\"url\":\"/userprofile\",\"status\":\"304\",\"responseTime\":\"105.309\"}","timestamp":"2024-10-19T06:26:18.038Z"}
{"level":"\u001b[32minfo\u001b[39m","message":"{\"method\":\"GET\",\"url\":\"/users?name=fsdfs\",\"status\":\"-\",\"responseTime\":\"-\"}","timestamp":"2024-10-19T06:26:19.755Z"}
{"level":"\u001b[32minfo\u001b[39m","message":"{\"method\":\"GET\",\"url\":\"/userprofile\",\"status\":\"304\",\"responseTime\":\"209.107\"}","timestamp":"2024-10-19T06:26:20.198Z"}
{"level":"\u001b[32minfo\u001b[39m","message":"{\"method\":\"GET\",\"url\":\"/users?name=fsdfs\",\"status\":\"-\",\"responseTime\":\"-\"}","timestamp":"2024-10-19T06:26:23.112Z"}
{"level":"\u001b[32minfo\u001b[39m","message":"{\"method\":\"GET\",\"url\":\"/userprofile\",\"status\":\"304\",\"responseTime\":\"120.100\"}","timestamp":"2024-10-19T06:26:23.440Z"}
{"level":"\u001b[32minfo\u001b[39m","message":"{\"method\":\"GET\",\"url\":\"/users?name=fsdfs\",\"status\":\"-\",\"responseTime\":\"-\"}","timestamp":"2024-10-19T06:26:27.579Z"}
{"level":"\u001b[32minfo\u001b[39m","message":"{\"method\":\"GET\",\"url\":\"/userprofile\",\"status\":\"304\",\"responseTime\":\"128.454\"}","timestamp":"2024-10-19T06:26:28.004Z"}
{"level":"\u001b[32minfo\u001b[39m","message":"{\"method\":\"GET\",\"url\":\"/users?name=fsdfs\",\"status\":\"-\",\"responseTime\":\"-\"}","timestamp":"2024-10-19T06:26:34.794Z"}
{"level":"\u001b[32minfo\u001b[39m","message":"{\"method\":\"GET\",\"url\":\"/userprofile\",\"status\":\"304\",\"responseTime\":\"124.040\"}","timestamp":"2024-10-19T06:26:35.194Z"}
{"level":"\u001b[32minfo\u001b[39m","message":"{\"method\":\"GET\",\"url\":\"/users?name=fsdfs\",\"status\":\"-\",\"responseTime\":\"-\"}","timestamp":"2024-10-19T06:26:36.368Z"}
{"level":"\u001b[32minfo\u001b[39m","message":"{\"method\":\"GET\",\"url\":\"/userprofile\",\"status\":\"304\",\"responseTime\":\"76.425\"}","timestamp":"2024-10-19T06:26:36.742Z"}
{"level":"\u001b[32minfo\u001b[39m","message":"{\"method\":\"GET\",\"url\":\"/users?name=fsdfs\",\"status\":\"-\",\"responseTime\":\"-\"}","timestamp":"2024-10-19T06:26:42.628Z"}
{"level":"\u001b[32minfo\u001b[39m","message":"{\"method\":\"GET\",\"url\":\"/userprofile\",\"status\":\"304\",\"responseTime\":\"188.341\"}","timestamp":"2024-10-19T06:26:43.347Z"}
{"level":"\u001b[32minfo\u001b[39m","message":"{\"method\":\"GET\",\"url\":\"/users?name=fsdfs\",\"status\":\"-\",\"responseTime\":\"-\"}","timestamp":"2024-10-19T06:26:44.010Z"}
{"level":"\u001b[32minfo\u001b[39m","message":"{\"method\":\"GET\",\"url\":\"/userprofile\",\"status\":\"304\",\"responseTime\":\"104.317\"}","timestamp":"2024-10-19T06:26:44.366Z"}
{"level":"\u001b[32minfo\u001b[39m","message":"{\"method\":\"GET\",\"url\":\"/users?name=fsdfs\",\"status\":\"-\",\"responseTime\":\"-\"}","timestamp":"2024-10-19T06:26:47.496Z"}
{"level":"\u001b[32minfo\u001b[39m","message":"{\"method\":\"GET\",\"url\":\"/userprofile\",\"status\":\"304\",\"responseTime\":\"112.983\"}","timestamp":"2024-10-19T06:26:47.943Z"}
{"level":"\u001b[32minfo\u001b[39m","message":"{\"method\":\"GET\",\"url\":\"/users?name=fsdfs\",\"status\":\"-\",\"responseTime\":\"-\"}","timestamp":"2024-10-19T06:26:48.898Z"}
{"level":"\u001b[32minfo\u001b[39m","message":"{\"method\":\"GET\",\"url\":\"/userprofile\",\"status\":\"304\",\"responseTime\":\"88.288\"}","timestamp":"2024-10-19T06:26:49.249Z"}
{"level":"\u001b[32minfo\u001b[39m","message":"{\"method\":\"GET\",\"url\":\"/users?name=fsdfs\",\"status\":\"-\",\"responseTime\":\"-\"}","timestamp":"2024-10-19T06:26:57.282Z"}
{"level":"\u001b[32minfo\u001b[39m","message":"{\"method\":\"GET\",\"url\":\"/userprofile\",\"status\":\"304\",\"responseTime\":\"107.029\"}","timestamp":"2024-10-19T06:26:57.683Z"}
{"level":"\u001b[32minfo\u001b[39m","message":"{\"method\":\"GET\",\"url\":\"/users?name=fsdfs\",\"status\":\"-\",\"responseTime\":\"-\"}","timestamp":"2024-10-19T06:26:58.566Z"}
{"level":"\u001b[32minfo\u001b[39m","message":"{\"method\":\"GET\",\"url\":\"/userprofile\",\"status\":\"304\",\"responseTime\":\"333.407\"}","timestamp":"2024-10-19T06:26:59.331Z"}
{"level":"\u001b[32minfo\u001b[39m","message":"{\"method\":\"GET\",\"url\":\"/users?name=fsdfs\",\"status\":\"-\",\"responseTime\":\"-\"}","timestamp":"2024-10-19T06:26:59.706Z"}
{"level":"\u001b[32minfo\u001b[39m","message":"{\"method\":\"GET\",\"url\":\"/userprofile\",\"status\":\"304\",\"responseTime\":\"110.395\"}","timestamp":"2024-10-19T06:27:00.090Z"}
{"level":"\u001b[32minfo\u001b[39m","message":"{\"method\":\"GET\",\"url\":\"/users?name=fsdfs\",\"status\":\"-\",\"responseTime\":\"-\"}","timestamp":"2024-10-19T06:27:00.888Z"}
{"level":"\u001b[32minfo\u001b[39m","message":"{\"method\":\"GET\",\"url\":\"/userprofile\",\"status\":\"304\",\"responseTime\":\"118.441\"}","timestamp":"2024-10-19T06:27:01.227Z"}
{"level":"\u001b[32minfo\u001b[39m","message":"{\"method\":\"GET\",\"url\":\"/users?name=fsdfs\",\"status\":\"-\",\"responseTime\":\"-\"}","timestamp":"2024-10-19T06:27:04.261Z"}
{"level":"\u001b[32minfo\u001b[39m","message":"{\"method\":\"GET\",\"url\":\"/userprofile\",\"status\":\"304\",\"responseTime\":\"130.613\"}","timestamp":"2024-10-19T06:27:04.657Z"}
{"level":"\u001b[32minfo\u001b[39m","message":"{\"method\":\"GET\",\"url\":\"/users?name=fsdfs\",\"status\":\"-\",\"responseTime\":\"-\"}","timestamp":"2024-10-19T06:27:05.360Z"}
{"level":"\u001b[32minfo\u001b[39m","message":"{\"method\":\"GET\",\"url\":\"/userprofile\",\"status\":\"304\",\"responseTime\":\"223.138\"}","timestamp":"2024-10-19T06:27:05.796Z"}
{"level":"\u001b[32minfo\u001b[39m","message":"{\"method\":\"GET\",\"url\":\"/users?name=fsdfs\",\"status\":\"-\",\"responseTime\":\"-\"}","timestamp":"2024-10-19T06:27:09.468Z"}
{"level":"\u001b[32minfo\u001b[39m","message":"{\"method\":\"GET\",\"url\":\"/userprofile\",\"status\":\"304\",\"responseTime\":\"153.441\"}","timestamp":"2024-10-19T06:27:10.020Z"}
{"level":"\u001b[32minfo\u001b[39m","message":"{\"method\":\"GET\",\"url\":\"/users?name=fsdfs\",\"status\":\"-\",\"responseTime\":\"-\"}","timestamp":"2024-10-19T06:27:10.661Z"}
{"level":"\u001b[32minfo\u001b[39m","message":"{\"method\":\"GET\",\"url\":\"/userprofile\",\"status\":\"304\",\"responseTime\":\"86.529\"}","timestamp":"2024-10-19T06:27:10.957Z"}
{"level":"\u001b[32minfo\u001b[39m","message":"{\"method\":\"GET\",\"url\":\"/users?name=fsdfs\",\"status\":\"-\",\"responseTime\":\"-\"}","timestamp":"2024-10-19T06:27:34.617Z"}
{"level":"\u001b[32minfo\u001b[39m","message":"{\"method\":\"GET\",\"url\":\"/userprofile\",\"status\":\"304\",\"responseTime\":\"101.252\"}","timestamp":"2024-10-19T06:27:34.962Z"}
{"level":"\u001b[32minfo\u001b[39m","message":"{\"method\":\"GET\",\"url\":\"/userprofile\",\"status\":\"304\",\"responseTime\":\"102.877\"}","timestamp":"2024-10-19T06:27:52.312Z"}
{"level":"\u001b[32minfo\u001b[39m","message":"{\"method\":\"GET\",\"url\":\"/userprofile\",\"status\":\"304\",\"responseTime\":\"86.458\"}","timestamp":"2024-10-19T06:28:24.865Z"}
{"level":"\u001b[32minfo\u001b[39m","message":"{\"method\":\"GET\",\"url\":\"/userprofile\",\"status\":\"304\",\"responseTime\":\"140.497\"}","timestamp":"2024-10-19T06:28:26.715Z"}
{"level":"\u001b[32minfo\u001b[39m","message":"{\"method\":\"GET\",\"url\":\"/userprofile\",\"status\":\"304\",\"responseTime\":\"87.412\"}","timestamp":"2024-10-19T06:28:44.299Z"}
{"level":"\u001b[32minfo\u001b[39m","message":"{\"method\":\"GET\",\"url\":\"/users?name=vvdg\",\"status\":\"-\",\"responseTime\":\"-\"}","timestamp":"2024-10-19T06:29:14.309Z"}
{"level":"\u001b[32minfo\u001b[39m","message":"{\"method\":\"GET\",\"url\":\"/userprofile\",\"status\":\"304\",\"responseTime\":\"78.727\"}","timestamp":"2024-10-19T06:29:14.631Z"}
{"level":"\u001b[32minfo\u001b[39m","message":"{\"method\":\"GET\",\"url\":\"/userprofile\",\"status\":\"304\",\"responseTime\":\"106.317\"}","timestamp":"2024-10-19T06:46:52.724Z"}
{"level":"\u001b[32minfo\u001b[39m","message":"{\"method\":\"POST\",\"url\":\"/adminlogin\",\"status\":\"200\",\"responseTime\":\"753.595\"}","timestamp":"2024-10-19T06:47:07.713Z"}
{"level":"\u001b[32minfo\u001b[39m","message":"{\"method\":\"GET\",\"url\":\"/userlist\",\"status\":\"200\",\"responseTime\":\"739.954\"}","timestamp":"2024-10-19T06:47:08.536Z"}
{"level":"\u001b[32minfo\u001b[39m","message":"{\"method\":\"GET\",\"url\":\"/userlist\",\"status\":\"304\",\"responseTime\":\"196.895\"}","timestamp":"2024-10-19T06:47:11.377Z"}
{"level":"\u001b[32minfo\u001b[39m","message":"{\"method\":\"PUT\",\"url\":\"/userds/670522f7c164b4f6859290e4/status\",\"status\":\"200\",\"responseTime\":\"153.992\"}","timestamp":"2024-10-19T06:47:15.677Z"}
{"level":"\u001b[32minfo\u001b[39m","message":"{\"method\":\"GET\",\"url\":\"/userprofile\",\"status\":\"403\",\"responseTime\":\"63.994\"}","timestamp":"2024-10-19T06:47:20.458Z"}
{"level":"\u001b[32minfo\u001b[39m","message":"{\"method\":\"GET\",\"url\":\"/userprofile\",\"status\":\"403\",\"responseTime\":\"56.512\"}","timestamp":"2024-10-19T06:48:41.467Z"}
{"level":"\u001b[32minfo\u001b[39m","message":"{\"method\":\"GET\",\"url\":\"/users?name=fdsnfd\",\"status\":\"-\",\"responseTime\":\"-\"}","timestamp":"2024-10-19T06:48:43.866Z"}
{"level":"\u001b[32minfo\u001b[39m","message":"{\"method\":\"GET\",\"url\":\"/userprofile\",\"status\":\"403\",\"responseTime\":\"38.874\"}","timestamp":"2024-10-19T06:48:44.411Z"}
{"level":"\u001b[32minfo\u001b[39m","message":"{\"method\":\"GET\",\"url\":\"/userprofile\",\"status\":\"403\",\"responseTime\":\"36.294\"}","timestamp":"2024-10-19T06:48:44.476Z"}
{"level":"\u001b[32minfo\u001b[39m","message":"{\"method\":\"PUT\",\"url\":\"/userds/670522f7c164b4f6859290e4/status\",\"status\":\"200\",\"responseTime\":\"745.878\"}","timestamp":"2024-10-19T06:53:57.382Z"}
{"level":"\u001b[32minfo\u001b[39m","message":"{\"method\":\"GET\",\"url\":\"/userprofile\",\"status\":\"-\",\"responseTime\":\"-\"}","timestamp":"2024-10-19T06:54:05.199Z"}
{"level":"\u001b[32minfo\u001b[39m","message":"{\"method\":\"GET\",\"url\":\"/userprofile\",\"status\":\"-\",\"responseTime\":\"-\"}","timestamp":"2024-10-19T06:54:08.919Z"}
{"level":"\u001b[32minfo\u001b[39m","message":"{\"method\":\"GET\",\"url\":\"/userprofile\",\"status\":\"200\",\"responseTime\":\"686.606\"}","timestamp":"2024-10-19T06:54:09.815Z"}
{"level":"\u001b[32minfo\u001b[39m","message":"{\"method\":\"GET\",\"url\":\"/userprofile\",\"status\":\"-\",\"responseTime\":\"-\"}","timestamp":"2024-10-19T06:54:09.900Z"}
{"level":"\u001b[32minfo\u001b[39m","message":"{\"method\":\"GET\",\"url\":\"/userprofile\",\"status\":\"200\",\"responseTime\":\"790.235\"}","timestamp":"2024-10-19T06:54:10.886Z"}
{"level":"\u001b[32minfo\u001b[39m","message":"{\"method\":\"GET\",\"url\":\"/userprofile\",\"status\":\"-\",\"responseTime\":\"-\"}","timestamp":"2024-10-19T06:54:10.951Z"}
{"level":"\u001b[32minfo\u001b[39m","message":"{\"method\":\"GET\",\"url\":\"/userprofile\",\"status\":\"200\",\"responseTime\":\"272.816\"}","timestamp":"2024-10-19T06:54:11.436Z"}
{"level":"\u001b[32minfo\u001b[39m","message":"{\"method\":\"GET\",\"url\":\"/userprofile\",\"status\":\"304\",\"responseTime\":\"349.957\"}","timestamp":"2024-10-19T06:54:11.798Z"}
{"level":"\u001b[32minfo\u001b[39m","message":"{\"method\":\"GET\",\"url\":\"/userlist\",\"status\":\"200\",\"responseTime\":\"383.299\"}","timestamp":"2024-10-19T06:57:04.594Z"}
{"level":"\u001b[32minfo\u001b[39m","message":"{\"method\":\"GET\",\"url\":\"/userlist\",\"status\":\"304\",\"responseTime\":\"120.032\"}","timestamp":"2024-10-19T06:57:04.975Z"}
{"level":"\u001b[32minfo\u001b[39m","message":"{\"method\":\"POST\",\"url\":\"/login\",\"status\":\"200\",\"responseTime\":\"197.948\"}","timestamp":"2024-10-19T06:58:37.631Z"}
{"level":"\u001b[32minfo\u001b[39m","message":"{\"method\":\"GET\",\"url\":\"/userprofile\",\"status\":\"304\",\"responseTime\":\"145.792\"}","timestamp":"2024-10-19T06:58:37.904Z"}
{"level":"\u001b[32minfo\u001b[39m","message":"{\"method\":\"GET\",\"url\":\"/userprofile\",\"status\":\"304\",\"responseTime\":\"81.853\"}","timestamp":"2024-10-19T06:58:55.127Z"}
{"level":"\u001b[32minfo\u001b[39m","message":"{\"method\":\"GET\",\"url\":\"/users?name=gfdgdf\",\"status\":\"-\",\"responseTime\":\"-\"}","timestamp":"2024-10-19T07:47:04.682Z"}
{"level":"\u001b[32minfo\u001b[39m","message":"{\"method\":\"GET\",\"url\":\"/userlist\",\"status\":\"304\",\"responseTime\":\"379.727\"}","timestamp":"2024-10-19T08:00:19.398Z"}
{"level":"\u001b[32minfo\u001b[39m","message":"{\"method\":\"POST\",\"url\":\"/login\",\"status\":\"200\",\"responseTime\":\"228.685\"}","timestamp":"2024-10-19T08:40:56.636Z"}
{"level":"\u001b[32minfo\u001b[39m","message":"{\"method\":\"GET\",\"url\":\"/userprofile\",\"status\":\"304\",\"responseTime\":\"111.805\"}","timestamp":"2024-10-19T08:40:56.884Z"}
{"level":"\u001b[32minfo\u001b[39m","message":"{\"method\":\"GET\",\"url\":\"/userprofile\",\"status\":\"200\",\"responseTime\":\"938.181\"}","timestamp":"2024-10-19T08:43:01.598Z"}
{"level":"\u001b[32minfo\u001b[39m","message":"{\"method\":\"GET\",\"url\":\"/userprofile\",\"status\":\"304\",\"responseTime\":\"712.800\"}","timestamp":"2024-10-19T08:43:02.324Z"}
{"level":"\u001b[32minfo\u001b[39m","message":"{\"method\":\"POST\",\"url\":\"/login\",\"status\":\"401\",\"responseTime\":\"297.299\"}","timestamp":"2024-10-19T08:56:23.919Z"}
{"level":"\u001b[32minfo\u001b[39m","message":"{\"method\":\"POST\",\"url\":\"/login\",\"status\":\"200\",\"responseTime\":\"792.003\"}","timestamp":"2024-10-19T08:57:39.368Z"}
{"level":"\u001b[32minfo\u001b[39m","message":"{\"method\":\"GET\",\"url\":\"/userprofile\",\"status\":\"304\",\"responseTime\":\"498.433\"}","timestamp":"2024-10-19T08:57:39.983Z"}
{"level":"\u001b[32minfo\u001b[39m","message":"{\"method\":\"POST\",\"url\":\"/login\",\"status\":\"404\",\"responseTime\":\"146.356\"}","timestamp":"2024-10-19T08:57:49.349Z"}
{"level":"\u001b[32minfo\u001b[39m","message":"{\"method\":\"POST\",\"url\":\"/login\",\"status\":\"200\",\"responseTime\":\"298.396\"}","timestamp":"2024-10-19T09:05:55.578Z"}
{"level":"\u001b[32minfo\u001b[39m","message":"{\"method\":\"GET\",\"url\":\"/userprofile\",\"status\":\"304\",\"responseTime\":\"155.418\"}","timestamp":"2024-10-19T09:05:55.787Z"}
{"level":"\u001b[32minfo\u001b[39m","message":"{\"method\":\"POST\",\"url\":\"/login\",\"status\":\"200\",\"responseTime\":\"184.702\"}","timestamp":"2024-10-19T09:06:16.096Z"}
{"level":"\u001b[32minfo\u001b[39m","message":"{\"method\":\"GET\",\"url\":\"/userprofile\",\"status\":\"304\",\"responseTime\":\"95.568\"}","timestamp":"2024-10-19T09:06:16.237Z"}
{"level":"\u001b[32minfo\u001b[39m","message":"{\"method\":\"GET\",\"url\":\"/userprofile\",\"status\":\"-\",\"responseTime\":\"-\"}","timestamp":"2024-10-19T09:21:17.871Z"}
{"level":"\u001b[32minfo\u001b[39m","message":"{\"method\":\"GET\",\"url\":\"/userprofile\",\"status\":\"200\",\"responseTime\":\"4552.870\"}","timestamp":"2024-10-19T09:21:22.642Z"}
{"level":"\u001b[32minfo\u001b[39m","message":"{\"method\":\"GET\",\"url\":\"/userprofile\",\"status\":\"304\",\"responseTime\":\"459.491\"}","timestamp":"2024-10-19T09:21:23.129Z"}
{"level":"\u001b[32minfo\u001b[39m","message":"{\"method\":\"GET\",\"url\":\"/users?name=kkk\",\"status\":\"-\",\"responseTime\":\"-\"}","timestamp":"2024-10-19T09:22:00.493Z"}
{"level":"\u001b[32minfo\u001b[39m","message":"{\"method\":\"GET\",\"url\":\"/userprofile\",\"status\":\"304\",\"responseTime\":\"346.186\"}","timestamp":"2024-10-19T09:22:01.071Z"}
{"level":"\u001b[32minfo\u001b[39m","message":"{\"method\":\"GET\",\"url\":\"/userprofile\",\"status\":\"200\",\"responseTime\":\"314.767\"}","timestamp":"2024-10-19T09:39:12.293Z"}
{"level":"\u001b[32minfo\u001b[39m","message":"{\"method\":\"GET\",\"url\":\"/users?name=ab\",\"status\":\"200\",\"responseTime\":\"229.394\"}","timestamp":"2024-10-19T09:39:15.730Z"}
{"level":"\u001b[32minfo\u001b[39m","message":"{\"method\":\"POST\",\"url\":\"/login\",\"status\":\"200\",\"responseTime\":\"168.906\"}","timestamp":"2024-10-19T10:42:25.242Z"}
{"level":"\u001b[32minfo\u001b[39m","message":"{\"method\":\"GET\",\"url\":\"/userprofile\",\"status\":\"304\",\"responseTime\":\"172.335\"}","timestamp":"2024-10-19T10:42:25.512Z"}
{"level":"\u001b[32minfo\u001b[39m","message":"{\"method\":\"GET\",\"url\":\"/users?name=nif\",\"status\":\"200\",\"responseTime\":\"210.057\"}","timestamp":"2024-10-19T10:42:31.017Z"}
{"level":"\u001b[32minfo\u001b[39m","message":"{\"method\":\"GET\",\"url\":\"/users?name=nifi\",\"status\":\"200\",\"responseTime\":\"94.550\"}","timestamp":"2024-10-19T10:43:32.551Z"}
{"level":"\u001b[32minfo\u001b[39m","message":"{\"method\":\"GET\",\"url\":\"/userprofile\",\"status\":\"304\",\"responseTime\":\"137.718\"}","timestamp":"2024-10-19T10:43:42.534Z"}
{"level":"\u001b[32minfo\u001b[39m","message":"{\"method\":\"GET\",\"url\":\"/users?name=nifi\",\"status\":\"304\",\"responseTime\":\"156.975\"}","timestamp":"2024-10-19T10:43:42.563Z"}
{"level":"\u001b[32minfo\u001b[39m","message":"{\"method\":\"GET\",\"url\":\"/userprofile\",\"status\":\"304\",\"responseTime\":\"119.171\"}","timestamp":"2024-10-19T10:43:45.551Z"}
{"level":"\u001b[32minfo\u001b[39m","message":"{\"method\":\"GET\",\"url\":\"/users?name=nif\",\"status\":\"304\",\"responseTime\":\"219.719\"}","timestamp":"2024-10-19T10:43:49.526Z"}
{"level":"\u001b[32minfo\u001b[39m","message":"{\"method\":\"GET\",\"url\":\"/userlist\",\"status\":\"304\",\"responseTime\":\"102.272\"}","timestamp":"2024-10-19T10:59:02.940Z"}
{"level":"\u001b[32minfo\u001b[39m","message":"{\"method\":\"GET\",\"url\":\"/userprofile\",\"status\":\"304\",\"responseTime\":\"115.016\"}","timestamp":"2024-10-19T11:09:39.706Z"}
{"level":"\u001b[32minfo\u001b[39m","message":"{\"method\":\"GET\",\"url\":\"/users?name=nif\",\"status\":\"304\",\"responseTime\":\"101.292\"}","timestamp":"2024-10-19T11:09:39.715Z"}
{"level":"\u001b[32minfo\u001b[39m","message":"{\"method\":\"GET\",\"url\":\"/userprofile\",\"status\":\"304\",\"responseTime\":\"88.746\"}","timestamp":"2024-10-19T11:20:25.067Z"}
{"level":"\u001b[32minfo\u001b[39m","message":"{\"method\":\"GET\",\"url\":\"/users?name=ha\",\"status\":\"200\",\"responseTime\":\"109.297\"}","timestamp":"2024-10-19T11:20:29.087Z"}
{"level":"\u001b[32minfo\u001b[39m","message":"{\"method\":\"GET\",\"url\":\"/users?name=ni\",\"status\":\"200\",\"responseTime\":\"88.239\"}","timestamp":"2024-10-19T11:20:32.915Z"}
{"level":"\u001b[32minfo\u001b[39m","message":"{\"method\":\"GET\",\"url\":\"/userprofile\",\"status\":\"304\",\"responseTime\":\"98.243\"}","timestamp":"2024-10-19T11:20:36.926Z"}
{"level":"\u001b[32minfo\u001b[39m","message":"{\"method\":\"POST\",\"url\":\"/login\",\"status\":\"404\",\"responseTime\":\"146.266\"}","timestamp":"2024-10-19T11:39:34.636Z"}
{"level":"\u001b[32minfo\u001b[39m","message":"{\"method\":\"POST\",\"url\":\"/login\",\"status\":\"500\",\"responseTime\":\"45.716\"}","timestamp":"2024-10-19T12:07:44.236Z"}
{"level":"\u001b[32minfo\u001b[39m","message":"{\"method\":\"POST\",\"url\":\"/login\",\"status\":\"200\",\"responseTime\":\"273.673\"}","timestamp":"2024-10-19T12:08:03.554Z"}
{"level":"\u001b[32minfo\u001b[39m","message":"{\"method\":\"GET\",\"url\":\"/userprofile\",\"status\":\"304\",\"responseTime\":\"118.315\"}","timestamp":"2024-10-19T12:08:03.771Z"}
{"level":"\u001b[32minfo\u001b[39m","message":"{\"method\":\"POST\",\"url\":\"/login\",\"status\":\"200\",\"responseTime\":\"226.380\"}","timestamp":"2024-10-19T12:15:06.986Z"}
{"level":"\u001b[32minfo\u001b[39m","message":"{\"method\":\"GET\",\"url\":\"/userprofile\",\"status\":\"304\",\"responseTime\":\"121.568\"}","timestamp":"2024-10-19T12:15:07.168Z"}
{"level":"\u001b[32minfo\u001b[39m","message":"{\"method\":\"GET\",\"url\":\"/userprofile\",\"status\":\"304\",\"responseTime\":\"210.513\"}","timestamp":"2024-10-19T12:26:18.837Z"}
