{"level":"\u001b[32minfo\u001b[39m","message":"{\"method\":\"POST\",\"url\":\"/login\",\"status\":\"200\",\"responseTime\":\"260.276\"}","timestamp":"2024-10-30T23:22:24.692Z"}
{"level":"\u001b[32minfo\u001b[39m","message":"{\"method\":\"GET\",\"url\":\"/userprofile\",\"status\":\"304\",\"responseTime\":\"292.885\"}","timestamp":"2024-10-30T23:22:25.091Z"}
{"level":"\u001b[32minfo\u001b[39m","message":"{\"method\":\"GET\",\"url\":\"/users?name=hai\",\"status\":\"200\",\"responseTime\":\"190.069\"}","timestamp":"2024-10-30T23:22:28.045Z"}
{"level":"\u001b[32minfo\u001b[39m","message":"{\"method\":\"GET\",\"url\":\"/userprofile\",\"status\":\"304\",\"responseTime\":\"206.396\"}","timestamp":"2024-10-30T23:22:28.072Z"}
{"level":"\u001b[32minfo\u001b[39m","message":"{\"method\":\"GET\",\"url\":\"/userprofile\",\"status\":\"304\",\"responseTime\":\"215.288\"}","timestamp":"2024-10-30T23:22:31.380Z"}
{"level":"\u001b[32minfo\u001b[39m","message":"{\"method\":\"GET\",\"url\":\"/users?name=ns\",\"status\":\"200\",\"responseTime\":\"249.714\"}","timestamp":"2024-10-30T23:22:34.165Z"}
{"level":"\u001b[32minfo\u001b[39m","message":"{\"method\":\"GET\",\"url\":\"/userprofile\",\"status\":\"304\",\"responseTime\":\"289.490\"}","timestamp":"2024-10-30T23:22:34.187Z"}
{"level":"\u001b[32minfo\u001b[39m","message":"{\"method\":\"GET\",\"url\":\"/userprofile\",\"status\":\"304\",\"responseTime\":\"192.617\"}","timestamp":"2024-10-30T23:22:37.221Z"}
{"level":"\u001b[32minfo\u001b[39m","message":"{\"method\":\"GET\",\"url\":\"/userprofile\",\"status\":\"304\",\"responseTime\":\"223.454\"}","timestamp":"2024-10-30T23:23:01.866Z"}
{"level":"\u001b[32minfo\u001b[39m","message":"{\"method\":\"GET\",\"url\":\"/users?name=dfa\",\"status\":\"200\",\"responseTime\":\"219.214\"}","timestamp":"2024-10-30T23:23:01.873Z"}
{"level":"\u001b[32minfo\u001b[39m","message":"{\"method\":\"GET\",\"url\":\"/users?name=dfa\",\"status\":\"304\",\"responseTime\":\"210.064\"}","timestamp":"2024-10-30T23:30:45.121Z"}
{"level":"\u001b[32minfo\u001b[39m","message":"{\"method\":\"GET\",\"url\":\"/userprofile\",\"status\":\"304\",\"responseTime\":\"204.252\"}","timestamp":"2024-10-30T23:30:45.131Z"}
{"level":"\u001b[32minfo\u001b[39m","message":"{\"method\":\"GET\",\"url\":\"/userprofile\",\"status\":\"304\",\"responseTime\":\"158.658\"}","timestamp":"2024-10-30T23:30:47.741Z"}
{"level":"\u001b[32minfo\u001b[39m","message":"{\"method\":\"GET\",\"url\":\"/users?name=dfa\",\"status\":\"304\",\"responseTime\":\"196.549\"}","timestamp":"2024-10-30T23:30:47.766Z"}
{"level":"\u001b[32minfo\u001b[39m","message":"{\"method\":\"GET\",\"url\":\"/users?name=dfa\",\"status\":\"304\",\"responseTime\":\"169.343\"}","timestamp":"2024-10-30T23:30:49.225Z"}
{"level":"\u001b[32minfo\u001b[39m","message":"{\"method\":\"GET\",\"url\":\"/userprofile\",\"status\":\"304\",\"responseTime\":\"173.795\"}","timestamp":"2024-10-30T23:30:49.237Z"}
{"level":"\u001b[32minfo\u001b[39m","message":"{\"method\":\"GET\",\"url\":\"/users?name=dfa\",\"status\":\"304\",\"responseTime\":\"174.246\"}","timestamp":"2024-10-30T23:30:51.398Z"}
{"level":"\u001b[32minfo\u001b[39m","message":"{\"method\":\"GET\",\"url\":\"/userprofile\",\"status\":\"304\",\"responseTime\":\"199.056\"}","timestamp":"2024-10-30T23:30:51.430Z"}
{"level":"\u001b[32minfo\u001b[39m","message":"{\"method\":\"GET\",\"url\":\"/users?name=dfa\",\"status\":\"304\",\"responseTime\":\"163.567\"}","timestamp":"2024-10-30T23:30:53.705Z"}
{"level":"\u001b[32minfo\u001b[39m","message":"{\"method\":\"GET\",\"url\":\"/userprofile\",\"status\":\"304\",\"responseTime\":\"166.438\"}","timestamp":"2024-10-30T23:30:53.717Z"}
{"level":"\u001b[32minfo\u001b[39m","message":"{\"method\":\"GET\",\"url\":\"/users?name=dfa\",\"status\":\"304\",\"responseTime\":\"183.338\"}","timestamp":"2024-10-30T23:32:48.494Z"}
{"level":"\u001b[32minfo\u001b[39m","message":"{\"method\":\"GET\",\"url\":\"/userprofile\",\"status\":\"304\",\"responseTime\":\"183.913\"}","timestamp":"2024-10-30T23:32:48.503Z"}
{"level":"\u001b[32minfo\u001b[39m","message":"{\"method\":\"GET\",\"url\":\"/users?name=dfa\",\"status\":\"304\",\"responseTime\":\"254.024\"}","timestamp":"2024-10-30T23:32:50.397Z"}
{"level":"\u001b[32minfo\u001b[39m","message":"{\"method\":\"GET\",\"url\":\"/userprofile\",\"status\":\"304\",\"responseTime\":\"255.180\"}","timestamp":"2024-10-30T23:32:50.404Z"}
{"level":"\u001b[32minfo\u001b[39m","message":"{\"method\":\"GET\",\"url\":\"/userprofile\",\"status\":\"304\",\"responseTime\":\"164.869\"}","timestamp":"2024-10-30T23:32:53.207Z"}
{"level":"\u001b[32minfo\u001b[39m","message":"{\"method\":\"GET\",\"url\":\"/users?name=dfa\",\"status\":\"304\",\"responseTime\":\"175.605\"}","timestamp":"2024-10-30T23:32:53.212Z"}
{"level":"\u001b[32minfo\u001b[39m","message":"{\"method\":\"GET\",\"url\":\"/users?name=dfa\",\"status\":\"304\",\"responseTime\":\"147.827\"}","timestamp":"2024-10-30T23:33:31.624Z"}
{"level":"\u001b[32minfo\u001b[39m","message":"{\"method\":\"GET\",\"url\":\"/userprofile\",\"status\":\"304\",\"responseTime\":\"165.004\"}","timestamp":"2024-10-30T23:33:31.648Z"}
{"level":"\u001b[32minfo\u001b[39m","message":"{\"method\":\"GET\",\"url\":\"/userprofile\",\"status\":\"304\",\"responseTime\":\"159.928\"}","timestamp":"2024-10-30T23:33:33.409Z"}
{"level":"\u001b[32minfo\u001b[39m","message":"{\"method\":\"GET\",\"url\":\"/users?name=dfa\",\"status\":\"304\",\"responseTime\":\"172.811\"}","timestamp":"2024-10-30T23:33:33.412Z"}
{"level":"\u001b[32minfo\u001b[39m","message":"{\"method\":\"GET\",\"url\":\"/userprofile\",\"status\":\"304\",\"responseTime\":\"171.157\"}","timestamp":"2024-10-30T23:35:15.727Z"}
{"level":"\u001b[32minfo\u001b[39m","message":"{\"method\":\"GET\",\"url\":\"/users?name=dfa\",\"status\":\"304\",\"responseTime\":\"179.510\"}","timestamp":"2024-10-30T23:35:15.730Z"}
{"level":"\u001b[32minfo\u001b[39m","message":"{\"method\":\"GET\",\"url\":\"/users?name=dfa\",\"status\":\"304\",\"responseTime\":\"142.016\"}","timestamp":"2024-10-30T23:36:48.513Z"}
{"level":"\u001b[32minfo\u001b[39m","message":"{\"method\":\"GET\",\"url\":\"/userprofile\",\"status\":\"304\",\"responseTime\":\"173.636\"}","timestamp":"2024-10-30T23:36:48.549Z"}
{"level":"\u001b[32minfo\u001b[39m","message":"{\"method\":\"GET\",\"url\":\"/userprofile\",\"status\":\"304\",\"responseTime\":\"240.552\"}","timestamp":"2024-10-30T23:37:11.411Z"}
{"level":"\u001b[32minfo\u001b[39m","message":"{\"method\":\"GET\",\"url\":\"/users?name=pi\",\"status\":\"200\",\"responseTime\":\"156.389\"}","timestamp":"2024-10-30T23:37:20.402Z"}
{"level":"\u001b[32minfo\u001b[39m","message":"{\"method\":\"GET\",\"url\":\"/userprofile\",\"status\":\"304\",\"responseTime\":\"171.161\"}","timestamp":"2024-10-30T23:37:20.432Z"}
{"level":"\u001b[32minfo\u001b[39m","message":"{\"method\":\"GET\",\"url\":\"/userprofile\",\"status\":\"304\",\"responseTime\":\"180.056\"}","timestamp":"2024-10-30T23:37:27.286Z"}
{"level":"\u001b[32minfo\u001b[39m","message":"{\"method\":\"GET\",\"url\":\"/users?name=ni\",\"status\":\"200\",\"responseTime\":\"158.550\"}","timestamp":"2024-10-30T23:37:30.561Z"}
{"level":"\u001b[32minfo\u001b[39m","message":"{\"method\":\"GET\",\"url\":\"/userprofile\",\"status\":\"304\",\"responseTime\":\"189.234\"}","timestamp":"2024-10-30T23:37:30.604Z"}
{"level":"\u001b[32minfo\u001b[39m","message":"{\"method\":\"GET\",\"url\":\"/users?name=niff\",\"status\":\"200\",\"responseTime\":\"214.879\"}","timestamp":"2024-10-30T23:37:37.376Z"}
{"level":"\u001b[32minfo\u001b[39m","message":"{\"method\":\"GET\",\"url\":\"/users?name=nif\",\"status\":\"200\",\"responseTime\":\"237.523\"}","timestamp":"2024-10-30T23:37:38.853Z"}
{"level":"\u001b[32minfo\u001b[39m","message":"{\"method\":\"GET\",\"url\":\"/users?name=ni\",\"status\":\"304\",\"responseTime\":\"154.883\"}","timestamp":"2024-10-30T23:37:41.274Z"}
{"level":"\u001b[32minfo\u001b[39m","message":"{\"method\":\"GET\",\"url\":\"/users?name=n\",\"status\":\"200\",\"responseTime\":\"251.138\"}","timestamp":"2024-10-30T23:37:42.027Z"}
{"level":"\u001b[32minfo\u001b[39m","message":"{\"method\":\"GET\",\"url\":\"/users?name=\",\"status\":\"200\",\"responseTime\":\"291.055\"}","timestamp":"2024-10-30T23:37:42.761Z"}
{"level":"\u001b[32minfo\u001b[39m","message":"{\"method\":\"GET\",\"url\":\"/users?name=a\",\"status\":\"200\",\"responseTime\":\"245.353\"}","timestamp":"2024-10-30T23:37:44.225Z"}
{"level":"\u001b[32minfo\u001b[39m","message":"{\"method\":\"GET\",\"url\":\"/users?name=abh\",\"status\":\"200\",\"responseTime\":\"186.617\"}","timestamp":"2024-10-30T23:37:46.132Z"}
{"level":"\u001b[32minfo\u001b[39m","message":"{\"method\":\"GET\",\"url\":\"/users?name=a\",\"status\":\"304\",\"responseTime\":\"195.400\"}","timestamp":"2024-10-30T23:37:47.775Z"}
{"level":"\u001b[32minfo\u001b[39m","message":"{\"method\":\"GET\",\"url\":\"/users?name=\",\"status\":\"304\",\"responseTime\":\"211.450\"}","timestamp":"2024-10-30T23:37:48.265Z"}
{"level":"\u001b[32minfo\u001b[39m","message":"{\"method\":\"GET\",\"url\":\"/userprofile\",\"status\":\"304\",\"responseTime\":\"174.623\"}","timestamp":"2024-10-30T23:37:55.059Z"}
{"level":"\u001b[32minfo\u001b[39m","message":"{\"method\":\"GET\",\"url\":\"/userprofile\",\"status\":\"304\",\"responseTime\":\"160.750\"}","timestamp":"2024-10-30T23:44:33.404Z"}
{"level":"\u001b[32minfo\u001b[39m","message":"{\"method\":\"GET\",\"url\":\"/userprofile\",\"status\":\"304\",\"responseTime\":\"243.728\"}","timestamp":"2024-10-30T23:44:53.693Z"}
{"level":"\u001b[32minfo\u001b[39m","message":"{\"method\":\"GET\",\"url\":\"/userprofile\",\"status\":\"304\",\"responseTime\":\"220.100\"}","timestamp":"2024-10-30T23:46:22.349Z"}
{"level":"\u001b[32minfo\u001b[39m","message":"{\"method\":\"GET\",\"url\":\"/userprofile\",\"status\":\"304\",\"responseTime\":\"186.964\"}","timestamp":"2024-10-30T23:46:29.963Z"}
{"level":"\u001b[32minfo\u001b[39m","message":"{\"method\":\"GET\",\"url\":\"/userprofile\",\"status\":\"304\",\"responseTime\":\"175.365\"}","timestamp":"2024-10-30T23:46:32.843Z"}
{"level":"\u001b[32minfo\u001b[39m","message":"{\"method\":\"GET\",\"url\":\"/userprofile\",\"status\":\"304\",\"responseTime\":\"319.325\"}","timestamp":"2024-10-30T23:46:45.302Z"}
{"level":"\u001b[32minfo\u001b[39m","message":"{\"method\":\"GET\",\"url\":\"/userprofile\",\"status\":\"304\",\"responseTime\":\"166.209\"}","timestamp":"2024-10-30T23:46:51.755Z"}
{"level":"\u001b[32minfo\u001b[39m","message":"{\"method\":\"GET\",\"url\":\"/userprofile\",\"status\":\"304\",\"responseTime\":\"183.041\"}","timestamp":"2024-10-30T23:47:04.091Z"}
{"level":"\u001b[32minfo\u001b[39m","message":"{\"method\":\"GET\",\"url\":\"/userprofile\",\"status\":\"304\",\"responseTime\":\"233.798\"}","timestamp":"2024-10-30T23:47:30.933Z"}
{"level":"\u001b[32minfo\u001b[39m","message":"{\"method\":\"GET\",\"url\":\"/userprofile\",\"status\":\"304\",\"responseTime\":\"185.594\"}","timestamp":"2024-10-30T23:47:38.603Z"}
{"level":"\u001b[32minfo\u001b[39m","message":"{\"method\":\"GET\",\"url\":\"/userprofile\",\"status\":\"304\",\"responseTime\":\"175.839\"}","timestamp":"2024-10-30T23:47:47.250Z"}
{"level":"\u001b[32minfo\u001b[39m","message":"{\"method\":\"GET\",\"url\":\"/userprofile\",\"status\":\"304\",\"responseTime\":\"201.905\"}","timestamp":"2024-10-30T23:47:57.123Z"}
{"level":"\u001b[32minfo\u001b[39m","message":"{\"method\":\"GET\",\"url\":\"/userprofile\",\"status\":\"304\",\"responseTime\":\"179.046\"}","timestamp":"2024-10-30T23:48:23.802Z"}
{"level":"\u001b[32minfo\u001b[39m","message":"{\"method\":\"GET\",\"url\":\"/userprofile\",\"status\":\"304\",\"responseTime\":\"161.691\"}","timestamp":"2024-10-30T23:49:38.622Z"}
{"level":"\u001b[32minfo\u001b[39m","message":"{\"method\":\"GET\",\"url\":\"/userprofile\",\"status\":\"304\",\"responseTime\":\"185.263\"}","timestamp":"2024-10-30T23:49:42.110Z"}
{"level":"\u001b[32minfo\u001b[39m","message":"{\"method\":\"GET\",\"url\":\"/userprofile\",\"status\":\"304\",\"responseTime\":\"230.564\"}","timestamp":"2024-10-30T23:49:43.981Z"}
{"level":"\u001b[32minfo\u001b[39m","message":"{\"method\":\"GET\",\"url\":\"/userprofile\",\"status\":\"304\",\"responseTime\":\"175.975\"}","timestamp":"2024-10-30T23:50:34.453Z"}
{"level":"\u001b[32minfo\u001b[39m","message":"{\"method\":\"GET\",\"url\":\"/userprofile\",\"status\":\"304\",\"responseTime\":\"172.185\"}","timestamp":"2024-10-30T23:50:49.670Z"}
{"level":"\u001b[32minfo\u001b[39m","message":"{\"method\":\"GET\",\"url\":\"/users?name=ni\",\"status\":\"304\",\"responseTime\":\"237.383\"}","timestamp":"2024-10-30T23:51:01.376Z"}
{"level":"\u001b[32minfo\u001b[39m","message":"{\"method\":\"GET\",\"url\":\"/userprofile\",\"status\":\"304\",\"responseTime\":\"254.283\"}","timestamp":"2024-10-30T23:51:01.408Z"}
{"level":"\u001b[32minfo\u001b[39m","message":"{\"method\":\"GET\",\"url\":\"/users?name=nifli\",\"status\":\"200\",\"responseTime\":\"224.748\"}","timestamp":"2024-10-30T23:51:05.487Z"}
{"level":"\u001b[32minfo\u001b[39m","message":"{\"method\":\"GET\",\"url\":\"/users?name=\",\"status\":\"304\",\"responseTime\":\"198.610\"}","timestamp":"2024-10-30T23:51:08.459Z"}
{"level":"\u001b[32minfo\u001b[39m","message":"{\"method\":\"GET\",\"url\":\"/users?name=ni\",\"status\":\"304\",\"responseTime\":\"168.100\"}","timestamp":"2024-10-30T23:51:09.363Z"}
{"level":"\u001b[32minfo\u001b[39m","message":"{\"method\":\"GET\",\"url\":\"/users?name=nifk\",\"status\":\"200\",\"responseTime\":\"173.483\"}","timestamp":"2024-10-30T23:51:12.089Z"}
{"level":"\u001b[32minfo\u001b[39m","message":"{\"method\":\"GET\",\"url\":\"/users?name=nif\",\"status\":\"304\",\"responseTime\":\"169.977\"}","timestamp":"2024-10-30T23:51:12.385Z"}
{"level":"\u001b[32minfo\u001b[39m","message":"{\"method\":\"GET\",\"url\":\"/users?name=\",\"status\":\"304\",\"responseTime\":\"259.757\"}","timestamp":"2024-10-30T23:51:13.370Z"}
{"level":"\u001b[32minfo\u001b[39m","message":"{\"method\":\"GET\",\"url\":\"/users?name=mo\",\"status\":\"200\",\"responseTime\":\"271.535\"}","timestamp":"2024-10-30T23:51:14.981Z"}
{"level":"\u001b[32minfo\u001b[39m","message":"{\"method\":\"GET\",\"url\":\"/users?name=moha\",\"status\":\"200\",\"responseTime\":\"213.454\"}","timestamp":"2024-10-30T23:51:16.825Z"}
{"level":"\u001b[32minfo\u001b[39m","message":"{\"method\":\"GET\",\"url\":\"/users?name=\",\"status\":\"304\",\"responseTime\":\"199.498\"}","timestamp":"2024-10-30T23:51:19.261Z"}
{"level":"\u001b[32minfo\u001b[39m","message":"{\"method\":\"GET\",\"url\":\"/users?name=naal\",\"status\":\"200\",\"responseTime\":\"213.558\"}","timestamp":"2024-10-30T23:51:22.887Z"}
{"level":"\u001b[32minfo\u001b[39m","message":"{\"method\":\"GET\",\"url\":\"/userprofile\",\"status\":\"304\",\"responseTime\":\"199.639\"}","timestamp":"2024-10-30T23:51:27.162Z"}
{"level":"\u001b[32minfo\u001b[39m","message":"{\"method\":\"GET\",\"url\":\"/users?name=ns\",\"status\":\"304\",\"responseTime\":\"182.246\"}","timestamp":"2024-10-30T23:51:30.514Z"}
{"level":"\u001b[32minfo\u001b[39m","message":"{\"method\":\"GET\",\"url\":\"/userprofile\",\"status\":\"304\",\"responseTime\":\"199.873\"}","timestamp":"2024-10-30T23:51:30.542Z"}
{"level":"\u001b[32minfo\u001b[39m","message":"{\"method\":\"GET\",\"url\":\"/users?name=nspi\",\"status\":\"200\",\"responseTime\":\"232.118\"}","timestamp":"2024-10-30T23:51:34.545Z"}
{"level":"\u001b[32minfo\u001b[39m","message":"{\"method\":\"GET\",\"url\":\"/users?name=ns\",\"status\":\"304\",\"responseTime\":\"221.046\"}","timestamp":"2024-10-30T23:51:36.330Z"}
{"level":"\u001b[32minfo\u001b[39m","message":"{\"method\":\"GET\",\"url\":\"/users?name=n\",\"status\":\"304\",\"responseTime\":\"180.705\"}","timestamp":"2024-10-30T23:51:37.943Z"}
{"level":"\u001b[32minfo\u001b[39m","message":"{\"method\":\"GET\",\"url\":\"/users?name=ndfd\",\"status\":\"200\",\"responseTime\":\"181.909\"}","timestamp":"2024-10-30T23:51:39.744Z"}
{"level":"\u001b[32minfo\u001b[39m","message":"{\"method\":\"GET\",\"url\":\"/users?name=\",\"status\":\"304\",\"responseTime\":\"171.501\"}","timestamp":"2024-10-30T23:51:41.269Z"}
{"level":"\u001b[32minfo\u001b[39m","message":"{\"method\":\"GET\",\"url\":\"/userprofile\",\"status\":\"304\",\"responseTime\":\"354.194\"}","timestamp":"2024-10-30T23:51:43.702Z"}
{"level":"\u001b[32minfo\u001b[39m","message":"{\"method\":\"GET\",\"url\":\"/users?name=ni\",\"status\":\"304\",\"responseTime\":\"200.978\"}","timestamp":"2024-10-30T23:51:46.492Z"}
{"level":"\u001b[32minfo\u001b[39m","message":"{\"method\":\"GET\",\"url\":\"/userprofile\",\"status\":\"304\",\"responseTime\":\"220.944\"}","timestamp":"2024-10-30T23:51:46.522Z"}
{"level":"\u001b[32minfo\u001b[39m","message":"{\"method\":\"GET\",\"url\":\"/users?name=nijj\",\"status\":\"200\",\"responseTime\":\"239.197\"}","timestamp":"2024-10-30T23:51:49.542Z"}
{"level":"\u001b[32minfo\u001b[39m","message":"{\"method\":\"GET\",\"url\":\"/users?name=\",\"status\":\"304\",\"responseTime\":\"176.180\"}","timestamp":"2024-10-30T23:51:52.194Z"}
{"level":"\u001b[32minfo\u001b[39m","message":"{\"method\":\"GET\",\"url\":\"/users?name=ni\",\"status\":\"304\",\"responseTime\":\"192.638\"}","timestamp":"2024-10-30T23:51:53.290Z"}
{"level":"\u001b[32minfo\u001b[39m","message":"{\"method\":\"GET\",\"url\":\"/users?name=\",\"status\":\"304\",\"responseTime\":\"257.384\"}","timestamp":"2024-10-30T23:51:54.550Z"}
{"level":"\u001b[32minfo\u001b[39m","message":"{\"method\":\"GET\",\"url\":\"/users?name=mon\",\"status\":\"200\",\"responseTime\":\"256.375\"}","timestamp":"2024-10-30T23:51:57.453Z"}
{"level":"\u001b[32minfo\u001b[39m","message":"{\"method\":\"GET\",\"url\":\"/users?name=mo\",\"status\":\"304\",\"responseTime\":\"182.177\"}","timestamp":"2024-10-30T23:51:58.602Z"}
{"level":"\u001b[32minfo\u001b[39m","message":"{\"method\":\"GET\",\"url\":\"/users?name=m\",\"status\":\"304\",\"responseTime\":\"181.457\"}","timestamp":"2024-10-30T23:51:59.565Z"}
{"level":"\u001b[32minfo\u001b[39m","message":"{\"method\":\"GET\",\"url\":\"/users?name=\",\"status\":\"304\",\"responseTime\":\"251.724\"}","timestamp":"2024-10-30T23:52:01.068Z"}
{"level":"\u001b[32minfo\u001b[39m","message":"{\"method\":\"GET\",\"url\":\"/userprofile\",\"status\":\"304\",\"responseTime\":\"196.820\"}","timestamp":"2024-10-30T23:52:06.585Z"}
{"level":"\u001b[32minfo\u001b[39m","message":"{\"method\":\"GET\",\"url\":\"/userprofile\",\"status\":\"304\",\"responseTime\":\"169.314\"}","timestamp":"2024-10-31T00:02:54.173Z"}
{"level":"\u001b[32minfo\u001b[39m","message":"{\"method\":\"GET\",\"url\":\"/userprofile\",\"status\":\"304\",\"responseTime\":\"171.190\"}","timestamp":"2024-10-31T00:03:04.298Z"}
{"level":"\u001b[32minfo\u001b[39m","message":"{\"method\":\"GET\",\"url\":\"/users?name=h\",\"status\":\"304\",\"responseTime\":\"175.922\"}","timestamp":"2024-10-31T00:03:06.677Z"}
{"level":"\u001b[32minfo\u001b[39m","message":"{\"method\":\"GET\",\"url\":\"/userprofile\",\"status\":\"304\",\"responseTime\":\"193.505\"}","timestamp":"2024-10-31T00:03:06.684Z"}
{"level":"\u001b[32minfo\u001b[39m","message":"{\"method\":\"GET\",\"url\":\"/users?name=hhi\",\"status\":\"200\",\"responseTime\":\"182.638\"}","timestamp":"2024-10-31T00:03:09.366Z"}
{"level":"\u001b[32minfo\u001b[39m","message":"{\"method\":\"GET\",\"url\":\"/users?name=\",\"status\":\"304\",\"responseTime\":\"185.306\"}","timestamp":"2024-10-31T00:03:10.610Z"}
{"level":"\u001b[32minfo\u001b[39m","message":"{\"method\":\"GET\",\"url\":\"/users?name=ni\",\"status\":\"304\",\"responseTime\":\"197.028\"}","timestamp":"2024-10-31T00:03:11.912Z"}
{"level":"\u001b[32minfo\u001b[39m","message":"{\"method\":\"GET\",\"url\":\"/users?name=nimo\",\"status\":\"200\",\"responseTime\":\"275.143\"}","timestamp":"2024-10-31T00:03:13.340Z"}
{"level":"\u001b[32minfo\u001b[39m","message":"{\"method\":\"GET\",\"url\":\"/users?name=m\",\"status\":\"304\",\"responseTime\":\"283.567\"}","timestamp":"2024-10-31T00:03:14.931Z"}
{"level":"\u001b[32minfo\u001b[39m","message":"{\"method\":\"GET\",\"url\":\"/users?name=mo\",\"status\":\"304\",\"responseTime\":\"179.501\"}","timestamp":"2024-10-31T00:03:15.411Z"}
{"level":"\u001b[32minfo\u001b[39m","message":"{\"method\":\"GET\",\"url\":\"/users?name=moh\",\"status\":\"200\",\"responseTime\":\"178.935\"}","timestamp":"2024-10-31T00:03:15.920Z"}
{"level":"\u001b[32minfo\u001b[39m","message":"{\"method\":\"GET\",\"url\":\"/users?name=mohamm\",\"status\":\"200\",\"responseTime\":\"172.567\"}","timestamp":"2024-10-31T00:03:17.787Z"}
{"level":"\u001b[32minfo\u001b[39m","message":"{\"method\":\"GET\",\"url\":\"/users?name=\",\"status\":\"304\",\"responseTime\":\"212.623\"}","timestamp":"2024-10-31T00:03:19.880Z"}
{"level":"\u001b[32minfo\u001b[39m","message":"{\"method\":\"GET\",\"url\":\"/userprofile\",\"status\":\"304\",\"responseTime\":\"177.850\"}","timestamp":"2024-10-31T00:03:21.194Z"}
{"level":"\u001b[32minfo\u001b[39m","message":"{\"method\":\"GET\",\"url\":\"/userprofile\",\"status\":\"304\",\"responseTime\":\"182.844\"}","timestamp":"2024-10-31T00:03:35.217Z"}
{"level":"\u001b[32minfo\u001b[39m","message":"{\"method\":\"POST\",\"url\":\"/login\",\"status\":\"200\",\"responseTime\":\"245.795\"}","timestamp":"2024-10-31T00:27:25.151Z"}
{"level":"\u001b[32minfo\u001b[39m","message":"{\"method\":\"GET\",\"url\":\"/userprofile\",\"status\":\"304\",\"responseTime\":\"194.694\"}","timestamp":"2024-10-31T00:27:25.413Z"}
{"level":"\u001b[32minfo\u001b[39m","message":"{\"method\":\"GET\",\"url\":\"/userprofile\",\"status\":\"304\",\"responseTime\":\"215.519\"}","timestamp":"2024-10-31T00:27:27.157Z"}
{"level":"\u001b[32minfo\u001b[39m","message":"{\"method\":\"GET\",\"url\":\"/userprofile\",\"status\":\"304\",\"responseTime\":\"213.513\"}","timestamp":"2024-10-31T00:27:31.658Z"}
{"level":"\u001b[32minfo\u001b[39m","message":"{\"method\":\"GET\",\"url\":\"/users?name=h\",\"status\":\"304\",\"responseTime\":\"201.714\"}","timestamp":"2024-10-31T00:27:31.664Z"}
{"level":"\u001b[32minfo\u001b[39m","message":"{\"method\":\"GET\",\"url\":\"/users?name=hk\",\"status\":\"200\",\"responseTime\":\"199.108\"}","timestamp":"2024-10-31T00:27:34.012Z"}
{"level":"\u001b[32minfo\u001b[39m","message":"{\"method\":\"GET\",\"url\":\"/users?name=h\",\"status\":\"304\",\"responseTime\":\"212.059\"}","timestamp":"2024-10-31T00:27:34.983Z"}
{"level":"\u001b[32minfo\u001b[39m","message":"{\"method\":\"GET\",\"url\":\"/users?name=\",\"status\":\"304\",\"responseTime\":\"222.539\"}","timestamp":"2024-10-31T00:27:36.108Z"}
{"level":"\u001b[32minfo\u001b[39m","message":"{\"method\":\"GET\",\"url\":\"/users?name=ni\",\"status\":\"304\",\"responseTime\":\"242.122\"}","timestamp":"2024-10-31T00:27:37.122Z"}
{"level":"\u001b[32minfo\u001b[39m","message":"{\"method\":\"GET\",\"url\":\"/users?name=m\",\"status\":\"304\",\"responseTime\":\"232.885\"}","timestamp":"2024-10-31T00:27:39.053Z"}
{"level":"\u001b[32minfo\u001b[39m","message":"{\"method\":\"GET\",\"url\":\"/users?name=moh\",\"status\":\"304\",\"responseTime\":\"206.193\"}","timestamp":"2024-10-31T00:27:40.804Z"}
{"level":"\u001b[32minfo\u001b[39m","message":"{\"method\":\"GET\",\"url\":\"/users?name=mo\",\"status\":\"304\",\"responseTime\":\"218.419\"}","timestamp":"2024-10-31T00:27:42.110Z"}
{"level":"\u001b[32minfo\u001b[39m","message":"{\"method\":\"GET\",\"url\":\"/users?name=\",\"status\":\"304\",\"responseTime\":\"209.214\"}","timestamp":"2024-10-31T00:27:43.357Z"}
{"level":"\u001b[32minfo\u001b[39m","message":"{\"method\":\"GET\",\"url\":\"/userprofile\",\"status\":\"304\",\"responseTime\":\"203.934\"}","timestamp":"2024-10-31T00:27:46.088Z"}
{"level":"\u001b[32minfo\u001b[39m","message":"{\"method\":\"GET\",\"url\":\"/userprofile\",\"status\":\"304\",\"responseTime\":\"200.493\"}","timestamp":"2024-10-31T00:43:54.345Z"}
{"level":"\u001b[32minfo\u001b[39m","message":"{\"method\":\"GET\",\"url\":\"/userprofile\",\"status\":\"304\",\"responseTime\":\"197.587\"}","timestamp":"2024-10-31T00:46:14.602Z"}
{"level":"\u001b[32minfo\u001b[39m","message":"{\"method\":\"GET\",\"url\":\"/userprofile\",\"status\":\"304\",\"responseTime\":\"270.640\"}","timestamp":"2024-10-31T00:46:20.713Z"}
{"level":"\u001b[32minfo\u001b[39m","message":"{\"method\":\"GET\",\"url\":\"/userprofile\",\"status\":\"304\",\"responseTime\":\"176.218\"}","timestamp":"2024-10-31T00:46:55.612Z"}
{"level":"\u001b[32minfo\u001b[39m","message":"{\"method\":\"GET\",\"url\":\"/userprofile\",\"status\":\"304\",\"responseTime\":\"357.936\"}","timestamp":"2024-10-31T00:47:02.586Z"}
{"level":"\u001b[32minfo\u001b[39m","message":"{\"method\":\"GET\",\"url\":\"/userprofile\",\"status\":\"304\",\"responseTime\":\"225.419\"}","timestamp":"2024-10-31T00:47:18.295Z"}
{"level":"\u001b[32minfo\u001b[39m","message":"{\"method\":\"GET\",\"url\":\"/userprofile\",\"status\":\"304\",\"responseTime\":\"324.607\"}","timestamp":"2024-10-31T00:47:21.402Z"}
{"level":"\u001b[32minfo\u001b[39m","message":"{\"method\":\"GET\",\"url\":\"/userprofile\",\"status\":\"304\",\"responseTime\":\"206.771\"}","timestamp":"2024-10-31T00:48:26.455Z"}
{"level":"\u001b[32minfo\u001b[39m","message":"{\"method\":\"GET\",\"url\":\"/userprofile\",\"status\":\"304\",\"responseTime\":\"197.086\"}","timestamp":"2024-10-31T00:49:07.633Z"}
{"level":"\u001b[32minfo\u001b[39m","message":"{\"method\":\"GET\",\"url\":\"/userprofile\",\"status\":\"304\",\"responseTime\":\"195.836\"}","timestamp":"2024-10-31T00:49:15.424Z"}
{"level":"\u001b[32minfo\u001b[39m","message":"{\"method\":\"GET\",\"url\":\"/userprofile\",\"status\":\"304\",\"responseTime\":\"210.325\"}","timestamp":"2024-10-31T00:50:42.621Z"}
{"level":"\u001b[32minfo\u001b[39m","message":"{\"method\":\"GET\",\"url\":\"/userprofile\",\"status\":\"304\",\"responseTime\":\"191.646\"}","timestamp":"2024-10-31T00:53:02.473Z"}
{"level":"\u001b[32minfo\u001b[39m","message":"{\"method\":\"GET\",\"url\":\"/userprofile\",\"status\":\"304\",\"responseTime\":\"254.366\"}","timestamp":"2024-10-31T00:53:50.701Z"}
{"level":"\u001b[32minfo\u001b[39m","message":"{\"method\":\"GET\",\"url\":\"/userprofile\",\"status\":\"304\",\"responseTime\":\"265.409\"}","timestamp":"2024-10-31T00:53:52.133Z"}
{"level":"\u001b[32minfo\u001b[39m","message":"{\"method\":\"GET\",\"url\":\"/userprofile\",\"status\":\"304\",\"responseTime\":\"196.355\"}","timestamp":"2024-10-31T00:53:56.081Z"}
{"level":"\u001b[32minfo\u001b[39m","message":"{\"method\":\"GET\",\"url\":\"/userprofile\",\"status\":\"304\",\"responseTime\":\"226.684\"}","timestamp":"2024-10-31T00:54:06.154Z"}
{"level":"\u001b[32minfo\u001b[39m","message":"{\"method\":\"GET\",\"url\":\"/userprofile\",\"status\":\"304\",\"responseTime\":\"205.237\"}","timestamp":"2024-10-31T00:54:17.480Z"}
{"level":"\u001b[32minfo\u001b[39m","message":"{\"method\":\"GET\",\"url\":\"/userprofile\",\"status\":\"304\",\"responseTime\":\"167.924\"}","timestamp":"2024-10-31T00:54:53.812Z"}
{"level":"\u001b[32minfo\u001b[39m","message":"{\"method\":\"GET\",\"url\":\"/userprofile\",\"status\":\"304\",\"responseTime\":\"164.684\"}","timestamp":"2024-10-31T00:55:00.795Z"}
{"level":"\u001b[32minfo\u001b[39m","message":"{\"method\":\"GET\",\"url\":\"/userprofile\",\"status\":\"304\",\"responseTime\":\"253.231\"}","timestamp":"2024-10-31T00:55:09.804Z"}
{"level":"\u001b[32minfo\u001b[39m","message":"{\"method\":\"GET\",\"url\":\"/userprofile\",\"status\":\"304\",\"responseTime\":\"176.999\"}","timestamp":"2024-10-31T00:55:27.969Z"}
{"level":"\u001b[32minfo\u001b[39m","message":"{\"method\":\"GET\",\"url\":\"/userprofile\",\"status\":\"304\",\"responseTime\":\"218.951\"}","timestamp":"2024-10-31T01:02:35.815Z"}
{"level":"\u001b[32minfo\u001b[39m","message":"{\"method\":\"GET\",\"url\":\"/userprofile\",\"status\":\"304\",\"responseTime\":\"239.360\"}","timestamp":"2024-10-31T01:10:38.269Z"}
{"level":"\u001b[32minfo\u001b[39m","message":"{\"method\":\"GET\",\"url\":\"/userprofile\",\"status\":\"304\",\"responseTime\":\"305.265\"}","timestamp":"2024-10-31T01:11:36.115Z"}
{"level":"\u001b[32minfo\u001b[39m","message":"{\"method\":\"GET\",\"url\":\"/userprofile\",\"status\":\"304\",\"responseTime\":\"257.749\"}","timestamp":"2024-10-31T01:11:40.310Z"}
{"level":"\u001b[32minfo\u001b[39m","message":"{\"method\":\"GET\",\"url\":\"/userprofile\",\"status\":\"304\",\"responseTime\":\"249.805\"}","timestamp":"2024-10-31T01:11:48.083Z"}
{"level":"\u001b[32minfo\u001b[39m","message":"{\"method\":\"GET\",\"url\":\"/userprofile\",\"status\":\"304\",\"responseTime\":\"177.377\"}","timestamp":"2024-10-31T01:13:10.277Z"}
{"level":"\u001b[32minfo\u001b[39m","message":"{\"method\":\"GET\",\"url\":\"/userprofile\",\"status\":\"304\",\"responseTime\":\"188.688\"}","timestamp":"2024-10-31T01:13:30.266Z"}
{"level":"\u001b[32minfo\u001b[39m","message":"{\"method\":\"GET\",\"url\":\"/userprofile\",\"status\":\"304\",\"responseTime\":\"185.347\"}","timestamp":"2024-10-31T01:14:04.291Z"}
{"level":"\u001b[32minfo\u001b[39m","message":"{\"method\":\"GET\",\"url\":\"/userprofile\",\"status\":\"304\",\"responseTime\":\"191.751\"}","timestamp":"2024-10-31T01:14:44.444Z"}
{"level":"\u001b[32minfo\u001b[39m","message":"{\"method\":\"GET\",\"url\":\"/userprofile\",\"status\":\"304\",\"responseTime\":\"208.681\"}","timestamp":"2024-10-31T01:14:45.438Z"}
{"level":"\u001b[32minfo\u001b[39m","message":"{\"method\":\"GET\",\"url\":\"/userprofile\",\"status\":\"304\",\"responseTime\":\"243.596\"}","timestamp":"2024-10-31T01:14:51.828Z"}
{"level":"\u001b[32minfo\u001b[39m","message":"{\"method\":\"GET\",\"url\":\"/userprofile\",\"status\":\"304\",\"responseTime\":\"242.825\"}","timestamp":"2024-10-31T01:14:58.833Z"}
{"level":"\u001b[32minfo\u001b[39m","message":"{\"method\":\"GET\",\"url\":\"/userprofile\",\"status\":\"304\",\"responseTime\":\"188.427\"}","timestamp":"2024-10-31T01:16:08.836Z"}
{"level":"\u001b[32minfo\u001b[39m","message":"{\"method\":\"GET\",\"url\":\"/userprofile\",\"status\":\"304\",\"responseTime\":\"184.102\"}","timestamp":"2024-10-31T01:16:29.445Z"}
{"level":"\u001b[32minfo\u001b[39m","message":"{\"method\":\"GET\",\"url\":\"/userprofile\",\"status\":\"304\",\"responseTime\":\"198.430\"}","timestamp":"2024-10-31T01:16:40.533Z"}
{"level":"\u001b[32minfo\u001b[39m","message":"{\"method\":\"GET\",\"url\":\"/userprofile\",\"status\":\"304\",\"responseTime\":\"198.039\"}","timestamp":"2024-10-31T01:16:43.203Z"}
{"level":"\u001b[32minfo\u001b[39m","message":"{\"method\":\"GET\",\"url\":\"/userprofile\",\"status\":\"304\",\"responseTime\":\"179.091\"}","timestamp":"2024-10-31T01:16:44.223Z"}
{"level":"\u001b[32minfo\u001b[39m","message":"{\"method\":\"GET\",\"url\":\"/userprofile\",\"status\":\"304\",\"responseTime\":\"170.297\"}","timestamp":"2024-10-31T01:16:53.656Z"}
{"level":"\u001b[32minfo\u001b[39m","message":"{\"method\":\"GET\",\"url\":\"/userprofile\",\"status\":\"304\",\"responseTime\":\"209.867\"}","timestamp":"2024-10-31T01:16:54.318Z"}
{"level":"\u001b[32minfo\u001b[39m","message":"{\"method\":\"GET\",\"url\":\"/userprofile\",\"status\":\"304\",\"responseTime\":\"170.392\"}","timestamp":"2024-10-31T01:17:03.134Z"}
{"level":"\u001b[32minfo\u001b[39m","message":"{\"method\":\"GET\",\"url\":\"/userprofile\",\"status\":\"304\",\"responseTime\":\"275.777\"}","timestamp":"2024-10-31T01:17:04.743Z"}
{"level":"\u001b[32minfo\u001b[39m","message":"{\"method\":\"GET\",\"url\":\"/userprofile\",\"status\":\"304\",\"responseTime\":\"181.693\"}","timestamp":"2024-10-31T01:17:05.463Z"}
{"level":"\u001b[32minfo\u001b[39m","message":"{\"method\":\"GET\",\"url\":\"/userprofile\",\"status\":\"304\",\"responseTime\":\"198.617\"}","timestamp":"2024-10-31T01:17:14.267Z"}
{"level":"\u001b[32minfo\u001b[39m","message":"{\"method\":\"GET\",\"url\":\"/userprofile\",\"status\":\"304\",\"responseTime\":\"235.737\"}","timestamp":"2024-10-31T01:17:33.653Z"}
{"level":"\u001b[32minfo\u001b[39m","message":"{\"method\":\"GET\",\"url\":\"/userprofile\",\"status\":\"304\",\"responseTime\":\"188.828\"}","timestamp":"2024-10-31T01:17:34.274Z"}
{"level":"\u001b[32minfo\u001b[39m","message":"{\"method\":\"GET\",\"url\":\"/userprofile\",\"status\":\"304\",\"responseTime\":\"220.655\"}","timestamp":"2024-10-31T01:18:06.627Z"}
{"level":"\u001b[32minfo\u001b[39m","message":"{\"method\":\"GET\",\"url\":\"/userprofile\",\"status\":\"304\",\"responseTime\":\"195.796\"}","timestamp":"2024-10-31T01:20:46.153Z"}
{"level":"\u001b[32minfo\u001b[39m","message":"{\"method\":\"GET\",\"url\":\"/userprofile\",\"status\":\"304\",\"responseTime\":\"230.227\"}","timestamp":"2024-10-31T01:20:52.071Z"}
{"level":"\u001b[32minfo\u001b[39m","message":"{\"method\":\"GET\",\"url\":\"/userprofile\",\"status\":\"304\",\"responseTime\":\"200.016\"}","timestamp":"2024-10-31T01:20:55.861Z"}
{"level":"\u001b[32minfo\u001b[39m","message":"{\"method\":\"GET\",\"url\":\"/userprofile\",\"status\":\"304\",\"responseTime\":\"236.938\"}","timestamp":"2024-10-31T01:20:56.122Z"}
{"level":"\u001b[32minfo\u001b[39m","message":"{\"method\":\"GET\",\"url\":\"/userprofile\",\"status\":\"304\",\"responseTime\":\"199.886\"}","timestamp":"2024-10-31T01:21:00.096Z"}
{"level":"\u001b[32minfo\u001b[39m","message":"{\"method\":\"GET\",\"url\":\"/userprofile\",\"status\":\"304\",\"responseTime\":\"176.381\"}","timestamp":"2024-10-31T01:21:01.615Z"}
{"level":"\u001b[32minfo\u001b[39m","message":"{\"method\":\"GET\",\"url\":\"/userprofile\",\"status\":\"304\",\"responseTime\":\"223.891\"}","timestamp":"2024-10-31T01:21:01.853Z"}
{"level":"\u001b[32minfo\u001b[39m","message":"{\"method\":\"GET\",\"url\":\"/userprofile\",\"status\":\"304\",\"responseTime\":\"192.247\"}","timestamp":"2024-10-31T01:21:56.252Z"}
{"level":"\u001b[32minfo\u001b[39m","message":"{\"method\":\"GET\",\"url\":\"/userprofile\",\"status\":\"304\",\"responseTime\":\"187.448\"}","timestamp":"2024-10-31T01:21:56.448Z"}
{"level":"\u001b[32minfo\u001b[39m","message":"{\"method\":\"GET\",\"url\":\"/userprofile\",\"status\":\"304\",\"responseTime\":\"215.090\"}","timestamp":"2024-10-31T01:23:12.382Z"}
{"level":"\u001b[32minfo\u001b[39m","message":"{\"method\":\"GET\",\"url\":\"/userprofile\",\"status\":\"304\",\"responseTime\":\"199.299\"}","timestamp":"2024-10-31T01:23:12.589Z"}
{"level":"\u001b[32minfo\u001b[39m","message":"{\"method\":\"GET\",\"url\":\"/userprofile\",\"status\":\"304\",\"responseTime\":\"202.190\"}","timestamp":"2024-10-31T01:23:43.330Z"}
{"level":"\u001b[32minfo\u001b[39m","message":"{\"method\":\"GET\",\"url\":\"/userprofile\",\"status\":\"304\",\"responseTime\":\"198.563\"}","timestamp":"2024-10-31T01:23:43.537Z"}
{"level":"\u001b[32minfo\u001b[39m","message":"{\"method\":\"POST\",\"url\":\"/login\",\"status\":\"200\",\"responseTime\":\"622.734\"}","timestamp":"2024-10-31T02:40:52.960Z"}
{"level":"\u001b[32minfo\u001b[39m","message":"{\"method\":\"GET\",\"url\":\"/userprofile\",\"status\":\"304\",\"responseTime\":\"100.818\"}","timestamp":"2024-10-31T02:40:53.128Z"}
{"level":"\u001b[32minfo\u001b[39m","message":"{\"method\":\"GET\",\"url\":\"/userprofile\",\"status\":\"304\",\"responseTime\":\"120.923\"}","timestamp":"2024-10-31T02:41:53.386Z"}
