{"level":"\u001b[32minfo\u001b[39m","message":"{\"method\":\"GET\",\"url\":\"/getbanner\",\"status\":\"304\",\"responseTime\":\"2019.614\"}","timestamp":"2024-12-03T03:34:47.993Z"}
{"level":"\u001b[32minfo\u001b[39m","message":"{\"method\":\"GET\",\"url\":\"/userprofile\",\"status\":\"304\",\"responseTime\":\"2976.013\"}","timestamp":"2024-12-03T03:34:48.966Z"}
{"level":"\u001b[32minfo\u001b[39m","message":"{\"method\":\"GET\",\"url\":\"/userprofile\",\"status\":\"304\",\"responseTime\":\"228.587\"}","timestamp":"2024-12-03T03:34:50.346Z"}
{"level":"\u001b[32minfo\u001b[39m","message":"{\"method\":\"GET\",\"url\":\"/videos\",\"status\":\"304\",\"responseTime\":\"573.077\"}","timestamp":"2024-12-03T03:34:50.700Z"}
{"level":"\u001b[32minfo\u001b[39m","message":"{\"method\":\"GET\",\"url\":\"/userprofile\",\"status\":\"304\",\"responseTime\":\"1170.622\"}","timestamp":"2024-12-03T03:34:51.528Z"}
{"level":"\u001b[32minfo\u001b[39m","message":"{\"method\":\"GET\",\"url\":\"/userprofile\",\"status\":\"304\",\"responseTime\":\"1850.398\"}","timestamp":"2024-12-03T03:34:54.928Z"}
{"level":"\u001b[32minfo\u001b[39m","message":"{\"method\":\"GET\",\"url\":\"/getbanner\",\"status\":\"304\",\"responseTime\":\"279.489\"}","timestamp":"2024-12-03T03:35:01.133Z"}
{"level":"\u001b[32minfo\u001b[39m","message":"{\"method\":\"GET\",\"url\":\"/userprofile\",\"status\":\"304\",\"responseTime\":\"850.910\"}","timestamp":"2024-12-03T03:35:01.713Z"}
{"level":"\u001b[32minfo\u001b[39m","message":"{\"method\":\"GET\",\"url\":\"/userprofile\",\"status\":\"304\",\"responseTime\":\"1199.150\"}","timestamp":"2024-12-03T03:35:03.744Z"}
{"level":"\u001b[32minfo\u001b[39m","message":"{\"method\":\"GET\",\"url\":\"/userprofile\",\"status\":\"304\",\"responseTime\":\"204.209\"}","timestamp":"2024-12-03T04:00:25.306Z"}
{"level":"\u001b[32minfo\u001b[39m","message":"{\"method\":\"GET\",\"url\":\"/videos\",\"status\":\"304\",\"responseTime\":\"234.590\"}","timestamp":"2024-12-03T04:00:25.346Z"}
{"level":"\u001b[32minfo\u001b[39m","message":"{\"method\":\"GET\",\"url\":\"/userprofile\",\"status\":\"304\",\"responseTime\":\"218.734\"}","timestamp":"2024-12-03T04:00:25.592Z"}
{"level":"\u001b[32minfo\u001b[39m","message":"{\"method\":\"GET\",\"url\":\"/userprofile\",\"status\":\"304\",\"responseTime\":\"132.304\"}","timestamp":"2024-12-03T04:00:26.778Z"}
{"level":"\u001b[32minfo\u001b[39m","message":"{\"method\":\"GET\",\"url\":\"/getbanner\",\"status\":\"304\",\"responseTime\":\"62.513\"}","timestamp":"2024-12-03T04:00:33.083Z"}
{"level":"\u001b[32minfo\u001b[39m","message":"{\"method\":\"GET\",\"url\":\"/userprofile\",\"status\":\"304\",\"responseTime\":\"135.970\"}","timestamp":"2024-12-03T04:00:33.187Z"}
{"level":"\u001b[32minfo\u001b[39m","message":"{\"method\":\"GET\",\"url\":\"/userprofile\",\"status\":\"304\",\"responseTime\":\"267.702\"}","timestamp":"2024-12-03T04:00:35.186Z"}
{"level":"\u001b[32minfo\u001b[39m","message":"{\"method\":\"GET\",\"url\":\"/getbanner\",\"status\":\"304\",\"responseTime\":\"52.957\"}","timestamp":"2024-12-03T04:00:40.583Z"}
{"level":"\u001b[32minfo\u001b[39m","message":"{\"method\":\"GET\",\"url\":\"/userprofile\",\"status\":\"304\",\"responseTime\":\"151.554\"}","timestamp":"2024-12-03T04:00:40.686Z"}
{"level":"\u001b[32minfo\u001b[39m","message":"{\"method\":\"GET\",\"url\":\"/userprofile\",\"status\":\"304\",\"responseTime\":\"131.906\"}","timestamp":"2024-12-03T04:00:42.458Z"}
{"level":"\u001b[32minfo\u001b[39m","message":"{\"method\":\"GET\",\"url\":\"/getbanner\",\"status\":\"304\",\"responseTime\":\"47.620\"}","timestamp":"2024-12-03T04:00:45.800Z"}
{"level":"\u001b[32minfo\u001b[39m","message":"{\"method\":\"GET\",\"url\":\"/userprofile\",\"status\":\"304\",\"responseTime\":\"215.694\"}","timestamp":"2024-12-03T04:00:45.970Z"}
{"level":"\u001b[32minfo\u001b[39m","message":"{\"method\":\"GET\",\"url\":\"/userprofile\",\"status\":\"304\",\"responseTime\":\"351.045\"}","timestamp":"2024-12-03T04:00:48.107Z"}
{"level":"\u001b[32minfo\u001b[39m","message":"{\"method\":\"GET\",\"url\":\"/getbanner\",\"status\":\"304\",\"responseTime\":\"66.714\"}","timestamp":"2024-12-03T04:00:57.144Z"}
{"level":"\u001b[32minfo\u001b[39m","message":"{\"method\":\"GET\",\"url\":\"/userprofile\",\"status\":\"304\",\"responseTime\":\"205.982\"}","timestamp":"2024-12-03T04:00:57.299Z"}
{"level":"\u001b[32minfo\u001b[39m","message":"{\"method\":\"GET\",\"url\":\"/userprofile\",\"status\":\"304\",\"responseTime\":\"254.886\"}","timestamp":"2024-12-03T04:00:59.816Z"}
{"level":"\u001b[32minfo\u001b[39m","message":"{\"method\":\"GET\",\"url\":\"/getbanner\",\"status\":\"304\",\"responseTime\":\"44.340\"}","timestamp":"2024-12-03T04:01:02.777Z"}
{"level":"\u001b[32minfo\u001b[39m","message":"{\"method\":\"GET\",\"url\":\"/userprofile\",\"status\":\"304\",\"responseTime\":\"114.189\"}","timestamp":"2024-12-03T04:01:02.850Z"}
{"level":"\u001b[32minfo\u001b[39m","message":"{\"method\":\"GET\",\"url\":\"/userprofile\",\"status\":\"304\",\"responseTime\":\"209.827\"}","timestamp":"2024-12-03T04:01:04.679Z"}
{"level":"\u001b[32minfo\u001b[39m","message":"{\"method\":\"GET\",\"url\":\"/getbanner\",\"status\":\"304\",\"responseTime\":\"129.207\"}","timestamp":"2024-12-03T04:01:08.548Z"}
{"level":"\u001b[32minfo\u001b[39m","message":"{\"method\":\"GET\",\"url\":\"/userprofile\",\"status\":\"304\",\"responseTime\":\"297.940\"}","timestamp":"2024-12-03T04:01:08.724Z"}
{"level":"\u001b[32minfo\u001b[39m","message":"{\"method\":\"GET\",\"url\":\"/userprofile\",\"status\":\"304\",\"responseTime\":\"136.800\"}","timestamp":"2024-12-03T04:01:11.726Z"}
{"level":"\u001b[32minfo\u001b[39m","message":"{\"method\":\"GET\",\"url\":\"/getbanner\",\"status\":\"304\",\"responseTime\":\"106.628\"}","timestamp":"2024-12-03T04:01:19.628Z"}
{"level":"\u001b[32minfo\u001b[39m","message":"{\"method\":\"GET\",\"url\":\"/userprofile\",\"status\":\"304\",\"responseTime\":\"220.716\"}","timestamp":"2024-12-03T04:01:19.762Z"}
{"level":"\u001b[32minfo\u001b[39m","message":"{\"method\":\"GET\",\"url\":\"/userprofile\",\"status\":\"304\",\"responseTime\":\"165.856\"}","timestamp":"2024-12-03T04:01:21.322Z"}
{"level":"\u001b[32minfo\u001b[39m","message":"{\"method\":\"POST\",\"url\":\"/login\",\"status\":\"200\",\"responseTime\":\"174.718\"}","timestamp":"2024-12-03T04:11:34.121Z"}
{"level":"\u001b[32minfo\u001b[39m","message":"{\"method\":\"GET\",\"url\":\"/getbanner\",\"status\":\"304\",\"responseTime\":\"77.860\"}","timestamp":"2024-12-03T04:11:34.283Z"}
{"level":"\u001b[32minfo\u001b[39m","message":"{\"method\":\"GET\",\"url\":\"/userprofile\",\"status\":\"304\",\"responseTime\":\"175.287\"}","timestamp":"2024-12-03T04:11:34.386Z"}
{"level":"\u001b[32minfo\u001b[39m","message":"{\"method\":\"GET\",\"url\":\"/userprofile\",\"status\":\"304\",\"responseTime\":\"238.695\"}","timestamp":"2024-12-03T04:11:36.892Z"}
{"level":"\u001b[32minfo\u001b[39m","message":"{\"method\":\"GET\",\"url\":\"/userprofile\",\"status\":\"304\",\"responseTime\":\"1064.553\"}","timestamp":"2024-12-03T06:14:32.301Z"}
{"level":"\u001b[32minfo\u001b[39m","message":"{\"method\":\"GET\",\"url\":\"/userprofile\",\"status\":\"304\",\"responseTime\":\"135.961\"}","timestamp":"2024-12-03T06:14:46.591Z"}
{"level":"\u001b[32minfo\u001b[39m","message":"{\"method\":\"GET\",\"url\":\"/userprofile\",\"status\":\"304\",\"responseTime\":\"122.798\"}","timestamp":"2024-12-03T06:14:52.643Z"}
{"level":"\u001b[32minfo\u001b[39m","message":"{\"method\":\"GET\",\"url\":\"/userprofile\",\"status\":\"304\",\"responseTime\":\"130.760\"}","timestamp":"2024-12-03T06:15:05.895Z"}
{"level":"\u001b[32minfo\u001b[39m","message":"{\"method\":\"GET\",\"url\":\"/userprofile\",\"status\":\"304\",\"responseTime\":\"239.582\"}","timestamp":"2024-12-03T06:16:40.777Z"}
{"level":"\u001b[32minfo\u001b[39m","message":"{\"method\":\"GET\",\"url\":\"/userprofile\",\"status\":\"304\",\"responseTime\":\"258.842\"}","timestamp":"2024-12-03T06:20:58.892Z"}
{"level":"\u001b[32minfo\u001b[39m","message":"{\"method\":\"GET\",\"url\":\"/userprofile\",\"status\":\"304\",\"responseTime\":\"121.479\"}","timestamp":"2024-12-03T06:21:20.293Z"}
{"level":"\u001b[32minfo\u001b[39m","message":"{\"method\":\"GET\",\"url\":\"/getbanner\",\"status\":\"304\",\"responseTime\":\"55.563\"}","timestamp":"2024-12-03T06:21:24.223Z"}
{"level":"\u001b[32minfo\u001b[39m","message":"{\"method\":\"GET\",\"url\":\"/userprofile\",\"status\":\"304\",\"responseTime\":\"689.280\"}","timestamp":"2024-12-03T06:21:24.874Z"}
{"level":"\u001b[32minfo\u001b[39m","message":"{\"method\":\"GET\",\"url\":\"/userprofile\",\"status\":\"304\",\"responseTime\":\"134.016\"}","timestamp":"2024-12-03T06:21:26.788Z"}
{"level":"\u001b[32minfo\u001b[39m","message":"{\"method\":\"GET\",\"url\":\"/getbanner\",\"status\":\"304\",\"responseTime\":\"46.196\"}","timestamp":"2024-12-03T06:21:30.978Z"}
{"level":"\u001b[32minfo\u001b[39m","message":"{\"method\":\"GET\",\"url\":\"/userprofile\",\"status\":\"304\",\"responseTime\":\"1039.189\"}","timestamp":"2024-12-03T06:21:31.994Z"}
{"level":"\u001b[32minfo\u001b[39m","message":"{\"method\":\"GET\",\"url\":\"/getbanner\",\"status\":\"304\",\"responseTime\":\"367.055\"}","timestamp":"2024-12-03T06:25:00.568Z"}
{"level":"\u001b[32minfo\u001b[39m","message":"{\"method\":\"GET\",\"url\":\"/userprofile\",\"status\":\"304\",\"responseTime\":\"945.707\"}","timestamp":"2024-12-03T06:25:01.168Z"}
{"level":"\u001b[32minfo\u001b[39m","message":"{\"method\":\"GET\",\"url\":\"/getbanner\",\"status\":\"304\",\"responseTime\":\"66.198\"}","timestamp":"2024-12-03T06:26:33.228Z"}
{"level":"\u001b[32minfo\u001b[39m","message":"{\"method\":\"GET\",\"url\":\"/userprofile\",\"status\":\"304\",\"responseTime\":\"396.896\"}","timestamp":"2024-12-03T06:26:33.589Z"}
{"level":"\u001b[32minfo\u001b[39m","message":"{\"method\":\"GET\",\"url\":\"/userprofile\",\"status\":\"304\",\"responseTime\":\"129.851\"}","timestamp":"2024-12-03T06:26:35.477Z"}
{"level":"\u001b[32minfo\u001b[39m","message":"{\"method\":\"GET\",\"url\":\"/userprofile\",\"status\":\"304\",\"responseTime\":\"133.717\"}","timestamp":"2024-12-03T06:26:36.575Z"}
{"level":"\u001b[32minfo\u001b[39m","message":"{\"method\":\"GET\",\"url\":\"/getbanner\",\"status\":\"304\",\"responseTime\":\"51.829\"}","timestamp":"2024-12-03T06:26:47.308Z"}
{"level":"\u001b[32minfo\u001b[39m","message":"{\"method\":\"GET\",\"url\":\"/userprofile\",\"status\":\"304\",\"responseTime\":\"138.976\"}","timestamp":"2024-12-03T06:26:47.398Z"}
{"level":"\u001b[32minfo\u001b[39m","message":"{\"method\":\"GET\",\"url\":\"/userprofile\",\"status\":\"304\",\"responseTime\":\"178.385\"}","timestamp":"2024-12-03T06:26:50.195Z"}
{"level":"\u001b[32minfo\u001b[39m","message":"{\"method\":\"GET\",\"url\":\"/getbanner\",\"status\":\"304\",\"responseTime\":\"89.034\"}","timestamp":"2024-12-03T06:26:52.527Z"}
{"level":"\u001b[32minfo\u001b[39m","message":"{\"method\":\"GET\",\"url\":\"/userprofile\",\"status\":\"304\",\"responseTime\":\"295.729\"}","timestamp":"2024-12-03T06:26:52.738Z"}
{"level":"\u001b[32minfo\u001b[39m","message":"{\"method\":\"GET\",\"url\":\"/userprofile\",\"status\":\"304\",\"responseTime\":\"160.798\"}","timestamp":"2024-12-03T06:26:54.064Z"}
{"level":"\u001b[32minfo\u001b[39m","message":"{\"method\":\"GET\",\"url\":\"/userprofile\",\"status\":\"304\",\"responseTime\":\"135.209\"}","timestamp":"2024-12-03T06:26:56.078Z"}
{"level":"\u001b[32minfo\u001b[39m","message":"{\"method\":\"GET\",\"url\":\"/userprofile\",\"status\":\"304\",\"responseTime\":\"281.028\"}","timestamp":"2024-12-03T06:26:59.542Z"}
{"level":"\u001b[32minfo\u001b[39m","message":"{\"method\":\"GET\",\"url\":\"/userprofile\",\"status\":\"304\",\"responseTime\":\"205.544\"}","timestamp":"2024-12-03T06:27:00.889Z"}
{"level":"\u001b[32minfo\u001b[39m","message":"{\"method\":\"GET\",\"url\":\"/userprofile\",\"status\":\"304\",\"responseTime\":\"206.845\"}","timestamp":"2024-12-03T06:27:04.834Z"}
{"level":"\u001b[32minfo\u001b[39m","message":"{\"method\":\"GET\",\"url\":\"/userprofile\",\"status\":\"304\",\"responseTime\":\"127.059\"}","timestamp":"2024-12-03T06:27:06.277Z"}
{"level":"\u001b[32minfo\u001b[39m","message":"{\"method\":\"GET\",\"url\":\"/userprofile\",\"status\":\"304\",\"responseTime\":\"181.516\"}","timestamp":"2024-12-03T06:27:11.933Z"}
{"level":"\u001b[32minfo\u001b[39m","message":"{\"method\":\"GET\",\"url\":\"/userprofile\",\"status\":\"304\",\"responseTime\":\"154.661\"}","timestamp":"2024-12-03T06:34:00.312Z"}
{"level":"\u001b[32minfo\u001b[39m","message":"{\"method\":\"GET\",\"url\":\"/userprofile\",\"status\":\"304\",\"responseTime\":\"134.316\"}","timestamp":"2024-12-03T06:34:36.471Z"}
{"level":"\u001b[32minfo\u001b[39m","message":"{\"method\":\"GET\",\"url\":\"/userprofile\",\"status\":\"304\",\"responseTime\":\"178.790\"}","timestamp":"2024-12-03T06:36:00.848Z"}
{"level":"\u001b[32minfo\u001b[39m","message":"{\"method\":\"GET\",\"url\":\"/getbanner\",\"status\":\"304\",\"responseTime\":\"82.332\"}","timestamp":"2024-12-03T06:36:12.215Z"}
{"level":"\u001b[32minfo\u001b[39m","message":"{\"method\":\"GET\",\"url\":\"/userprofile\",\"status\":\"304\",\"responseTime\":\"152.867\"}","timestamp":"2024-12-03T06:36:12.289Z"}
{"level":"\u001b[32minfo\u001b[39m","message":"{\"method\":\"GET\",\"url\":\"/userprofile\",\"status\":\"304\",\"responseTime\":\"117.020\"}","timestamp":"2024-12-03T06:36:15.994Z"}
{"level":"\u001b[32minfo\u001b[39m","message":"{\"method\":\"GET\",\"url\":\"/videos\",\"status\":\"200\",\"responseTime\":\"165.372\"}","timestamp":"2024-12-03T06:36:16.063Z"}
{"level":"\u001b[32minfo\u001b[39m","message":"{\"method\":\"GET\",\"url\":\"/userprofile\",\"status\":\"304\",\"responseTime\":\"108.413\"}","timestamp":"2024-12-03T06:36:16.112Z"}
{"level":"\u001b[32minfo\u001b[39m","message":"{\"method\":\"GET\",\"url\":\"/getbanner\",\"status\":\"304\",\"responseTime\":\"50.137\"}","timestamp":"2024-12-03T06:36:18.664Z"}
{"level":"\u001b[32minfo\u001b[39m","message":"{\"method\":\"GET\",\"url\":\"/userprofile\",\"status\":\"304\",\"responseTime\":\"117.831\"}","timestamp":"2024-12-03T06:36:18.733Z"}
{"level":"\u001b[32minfo\u001b[39m","message":"{\"method\":\"GET\",\"url\":\"/userprofile\",\"status\":\"304\",\"responseTime\":\"157.987\"}","timestamp":"2024-12-03T06:36:20.245Z"}
{"level":"\u001b[32minfo\u001b[39m","message":"{\"method\":\"GET\",\"url\":\"/userprofile\",\"status\":\"304\",\"responseTime\":\"142.233\"}","timestamp":"2024-12-03T06:36:21.410Z"}
{"level":"\u001b[32minfo\u001b[39m","message":"{\"method\":\"GET\",\"url\":\"/userprofile\",\"status\":\"304\",\"responseTime\":\"120.561\"}","timestamp":"2024-12-03T06:36:48.870Z"}
{"level":"\u001b[32minfo\u001b[39m","message":"{\"method\":\"GET\",\"url\":\"/getbanner\",\"status\":\"304\",\"responseTime\":\"48.313\"}","timestamp":"2024-12-03T06:37:00.716Z"}
{"level":"\u001b[32minfo\u001b[39m","message":"{\"method\":\"GET\",\"url\":\"/userprofile\",\"status\":\"304\",\"responseTime\":\"183.446\"}","timestamp":"2024-12-03T06:37:00.854Z"}
{"level":"\u001b[32minfo\u001b[39m","message":"{\"method\":\"GET\",\"url\":\"/userprofile\",\"status\":\"304\",\"responseTime\":\"117.212\"}","timestamp":"2024-12-03T06:37:02.742Z"}
{"level":"\u001b[32minfo\u001b[39m","message":"{\"method\":\"GET\",\"url\":\"/userprofile\",\"status\":\"304\",\"responseTime\":\"118.881\"}","timestamp":"2024-12-03T06:37:10.178Z"}
{"level":"\u001b[32minfo\u001b[39m","message":"{\"method\":\"GET\",\"url\":\"/userprofile\",\"status\":\"304\",\"responseTime\":\"196.538\"}","timestamp":"2024-12-03T06:37:14.089Z"}
{"level":"\u001b[32minfo\u001b[39m","message":"{\"method\":\"GET\",\"url\":\"/userprofile\",\"status\":\"304\",\"responseTime\":\"227.994\"}","timestamp":"2024-12-03T06:37:20.835Z"}
{"level":"\u001b[32minfo\u001b[39m","message":"{\"method\":\"GET\",\"url\":\"/getbanner\",\"status\":\"304\",\"responseTime\":\"54.152\"}","timestamp":"2024-12-03T06:40:56.799Z"}
{"level":"\u001b[32minfo\u001b[39m","message":"{\"method\":\"GET\",\"url\":\"/userprofile\",\"status\":\"304\",\"responseTime\":\"124.932\"}","timestamp":"2024-12-03T06:40:56.885Z"}
{"level":"\u001b[32minfo\u001b[39m","message":"{\"method\":\"GET\",\"url\":\"/userprofile\",\"status\":\"304\",\"responseTime\":\"148.851\"}","timestamp":"2024-12-03T06:48:10.445Z"}
{"level":"\u001b[32minfo\u001b[39m","message":"{\"method\":\"GET\",\"url\":\"/userprofile\",\"status\":\"304\",\"responseTime\":\"315.766\"}","timestamp":"2024-12-03T06:48:13.933Z"}
{"level":"\u001b[32minfo\u001b[39m","message":"{\"method\":\"GET\",\"url\":\"/userprofile\",\"status\":\"304\",\"responseTime\":\"218.356\"}","timestamp":"2024-12-03T06:49:55.752Z"}
{"level":"\u001b[32minfo\u001b[39m","message":"{\"method\":\"GET\",\"url\":\"/userprofile\",\"status\":\"304\",\"responseTime\":\"152.111\"}","timestamp":"2024-12-03T06:51:41.735Z"}
{"level":"\u001b[32minfo\u001b[39m","message":"{\"method\":\"GET\",\"url\":\"/userprofile\",\"status\":\"304\",\"responseTime\":\"126.787\"}","timestamp":"2024-12-03T06:54:01.016Z"}
{"level":"\u001b[32minfo\u001b[39m","message":"{\"method\":\"GET\",\"url\":\"/getbanner\",\"status\":\"304\",\"responseTime\":\"45.064\"}","timestamp":"2024-12-03T06:54:30.851Z"}
{"level":"\u001b[32minfo\u001b[39m","message":"{\"method\":\"GET\",\"url\":\"/userprofile\",\"status\":\"304\",\"responseTime\":\"126.774\"}","timestamp":"2024-12-03T06:54:30.937Z"}
{"level":"\u001b[32minfo\u001b[39m","message":"{\"method\":\"GET\",\"url\":\"/userprofile\",\"status\":\"-\",\"responseTime\":\"-\"}","timestamp":"2024-12-03T07:25:23.061Z"}
{"level":"\u001b[32minfo\u001b[39m","message":"{\"method\":\"GET\",\"url\":\"/getbanner\",\"status\":\"-\",\"responseTime\":\"-\"}","timestamp":"2024-12-03T07:25:31.693Z"}
{"level":"\u001b[32minfo\u001b[39m","message":"{\"method\":\"GET\",\"url\":\"/userprofile\",\"status\":\"-\",\"responseTime\":\"-\"}","timestamp":"2024-12-03T07:25:31.710Z"}
{"level":"\u001b[32minfo\u001b[39m","message":"{\"method\":\"GET\",\"url\":\"/userprofile\",\"status\":\"-\",\"responseTime\":\"-\"}","timestamp":"2024-12-03T07:25:34.497Z"}
{"level":"\u001b[32minfo\u001b[39m","message":"{\"method\":\"GET\",\"url\":\"/getbanner\",\"status\":\"-\",\"responseTime\":\"-\"}","timestamp":"2024-12-03T07:25:34.502Z"}
{"level":"\u001b[32minfo\u001b[39m","message":"{\"method\":\"GET\",\"url\":\"/userprofile\",\"status\":\"401\",\"responseTime\":\"30011.179\"}","timestamp":"2024-12-03T07:26:04.804Z"}
{"level":"\u001b[32minfo\u001b[39m","message":"{\"method\":\"GET\",\"url\":\"/userprofile\",\"status\":\"401\",\"responseTime\":\"30010.406\"}","timestamp":"2024-12-03T07:26:25.561Z"}
{"level":"\u001b[32minfo\u001b[39m","message":"{\"method\":\"GET\",\"url\":\"/userprofile\",\"status\":\"200\",\"responseTime\":\"1745.759\"}","timestamp":"2024-12-03T07:26:48.932Z"}
{"level":"\u001b[32minfo\u001b[39m","message":"{\"method\":\"GET\",\"url\":\"/userprofile\",\"status\":\"304\",\"responseTime\":\"176.161\"}","timestamp":"2024-12-03T07:26:50.501Z"}
{"level":"\u001b[32minfo\u001b[39m","message":"{\"method\":\"GET\",\"url\":\"/userprofile\",\"status\":\"304\",\"responseTime\":\"102.776\"}","timestamp":"2024-12-03T07:26:53.666Z"}
{"level":"\u001b[32minfo\u001b[39m","message":"{\"method\":\"GET\",\"url\":\"/getbanner\",\"status\":\"-\",\"responseTime\":\"-\"}","timestamp":"2024-12-03T07:26:56.942Z"}
{"level":"\u001b[32minfo\u001b[39m","message":"{\"method\":\"GET\",\"url\":\"/getbanner\",\"status\":\"200\",\"responseTime\":\"164.694\"}","timestamp":"2024-12-03T07:26:57.868Z"}
{"level":"\u001b[32minfo\u001b[39m","message":"{\"method\":\"GET\",\"url\":\"/userprofile\",\"status\":\"304\",\"responseTime\":\"2429.086\"}","timestamp":"2024-12-03T07:27:00.144Z"}
{"level":"\u001b[32minfo\u001b[39m","message":"{\"method\":\"GET\",\"url\":\"/getbanner\",\"status\":\"304\",\"responseTime\":\"48.507\"}","timestamp":"2024-12-03T07:28:10.458Z"}
{"level":"\u001b[32minfo\u001b[39m","message":"{\"method\":\"GET\",\"url\":\"/userprofile\",\"status\":\"304\",\"responseTime\":\"109.628\"}","timestamp":"2024-12-03T07:28:10.521Z"}
{"level":"\u001b[32minfo\u001b[39m","message":"{\"method\":\"GET\",\"url\":\"/userprofile\",\"status\":\"304\",\"responseTime\":\"119.159\"}","timestamp":"2024-12-03T07:28:12.239Z"}
{"level":"\u001b[32minfo\u001b[39m","message":"{\"method\":\"GET\",\"url\":\"/userprofile\",\"status\":\"304\",\"responseTime\":\"114.272\"}","timestamp":"2024-12-03T07:28:13.671Z"}
{"level":"\u001b[32minfo\u001b[39m","message":"{\"method\":\"GET\",\"url\":\"/userprofile\",\"status\":\"304\",\"responseTime\":\"166.334\"}","timestamp":"2024-12-03T07:28:23.418Z"}
{"level":"\u001b[32minfo\u001b[39m","message":"{\"method\":\"GET\",\"url\":\"/userprofile\",\"status\":\"304\",\"responseTime\":\"455.026\"}","timestamp":"2024-12-03T07:28:28.603Z"}
{"level":"\u001b[32minfo\u001b[39m","message":"{\"method\":\"GET\",\"url\":\"/getbanner\",\"status\":\"304\",\"responseTime\":\"46.654\"}","timestamp":"2024-12-03T07:28:33.260Z"}
{"level":"\u001b[32minfo\u001b[39m","message":"{\"method\":\"GET\",\"url\":\"/userprofile\",\"status\":\"304\",\"responseTime\":\"98.868\"}","timestamp":"2024-12-03T07:28:33.327Z"}
{"level":"\u001b[32minfo\u001b[39m","message":"{\"method\":\"GET\",\"url\":\"/userprofile\",\"status\":\"304\",\"responseTime\":\"1741.106\"}","timestamp":"2024-12-03T08:13:17.102Z"}
{"level":"\u001b[32minfo\u001b[39m","message":"{\"method\":\"GET\",\"url\":\"/userprofile\",\"status\":\"304\",\"responseTime\":\"155.195\"}","timestamp":"2024-12-03T08:13:19.048Z"}
{"level":"\u001b[32minfo\u001b[39m","message":"{\"method\":\"GET\",\"url\":\"/userprofile\",\"status\":\"304\",\"responseTime\":\"218.449\"}","timestamp":"2024-12-03T08:13:41.171Z"}
{"level":"\u001b[32minfo\u001b[39m","message":"{\"method\":\"GET\",\"url\":\"/getbanner\",\"status\":\"304\",\"responseTime\":\"639.530\"}","timestamp":"2024-12-03T08:13:41.602Z"}
{"level":"\u001b[32minfo\u001b[39m","message":"{\"method\":\"GET\",\"url\":\"/userprofile\",\"status\":\"304\",\"responseTime\":\"158.859\"}","timestamp":"2024-12-03T08:13:46.295Z"}
{"level":"\u001b[32minfo\u001b[39m","message":"{\"method\":\"GET\",\"url\":\"/getbanner\",\"status\":\"304\",\"responseTime\":\"59.375\"}","timestamp":"2024-12-03T08:13:50.518Z"}
{"level":"\u001b[32minfo\u001b[39m","message":"{\"method\":\"GET\",\"url\":\"/userprofile\",\"status\":\"304\",\"responseTime\":\"134.865\"}","timestamp":"2024-12-03T08:13:50.580Z"}
{"level":"\u001b[32minfo\u001b[39m","message":"{\"method\":\"GET\",\"url\":\"/userprofile\",\"status\":\"304\",\"responseTime\":\"132.910\"}","timestamp":"2024-12-03T08:13:53.574Z"}
{"level":"\u001b[32minfo\u001b[39m","message":"{\"method\":\"GET\",\"url\":\"/getbanner\",\"status\":\"304\",\"responseTime\":\"51.954\"}","timestamp":"2024-12-03T08:13:57.632Z"}
{"level":"\u001b[32minfo\u001b[39m","message":"{\"method\":\"GET\",\"url\":\"/userprofile\",\"status\":\"304\",\"responseTime\":\"107.961\"}","timestamp":"2024-12-03T08:13:57.676Z"}
{"level":"\u001b[32minfo\u001b[39m","message":"{\"method\":\"GET\",\"url\":\"/userprofile\",\"status\":\"304\",\"responseTime\":\"212.891\"}","timestamp":"2024-12-03T08:14:00.762Z"}
{"level":"\u001b[32minfo\u001b[39m","message":"{\"method\":\"GET\",\"url\":\"/userprofile\",\"status\":\"304\",\"responseTime\":\"129.672\"}","timestamp":"2024-12-03T08:14:01.948Z"}
{"level":"\u001b[32minfo\u001b[39m","message":"{\"method\":\"GET\",\"url\":\"/userprofile\",\"status\":\"304\",\"responseTime\":\"163.633\"}","timestamp":"2024-12-03T08:14:06.429Z"}
{"level":"\u001b[32minfo\u001b[39m","message":"{\"method\":\"GET\",\"url\":\"/getbanner\",\"status\":\"304\",\"responseTime\":\"61.263\"}","timestamp":"2024-12-03T08:14:07.945Z"}
{"level":"\u001b[32minfo\u001b[39m","message":"{\"method\":\"GET\",\"url\":\"/userprofile\",\"status\":\"304\",\"responseTime\":\"129.361\"}","timestamp":"2024-12-03T08:14:08.002Z"}
{"level":"\u001b[32minfo\u001b[39m","message":"{\"method\":\"GET\",\"url\":\"/userprofile\",\"status\":\"304\",\"responseTime\":\"435.945\"}","timestamp":"2024-12-03T08:20:49.981Z"}
{"level":"\u001b[32minfo\u001b[39m","message":"{\"method\":\"GET\",\"url\":\"/userprofile\",\"status\":\"304\",\"responseTime\":\"126.086\"}","timestamp":"2024-12-03T08:20:51.026Z"}
{"level":"\u001b[32minfo\u001b[39m","message":"{\"method\":\"GET\",\"url\":\"/userprofile\",\"status\":\"304\",\"responseTime\":\"151.702\"}","timestamp":"2024-12-03T08:21:21.530Z"}
{"level":"\u001b[32minfo\u001b[39m","message":"{\"method\":\"GET\",\"url\":\"/userprofile\",\"status\":\"304\",\"responseTime\":\"308.735\"}","timestamp":"2024-12-03T08:23:56.372Z"}
{"level":"\u001b[32minfo\u001b[39m","message":"{\"method\":\"GET\",\"url\":\"/userprofile\",\"status\":\"304\",\"responseTime\":\"191.731\"}","timestamp":"2024-12-03T08:25:43.041Z"}
{"level":"\u001b[32minfo\u001b[39m","message":"{\"method\":\"GET\",\"url\":\"/userprofile\",\"status\":\"304\",\"responseTime\":\"155.752\"}","timestamp":"2024-12-03T08:27:55.489Z"}
{"level":"\u001b[32minfo\u001b[39m","message":"{\"method\":\"GET\",\"url\":\"/userprofile\",\"status\":\"304\",\"responseTime\":\"137.001\"}","timestamp":"2024-12-03T08:29:05.347Z"}
{"level":"\u001b[32minfo\u001b[39m","message":"{\"method\":\"GET\",\"url\":\"/userprofile\",\"status\":\"304\",\"responseTime\":\"178.056\"}","timestamp":"2024-12-03T08:29:16.775Z"}
{"level":"\u001b[32minfo\u001b[39m","message":"{\"method\":\"GET\",\"url\":\"/userprofile\",\"status\":\"304\",\"responseTime\":\"175.358\"}","timestamp":"2024-12-03T08:29:28.293Z"}
{"level":"\u001b[32minfo\u001b[39m","message":"{\"method\":\"GET\",\"url\":\"/userprofile\",\"status\":\"304\",\"responseTime\":\"282.827\"}","timestamp":"2024-12-03T08:29:59.750Z"}
{"level":"\u001b[32minfo\u001b[39m","message":"{\"method\":\"GET\",\"url\":\"/userprofile\",\"status\":\"304\",\"responseTime\":\"238.268\"}","timestamp":"2024-12-03T08:30:22.954Z"}
{"level":"\u001b[32minfo\u001b[39m","message":"{\"method\":\"GET\",\"url\":\"/userprofile\",\"status\":\"304\",\"responseTime\":\"155.326\"}","timestamp":"2024-12-03T08:30:25.922Z"}
{"level":"\u001b[32minfo\u001b[39m","message":"{\"method\":\"GET\",\"url\":\"/userprofile\",\"status\":\"304\",\"responseTime\":\"331.731\"}","timestamp":"2024-12-03T08:30:27.163Z"}
{"level":"\u001b[32minfo\u001b[39m","message":"{\"method\":\"GET\",\"url\":\"/userprofile\",\"status\":\"304\",\"responseTime\":\"191.995\"}","timestamp":"2024-12-03T08:31:00.809Z"}
{"level":"\u001b[32minfo\u001b[39m","message":"{\"method\":\"GET\",\"url\":\"/userprofile\",\"status\":\"304\",\"responseTime\":\"118.933\"}","timestamp":"2024-12-03T08:31:23.148Z"}
{"level":"\u001b[32minfo\u001b[39m","message":"{\"method\":\"GET\",\"url\":\"/userprofile\",\"status\":\"304\",\"responseTime\":\"128.479\"}","timestamp":"2024-12-03T08:32:02.243Z"}
{"level":"\u001b[32minfo\u001b[39m","message":"{\"method\":\"GET\",\"url\":\"/userprofile\",\"status\":\"304\",\"responseTime\":\"123.686\"}","timestamp":"2024-12-03T08:33:03.032Z"}
{"level":"\u001b[32minfo\u001b[39m","message":"{\"method\":\"GET\",\"url\":\"/userprofile\",\"status\":\"304\",\"responseTime\":\"125.576\"}","timestamp":"2024-12-03T08:33:25.312Z"}
{"level":"\u001b[32minfo\u001b[39m","message":"{\"method\":\"GET\",\"url\":\"/userprofile\",\"status\":\"304\",\"responseTime\":\"143.512\"}","timestamp":"2024-12-03T08:33:30.220Z"}
{"level":"\u001b[32minfo\u001b[39m","message":"{\"method\":\"GET\",\"url\":\"/userprofile\",\"status\":\"304\",\"responseTime\":\"199.881\"}","timestamp":"2024-12-03T08:34:26.782Z"}
{"level":"\u001b[32minfo\u001b[39m","message":"{\"method\":\"GET\",\"url\":\"/userprofile\",\"status\":\"304\",\"responseTime\":\"180.833\"}","timestamp":"2024-12-03T08:34:45.806Z"}
{"level":"\u001b[32minfo\u001b[39m","message":"{\"method\":\"GET\",\"url\":\"/userprofile\",\"status\":\"304\",\"responseTime\":\"138.387\"}","timestamp":"2024-12-03T08:34:48.689Z"}
{"level":"\u001b[32minfo\u001b[39m","message":"{\"method\":\"GET\",\"url\":\"/getbanner\",\"status\":\"304\",\"responseTime\":\"54.990\"}","timestamp":"2024-12-03T08:34:56.262Z"}
{"level":"\u001b[32minfo\u001b[39m","message":"{\"method\":\"GET\",\"url\":\"/userprofile\",\"status\":\"304\",\"responseTime\":\"135.153\"}","timestamp":"2024-12-03T08:34:56.357Z"}
{"level":"\u001b[32minfo\u001b[39m","message":"{\"method\":\"GET\",\"url\":\"/userprofile\",\"status\":\"304\",\"responseTime\":\"174.875\"}","timestamp":"2024-12-03T08:35:04.946Z"}
{"level":"\u001b[32minfo\u001b[39m","message":"{\"method\":\"GET\",\"url\":\"/userprofile\",\"status\":\"304\",\"responseTime\":\"130.649\"}","timestamp":"2024-12-03T08:35:06.984Z"}
{"level":"\u001b[32minfo\u001b[39m","message":"{\"method\":\"GET\",\"url\":\"/getbanner\",\"status\":\"304\",\"responseTime\":\"50.940\"}","timestamp":"2024-12-03T08:35:17.140Z"}
{"level":"\u001b[32minfo\u001b[39m","message":"{\"method\":\"GET\",\"url\":\"/userprofile\",\"status\":\"304\",\"responseTime\":\"130.858\"}","timestamp":"2024-12-03T08:35:17.253Z"}
{"level":"\u001b[32minfo\u001b[39m","message":"{\"method\":\"GET\",\"url\":\"/userprofile\",\"status\":\"304\",\"responseTime\":\"109.801\"}","timestamp":"2024-12-03T08:43:48.217Z"}
{"level":"\u001b[32minfo\u001b[39m","message":"{\"method\":\"GET\",\"url\":\"/userprofile\",\"status\":\"304\",\"responseTime\":\"226.506\"}","timestamp":"2024-12-03T08:43:51.425Z"}
{"level":"\u001b[32minfo\u001b[39m","message":"{\"method\":\"GET\",\"url\":\"/getbanner\",\"status\":\"304\",\"responseTime\":\"42.601\"}","timestamp":"2024-12-03T08:44:15.302Z"}
{"level":"\u001b[32minfo\u001b[39m","message":"{\"method\":\"GET\",\"url\":\"/userprofile\",\"status\":\"304\",\"responseTime\":\"117.112\"}","timestamp":"2024-12-03T08:44:15.379Z"}
{"level":"\u001b[32minfo\u001b[39m","message":"{\"method\":\"GET\",\"url\":\"/getbanner\",\"status\":\"304\",\"responseTime\":\"108.430\"}","timestamp":"2024-12-03T08:44:19.371Z"}
{"level":"\u001b[32minfo\u001b[39m","message":"{\"method\":\"GET\",\"url\":\"/userprofile\",\"status\":\"304\",\"responseTime\":\"182.361\"}","timestamp":"2024-12-03T08:44:19.454Z"}
{"level":"\u001b[32minfo\u001b[39m","message":"{\"method\":\"GET\",\"url\":\"/getbanner\",\"status\":\"304\",\"responseTime\":\"50.334\"}","timestamp":"2024-12-03T08:45:59.097Z"}
{"level":"\u001b[32minfo\u001b[39m","message":"{\"method\":\"GET\",\"url\":\"/userprofile\",\"status\":\"304\",\"responseTime\":\"165.926\"}","timestamp":"2024-12-03T08:45:59.217Z"}
{"level":"\u001b[32minfo\u001b[39m","message":"{\"method\":\"GET\",\"url\":\"/userprofile\",\"status\":\"304\",\"responseTime\":\"218.647\"}","timestamp":"2024-12-03T08:46:02.234Z"}
{"level":"\u001b[32minfo\u001b[39m","message":"{\"method\":\"GET\",\"url\":\"/userprofile\",\"status\":\"304\",\"responseTime\":\"123.869\"}","timestamp":"2024-12-03T08:46:03.896Z"}
{"level":"\u001b[32minfo\u001b[39m","message":"{\"method\":\"GET\",\"url\":\"/userprofile\",\"status\":\"304\",\"responseTime\":\"124.821\"}","timestamp":"2024-12-03T08:46:05.826Z"}
{"level":"\u001b[32minfo\u001b[39m","message":"{\"method\":\"GET\",\"url\":\"/getbanner\",\"status\":\"304\",\"responseTime\":\"66.321\"}","timestamp":"2024-12-03T08:46:29.704Z"}
{"level":"\u001b[32minfo\u001b[39m","message":"{\"method\":\"GET\",\"url\":\"/userprofile\",\"status\":\"304\",\"responseTime\":\"463.606\"}","timestamp":"2024-12-03T08:46:30.114Z"}
{"level":"\u001b[32minfo\u001b[39m","message":"{\"method\":\"GET\",\"url\":\"/userprofile\",\"status\":\"304\",\"responseTime\":\"357.787\"}","timestamp":"2024-12-03T08:46:32.504Z"}
{"level":"\u001b[32minfo\u001b[39m","message":"{\"method\":\"GET\",\"url\":\"/userprofile\",\"status\":\"304\",\"responseTime\":\"157.715\"}","timestamp":"2024-12-03T08:46:33.601Z"}
{"level":"\u001b[32minfo\u001b[39m","message":"{\"method\":\"GET\",\"url\":\"/userprofile\",\"status\":\"304\",\"responseTime\":\"115.202\"}","timestamp":"2024-12-03T08:46:35.977Z"}
{"level":"\u001b[32minfo\u001b[39m","message":"{\"method\":\"GET\",\"url\":\"/userprofile\",\"status\":\"304\",\"responseTime\":\"302.026\"}","timestamp":"2024-12-03T08:46:40.681Z"}
{"level":"\u001b[32minfo\u001b[39m","message":"{\"method\":\"GET\",\"url\":\"/getbanner\",\"status\":\"304\",\"responseTime\":\"155.440\"}","timestamp":"2024-12-03T08:46:52.121Z"}
{"level":"\u001b[32minfo\u001b[39m","message":"{\"method\":\"GET\",\"url\":\"/userprofile\",\"status\":\"304\",\"responseTime\":\"309.512\"}","timestamp":"2024-12-03T08:46:52.280Z"}
{"level":"\u001b[32minfo\u001b[39m","message":"{\"method\":\"GET\",\"url\":\"/userprofile\",\"status\":\"304\",\"responseTime\":\"130.664\"}","timestamp":"2024-12-03T08:46:55.934Z"}
{"level":"\u001b[32minfo\u001b[39m","message":"{\"method\":\"GET\",\"url\":\"/userprofile\",\"status\":\"304\",\"responseTime\":\"196.912\"}","timestamp":"2024-12-03T08:46:57.853Z"}
{"level":"\u001b[32minfo\u001b[39m","message":"{\"method\":\"GET\",\"url\":\"/userprofile\",\"status\":\"304\",\"responseTime\":\"169.819\"}","timestamp":"2024-12-03T08:46:59.759Z"}
{"level":"\u001b[32minfo\u001b[39m","message":"{\"method\":\"GET\",\"url\":\"/getbanner\",\"status\":\"304\",\"responseTime\":\"47.938\"}","timestamp":"2024-12-03T08:47:46.774Z"}
{"level":"\u001b[32minfo\u001b[39m","message":"{\"method\":\"GET\",\"url\":\"/userprofile\",\"status\":\"304\",\"responseTime\":\"125.394\"}","timestamp":"2024-12-03T08:47:46.976Z"}
{"level":"\u001b[32minfo\u001b[39m","message":"{\"method\":\"GET\",\"url\":\"/userprofile\",\"status\":\"304\",\"responseTime\":\"124.214\"}","timestamp":"2024-12-03T08:47:48.050Z"}
{"level":"\u001b[32minfo\u001b[39m","message":"{\"method\":\"GET\",\"url\":\"/userprofile\",\"status\":\"304\",\"responseTime\":\"131.996\"}","timestamp":"2024-12-03T08:47:49.189Z"}
{"level":"\u001b[32minfo\u001b[39m","message":"{\"method\":\"GET\",\"url\":\"/userprofile\",\"status\":\"304\",\"responseTime\":\"164.995\"}","timestamp":"2024-12-03T08:48:06.549Z"}
{"level":"\u001b[32minfo\u001b[39m","message":"{\"method\":\"GET\",\"url\":\"/userprofile\",\"status\":\"304\",\"responseTime\":\"260.364\"}","timestamp":"2024-12-03T08:48:09.281Z"}
{"level":"\u001b[32minfo\u001b[39m","message":"{\"method\":\"GET\",\"url\":\"/userprofile\",\"status\":\"304\",\"responseTime\":\"276.177\"}","timestamp":"2024-12-03T08:48:12.271Z"}
{"level":"\u001b[32minfo\u001b[39m","message":"{\"method\":\"GET\",\"url\":\"/userprofile\",\"status\":\"304\",\"responseTime\":\"123.063\"}","timestamp":"2024-12-03T08:48:14.382Z"}
{"level":"\u001b[32minfo\u001b[39m","message":"{\"method\":\"GET\",\"url\":\"/userprofile\",\"status\":\"304\",\"responseTime\":\"149.478\"}","timestamp":"2024-12-03T08:48:16.815Z"}
{"level":"\u001b[32minfo\u001b[39m","message":"{\"method\":\"GET\",\"url\":\"/userprofile\",\"status\":\"304\",\"responseTime\":\"188.894\"}","timestamp":"2024-12-03T08:48:19.219Z"}
{"level":"\u001b[32minfo\u001b[39m","message":"{\"method\":\"GET\",\"url\":\"/userprofile\",\"status\":\"304\",\"responseTime\":\"586.783\"}","timestamp":"2024-12-03T08:48:21.961Z"}
{"level":"\u001b[32minfo\u001b[39m","message":"{\"method\":\"GET\",\"url\":\"/userprofile\",\"status\":\"304\",\"responseTime\":\"239.851\"}","timestamp":"2024-12-03T08:48:25.661Z"}
{"level":"\u001b[32minfo\u001b[39m","message":"{\"method\":\"GET\",\"url\":\"/userprofile\",\"status\":\"304\",\"responseTime\":\"186.701\"}","timestamp":"2024-12-03T08:48:57.884Z"}
{"level":"\u001b[32minfo\u001b[39m","message":"{\"method\":\"GET\",\"url\":\"/userprofile\",\"status\":\"304\",\"responseTime\":\"104.030\"}","timestamp":"2024-12-03T08:49:57.997Z"}
{"level":"\u001b[32minfo\u001b[39m","message":"{\"method\":\"GET\",\"url\":\"/userprofile\",\"status\":\"304\",\"responseTime\":\"182.101\"}","timestamp":"2024-12-03T08:50:02.148Z"}
{"level":"\u001b[32minfo\u001b[39m","message":"{\"method\":\"GET\",\"url\":\"/userprofile\",\"status\":\"304\",\"responseTime\":\"111.261\"}","timestamp":"2024-12-03T08:50:06.232Z"}
{"level":"\u001b[32minfo\u001b[39m","message":"{\"method\":\"GET\",\"url\":\"/userprofile\",\"status\":\"304\",\"responseTime\":\"350.204\"}","timestamp":"2024-12-03T08:50:11.179Z"}
{"level":"\u001b[32minfo\u001b[39m","message":"{\"method\":\"GET\",\"url\":\"/userprofile\",\"status\":\"304\",\"responseTime\":\"144.639\"}","timestamp":"2024-12-03T08:50:19.884Z"}
{"level":"\u001b[32minfo\u001b[39m","message":"{\"method\":\"GET\",\"url\":\"/getbanner\",\"status\":\"304\",\"responseTime\":\"67.372\"}","timestamp":"2024-12-03T08:50:36.348Z"}
{"level":"\u001b[32minfo\u001b[39m","message":"{\"method\":\"GET\",\"url\":\"/userprofile\",\"status\":\"304\",\"responseTime\":\"121.470\"}","timestamp":"2024-12-03T08:50:36.414Z"}
{"level":"\u001b[32minfo\u001b[39m","message":"{\"method\":\"GET\",\"url\":\"/userprofile\",\"status\":\"304\",\"responseTime\":\"660.582\"}","timestamp":"2024-12-03T08:59:25.651Z"}
{"level":"\u001b[32minfo\u001b[39m","message":"{\"method\":\"GET\",\"url\":\"/userprofile\",\"status\":\"304\",\"responseTime\":\"222.183\"}","timestamp":"2024-12-03T08:59:27.536Z"}
{"level":"\u001b[32minfo\u001b[39m","message":"{\"method\":\"GET\",\"url\":\"/userprofile\",\"status\":\"304\",\"responseTime\":\"342.024\"}","timestamp":"2024-12-03T08:59:36.917Z"}
{"level":"\u001b[32minfo\u001b[39m","message":"{\"method\":\"GET\",\"url\":\"/userprofile\",\"status\":\"304\",\"responseTime\":\"133.354\"}","timestamp":"2024-12-03T08:59:52.565Z"}
{"level":"\u001b[32minfo\u001b[39m","message":"{\"method\":\"GET\",\"url\":\"/userprofile\",\"status\":\"304\",\"responseTime\":\"173.906\"}","timestamp":"2024-12-03T08:59:56.100Z"}
{"level":"\u001b[32minfo\u001b[39m","message":"{\"method\":\"GET\",\"url\":\"/getbanner\",\"status\":\"304\",\"responseTime\":\"95.698\"}","timestamp":"2024-12-03T09:00:00.575Z"}
{"level":"\u001b[32minfo\u001b[39m","message":"{\"method\":\"GET\",\"url\":\"/userprofile\",\"status\":\"304\",\"responseTime\":\"202.835\"}","timestamp":"2024-12-03T09:00:00.672Z"}
{"level":"\u001b[32minfo\u001b[39m","message":"{\"method\":\"GET\",\"url\":\"/userprofile\",\"status\":\"304\",\"responseTime\":\"214.120\"}","timestamp":"2024-12-03T09:00:03.682Z"}
{"level":"\u001b[32minfo\u001b[39m","message":"{\"method\":\"GET\",\"url\":\"/userprofile\",\"status\":\"304\",\"responseTime\":\"195.490\"}","timestamp":"2024-12-03T09:00:09.904Z"}
{"level":"\u001b[32minfo\u001b[39m","message":"{\"method\":\"GET\",\"url\":\"/userprofile\",\"status\":\"304\",\"responseTime\":\"296.742\"}","timestamp":"2024-12-03T09:00:15.247Z"}
{"level":"\u001b[32minfo\u001b[39m","message":"{\"method\":\"GET\",\"url\":\"/userprofile\",\"status\":\"304\",\"responseTime\":\"162.344\"}","timestamp":"2024-12-03T09:00:18.765Z"}
{"level":"\u001b[32minfo\u001b[39m","message":"{\"method\":\"GET\",\"url\":\"/getbanner\",\"status\":\"304\",\"responseTime\":\"201.055\"}","timestamp":"2024-12-03T09:00:23.061Z"}
{"level":"\u001b[32minfo\u001b[39m","message":"{\"method\":\"GET\",\"url\":\"/userprofile\",\"status\":\"304\",\"responseTime\":\"411.447\"}","timestamp":"2024-12-03T09:00:23.273Z"}
{"level":"\u001b[32minfo\u001b[39m","message":"{\"method\":\"GET\",\"url\":\"/userprofile\",\"status\":\"304\",\"responseTime\":\"159.109\"}","timestamp":"2024-12-03T09:00:26.243Z"}
{"level":"\u001b[32minfo\u001b[39m","message":"{\"method\":\"GET\",\"url\":\"/userprofile\",\"status\":\"304\",\"responseTime\":\"199.894\"}","timestamp":"2024-12-03T09:00:48.257Z"}
{"level":"\u001b[32minfo\u001b[39m","message":"{\"method\":\"GET\",\"url\":\"/getbanner\",\"status\":\"304\",\"responseTime\":\"112.738\"}","timestamp":"2024-12-03T09:06:05.779Z"}
{"level":"\u001b[32minfo\u001b[39m","message":"{\"method\":\"GET\",\"url\":\"/userprofile\",\"status\":\"304\",\"responseTime\":\"171.335\"}","timestamp":"2024-12-03T09:06:05.841Z"}
{"level":"\u001b[32minfo\u001b[39m","message":"{\"method\":\"GET\",\"url\":\"/userprofile\",\"status\":\"304\",\"responseTime\":\"128.497\"}","timestamp":"2024-12-03T09:06:19.910Z"}
{"level":"\u001b[32minfo\u001b[39m","message":"{\"method\":\"GET\",\"url\":\"/userprofile\",\"status\":\"304\",\"responseTime\":\"158.934\"}","timestamp":"2024-12-03T09:06:22.543Z"}
{"level":"\u001b[32minfo\u001b[39m","message":"{\"method\":\"GET\",\"url\":\"/getbanner\",\"status\":\"304\",\"responseTime\":\"44.046\"}","timestamp":"2024-12-03T09:06:28.267Z"}
{"level":"\u001b[32minfo\u001b[39m","message":"{\"method\":\"GET\",\"url\":\"/userprofile\",\"status\":\"304\",\"responseTime\":\"124.153\"}","timestamp":"2024-12-03T09:06:28.356Z"}
{"level":"\u001b[32minfo\u001b[39m","message":"{\"method\":\"GET\",\"url\":\"/userprofile\",\"status\":\"304\",\"responseTime\":\"113.477\"}","timestamp":"2024-12-03T09:06:38.383Z"}
{"level":"\u001b[32minfo\u001b[39m","message":"{\"method\":\"GET\",\"url\":\"/userprofile\",\"status\":\"304\",\"responseTime\":\"146.079\"}","timestamp":"2024-12-03T09:06:39.755Z"}
{"level":"\u001b[32minfo\u001b[39m","message":"{\"method\":\"GET\",\"url\":\"/userprofile\",\"status\":\"304\",\"responseTime\":\"169.147\"}","timestamp":"2024-12-03T09:06:53.197Z"}
{"level":"\u001b[32minfo\u001b[39m","message":"{\"method\":\"GET\",\"url\":\"/getbanner\",\"status\":\"304\",\"responseTime\":\"44.966\"}","timestamp":"2024-12-03T09:06:59.811Z"}
{"level":"\u001b[32minfo\u001b[39m","message":"{\"method\":\"GET\",\"url\":\"/userprofile\",\"status\":\"304\",\"responseTime\":\"133.149\"}","timestamp":"2024-12-03T09:06:59.910Z"}
{"level":"\u001b[32minfo\u001b[39m","message":"{\"method\":\"GET\",\"url\":\"/userprofile\",\"status\":\"304\",\"responseTime\":\"149.968\"}","timestamp":"2024-12-03T09:07:10.360Z"}
{"level":"\u001b[32minfo\u001b[39m","message":"{\"method\":\"GET\",\"url\":\"/getbanner\",\"status\":\"304\",\"responseTime\":\"45.338\"}","timestamp":"2024-12-03T09:07:29.882Z"}
{"level":"\u001b[32minfo\u001b[39m","message":"{\"method\":\"GET\",\"url\":\"/userprofile\",\"status\":\"304\",\"responseTime\":\"155.611\"}","timestamp":"2024-12-03T09:07:30.001Z"}
{"level":"\u001b[32minfo\u001b[39m","message":"{\"method\":\"GET\",\"url\":\"/userprofile\",\"status\":\"304\",\"responseTime\":\"189.490\"}","timestamp":"2024-12-03T09:07:35.016Z"}
{"level":"\u001b[32minfo\u001b[39m","message":"{\"method\":\"GET\",\"url\":\"/userprofile\",\"status\":\"304\",\"responseTime\":\"216.059\"}","timestamp":"2024-12-03T09:07:51.684Z"}
{"level":"\u001b[32minfo\u001b[39m","message":"{\"method\":\"GET\",\"url\":\"/userprofile\",\"status\":\"304\",\"responseTime\":\"195.247\"}","timestamp":"2024-12-03T09:07:51.891Z"}
{"level":"\u001b[32minfo\u001b[39m","message":"{\"method\":\"GET\",\"url\":\"/videos\",\"status\":\"200\",\"responseTime\":\"454.506\"}","timestamp":"2024-12-03T09:07:51.937Z"}
{"level":"\u001b[32minfo\u001b[39m","message":"{\"method\":\"GET\",\"url\":\"/getbanner\",\"status\":\"304\",\"responseTime\":\"63.201\"}","timestamp":"2024-12-03T09:07:54.369Z"}
{"level":"\u001b[32minfo\u001b[39m","message":"{\"method\":\"GET\",\"url\":\"/userprofile\",\"status\":\"304\",\"responseTime\":\"142.899\"}","timestamp":"2024-12-03T09:07:54.441Z"}
{"level":"\u001b[32minfo\u001b[39m","message":"{\"method\":\"GET\",\"url\":\"/userprofile\",\"status\":\"304\",\"responseTime\":\"149.828\"}","timestamp":"2024-12-03T09:07:57.754Z"}
{"level":"\u001b[32minfo\u001b[39m","message":"{\"method\":\"GET\",\"url\":\"/getbanner\",\"status\":\"304\",\"responseTime\":\"68.723\"}","timestamp":"2024-12-03T09:08:00.807Z"}
{"level":"\u001b[32minfo\u001b[39m","message":"{\"method\":\"GET\",\"url\":\"/userprofile\",\"status\":\"304\",\"responseTime\":\"151.119\"}","timestamp":"2024-12-03T09:08:00.893Z"}
{"level":"\u001b[32minfo\u001b[39m","message":"{\"method\":\"GET\",\"url\":\"/userprofile\",\"status\":\"304\",\"responseTime\":\"161.962\"}","timestamp":"2024-12-03T09:08:04.064Z"}
{"level":"\u001b[32minfo\u001b[39m","message":"{\"method\":\"GET\",\"url\":\"/getbanner\",\"status\":\"304\",\"responseTime\":\"47.463\"}","timestamp":"2024-12-03T09:08:09.716Z"}
{"level":"\u001b[32minfo\u001b[39m","message":"{\"method\":\"GET\",\"url\":\"/userprofile\",\"status\":\"304\",\"responseTime\":\"148.187\"}","timestamp":"2024-12-03T09:08:09.830Z"}
{"level":"\u001b[32minfo\u001b[39m","message":"{\"method\":\"GET\",\"url\":\"/userprofile\",\"status\":\"304\",\"responseTime\":\"158.287\"}","timestamp":"2024-12-03T09:08:12.210Z"}
{"level":"\u001b[32minfo\u001b[39m","message":"{\"method\":\"GET\",\"url\":\"/userprofile\",\"status\":\"304\",\"responseTime\":\"235.262\"}","timestamp":"2024-12-03T09:08:15.050Z"}
{"level":"\u001b[32minfo\u001b[39m","message":"{\"method\":\"GET\",\"url\":\"/userprofile\",\"status\":\"304\",\"responseTime\":\"328.657\"}","timestamp":"2024-12-03T09:08:25.641Z"}
{"level":"\u001b[32minfo\u001b[39m","message":"{\"method\":\"GET\",\"url\":\"/getbanner\",\"status\":\"304\",\"responseTime\":\"48.776\"}","timestamp":"2024-12-03T09:08:49.540Z"}
{"level":"\u001b[32minfo\u001b[39m","message":"{\"method\":\"GET\",\"url\":\"/userprofile\",\"status\":\"304\",\"responseTime\":\"117.638\"}","timestamp":"2024-12-03T09:08:49.611Z"}
{"level":"\u001b[32minfo\u001b[39m","message":"{\"method\":\"GET\",\"url\":\"/userprofile\",\"status\":\"304\",\"responseTime\":\"132.683\"}","timestamp":"2024-12-03T09:09:03.718Z"}
{"level":"\u001b[32minfo\u001b[39m","message":"{\"method\":\"GET\",\"url\":\"/userprofile\",\"status\":\"304\",\"responseTime\":\"123.358\"}","timestamp":"2024-12-03T09:09:09.509Z"}
{"level":"\u001b[32minfo\u001b[39m","message":"{\"method\":\"GET\",\"url\":\"/userprofile\",\"status\":\"304\",\"responseTime\":\"120.654\"}","timestamp":"2024-12-03T09:09:17.089Z"}
{"level":"\u001b[32minfo\u001b[39m","message":"{\"method\":\"GET\",\"url\":\"/userprofile\",\"status\":\"304\",\"responseTime\":\"127.180\"}","timestamp":"2024-12-03T09:09:20.762Z"}
{"level":"\u001b[32minfo\u001b[39m","message":"{\"method\":\"GET\",\"url\":\"/userprofile\",\"status\":\"304\",\"responseTime\":\"194.409\"}","timestamp":"2024-12-03T09:09:22.605Z"}
{"level":"\u001b[32minfo\u001b[39m","message":"{\"method\":\"GET\",\"url\":\"/userprofile\",\"status\":\"304\",\"responseTime\":\"209.404\"}","timestamp":"2024-12-03T09:09:31.939Z"}
{"level":"\u001b[32minfo\u001b[39m","message":"{\"method\":\"GET\",\"url\":\"/userprofile\",\"status\":\"304\",\"responseTime\":\"247.546\"}","timestamp":"2024-12-03T09:09:34.723Z"}
{"level":"\u001b[32minfo\u001b[39m","message":"{\"method\":\"GET\",\"url\":\"/userprofile\",\"status\":\"304\",\"responseTime\":\"173.123\"}","timestamp":"2024-12-03T09:09:37.609Z"}
{"level":"\u001b[32minfo\u001b[39m","message":"{\"method\":\"GET\",\"url\":\"/userprofile\",\"status\":\"304\",\"responseTime\":\"151.820\"}","timestamp":"2024-12-03T09:09:41.100Z"}
{"level":"\u001b[32minfo\u001b[39m","message":"{\"method\":\"GET\",\"url\":\"/userprofile\",\"status\":\"304\",\"responseTime\":\"247.738\"}","timestamp":"2024-12-03T09:09:44.125Z"}
{"level":"\u001b[32minfo\u001b[39m","message":"{\"method\":\"GET\",\"url\":\"/userprofile\",\"status\":\"304\",\"responseTime\":\"213.113\"}","timestamp":"2024-12-03T09:09:46.490Z"}
{"level":"\u001b[32minfo\u001b[39m","message":"{\"method\":\"GET\",\"url\":\"/getbanner\",\"status\":\"304\",\"responseTime\":\"63.662\"}","timestamp":"2024-12-03T09:09:50.609Z"}
{"level":"\u001b[32minfo\u001b[39m","message":"{\"method\":\"GET\",\"url\":\"/userprofile\",\"status\":\"304\",\"responseTime\":\"153.019\"}","timestamp":"2024-12-03T09:09:50.702Z"}
{"level":"\u001b[32minfo\u001b[39m","message":"{\"method\":\"GET\",\"url\":\"/getbanner\",\"status\":\"304\",\"responseTime\":\"73.920\"}","timestamp":"2024-12-03T09:15:33.431Z"}
{"level":"\u001b[32minfo\u001b[39m","message":"{\"method\":\"GET\",\"url\":\"/userprofile\",\"status\":\"304\",\"responseTime\":\"135.692\"}","timestamp":"2024-12-03T09:15:33.505Z"}
{"level":"\u001b[32minfo\u001b[39m","message":"{\"method\":\"GET\",\"url\":\"/getbanner\",\"status\":\"304\",\"responseTime\":\"156.351\"}","timestamp":"2024-12-03T09:15:58.404Z"}
{"level":"\u001b[32minfo\u001b[39m","message":"{\"method\":\"GET\",\"url\":\"/userprofile\",\"status\":\"304\",\"responseTime\":\"254.761\"}","timestamp":"2024-12-03T09:15:58.509Z"}
{"level":"\u001b[32minfo\u001b[39m","message":"{\"method\":\"GET\",\"url\":\"/getbanner\",\"status\":\"304\",\"responseTime\":\"191.150\"}","timestamp":"2024-12-03T09:16:06.049Z"}
{"level":"\u001b[32minfo\u001b[39m","message":"{\"method\":\"GET\",\"url\":\"/userprofile\",\"status\":\"304\",\"responseTime\":\"628.908\"}","timestamp":"2024-12-03T09:16:06.500Z"}
{"level":"\u001b[32minfo\u001b[39m","message":"{\"method\":\"GET\",\"url\":\"/getbanner\",\"status\":\"304\",\"responseTime\":\"143.941\"}","timestamp":"2024-12-03T09:16:07.706Z"}
{"level":"\u001b[32minfo\u001b[39m","message":"{\"method\":\"GET\",\"url\":\"/userprofile\",\"status\":\"304\",\"responseTime\":\"301.599\"}","timestamp":"2024-12-03T09:16:07.866Z"}
{"level":"\u001b[32minfo\u001b[39m","message":"{\"method\":\"GET\",\"url\":\"/getbanner\",\"status\":\"304\",\"responseTime\":\"54.596\"}","timestamp":"2024-12-03T09:16:08.735Z"}
{"level":"\u001b[32minfo\u001b[39m","message":"{\"method\":\"GET\",\"url\":\"/userprofile\",\"status\":\"304\",\"responseTime\":\"163.092\"}","timestamp":"2024-12-03T09:16:08.844Z"}
{"level":"\u001b[32minfo\u001b[39m","message":"{\"method\":\"GET\",\"url\":\"/getbanner\",\"status\":\"304\",\"responseTime\":\"70.042\"}","timestamp":"2024-12-03T09:16:17.941Z"}
{"level":"\u001b[32minfo\u001b[39m","message":"{\"method\":\"GET\",\"url\":\"/userprofile\",\"status\":\"304\",\"responseTime\":\"200.793\"}","timestamp":"2024-12-03T09:16:18.074Z"}
{"level":"\u001b[32minfo\u001b[39m","message":"{\"method\":\"GET\",\"url\":\"/getbanner\",\"status\":\"304\",\"responseTime\":\"48.774\"}","timestamp":"2024-12-03T09:16:24.159Z"}
{"level":"\u001b[32minfo\u001b[39m","message":"{\"method\":\"GET\",\"url\":\"/userprofile\",\"status\":\"304\",\"responseTime\":\"144.923\"}","timestamp":"2024-12-03T09:16:24.257Z"}
{"level":"\u001b[32minfo\u001b[39m","message":"{\"method\":\"GET\",\"url\":\"/getbanner\",\"status\":\"304\",\"responseTime\":\"53.263\"}","timestamp":"2024-12-03T09:16:41.233Z"}
{"level":"\u001b[32minfo\u001b[39m","message":"{\"method\":\"GET\",\"url\":\"/userprofile\",\"status\":\"304\",\"responseTime\":\"130.090\"}","timestamp":"2024-12-03T09:16:41.334Z"}
{"level":"\u001b[32minfo\u001b[39m","message":"{\"method\":\"GET\",\"url\":\"/userprofile\",\"status\":\"304\",\"responseTime\":\"307.719\"}","timestamp":"2024-12-03T09:16:44.396Z"}
{"level":"\u001b[32minfo\u001b[39m","message":"{\"method\":\"GET\",\"url\":\"/userprofile\",\"status\":\"304\",\"responseTime\":\"290.922\"}","timestamp":"2024-12-03T09:16:45.876Z"}
{"level":"\u001b[32minfo\u001b[39m","message":"{\"method\":\"GET\",\"url\":\"/videos\",\"status\":\"200\",\"responseTime\":\"292.816\"}","timestamp":"2024-12-03T09:16:45.886Z"}
{"level":"\u001b[32minfo\u001b[39m","message":"{\"method\":\"GET\",\"url\":\"/userprofile\",\"status\":\"304\",\"responseTime\":\"386.318\"}","timestamp":"2024-12-03T09:16:46.294Z"}
{"level":"\u001b[32minfo\u001b[39m","message":"{\"method\":\"GET\",\"url\":\"/getbanner\",\"status\":\"304\",\"responseTime\":\"136.077\"}","timestamp":"2024-12-03T09:16:54.498Z"}
{"level":"\u001b[32minfo\u001b[39m","message":"{\"method\":\"GET\",\"url\":\"/userprofile\",\"status\":\"304\",\"responseTime\":\"254.361\"}","timestamp":"2024-12-03T09:16:54.625Z"}
{"level":"\u001b[32minfo\u001b[39m","message":"{\"method\":\"GET\",\"url\":\"/getbanner\",\"status\":\"304\",\"responseTime\":\"126.452\"}","timestamp":"2024-12-03T09:18:28.132Z"}
{"level":"\u001b[32minfo\u001b[39m","message":"{\"method\":\"GET\",\"url\":\"/userprofile\",\"status\":\"304\",\"responseTime\":\"182.423\"}","timestamp":"2024-12-03T09:18:28.190Z"}
{"level":"\u001b[32minfo\u001b[39m","message":"{\"method\":\"GET\",\"url\":\"/getbanner\",\"status\":\"304\",\"responseTime\":\"54.429\"}","timestamp":"2024-12-03T09:18:42.736Z"}
{"level":"\u001b[32minfo\u001b[39m","message":"{\"method\":\"GET\",\"url\":\"/userprofile\",\"status\":\"304\",\"responseTime\":\"152.530\"}","timestamp":"2024-12-03T09:18:42.841Z"}
{"level":"\u001b[32minfo\u001b[39m","message":"{\"method\":\"GET\",\"url\":\"/getbanner\",\"status\":\"304\",\"responseTime\":\"46.883\"}","timestamp":"2024-12-03T09:18:53.441Z"}
{"level":"\u001b[32minfo\u001b[39m","message":"{\"method\":\"GET\",\"url\":\"/userprofile\",\"status\":\"304\",\"responseTime\":\"223.787\"}","timestamp":"2024-12-03T09:18:53.620Z"}
{"level":"\u001b[32minfo\u001b[39m","message":"{\"method\":\"POST\",\"url\":\"/adminlogin\",\"status\":\"200\",\"responseTime\":\"236.667\"}","timestamp":"2024-12-03T09:19:11.175Z"}
{"level":"\u001b[32minfo\u001b[39m","message":"{\"method\":\"GET\",\"url\":\"/countuser\",\"status\":\"304\",\"responseTime\":\"181.596\"}","timestamp":"2024-12-03T09:19:11.418Z"}
{"level":"\u001b[32minfo\u001b[39m","message":"{\"method\":\"GET\",\"url\":\"/userlist?page=1&limit=5&search=\",\"status\":\"304\",\"responseTime\":\"271.380\"}","timestamp":"2024-12-03T09:19:15.811Z"}
{"level":"\u001b[32minfo\u001b[39m","message":"{\"method\":\"GET\",\"url\":\"/userlist?page=2&limit=5&search=\",\"status\":\"200\",\"responseTime\":\"120.157\"}","timestamp":"2024-12-03T09:19:30.475Z"}
{"level":"\u001b[32minfo\u001b[39m","message":"{\"method\":\"GET\",\"url\":\"/userlist?page=3&limit=5&search=\",\"status\":\"200\",\"responseTime\":\"101.792\"}","timestamp":"2024-12-03T09:19:31.247Z"}
{"level":"\u001b[32minfo\u001b[39m","message":"{\"method\":\"GET\",\"url\":\"/userlist?page=1&limit=5&search=\",\"status\":\"304\",\"responseTime\":\"110.005\"}","timestamp":"2024-12-03T09:19:32.367Z"}
{"level":"\u001b[32minfo\u001b[39m","message":"{\"method\":\"GET\",\"url\":\"/getbanner\",\"status\":\"304\",\"responseTime\":\"44.479\"}","timestamp":"2024-12-03T09:21:05.772Z"}
{"level":"\u001b[32minfo\u001b[39m","message":"{\"method\":\"GET\",\"url\":\"/userprofile\",\"status\":\"304\",\"responseTime\":\"188.439\"}","timestamp":"2024-12-03T09:21:05.940Z"}
{"level":"\u001b[32minfo\u001b[39m","message":"{\"method\":\"GET\",\"url\":\"/userlist?page=1&limit=5&search=\",\"status\":\"304\",\"responseTime\":\"107.957\"}","timestamp":"2024-12-03T09:21:06.790Z"}
{"level":"\u001b[32minfo\u001b[39m","message":"{\"method\":\"GET\",\"url\":\"/getbanner\",\"status\":\"304\",\"responseTime\":\"99.785\"}","timestamp":"2024-12-03T09:21:17.484Z"}
{"level":"\u001b[32minfo\u001b[39m","message":"{\"method\":\"GET\",\"url\":\"/userprofile\",\"status\":\"304\",\"responseTime\":\"300.853\"}","timestamp":"2024-12-03T09:21:17.687Z"}
{"level":"\u001b[32minfo\u001b[39m","message":"{\"method\":\"GET\",\"url\":\"/getbanner\",\"status\":\"304\",\"responseTime\":\"50.843\"}","timestamp":"2024-12-03T09:21:19.177Z"}
{"level":"\u001b[32minfo\u001b[39m","message":"{\"method\":\"GET\",\"url\":\"/userprofile\",\"status\":\"304\",\"responseTime\":\"219.285\"}","timestamp":"2024-12-03T09:21:19.349Z"}
{"level":"\u001b[32minfo\u001b[39m","message":"{\"method\":\"GET\",\"url\":\"/getbanner\",\"status\":\"304\",\"responseTime\":\"57.276\"}","timestamp":"2024-12-03T09:21:20.338Z"}
{"level":"\u001b[32minfo\u001b[39m","message":"{\"method\":\"GET\",\"url\":\"/userprofile\",\"status\":\"304\",\"responseTime\":\"134.262\"}","timestamp":"2024-12-03T09:21:20.420Z"}
{"level":"\u001b[32minfo\u001b[39m","message":"{\"method\":\"GET\",\"url\":\"/getbanner\",\"status\":\"304\",\"responseTime\":\"48.766\"}","timestamp":"2024-12-03T09:21:21.613Z"}
{"level":"\u001b[32minfo\u001b[39m","message":"{\"method\":\"GET\",\"url\":\"/userprofile\",\"status\":\"304\",\"responseTime\":\"134.978\"}","timestamp":"2024-12-03T09:21:21.713Z"}
{"level":"\u001b[32minfo\u001b[39m","message":"{\"method\":\"GET\",\"url\":\"/userlist?page=1&limit=5&search=\",\"status\":\"304\",\"responseTime\":\"136.487\"}","timestamp":"2024-12-03T09:21:24.925Z"}
{"level":"\u001b[32minfo\u001b[39m","message":"{\"method\":\"GET\",\"url\":\"/getbanner\",\"status\":\"304\",\"responseTime\":\"46.320\"}","timestamp":"2024-12-03T09:21:31.423Z"}
{"level":"\u001b[32minfo\u001b[39m","message":"{\"method\":\"GET\",\"url\":\"/userprofile\",\"status\":\"304\",\"responseTime\":\"111.554\"}","timestamp":"2024-12-03T09:21:31.496Z"}
{"level":"\u001b[32minfo\u001b[39m","message":"{\"method\":\"GET\",\"url\":\"/userlist?page=1&limit=5&search=\",\"status\":\"304\",\"responseTime\":\"94.425\"}","timestamp":"2024-12-03T09:21:32.238Z"}
{"level":"\u001b[32minfo\u001b[39m","message":"{\"method\":\"GET\",\"url\":\"/getbanner\",\"status\":\"304\",\"responseTime\":\"51.723\"}","timestamp":"2024-12-03T09:21:49.494Z"}
{"level":"\u001b[32minfo\u001b[39m","message":"{\"method\":\"GET\",\"url\":\"/userprofile\",\"status\":\"304\",\"responseTime\":\"125.463\"}","timestamp":"2024-12-03T09:21:49.576Z"}
{"level":"\u001b[32minfo\u001b[39m","message":"{\"method\":\"GET\",\"url\":\"/userprofile\",\"status\":\"304\",\"responseTime\":\"205.701\"}","timestamp":"2024-12-03T09:22:14.176Z"}
{"level":"\u001b[32minfo\u001b[39m","message":"{\"method\":\"GET\",\"url\":\"/userprofile\",\"status\":\"304\",\"responseTime\":\"133.193\"}","timestamp":"2024-12-03T09:22:54.065Z"}
{"level":"\u001b[32minfo\u001b[39m","message":"{\"method\":\"GET\",\"url\":\"/userlist?page=1&limit=5&search=\",\"status\":\"304\",\"responseTime\":\"173.521\"}","timestamp":"2024-12-03T09:22:54.737Z"}
{"level":"\u001b[32minfo\u001b[39m","message":"{\"method\":\"GET\",\"url\":\"/userprofile\",\"status\":\"304\",\"responseTime\":\"148.109\"}","timestamp":"2024-12-03T09:22:57.380Z"}
{"level":"\u001b[32minfo\u001b[39m","message":"{\"method\":\"GET\",\"url\":\"/userprofile\",\"status\":\"304\",\"responseTime\":\"236.329\"}","timestamp":"2024-12-03T09:23:24.349Z"}
{"level":"\u001b[32minfo\u001b[39m","message":"{\"method\":\"GET\",\"url\":\"/userlist?page=1&limit=5&search=\",\"status\":\"304\",\"responseTime\":\"102.370\"}","timestamp":"2024-12-03T09:23:24.846Z"}
{"level":"\u001b[32minfo\u001b[39m","message":"{\"method\":\"GET\",\"url\":\"/userprofile\",\"status\":\"304\",\"responseTime\":\"177.031\"}","timestamp":"2024-12-03T09:23:39.189Z"}
{"level":"\u001b[32minfo\u001b[39m","message":"{\"method\":\"GET\",\"url\":\"/userlist?page=1&limit=5&search=\",\"status\":\"304\",\"responseTime\":\"125.402\"}","timestamp":"2024-12-03T09:23:40.015Z"}
{"level":"\u001b[32minfo\u001b[39m","message":"{\"method\":\"GET\",\"url\":\"/userprofile\",\"status\":\"304\",\"responseTime\":\"281.868\"}","timestamp":"2024-12-03T09:23:49.900Z"}
{"level":"\u001b[32minfo\u001b[39m","message":"{\"method\":\"GET\",\"url\":\"/userlist?page=1&limit=5&search=\",\"status\":\"304\",\"responseTime\":\"140.443\"}","timestamp":"2024-12-03T09:23:50.328Z"}
{"level":"\u001b[32minfo\u001b[39m","message":"{\"method\":\"GET\",\"url\":\"/userprofile\",\"status\":\"304\",\"responseTime\":\"191.550\"}","timestamp":"2024-12-03T09:24:36.212Z"}
{"level":"\u001b[32minfo\u001b[39m","message":"{\"method\":\"GET\",\"url\":\"/userlist?page=1&limit=5&search=\",\"status\":\"304\",\"responseTime\":\"302.574\"}","timestamp":"2024-12-03T09:24:38.653Z"}
{"level":"\u001b[32minfo\u001b[39m","message":"{\"method\":\"GET\",\"url\":\"/userprofile\",\"status\":\"304\",\"responseTime\":\"147.085\"}","timestamp":"2024-12-03T09:24:40.777Z"}
{"level":"\u001b[32minfo\u001b[39m","message":"{\"method\":\"GET\",\"url\":\"/userlist?page=1&limit=5&search=\",\"status\":\"304\",\"responseTime\":\"212.277\"}","timestamp":"2024-12-03T09:24:41.333Z"}
{"level":"\u001b[32minfo\u001b[39m","message":"{\"method\":\"GET\",\"url\":\"/userprofile\",\"status\":\"304\",\"responseTime\":\"159.546\"}","timestamp":"2024-12-03T09:24:42.780Z"}
{"level":"\u001b[32minfo\u001b[39m","message":"{\"method\":\"GET\",\"url\":\"/userlist?page=1&limit=5&search=\",\"status\":\"304\",\"responseTime\":\"206.805\"}","timestamp":"2024-12-03T09:24:44.921Z"}
{"level":"\u001b[32minfo\u001b[39m","message":"{\"method\":\"GET\",\"url\":\"/userprofile\",\"status\":\"304\",\"responseTime\":\"708.968\"}","timestamp":"2024-12-03T09:24:46.550Z"}
{"level":"\u001b[32minfo\u001b[39m","message":"{\"method\":\"GET\",\"url\":\"/userlist?page=1&limit=5&search=\",\"status\":\"304\",\"responseTime\":\"96.271\"}","timestamp":"2024-12-03T09:24:47.615Z"}
{"level":"\u001b[32minfo\u001b[39m","message":"{\"method\":\"GET\",\"url\":\"/userprofile\",\"status\":\"304\",\"responseTime\":\"131.339\"}","timestamp":"2024-12-03T09:24:55.373Z"}
{"level":"\u001b[32minfo\u001b[39m","message":"{\"method\":\"GET\",\"url\":\"/userprofile\",\"status\":\"304\",\"responseTime\":\"113.512\"}","timestamp":"2024-12-03T09:24:55.665Z"}
{"level":"\u001b[32minfo\u001b[39m","message":"{\"method\":\"GET\",\"url\":\"/userprofile\",\"status\":\"304\",\"responseTime\":\"270.796\"}","timestamp":"2024-12-03T09:24:57.873Z"}
{"level":"\u001b[32minfo\u001b[39m","message":"{\"method\":\"GET\",\"url\":\"/userprofile\",\"status\":\"304\",\"responseTime\":\"182.217\"}","timestamp":"2024-12-03T09:24:58.172Z"}
{"level":"\u001b[32minfo\u001b[39m","message":"{\"method\":\"GET\",\"url\":\"/userprofile\",\"status\":\"304\",\"responseTime\":\"340.459\"}","timestamp":"2024-12-03T09:25:00.093Z"}
{"level":"\u001b[32minfo\u001b[39m","message":"{\"method\":\"GET\",\"url\":\"/userprofile\",\"status\":\"304\",\"responseTime\":\"187.157\"}","timestamp":"2024-12-03T09:25:00.304Z"}
{"level":"\u001b[32minfo\u001b[39m","message":"{\"method\":\"GET\",\"url\":\"/userprofile\",\"status\":\"304\",\"responseTime\":\"121.236\"}","timestamp":"2024-12-03T09:25:00.948Z"}
{"level":"\u001b[32minfo\u001b[39m","message":"{\"method\":\"GET\",\"url\":\"/userprofile\",\"status\":\"304\",\"responseTime\":\"103.305\"}","timestamp":"2024-12-03T09:25:01.326Z"}
{"level":"\u001b[32minfo\u001b[39m","message":"{\"method\":\"GET\",\"url\":\"/userlist?page=1&limit=5&search=\",\"status\":\"304\",\"responseTime\":\"109.793\"}","timestamp":"2024-12-03T09:25:03.140Z"}
{"level":"\u001b[32minfo\u001b[39m","message":"{\"method\":\"GET\",\"url\":\"/userprofile\",\"status\":\"304\",\"responseTime\":\"116.415\"}","timestamp":"2024-12-03T09:25:03.297Z"}
{"level":"\u001b[32minfo\u001b[39m","message":"{\"method\":\"GET\",\"url\":\"/userprofile\",\"status\":\"304\",\"responseTime\":\"116.322\"}","timestamp":"2024-12-03T09:25:03.750Z"}
{"level":"\u001b[32minfo\u001b[39m","message":"{\"method\":\"GET\",\"url\":\"/userprofile\",\"status\":\"304\",\"responseTime\":\"171.192\"}","timestamp":"2024-12-03T09:25:04.656Z"}
{"level":"\u001b[32minfo\u001b[39m","message":"{\"method\":\"GET\",\"url\":\"/userprofile\",\"status\":\"304\",\"responseTime\":\"198.474\"}","timestamp":"2024-12-03T09:25:05.010Z"}
{"level":"\u001b[32minfo\u001b[39m","message":"{\"method\":\"GET\",\"url\":\"/userprofile\",\"status\":\"200\",\"responseTime\":\"131.489\"}","timestamp":"2024-12-03T09:25:05.497Z"}
{"level":"\u001b[32minfo\u001b[39m","message":"{\"method\":\"GET\",\"url\":\"/userprofile\",\"status\":\"304\",\"responseTime\":\"184.350\"}","timestamp":"2024-12-03T09:25:05.710Z"}
{"level":"\u001b[32minfo\u001b[39m","message":"{\"method\":\"GET\",\"url\":\"/userprofile\",\"status\":\"304\",\"responseTime\":\"148.302\"}","timestamp":"2024-12-03T09:25:07.989Z"}
{"level":"\u001b[32minfo\u001b[39m","message":"{\"method\":\"GET\",\"url\":\"/userprofile\",\"status\":\"304\",\"responseTime\":\"308.536\"}","timestamp":"2024-12-03T09:25:08.546Z"}
{"level":"\u001b[32minfo\u001b[39m","message":"{\"method\":\"GET\",\"url\":\"/userprofile\",\"status\":\"304\",\"responseTime\":\"226.673\"}","timestamp":"2024-12-03T09:25:09.945Z"}
{"level":"\u001b[32minfo\u001b[39m","message":"{\"method\":\"GET\",\"url\":\"/userprofile\",\"status\":\"-\",\"responseTime\":\"-\"}","timestamp":"2024-12-03T09:25:09.985Z"}
{"level":"\u001b[32minfo\u001b[39m","message":"{\"method\":\"GET\",\"url\":\"/userprofile\",\"status\":\"200\",\"responseTime\":\"116.301\"}","timestamp":"2024-12-03T09:25:10.654Z"}
{"level":"\u001b[32minfo\u001b[39m","message":"{\"method\":\"GET\",\"url\":\"/userprofile\",\"status\":\"304\",\"responseTime\":\"184.386\"}","timestamp":"2024-12-03T09:25:10.888Z"}
{"level":"\u001b[32minfo\u001b[39m","message":"{\"method\":\"GET\",\"url\":\"/userprofile\",\"status\":\"304\",\"responseTime\":\"128.274\"}","timestamp":"2024-12-03T09:25:11.521Z"}
{"level":"\u001b[32minfo\u001b[39m","message":"{\"method\":\"GET\",\"url\":\"/userprofile\",\"status\":\"304\",\"responseTime\":\"120.297\"}","timestamp":"2024-12-03T09:25:11.694Z"}
{"level":"\u001b[32minfo\u001b[39m","message":"{\"method\":\"GET\",\"url\":\"/userlist?page=1&limit=5&search=\",\"status\":\"304\",\"responseTime\":\"102.946\"}","timestamp":"2024-12-03T09:25:12.108Z"}
{"level":"\u001b[32minfo\u001b[39m","message":"{\"method\":\"GET\",\"url\":\"/userlist?page=1&limit=5&search=\",\"status\":\"304\",\"responseTime\":\"113.386\"}","timestamp":"2024-12-03T09:25:13.917Z"}
{"level":"\u001b[32minfo\u001b[39m","message":"{\"method\":\"GET\",\"url\":\"/userprofile\",\"status\":\"304\",\"responseTime\":\"183.821\"}","timestamp":"2024-12-03T09:25:23.240Z"}
{"level":"\u001b[32minfo\u001b[39m","message":"{\"method\":\"GET\",\"url\":\"/userprofile\",\"status\":\"304\",\"responseTime\":\"150.173\"}","timestamp":"2024-12-03T09:25:23.514Z"}
{"level":"\u001b[32minfo\u001b[39m","message":"{\"method\":\"POST\",\"url\":\"/login\",\"status\":\"200\",\"responseTime\":\"169.193\"}","timestamp":"2024-12-03T09:25:54.770Z"}
{"level":"\u001b[32minfo\u001b[39m","message":"{\"method\":\"GET\",\"url\":\"/getbanner\",\"status\":\"304\",\"responseTime\":\"65.013\"}","timestamp":"2024-12-03T09:25:54.941Z"}
{"level":"\u001b[32minfo\u001b[39m","message":"{\"method\":\"GET\",\"url\":\"/userprofile\",\"status\":\"200\",\"responseTime\":\"323.655\"}","timestamp":"2024-12-03T09:25:55.221Z"}
{"level":"\u001b[32minfo\u001b[39m","message":"{\"method\":\"GET\",\"url\":\"/userprofile\",\"status\":\"304\",\"responseTime\":\"180.616\"}","timestamp":"2024-12-03T09:26:08.339Z"}
{"level":"\u001b[32minfo\u001b[39m","message":"{\"method\":\"GET\",\"url\":\"/userprofile\",\"status\":\"304\",\"responseTime\":\"335.090\"}","timestamp":"2024-12-03T09:26:08.684Z"}
{"level":"\u001b[32minfo\u001b[39m","message":"{\"method\":\"GET\",\"url\":\"/userprofile\",\"status\":\"304\",\"responseTime\":\"247.709\"}","timestamp":"2024-12-03T09:26:20.416Z"}
{"level":"\u001b[32minfo\u001b[39m","message":"{\"method\":\"GET\",\"url\":\"/userprofile\",\"status\":\"304\",\"responseTime\":\"225.390\"}","timestamp":"2024-12-03T09:26:20.662Z"}
{"level":"\u001b[32minfo\u001b[39m","message":"{\"method\":\"GET\",\"url\":\"/userprofile\",\"status\":\"304\",\"responseTime\":\"272.576\"}","timestamp":"2024-12-03T09:27:10.305Z"}
{"level":"\u001b[32minfo\u001b[39m","message":"{\"method\":\"GET\",\"url\":\"/userlist?page=1&limit=5&search=\",\"status\":\"304\",\"responseTime\":\"137.045\"}","timestamp":"2024-12-03T09:27:11.971Z"}
{"level":"\u001b[32minfo\u001b[39m","message":"{\"method\":\"GET\",\"url\":\"/userlist?page=1&limit=5&search=\",\"status\":\"304\",\"responseTime\":\"221.508\"}","timestamp":"2024-12-03T09:28:28.723Z"}
{"level":"\u001b[32minfo\u001b[39m","message":"{\"method\":\"GET\",\"url\":\"/userprofile\",\"status\":\"304\",\"responseTime\":\"291.105\"}","timestamp":"2024-12-03T09:28:31.281Z"}
{"level":"\u001b[32minfo\u001b[39m","message":"{\"method\":\"GET\",\"url\":\"/userlist?page=1&limit=5&search=\",\"status\":\"304\",\"responseTime\":\"226.039\"}","timestamp":"2024-12-03T09:28:49.975Z"}
{"level":"\u001b[32minfo\u001b[39m","message":"{\"method\":\"GET\",\"url\":\"/userlist?page=1&limit=5&search=\",\"status\":\"304\",\"responseTime\":\"217.383\"}","timestamp":"2024-12-03T09:28:51.387Z"}
{"level":"\u001b[32minfo\u001b[39m","message":"{\"method\":\"GET\",\"url\":\"/userprofile\",\"status\":\"304\",\"responseTime\":\"239.730\"}","timestamp":"2024-12-03T09:28:56.115Z"}
{"level":"\u001b[32minfo\u001b[39m","message":"{\"method\":\"GET\",\"url\":\"/userlist?page=1&limit=5&search=\",\"status\":\"304\",\"responseTime\":\"135.967\"}","timestamp":"2024-12-03T09:29:01.608Z"}
{"level":"\u001b[32minfo\u001b[39m","message":"{\"method\":\"GET\",\"url\":\"/userprofile\",\"status\":\"304\",\"responseTime\":\"124.331\"}","timestamp":"2024-12-03T09:29:02.457Z"}
{"level":"\u001b[32minfo\u001b[39m","message":"{\"method\":\"GET\",\"url\":\"/userlist?page=1&limit=5&search=\",\"status\":\"304\",\"responseTime\":\"361.323\"}","timestamp":"2024-12-03T09:29:20.456Z"}
{"level":"\u001b[32minfo\u001b[39m","message":"{\"method\":\"GET\",\"url\":\"/userprofile\",\"status\":\"304\",\"responseTime\":\"223.877\"}","timestamp":"2024-12-03T09:29:21.203Z"}
{"level":"\u001b[32minfo\u001b[39m","message":"{\"method\":\"GET\",\"url\":\"/userlist?page=1&limit=5&search=\",\"status\":\"304\",\"responseTime\":\"250.525\"}","timestamp":"2024-12-03T09:29:41.354Z"}
{"level":"\u001b[32minfo\u001b[39m","message":"{\"method\":\"GET\",\"url\":\"/userlist?page=1&limit=5&search=\",\"status\":\"304\",\"responseTime\":\"131.240\"}","timestamp":"2024-12-03T09:29:43.197Z"}
{"level":"\u001b[32minfo\u001b[39m","message":"{\"method\":\"GET\",\"url\":\"/userprofile\",\"status\":\"304\",\"responseTime\":\"133.199\"}","timestamp":"2024-12-03T09:29:43.692Z"}
{"level":"\u001b[32minfo\u001b[39m","message":"{\"method\":\"GET\",\"url\":\"/userprofile\",\"status\":\"304\",\"responseTime\":\"227.492\"}","timestamp":"2024-12-03T11:09:16.368Z"}
{"level":"\u001b[32minfo\u001b[39m","message":"{\"method\":\"GET\",\"url\":\"/userprofile\",\"status\":\"304\",\"responseTime\":\"152.342\"}","timestamp":"2024-12-03T11:09:55.165Z"}
{"level":"\u001b[32minfo\u001b[39m","message":"{\"method\":\"GET\",\"url\":\"/userprofile\",\"status\":\"304\",\"responseTime\":\"520.578\"}","timestamp":"2024-12-03T11:10:02.262Z"}
{"level":"\u001b[32minfo\u001b[39m","message":"{\"method\":\"GET\",\"url\":\"/userprofile\",\"status\":\"304\",\"responseTime\":\"250.155\"}","timestamp":"2024-12-03T11:10:10.679Z"}
{"level":"\u001b[32minfo\u001b[39m","message":"{\"method\":\"GET\",\"url\":\"/userprofile\",\"status\":\"304\",\"responseTime\":\"145.814\"}","timestamp":"2024-12-03T11:10:15.152Z"}
{"level":"\u001b[32minfo\u001b[39m","message":"{\"method\":\"GET\",\"url\":\"/userprofile\",\"status\":\"304\",\"responseTime\":\"327.506\"}","timestamp":"2024-12-03T11:10:21.307Z"}
{"level":"\u001b[32minfo\u001b[39m","message":"{\"method\":\"GET\",\"url\":\"/userlist?page=1&limit=5&search=\",\"status\":\"304\",\"responseTime\":\"138.145\"}","timestamp":"2024-12-03T11:10:23.639Z"}
{"level":"\u001b[32minfo\u001b[39m","message":"{\"method\":\"GET\",\"url\":\"/userprofile\",\"status\":\"304\",\"responseTime\":\"158.675\"}","timestamp":"2024-12-03T11:10:25.413Z"}
{"level":"\u001b[32minfo\u001b[39m","message":"{\"method\":\"GET\",\"url\":\"/userprofile\",\"status\":\"304\",\"responseTime\":\"801.374\"}","timestamp":"2024-12-03T11:10:28.415Z"}
{"level":"\u001b[32minfo\u001b[39m","message":"{\"method\":\"GET\",\"url\":\"/userlist?page=1&limit=5&search=\",\"status\":\"304\",\"responseTime\":\"150.881\"}","timestamp":"2024-12-03T11:10:29.025Z"}
{"level":"\u001b[32minfo\u001b[39m","message":"{\"method\":\"GET\",\"url\":\"/subscribersList\",\"status\":\"-\",\"responseTime\":\"-\"}","timestamp":"2024-12-03T11:10:44.805Z"}
{"level":"\u001b[32minfo\u001b[39m","message":"{\"method\":\"GET\",\"url\":\"/userprofile\",\"status\":\"304\",\"responseTime\":\"142.132\"}","timestamp":"2024-12-03T11:10:46.062Z"}
{"level":"\u001b[32minfo\u001b[39m","message":"{\"method\":\"GET\",\"url\":\"/subscribersList\",\"status\":\"-\",\"responseTime\":\"-\"}","timestamp":"2024-12-03T11:11:56.431Z"}
{"level":"\u001b[32minfo\u001b[39m","message":"{\"method\":\"GET\",\"url\":\"/userprofile\",\"status\":\"304\",\"responseTime\":\"357.551\"}","timestamp":"2024-12-03T11:11:58.119Z"}
{"level":"\u001b[32minfo\u001b[39m","message":"{\"method\":\"GET\",\"url\":\"/getbanner\",\"status\":\"200\",\"responseTime\":\"205.663\"}","timestamp":"2024-12-03T11:13:41.210Z"}
{"level":"\u001b[32minfo\u001b[39m","message":"{\"method\":\"GET\",\"url\":\"/userprofile\",\"status\":\"200\",\"responseTime\":\"788.902\"}","timestamp":"2024-12-03T11:13:41.794Z"}
{"level":"\u001b[32minfo\u001b[39m","message":"{\"method\":\"GET\",\"url\":\"/subscribersList\",\"status\":\"200\",\"responseTime\":\"131.192\"}","timestamp":"2024-12-03T11:13:49.123Z"}
{"level":"\u001b[32minfo\u001b[39m","message":"{\"method\":\"GET\",\"url\":\"/userprofile\",\"status\":\"304\",\"responseTime\":\"194.345\"}","timestamp":"2024-12-03T11:13:49.201Z"}
{"level":"\u001b[32minfo\u001b[39m","message":"{\"method\":\"GET\",\"url\":\"/getbanner\",\"status\":\"304\",\"responseTime\":\"91.976\"}","timestamp":"2024-12-03T11:15:28.429Z"}
{"level":"\u001b[32minfo\u001b[39m","message":"{\"method\":\"GET\",\"url\":\"/userprofile\",\"status\":\"304\",\"responseTime\":\"574.620\"}","timestamp":"2024-12-03T11:15:28.920Z"}
{"level":"\u001b[32minfo\u001b[39m","message":"{\"method\":\"GET\",\"url\":\"/subscribersList\",\"status\":\"304\",\"responseTime\":\"86.130\"}","timestamp":"2024-12-03T11:15:30.924Z"}
{"level":"\u001b[32minfo\u001b[39m","message":"{\"method\":\"GET\",\"url\":\"/userprofile\",\"status\":\"304\",\"responseTime\":\"238.361\"}","timestamp":"2024-12-03T11:15:31.093Z"}
{"level":"\u001b[32minfo\u001b[39m","message":"{\"method\":\"GET\",\"url\":\"/getbanner\",\"status\":\"304\",\"responseTime\":\"69.908\"}","timestamp":"2024-12-03T11:16:15.157Z"}
{"level":"\u001b[32minfo\u001b[39m","message":"{\"method\":\"GET\",\"url\":\"/userprofile\",\"status\":\"304\",\"responseTime\":\"155.430\"}","timestamp":"2024-12-03T11:16:15.247Z"}
{"level":"\u001b[32minfo\u001b[39m","message":"{\"method\":\"GET\",\"url\":\"/subscribersList\",\"status\":\"304\",\"responseTime\":\"122.788\"}","timestamp":"2024-12-03T11:16:19.412Z"}
{"level":"\u001b[32minfo\u001b[39m","message":"{\"method\":\"GET\",\"url\":\"/userprofile\",\"status\":\"304\",\"responseTime\":\"256.753\"}","timestamp":"2024-12-03T11:16:19.561Z"}
{"level":"\u001b[32minfo\u001b[39m","message":"{\"method\":\"GET\",\"url\":\"/userprofile\",\"status\":\"304\",\"responseTime\":\"151.494\"}","timestamp":"2024-12-03T11:18:45.867Z"}
{"level":"\u001b[32minfo\u001b[39m","message":"{\"method\":\"GET\",\"url\":\"/userprofile\",\"status\":\"304\",\"responseTime\":\"348.838\"}","timestamp":"2024-12-03T11:18:55.541Z"}
{"level":"\u001b[32minfo\u001b[39m","message":"{\"method\":\"GET\",\"url\":\"/getbanner\",\"status\":\"304\",\"responseTime\":\"66.481\"}","timestamp":"2024-12-03T11:19:59.916Z"}
{"level":"\u001b[32minfo\u001b[39m","message":"{\"method\":\"GET\",\"url\":\"/userprofile\",\"status\":\"304\",\"responseTime\":\"190.888\"}","timestamp":"2024-12-03T11:20:00.001Z"}
{"level":"\u001b[32minfo\u001b[39m","message":"{\"method\":\"GET\",\"url\":\"/userprofile\",\"status\":\"304\",\"responseTime\":\"491.210\"}","timestamp":"2024-12-03T11:20:02.293Z"}
{"level":"\u001b[32minfo\u001b[39m","message":"{\"method\":\"GET\",\"url\":\"/getbanner\",\"status\":\"304\",\"responseTime\":\"64.478\"}","timestamp":"2024-12-03T11:20:26.916Z"}
{"level":"\u001b[32minfo\u001b[39m","message":"{\"method\":\"GET\",\"url\":\"/userprofile\",\"status\":\"304\",\"responseTime\":\"152.464\"}","timestamp":"2024-12-03T11:20:27.008Z"}
{"level":"\u001b[32minfo\u001b[39m","message":"{\"method\":\"GET\",\"url\":\"/userprofile\",\"status\":\"304\",\"responseTime\":\"197.107\"}","timestamp":"2024-12-03T11:20:28.728Z"}
{"level":"\u001b[32minfo\u001b[39m","message":"{\"method\":\"GET\",\"url\":\"/getbanner\",\"status\":\"304\",\"responseTime\":\"250.669\"}","timestamp":"2024-12-03T11:20:32.758Z"}
{"level":"\u001b[32minfo\u001b[39m","message":"{\"method\":\"GET\",\"url\":\"/userprofile\",\"status\":\"304\",\"responseTime\":\"536.876\"}","timestamp":"2024-12-03T11:20:33.042Z"}
{"level":"\u001b[32minfo\u001b[39m","message":"{\"method\":\"GET\",\"url\":\"/userprofile\",\"status\":\"304\",\"responseTime\":\"147.666\"}","timestamp":"2024-12-03T11:20:34.565Z"}
{"level":"\u001b[32minfo\u001b[39m","message":"{\"method\":\"GET\",\"url\":\"/getbanner\",\"status\":\"304\",\"responseTime\":\"51.454\"}","timestamp":"2024-12-03T11:20:37.280Z"}
{"level":"\u001b[32minfo\u001b[39m","message":"{\"method\":\"GET\",\"url\":\"/userprofile\",\"status\":\"304\",\"responseTime\":\"133.621\"}","timestamp":"2024-12-03T11:20:37.370Z"}
{"level":"\u001b[32minfo\u001b[39m","message":"{\"method\":\"GET\",\"url\":\"/userprofile\",\"status\":\"304\",\"responseTime\":\"216.430\"}","timestamp":"2024-12-03T11:20:39.886Z"}
{"level":"\u001b[32minfo\u001b[39m","message":"{\"method\":\"GET\",\"url\":\"/getbanner\",\"status\":\"304\",\"responseTime\":\"370.237\"}","timestamp":"2024-12-03T11:20:53.363Z"}
{"level":"\u001b[32minfo\u001b[39m","message":"{\"method\":\"GET\",\"url\":\"/userprofile\",\"status\":\"304\",\"responseTime\":\"534.788\"}","timestamp":"2024-12-03T11:20:53.533Z"}
{"level":"\u001b[32minfo\u001b[39m","message":"{\"method\":\"GET\",\"url\":\"/userprofile\",\"status\":\"304\",\"responseTime\":\"230.493\"}","timestamp":"2024-12-03T11:20:54.932Z"}
{"level":"\u001b[32minfo\u001b[39m","message":"{\"method\":\"GET\",\"url\":\"/userprofile\",\"status\":\"304\",\"responseTime\":\"291.926\"}","timestamp":"2024-12-03T11:20:59.570Z"}
{"level":"\u001b[32minfo\u001b[39m","message":"{\"method\":\"GET\",\"url\":\"/getbanner\",\"status\":\"304\",\"responseTime\":\"140.737\"}","timestamp":"2024-12-03T11:21:19.539Z"}
{"level":"\u001b[32minfo\u001b[39m","message":"{\"method\":\"GET\",\"url\":\"/userprofile\",\"status\":\"304\",\"responseTime\":\"229.365\"}","timestamp":"2024-12-03T11:21:19.643Z"}
{"level":"\u001b[32minfo\u001b[39m","message":"{\"method\":\"GET\",\"url\":\"/subscribersList\",\"status\":\"304\",\"responseTime\":\"175.484\"}","timestamp":"2024-12-03T11:21:20.820Z"}
{"level":"\u001b[32minfo\u001b[39m","message":"{\"method\":\"GET\",\"url\":\"/userprofile\",\"status\":\"304\",\"responseTime\":\"215.798\"}","timestamp":"2024-12-03T11:21:20.851Z"}
{"level":"\u001b[32minfo\u001b[39m","message":"{\"method\":\"GET\",\"url\":\"/subscribersList\",\"status\":\"304\",\"responseTime\":\"216.601\"}","timestamp":"2024-12-03T11:30:01.107Z"}
{"level":"\u001b[32minfo\u001b[39m","message":"{\"method\":\"GET\",\"url\":\"/userprofile\",\"status\":\"304\",\"responseTime\":\"263.465\"}","timestamp":"2024-12-03T11:30:01.293Z"}
{"level":"\u001b[32minfo\u001b[39m","message":"{\"method\":\"GET\",\"url\":\"/subscribersList\",\"status\":\"304\",\"responseTime\":\"260.741\"}","timestamp":"2024-12-03T11:47:45.860Z"}
{"level":"\u001b[32minfo\u001b[39m","message":"{\"method\":\"GET\",\"url\":\"/userprofile\",\"status\":\"304\",\"responseTime\":\"340.757\"}","timestamp":"2024-12-03T11:47:46.002Z"}
{"level":"\u001b[32minfo\u001b[39m","message":"{\"method\":\"GET\",\"url\":\"/getbanner\",\"status\":\"304\",\"responseTime\":\"75.941\"}","timestamp":"2024-12-03T11:48:18.359Z"}
{"level":"\u001b[32minfo\u001b[39m","message":"{\"method\":\"GET\",\"url\":\"/userprofile\",\"status\":\"304\",\"responseTime\":\"513.317\"}","timestamp":"2024-12-03T11:48:18.779Z"}
{"level":"\u001b[32minfo\u001b[39m","message":"{\"method\":\"GET\",\"url\":\"/userprofile\",\"status\":\"304\",\"responseTime\":\"162.488\"}","timestamp":"2024-12-03T11:48:30.221Z"}
{"level":"\u001b[32minfo\u001b[39m","message":"{\"method\":\"GET\",\"url\":\"/users?name=ak\",\"status\":\"200\",\"responseTime\":\"147.840\"}","timestamp":"2024-12-03T11:48:30.235Z"}
{"level":"\u001b[32minfo\u001b[39m","message":"{\"method\":\"POST\",\"url\":\"/subscribeee\",\"status\":\"200\",\"responseTime\":\"258.526\"}","timestamp":"2024-12-03T11:48:33.719Z"}
{"level":"\u001b[32minfo\u001b[39m","message":"{\"method\":\"GET\",\"url\":\"/users?name=ak\",\"status\":\"200\",\"responseTime\":\"133.743\"}","timestamp":"2024-12-03T11:48:41.770Z"}
{"level":"\u001b[32minfo\u001b[39m","message":"{\"method\":\"GET\",\"url\":\"/userprofile\",\"status\":\"200\",\"responseTime\":\"166.451\"}","timestamp":"2024-12-03T11:48:41.829Z"}
{"level":"\u001b[32minfo\u001b[39m","message":"{\"method\":\"POST\",\"url\":\"/login\",\"status\":\"200\",\"responseTime\":\"173.300\"}","timestamp":"2024-12-03T11:49:14.240Z"}
{"level":"\u001b[32minfo\u001b[39m","message":"{\"method\":\"GET\",\"url\":\"/getbanner\",\"status\":\"304\",\"responseTime\":\"118.019\"}","timestamp":"2024-12-03T11:49:14.437Z"}
{"level":"\u001b[32minfo\u001b[39m","message":"{\"method\":\"GET\",\"url\":\"/userprofile\",\"status\":\"200\",\"responseTime\":\"188.153\"}","timestamp":"2024-12-03T11:49:14.527Z"}
{"level":"\u001b[32minfo\u001b[39m","message":"{\"method\":\"GET\",\"url\":\"/users?name=N%20S\",\"status\":\"200\",\"responseTime\":\"136.086\"}","timestamp":"2024-12-03T11:51:53.413Z"}
{"level":"\u001b[32minfo\u001b[39m","message":"{\"method\":\"GET\",\"url\":\"/userprofile\",\"status\":\"304\",\"responseTime\":\"154.113\"}","timestamp":"2024-12-03T11:51:53.438Z"}
{"level":"\u001b[32minfo\u001b[39m","message":"{\"method\":\"POST\",\"url\":\"/unsubscribe\",\"status\":\"200\",\"responseTime\":\"132.312\"}","timestamp":"2024-12-03T11:51:55.662Z"}
{"level":"\u001b[32minfo\u001b[39m","message":"{\"method\":\"GET\",\"url\":\"/subscribersList\",\"status\":\"304\",\"responseTime\":\"133.417\"}","timestamp":"2024-12-03T11:52:00.497Z"}
{"level":"\u001b[32minfo\u001b[39m","message":"{\"method\":\"GET\",\"url\":\"/userprofile\",\"status\":\"200\",\"responseTime\":\"146.042\"}","timestamp":"2024-12-03T11:52:00.533Z"}
{"level":"\u001b[32minfo\u001b[39m","message":"{\"method\":\"GET\",\"url\":\"/userprofile\",\"status\":\"304\",\"responseTime\":\"363.080\"}","timestamp":"2024-12-03T11:58:36.923Z"}
{"level":"\u001b[32minfo\u001b[39m","message":"{\"method\":\"GET\",\"url\":\"/subscribersList\",\"status\":\"304\",\"responseTime\":\"791.903\"}","timestamp":"2024-12-03T11:58:37.321Z"}
{"level":"\u001b[32minfo\u001b[39m","message":"{\"method\":\"GET\",\"url\":\"/subscribersList\",\"status\":\"304\",\"responseTime\":\"894.832\"}","timestamp":"2024-12-03T11:59:28.280Z"}
{"level":"\u001b[32minfo\u001b[39m","message":"{\"method\":\"GET\",\"url\":\"/userprofile\",\"status\":\"304\",\"responseTime\":\"4039.053\"}","timestamp":"2024-12-03T11:59:31.442Z"}
{"level":"\u001b[32minfo\u001b[39m","message":"{\"method\":\"GET\",\"url\":\"/userprofile\",\"status\":\"304\",\"responseTime\":\"154.619\"}","timestamp":"2024-12-03T11:59:38.123Z"}
{"level":"\u001b[32minfo\u001b[39m","message":"{\"method\":\"GET\",\"url\":\"/subscribersList\",\"status\":\"304\",\"responseTime\":\"220.042\"}","timestamp":"2024-12-03T11:59:38.180Z"}
{"level":"\u001b[32minfo\u001b[39m","message":"{\"method\":\"GET\",\"url\":\"/userprofile\",\"status\":\"304\",\"responseTime\":\"666.334\"}","timestamp":"2024-12-03T12:01:55.159Z"}
{"level":"\u001b[32minfo\u001b[39m","message":"{\"method\":\"GET\",\"url\":\"/subscribersList\",\"status\":\"304\",\"responseTime\":\"971.674\"}","timestamp":"2024-12-03T12:01:55.407Z"}
