{"level":"\u001b[32minfo\u001b[39m","message":"{\"method\":\"GET\",\"url\":\"/getbanner\",\"status\":\"200\",\"responseTime\":\"117.006\"}","timestamp":"2024-12-19T02:56:29.520Z"}
{"level":"\u001b[32minfo\u001b[39m","message":"{\"method\":\"GET\",\"url\":\"/userprofile\",\"status\":\"200\",\"responseTime\":\"322.103\"}","timestamp":"2024-12-19T02:56:29.669Z"}
{"level":"\u001b[32minfo\u001b[39m","message":"{\"method\":\"GET\",\"url\":\"/userprofile\",\"status\":\"304\",\"responseTime\":\"137.201\"}","timestamp":"2024-12-19T02:57:27.705Z"}
{"level":"\u001b[32minfo\u001b[39m","message":"{\"method\":\"GET\",\"url\":\"/getbanner\",\"status\":\"304\",\"responseTime\":\"65.873\"}","timestamp":"2024-12-19T02:59:32.407Z"}
{"level":"\u001b[32minfo\u001b[39m","message":"{\"method\":\"GET\",\"url\":\"/userprofile\",\"status\":\"304\",\"responseTime\":\"141.903\"}","timestamp":"2024-12-19T02:59:32.837Z"}
{"level":"\u001b[32minfo\u001b[39m","message":"{\"method\":\"GET\",\"url\":\"/userprofile\",\"status\":\"304\",\"responseTime\":\"150.251\"}","timestamp":"2024-12-19T02:59:39.748Z"}
{"level":"\u001b[32minfo\u001b[39m","message":"{\"method\":\"GET\",\"url\":\"/userprofile\",\"status\":\"304\",\"responseTime\":\"111.104\"}","timestamp":"2024-12-19T03:01:48.134Z"}
{"level":"\u001b[32minfo\u001b[39m","message":"{\"method\":\"GET\",\"url\":\"/getbanner\",\"status\":\"304\",\"responseTime\":\"92.300\"}","timestamp":"2024-12-19T03:01:51.693Z"}
{"level":"\u001b[32minfo\u001b[39m","message":"{\"method\":\"GET\",\"url\":\"/userprofile\",\"status\":\"304\",\"responseTime\":\"123.327\"}","timestamp":"2024-12-19T03:01:51.834Z"}
{"level":"\u001b[32minfo\u001b[39m","message":"{\"method\":\"GET\",\"url\":\"/userprofile\",\"status\":\"304\",\"responseTime\":\"172.802\"}","timestamp":"2024-12-19T03:01:53.697Z"}
{"level":"\u001b[32minfo\u001b[39m","message":"{\"method\":\"GET\",\"url\":\"/getbanner\",\"status\":\"304\",\"responseTime\":\"50.244\"}","timestamp":"2024-12-19T03:02:39.102Z"}
{"level":"\u001b[32minfo\u001b[39m","message":"{\"method\":\"GET\",\"url\":\"/userprofile\",\"status\":\"304\",\"responseTime\":\"172.368\"}","timestamp":"2024-12-19T03:02:39.228Z"}
{"level":"\u001b[32minfo\u001b[39m","message":"{\"method\":\"GET\",\"url\":\"/userprofile\",\"status\":\"304\",\"responseTime\":\"493.024\"}","timestamp":"2024-12-19T03:04:16.627Z"}
{"level":"\u001b[32minfo\u001b[39m","message":"{\"method\":\"GET\",\"url\":\"/getbanner\",\"status\":\"200\",\"responseTime\":\"90.726\"}","timestamp":"2024-12-19T03:19:37.834Z"}
{"level":"\u001b[32minfo\u001b[39m","message":"{\"method\":\"GET\",\"url\":\"/userprofile\",\"status\":\"200\",\"responseTime\":\"1464.067\"}","timestamp":"2024-12-19T03:19:37.857Z"}
{"level":"\u001b[32minfo\u001b[39m","message":"{\"method\":\"GET\",\"url\":\"/getbanner\",\"status\":\"304\",\"responseTime\":\"96.962\"}","timestamp":"2024-12-19T03:19:41.422Z"}
{"level":"\u001b[32minfo\u001b[39m","message":"{\"method\":\"GET\",\"url\":\"/userprofile\",\"status\":\"304\",\"responseTime\":\"232.690\"}","timestamp":"2024-12-19T03:19:41.566Z"}
{"level":"\u001b[32minfo\u001b[39m","message":"{\"method\":\"GET\",\"url\":\"/getbanner\",\"status\":\"304\",\"responseTime\":\"65.702\"}","timestamp":"2024-12-19T03:20:18.697Z"}
{"level":"\u001b[32minfo\u001b[39m","message":"{\"method\":\"GET\",\"url\":\"/userprofile\",\"status\":\"304\",\"responseTime\":\"255.073\"}","timestamp":"2024-12-19T03:20:19.489Z"}
{"level":"\u001b[32minfo\u001b[39m","message":"{\"method\":\"GET\",\"url\":\"/getbanner\",\"status\":\"304\",\"responseTime\":\"59.938\"}","timestamp":"2024-12-19T03:22:00.994Z"}
{"level":"\u001b[32minfo\u001b[39m","message":"{\"method\":\"GET\",\"url\":\"/userprofile\",\"status\":\"304\",\"responseTime\":\"325.128\"}","timestamp":"2024-12-19T03:22:01.042Z"}
{"level":"\u001b[32minfo\u001b[39m","message":"{\"method\":\"GET\",\"url\":\"/getbanner\",\"status\":\"304\",\"responseTime\":\"103.381\"}","timestamp":"2024-12-19T03:22:06.986Z"}
{"level":"\u001b[32minfo\u001b[39m","message":"{\"method\":\"GET\",\"url\":\"/userprofile\",\"status\":\"304\",\"responseTime\":\"224.509\"}","timestamp":"2024-12-19T03:22:07.145Z"}
{"level":"\u001b[32minfo\u001b[39m","message":"{\"method\":\"GET\",\"url\":\"/getbanner\",\"status\":\"304\",\"responseTime\":\"139.401\"}","timestamp":"2024-12-19T03:24:03.062Z"}
{"level":"\u001b[32minfo\u001b[39m","message":"{\"method\":\"GET\",\"url\":\"/userprofile\",\"status\":\"304\",\"responseTime\":\"161.402\"}","timestamp":"2024-12-19T03:24:03.103Z"}
{"level":"\u001b[32minfo\u001b[39m","message":"{\"method\":\"GET\",\"url\":\"/userprofile\",\"status\":\"304\",\"responseTime\":\"170.268\"}","timestamp":"2024-12-19T03:24:16.131Z"}
{"level":"\u001b[32minfo\u001b[39m","message":"{\"method\":\"GET\",\"url\":\"/userprofile\",\"status\":\"304\",\"responseTime\":\"186.695\"}","timestamp":"2024-12-19T03:25:18.179Z"}
{"level":"\u001b[32minfo\u001b[39m","message":"{\"method\":\"GET\",\"url\":\"/userprofile\",\"status\":\"304\",\"responseTime\":\"99.742\"}","timestamp":"2024-12-19T03:25:18.324Z"}
{"level":"\u001b[32minfo\u001b[39m","message":"{\"method\":\"GET\",\"url\":\"/getbanner\",\"status\":\"200\",\"responseTime\":\"128.693\"}","timestamp":"2024-12-19T03:50:03.179Z"}
{"level":"\u001b[32minfo\u001b[39m","message":"{\"method\":\"GET\",\"url\":\"/userprofile\",\"status\":\"200\",\"responseTime\":\"272.267\"}","timestamp":"2024-12-19T03:50:03.308Z"}
{"level":"\u001b[32minfo\u001b[39m","message":"{\"method\":\"GET\",\"url\":\"/userprofile\",\"status\":\"304\",\"responseTime\":\"170.505\"}","timestamp":"2024-12-19T03:50:09.739Z"}
{"level":"\u001b[32minfo\u001b[39m","message":"{\"method\":\"GET\",\"url\":\"/userprofile\",\"status\":\"304\",\"responseTime\":\"213.051\"}","timestamp":"2024-12-19T03:50:35.441Z"}
{"level":"\u001b[32minfo\u001b[39m","message":"{\"method\":\"GET\",\"url\":\"/userprofile\",\"status\":\"304\",\"responseTime\":\"153.305\"}","timestamp":"2024-12-19T03:50:35.911Z"}
{"level":"\u001b[32minfo\u001b[39m","message":"{\"method\":\"POST\",\"url\":\"/login\",\"status\":\"200\",\"responseTime\":\"379.609\"}","timestamp":"2024-12-19T03:51:16.589Z"}
{"level":"\u001b[32minfo\u001b[39m","message":"{\"method\":\"GET\",\"url\":\"/getbanner\",\"status\":\"200\",\"responseTime\":\"101.797\"}","timestamp":"2024-12-19T03:51:16.963Z"}
{"level":"\u001b[32minfo\u001b[39m","message":"{\"method\":\"GET\",\"url\":\"/userprofile\",\"status\":\"200\",\"responseTime\":\"277.476\"}","timestamp":"2024-12-19T03:51:17.151Z"}
{"level":"\u001b[32minfo\u001b[39m","message":"{\"method\":\"GET\",\"url\":\"/userprofile\",\"status\":\"304\",\"responseTime\":\"169.286\"}","timestamp":"2024-12-19T03:51:21.655Z"}
{"level":"\u001b[32minfo\u001b[39m","message":"{\"method\":\"GET\",\"url\":\"/userprofile\",\"status\":\"304\",\"responseTime\":\"239.231\"}","timestamp":"2024-12-19T03:51:24.641Z"}
{"level":"\u001b[32minfo\u001b[39m","message":"{\"method\":\"GET\",\"url\":\"/userprofile\",\"status\":\"304\",\"responseTime\":\"127.043\"}","timestamp":"2024-12-19T03:51:24.783Z"}
{"level":"\u001b[32minfo\u001b[39m","message":"{\"method\":\"GET\",\"url\":\"/getbanner\",\"status\":\"304\",\"responseTime\":\"261.211\"}","timestamp":"2024-12-19T03:51:28.345Z"}
{"level":"\u001b[32minfo\u001b[39m","message":"{\"method\":\"GET\",\"url\":\"/userprofile\",\"status\":\"304\",\"responseTime\":\"322.517\"}","timestamp":"2024-12-19T03:51:28.367Z"}
{"level":"\u001b[32minfo\u001b[39m","message":"{\"method\":\"GET\",\"url\":\"/userprofile\",\"status\":\"304\",\"responseTime\":\"671.877\"}","timestamp":"2024-12-19T03:51:34.583Z"}
{"level":"\u001b[32minfo\u001b[39m","message":"{\"method\":\"GET\",\"url\":\"/userprofile\",\"status\":\"304\",\"responseTime\":\"605.718\"}","timestamp":"2024-12-19T03:51:36.790Z"}
{"level":"\u001b[32minfo\u001b[39m","message":"{\"method\":\"GET\",\"url\":\"/userprofile\",\"status\":\"304\",\"responseTime\":\"288.538\"}","timestamp":"2024-12-19T03:51:37.116Z"}
{"level":"\u001b[32minfo\u001b[39m","message":"{\"method\":\"GET\",\"url\":\"/getbanner\",\"status\":\"304\",\"responseTime\":\"165.760\"}","timestamp":"2024-12-19T05:28:29.596Z"}
{"level":"\u001b[32minfo\u001b[39m","message":"{\"method\":\"GET\",\"url\":\"/userprofile\",\"status\":\"304\",\"responseTime\":\"591.637\"}","timestamp":"2024-12-19T05:28:30.022Z"}
{"level":"\u001b[32minfo\u001b[39m","message":"{\"method\":\"GET\",\"url\":\"/userprofile\",\"status\":\"304\",\"responseTime\":\"212.748\"}","timestamp":"2024-12-19T05:29:13.531Z"}
{"level":"\u001b[32minfo\u001b[39m","message":"{\"method\":\"GET\",\"url\":\"/userprofile\",\"status\":\"304\",\"responseTime\":\"445.620\"}","timestamp":"2024-12-19T05:31:23.155Z"}
{"level":"\u001b[32minfo\u001b[39m","message":"{\"method\":\"GET\",\"url\":\"/userprofile\",\"status\":\"304\",\"responseTime\":\"785.299\"}","timestamp":"2024-12-19T05:31:24.052Z"}
{"level":"\u001b[32minfo\u001b[39m","message":"{\"method\":\"GET\",\"url\":\"/getbanner\",\"status\":\"200\",\"responseTime\":\"1440.425\"}","timestamp":"2024-12-19T05:38:43.400Z"}
{"level":"\u001b[32minfo\u001b[39m","message":"{\"method\":\"GET\",\"url\":\"/userprofile\",\"status\":\"200\",\"responseTime\":\"438.314\"}","timestamp":"2024-12-19T05:38:43.486Z"}
{"level":"\u001b[32minfo\u001b[39m","message":"{\"method\":\"GET\",\"url\":\"/userprofile\",\"status\":\"304\",\"responseTime\":\"197.847\"}","timestamp":"2024-12-19T05:40:23.521Z"}
{"level":"\u001b[32minfo\u001b[39m","message":"{\"method\":\"GET\",\"url\":\"/userprofile\",\"status\":\"304\",\"responseTime\":\"414.257\"}","timestamp":"2024-12-19T05:40:24.943Z"}
{"level":"\u001b[32minfo\u001b[39m","message":"{\"method\":\"GET\",\"url\":\"/getbanner\",\"status\":\"304\",\"responseTime\":\"1588.674\"}","timestamp":"2024-12-19T05:40:33.705Z"}
{"level":"\u001b[32minfo\u001b[39m","message":"{\"method\":\"GET\",\"url\":\"/userprofile\",\"status\":\"304\",\"responseTime\":\"1985.635\"}","timestamp":"2024-12-19T05:40:34.455Z"}
{"level":"\u001b[32minfo\u001b[39m","message":"{\"method\":\"GET\",\"url\":\"/userprofile\",\"status\":\"304\",\"responseTime\":\"321.698\"}","timestamp":"2024-12-19T05:40:41.540Z"}
{"level":"\u001b[32minfo\u001b[39m","message":"{\"method\":\"GET\",\"url\":\"/getbanner\",\"status\":\"304\",\"responseTime\":\"222.904\"}","timestamp":"2024-12-19T05:40:55.692Z"}
{"level":"\u001b[32minfo\u001b[39m","message":"{\"method\":\"GET\",\"url\":\"/userprofile\",\"status\":\"304\",\"responseTime\":\"2069.910\"}","timestamp":"2024-12-19T05:40:58.130Z"}
{"level":"\u001b[32minfo\u001b[39m","message":"{\"method\":\"GET\",\"url\":\"/userprofile\",\"status\":\"304\",\"responseTime\":\"1058.499\"}","timestamp":"2024-12-19T05:40:58.161Z"}
{"level":"\u001b[32minfo\u001b[39m","message":"{\"method\":\"GET\",\"url\":\"/userprofile\",\"status\":\"304\",\"responseTime\":\"510.671\"}","timestamp":"2024-12-19T05:42:59.895Z"}
{"level":"\u001b[32minfo\u001b[39m","message":"{\"method\":\"GET\",\"url\":\"/userprofile\",\"status\":\"304\",\"responseTime\":\"648.088\"}","timestamp":"2024-12-19T05:43:00.673Z"}
{"level":"\u001b[32minfo\u001b[39m","message":"{\"method\":\"GET\",\"url\":\"/userprofile\",\"status\":\"304\",\"responseTime\":\"495.010\"}","timestamp":"2024-12-19T05:43:26.907Z"}
{"level":"\u001b[32minfo\u001b[39m","message":"{\"method\":\"POST\",\"url\":\"/login\",\"status\":\"200\",\"responseTime\":\"5682.707\"}","timestamp":"2024-12-19T05:44:31.091Z"}
{"level":"\u001b[32minfo\u001b[39m","message":"{\"method\":\"POST\",\"url\":\"/login\",\"status\":\"200\",\"responseTime\":\"814.618\"}","timestamp":"2024-12-19T05:44:31.140Z"}
{"level":"\u001b[32minfo\u001b[39m","message":"{\"method\":\"GET\",\"url\":\"/getbanner\",\"status\":\"304\",\"responseTime\":\"246.520\"}","timestamp":"2024-12-19T05:44:32.342Z"}
{"level":"\u001b[32minfo\u001b[39m","message":"{\"method\":\"GET\",\"url\":\"/userprofile\",\"status\":\"304\",\"responseTime\":\"153.976\"}","timestamp":"2024-12-19T05:44:32.579Z"}
{"level":"\u001b[32minfo\u001b[39m","message":"{\"method\":\"GET\",\"url\":\"/userprofile\",\"status\":\"304\",\"responseTime\":\"187.508\"}","timestamp":"2024-12-19T05:44:45.095Z"}
{"level":"\u001b[32minfo\u001b[39m","message":"{\"method\":\"GET\",\"url\":\"/userprofile\",\"status\":\"304\",\"responseTime\":\"149.481\"}","timestamp":"2024-12-19T05:44:47.321Z"}
{"level":"\u001b[32minfo\u001b[39m","message":"{\"method\":\"GET\",\"url\":\"/userprofile\",\"status\":\"304\",\"responseTime\":\"167.030\"}","timestamp":"2024-12-19T05:44:48.024Z"}
{"level":"\u001b[32minfo\u001b[39m","message":"{\"method\":\"GET\",\"url\":\"/userprofile\",\"status\":\"200\",\"responseTime\":\"4297.735\"}","timestamp":"2024-12-19T05:48:33.757Z"}
{"level":"\u001b[32minfo\u001b[39m","message":"{\"method\":\"GET\",\"url\":\"/userprofile\",\"status\":\"304\",\"responseTime\":\"698.016\"}","timestamp":"2024-12-19T05:48:37.186Z"}
{"level":"\u001b[32minfo\u001b[39m","message":"{\"method\":\"GET\",\"url\":\"/userprofile\",\"status\":\"304\",\"responseTime\":\"914.989\"}","timestamp":"2024-12-19T05:58:10.849Z"}
{"level":"\u001b[32minfo\u001b[39m","message":"{\"method\":\"GET\",\"url\":\"/userprofile\",\"status\":\"304\",\"responseTime\":\"862.114\"}","timestamp":"2024-12-19T05:58:13.118Z"}
{"level":"\u001b[32minfo\u001b[39m","message":"{\"method\":\"GET\",\"url\":\"/getbanner\",\"status\":\"200\",\"responseTime\":\"161.801\"}","timestamp":"2024-12-19T05:58:27.739Z"}
{"level":"\u001b[32minfo\u001b[39m","message":"{\"method\":\"GET\",\"url\":\"/userprofile\",\"status\":\"304\",\"responseTime\":\"248.084\"}","timestamp":"2024-12-19T05:58:28.235Z"}
{"level":"\u001b[32minfo\u001b[39m","message":"{\"method\":\"GET\",\"url\":\"/userprofile\",\"status\":\"304\",\"responseTime\":\"186.899\"}","timestamp":"2024-12-19T05:58:31.022Z"}
{"level":"\u001b[32minfo\u001b[39m","message":"{\"method\":\"GET\",\"url\":\"/userprofile\",\"status\":\"304\",\"responseTime\":\"187.331\"}","timestamp":"2024-12-19T05:58:36.141Z"}
{"level":"\u001b[32minfo\u001b[39m","message":"{\"method\":\"GET\",\"url\":\"/userprofile\",\"status\":\"304\",\"responseTime\":\"316.914\"}","timestamp":"2024-12-19T05:58:36.594Z"}
{"level":"\u001b[32minfo\u001b[39m","message":"{\"method\":\"GET\",\"url\":\"/getbanner\",\"status\":\"304\",\"responseTime\":\"86.442\"}","timestamp":"2024-12-19T05:59:34.810Z"}
{"level":"\u001b[32minfo\u001b[39m","message":"{\"method\":\"GET\",\"url\":\"/userprofile\",\"status\":\"304\",\"responseTime\":\"215.992\"}","timestamp":"2024-12-19T05:59:35.092Z"}
{"level":"\u001b[32minfo\u001b[39m","message":"{\"method\":\"GET\",\"url\":\"/getbanner\",\"status\":\"304\",\"responseTime\":\"250.246\"}","timestamp":"2024-12-19T05:59:38.868Z"}
{"level":"\u001b[32minfo\u001b[39m","message":"{\"method\":\"GET\",\"url\":\"/userprofile\",\"status\":\"304\",\"responseTime\":\"533.629\"}","timestamp":"2024-12-19T05:59:39.139Z"}
{"level":"\u001b[32minfo\u001b[39m","message":"{\"method\":\"GET\",\"url\":\"/userprofile\",\"status\":\"304\",\"responseTime\":\"328.792\"}","timestamp":"2024-12-19T05:59:43.029Z"}
{"level":"\u001b[32minfo\u001b[39m","message":"{\"method\":\"GET\",\"url\":\"/getbanner\",\"status\":\"304\",\"responseTime\":\"143.715\"}","timestamp":"2024-12-19T06:01:25.192Z"}
{"level":"\u001b[32minfo\u001b[39m","message":"{\"method\":\"GET\",\"url\":\"/userprofile\",\"status\":\"304\",\"responseTime\":\"537.483\"}","timestamp":"2024-12-19T06:01:25.665Z"}
{"level":"\u001b[32minfo\u001b[39m","message":"{\"method\":\"GET\",\"url\":\"/userprofile\",\"status\":\"304\",\"responseTime\":\"173.690\"}","timestamp":"2024-12-19T06:05:34.267Z"}
{"level":"\u001b[32minfo\u001b[39m","message":"{\"method\":\"GET\",\"url\":\"/userprofile\",\"status\":\"304\",\"responseTime\":\"256.807\"}","timestamp":"2024-12-19T06:05:34.595Z"}
{"level":"\u001b[32minfo\u001b[39m","message":"{\"method\":\"GET\",\"url\":\"/userprofile\",\"status\":\"304\",\"responseTime\":\"420.926\"}","timestamp":"2024-12-19T06:05:40.082Z"}
{"level":"\u001b[32minfo\u001b[39m","message":"{\"method\":\"GET\",\"url\":\"/getbanner\",\"status\":\"-\",\"responseTime\":\"-\"}","timestamp":"2024-12-19T08:16:50.732Z"}
{"level":"\u001b[32minfo\u001b[39m","message":"{\"method\":\"GET\",\"url\":\"/userprofile\",\"status\":\"-\",\"responseTime\":\"-\"}","timestamp":"2024-12-19T08:16:55.515Z"}
{"level":"\u001b[32minfo\u001b[39m","message":"{\"method\":\"GET\",\"url\":\"/getbanner\",\"status\":\"200\",\"responseTime\":\"22750.565\"}","timestamp":"2024-12-19T08:17:11.063Z"}
{"level":"\u001b[32minfo\u001b[39m","message":"{\"method\":\"GET\",\"url\":\"/userprofile\",\"status\":\"304\",\"responseTime\":\"52168.663\"}","timestamp":"2024-12-19T08:17:12.410Z"}
{"level":"\u001b[32minfo\u001b[39m","message":"{\"method\":\"GET\",\"url\":\"/userprofile\",\"status\":\"304\",\"responseTime\":\"26843.600\"}","timestamp":"2024-12-19T08:17:12.633Z"}
{"level":"\u001b[32minfo\u001b[39m","message":"{\"method\":\"GET\",\"url\":\"/userprofile\",\"status\":\"200\",\"responseTime\":\"29306.820\"}","timestamp":"2024-12-19T08:17:15.479Z"}
{"level":"\u001b[32minfo\u001b[39m","message":"{\"method\":\"GET\",\"url\":\"/userprofile\",\"status\":\"200\",\"responseTime\":\"18441.907\"}","timestamp":"2024-12-19T08:17:15.483Z"}
{"level":"\u001b[32minfo\u001b[39m","message":"{\"method\":\"GET\",\"url\":\"/getbanner\",\"status\":\"-\",\"responseTime\":\"-\"}","timestamp":"2024-12-19T08:17:15.485Z"}
{"level":"\u001b[32minfo\u001b[39m","message":"{\"method\":\"GET\",\"url\":\"/getbanner\",\"status\":\"200\",\"responseTime\":\"231.325\"}","timestamp":"2024-12-19T08:17:15.643Z"}
{"level":"\u001b[32minfo\u001b[39m","message":"{\"method\":\"GET\",\"url\":\"/getbanner\",\"status\":\"200\",\"responseTime\":\"2606.959\"}","timestamp":"2024-12-19T08:17:17.951Z"}
{"level":"\u001b[32minfo\u001b[39m","message":"{\"method\":\"GET\",\"url\":\"/userprofile\",\"status\":\"200\",\"responseTime\":\"2744.841\"}","timestamp":"2024-12-19T08:17:18.016Z"}
{"level":"\u001b[32minfo\u001b[39m","message":"{\"method\":\"GET\",\"url\":\"/getbanner\",\"status\":\"304\",\"responseTime\":\"154.988\"}","timestamp":"2024-12-19T08:17:21.617Z"}
{"level":"\u001b[32minfo\u001b[39m","message":"{\"method\":\"GET\",\"url\":\"/userprofile\",\"status\":\"304\",\"responseTime\":\"169.339\"}","timestamp":"2024-12-19T08:17:22.221Z"}
{"level":"\u001b[32minfo\u001b[39m","message":"{\"method\":\"POST\",\"url\":\"/login\",\"status\":\"200\",\"responseTime\":\"468.909\"}","timestamp":"2024-12-19T10:54:08.332Z"}
{"level":"\u001b[32minfo\u001b[39m","message":"{\"method\":\"POST\",\"url\":\"/login\",\"status\":\"200\",\"responseTime\":\"537.059\"}","timestamp":"2024-12-19T10:54:08.367Z"}
{"level":"\u001b[32minfo\u001b[39m","message":"{\"method\":\"GET\",\"url\":\"/getbanner\",\"status\":\"200\",\"responseTime\":\"167.118\"}","timestamp":"2024-12-19T10:54:09.850Z"}
{"level":"\u001b[32minfo\u001b[39m","message":"{\"method\":\"GET\",\"url\":\"/userprofile\",\"status\":\"200\",\"responseTime\":\"1777.953\"}","timestamp":"2024-12-19T10:54:12.554Z"}
{"level":"\u001b[32minfo\u001b[39m","message":"{\"method\":\"POST\",\"url\":\"/login\",\"status\":\"200\",\"responseTime\":\"476.511\"}","timestamp":"2024-12-19T11:17:42.110Z"}
{"level":"\u001b[32minfo\u001b[39m","message":"{\"method\":\"GET\",\"url\":\"/getbanner\",\"status\":\"200\",\"responseTime\":\"399.354\"}","timestamp":"2024-12-19T11:17:43.115Z"}
{"level":"\u001b[32minfo\u001b[39m","message":"{\"method\":\"GET\",\"url\":\"/userprofile\",\"status\":\"200\",\"responseTime\":\"1158.389\"}","timestamp":"2024-12-19T11:17:44.396Z"}
{"level":"\u001b[32minfo\u001b[39m","message":"{\"method\":\"GET\",\"url\":\"/userprofile\",\"status\":\"304\",\"responseTime\":\"610.494\"}","timestamp":"2024-12-19T11:17:59.303Z"}
{"level":"\u001b[32minfo\u001b[39m","message":"{\"method\":\"GET\",\"url\":\"/getbanner\",\"status\":\"304\",\"responseTime\":\"176.565\"}","timestamp":"2024-12-19T11:19:51.438Z"}
{"level":"\u001b[32minfo\u001b[39m","message":"{\"method\":\"GET\",\"url\":\"/userprofile\",\"status\":\"304\",\"responseTime\":\"269.165\"}","timestamp":"2024-12-19T11:19:51.553Z"}
{"level":"\u001b[32minfo\u001b[39m","message":"{\"method\":\"GET\",\"url\":\"/userprofile\",\"status\":\"304\",\"responseTime\":\"263.351\"}","timestamp":"2024-12-19T11:19:56.933Z"}
{"level":"\u001b[32minfo\u001b[39m","message":"{\"method\":\"GET\",\"url\":\"/userprofile\",\"status\":\"304\",\"responseTime\":\"210.406\"}","timestamp":"2024-12-19T11:20:29.308Z"}
{"level":"\u001b[32minfo\u001b[39m","message":"{\"method\":\"GET\",\"url\":\"/userprofile\",\"status\":\"304\",\"responseTime\":\"217.031\"}","timestamp":"2024-12-19T11:20:29.679Z"}
{"level":"\u001b[32minfo\u001b[39m","message":"{\"method\":\"GET\",\"url\":\"/getbanner\",\"status\":\"304\",\"responseTime\":\"115.552\"}","timestamp":"2024-12-19T11:21:07.748Z"}
{"level":"\u001b[32minfo\u001b[39m","message":"{\"method\":\"GET\",\"url\":\"/userprofile\",\"status\":\"304\",\"responseTime\":\"382.611\"}","timestamp":"2024-12-19T11:21:08.065Z"}
{"level":"\u001b[32minfo\u001b[39m","message":"{\"method\":\"GET\",\"url\":\"/userprofile\",\"status\":\"304\",\"responseTime\":\"488.543\"}","timestamp":"2024-12-19T11:24:40.189Z"}
{"level":"\u001b[32minfo\u001b[39m","message":"{\"method\":\"GET\",\"url\":\"/getbanner\",\"status\":\"304\",\"responseTime\":\"189.681\"}","timestamp":"2024-12-19T11:24:48.239Z"}
{"level":"\u001b[32minfo\u001b[39m","message":"{\"method\":\"GET\",\"url\":\"/userprofile\",\"status\":\"304\",\"responseTime\":\"335.455\"}","timestamp":"2024-12-19T11:24:48.444Z"}
{"level":"\u001b[32minfo\u001b[39m","message":"{\"method\":\"POST\",\"url\":\"/login\",\"status\":\"200\",\"responseTime\":\"450.742\"}","timestamp":"2024-12-19T11:53:41.860Z"}
{"level":"\u001b[32minfo\u001b[39m","message":"{\"method\":\"GET\",\"url\":\"/getbanner\",\"status\":\"200\",\"responseTime\":\"308.422\"}","timestamp":"2024-12-19T11:53:42.382Z"}
{"level":"\u001b[32minfo\u001b[39m","message":"{\"method\":\"GET\",\"url\":\"/userprofile\",\"status\":\"200\",\"responseTime\":\"1739.680\"}","timestamp":"2024-12-19T11:53:43.819Z"}
{"level":"\u001b[32minfo\u001b[39m","message":"{\"method\":\"GET\",\"url\":\"/userprofile\",\"status\":\"304\",\"responseTime\":\"290.331\"}","timestamp":"2024-12-19T11:53:52.595Z"}
{"level":"\u001b[32minfo\u001b[39m","message":"{\"method\":\"GET\",\"url\":\"/userprofile\",\"status\":\"304\",\"responseTime\":\"200.861\"}","timestamp":"2024-12-19T11:54:12.324Z"}
{"level":"\u001b[32minfo\u001b[39m","message":"{\"method\":\"GET\",\"url\":\"/userprofile\",\"status\":\"304\",\"responseTime\":\"275.662\"}","timestamp":"2024-12-19T11:54:12.618Z"}
{"level":"\u001b[32minfo\u001b[39m","message":"{\"method\":\"GET\",\"url\":\"/userprofile\",\"status\":\"304\",\"responseTime\":\"598.405\"}","timestamp":"2024-12-19T11:54:32.624Z"}
{"level":"\u001b[32minfo\u001b[39m","message":"{\"method\":\"GET\",\"url\":\"/userprofile\",\"status\":\"304\",\"responseTime\":\"163.267\"}","timestamp":"2024-12-19T11:54:35.549Z"}
{"level":"\u001b[32minfo\u001b[39m","message":"{\"method\":\"GET\",\"url\":\"/userprofile\",\"status\":\"304\",\"responseTime\":\"162.374\"}","timestamp":"2024-12-19T11:54:35.722Z"}
{"level":"\u001b[32minfo\u001b[39m","message":"{\"method\":\"GET\",\"url\":\"/getbanner\",\"status\":\"304\",\"responseTime\":\"116.433\"}","timestamp":"2024-12-19T11:55:20.562Z"}
{"level":"\u001b[32minfo\u001b[39m","message":"{\"method\":\"GET\",\"url\":\"/userprofile\",\"status\":\"304\",\"responseTime\":\"235.511\"}","timestamp":"2024-12-19T11:55:20.728Z"}
{"level":"\u001b[32minfo\u001b[39m","message":"{\"method\":\"GET\",\"url\":\"/getbanner\",\"status\":\"304\",\"responseTime\":\"96.593\"}","timestamp":"2024-12-19T11:55:24.143Z"}
{"level":"\u001b[32minfo\u001b[39m","message":"{\"method\":\"GET\",\"url\":\"/userprofile\",\"status\":\"304\",\"responseTime\":\"176.390\"}","timestamp":"2024-12-19T11:55:24.226Z"}
{"level":"\u001b[32minfo\u001b[39m","message":"{\"method\":\"GET\",\"url\":\"/userprofile\",\"status\":\"304\",\"responseTime\":\"181.076\"}","timestamp":"2024-12-19T11:55:26.745Z"}
{"level":"\u001b[32minfo\u001b[39m","message":"{\"method\":\"GET\",\"url\":\"/userprofile\",\"status\":\"304\",\"responseTime\":\"133.242\"}","timestamp":"2024-12-19T11:55:26.890Z"}
{"level":"\u001b[32minfo\u001b[39m","message":"{\"method\":\"POST\",\"url\":\"/update\",\"status\":\"200\",\"responseTime\":\"596.139\"}","timestamp":"2024-12-19T11:55:31.593Z"}
{"level":"\u001b[32minfo\u001b[39m","message":"{\"method\":\"GET\",\"url\":\"/getbanner\",\"status\":\"304\",\"responseTime\":\"52.315\"}","timestamp":"2024-12-19T11:55:32.934Z"}
{"level":"\u001b[32minfo\u001b[39m","message":"{\"method\":\"GET\",\"url\":\"/userprofile\",\"status\":\"200\",\"responseTime\":\"146.511\"}","timestamp":"2024-12-19T11:55:33.031Z"}
{"level":"\u001b[32minfo\u001b[39m","message":"{\"method\":\"GET\",\"url\":\"/userprofile\",\"status\":\"304\",\"responseTime\":\"324.030\"}","timestamp":"2024-12-19T11:55:46.678Z"}
{"level":"\u001b[32minfo\u001b[39m","message":"{\"method\":\"GET\",\"url\":\"/userprofile\",\"status\":\"304\",\"responseTime\":\"334.266\"}","timestamp":"2024-12-19T11:55:47.036Z"}
{"level":"\u001b[32minfo\u001b[39m","message":"{\"method\":\"GET\",\"url\":\"/getbanner\",\"status\":\"304\",\"responseTime\":\"173.627\"}","timestamp":"2024-12-19T11:56:17.373Z"}
{"level":"\u001b[32minfo\u001b[39m","message":"{\"method\":\"GET\",\"url\":\"/userprofile\",\"status\":\"304\",\"responseTime\":\"670.816\"}","timestamp":"2024-12-19T11:56:17.889Z"}
{"level":"\u001b[32minfo\u001b[39m","message":"{\"method\":\"GET\",\"url\":\"/userprofile\",\"status\":\"304\",\"responseTime\":\"223.034\"}","timestamp":"2024-12-19T11:56:51.473Z"}
{"level":"\u001b[32minfo\u001b[39m","message":"{\"method\":\"GET\",\"url\":\"/userprofile\",\"status\":\"304\",\"responseTime\":\"215.509\"}","timestamp":"2024-12-19T11:56:51.710Z"}
{"level":"\u001b[32minfo\u001b[39m","message":"{\"method\":\"GET\",\"url\":\"/getbanner\",\"status\":\"304\",\"responseTime\":\"370.225\"}","timestamp":"2024-12-19T12:15:17.695Z"}
{"level":"\u001b[32minfo\u001b[39m","message":"{\"method\":\"GET\",\"url\":\"/userprofile\",\"status\":\"304\",\"responseTime\":\"973.428\"}","timestamp":"2024-12-19T12:15:17.916Z"}
{"level":"\u001b[32minfo\u001b[39m","message":"{\"method\":\"GET\",\"url\":\"/userprofile\",\"status\":\"304\",\"responseTime\":\"296.033\"}","timestamp":"2024-12-19T12:15:26.269Z"}
{"level":"\u001b[32minfo\u001b[39m","message":"{\"method\":\"GET\",\"url\":\"/userprofile\",\"status\":\"304\",\"responseTime\":\"143.951\"}","timestamp":"2024-12-19T12:15:26.631Z"}
{"level":"\u001b[32minfo\u001b[39m","message":"{\"method\":\"GET\",\"url\":\"/getbanner\",\"status\":\"304\",\"responseTime\":\"288.114\"}","timestamp":"2024-12-19T12:21:59.174Z"}
{"level":"\u001b[32minfo\u001b[39m","message":"{\"method\":\"GET\",\"url\":\"/userprofile\",\"status\":\"304\",\"responseTime\":\"200.255\"}","timestamp":"2024-12-19T12:21:59.242Z"}
{"level":"\u001b[32minfo\u001b[39m","message":"{\"method\":\"GET\",\"url\":\"/getbanner\",\"status\":\"304\",\"responseTime\":\"70.309\"}","timestamp":"2024-12-19T12:22:04.700Z"}
{"level":"\u001b[32minfo\u001b[39m","message":"{\"method\":\"GET\",\"url\":\"/userprofile\",\"status\":\"304\",\"responseTime\":\"160.554\"}","timestamp":"2024-12-19T12:22:04.758Z"}
{"level":"\u001b[32minfo\u001b[39m","message":"{\"method\":\"GET\",\"url\":\"/userprofile\",\"status\":\"304\",\"responseTime\":\"131.236\"}","timestamp":"2024-12-19T12:22:06.841Z"}
{"level":"\u001b[32minfo\u001b[39m","message":"{\"method\":\"GET\",\"url\":\"/userprofile\",\"status\":\"304\",\"responseTime\":\"297.938\"}","timestamp":"2024-12-19T12:22:07.658Z"}
{"level":"\u001b[32minfo\u001b[39m","message":"{\"method\":\"POST\",\"url\":\"/generate-presigned-url\",\"status\":\"200\",\"responseTime\":\"1158.361\"}","timestamp":"2024-12-19T12:22:20.568Z"}
{"level":"\u001b[32minfo\u001b[39m","message":"{\"method\":\"GET\",\"url\":\"/getbanner\",\"status\":\"304\",\"responseTime\":\"227.265\"}","timestamp":"2024-12-19T12:22:25.878Z"}
{"level":"\u001b[32minfo\u001b[39m","message":"{\"method\":\"GET\",\"url\":\"/userprofile\",\"status\":\"304\",\"responseTime\":\"180.288\"}","timestamp":"2024-12-19T12:22:26.155Z"}
{"level":"\u001b[32minfo\u001b[39m","message":"{\"method\":\"GET\",\"url\":\"/userprofile\",\"status\":\"304\",\"responseTime\":\"913.375\"}","timestamp":"2024-12-19T12:36:52.212Z"}
{"level":"\u001b[32minfo\u001b[39m","message":"{\"method\":\"GET\",\"url\":\"/userprofile\",\"status\":\"304\",\"responseTime\":\"354.567\"}","timestamp":"2024-12-19T12:50:57.578Z"}
{"level":"\u001b[32minfo\u001b[39m","message":"{\"method\":\"GET\",\"url\":\"/userprofile\",\"status\":\"200\",\"responseTime\":\"370.159\"}","timestamp":"2024-12-19T12:51:08.010Z"}
{"level":"\u001b[32minfo\u001b[39m","message":"{\"method\":\"GET\",\"url\":\"/getbanner\",\"status\":\"200\",\"responseTime\":\"95.336\"}","timestamp":"2024-12-19T13:12:58.096Z"}
{"level":"\u001b[32minfo\u001b[39m","message":"{\"method\":\"GET\",\"url\":\"/userprofile\",\"status\":\"200\",\"responseTime\":\"538.731\"}","timestamp":"2024-12-19T13:12:58.278Z"}
{"level":"\u001b[32minfo\u001b[39m","message":"{\"method\":\"GET\",\"url\":\"/userprofile\",\"status\":\"304\",\"responseTime\":\"154.515\"}","timestamp":"2024-12-19T13:13:02.427Z"}
{"level":"\u001b[32minfo\u001b[39m","message":"{\"method\":\"GET\",\"url\":\"/getbanner\",\"status\":\"304\",\"responseTime\":\"101.584\"}","timestamp":"2024-12-19T13:14:05.552Z"}
{"level":"\u001b[32minfo\u001b[39m","message":"{\"method\":\"GET\",\"url\":\"/userprofile\",\"status\":\"304\",\"responseTime\":\"175.607\"}","timestamp":"2024-12-19T13:14:05.646Z"}
{"level":"\u001b[32minfo\u001b[39m","message":"{\"method\":\"GET\",\"url\":\"/getbanner\",\"status\":\"304\",\"responseTime\":\"93.030\"}","timestamp":"2024-12-19T13:15:15.451Z"}
{"level":"\u001b[32minfo\u001b[39m","message":"{\"method\":\"GET\",\"url\":\"/userprofile\",\"status\":\"304\",\"responseTime\":\"253.850\"}","timestamp":"2024-12-19T13:15:15.629Z"}
{"level":"\u001b[32minfo\u001b[39m","message":"{\"method\":\"GET\",\"url\":\"/userprofile\",\"status\":\"304\",\"responseTime\":\"237.824\"}","timestamp":"2024-12-19T13:15:17.098Z"}
{"level":"\u001b[32minfo\u001b[39m","message":"{\"method\":\"GET\",\"url\":\"/userprofile\",\"status\":\"304\",\"responseTime\":\"167.605\"}","timestamp":"2024-12-19T13:15:17.322Z"}
{"level":"\u001b[32minfo\u001b[39m","message":"{\"method\":\"GET\",\"url\":\"/getbanner\",\"status\":\"304\",\"responseTime\":\"96.764\"}","timestamp":"2024-12-19T13:15:22.912Z"}
{"level":"\u001b[32minfo\u001b[39m","message":"{\"method\":\"GET\",\"url\":\"/userprofile\",\"status\":\"304\",\"responseTime\":\"148.085\"}","timestamp":"2024-12-19T13:15:22.968Z"}
