{"level":"\u001b[32minfo\u001b[39m","message":"{\"method\":\"POST\",\"url\":\"/login\",\"status\":\"200\",\"responseTime\":\"1058.912\"}","timestamp":"2024-10-27T12:53:19.652Z"}
{"level":"\u001b[32minfo\u001b[39m","message":"{\"method\":\"GET\",\"url\":\"/userprofile\",\"status\":\"304\",\"responseTime\":\"223.579\"}","timestamp":"2024-10-27T12:53:19.994Z"}
{"level":"\u001b[32minfo\u001b[39m","message":"{\"method\":\"GET\",\"url\":\"/userprofile\",\"status\":\"304\",\"responseTime\":\"234.965\"}","timestamp":"2024-10-27T12:53:33.904Z"}
{"level":"\u001b[32minfo\u001b[39m","message":"{\"method\":\"GET\",\"url\":\"/userprofile\",\"status\":\"304\",\"responseTime\":\"244.337\"}","timestamp":"2024-10-27T12:53:34.186Z"}
{"level":"\u001b[32minfo\u001b[39m","message":"{\"method\":\"GET\",\"url\":\"/userprofile\",\"status\":\"304\",\"responseTime\":\"198.084\"}","timestamp":"2024-10-27T12:53:35.211Z"}
{"level":"\u001b[32minfo\u001b[39m","message":"{\"method\":\"GET\",\"url\":\"/userprofile\",\"status\":\"304\",\"responseTime\":\"244.988\"}","timestamp":"2024-10-27T13:06:41.525Z"}
{"level":"\u001b[32minfo\u001b[39m","message":"{\"method\":\"POST\",\"url\":\"/adminlogin\",\"status\":\"200\",\"responseTime\":\"442.456\"}","timestamp":"2024-10-27T13:07:23.004Z"}
{"level":"\u001b[32minfo\u001b[39m","message":"{\"method\":\"GET\",\"url\":\"/userlist\",\"status\":\"304\",\"responseTime\":\"184.814\"}","timestamp":"2024-10-27T13:07:23.263Z"}
{"level":"\u001b[32minfo\u001b[39m","message":"{\"method\":\"GET\",\"url\":\"/userlist\",\"status\":\"304\",\"responseTime\":\"151.116\"}","timestamp":"2024-10-27T13:08:40.283Z"}
{"level":"\u001b[32minfo\u001b[39m","message":"{\"method\":\"GET\",\"url\":\"/userlist\",\"status\":\"304\",\"responseTime\":\"170.777\"}","timestamp":"2024-10-27T13:10:21.633Z"}
{"level":"\u001b[32minfo\u001b[39m","message":"{\"method\":\"GET\",\"url\":\"/userlist\",\"status\":\"304\",\"responseTime\":\"117.952\"}","timestamp":"2024-10-27T13:10:40.446Z"}
{"level":"\u001b[32minfo\u001b[39m","message":"{\"method\":\"GET\",\"url\":\"/userlist\",\"status\":\"304\",\"responseTime\":\"143.621\"}","timestamp":"2024-10-27T13:10:42.339Z"}
{"level":"\u001b[32minfo\u001b[39m","message":"{\"method\":\"GET\",\"url\":\"/userlist\",\"status\":\"304\",\"responseTime\":\"123.495\"}","timestamp":"2024-10-27T13:10:44.565Z"}
{"level":"\u001b[32minfo\u001b[39m","message":"{\"method\":\"GET\",\"url\":\"/userlist\",\"status\":\"304\",\"responseTime\":\"145.619\"}","timestamp":"2024-10-27T13:10:46.712Z"}
{"level":"\u001b[32minfo\u001b[39m","message":"{\"method\":\"GET\",\"url\":\"/userlist\",\"status\":\"304\",\"responseTime\":\"105.789\"}","timestamp":"2024-10-27T13:10:56.464Z"}
{"level":"\u001b[32minfo\u001b[39m","message":"{\"method\":\"GET\",\"url\":\"/userlist\",\"status\":\"304\",\"responseTime\":\"143.360\"}","timestamp":"2024-10-27T13:11:10.780Z"}
{"level":"\u001b[32minfo\u001b[39m","message":"{\"method\":\"GET\",\"url\":\"/userlist\",\"status\":\"304\",\"responseTime\":\"151.570\"}","timestamp":"2024-10-27T13:11:13.346Z"}
{"level":"\u001b[32minfo\u001b[39m","message":"{\"method\":\"GET\",\"url\":\"/userlist\",\"status\":\"304\",\"responseTime\":\"149.662\"}","timestamp":"2024-10-27T13:11:15.521Z"}
{"level":"\u001b[32minfo\u001b[39m","message":"{\"method\":\"GET\",\"url\":\"/userlist\",\"status\":\"304\",\"responseTime\":\"122.894\"}","timestamp":"2024-10-27T13:11:16.855Z"}
{"level":"\u001b[32minfo\u001b[39m","message":"{\"method\":\"GET\",\"url\":\"/userlist\",\"status\":\"304\",\"responseTime\":\"140.050\"}","timestamp":"2024-10-27T13:11:36.603Z"}
{"level":"\u001b[32minfo\u001b[39m","message":"{\"method\":\"GET\",\"url\":\"/userlist\",\"status\":\"304\",\"responseTime\":\"194.665\"}","timestamp":"2024-10-27T13:11:38.833Z"}
{"level":"\u001b[32minfo\u001b[39m","message":"{\"method\":\"GET\",\"url\":\"/userlist\",\"status\":\"304\",\"responseTime\":\"108.805\"}","timestamp":"2024-10-27T13:11:40.441Z"}
{"level":"\u001b[32minfo\u001b[39m","message":"{\"method\":\"GET\",\"url\":\"/userlist\",\"status\":\"304\",\"responseTime\":\"135.513\"}","timestamp":"2024-10-27T13:11:41.743Z"}
{"level":"\u001b[32minfo\u001b[39m","message":"{\"method\":\"GET\",\"url\":\"/userlist\",\"status\":\"304\",\"responseTime\":\"152.113\"}","timestamp":"2024-10-27T13:11:43.517Z"}
{"level":"\u001b[32minfo\u001b[39m","message":"{\"method\":\"GET\",\"url\":\"/userlist\",\"status\":\"304\",\"responseTime\":\"137.353\"}","timestamp":"2024-10-27T13:11:45.535Z"}
{"level":"\u001b[32minfo\u001b[39m","message":"{\"method\":\"GET\",\"url\":\"/userlist\",\"status\":\"304\",\"responseTime\":\"174.167\"}","timestamp":"2024-10-27T13:11:47.414Z"}
{"level":"\u001b[32minfo\u001b[39m","message":"{\"method\":\"GET\",\"url\":\"/userlist\",\"status\":\"304\",\"responseTime\":\"117.833\"}","timestamp":"2024-10-27T13:11:51.424Z"}
{"level":"\u001b[32minfo\u001b[39m","message":"{\"method\":\"GET\",\"url\":\"/userlist\",\"status\":\"304\",\"responseTime\":\"138.313\"}","timestamp":"2024-10-27T13:11:56.489Z"}
{"level":"\u001b[32minfo\u001b[39m","message":"{\"method\":\"GET\",\"url\":\"/userlist\",\"status\":\"304\",\"responseTime\":\"189.041\"}","timestamp":"2024-10-27T13:12:02.670Z"}
{"level":"\u001b[32minfo\u001b[39m","message":"{\"method\":\"GET\",\"url\":\"/userlist\",\"status\":\"304\",\"responseTime\":\"131.552\"}","timestamp":"2024-10-27T13:12:03.789Z"}
{"level":"\u001b[32minfo\u001b[39m","message":"{\"method\":\"GET\",\"url\":\"/userlist\",\"status\":\"304\",\"responseTime\":\"154.244\"}","timestamp":"2024-10-27T13:12:29.408Z"}
{"level":"\u001b[32minfo\u001b[39m","message":"{\"method\":\"GET\",\"url\":\"/userlist\",\"status\":\"304\",\"responseTime\":\"147.108\"}","timestamp":"2024-10-27T13:12:35.454Z"}
{"level":"\u001b[32minfo\u001b[39m","message":"{\"method\":\"GET\",\"url\":\"/userlist\",\"status\":\"304\",\"responseTime\":\"119.734\"}","timestamp":"2024-10-27T13:12:44.638Z"}
{"level":"\u001b[32minfo\u001b[39m","message":"{\"method\":\"GET\",\"url\":\"/userlist\",\"status\":\"304\",\"responseTime\":\"122.838\"}","timestamp":"2024-10-27T13:12:46.743Z"}
{"level":"\u001b[32minfo\u001b[39m","message":"{\"method\":\"GET\",\"url\":\"/userlist\",\"status\":\"304\",\"responseTime\":\"142.149\"}","timestamp":"2024-10-27T13:12:47.587Z"}
{"level":"\u001b[32minfo\u001b[39m","message":"{\"method\":\"GET\",\"url\":\"/userlist\",\"status\":\"304\",\"responseTime\":\"134.018\"}","timestamp":"2024-10-27T13:12:52.368Z"}
{"level":"\u001b[32minfo\u001b[39m","message":"{\"method\":\"GET\",\"url\":\"/userlist\",\"status\":\"304\",\"responseTime\":\"118.150\"}","timestamp":"2024-10-27T13:13:52.976Z"}
{"level":"\u001b[32minfo\u001b[39m","message":"{\"method\":\"GET\",\"url\":\"/userlist\",\"status\":\"304\",\"responseTime\":\"143.564\"}","timestamp":"2024-10-27T13:13:54.586Z"}
{"level":"\u001b[32minfo\u001b[39m","message":"{\"method\":\"GET\",\"url\":\"/userlist\",\"status\":\"304\",\"responseTime\":\"144.731\"}","timestamp":"2024-10-27T13:14:47.520Z"}
{"level":"\u001b[32minfo\u001b[39m","message":"{\"method\":\"GET\",\"url\":\"/userlist\",\"status\":\"304\",\"responseTime\":\"127.370\"}","timestamp":"2024-10-27T13:15:01.621Z"}
{"level":"\u001b[32minfo\u001b[39m","message":"{\"method\":\"GET\",\"url\":\"/userlist\",\"status\":\"304\",\"responseTime\":\"244.428\"}","timestamp":"2024-10-27T13:15:03.442Z"}
{"level":"\u001b[32minfo\u001b[39m","message":"{\"method\":\"GET\",\"url\":\"/userlist\",\"status\":\"304\",\"responseTime\":\"151.468\"}","timestamp":"2024-10-27T13:15:15.518Z"}
{"level":"\u001b[32minfo\u001b[39m","message":"{\"method\":\"GET\",\"url\":\"/userlist\",\"status\":\"304\",\"responseTime\":\"134.894\"}","timestamp":"2024-10-27T13:15:51.464Z"}
{"level":"\u001b[32minfo\u001b[39m","message":"{\"method\":\"GET\",\"url\":\"/userlist\",\"status\":\"304\",\"responseTime\":\"138.606\"}","timestamp":"2024-10-27T13:19:18.606Z"}
{"level":"\u001b[32minfo\u001b[39m","message":"{\"method\":\"GET\",\"url\":\"/userlist\",\"status\":\"304\",\"responseTime\":\"144.765\"}","timestamp":"2024-10-27T13:19:31.801Z"}
{"level":"\u001b[32minfo\u001b[39m","message":"{\"method\":\"GET\",\"url\":\"/userlist\",\"status\":\"304\",\"responseTime\":\"168.369\"}","timestamp":"2024-10-27T13:19:58.521Z"}
{"level":"\u001b[32minfo\u001b[39m","message":"{\"method\":\"GET\",\"url\":\"/userlist\",\"status\":\"304\",\"responseTime\":\"192.851\"}","timestamp":"2024-10-27T13:20:01.586Z"}
{"level":"\u001b[32minfo\u001b[39m","message":"{\"method\":\"GET\",\"url\":\"/userlist\",\"status\":\"304\",\"responseTime\":\"128.141\"}","timestamp":"2024-10-27T13:20:03.504Z"}
{"level":"\u001b[32minfo\u001b[39m","message":"{\"method\":\"GET\",\"url\":\"/userlist\",\"status\":\"304\",\"responseTime\":\"211.481\"}","timestamp":"2024-10-27T13:20:22.349Z"}
{"level":"\u001b[32minfo\u001b[39m","message":"{\"method\":\"GET\",\"url\":\"/userlist\",\"status\":\"304\",\"responseTime\":\"140.570\"}","timestamp":"2024-10-27T13:20:43.586Z"}
{"level":"\u001b[32minfo\u001b[39m","message":"{\"method\":\"GET\",\"url\":\"/userlist\",\"status\":\"304\",\"responseTime\":\"122.366\"}","timestamp":"2024-10-27T13:22:41.657Z"}
{"level":"\u001b[32minfo\u001b[39m","message":"{\"method\":\"GET\",\"url\":\"/userlist\",\"status\":\"304\",\"responseTime\":\"129.877\"}","timestamp":"2024-10-27T13:22:50.607Z"}
{"level":"\u001b[32minfo\u001b[39m","message":"{\"method\":\"GET\",\"url\":\"/userlist\",\"status\":\"304\",\"responseTime\":\"132.418\"}","timestamp":"2024-10-27T13:22:53.419Z"}
{"level":"\u001b[32minfo\u001b[39m","message":"{\"method\":\"GET\",\"url\":\"/userlist\",\"status\":\"304\",\"responseTime\":\"121.020\"}","timestamp":"2024-10-27T13:22:55.532Z"}
{"level":"\u001b[32minfo\u001b[39m","message":"{\"method\":\"GET\",\"url\":\"/userlist\",\"status\":\"304\",\"responseTime\":\"132.965\"}","timestamp":"2024-10-27T13:22:56.798Z"}
{"level":"\u001b[32minfo\u001b[39m","message":"{\"method\":\"GET\",\"url\":\"/userlist\",\"status\":\"304\",\"responseTime\":\"153.347\"}","timestamp":"2024-10-27T13:23:04.633Z"}
{"level":"\u001b[32minfo\u001b[39m","message":"{\"method\":\"GET\",\"url\":\"/userlist\",\"status\":\"304\",\"responseTime\":\"144.016\"}","timestamp":"2024-10-27T13:23:22.099Z"}
{"level":"\u001b[32minfo\u001b[39m","message":"{\"method\":\"GET\",\"url\":\"/userlist\",\"status\":\"304\",\"responseTime\":\"137.095\"}","timestamp":"2024-10-27T13:23:23.437Z"}
{"level":"\u001b[32minfo\u001b[39m","message":"{\"method\":\"GET\",\"url\":\"/userlist\",\"status\":\"304\",\"responseTime\":\"139.391\"}","timestamp":"2024-10-27T13:23:26.483Z"}
{"level":"\u001b[32minfo\u001b[39m","message":"{\"method\":\"GET\",\"url\":\"/userlist\",\"status\":\"304\",\"responseTime\":\"142.944\"}","timestamp":"2024-10-27T13:24:16.458Z"}
{"level":"\u001b[32minfo\u001b[39m","message":"{\"method\":\"GET\",\"url\":\"/userlist\",\"status\":\"304\",\"responseTime\":\"148.371\"}","timestamp":"2024-10-27T13:24:27.437Z"}
{"level":"\u001b[32minfo\u001b[39m","message":"{\"method\":\"GET\",\"url\":\"/userlist\",\"status\":\"304\",\"responseTime\":\"130.260\"}","timestamp":"2024-10-27T13:24:40.534Z"}
{"level":"\u001b[32minfo\u001b[39m","message":"{\"method\":\"GET\",\"url\":\"/userlist\",\"status\":\"304\",\"responseTime\":\"168.092\"}","timestamp":"2024-10-27T13:24:42.479Z"}
{"level":"\u001b[32minfo\u001b[39m","message":"{\"method\":\"GET\",\"url\":\"/userlist\",\"status\":\"304\",\"responseTime\":\"112.055\"}","timestamp":"2024-10-27T13:24:45.394Z"}
{"level":"\u001b[32minfo\u001b[39m","message":"{\"method\":\"GET\",\"url\":\"/userlist\",\"status\":\"304\",\"responseTime\":\"158.598\"}","timestamp":"2024-10-27T13:24:46.659Z"}
{"level":"\u001b[32minfo\u001b[39m","message":"{\"method\":\"GET\",\"url\":\"/userlist\",\"status\":\"304\",\"responseTime\":\"139.831\"}","timestamp":"2024-10-27T13:24:48.475Z"}
{"level":"\u001b[32minfo\u001b[39m","message":"{\"method\":\"GET\",\"url\":\"/userlist\",\"status\":\"304\",\"responseTime\":\"162.111\"}","timestamp":"2024-10-27T13:24:54.623Z"}
{"level":"\u001b[32minfo\u001b[39m","message":"{\"method\":\"GET\",\"url\":\"/userlist\",\"status\":\"304\",\"responseTime\":\"151.976\"}","timestamp":"2024-10-27T13:24:55.851Z"}
{"level":"\u001b[32minfo\u001b[39m","message":"{\"method\":\"GET\",\"url\":\"/userlist\",\"status\":\"304\",\"responseTime\":\"150.769\"}","timestamp":"2024-10-27T13:25:03.509Z"}
{"level":"\u001b[32minfo\u001b[39m","message":"{\"method\":\"GET\",\"url\":\"/userlist\",\"status\":\"304\",\"responseTime\":\"129.828\"}","timestamp":"2024-10-27T13:25:08.369Z"}
{"level":"\u001b[32minfo\u001b[39m","message":"{\"method\":\"GET\",\"url\":\"/userlist\",\"status\":\"304\",\"responseTime\":\"138.778\"}","timestamp":"2024-10-27T13:25:10.437Z"}
{"level":"\u001b[32minfo\u001b[39m","message":"{\"method\":\"GET\",\"url\":\"/userlist\",\"status\":\"304\",\"responseTime\":\"154.218\"}","timestamp":"2024-10-27T13:25:15.324Z"}
{"level":"\u001b[32minfo\u001b[39m","message":"{\"method\":\"POST\",\"url\":\"/login\",\"status\":\"200\",\"responseTime\":\"363.637\"}","timestamp":"2024-10-27T13:25:36.525Z"}
{"level":"\u001b[32minfo\u001b[39m","message":"{\"method\":\"GET\",\"url\":\"/userprofile\",\"status\":\"304\",\"responseTime\":\"247.558\"}","timestamp":"2024-10-27T13:25:36.850Z"}
{"level":"\u001b[32minfo\u001b[39m","message":"{\"method\":\"PUT\",\"url\":\"/userds/670522f7c164b4f6859290e4/status\",\"status\":\"200\",\"responseTime\":\"154.199\"}","timestamp":"2024-10-27T13:25:48.904Z"}
{"level":"\u001b[32minfo\u001b[39m","message":"{\"method\":\"GET\",\"url\":\"/userprofile\",\"status\":\"403\",\"responseTime\":\"118.074\"}","timestamp":"2024-10-27T13:25:58.417Z"}
{"level":"\u001b[32minfo\u001b[39m","message":"{\"method\":\"GET\",\"url\":\"/userprofile\",\"status\":\"403\",\"responseTime\":\"87.845\"}","timestamp":"2024-10-27T13:25:58.517Z"}
{"level":"\u001b[32minfo\u001b[39m","message":"{\"method\":\"PUT\",\"url\":\"/userds/670522f7c164b4f6859290e4/status\",\"status\":\"200\",\"responseTime\":\"140.470\"}","timestamp":"2024-10-27T13:26:08.483Z"}
{"level":"\u001b[32minfo\u001b[39m","message":"{\"method\":\"GET\",\"url\":\"/userlist\",\"status\":\"200\",\"responseTime\":\"117.049\"}","timestamp":"2024-10-27T13:28:07.694Z"}
{"level":"\u001b[32minfo\u001b[39m","message":"{\"method\":\"GET\",\"url\":\"/userlist\",\"status\":\"304\",\"responseTime\":\"136.260\"}","timestamp":"2024-10-27T13:28:26.533Z"}
{"level":"\u001b[32minfo\u001b[39m","message":"{\"method\":\"GET\",\"url\":\"/userlist\",\"status\":\"304\",\"responseTime\":\"161.215\"}","timestamp":"2024-10-27T13:30:15.483Z"}
{"level":"\u001b[32minfo\u001b[39m","message":"{\"method\":\"GET\",\"url\":\"/userlist\",\"status\":\"304\",\"responseTime\":\"131.720\"}","timestamp":"2024-10-27T13:31:35.371Z"}
{"level":"\u001b[32minfo\u001b[39m","message":"{\"method\":\"GET\",\"url\":\"/userlist\",\"status\":\"304\",\"responseTime\":\"155.939\"}","timestamp":"2024-10-27T13:32:12.543Z"}
{"level":"\u001b[32minfo\u001b[39m","message":"{\"method\":\"GET\",\"url\":\"/userlist\",\"status\":\"304\",\"responseTime\":\"150.996\"}","timestamp":"2024-10-27T13:32:19.324Z"}
{"level":"\u001b[32minfo\u001b[39m","message":"{\"method\":\"GET\",\"url\":\"/userlist\",\"status\":\"304\",\"responseTime\":\"172.885\"}","timestamp":"2024-10-27T13:33:52.501Z"}
{"level":"\u001b[32minfo\u001b[39m","message":"{\"method\":\"GET\",\"url\":\"/userlist\",\"status\":\"304\",\"responseTime\":\"129.216\"}","timestamp":"2024-10-27T13:33:59.650Z"}
{"level":"\u001b[32minfo\u001b[39m","message":"{\"method\":\"GET\",\"url\":\"/userlist\",\"status\":\"304\",\"responseTime\":\"142.180\"}","timestamp":"2024-10-27T13:34:54.366Z"}
{"level":"\u001b[32minfo\u001b[39m","message":"{\"method\":\"GET\",\"url\":\"/userlist\",\"status\":\"304\",\"responseTime\":\"179.074\"}","timestamp":"2024-10-27T13:36:07.519Z"}
{"level":"\u001b[32minfo\u001b[39m","message":"{\"method\":\"GET\",\"url\":\"/userlist\",\"status\":\"304\",\"responseTime\":\"134.222\"}","timestamp":"2024-10-27T13:40:22.950Z"}
{"level":"\u001b[32minfo\u001b[39m","message":"{\"method\":\"GET\",\"url\":\"/userlist\",\"status\":\"304\",\"responseTime\":\"188.909\"}","timestamp":"2024-10-27T13:40:45.840Z"}
{"level":"\u001b[32minfo\u001b[39m","message":"{\"method\":\"GET\",\"url\":\"/userlist\",\"status\":\"304\",\"responseTime\":\"146.642\"}","timestamp":"2024-10-27T13:40:47.961Z"}
{"level":"\u001b[32minfo\u001b[39m","message":"{\"method\":\"GET\",\"url\":\"/userlist\",\"status\":\"304\",\"responseTime\":\"185.608\"}","timestamp":"2024-10-27T13:41:20.790Z"}
{"level":"\u001b[32minfo\u001b[39m","message":"{\"method\":\"GET\",\"url\":\"/userlist\",\"status\":\"304\",\"responseTime\":\"203.550\"}","timestamp":"2024-10-27T13:41:24.586Z"}
{"level":"\u001b[32minfo\u001b[39m","message":"{\"method\":\"GET\",\"url\":\"/userlist\",\"status\":\"304\",\"responseTime\":\"166.209\"}","timestamp":"2024-10-27T13:41:40.637Z"}
{"level":"\u001b[32minfo\u001b[39m","message":"{\"method\":\"GET\",\"url\":\"/userlist\",\"status\":\"304\",\"responseTime\":\"207.345\"}","timestamp":"2024-10-27T13:41:51.581Z"}
{"level":"\u001b[32minfo\u001b[39m","message":"{\"method\":\"GET\",\"url\":\"/userlist\",\"status\":\"304\",\"responseTime\":\"146.008\"}","timestamp":"2024-10-27T13:42:06.592Z"}
{"level":"\u001b[32minfo\u001b[39m","message":"{\"method\":\"GET\",\"url\":\"/userlist\",\"status\":\"304\",\"responseTime\":\"146.667\"}","timestamp":"2024-10-27T13:42:17.308Z"}
{"level":"\u001b[32minfo\u001b[39m","message":"{\"method\":\"GET\",\"url\":\"/userlist\",\"status\":\"304\",\"responseTime\":\"163.707\"}","timestamp":"2024-10-27T13:42:30.626Z"}
{"level":"\u001b[32minfo\u001b[39m","message":"{\"method\":\"GET\",\"url\":\"/userlist\",\"status\":\"304\",\"responseTime\":\"191.553\"}","timestamp":"2024-10-27T13:42:47.613Z"}
{"level":"\u001b[32minfo\u001b[39m","message":"{\"method\":\"GET\",\"url\":\"/userlist\",\"status\":\"304\",\"responseTime\":\"142.402\"}","timestamp":"2024-10-27T13:42:50.055Z"}
{"level":"\u001b[32minfo\u001b[39m","message":"{\"method\":\"GET\",\"url\":\"/userlist\",\"status\":\"304\",\"responseTime\":\"172.752\"}","timestamp":"2024-10-27T13:43:14.625Z"}
{"level":"\u001b[32minfo\u001b[39m","message":"{\"method\":\"GET\",\"url\":\"/userlist\",\"status\":\"304\",\"responseTime\":\"159.263\"}","timestamp":"2024-10-27T13:43:24.468Z"}
{"level":"\u001b[32minfo\u001b[39m","message":"{\"method\":\"GET\",\"url\":\"/userlist\",\"status\":\"304\",\"responseTime\":\"219.195\"}","timestamp":"2024-10-27T13:43:48.842Z"}
{"level":"\u001b[32minfo\u001b[39m","message":"{\"method\":\"GET\",\"url\":\"/userlist\",\"status\":\"304\",\"responseTime\":\"290.036\"}","timestamp":"2024-10-27T13:43:57.779Z"}
{"level":"\u001b[32minfo\u001b[39m","message":"{\"method\":\"GET\",\"url\":\"/userlist\",\"status\":\"304\",\"responseTime\":\"124.110\"}","timestamp":"2024-10-27T13:44:42.652Z"}
{"level":"\u001b[32minfo\u001b[39m","message":"{\"method\":\"GET\",\"url\":\"/userlist\",\"status\":\"304\",\"responseTime\":\"127.347\"}","timestamp":"2024-10-27T13:44:44.829Z"}
{"level":"\u001b[32minfo\u001b[39m","message":"{\"method\":\"GET\",\"url\":\"/userlist\",\"status\":\"304\",\"responseTime\":\"113.310\"}","timestamp":"2024-10-27T13:44:52.404Z"}
{"level":"\u001b[32minfo\u001b[39m","message":"{\"method\":\"GET\",\"url\":\"/userlist\",\"status\":\"304\",\"responseTime\":\"138.085\"}","timestamp":"2024-10-27T13:44:56.582Z"}
{"level":"\u001b[32minfo\u001b[39m","message":"{\"method\":\"GET\",\"url\":\"/userlist\",\"status\":\"304\",\"responseTime\":\"131.861\"}","timestamp":"2024-10-27T14:00:21.026Z"}
{"level":"\u001b[32minfo\u001b[39m","message":"{\"method\":\"GET\",\"url\":\"/userlist\",\"status\":\"304\",\"responseTime\":\"140.532\"}","timestamp":"2024-10-27T14:01:04.769Z"}
{"level":"\u001b[32minfo\u001b[39m","message":"{\"method\":\"GET\",\"url\":\"/userlist?page=1&limit=6\",\"status\":\"200\",\"responseTime\":\"140.249\"}","timestamp":"2024-10-27T14:01:15.744Z"}
{"level":"\u001b[32minfo\u001b[39m","message":"{\"method\":\"GET\",\"url\":\"/userlist?page=1&limit=6\",\"status\":\"304\",\"responseTime\":\"140.291\"}","timestamp":"2024-10-27T14:05:12.255Z"}
{"level":"\u001b[32minfo\u001b[39m","message":"{\"method\":\"GET\",\"url\":\"/userlist?page=1&limit=6\",\"status\":\"304\",\"responseTime\":\"136.820\"}","timestamp":"2024-10-27T14:05:30.569Z"}
{"level":"\u001b[32minfo\u001b[39m","message":"{\"method\":\"GET\",\"url\":\"/userlist?page=1&limit=6\",\"status\":\"304\",\"responseTime\":\"133.579\"}","timestamp":"2024-10-27T14:05:33.983Z"}
{"level":"\u001b[32minfo\u001b[39m","message":"{\"method\":\"POST\",\"url\":\"/adminlogin\",\"status\":\"200\",\"responseTime\":\"318.265\"}","timestamp":"2024-10-27T14:08:10.988Z"}
{"level":"\u001b[32minfo\u001b[39m","message":"{\"method\":\"GET\",\"url\":\"/userlist?page=1&limit=6\",\"status\":\"200\",\"responseTime\":\"149.847\"}","timestamp":"2024-10-27T14:08:11.198Z"}
{"level":"\u001b[32minfo\u001b[39m","message":"{\"method\":\"GET\",\"url\":\"/userlist?page=1&limit=6\",\"status\":\"304\",\"responseTime\":\"140.340\"}","timestamp":"2024-10-27T14:08:13.921Z"}
{"level":"\u001b[32minfo\u001b[39m","message":"{\"method\":\"GET\",\"url\":\"/userlist?page=1&limit=6\",\"status\":\"304\",\"responseTime\":\"178.699\"}","timestamp":"2024-10-27T14:08:31.839Z"}
{"level":"\u001b[32minfo\u001b[39m","message":"{\"method\":\"GET\",\"url\":\"/userlist?page=1&limit=6\",\"status\":\"304\",\"responseTime\":\"116.864\"}","timestamp":"2024-10-27T14:09:04.932Z"}
{"level":"\u001b[32minfo\u001b[39m","message":"{\"method\":\"GET\",\"url\":\"/userlist?page=1&limit=6\",\"status\":\"304\",\"responseTime\":\"145.913\"}","timestamp":"2024-10-27T14:09:39.775Z"}
