{"level":"\u001b[32minfo\u001b[39m","message":"{\"method\":\"POST\",\"url\":\"/login\",\"status\":\"200\",\"responseTime\":\"192.941\"}","timestamp":"2024-12-02T04:02:44.002Z"}
{"level":"\u001b[32minfo\u001b[39m","message":"{\"method\":\"GET\",\"url\":\"/getbanner\",\"status\":\"304\",\"responseTime\":\"66.535\"}","timestamp":"2024-12-02T04:02:44.161Z"}
{"level":"\u001b[32minfo\u001b[39m","message":"{\"method\":\"GET\",\"url\":\"/userprofile\",\"status\":\"200\",\"responseTime\":\"201.824\"}","timestamp":"2024-12-02T04:02:44.304Z"}
{"level":"\u001b[32minfo\u001b[39m","message":"{\"method\":\"GET\",\"url\":\"/userprofile\",\"status\":\"304\",\"responseTime\":\"113.812\"}","timestamp":"2024-12-02T04:02:48.629Z"}
{"level":"\u001b[32minfo\u001b[39m","message":"{\"method\":\"GET\",\"url\":\"/getbanner\",\"status\":\"304\",\"responseTime\":\"127.409\"}","timestamp":"2024-12-02T04:02:56.497Z"}
{"level":"\u001b[32minfo\u001b[39m","message":"{\"method\":\"GET\",\"url\":\"/userprofile\",\"status\":\"304\",\"responseTime\":\"287.181\"}","timestamp":"2024-12-02T04:02:56.701Z"}
{"level":"\u001b[32minfo\u001b[39m","message":"{\"method\":\"POST\",\"url\":\"/login\",\"status\":\"200\",\"responseTime\":\"168.178\"}","timestamp":"2024-12-02T04:03:14.928Z"}
{"level":"\u001b[32minfo\u001b[39m","message":"{\"method\":\"GET\",\"url\":\"/getbanner\",\"status\":\"304\",\"responseTime\":\"48.054\"}","timestamp":"2024-12-02T04:03:15.048Z"}
{"level":"\u001b[32minfo\u001b[39m","message":"{\"method\":\"GET\",\"url\":\"/userprofile\",\"status\":\"200\",\"responseTime\":\"121.495\"}","timestamp":"2024-12-02T04:03:15.130Z"}
{"level":"\u001b[32minfo\u001b[39m","message":"{\"method\":\"GET\",\"url\":\"/userprofile\",\"status\":\"304\",\"responseTime\":\"130.444\"}","timestamp":"2024-12-02T04:03:32.969Z"}
{"level":"\u001b[32minfo\u001b[39m","message":"{\"method\":\"GET\",\"url\":\"/userprofile\",\"status\":\"304\",\"responseTime\":\"250.309\"}","timestamp":"2024-12-02T04:08:42.170Z"}
{"level":"\u001b[32minfo\u001b[39m","message":"{\"method\":\"GET\",\"url\":\"/userprofile\",\"status\":\"304\",\"responseTime\":\"396.405\"}","timestamp":"2024-12-02T04:10:38.377Z"}
{"level":"\u001b[32minfo\u001b[39m","message":"{\"method\":\"GET\",\"url\":\"/userprofile\",\"status\":\"304\",\"responseTime\":\"302.566\"}","timestamp":"2024-12-02T04:11:07.529Z"}
{"level":"\u001b[32minfo\u001b[39m","message":"{\"method\":\"GET\",\"url\":\"/userprofile\",\"status\":\"304\",\"responseTime\":\"158.899\"}","timestamp":"2024-12-02T04:11:12.405Z"}
{"level":"\u001b[32minfo\u001b[39m","message":"{\"method\":\"GET\",\"url\":\"/userprofile\",\"status\":\"304\",\"responseTime\":\"184.859\"}","timestamp":"2024-12-02T04:12:53.217Z"}
{"level":"\u001b[32minfo\u001b[39m","message":"{\"method\":\"GET\",\"url\":\"/userprofile\",\"status\":\"304\",\"responseTime\":\"202.783\"}","timestamp":"2024-12-02T04:13:20.327Z"}
{"level":"\u001b[32minfo\u001b[39m","message":"{\"method\":\"GET\",\"url\":\"/userprofile\",\"status\":\"304\",\"responseTime\":\"118.694\"}","timestamp":"2024-12-02T04:13:26.099Z"}
{"level":"\u001b[32minfo\u001b[39m","message":"{\"method\":\"GET\",\"url\":\"/userprofile\",\"status\":\"304\",\"responseTime\":\"218.808\"}","timestamp":"2024-12-02T04:13:28.555Z"}
{"level":"\u001b[32minfo\u001b[39m","message":"{\"method\":\"GET\",\"url\":\"/userprofile\",\"status\":\"304\",\"responseTime\":\"249.448\"}","timestamp":"2024-12-02T04:18:09.514Z"}
{"level":"\u001b[32minfo\u001b[39m","message":"{\"method\":\"GET\",\"url\":\"/userprofile\",\"status\":\"304\",\"responseTime\":\"238.839\"}","timestamp":"2024-12-02T04:18:19.001Z"}
{"level":"\u001b[32minfo\u001b[39m","message":"{\"method\":\"GET\",\"url\":\"/userprofile\",\"status\":\"304\",\"responseTime\":\"191.306\"}","timestamp":"2024-12-02T04:18:51.035Z"}
{"level":"\u001b[32minfo\u001b[39m","message":"{\"method\":\"GET\",\"url\":\"/userprofile\",\"status\":\"304\",\"responseTime\":\"130.656\"}","timestamp":"2024-12-02T04:24:34.927Z"}
{"level":"\u001b[32minfo\u001b[39m","message":"{\"method\":\"GET\",\"url\":\"/userprofile\",\"status\":\"304\",\"responseTime\":\"164.031\"}","timestamp":"2024-12-02T04:27:41.368Z"}
{"level":"\u001b[32minfo\u001b[39m","message":"{\"method\":\"GET\",\"url\":\"/userprofile\",\"status\":\"304\",\"responseTime\":\"382.158\"}","timestamp":"2024-12-02T04:29:14.427Z"}
{"level":"\u001b[32minfo\u001b[39m","message":"{\"method\":\"GET\",\"url\":\"/userprofile\",\"status\":\"304\",\"responseTime\":\"169.309\"}","timestamp":"2024-12-02T04:29:20.713Z"}
{"level":"\u001b[32minfo\u001b[39m","message":"{\"method\":\"GET\",\"url\":\"/userprofile\",\"status\":\"304\",\"responseTime\":\"122.540\"}","timestamp":"2024-12-02T04:29:27.084Z"}
{"level":"\u001b[32minfo\u001b[39m","message":"{\"method\":\"GET\",\"url\":\"/userprofile\",\"status\":\"304\",\"responseTime\":\"205.157\"}","timestamp":"2024-12-02T04:29:29.429Z"}
{"level":"\u001b[32minfo\u001b[39m","message":"{\"method\":\"GET\",\"url\":\"/userprofile\",\"status\":\"304\",\"responseTime\":\"313.896\"}","timestamp":"2024-12-02T04:30:25.078Z"}
{"level":"\u001b[32minfo\u001b[39m","message":"{\"method\":\"GET\",\"url\":\"/userprofile\",\"status\":\"304\",\"responseTime\":\"413.973\"}","timestamp":"2024-12-02T04:44:57.945Z"}
{"level":"\u001b[32minfo\u001b[39m","message":"{\"method\":\"GET\",\"url\":\"/userprofile\",\"status\":\"304\",\"responseTime\":\"308.298\"}","timestamp":"2024-12-02T04:52:27.235Z"}
{"level":"\u001b[32minfo\u001b[39m","message":"{\"method\":\"GET\",\"url\":\"/userprofile\",\"status\":\"304\",\"responseTime\":\"116.466\"}","timestamp":"2024-12-02T04:54:12.408Z"}
{"level":"\u001b[32minfo\u001b[39m","message":"{\"method\":\"GET\",\"url\":\"/userprofile\",\"status\":\"304\",\"responseTime\":\"170.339\"}","timestamp":"2024-12-02T04:57:05.053Z"}
{"level":"\u001b[32minfo\u001b[39m","message":"{\"method\":\"GET\",\"url\":\"/userprofile\",\"status\":\"304\",\"responseTime\":\"166.516\"}","timestamp":"2024-12-02T05:20:41.540Z"}
{"level":"\u001b[32minfo\u001b[39m","message":"{\"method\":\"GET\",\"url\":\"/getbanner\",\"status\":\"304\",\"responseTime\":\"90.436\"}","timestamp":"2024-12-02T05:20:56.242Z"}
{"level":"\u001b[32minfo\u001b[39m","message":"{\"method\":\"GET\",\"url\":\"/userprofile\",\"status\":\"304\",\"responseTime\":\"267.365\"}","timestamp":"2024-12-02T05:20:56.397Z"}
{"level":"\u001b[32minfo\u001b[39m","message":"{\"method\":\"GET\",\"url\":\"/userprofile\",\"status\":\"304\",\"responseTime\":\"182.086\"}","timestamp":"2024-12-02T05:21:01.123Z"}
{"level":"\u001b[32minfo\u001b[39m","message":"{\"method\":\"GET\",\"url\":\"/getbanner\",\"status\":\"304\",\"responseTime\":\"55.750\"}","timestamp":"2024-12-02T05:21:25.401Z"}
{"level":"\u001b[32minfo\u001b[39m","message":"{\"method\":\"GET\",\"url\":\"/userprofile\",\"status\":\"304\",\"responseTime\":\"160.109\"}","timestamp":"2024-12-02T05:21:25.509Z"}
{"level":"\u001b[32minfo\u001b[39m","message":"{\"method\":\"GET\",\"url\":\"/userprofile\",\"status\":\"304\",\"responseTime\":\"136.767\"}","timestamp":"2024-12-02T05:21:27.742Z"}
{"level":"\u001b[32minfo\u001b[39m","message":"{\"method\":\"GET\",\"url\":\"/userprofile\",\"status\":\"304\",\"responseTime\":\"119.167\"}","timestamp":"2024-12-02T05:22:30.786Z"}
{"level":"\u001b[32minfo\u001b[39m","message":"{\"method\":\"GET\",\"url\":\"/userprofile\",\"status\":\"304\",\"responseTime\":\"333.671\"}","timestamp":"2024-12-02T05:22:32.734Z"}
{"level":"\u001b[32minfo\u001b[39m","message":"{\"method\":\"GET\",\"url\":\"/userprofile\",\"status\":\"304\",\"responseTime\":\"161.574\"}","timestamp":"2024-12-02T05:22:34.816Z"}
{"level":"\u001b[32minfo\u001b[39m","message":"{\"method\":\"GET\",\"url\":\"/userprofile\",\"status\":\"304\",\"responseTime\":\"160.420\"}","timestamp":"2024-12-02T05:23:18.534Z"}
{"level":"\u001b[32minfo\u001b[39m","message":"{\"method\":\"GET\",\"url\":\"/getbanner\",\"status\":\"304\",\"responseTime\":\"46.425\"}","timestamp":"2024-12-02T05:23:49.301Z"}
{"level":"\u001b[32minfo\u001b[39m","message":"{\"method\":\"GET\",\"url\":\"/userprofile\",\"status\":\"304\",\"responseTime\":\"206.582\"}","timestamp":"2024-12-02T05:23:49.464Z"}
{"level":"\u001b[32minfo\u001b[39m","message":"{\"method\":\"GET\",\"url\":\"/userprofile\",\"status\":\"304\",\"responseTime\":\"154.935\"}","timestamp":"2024-12-02T05:23:51.842Z"}
{"level":"\u001b[32minfo\u001b[39m","message":"{\"method\":\"GET\",\"url\":\"/getbanner\",\"status\":\"304\",\"responseTime\":\"48.028\"}","timestamp":"2024-12-02T05:23:55.463Z"}
{"level":"\u001b[32minfo\u001b[39m","message":"{\"method\":\"GET\",\"url\":\"/userprofile\",\"status\":\"304\",\"responseTime\":\"331.108\"}","timestamp":"2024-12-02T05:23:55.766Z"}
{"level":"\u001b[32minfo\u001b[39m","message":"{\"method\":\"GET\",\"url\":\"/getbanner\",\"status\":\"304\",\"responseTime\":\"45.652\"}","timestamp":"2024-12-02T05:28:27.640Z"}
{"level":"\u001b[32minfo\u001b[39m","message":"{\"method\":\"GET\",\"url\":\"/userprofile\",\"status\":\"304\",\"responseTime\":\"103.575\"}","timestamp":"2024-12-02T05:28:27.701Z"}
{"level":"\u001b[32minfo\u001b[39m","message":"{\"method\":\"GET\",\"url\":\"/getbanner\",\"status\":\"304\",\"responseTime\":\"612.496\"}","timestamp":"2024-12-02T06:54:49.587Z"}
{"level":"\u001b[32minfo\u001b[39m","message":"{\"method\":\"GET\",\"url\":\"/userprofile\",\"status\":\"304\",\"responseTime\":\"654.921\"}","timestamp":"2024-12-02T06:54:49.697Z"}
{"level":"\u001b[32minfo\u001b[39m","message":"{\"method\":\"GET\",\"url\":\"/userprofile\",\"status\":\"304\",\"responseTime\":\"170.281\"}","timestamp":"2024-12-02T06:58:56.056Z"}
{"level":"\u001b[32minfo\u001b[39m","message":"{\"method\":\"GET\",\"url\":\"/getbanner\",\"status\":\"304\",\"responseTime\":\"54.589\"}","timestamp":"2024-12-02T06:59:04.608Z"}
{"level":"\u001b[32minfo\u001b[39m","message":"{\"method\":\"GET\",\"url\":\"/userprofile\",\"status\":\"304\",\"responseTime\":\"183.894\"}","timestamp":"2024-12-02T06:59:04.742Z"}
{"level":"\u001b[32minfo\u001b[39m","message":"{\"method\":\"GET\",\"url\":\"/userprofile\",\"status\":\"304\",\"responseTime\":\"147.286\"}","timestamp":"2024-12-02T06:59:07.180Z"}
{"level":"\u001b[32minfo\u001b[39m","message":"{\"method\":\"GET\",\"url\":\"/getbanner\",\"status\":\"304\",\"responseTime\":\"56.080\"}","timestamp":"2024-12-02T06:59:11.251Z"}
{"level":"\u001b[32minfo\u001b[39m","message":"{\"method\":\"GET\",\"url\":\"/userprofile\",\"status\":\"304\",\"responseTime\":\"185.190\"}","timestamp":"2024-12-02T06:59:11.390Z"}
{"level":"\u001b[32minfo\u001b[39m","message":"{\"method\":\"GET\",\"url\":\"/userprofile\",\"status\":\"304\",\"responseTime\":\"114.917\"}","timestamp":"2024-12-02T07:06:36.847Z"}
{"level":"\u001b[32minfo\u001b[39m","message":"{\"method\":\"GET\",\"url\":\"/getbanner\",\"status\":\"304\",\"responseTime\":\"59.745\"}","timestamp":"2024-12-02T07:06:53.805Z"}
{"level":"\u001b[32minfo\u001b[39m","message":"{\"method\":\"GET\",\"url\":\"/userprofile\",\"status\":\"304\",\"responseTime\":\"136.546\"}","timestamp":"2024-12-02T07:06:53.894Z"}
{"level":"\u001b[32minfo\u001b[39m","message":"{\"method\":\"GET\",\"url\":\"/userprofile\",\"status\":\"304\",\"responseTime\":\"181.862\"}","timestamp":"2024-12-02T07:06:56.212Z"}
{"level":"\u001b[32minfo\u001b[39m","message":"{\"method\":\"GET\",\"url\":\"/getbanner\",\"status\":\"304\",\"responseTime\":\"46.664\"}","timestamp":"2024-12-02T07:07:40.096Z"}
{"level":"\u001b[32minfo\u001b[39m","message":"{\"method\":\"GET\",\"url\":\"/userprofile\",\"status\":\"304\",\"responseTime\":\"143.911\"}","timestamp":"2024-12-02T07:07:40.202Z"}
{"level":"\u001b[32minfo\u001b[39m","message":"{\"method\":\"GET\",\"url\":\"/userprofile\",\"status\":\"304\",\"responseTime\":\"165.047\"}","timestamp":"2024-12-02T07:07:42.489Z"}
{"level":"\u001b[32minfo\u001b[39m","message":"{\"method\":\"GET\",\"url\":\"/getbanner\",\"status\":\"304\",\"responseTime\":\"67.331\"}","timestamp":"2024-12-02T07:07:45.772Z"}
{"level":"\u001b[32minfo\u001b[39m","message":"{\"method\":\"GET\",\"url\":\"/userprofile\",\"status\":\"304\",\"responseTime\":\"129.724\"}","timestamp":"2024-12-02T07:07:45.797Z"}
{"level":"\u001b[32minfo\u001b[39m","message":"{\"method\":\"GET\",\"url\":\"/userprofile\",\"status\":\"304\",\"responseTime\":\"157.056\"}","timestamp":"2024-12-02T07:08:06.177Z"}
{"level":"\u001b[32minfo\u001b[39m","message":"{\"method\":\"GET\",\"url\":\"/getbanner\",\"status\":\"304\",\"responseTime\":\"94.964\"}","timestamp":"2024-12-02T07:08:30.857Z"}
{"level":"\u001b[32minfo\u001b[39m","message":"{\"method\":\"GET\",\"url\":\"/userprofile\",\"status\":\"304\",\"responseTime\":\"199.016\"}","timestamp":"2024-12-02T07:08:30.967Z"}
{"level":"\u001b[32minfo\u001b[39m","message":"{\"method\":\"GET\",\"url\":\"/userprofile\",\"status\":\"304\",\"responseTime\":\"180.189\"}","timestamp":"2024-12-02T07:48:26.121Z"}
{"level":"\u001b[32minfo\u001b[39m","message":"{\"method\":\"GET\",\"url\":\"/getbanner\",\"status\":\"304\",\"responseTime\":\"135.265\"}","timestamp":"2024-12-02T07:48:32.644Z"}
{"level":"\u001b[32minfo\u001b[39m","message":"{\"method\":\"GET\",\"url\":\"/userprofile\",\"status\":\"304\",\"responseTime\":\"207.430\"}","timestamp":"2024-12-02T07:48:32.720Z"}
{"level":"\u001b[32minfo\u001b[39m","message":"{\"method\":\"GET\",\"url\":\"/getbanner\",\"status\":\"304\",\"responseTime\":\"46.371\"}","timestamp":"2024-12-02T07:55:15.377Z"}
{"level":"\u001b[32minfo\u001b[39m","message":"{\"method\":\"GET\",\"url\":\"/userprofile\",\"status\":\"304\",\"responseTime\":\"122.302\"}","timestamp":"2024-12-02T07:55:15.456Z"}
{"level":"\u001b[32minfo\u001b[39m","message":"{\"method\":\"GET\",\"url\":\"/getbanner\",\"status\":\"304\",\"responseTime\":\"47.789\"}","timestamp":"2024-12-02T07:56:56.666Z"}
{"level":"\u001b[32minfo\u001b[39m","message":"{\"method\":\"GET\",\"url\":\"/userprofile\",\"status\":\"304\",\"responseTime\":\"114.699\"}","timestamp":"2024-12-02T07:56:56.735Z"}
{"level":"\u001b[32minfo\u001b[39m","message":"{\"method\":\"GET\",\"url\":\"/getbanner\",\"status\":\"304\",\"responseTime\":\"58.729\"}","timestamp":"2024-12-02T07:57:03.635Z"}
{"level":"\u001b[32minfo\u001b[39m","message":"{\"method\":\"GET\",\"url\":\"/userprofile\",\"status\":\"304\",\"responseTime\":\"115.902\"}","timestamp":"2024-12-02T07:57:03.694Z"}
{"level":"\u001b[32minfo\u001b[39m","message":"{\"method\":\"GET\",\"url\":\"/userprofile\",\"status\":\"304\",\"responseTime\":\"323.785\"}","timestamp":"2024-12-02T08:00:51.012Z"}
{"level":"\u001b[32minfo\u001b[39m","message":"{\"method\":\"GET\",\"url\":\"/getbanner\",\"status\":\"304\",\"responseTime\":\"62.966\"}","timestamp":"2024-12-02T08:00:57.936Z"}
{"level":"\u001b[32minfo\u001b[39m","message":"{\"method\":\"GET\",\"url\":\"/userprofile\",\"status\":\"304\",\"responseTime\":\"302.664\"}","timestamp":"2024-12-02T08:00:58.154Z"}
{"level":"\u001b[32minfo\u001b[39m","message":"{\"method\":\"GET\",\"url\":\"/userprofile\",\"status\":\"304\",\"responseTime\":\"138.178\"}","timestamp":"2024-12-02T08:00:59.542Z"}
{"level":"\u001b[32minfo\u001b[39m","message":"{\"method\":\"GET\",\"url\":\"/getbanner\",\"status\":\"304\",\"responseTime\":\"46.865\"}","timestamp":"2024-12-02T08:01:04.911Z"}
{"level":"\u001b[32minfo\u001b[39m","message":"{\"method\":\"GET\",\"url\":\"/userprofile\",\"status\":\"304\",\"responseTime\":\"137.553\"}","timestamp":"2024-12-02T08:01:05.004Z"}
{"level":"\u001b[32minfo\u001b[39m","message":"{\"method\":\"GET\",\"url\":\"/userprofile\",\"status\":\"304\",\"responseTime\":\"236.315\"}","timestamp":"2024-12-02T08:01:07.170Z"}
{"level":"\u001b[32minfo\u001b[39m","message":"{\"method\":\"GET\",\"url\":\"/userprofile\",\"status\":\"304\",\"responseTime\":\"891.928\"}","timestamp":"2024-12-02T08:44:05.665Z"}
{"level":"\u001b[32minfo\u001b[39m","message":"{\"method\":\"GET\",\"url\":\"/getbanner\",\"status\":\"304\",\"responseTime\":\"73.147\"}","timestamp":"2024-12-02T08:46:40.286Z"}
{"level":"\u001b[32minfo\u001b[39m","message":"{\"method\":\"GET\",\"url\":\"/userprofile\",\"status\":\"304\",\"responseTime\":\"422.325\"}","timestamp":"2024-12-02T08:46:40.640Z"}
{"level":"\u001b[32minfo\u001b[39m","message":"{\"method\":\"GET\",\"url\":\"/getbanner\",\"status\":\"304\",\"responseTime\":\"48.034\"}","timestamp":"2024-12-02T08:48:37.751Z"}
{"level":"\u001b[32minfo\u001b[39m","message":"{\"method\":\"GET\",\"url\":\"/userprofile\",\"status\":\"304\",\"responseTime\":\"152.022\"}","timestamp":"2024-12-02T08:48:37.885Z"}
{"level":"\u001b[32minfo\u001b[39m","message":"{\"method\":\"GET\",\"url\":\"/userprofile\",\"status\":\"304\",\"responseTime\":\"366.591\"}","timestamp":"2024-12-02T08:49:27.692Z"}
{"level":"\u001b[32minfo\u001b[39m","message":"{\"method\":\"GET\",\"url\":\"/getbanner\",\"status\":\"304\",\"responseTime\":\"397.634\"}","timestamp":"2024-12-02T08:49:27.704Z"}
{"level":"\u001b[32minfo\u001b[39m","message":"{\"method\":\"GET\",\"url\":\"/getbanner\",\"status\":\"304\",\"responseTime\":\"51.284\"}","timestamp":"2024-12-02T08:49:31.197Z"}
{"level":"\u001b[32minfo\u001b[39m","message":"{\"method\":\"GET\",\"url\":\"/userprofile\",\"status\":\"304\",\"responseTime\":\"127.185\"}","timestamp":"2024-12-02T08:49:31.280Z"}
{"level":"\u001b[32minfo\u001b[39m","message":"{\"method\":\"GET\",\"url\":\"/getbanner\",\"status\":\"304\",\"responseTime\":\"112.785\"}","timestamp":"2024-12-02T08:52:03.164Z"}
{"level":"\u001b[32minfo\u001b[39m","message":"{\"method\":\"GET\",\"url\":\"/userprofile\",\"status\":\"304\",\"responseTime\":\"170.338\"}","timestamp":"2024-12-02T08:52:03.225Z"}
{"level":"\u001b[32minfo\u001b[39m","message":"{\"method\":\"GET\",\"url\":\"/getbanner\",\"status\":\"304\",\"responseTime\":\"145.462\"}","timestamp":"2024-12-02T08:52:06.627Z"}
{"level":"\u001b[32minfo\u001b[39m","message":"{\"method\":\"GET\",\"url\":\"/userprofile\",\"status\":\"304\",\"responseTime\":\"514.101\"}","timestamp":"2024-12-02T08:52:06.999Z"}
{"level":"\u001b[32minfo\u001b[39m","message":"{\"method\":\"GET\",\"url\":\"/getbanner\",\"status\":\"304\",\"responseTime\":\"93.768\"}","timestamp":"2024-12-02T08:52:13.242Z"}
{"level":"\u001b[32minfo\u001b[39m","message":"{\"method\":\"GET\",\"url\":\"/userprofile\",\"status\":\"304\",\"responseTime\":\"147.971\"}","timestamp":"2024-12-02T08:52:13.306Z"}
{"level":"\u001b[32minfo\u001b[39m","message":"{\"method\":\"GET\",\"url\":\"/getbanner\",\"status\":\"304\",\"responseTime\":\"60.541\"}","timestamp":"2024-12-02T08:53:49.190Z"}
{"level":"\u001b[32minfo\u001b[39m","message":"{\"method\":\"GET\",\"url\":\"/userprofile\",\"status\":\"304\",\"responseTime\":\"124.686\"}","timestamp":"2024-12-02T08:53:49.260Z"}
{"level":"\u001b[32minfo\u001b[39m","message":"{\"method\":\"GET\",\"url\":\"/userprofile\",\"status\":\"304\",\"responseTime\":\"347.250\"}","timestamp":"2024-12-02T08:53:54.142Z"}
{"level":"\u001b[32minfo\u001b[39m","message":"{\"method\":\"GET\",\"url\":\"/videos\",\"status\":\"200\",\"responseTime\":\"567.822\"}","timestamp":"2024-12-02T08:53:54.378Z"}
{"level":"\u001b[32minfo\u001b[39m","message":"{\"method\":\"GET\",\"url\":\"/userprofile\",\"status\":\"304\",\"responseTime\":\"298.011\"}","timestamp":"2024-12-02T08:53:54.479Z"}
{"level":"\u001b[32minfo\u001b[39m","message":"{\"method\":\"GET\",\"url\":\"/userprofile\",\"status\":\"304\",\"responseTime\":\"111.233\"}","timestamp":"2024-12-02T08:54:53.378Z"}
{"level":"\u001b[32minfo\u001b[39m","message":"{\"method\":\"GET\",\"url\":\"/userprofile\",\"status\":\"304\",\"responseTime\":\"152.620\"}","timestamp":"2024-12-02T08:54:53.559Z"}
{"level":"\u001b[32minfo\u001b[39m","message":"{\"method\":\"GET\",\"url\":\"/videos\",\"status\":\"304\",\"responseTime\":\"134.794\"}","timestamp":"2024-12-02T08:54:53.580Z"}
{"level":"\u001b[32minfo\u001b[39m","message":"{\"method\":\"GET\",\"url\":\"/userprofile\",\"status\":\"304\",\"responseTime\":\"470.676\"}","timestamp":"2024-12-02T08:54:57.331Z"}
{"level":"\u001b[32minfo\u001b[39m","message":"{\"method\":\"GET\",\"url\":\"/userprofile\",\"status\":\"304\",\"responseTime\":\"474.904\"}","timestamp":"2024-12-02T08:55:38.197Z"}
{"level":"\u001b[32minfo\u001b[39m","message":"{\"method\":\"GET\",\"url\":\"/userprofile\",\"status\":\"304\",\"responseTime\":\"124.411\"}","timestamp":"2024-12-02T08:55:45.341Z"}
{"level":"\u001b[32minfo\u001b[39m","message":"{\"method\":\"GET\",\"url\":\"/getbanner\",\"status\":\"304\",\"responseTime\":\"410.749\"}","timestamp":"2024-12-02T08:55:45.625Z"}
{"level":"\u001b[32minfo\u001b[39m","message":"{\"method\":\"GET\",\"url\":\"/userprofile\",\"status\":\"304\",\"responseTime\":\"170.808\"}","timestamp":"2024-12-02T08:55:47.173Z"}
{"level":"\u001b[32minfo\u001b[39m","message":"{\"method\":\"GET\",\"url\":\"/getbanner\",\"status\":\"304\",\"responseTime\":\"149.941\"}","timestamp":"2024-12-02T08:55:48.684Z"}
{"level":"\u001b[32minfo\u001b[39m","message":"{\"method\":\"GET\",\"url\":\"/userprofile\",\"status\":\"304\",\"responseTime\":\"225.811\"}","timestamp":"2024-12-02T08:55:48.764Z"}
{"level":"\u001b[32minfo\u001b[39m","message":"{\"method\":\"GET\",\"url\":\"/userprofile\",\"status\":\"304\",\"responseTime\":\"127.293\"}","timestamp":"2024-12-02T08:55:49.350Z"}
{"level":"\u001b[32minfo\u001b[39m","message":"{\"method\":\"GET\",\"url\":\"/videos\",\"status\":\"304\",\"responseTime\":\"151.782\"}","timestamp":"2024-12-02T08:55:49.385Z"}
{"level":"\u001b[32minfo\u001b[39m","message":"{\"method\":\"GET\",\"url\":\"/userprofile\",\"status\":\"304\",\"responseTime\":\"127.814\"}","timestamp":"2024-12-02T08:55:49.495Z"}
{"level":"\u001b[32minfo\u001b[39m","message":"{\"method\":\"GET\",\"url\":\"/userprofile\",\"status\":\"304\",\"responseTime\":\"122.182\"}","timestamp":"2024-12-02T08:55:49.888Z"}
{"level":"\u001b[32minfo\u001b[39m","message":"{\"method\":\"GET\",\"url\":\"/getbanner\",\"status\":\"304\",\"responseTime\":\"51.893\"}","timestamp":"2024-12-02T08:55:55.702Z"}
{"level":"\u001b[32minfo\u001b[39m","message":"{\"method\":\"GET\",\"url\":\"/userprofile\",\"status\":\"304\",\"responseTime\":\"140.530\"}","timestamp":"2024-12-02T08:55:55.792Z"}
{"level":"\u001b[32minfo\u001b[39m","message":"{\"method\":\"POST\",\"url\":\"/adminlogin\",\"status\":\"200\",\"responseTime\":\"252.440\"}","timestamp":"2024-12-02T08:58:44.625Z"}
{"level":"\u001b[32minfo\u001b[39m","message":"{\"method\":\"GET\",\"url\":\"/countuser\",\"status\":\"304\",\"responseTime\":\"251.074\"}","timestamp":"2024-12-02T08:58:44.954Z"}
{"level":"\u001b[32minfo\u001b[39m","message":"{\"method\":\"GET\",\"url\":\"/userlist?page=1&limit=5&search=\",\"status\":\"304\",\"responseTime\":\"333.904\"}","timestamp":"2024-12-02T08:58:47.664Z"}
{"level":"\u001b[32minfo\u001b[39m","message":"{\"method\":\"GET\",\"url\":\"/getbanner\",\"status\":\"304\",\"responseTime\":\"71.255\"}","timestamp":"2024-12-02T08:58:50.066Z"}
{"level":"\u001b[32minfo\u001b[39m","message":"{\"method\":\"GET\",\"url\":\"/getbanner\",\"status\":\"304\",\"responseTime\":\"59.702\"}","timestamp":"2024-12-02T09:11:43.509Z"}
{"level":"\u001b[32minfo\u001b[39m","message":"{\"method\":\"GET\",\"url\":\"/userprofile\",\"status\":\"304\",\"responseTime\":\"120.016\"}","timestamp":"2024-12-02T09:11:43.686Z"}
{"level":"\u001b[32minfo\u001b[39m","message":"{\"method\":\"GET\",\"url\":\"/getbanner\",\"status\":\"304\",\"responseTime\":\"74.722\"}","timestamp":"2024-12-02T09:11:55.236Z"}
{"level":"\u001b[32minfo\u001b[39m","message":"{\"method\":\"GET\",\"url\":\"/getbanner\",\"status\":\"304\",\"responseTime\":\"61.171\"}","timestamp":"2024-12-02T09:11:57.130Z"}
{"level":"\u001b[32minfo\u001b[39m","message":"{\"method\":\"GET\",\"url\":\"/getbanner\",\"status\":\"304\",\"responseTime\":\"55.258\"}","timestamp":"2024-12-02T09:11:57.211Z"}
{"level":"\u001b[32minfo\u001b[39m","message":"{\"method\":\"GET\",\"url\":\"/userprofile\",\"status\":\"304\",\"responseTime\":\"200.347\"}","timestamp":"2024-12-02T09:11:57.444Z"}
{"level":"\u001b[32minfo\u001b[39m","message":"{\"method\":\"GET\",\"url\":\"/getbanner\",\"status\":\"304\",\"responseTime\":\"209.917\"}","timestamp":"2024-12-02T09:12:01.087Z"}
{"level":"\u001b[32minfo\u001b[39m","message":"{\"method\":\"GET\",\"url\":\"/getbanner\",\"status\":\"304\",\"responseTime\":\"188.380\"}","timestamp":"2024-12-02T09:12:01.322Z"}
{"level":"\u001b[32minfo\u001b[39m","message":"{\"method\":\"GET\",\"url\":\"/userprofile\",\"status\":\"304\",\"responseTime\":\"324.849\"}","timestamp":"2024-12-02T09:12:01.462Z"}
{"level":"\u001b[32minfo\u001b[39m","message":"{\"method\":\"GET\",\"url\":\"/getbanner\",\"status\":\"304\",\"responseTime\":\"58.010\"}","timestamp":"2024-12-02T09:12:03.180Z"}
{"level":"\u001b[32minfo\u001b[39m","message":"{\"method\":\"GET\",\"url\":\"/getbanner\",\"status\":\"304\",\"responseTime\":\"66.841\"}","timestamp":"2024-12-02T09:12:03.256Z"}
{"level":"\u001b[32minfo\u001b[39m","message":"{\"method\":\"GET\",\"url\":\"/userprofile\",\"status\":\"304\",\"responseTime\":\"140.511\"}","timestamp":"2024-12-02T09:12:03.266Z"}
{"level":"\u001b[32minfo\u001b[39m","message":"{\"method\":\"GET\",\"url\":\"/getbanner\",\"status\":\"304\",\"responseTime\":\"52.682\"}","timestamp":"2024-12-02T09:12:14.971Z"}
{"level":"\u001b[32minfo\u001b[39m","message":"{\"method\":\"GET\",\"url\":\"/userprofile\",\"status\":\"304\",\"responseTime\":\"121.091\"}","timestamp":"2024-12-02T09:12:15.051Z"}
{"level":"\u001b[32minfo\u001b[39m","message":"{\"method\":\"GET\",\"url\":\"/getbanner\",\"status\":\"304\",\"responseTime\":\"50.303\"}","timestamp":"2024-12-02T09:12:15.255Z"}
{"level":"\u001b[32minfo\u001b[39m","message":"{\"method\":\"GET\",\"url\":\"/getbanner\",\"status\":\"304\",\"responseTime\":\"103.811\"}","timestamp":"2024-12-02T09:12:17.847Z"}
{"level":"\u001b[32minfo\u001b[39m","message":"{\"method\":\"GET\",\"url\":\"/getbanner\",\"status\":\"304\",\"responseTime\":\"86.199\"}","timestamp":"2024-12-02T09:12:18.573Z"}
{"level":"\u001b[32minfo\u001b[39m","message":"{\"method\":\"GET\",\"url\":\"/userprofile\",\"status\":\"304\",\"responseTime\":\"180.491\"}","timestamp":"2024-12-02T09:12:18.670Z"}
{"level":"\u001b[32minfo\u001b[39m","message":"{\"method\":\"GET\",\"url\":\"/getbanner\",\"status\":\"304\",\"responseTime\":\"48.606\"}","timestamp":"2024-12-02T09:12:38.300Z"}
{"level":"\u001b[32minfo\u001b[39m","message":"{\"method\":\"GET\",\"url\":\"/getbanner\",\"status\":\"304\",\"responseTime\":\"78.628\"}","timestamp":"2024-12-02T09:12:38.656Z"}
{"level":"\u001b[32minfo\u001b[39m","message":"{\"method\":\"GET\",\"url\":\"/userprofile\",\"status\":\"304\",\"responseTime\":\"128.787\"}","timestamp":"2024-12-02T09:12:38.734Z"}
{"level":"\u001b[32minfo\u001b[39m","message":"{\"method\":\"GET\",\"url\":\"/getbanner\",\"status\":\"304\",\"responseTime\":\"55.875\"}","timestamp":"2024-12-02T09:12:47.587Z"}
{"level":"\u001b[32minfo\u001b[39m","message":"{\"method\":\"GET\",\"url\":\"/getbanner\",\"status\":\"304\",\"responseTime\":\"122.301\"}","timestamp":"2024-12-02T09:12:48.360Z"}
{"level":"\u001b[32minfo\u001b[39m","message":"{\"method\":\"GET\",\"url\":\"/userprofile\",\"status\":\"304\",\"responseTime\":\"197.231\"}","timestamp":"2024-12-02T09:12:48.442Z"}
{"level":"\u001b[32minfo\u001b[39m","message":"{\"method\":\"GET\",\"url\":\"/userprofile\",\"status\":\"304\",\"responseTime\":\"362.647\"}","timestamp":"2024-12-02T09:12:51.636Z"}
{"level":"\u001b[32minfo\u001b[39m","message":"{\"method\":\"GET\",\"url\":\"/userprofile\",\"status\":\"304\",\"responseTime\":\"188.955\"}","timestamp":"2024-12-02T09:13:07.372Z"}
{"level":"\u001b[32minfo\u001b[39m","message":"{\"method\":\"GET\",\"url\":\"/userprofile\",\"status\":\"304\",\"responseTime\":\"205.500\"}","timestamp":"2024-12-02T09:13:08.929Z"}
{"level":"\u001b[32minfo\u001b[39m","message":"{\"method\":\"GET\",\"url\":\"/getbanner\",\"status\":\"304\",\"responseTime\":\"97.576\"}","timestamp":"2024-12-02T09:13:09.421Z"}
{"level":"\u001b[32minfo\u001b[39m","message":"{\"method\":\"GET\",\"url\":\"/userprofile\",\"status\":\"304\",\"responseTime\":\"147.913\"}","timestamp":"2024-12-02T09:13:15.792Z"}
{"level":"\u001b[32minfo\u001b[39m","message":"{\"method\":\"GET\",\"url\":\"/userprofile\",\"status\":\"304\",\"responseTime\":\"159.449\"}","timestamp":"2024-12-02T09:13:16.850Z"}
{"level":"\u001b[32minfo\u001b[39m","message":"{\"method\":\"GET\",\"url\":\"/getbanner\",\"status\":\"304\",\"responseTime\":\"49.571\"}","timestamp":"2024-12-02T09:13:17.485Z"}
{"level":"\u001b[32minfo\u001b[39m","message":"{\"method\":\"GET\",\"url\":\"/userprofile\",\"status\":\"304\",\"responseTime\":\"580.193\"}","timestamp":"2024-12-02T09:13:47.969Z"}
{"level":"\u001b[32minfo\u001b[39m","message":"{\"method\":\"GET\",\"url\":\"/getbanner\",\"status\":\"304\",\"responseTime\":\"130.913\"}","timestamp":"2024-12-02T09:13:48.166Z"}
{"level":"\u001b[32minfo\u001b[39m","message":"{\"method\":\"GET\",\"url\":\"/userprofile\",\"status\":\"304\",\"responseTime\":\"173.600\"}","timestamp":"2024-12-02T09:17:24.779Z"}
{"level":"\u001b[32minfo\u001b[39m","message":"{\"method\":\"GET\",\"url\":\"/getbanner\",\"status\":\"304\",\"responseTime\":\"65.142\"}","timestamp":"2024-12-02T09:17:25.776Z"}
{"level":"\u001b[32minfo\u001b[39m","message":"{\"method\":\"GET\",\"url\":\"/userprofile\",\"status\":\"304\",\"responseTime\":\"281.161\"}","timestamp":"2024-12-02T09:17:52.132Z"}
{"level":"\u001b[32minfo\u001b[39m","message":"{\"method\":\"GET\",\"url\":\"/getbanner\",\"status\":\"304\",\"responseTime\":\"98.115\"}","timestamp":"2024-12-02T09:17:52.256Z"}
{"level":"\u001b[32minfo\u001b[39m","message":"{\"method\":\"GET\",\"url\":\"/userprofile\",\"status\":\"304\",\"responseTime\":\"155.210\"}","timestamp":"2024-12-02T09:18:05.364Z"}
{"level":"\u001b[32minfo\u001b[39m","message":"{\"method\":\"GET\",\"url\":\"/getbanner\",\"status\":\"304\",\"responseTime\":\"86.917\"}","timestamp":"2024-12-02T09:18:06.263Z"}
{"level":"\u001b[32minfo\u001b[39m","message":"{\"method\":\"GET\",\"url\":\"/getbanner\",\"status\":\"304\",\"responseTime\":\"80.546\"}","timestamp":"2024-12-02T09:18:09.540Z"}
{"level":"\u001b[32minfo\u001b[39m","message":"{\"method\":\"GET\",\"url\":\"/userprofile\",\"status\":\"304\",\"responseTime\":\"514.447\"}","timestamp":"2024-12-02T09:18:10.420Z"}
{"level":"\u001b[32minfo\u001b[39m","message":"{\"method\":\"GET\",\"url\":\"/userprofile\",\"status\":\"304\",\"responseTime\":\"144.385\"}","timestamp":"2024-12-02T09:18:23.312Z"}
{"level":"\u001b[32minfo\u001b[39m","message":"{\"method\":\"GET\",\"url\":\"/getbanner\",\"status\":\"304\",\"responseTime\":\"58.934\"}","timestamp":"2024-12-02T09:18:24.143Z"}
{"level":"\u001b[32minfo\u001b[39m","message":"{\"method\":\"GET\",\"url\":\"/userprofile\",\"status\":\"304\",\"responseTime\":\"117.694\"}","timestamp":"2024-12-02T09:19:16.964Z"}
{"level":"\u001b[32minfo\u001b[39m","message":"{\"method\":\"GET\",\"url\":\"/getbanner\",\"status\":\"304\",\"responseTime\":\"123.303\"}","timestamp":"2024-12-02T09:19:18.515Z"}
{"level":"\u001b[32minfo\u001b[39m","message":"{\"method\":\"GET\",\"url\":\"/getbanner\",\"status\":\"304\",\"responseTime\":\"198.738\"}","timestamp":"2024-12-02T09:19:23.014Z"}
{"level":"\u001b[32minfo\u001b[39m","message":"{\"method\":\"GET\",\"url\":\"/userprofile\",\"status\":\"304\",\"responseTime\":\"127.773\"}","timestamp":"2024-12-02T09:19:24.835Z"}
{"level":"\u001b[32minfo\u001b[39m","message":"{\"method\":\"GET\",\"url\":\"/getbanner\",\"status\":\"304\",\"responseTime\":\"135.403\"}","timestamp":"2024-12-02T09:23:09.099Z"}
{"level":"\u001b[32minfo\u001b[39m","message":"{\"method\":\"GET\",\"url\":\"/userprofile\",\"status\":\"304\",\"responseTime\":\"607.610\"}","timestamp":"2024-12-02T09:23:09.574Z"}
{"level":"\u001b[32minfo\u001b[39m","message":"{\"method\":\"GET\",\"url\":\"/userprofile\",\"status\":\"304\",\"responseTime\":\"218.895\"}","timestamp":"2024-12-02T09:23:10.668Z"}
{"level":"\u001b[32minfo\u001b[39m","message":"{\"method\":\"GET\",\"url\":\"/userprofile\",\"status\":\"304\",\"responseTime\":\"249.719\"}","timestamp":"2024-12-02T09:24:03.141Z"}
{"level":"\u001b[32minfo\u001b[39m","message":"{\"method\":\"GET\",\"url\":\"/getbanner\",\"status\":\"304\",\"responseTime\":\"52.500\"}","timestamp":"2024-12-02T09:24:03.344Z"}
{"level":"\u001b[32minfo\u001b[39m","message":"{\"method\":\"GET\",\"url\":\"/userprofile\",\"status\":\"304\",\"responseTime\":\"127.367\"}","timestamp":"2024-12-02T09:24:14.918Z"}
{"level":"\u001b[32minfo\u001b[39m","message":"{\"method\":\"GET\",\"url\":\"/getbanner\",\"status\":\"304\",\"responseTime\":\"67.293\"}","timestamp":"2024-12-02T09:24:15.675Z"}
{"level":"\u001b[32minfo\u001b[39m","message":"{\"method\":\"GET\",\"url\":\"/userprofile\",\"status\":\"304\",\"responseTime\":\"206.274\"}","timestamp":"2024-12-02T09:24:29.720Z"}
{"level":"\u001b[32minfo\u001b[39m","message":"{\"method\":\"GET\",\"url\":\"/getbanner\",\"status\":\"304\",\"responseTime\":\"46.923\"}","timestamp":"2024-12-02T09:24:30.710Z"}
{"level":"\u001b[32minfo\u001b[39m","message":"{\"method\":\"GET\",\"url\":\"/userprofile\",\"status\":\"304\",\"responseTime\":\"834.073\"}","timestamp":"2024-12-02T09:24:32.409Z"}
{"level":"\u001b[32minfo\u001b[39m","message":"{\"method\":\"GET\",\"url\":\"/getbanner\",\"status\":\"304\",\"responseTime\":\"556.571\"}","timestamp":"2024-12-02T09:24:33.123Z"}
{"level":"\u001b[32minfo\u001b[39m","message":"{\"method\":\"GET\",\"url\":\"/userprofile\",\"status\":\"-\",\"responseTime\":\"-\"}","timestamp":"2024-12-02T09:24:44.289Z"}
{"level":"\u001b[32minfo\u001b[39m","message":"{\"method\":\"GET\",\"url\":\"/getbanner\",\"status\":\"304\",\"responseTime\":\"135.721\"}","timestamp":"2024-12-02T09:24:44.467Z"}
{"level":"\u001b[32minfo\u001b[39m","message":"{\"method\":\"GET\",\"url\":\"/userprofile\",\"status\":\"200\",\"responseTime\":\"178.960\"}","timestamp":"2024-12-02T09:24:44.829Z"}
{"level":"\u001b[32minfo\u001b[39m","message":"{\"method\":\"GET\",\"url\":\"/userprofile\",\"status\":\"304\",\"responseTime\":\"124.722\"}","timestamp":"2024-12-02T09:24:46.396Z"}
{"level":"\u001b[32minfo\u001b[39m","message":"{\"method\":\"GET\",\"url\":\"/getbanner\",\"status\":\"304\",\"responseTime\":\"67.072\"}","timestamp":"2024-12-02T09:24:47.560Z"}
{"level":"\u001b[32minfo\u001b[39m","message":"{\"method\":\"GET\",\"url\":\"/userprofile\",\"status\":\"304\",\"responseTime\":\"279.566\"}","timestamp":"2024-12-02T09:24:52.419Z"}
{"level":"\u001b[32minfo\u001b[39m","message":"{\"method\":\"GET\",\"url\":\"/userprofile\",\"status\":\"-\",\"responseTime\":\"-\"}","timestamp":"2024-12-02T09:24:54.330Z"}
{"level":"\u001b[32minfo\u001b[39m","message":"{\"method\":\"GET\",\"url\":\"/userprofile\",\"status\":\"200\",\"responseTime\":\"123.762\"}","timestamp":"2024-12-02T09:24:54.984Z"}
{"level":"\u001b[32minfo\u001b[39m","message":"{\"method\":\"GET\",\"url\":\"/userprofile\",\"status\":\"304\",\"responseTime\":\"120.975\"}","timestamp":"2024-12-02T09:24:56.242Z"}
{"level":"\u001b[32minfo\u001b[39m","message":"{\"method\":\"GET\",\"url\":\"/userprofile\",\"status\":\"304\",\"responseTime\":\"126.519\"}","timestamp":"2024-12-02T09:24:57.111Z"}
{"level":"\u001b[32minfo\u001b[39m","message":"{\"method\":\"GET\",\"url\":\"/userprofile\",\"status\":\"304\",\"responseTime\":\"147.716\"}","timestamp":"2024-12-02T09:24:58.779Z"}
{"level":"\u001b[32minfo\u001b[39m","message":"{\"method\":\"GET\",\"url\":\"/userprofile\",\"status\":\"304\",\"responseTime\":\"182.465\"}","timestamp":"2024-12-02T09:25:00.030Z"}
{"level":"\u001b[32minfo\u001b[39m","message":"{\"method\":\"GET\",\"url\":\"/getbanner\",\"status\":\"304\",\"responseTime\":\"52.230\"}","timestamp":"2024-12-02T09:25:00.514Z"}
{"level":"\u001b[32minfo\u001b[39m","message":"{\"method\":\"GET\",\"url\":\"/userprofile\",\"status\":\"304\",\"responseTime\":\"116.224\"}","timestamp":"2024-12-02T09:25:00.856Z"}
{"level":"\u001b[32minfo\u001b[39m","message":"{\"method\":\"GET\",\"url\":\"/userprofile\",\"status\":\"304\",\"responseTime\":\"136.174\"}","timestamp":"2024-12-02T09:25:02.396Z"}
{"level":"\u001b[32minfo\u001b[39m","message":"{\"method\":\"GET\",\"url\":\"/getbanner\",\"status\":\"304\",\"responseTime\":\"155.295\"}","timestamp":"2024-12-02T09:25:03.298Z"}
{"level":"\u001b[32minfo\u001b[39m","message":"{\"method\":\"GET\",\"url\":\"/userprofile\",\"status\":\"304\",\"responseTime\":\"121.673\"}","timestamp":"2024-12-02T09:25:05.169Z"}
{"level":"\u001b[32minfo\u001b[39m","message":"{\"method\":\"GET\",\"url\":\"/userprofile\",\"status\":\"304\",\"responseTime\":\"147.329\"}","timestamp":"2024-12-02T09:25:06.226Z"}
{"level":"\u001b[32minfo\u001b[39m","message":"{\"method\":\"GET\",\"url\":\"/userprofile\",\"status\":\"304\",\"responseTime\":\"215.594\"}","timestamp":"2024-12-02T09:25:07.679Z"}
{"level":"\u001b[32minfo\u001b[39m","message":"{\"method\":\"GET\",\"url\":\"/userprofile\",\"status\":\"304\",\"responseTime\":\"174.047\"}","timestamp":"2024-12-02T09:25:08.642Z"}
{"level":"\u001b[32minfo\u001b[39m","message":"{\"method\":\"GET\",\"url\":\"/userprofile\",\"status\":\"304\",\"responseTime\":\"172.832\"}","timestamp":"2024-12-02T09:25:09.545Z"}
{"level":"\u001b[32minfo\u001b[39m","message":"{\"method\":\"GET\",\"url\":\"/getbanner\",\"status\":\"304\",\"responseTime\":\"60.811\"}","timestamp":"2024-12-02T09:25:09.991Z"}
{"level":"\u001b[32minfo\u001b[39m","message":"{\"method\":\"GET\",\"url\":\"/userprofile\",\"status\":\"304\",\"responseTime\":\"129.500\"}","timestamp":"2024-12-02T09:25:18.906Z"}
{"level":"\u001b[32minfo\u001b[39m","message":"{\"method\":\"GET\",\"url\":\"/userprofile\",\"status\":\"304\",\"responseTime\":\"124.599\"}","timestamp":"2024-12-02T09:25:19.655Z"}
{"level":"\u001b[32minfo\u001b[39m","message":"{\"method\":\"GET\",\"url\":\"/getbanner\",\"status\":\"304\",\"responseTime\":\"132.815\"}","timestamp":"2024-12-02T09:25:20.564Z"}
{"level":"\u001b[32minfo\u001b[39m","message":"{\"method\":\"GET\",\"url\":\"/userprofile\",\"status\":\"304\",\"responseTime\":\"217.451\"}","timestamp":"2024-12-02T09:25:54.274Z"}
{"level":"\u001b[32minfo\u001b[39m","message":"{\"method\":\"GET\",\"url\":\"/userprofile\",\"status\":\"304\",\"responseTime\":\"143.085\"}","timestamp":"2024-12-02T09:25:56.284Z"}
{"level":"\u001b[32minfo\u001b[39m","message":"{\"method\":\"GET\",\"url\":\"/getbanner\",\"status\":\"304\",\"responseTime\":\"60.552\"}","timestamp":"2024-12-02T09:25:56.806Z"}
{"level":"\u001b[32minfo\u001b[39m","message":"{\"method\":\"GET\",\"url\":\"/userprofile\",\"status\":\"304\",\"responseTime\":\"127.761\"}","timestamp":"2024-12-02T09:25:57.829Z"}
{"level":"\u001b[32minfo\u001b[39m","message":"{\"method\":\"GET\",\"url\":\"/getbanner\",\"status\":\"304\",\"responseTime\":\"63.353\"}","timestamp":"2024-12-02T09:25:58.572Z"}
{"level":"\u001b[32minfo\u001b[39m","message":"{\"method\":\"GET\",\"url\":\"/userprofile\",\"status\":\"304\",\"responseTime\":\"121.503\"}","timestamp":"2024-12-02T09:26:05.569Z"}
{"level":"\u001b[32minfo\u001b[39m","message":"{\"method\":\"GET\",\"url\":\"/userprofile\",\"status\":\"304\",\"responseTime\":\"182.861\"}","timestamp":"2024-12-02T09:26:06.764Z"}
{"level":"\u001b[32minfo\u001b[39m","message":"{\"method\":\"GET\",\"url\":\"/userprofile\",\"status\":\"304\",\"responseTime\":\"152.374\"}","timestamp":"2024-12-02T09:26:07.874Z"}
{"level":"\u001b[32minfo\u001b[39m","message":"{\"method\":\"GET\",\"url\":\"/userprofile\",\"status\":\"304\",\"responseTime\":\"185.028\"}","timestamp":"2024-12-02T09:26:08.994Z"}
{"level":"\u001b[32minfo\u001b[39m","message":"{\"method\":\"GET\",\"url\":\"/userprofile\",\"status\":\"304\",\"responseTime\":\"151.481\"}","timestamp":"2024-12-02T09:26:10.361Z"}
{"level":"\u001b[32minfo\u001b[39m","message":"{\"method\":\"GET\",\"url\":\"/getbanner\",\"status\":\"304\",\"responseTime\":\"47.491\"}","timestamp":"2024-12-02T09:26:10.994Z"}
{"level":"\u001b[32minfo\u001b[39m","message":"{\"method\":\"GET\",\"url\":\"/userprofile\",\"status\":\"304\",\"responseTime\":\"137.963\"}","timestamp":"2024-12-02T09:26:15.359Z"}
{"level":"\u001b[32minfo\u001b[39m","message":"{\"method\":\"GET\",\"url\":\"/getbanner\",\"status\":\"304\",\"responseTime\":\"55.097\"}","timestamp":"2024-12-02T09:26:16.472Z"}
{"level":"\u001b[32minfo\u001b[39m","message":"{\"method\":\"GET\",\"url\":\"/userprofile\",\"status\":\"304\",\"responseTime\":\"124.469\"}","timestamp":"2024-12-02T09:26:16.578Z"}
{"level":"\u001b[32minfo\u001b[39m","message":"{\"method\":\"GET\",\"url\":\"/userprofile\",\"status\":\"304\",\"responseTime\":\"220.295\"}","timestamp":"2024-12-02T09:26:20.831Z"}
{"level":"\u001b[32minfo\u001b[39m","message":"{\"method\":\"GET\",\"url\":\"/getbanner\",\"status\":\"304\",\"responseTime\":\"124.865\"}","timestamp":"2024-12-02T09:26:21.632Z"}
{"level":"\u001b[32minfo\u001b[39m","message":"{\"method\":\"GET\",\"url\":\"/userprofile\",\"status\":\"304\",\"responseTime\":\"219.133\"}","timestamp":"2024-12-02T09:26:25.098Z"}
{"level":"\u001b[32minfo\u001b[39m","message":"{\"method\":\"GET\",\"url\":\"/getbanner\",\"status\":\"304\",\"responseTime\":\"83.617\"}","timestamp":"2024-12-02T09:26:26.083Z"}
{"level":"\u001b[32minfo\u001b[39m","message":"{\"method\":\"GET\",\"url\":\"/userprofile\",\"status\":\"304\",\"responseTime\":\"248.651\"}","timestamp":"2024-12-02T09:26:26.362Z"}
{"level":"\u001b[32minfo\u001b[39m","message":"{\"method\":\"GET\",\"url\":\"/userprofile\",\"status\":\"304\",\"responseTime\":\"214.600\"}","timestamp":"2024-12-02T09:26:31.330Z"}
{"level":"\u001b[32minfo\u001b[39m","message":"{\"method\":\"GET\",\"url\":\"/getbanner\",\"status\":\"304\",\"responseTime\":\"91.842\"}","timestamp":"2024-12-02T09:26:32.208Z"}
{"level":"\u001b[32minfo\u001b[39m","message":"{\"method\":\"GET\",\"url\":\"/userprofile\",\"status\":\"304\",\"responseTime\":\"134.483\"}","timestamp":"2024-12-02T09:30:39.178Z"}
{"level":"\u001b[32minfo\u001b[39m","message":"{\"method\":\"GET\",\"url\":\"/getbanner\",\"status\":\"304\",\"responseTime\":\"47.415\"}","timestamp":"2024-12-02T09:30:39.923Z"}
{"level":"\u001b[32minfo\u001b[39m","message":"{\"method\":\"GET\",\"url\":\"/getbanner\",\"status\":\"304\",\"responseTime\":\"74.837\"}","timestamp":"2024-12-02T09:43:00.267Z"}
{"level":"\u001b[32minfo\u001b[39m","message":"{\"method\":\"GET\",\"url\":\"/userprofile\",\"status\":\"304\",\"responseTime\":\"133.013\"}","timestamp":"2024-12-02T09:43:00.318Z"}
{"level":"\u001b[32minfo\u001b[39m","message":"{\"method\":\"GET\",\"url\":\"/userprofile\",\"status\":\"304\",\"responseTime\":\"174.861\"}","timestamp":"2024-12-02T09:43:29.134Z"}
{"level":"\u001b[32minfo\u001b[39m","message":"{\"method\":\"GET\",\"url\":\"/getbanner\",\"status\":\"304\",\"responseTime\":\"53.375\"}","timestamp":"2024-12-02T09:43:30.409Z"}
{"level":"\u001b[32minfo\u001b[39m","message":"{\"method\":\"GET\",\"url\":\"/userprofile\",\"status\":\"304\",\"responseTime\":\"127.358\"}","timestamp":"2024-12-02T09:43:31.702Z"}
{"level":"\u001b[32minfo\u001b[39m","message":"{\"method\":\"GET\",\"url\":\"/getbanner\",\"status\":\"304\",\"responseTime\":\"61.547\"}","timestamp":"2024-12-02T09:43:32.463Z"}
{"level":"\u001b[32minfo\u001b[39m","message":"{\"method\":\"GET\",\"url\":\"/userprofile\",\"status\":\"304\",\"responseTime\":\"133.846\"}","timestamp":"2024-12-02T09:43:51.222Z"}
{"level":"\u001b[32minfo\u001b[39m","message":"{\"method\":\"GET\",\"url\":\"/getbanner\",\"status\":\"304\",\"responseTime\":\"64.805\"}","timestamp":"2024-12-02T09:43:52.020Z"}
{"level":"\u001b[32minfo\u001b[39m","message":"{\"method\":\"GET\",\"url\":\"/userprofile\",\"status\":\"304\",\"responseTime\":\"124.161\"}","timestamp":"2024-12-02T09:43:52.176Z"}
{"level":"\u001b[32minfo\u001b[39m","message":"{\"method\":\"GET\",\"url\":\"/getbanner\",\"status\":\"304\",\"responseTime\":\"66.052\"}","timestamp":"2024-12-02T09:43:52.814Z"}
{"level":"\u001b[32minfo\u001b[39m","message":"{\"method\":\"GET\",\"url\":\"/getbanner\",\"status\":\"304\",\"responseTime\":\"54.715\"}","timestamp":"2024-12-02T09:43:54.721Z"}
{"level":"\u001b[32minfo\u001b[39m","message":"{\"method\":\"GET\",\"url\":\"/userprofile\",\"status\":\"304\",\"responseTime\":\"176.311\"}","timestamp":"2024-12-02T09:43:56.454Z"}
{"level":"\u001b[32minfo\u001b[39m","message":"{\"method\":\"GET\",\"url\":\"/userprofile\",\"status\":\"304\",\"responseTime\":\"452.283\"}","timestamp":"2024-12-02T09:44:17.032Z"}
{"level":"\u001b[32minfo\u001b[39m","message":"{\"method\":\"GET\",\"url\":\"/userprofile\",\"status\":\"304\",\"responseTime\":\"330.060\"}","timestamp":"2024-12-02T09:44:18.615Z"}
{"level":"\u001b[32minfo\u001b[39m","message":"{\"method\":\"GET\",\"url\":\"/getbanner\",\"status\":\"304\",\"responseTime\":\"61.930\"}","timestamp":"2024-12-02T09:44:19.083Z"}
{"level":"\u001b[32minfo\u001b[39m","message":"{\"method\":\"GET\",\"url\":\"/userprofile\",\"status\":\"304\",\"responseTime\":\"132.130\"}","timestamp":"2024-12-02T09:44:21.216Z"}
{"level":"\u001b[32minfo\u001b[39m","message":"{\"method\":\"GET\",\"url\":\"/userprofile\",\"status\":\"304\",\"responseTime\":\"178.688\"}","timestamp":"2024-12-02T09:44:22.380Z"}
{"level":"\u001b[32minfo\u001b[39m","message":"{\"method\":\"GET\",\"url\":\"/getbanner\",\"status\":\"304\",\"responseTime\":\"55.480\"}","timestamp":"2024-12-02T09:44:22.661Z"}
{"level":"\u001b[32minfo\u001b[39m","message":"{\"method\":\"GET\",\"url\":\"/getbanner\",\"status\":\"304\",\"responseTime\":\"172.089\"}","timestamp":"2024-12-02T09:44:45.846Z"}
{"level":"\u001b[32minfo\u001b[39m","message":"{\"method\":\"GET\",\"url\":\"/userprofile\",\"status\":\"304\",\"responseTime\":\"253.922\"}","timestamp":"2024-12-02T09:44:45.932Z"}
{"level":"\u001b[32minfo\u001b[39m","message":"{\"method\":\"GET\",\"url\":\"/userprofile\",\"status\":\"304\",\"responseTime\":\"141.699\"}","timestamp":"2024-12-02T09:44:52.137Z"}
{"level":"\u001b[32minfo\u001b[39m","message":"{\"method\":\"GET\",\"url\":\"/userprofile\",\"status\":\"304\",\"responseTime\":\"128.848\"}","timestamp":"2024-12-02T09:44:52.370Z"}
{"level":"\u001b[32minfo\u001b[39m","message":"{\"method\":\"GET\",\"url\":\"/videos\",\"status\":\"304\",\"responseTime\":\"306.655\"}","timestamp":"2024-12-02T09:44:52.385Z"}
{"level":"\u001b[32minfo\u001b[39m","message":"{\"method\":\"GET\",\"url\":\"/userprofile\",\"status\":\"304\",\"responseTime\":\"127.447\"}","timestamp":"2024-12-02T09:45:03.080Z"}
{"level":"\u001b[32minfo\u001b[39m","message":"{\"method\":\"GET\",\"url\":\"/userprofile\",\"status\":\"304\",\"responseTime\":\"118.594\"}","timestamp":"2024-12-02T09:45:04.772Z"}
{"level":"\u001b[32minfo\u001b[39m","message":"{\"method\":\"GET\",\"url\":\"/getbanner\",\"status\":\"304\",\"responseTime\":\"56.417\"}","timestamp":"2024-12-02T09:45:05.976Z"}
{"level":"\u001b[32minfo\u001b[39m","message":"{\"method\":\"GET\",\"url\":\"/userprofile\",\"status\":\"304\",\"responseTime\":\"517.925\"}","timestamp":"2024-12-02T09:45:06.425Z"}
{"level":"\u001b[32minfo\u001b[39m","message":"{\"method\":\"GET\",\"url\":\"/userprofile\",\"status\":\"304\",\"responseTime\":\"126.745\"}","timestamp":"2024-12-02T09:45:15.075Z"}
{"level":"\u001b[32minfo\u001b[39m","message":"{\"method\":\"GET\",\"url\":\"/userprofile\",\"status\":\"304\",\"responseTime\":\"172.320\"}","timestamp":"2024-12-02T09:47:19.574Z"}
{"level":"\u001b[32minfo\u001b[39m","message":"{\"method\":\"GET\",\"url\":\"/getbanner\",\"status\":\"304\",\"responseTime\":\"49.325\"}","timestamp":"2024-12-02T09:47:20.324Z"}
{"level":"\u001b[32minfo\u001b[39m","message":"{\"method\":\"GET\",\"url\":\"/getbanner\",\"status\":\"304\",\"responseTime\":\"59.254\"}","timestamp":"2024-12-02T09:47:43.377Z"}
{"level":"\u001b[32minfo\u001b[39m","message":"{\"method\":\"GET\",\"url\":\"/userprofile\",\"status\":\"304\",\"responseTime\":\"128.047\"}","timestamp":"2024-12-02T09:47:43.450Z"}
{"level":"\u001b[32minfo\u001b[39m","message":"{\"method\":\"GET\",\"url\":\"/userprofile\",\"status\":\"304\",\"responseTime\":\"149.475\"}","timestamp":"2024-12-02T09:47:45.703Z"}
{"level":"\u001b[32minfo\u001b[39m","message":"{\"method\":\"GET\",\"url\":\"/videos\",\"status\":\"304\",\"responseTime\":\"166.817\"}","timestamp":"2024-12-02T09:47:45.727Z"}
{"level":"\u001b[32minfo\u001b[39m","message":"{\"method\":\"GET\",\"url\":\"/userprofile\",\"status\":\"304\",\"responseTime\":\"230.716\"}","timestamp":"2024-12-02T09:47:45.943Z"}
{"level":"\u001b[32minfo\u001b[39m","message":"{\"method\":\"GET\",\"url\":\"/userprofile\",\"status\":\"304\",\"responseTime\":\"174.432\"}","timestamp":"2024-12-02T09:47:53.647Z"}
{"level":"\u001b[32minfo\u001b[39m","message":"{\"method\":\"GET\",\"url\":\"/getbanner\",\"status\":\"304\",\"responseTime\":\"362.799\"}","timestamp":"2024-12-02T09:48:05.672Z"}
{"level":"\u001b[32minfo\u001b[39m","message":"{\"method\":\"GET\",\"url\":\"/userprofile\",\"status\":\"304\",\"responseTime\":\"621.024\"}","timestamp":"2024-12-02T09:48:05.912Z"}
{"level":"\u001b[32minfo\u001b[39m","message":"{\"method\":\"GET\",\"url\":\"/userprofile\",\"status\":\"304\",\"responseTime\":\"349.600\"}","timestamp":"2024-12-02T09:48:09.189Z"}
{"level":"\u001b[32minfo\u001b[39m","message":"{\"method\":\"GET\",\"url\":\"/videos\",\"status\":\"304\",\"responseTime\":\"341.289\"}","timestamp":"2024-12-02T09:48:09.198Z"}
{"level":"\u001b[32minfo\u001b[39m","message":"{\"method\":\"GET\",\"url\":\"/userprofile\",\"status\":\"304\",\"responseTime\":\"311.260\"}","timestamp":"2024-12-02T09:48:09.515Z"}
{"level":"\u001b[32minfo\u001b[39m","message":"{\"method\":\"GET\",\"url\":\"/getbanner\",\"status\":\"304\",\"responseTime\":\"93.857\"}","timestamp":"2024-12-02T09:48:14.132Z"}
{"level":"\u001b[32minfo\u001b[39m","message":"{\"method\":\"GET\",\"url\":\"/userprofile\",\"status\":\"304\",\"responseTime\":\"290.578\"}","timestamp":"2024-12-02T09:48:14.335Z"}
{"level":"\u001b[32minfo\u001b[39m","message":"{\"method\":\"GET\",\"url\":\"/userprofile\",\"status\":\"304\",\"responseTime\":\"292.764\"}","timestamp":"2024-12-02T09:48:17.847Z"}
{"level":"\u001b[32minfo\u001b[39m","message":"{\"method\":\"GET\",\"url\":\"/getbanner\",\"status\":\"304\",\"responseTime\":\"150.470\"}","timestamp":"2024-12-02T09:51:39.313Z"}
{"level":"\u001b[32minfo\u001b[39m","message":"{\"method\":\"GET\",\"url\":\"/userprofile\",\"status\":\"304\",\"responseTime\":\"323.177\"}","timestamp":"2024-12-02T09:51:39.487Z"}
{"level":"\u001b[32minfo\u001b[39m","message":"{\"method\":\"GET\",\"url\":\"/userprofile\",\"status\":\"304\",\"responseTime\":\"340.646\"}","timestamp":"2024-12-02T09:51:46.570Z"}
{"level":"\u001b[32minfo\u001b[39m","message":"{\"method\":\"GET\",\"url\":\"/userprofile\",\"status\":\"304\",\"responseTime\":\"130.304\"}","timestamp":"2024-12-02T09:54:52.992Z"}
{"level":"\u001b[32minfo\u001b[39m","message":"{\"method\":\"GET\",\"url\":\"/getbanner\",\"status\":\"304\",\"responseTime\":\"49.658\"}","timestamp":"2024-12-02T09:54:53.470Z"}
{"level":"\u001b[32minfo\u001b[39m","message":"{\"method\":\"GET\",\"url\":\"/userprofile\",\"status\":\"304\",\"responseTime\":\"127.898\"}","timestamp":"2024-12-02T09:55:31.723Z"}
{"level":"\u001b[32minfo\u001b[39m","message":"{\"method\":\"GET\",\"url\":\"/getbanner\",\"status\":\"304\",\"responseTime\":\"104.833\"}","timestamp":"2024-12-02T09:55:37.100Z"}
{"level":"\u001b[32minfo\u001b[39m","message":"{\"method\":\"GET\",\"url\":\"/userprofile\",\"status\":\"304\",\"responseTime\":\"211.586\"}","timestamp":"2024-12-02T09:55:46.263Z"}
{"level":"\u001b[32minfo\u001b[39m","message":"{\"method\":\"GET\",\"url\":\"/userprofile\",\"status\":\"304\",\"responseTime\":\"269.256\"}","timestamp":"2024-12-02T09:55:48.532Z"}
{"level":"\u001b[32minfo\u001b[39m","message":"{\"method\":\"GET\",\"url\":\"/getbanner\",\"status\":\"304\",\"responseTime\":\"64.685\"}","timestamp":"2024-12-02T09:55:51.920Z"}
{"level":"\u001b[32minfo\u001b[39m","message":"{\"method\":\"GET\",\"url\":\"/userprofile\",\"status\":\"304\",\"responseTime\":\"134.551\"}","timestamp":"2024-12-02T09:56:43.820Z"}
{"level":"\u001b[32minfo\u001b[39m","message":"{\"method\":\"GET\",\"url\":\"/getbanner\",\"status\":\"304\",\"responseTime\":\"182.254\"}","timestamp":"2024-12-02T09:56:46.528Z"}
{"level":"\u001b[32minfo\u001b[39m","message":"{\"method\":\"GET\",\"url\":\"/userprofile\",\"status\":\"304\",\"responseTime\":\"123.763\"}","timestamp":"2024-12-02T09:56:48.285Z"}
{"level":"\u001b[32minfo\u001b[39m","message":"{\"method\":\"GET\",\"url\":\"/userprofile\",\"status\":\"304\",\"responseTime\":\"168.209\"}","timestamp":"2024-12-02T09:56:50.325Z"}
{"level":"\u001b[32minfo\u001b[39m","message":"{\"method\":\"GET\",\"url\":\"/userprofile\",\"status\":\"304\",\"responseTime\":\"118.488\"}","timestamp":"2024-12-02T09:56:52.437Z"}
{"level":"\u001b[32minfo\u001b[39m","message":"{\"method\":\"GET\",\"url\":\"/userprofile\",\"status\":\"304\",\"responseTime\":\"131.483\"}","timestamp":"2024-12-02T09:56:53.610Z"}
{"level":"\u001b[32minfo\u001b[39m","message":"{\"method\":\"GET\",\"url\":\"/getbanner\",\"status\":\"304\",\"responseTime\":\"58.889\"}","timestamp":"2024-12-02T09:56:54.698Z"}
{"level":"\u001b[32minfo\u001b[39m","message":"{\"method\":\"GET\",\"url\":\"/getbanner\",\"status\":\"304\",\"responseTime\":\"55.262\"}","timestamp":"2024-12-02T09:56:55.444Z"}
{"level":"\u001b[32minfo\u001b[39m","message":"{\"method\":\"GET\",\"url\":\"/userprofile\",\"status\":\"304\",\"responseTime\":\"150.180\"}","timestamp":"2024-12-02T10:01:24.518Z"}
{"level":"\u001b[32minfo\u001b[39m","message":"{\"method\":\"GET\",\"url\":\"/userprofile\",\"status\":\"304\",\"responseTime\":\"236.624\"}","timestamp":"2024-12-02T10:01:28.718Z"}
{"level":"\u001b[32minfo\u001b[39m","message":"{\"method\":\"GET\",\"url\":\"/getbanner\",\"status\":\"304\",\"responseTime\":\"54.210\"}","timestamp":"2024-12-02T10:01:29.657Z"}
{"level":"\u001b[32minfo\u001b[39m","message":"{\"method\":\"GET\",\"url\":\"/getbanner\",\"status\":\"304\",\"responseTime\":\"138.979\"}","timestamp":"2024-12-02T10:02:15.295Z"}
{"level":"\u001b[32minfo\u001b[39m","message":"{\"method\":\"GET\",\"url\":\"/userprofile\",\"status\":\"304\",\"responseTime\":\"236.614\"}","timestamp":"2024-12-02T10:02:15.400Z"}
{"level":"\u001b[32minfo\u001b[39m","message":"{\"method\":\"GET\",\"url\":\"/getbanner\",\"status\":\"304\",\"responseTime\":\"57.953\"}","timestamp":"2024-12-02T10:02:20.418Z"}
{"level":"\u001b[32minfo\u001b[39m","message":"{\"method\":\"GET\",\"url\":\"/userprofile\",\"status\":\"304\",\"responseTime\":\"451.152\"}","timestamp":"2024-12-02T10:02:20.813Z"}
{"level":"\u001b[32minfo\u001b[39m","message":"{\"method\":\"GET\",\"url\":\"/userprofile\",\"status\":\"304\",\"responseTime\":\"152.254\"}","timestamp":"2024-12-02T10:02:23.329Z"}
{"level":"\u001b[32minfo\u001b[39m","message":"{\"method\":\"GET\",\"url\":\"/getbanner\",\"status\":\"304\",\"responseTime\":\"82.672\"}","timestamp":"2024-12-02T10:03:03.636Z"}
{"level":"\u001b[32minfo\u001b[39m","message":"{\"method\":\"GET\",\"url\":\"/userprofile\",\"status\":\"304\",\"responseTime\":\"150.400\"}","timestamp":"2024-12-02T10:03:03.706Z"}
{"level":"\u001b[32minfo\u001b[39m","message":"{\"method\":\"GET\",\"url\":\"/getbanner\",\"status\":\"304\",\"responseTime\":\"51.478\"}","timestamp":"2024-12-02T10:03:05.794Z"}
{"level":"\u001b[32minfo\u001b[39m","message":"{\"method\":\"GET\",\"url\":\"/userprofile\",\"status\":\"304\",\"responseTime\":\"187.893\"}","timestamp":"2024-12-02T10:03:05.945Z"}
{"level":"\u001b[32minfo\u001b[39m","message":"{\"method\":\"GET\",\"url\":\"/getbanner\",\"status\":\"304\",\"responseTime\":\"54.323\"}","timestamp":"2024-12-02T10:03:07.301Z"}
{"level":"\u001b[32minfo\u001b[39m","message":"{\"method\":\"GET\",\"url\":\"/userprofile\",\"status\":\"304\",\"responseTime\":\"207.014\"}","timestamp":"2024-12-02T10:03:07.473Z"}
{"level":"\u001b[32minfo\u001b[39m","message":"{\"method\":\"GET\",\"url\":\"/getbanner\",\"status\":\"304\",\"responseTime\":\"195.579\"}","timestamp":"2024-12-02T10:03:31.483Z"}
{"level":"\u001b[32minfo\u001b[39m","message":"{\"method\":\"GET\",\"url\":\"/userprofile\",\"status\":\"304\",\"responseTime\":\"577.843\"}","timestamp":"2024-12-02T10:03:31.871Z"}
{"level":"\u001b[32minfo\u001b[39m","message":"{\"method\":\"GET\",\"url\":\"/userprofile\",\"status\":\"304\",\"responseTime\":\"128.446\"}","timestamp":"2024-12-02T10:03:33.132Z"}
{"level":"\u001b[32minfo\u001b[39m","message":"{\"method\":\"GET\",\"url\":\"/getbanner\",\"status\":\"304\",\"responseTime\":\"92.534\"}","timestamp":"2024-12-02T10:05:17.284Z"}
{"level":"\u001b[32minfo\u001b[39m","message":"{\"method\":\"GET\",\"url\":\"/userprofile\",\"status\":\"304\",\"responseTime\":\"224.643\"}","timestamp":"2024-12-02T10:05:17.426Z"}
{"level":"\u001b[32minfo\u001b[39m","message":"{\"method\":\"GET\",\"url\":\"/userprofile\",\"status\":\"304\",\"responseTime\":\"699.901\"}","timestamp":"2024-12-02T10:05:19.394Z"}
{"level":"\u001b[32minfo\u001b[39m","message":"{\"method\":\"GET\",\"url\":\"/userprofile\",\"status\":\"304\",\"responseTime\":\"150.690\"}","timestamp":"2024-12-02T10:06:26.320Z"}
{"level":"\u001b[32minfo\u001b[39m","message":"{\"method\":\"GET\",\"url\":\"/userprofile\",\"status\":\"304\",\"responseTime\":\"366.049\"}","timestamp":"2024-12-02T10:07:11.371Z"}
{"level":"\u001b[32minfo\u001b[39m","message":"{\"method\":\"GET\",\"url\":\"/userprofile\",\"status\":\"304\",\"responseTime\":\"267.680\"}","timestamp":"2024-12-02T10:19:34.761Z"}
{"level":"\u001b[32minfo\u001b[39m","message":"{\"method\":\"GET\",\"url\":\"/userprofile\",\"status\":\"304\",\"responseTime\":\"133.099\"}","timestamp":"2024-12-02T10:23:20.649Z"}
{"level":"\u001b[32minfo\u001b[39m","message":"{\"method\":\"GET\",\"url\":\"/userprofile\",\"status\":\"304\",\"responseTime\":\"149.390\"}","timestamp":"2024-12-02T10:25:02.821Z"}
{"level":"\u001b[32minfo\u001b[39m","message":"{\"method\":\"GET\",\"url\":\"/getbanner\",\"status\":\"304\",\"responseTime\":\"95.455\"}","timestamp":"2024-12-02T10:34:10.855Z"}
{"level":"\u001b[32minfo\u001b[39m","message":"{\"method\":\"GET\",\"url\":\"/userprofile\",\"status\":\"304\",\"responseTime\":\"151.438\"}","timestamp":"2024-12-02T10:34:11.053Z"}
{"level":"\u001b[32minfo\u001b[39m","message":"{\"method\":\"GET\",\"url\":\"/userprofile\",\"status\":\"304\",\"responseTime\":\"178.288\"}","timestamp":"2024-12-02T10:34:50.593Z"}
{"level":"\u001b[32minfo\u001b[39m","message":"{\"method\":\"GET\",\"url\":\"/getbanner\",\"status\":\"304\",\"responseTime\":\"89.943\"}","timestamp":"2024-12-02T10:34:51.079Z"}
{"level":"\u001b[32minfo\u001b[39m","message":"{\"method\":\"GET\",\"url\":\"/userprofile\",\"status\":\"304\",\"responseTime\":\"169.319\"}","timestamp":"2024-12-02T10:36:41.526Z"}
{"level":"\u001b[32minfo\u001b[39m","message":"{\"method\":\"GET\",\"url\":\"/getbanner\",\"status\":\"304\",\"responseTime\":\"68.642\"}","timestamp":"2024-12-02T10:36:52.043Z"}
{"level":"\u001b[32minfo\u001b[39m","message":"{\"method\":\"GET\",\"url\":\"/userprofile\",\"status\":\"304\",\"responseTime\":\"134.219\"}","timestamp":"2024-12-02T10:36:52.127Z"}
{"level":"\u001b[32minfo\u001b[39m","message":"{\"method\":\"GET\",\"url\":\"/userprofile\",\"status\":\"304\",\"responseTime\":\"169.433\"}","timestamp":"2024-12-02T10:36:53.498Z"}
{"level":"\u001b[32minfo\u001b[39m","message":"{\"method\":\"GET\",\"url\":\"/getbanner\",\"status\":\"304\",\"responseTime\":\"48.652\"}","timestamp":"2024-12-02T10:39:54.480Z"}
{"level":"\u001b[32minfo\u001b[39m","message":"{\"method\":\"GET\",\"url\":\"/userprofile\",\"status\":\"304\",\"responseTime\":\"201.888\"}","timestamp":"2024-12-02T10:39:55.388Z"}
{"level":"\u001b[32minfo\u001b[39m","message":"{\"method\":\"GET\",\"url\":\"/getbanner\",\"status\":\"304\",\"responseTime\":\"77.140\"}","timestamp":"2024-12-02T10:40:54.015Z"}
{"level":"\u001b[32minfo\u001b[39m","message":"{\"method\":\"GET\",\"url\":\"/userprofile\",\"status\":\"304\",\"responseTime\":\"138.766\"}","timestamp":"2024-12-02T10:40:54.026Z"}
{"level":"\u001b[32minfo\u001b[39m","message":"{\"method\":\"GET\",\"url\":\"/userprofile\",\"status\":\"304\",\"responseTime\":\"590.799\"}","timestamp":"2024-12-02T10:41:17.466Z"}
{"level":"\u001b[32minfo\u001b[39m","message":"{\"method\":\"GET\",\"url\":\"/getbanner\",\"status\":\"304\",\"responseTime\":\"73.918\"}","timestamp":"2024-12-02T10:41:17.606Z"}
{"level":"\u001b[32minfo\u001b[39m","message":"{\"method\":\"GET\",\"url\":\"/userprofile\",\"status\":\"304\",\"responseTime\":\"203.863\"}","timestamp":"2024-12-02T10:41:19.010Z"}
{"level":"\u001b[32minfo\u001b[39m","message":"{\"method\":\"GET\",\"url\":\"/userprofile\",\"status\":\"304\",\"responseTime\":\"288.639\"}","timestamp":"2024-12-02T10:49:10.310Z"}
{"level":"\u001b[32minfo\u001b[39m","message":"{\"method\":\"GET\",\"url\":\"/getbanner\",\"status\":\"304\",\"responseTime\":\"210.870\"}","timestamp":"2024-12-02T10:49:11.095Z"}
{"level":"\u001b[32minfo\u001b[39m","message":"{\"method\":\"GET\",\"url\":\"/userprofile\",\"status\":\"304\",\"responseTime\":\"136.726\"}","timestamp":"2024-12-02T10:49:56.085Z"}
{"level":"\u001b[32minfo\u001b[39m","message":"{\"method\":\"GET\",\"url\":\"/getbanner\",\"status\":\"304\",\"responseTime\":\"125.386\"}","timestamp":"2024-12-02T10:49:56.867Z"}
{"level":"\u001b[32minfo\u001b[39m","message":"{\"method\":\"GET\",\"url\":\"/userprofile\",\"status\":\"304\",\"responseTime\":\"134.403\"}","timestamp":"2024-12-02T10:50:08.711Z"}
{"level":"\u001b[32minfo\u001b[39m","message":"{\"method\":\"GET\",\"url\":\"/getbanner\",\"status\":\"304\",\"responseTime\":\"47.139\"}","timestamp":"2024-12-02T10:50:09.081Z"}
{"level":"\u001b[32minfo\u001b[39m","message":"{\"method\":\"GET\",\"url\":\"/userprofile\",\"status\":\"304\",\"responseTime\":\"322.307\"}","timestamp":"2024-12-02T10:50:12.462Z"}
{"level":"\u001b[32minfo\u001b[39m","message":"{\"method\":\"GET\",\"url\":\"/userprofile\",\"status\":\"304\",\"responseTime\":\"112.618\"}","timestamp":"2024-12-02T10:50:14.059Z"}
{"level":"\u001b[32minfo\u001b[39m","message":"{\"method\":\"GET\",\"url\":\"/userprofile\",\"status\":\"304\",\"responseTime\":\"126.722\"}","timestamp":"2024-12-02T10:50:15.255Z"}
{"level":"\u001b[32minfo\u001b[39m","message":"{\"method\":\"GET\",\"url\":\"/getbanner\",\"status\":\"304\",\"responseTime\":\"49.696\"}","timestamp":"2024-12-02T10:50:16.034Z"}
{"level":"\u001b[32minfo\u001b[39m","message":"{\"method\":\"GET\",\"url\":\"/getbanner\",\"status\":\"304\",\"responseTime\":\"83.979\"}","timestamp":"2024-12-02T10:50:17.612Z"}
{"level":"\u001b[32minfo\u001b[39m","message":"{\"method\":\"GET\",\"url\":\"/getbanner\",\"status\":\"304\",\"responseTime\":\"254.523\"}","timestamp":"2024-12-02T10:50:22.356Z"}
{"level":"\u001b[32minfo\u001b[39m","message":"{\"method\":\"GET\",\"url\":\"/userprofile\",\"status\":\"304\",\"responseTime\":\"517.923\"}","timestamp":"2024-12-02T10:50:22.635Z"}
{"level":"\u001b[32minfo\u001b[39m","message":"{\"method\":\"GET\",\"url\":\"/userprofile\",\"status\":\"304\",\"responseTime\":\"131.002\"}","timestamp":"2024-12-02T10:50:24.261Z"}
{"level":"\u001b[32minfo\u001b[39m","message":"{\"method\":\"GET\",\"url\":\"/getbanner\",\"status\":\"304\",\"responseTime\":\"46.920\"}","timestamp":"2024-12-02T10:50:27.013Z"}
{"level":"\u001b[32minfo\u001b[39m","message":"{\"method\":\"GET\",\"url\":\"/userprofile\",\"status\":\"304\",\"responseTime\":\"256.044\"}","timestamp":"2024-12-02T10:50:27.232Z"}
{"level":"\u001b[32minfo\u001b[39m","message":"{\"method\":\"GET\",\"url\":\"/userprofile\",\"status\":\"304\",\"responseTime\":\"317.258\"}","timestamp":"2024-12-02T10:50:30.545Z"}
{"level":"\u001b[32minfo\u001b[39m","message":"{\"method\":\"GET\",\"url\":\"/getbanner\",\"status\":\"304\",\"responseTime\":\"54.331\"}","timestamp":"2024-12-02T10:50:35.569Z"}
{"level":"\u001b[32minfo\u001b[39m","message":"{\"method\":\"GET\",\"url\":\"/userprofile\",\"status\":\"304\",\"responseTime\":\"129.611\"}","timestamp":"2024-12-02T10:50:35.650Z"}
{"level":"\u001b[32minfo\u001b[39m","message":"{\"method\":\"GET\",\"url\":\"/userprofile\",\"status\":\"304\",\"responseTime\":\"263.837\"}","timestamp":"2024-12-02T10:50:39.097Z"}
{"level":"\u001b[32minfo\u001b[39m","message":"{\"method\":\"GET\",\"url\":\"/getbanner\",\"status\":\"304\",\"responseTime\":\"178.718\"}","timestamp":"2024-12-02T10:51:52.160Z"}
{"level":"\u001b[32minfo\u001b[39m","message":"{\"method\":\"GET\",\"url\":\"/userprofile\",\"status\":\"304\",\"responseTime\":\"320.719\"}","timestamp":"2024-12-02T10:51:52.224Z"}
{"level":"\u001b[32minfo\u001b[39m","message":"{\"method\":\"GET\",\"url\":\"/userprofile\",\"status\":\"304\",\"responseTime\":\"322.083\"}","timestamp":"2024-12-02T10:52:43.231Z"}
{"level":"\u001b[32minfo\u001b[39m","message":"{\"method\":\"GET\",\"url\":\"/getbanner\",\"status\":\"304\",\"responseTime\":\"47.520\"}","timestamp":"2024-12-02T10:52:44.202Z"}
{"level":"\u001b[32minfo\u001b[39m","message":"{\"method\":\"GET\",\"url\":\"/userprofile\",\"status\":\"304\",\"responseTime\":\"284.831\"}","timestamp":"2024-12-02T10:52:51.510Z"}
{"level":"\u001b[32minfo\u001b[39m","message":"{\"method\":\"GET\",\"url\":\"/getbanner\",\"status\":\"304\",\"responseTime\":\"95.473\"}","timestamp":"2024-12-02T10:52:52.235Z"}
{"level":"\u001b[32minfo\u001b[39m","message":"{\"method\":\"GET\",\"url\":\"/userprofile\",\"status\":\"304\",\"responseTime\":\"280.168\"}","timestamp":"2024-12-02T10:53:18.785Z"}
{"level":"\u001b[32minfo\u001b[39m","message":"{\"method\":\"GET\",\"url\":\"/getbanner\",\"status\":\"304\",\"responseTime\":\"54.755\"}","timestamp":"2024-12-02T10:53:19.540Z"}
{"level":"\u001b[32minfo\u001b[39m","message":"{\"method\":\"GET\",\"url\":\"/userprofile\",\"status\":\"304\",\"responseTime\":\"223.539\"}","timestamp":"2024-12-02T10:53:26.392Z"}
{"level":"\u001b[32minfo\u001b[39m","message":"{\"method\":\"GET\",\"url\":\"/getbanner\",\"status\":\"304\",\"responseTime\":\"51.567\"}","timestamp":"2024-12-02T10:53:27.025Z"}
{"level":"\u001b[32minfo\u001b[39m","message":"{\"method\":\"GET\",\"url\":\"/userprofile\",\"status\":\"304\",\"responseTime\":\"188.641\"}","timestamp":"2024-12-02T10:53:28.979Z"}
{"level":"\u001b[32minfo\u001b[39m","message":"{\"method\":\"GET\",\"url\":\"/getbanner\",\"status\":\"304\",\"responseTime\":\"81.617\"}","timestamp":"2024-12-02T10:53:29.760Z"}
{"level":"\u001b[32minfo\u001b[39m","message":"{\"method\":\"GET\",\"url\":\"/userprofile\",\"status\":\"304\",\"responseTime\":\"499.430\"}","timestamp":"2024-12-02T10:53:51.577Z"}
{"level":"\u001b[32minfo\u001b[39m","message":"{\"method\":\"GET\",\"url\":\"/getbanner\",\"status\":\"304\",\"responseTime\":\"137.333\"}","timestamp":"2024-12-02T10:53:52.363Z"}
{"level":"\u001b[32minfo\u001b[39m","message":"{\"method\":\"GET\",\"url\":\"/userprofile\",\"status\":\"304\",\"responseTime\":\"228.745\"}","timestamp":"2024-12-02T10:53:52.596Z"}
{"level":"\u001b[32minfo\u001b[39m","message":"{\"method\":\"GET\",\"url\":\"/getbanner\",\"status\":\"304\",\"responseTime\":\"154.938\"}","timestamp":"2024-12-02T10:53:53.670Z"}
{"level":"\u001b[32minfo\u001b[39m","message":"{\"method\":\"GET\",\"url\":\"/userprofile\",\"status\":\"304\",\"responseTime\":\"122.238\"}","timestamp":"2024-12-02T10:53:55.848Z"}
{"level":"\u001b[32minfo\u001b[39m","message":"{\"method\":\"GET\",\"url\":\"/getbanner\",\"status\":\"304\",\"responseTime\":\"76.855\"}","timestamp":"2024-12-02T10:53:56.672Z"}
{"level":"\u001b[32minfo\u001b[39m","message":"{\"method\":\"GET\",\"url\":\"/userprofile\",\"status\":\"304\",\"responseTime\":\"123.765\"}","timestamp":"2024-12-02T10:54:06.880Z"}
{"level":"\u001b[32minfo\u001b[39m","message":"{\"method\":\"GET\",\"url\":\"/userprofile\",\"status\":\"304\",\"responseTime\":\"198.826\"}","timestamp":"2024-12-02T10:54:08.417Z"}
{"level":"\u001b[32minfo\u001b[39m","message":"{\"method\":\"GET\",\"url\":\"/getbanner\",\"status\":\"304\",\"responseTime\":\"75.530\"}","timestamp":"2024-12-02T10:54:09.044Z"}
{"level":"\u001b[32minfo\u001b[39m","message":"{\"method\":\"GET\",\"url\":\"/getbanner\",\"status\":\"304\",\"responseTime\":\"97.872\"}","timestamp":"2024-12-02T10:54:09.513Z"}
{"level":"\u001b[32minfo\u001b[39m","message":"{\"method\":\"GET\",\"url\":\"/userprofile\",\"status\":\"304\",\"responseTime\":\"155.160\"}","timestamp":"2024-12-02T10:54:40.917Z"}
{"level":"\u001b[32minfo\u001b[39m","message":"{\"method\":\"GET\",\"url\":\"/getbanner\",\"status\":\"304\",\"responseTime\":\"160.054\"}","timestamp":"2024-12-02T10:54:41.725Z"}
{"level":"\u001b[32minfo\u001b[39m","message":"{\"method\":\"GET\",\"url\":\"/userprofile\",\"status\":\"304\",\"responseTime\":\"182.895\"}","timestamp":"2024-12-02T10:55:09.066Z"}
{"level":"\u001b[32minfo\u001b[39m","message":"{\"method\":\"GET\",\"url\":\"/videos\",\"status\":\"200\",\"responseTime\":\"318.937\"}","timestamp":"2024-12-02T10:55:09.212Z"}
{"level":"\u001b[32minfo\u001b[39m","message":"{\"method\":\"GET\",\"url\":\"/userprofile\",\"status\":\"304\",\"responseTime\":\"311.884\"}","timestamp":"2024-12-02T10:55:09.393Z"}
{"level":"\u001b[32minfo\u001b[39m","message":"{\"method\":\"GET\",\"url\":\"/userprofile\",\"status\":\"304\",\"responseTime\":\"133.891\"}","timestamp":"2024-12-02T10:56:04.704Z"}
{"level":"\u001b[32minfo\u001b[39m","message":"{\"method\":\"GET\",\"url\":\"/getbanner\",\"status\":\"304\",\"responseTime\":\"50.111\"}","timestamp":"2024-12-02T10:57:24.806Z"}
{"level":"\u001b[32minfo\u001b[39m","message":"{\"method\":\"GET\",\"url\":\"/userprofile\",\"status\":\"304\",\"responseTime\":\"135.378\"}","timestamp":"2024-12-02T10:57:24.869Z"}
{"level":"\u001b[32minfo\u001b[39m","message":"{\"method\":\"GET\",\"url\":\"/userprofile\",\"status\":\"304\",\"responseTime\":\"298.802\"}","timestamp":"2024-12-02T10:57:31.785Z"}
{"level":"\u001b[32minfo\u001b[39m","message":"{\"method\":\"GET\",\"url\":\"/userprofile\",\"status\":\"304\",\"responseTime\":\"266.811\"}","timestamp":"2024-12-02T10:58:12.597Z"}
{"level":"\u001b[32minfo\u001b[39m","message":"{\"method\":\"GET\",\"url\":\"/getbanner\",\"status\":\"304\",\"responseTime\":\"143.923\"}","timestamp":"2024-12-02T10:58:12.851Z"}
{"level":"\u001b[32minfo\u001b[39m","message":"{\"method\":\"GET\",\"url\":\"/userprofile\",\"status\":\"304\",\"responseTime\":\"152.281\"}","timestamp":"2024-12-02T10:58:20.480Z"}
{"level":"\u001b[32minfo\u001b[39m","message":"{\"method\":\"GET\",\"url\":\"/getbanner\",\"status\":\"304\",\"responseTime\":\"130.020\"}","timestamp":"2024-12-02T10:58:21.478Z"}
{"level":"\u001b[32minfo\u001b[39m","message":"{\"method\":\"GET\",\"url\":\"/userprofile\",\"status\":\"304\",\"responseTime\":\"158.595\"}","timestamp":"2024-12-02T10:58:30.409Z"}
{"level":"\u001b[32minfo\u001b[39m","message":"{\"method\":\"GET\",\"url\":\"/getbanner\",\"status\":\"304\",\"responseTime\":\"150.164\"}","timestamp":"2024-12-02T10:58:31.481Z"}
{"level":"\u001b[32minfo\u001b[39m","message":"{\"method\":\"GET\",\"url\":\"/userprofile\",\"status\":\"304\",\"responseTime\":\"184.578\"}","timestamp":"2024-12-02T10:58:40.521Z"}
{"level":"\u001b[32minfo\u001b[39m","message":"{\"method\":\"GET\",\"url\":\"/getbanner\",\"status\":\"304\",\"responseTime\":\"142.548\"}","timestamp":"2024-12-02T10:58:41.422Z"}
{"level":"\u001b[32minfo\u001b[39m","message":"{\"method\":\"GET\",\"url\":\"/userprofile\",\"status\":\"304\",\"responseTime\":\"208.752\"}","timestamp":"2024-12-02T10:58:56.047Z"}
{"level":"\u001b[32minfo\u001b[39m","message":"{\"method\":\"GET\",\"url\":\"/getbanner\",\"status\":\"304\",\"responseTime\":\"130.851\"}","timestamp":"2024-12-02T10:58:56.567Z"}
{"level":"\u001b[32minfo\u001b[39m","message":"{\"method\":\"GET\",\"url\":\"/userprofile\",\"status\":\"304\",\"responseTime\":\"142.239\"}","timestamp":"2024-12-02T10:59:08.249Z"}
{"level":"\u001b[32minfo\u001b[39m","message":"{\"method\":\"GET\",\"url\":\"/getbanner\",\"status\":\"304\",\"responseTime\":\"68.077\"}","timestamp":"2024-12-02T10:59:09.424Z"}
{"level":"\u001b[32minfo\u001b[39m","message":"{\"method\":\"GET\",\"url\":\"/userprofile\",\"status\":\"304\",\"responseTime\":\"119.762\"}","timestamp":"2024-12-02T10:59:25.008Z"}
{"level":"\u001b[32minfo\u001b[39m","message":"{\"method\":\"GET\",\"url\":\"/getbanner\",\"status\":\"304\",\"responseTime\":\"61.510\"}","timestamp":"2024-12-02T10:59:26.242Z"}
{"level":"\u001b[32minfo\u001b[39m","message":"{\"method\":\"GET\",\"url\":\"/getbanner\",\"status\":\"304\",\"responseTime\":\"77.898\"}","timestamp":"2024-12-02T10:59:31.921Z"}
{"level":"\u001b[32minfo\u001b[39m","message":"{\"method\":\"GET\",\"url\":\"/userprofile\",\"status\":\"304\",\"responseTime\":\"183.513\"}","timestamp":"2024-12-02T10:59:32.030Z"}
{"level":"\u001b[32minfo\u001b[39m","message":"{\"method\":\"GET\",\"url\":\"/userprofile\",\"status\":\"304\",\"responseTime\":\"163.863\"}","timestamp":"2024-12-02T10:59:34.025Z"}
{"level":"\u001b[32minfo\u001b[39m","message":"{\"method\":\"GET\",\"url\":\"/userprofile\",\"status\":\"304\",\"responseTime\":\"271.922\"}","timestamp":"2024-12-02T11:00:50.005Z"}
{"level":"\u001b[32minfo\u001b[39m","message":"{\"method\":\"GET\",\"url\":\"/userprofile\",\"status\":\"304\",\"responseTime\":\"168.896\"}","timestamp":"2024-12-02T11:00:57.162Z"}
{"level":"\u001b[32minfo\u001b[39m","message":"{\"method\":\"GET\",\"url\":\"/userprofile\",\"status\":\"304\",\"responseTime\":\"156.392\"}","timestamp":"2024-12-02T11:01:07.817Z"}
{"level":"\u001b[32minfo\u001b[39m","message":"{\"method\":\"GET\",\"url\":\"/userprofile\",\"status\":\"304\",\"responseTime\":\"138.474\"}","timestamp":"2024-12-02T11:01:09.099Z"}
{"level":"\u001b[32minfo\u001b[39m","message":"{\"method\":\"GET\",\"url\":\"/userprofile\",\"status\":\"304\",\"responseTime\":\"159.628\"}","timestamp":"2024-12-02T11:01:21.297Z"}
{"level":"\u001b[32minfo\u001b[39m","message":"{\"method\":\"GET\",\"url\":\"/userprofile\",\"status\":\"304\",\"responseTime\":\"349.487\"}","timestamp":"2024-12-02T11:01:23.138Z"}
{"level":"\u001b[32minfo\u001b[39m","message":"{\"method\":\"GET\",\"url\":\"/userprofile\",\"status\":\"304\",\"responseTime\":\"288.405\"}","timestamp":"2024-12-02T11:01:59.886Z"}
{"level":"\u001b[32minfo\u001b[39m","message":"{\"method\":\"GET\",\"url\":\"/userprofile\",\"status\":\"304\",\"responseTime\":\"403.902\"}","timestamp":"2024-12-02T11:02:10.965Z"}
{"level":"\u001b[32minfo\u001b[39m","message":"{\"method\":\"GET\",\"url\":\"/userprofile\",\"status\":\"304\",\"responseTime\":\"176.631\"}","timestamp":"2024-12-02T11:02:12.106Z"}
{"level":"\u001b[32minfo\u001b[39m","message":"{\"method\":\"GET\",\"url\":\"/userprofile\",\"status\":\"304\",\"responseTime\":\"229.296\"}","timestamp":"2024-12-02T11:02:21.369Z"}
{"level":"\u001b[32minfo\u001b[39m","message":"{\"method\":\"GET\",\"url\":\"/userprofile\",\"status\":\"304\",\"responseTime\":\"479.824\"}","timestamp":"2024-12-02T11:02:23.021Z"}
{"level":"\u001b[32minfo\u001b[39m","message":"{\"method\":\"GET\",\"url\":\"/userprofile\",\"status\":\"304\",\"responseTime\":\"131.179\"}","timestamp":"2024-12-02T11:02:27.686Z"}
{"level":"\u001b[32minfo\u001b[39m","message":"{\"method\":\"GET\",\"url\":\"/userprofile\",\"status\":\"304\",\"responseTime\":\"120.674\"}","timestamp":"2024-12-02T11:02:35.965Z"}
{"level":"\u001b[32minfo\u001b[39m","message":"{\"method\":\"GET\",\"url\":\"/userprofile\",\"status\":\"304\",\"responseTime\":\"212.752\"}","timestamp":"2024-12-02T11:02:37.054Z"}
{"level":"\u001b[32minfo\u001b[39m","message":"{\"method\":\"GET\",\"url\":\"/getbanner\",\"status\":\"304\",\"responseTime\":\"85.699\"}","timestamp":"2024-12-02T11:02:48.822Z"}
{"level":"\u001b[32minfo\u001b[39m","message":"{\"method\":\"GET\",\"url\":\"/userprofile\",\"status\":\"304\",\"responseTime\":\"167.717\"}","timestamp":"2024-12-02T11:02:48.906Z"}
{"level":"\u001b[32minfo\u001b[39m","message":"{\"method\":\"GET\",\"url\":\"/userprofile\",\"status\":\"304\",\"responseTime\":\"183.428\"}","timestamp":"2024-12-02T11:02:51.763Z"}
{"level":"\u001b[32minfo\u001b[39m","message":"{\"method\":\"GET\",\"url\":\"/getbanner\",\"status\":\"304\",\"responseTime\":\"229.851\"}","timestamp":"2024-12-02T11:02:59.296Z"}
{"level":"\u001b[32minfo\u001b[39m","message":"{\"method\":\"GET\",\"url\":\"/userprofile\",\"status\":\"304\",\"responseTime\":\"438.503\"}","timestamp":"2024-12-02T11:02:59.516Z"}
{"level":"\u001b[32minfo\u001b[39m","message":"{\"method\":\"GET\",\"url\":\"/userprofile\",\"status\":\"304\",\"responseTime\":\"285.794\"}","timestamp":"2024-12-02T11:03:00.265Z"}
{"level":"\u001b[32minfo\u001b[39m","message":"{\"method\":\"GET\",\"url\":\"/getbanner\",\"status\":\"304\",\"responseTime\":\"707.120\"}","timestamp":"2024-12-02T11:13:16.793Z"}
{"level":"\u001b[32minfo\u001b[39m","message":"{\"method\":\"GET\",\"url\":\"/userprofile\",\"status\":\"304\",\"responseTime\":\"787.639\"}","timestamp":"2024-12-02T11:13:16.844Z"}
{"level":"\u001b[32minfo\u001b[39m","message":"{\"method\":\"GET\",\"url\":\"/userprofile\",\"status\":\"304\",\"responseTime\":\"128.240\"}","timestamp":"2024-12-02T11:13:18.596Z"}
{"level":"\u001b[32minfo\u001b[39m","message":"{\"method\":\"GET\",\"url\":\"/getbanner\",\"status\":\"304\",\"responseTime\":\"58.957\"}","timestamp":"2024-12-02T11:13:23.190Z"}
{"level":"\u001b[32minfo\u001b[39m","message":"{\"method\":\"GET\",\"url\":\"/userprofile\",\"status\":\"304\",\"responseTime\":\"151.811\"}","timestamp":"2024-12-02T11:13:23.298Z"}
{"level":"\u001b[32minfo\u001b[39m","message":"{\"method\":\"GET\",\"url\":\"/userprofile\",\"status\":\"304\",\"responseTime\":\"456.165\"}","timestamp":"2024-12-02T11:13:25.918Z"}
{"level":"\u001b[32minfo\u001b[39m","message":"{\"method\":\"GET\",\"url\":\"/getbanner\",\"status\":\"304\",\"responseTime\":\"58.291\"}","timestamp":"2024-12-02T11:13:29.183Z"}
{"level":"\u001b[32minfo\u001b[39m","message":"{\"method\":\"GET\",\"url\":\"/userprofile\",\"status\":\"304\",\"responseTime\":\"167.699\"}","timestamp":"2024-12-02T11:13:29.304Z"}
{"level":"\u001b[32minfo\u001b[39m","message":"{\"method\":\"GET\",\"url\":\"/userprofile\",\"status\":\"304\",\"responseTime\":\"337.193\"}","timestamp":"2024-12-02T11:15:41.367Z"}
{"level":"\u001b[32minfo\u001b[39m","message":"{\"method\":\"GET\",\"url\":\"/getbanner\",\"status\":\"304\",\"responseTime\":\"133.298\"}","timestamp":"2024-12-02T11:15:45.114Z"}
{"level":"\u001b[32minfo\u001b[39m","message":"{\"method\":\"GET\",\"url\":\"/userprofile\",\"status\":\"304\",\"responseTime\":\"323.554\"}","timestamp":"2024-12-02T11:15:45.300Z"}
{"level":"\u001b[32minfo\u001b[39m","message":"{\"method\":\"GET\",\"url\":\"/getbanner\",\"status\":\"304\",\"responseTime\":\"48.962\"}","timestamp":"2024-12-02T11:17:02.967Z"}
{"level":"\u001b[32minfo\u001b[39m","message":"{\"method\":\"GET\",\"url\":\"/userprofile\",\"status\":\"304\",\"responseTime\":\"431.999\"}","timestamp":"2024-12-02T11:17:03.378Z"}
{"level":"\u001b[32minfo\u001b[39m","message":"{\"method\":\"GET\",\"url\":\"/getbanner\",\"status\":\"304\",\"responseTime\":\"318.197\"}","timestamp":"2024-12-02T11:18:14.968Z"}
{"level":"\u001b[32minfo\u001b[39m","message":"{\"method\":\"GET\",\"url\":\"/userprofile\",\"status\":\"304\",\"responseTime\":\"465.170\"}","timestamp":"2024-12-02T11:18:15.137Z"}
{"level":"\u001b[32minfo\u001b[39m","message":"{\"method\":\"GET\",\"url\":\"/userprofile\",\"status\":\"304\",\"responseTime\":\"234.013\"}","timestamp":"2024-12-02T11:18:18.191Z"}
{"level":"\u001b[32minfo\u001b[39m","message":"{\"method\":\"GET\",\"url\":\"/userprofile\",\"status\":\"304\",\"responseTime\":\"271.977\"}","timestamp":"2024-12-02T11:18:35.418Z"}
{"level":"\u001b[32minfo\u001b[39m","message":"{\"method\":\"GET\",\"url\":\"/userprofile\",\"status\":\"304\",\"responseTime\":\"154.289\"}","timestamp":"2024-12-02T11:18:39.474Z"}
{"level":"\u001b[32minfo\u001b[39m","message":"{\"method\":\"GET\",\"url\":\"/userprofile\",\"status\":\"304\",\"responseTime\":\"283.440\"}","timestamp":"2024-12-02T11:18:42.916Z"}
{"level":"\u001b[32minfo\u001b[39m","message":"{\"method\":\"GET\",\"url\":\"/userprofile\",\"status\":\"304\",\"responseTime\":\"398.120\"}","timestamp":"2024-12-02T11:18:45.566Z"}
{"level":"\u001b[32minfo\u001b[39m","message":"{\"method\":\"GET\",\"url\":\"/userprofile\",\"status\":\"304\",\"responseTime\":\"437.426\"}","timestamp":"2024-12-02T11:18:49.187Z"}
{"level":"\u001b[32minfo\u001b[39m","message":"{\"method\":\"GET\",\"url\":\"/userprofile\",\"status\":\"304\",\"responseTime\":\"149.059\"}","timestamp":"2024-12-02T11:20:01.397Z"}
