{"level":"\u001b[32minfo\u001b[39m","message":"{\"method\":\"GET\",\"url\":\"/userlist\",\"status\":\"304\",\"responseTime\":\"184.862\"}","timestamp":"2024-10-25T02:33:34.689Z"}
{"level":"\u001b[32minfo\u001b[39m","message":"{\"method\":\"POST\",\"url\":\"/adminlogin\",\"status\":\"200\",\"responseTime\":\"157.394\"}","timestamp":"2024-10-25T02:34:03.216Z"}
{"level":"\u001b[32minfo\u001b[39m","message":"{\"method\":\"GET\",\"url\":\"/userlist\",\"status\":\"304\",\"responseTime\":\"83.536\"}","timestamp":"2024-10-25T02:34:03.381Z"}
{"level":"\u001b[32minfo\u001b[39m","message":"{\"method\":\"POST\",\"url\":\"/login\",\"status\":\"200\",\"responseTime\":\"140.286\"}","timestamp":"2024-10-25T02:34:10.861Z"}
{"level":"\u001b[32minfo\u001b[39m","message":"{\"method\":\"GET\",\"url\":\"/userprofile\",\"status\":\"304\",\"responseTime\":\"80.739\"}","timestamp":"2024-10-25T02:34:11.032Z"}
{"level":"\u001b[32minfo\u001b[39m","message":"{\"method\":\"GET\",\"url\":\"/userprofile\",\"status\":\"304\",\"responseTime\":\"94.713\"}","timestamp":"2024-10-25T02:34:20.118Z"}
{"level":"\u001b[32minfo\u001b[39m","message":"{\"method\":\"GET\",\"url\":\"/userprofile\",\"status\":\"304\",\"responseTime\":\"96.526\"}","timestamp":"2024-10-25T02:34:20.234Z"}
{"level":"\u001b[32minfo\u001b[39m","message":"{\"method\":\"GET\",\"url\":\"/userprofile\",\"status\":\"304\",\"responseTime\":\"116.521\"}","timestamp":"2024-10-25T02:34:24.236Z"}
{"level":"\u001b[32minfo\u001b[39m","message":"{\"method\":\"GET\",\"url\":\"/userprofile\",\"status\":\"304\",\"responseTime\":\"435.123\"}","timestamp":"2024-10-25T02:34:25.916Z"}
{"level":"\u001b[32minfo\u001b[39m","message":"{\"method\":\"GET\",\"url\":\"/userprofile\",\"status\":\"304\",\"responseTime\":\"642.127\"}","timestamp":"2024-10-25T02:34:26.590Z"}
{"level":"\u001b[32minfo\u001b[39m","message":"{\"method\":\"GET\",\"url\":\"/userprofile\",\"status\":\"304\",\"responseTime\":\"90.253\"}","timestamp":"2024-10-25T02:34:31.901Z"}
{"level":"\u001b[32minfo\u001b[39m","message":"{\"method\":\"GET\",\"url\":\"/userprofile\",\"status\":\"304\",\"responseTime\":\"84.976\"}","timestamp":"2024-10-25T02:34:35.336Z"}
{"level":"\u001b[32minfo\u001b[39m","message":"{\"method\":\"GET\",\"url\":\"/users?name=n\",\"status\":\"200\",\"responseTime\":\"82.307\"}","timestamp":"2024-10-25T02:34:35.355Z"}
{"level":"\u001b[32minfo\u001b[39m","message":"{\"method\":\"GET\",\"url\":\"/users?name=a\",\"status\":\"200\",\"responseTime\":\"79.601\"}","timestamp":"2024-10-25T02:34:38.770Z"}
{"level":"\u001b[32minfo\u001b[39m","message":"{\"method\":\"GET\",\"url\":\"/userprofile\",\"status\":\"304\",\"responseTime\":\"81.463\"}","timestamp":"2024-10-25T02:34:41.810Z"}
{"level":"\u001b[32minfo\u001b[39m","message":"{\"method\":\"GET\",\"url\":\"/userprofile\",\"status\":\"304\",\"responseTime\":\"120.430\"}","timestamp":"2024-10-25T02:40:45.939Z"}
{"level":"\u001b[32minfo\u001b[39m","message":"{\"method\":\"GET\",\"url\":\"/userprofile\",\"status\":\"304\",\"responseTime\":\"113.320\"}","timestamp":"2024-10-25T02:40:46.109Z"}
{"level":"\u001b[32minfo\u001b[39m","message":"{\"method\":\"GET\",\"url\":\"/userprofile\",\"status\":\"304\",\"responseTime\":\"93.081\"}","timestamp":"2024-10-25T02:40:47.894Z"}
{"level":"\u001b[32minfo\u001b[39m","message":"{\"method\":\"GET\",\"url\":\"/userprofile\",\"status\":\"304\",\"responseTime\":\"127.831\"}","timestamp":"2024-10-25T02:41:27.938Z"}
{"level":"\u001b[32minfo\u001b[39m","message":"{\"method\":\"GET\",\"url\":\"/userprofile\",\"status\":\"304\",\"responseTime\":\"93.715\"}","timestamp":"2024-10-25T02:41:36.669Z"}
{"level":"\u001b[32minfo\u001b[39m","message":"{\"method\":\"GET\",\"url\":\"/userprofile\",\"status\":\"304\",\"responseTime\":\"95.556\"}","timestamp":"2024-10-25T02:41:36.784Z"}
{"level":"\u001b[32minfo\u001b[39m","message":"{\"method\":\"GET\",\"url\":\"/userprofile\",\"status\":\"304\",\"responseTime\":\"80.523\"}","timestamp":"2024-10-25T02:41:46.884Z"}
{"level":"\u001b[32minfo\u001b[39m","message":"{\"method\":\"GET\",\"url\":\"/userprofile\",\"status\":\"304\",\"responseTime\":\"80.111\"}","timestamp":"2024-10-25T02:42:26.678Z"}
{"level":"\u001b[32minfo\u001b[39m","message":"{\"method\":\"POST\",\"url\":\"/adminlogin\",\"status\":\"200\",\"responseTime\":\"147.013\"}","timestamp":"2024-10-25T02:43:22.090Z"}
{"level":"\u001b[32minfo\u001b[39m","message":"{\"method\":\"GET\",\"url\":\"/userlist\",\"status\":\"304\",\"responseTime\":\"65.845\"}","timestamp":"2024-10-25T02:43:22.228Z"}
{"level":"\u001b[32minfo\u001b[39m","message":"{\"method\":\"POST\",\"url\":\"/adminlogin\",\"status\":\"200\",\"responseTime\":\"135.616\"}","timestamp":"2024-10-25T02:45:01.613Z"}
{"level":"\u001b[32minfo\u001b[39m","message":"{\"method\":\"GET\",\"url\":\"/userlist\",\"status\":\"304\",\"responseTime\":\"78.793\"}","timestamp":"2024-10-25T02:45:01.789Z"}
{"level":"\u001b[32minfo\u001b[39m","message":"{\"method\":\"PUT\",\"url\":\"/userds/670522f7c164b4f6859290e4/status\",\"status\":\"200\",\"responseTime\":\"102.606\"}","timestamp":"2024-10-25T03:14:03.063Z"}
{"level":"\u001b[32minfo\u001b[39m","message":"{\"method\":\"GET\",\"url\":\"/userprofile\",\"status\":\"403\",\"responseTime\":\"90.802\"}","timestamp":"2024-10-25T03:15:46.965Z"}
{"level":"\u001b[32minfo\u001b[39m","message":"{\"method\":\"GET\",\"url\":\"/userprofile\",\"status\":\"403\",\"responseTime\":\"75.582\"}","timestamp":"2024-10-25T03:15:47.076Z"}
{"level":"\u001b[32minfo\u001b[39m","message":"{\"method\":\"PUT\",\"url\":\"/userds/670522f7c164b4f6859290e4/status\",\"status\":\"200\",\"responseTime\":\"48.532\"}","timestamp":"2024-10-25T03:15:52.780Z"}
{"level":"\u001b[32minfo\u001b[39m","message":"{\"method\":\"POST\",\"url\":\"/login\",\"status\":\"200\",\"responseTime\":\"161.946\"}","timestamp":"2024-10-25T03:15:59.538Z"}
{"level":"\u001b[32minfo\u001b[39m","message":"{\"method\":\"GET\",\"url\":\"/userprofile\",\"status\":\"200\",\"responseTime\":\"99.264\"}","timestamp":"2024-10-25T03:15:59.728Z"}
{"level":"\u001b[32minfo\u001b[39m","message":"{\"method\":\"GET\",\"url\":\"/userprofile\",\"status\":\"304\",\"responseTime\":\"117.640\"}","timestamp":"2024-10-25T03:16:05.532Z"}
{"level":"\u001b[32minfo\u001b[39m","message":"{\"method\":\"GET\",\"url\":\"/users?name=a\",\"status\":\"304\",\"responseTime\":\"159.237\"}","timestamp":"2024-10-25T03:16:05.597Z"}
{"level":"\u001b[32minfo\u001b[39m","message":"{\"method\":\"POST\",\"url\":\"/unsubscribe\",\"status\":\"200\",\"responseTime\":\"75.328\"}","timestamp":"2024-10-25T03:16:52.702Z"}
{"level":"\u001b[32minfo\u001b[39m","message":"{\"method\":\"POST\",\"url\":\"/subscribeee\",\"status\":\"200\",\"responseTime\":\"73.454\"}","timestamp":"2024-10-25T03:16:54.214Z"}
{"level":"\u001b[32minfo\u001b[39m","message":"{\"method\":\"POST\",\"url\":\"/unsubscribe\",\"status\":\"200\",\"responseTime\":\"74.850\"}","timestamp":"2024-10-25T03:16:56.747Z"}
