{"level":"\u001b[32minfo\u001b[39m","message":"{\"method\":\"GET\",\"url\":\"/check-email?email=ab\",\"status\":\"200\",\"responseTime\":\"104.438\"}","timestamp":"2024-10-18T05:13:40.123Z"}
{"level":"\u001b[32minfo\u001b[39m","message":"{\"method\":\"GET\",\"url\":\"/check-email?email=abhi\",\"status\":\"200\",\"responseTime\":\"38.838\"}","timestamp":"2024-10-18T05:13:40.994Z"}
{"level":"\u001b[32minfo\u001b[39m","message":"{\"method\":\"GET\",\"url\":\"/check-email?email=abhi@\",\"status\":\"200\",\"responseTime\":\"139.944\"}","timestamp":"2024-10-18T05:13:42.630Z"}
{"level":"\u001b[32minfo\u001b[39m","message":"{\"method\":\"GET\",\"url\":\"/check-email?email=abhi@gmail\",\"status\":\"200\",\"responseTime\":\"433.568\"}","timestamp":"2024-10-18T05:13:44.418Z"}
{"level":"\u001b[32minfo\u001b[39m","message":"{\"method\":\"GET\",\"url\":\"/check-email?email=abhi@gmailc\",\"status\":\"200\",\"responseTime\":\"469.722\"}","timestamp":"2024-10-18T05:13:44.756Z"}
{"level":"\u001b[32minfo\u001b[39m","message":"{\"method\":\"GET\",\"url\":\"/check-email?email=abhi@gmail\",\"status\":\"304\",\"responseTime\":\"329.310\"}","timestamp":"2024-10-18T05:13:45.392Z"}
{"level":"\u001b[32minfo\u001b[39m","message":"{\"method\":\"GET\",\"url\":\"/check-email?email=abhi@gmail.com\",\"status\":\"200\",\"responseTime\":\"60.055\"}","timestamp":"2024-10-18T05:13:46.301Z"}
{"level":"\u001b[32minfo\u001b[39m","message":"{\"method\":\"POST\",\"url\":\"/register\",\"status\":\"201\",\"responseTime\":\"679.219\"}","timestamp":"2024-10-18T05:14:49.885Z"}
{"level":"\u001b[32minfo\u001b[39m","message":"{\"method\":\"GET\",\"url\":\"/userprofile\",\"status\":\"404\",\"responseTime\":\"3.478\"}","timestamp":"2024-10-18T05:14:49.991Z"}
{"level":"\u001b[32minfo\u001b[39m","message":"{\"method\":\"GET\",\"url\":\"/userprofile\",\"status\":\"404\",\"responseTime\":\"3.940\"}","timestamp":"2024-10-18T05:14:55.737Z"}
{"level":"\u001b[32minfo\u001b[39m","message":"{\"method\":\"GET\",\"url\":\"/userprofile\",\"status\":\"404\",\"responseTime\":\"2.748\"}","timestamp":"2024-10-18T05:15:03.944Z"}
{"level":"\u001b[32minfo\u001b[39m","message":"{\"method\":\"GET\",\"url\":\"/check-email?email=abhi\",\"status\":\"304\",\"responseTime\":\"39.560\"}","timestamp":"2024-10-18T05:15:23.410Z"}
{"level":"\u001b[32minfo\u001b[39m","message":"{\"method\":\"GET\",\"url\":\"/check-email?email=abhi@\",\"status\":\"304\",\"responseTime\":\"50.761\"}","timestamp":"2024-10-18T05:15:24.617Z"}
{"level":"\u001b[32minfo\u001b[39m","message":"{\"method\":\"GET\",\"url\":\"/check-email?email=abhi@gmail.o\",\"status\":\"200\",\"responseTime\":\"28.432\"}","timestamp":"2024-10-18T05:15:26.083Z"}
{"level":"\u001b[32minfo\u001b[39m","message":"{\"method\":\"GET\",\"url\":\"/check-email?email=abhi@gmail.\",\"status\":\"200\",\"responseTime\":\"70.807\"}","timestamp":"2024-10-18T05:15:26.738Z"}
{"level":"\u001b[32minfo\u001b[39m","message":"{\"method\":\"GET\",\"url\":\"/check-email?email=abhi@gmail.c\",\"status\":\"200\",\"responseTime\":\"76.177\"}","timestamp":"2024-10-18T05:15:27.181Z"}
{"level":"\u001b[32minfo\u001b[39m","message":"{\"method\":\"GET\",\"url\":\"/check-email?email=abhi@gmail.com\",\"status\":\"200\",\"responseTime\":\"73.409\"}","timestamp":"2024-10-18T05:15:28.061Z"}
{"level":"\u001b[32minfo\u001b[39m","message":"{\"method\":\"POST\",\"url\":\"/login\",\"status\":\"404\",\"responseTime\":\"2.197\"}","timestamp":"2024-10-18T05:21:47.512Z"}
{"level":"\u001b[32minfo\u001b[39m","message":"{\"method\":\"POST\",\"url\":\"/login\",\"status\":\"404\",\"responseTime\":\"0.574\"}","timestamp":"2024-10-18T05:23:24.017Z"}
{"level":"\u001b[32minfo\u001b[39m","message":"{\"method\":\"POST\",\"url\":\"/login\",\"status\":\"404\",\"responseTime\":\"1.438\"}","timestamp":"2024-10-18T05:23:42.682Z"}
{"level":"\u001b[32minfo\u001b[39m","message":"{\"method\":\"POST\",\"url\":\"/login\",\"status\":\"200\",\"responseTime\":\"3256.181\"}","timestamp":"2024-10-18T05:25:16.662Z"}
{"level":"\u001b[32minfo\u001b[39m","message":"{\"method\":\"GET\",\"url\":\"/userprofile\",\"status\":\"404\",\"responseTime\":\"4.485\"}","timestamp":"2024-10-18T05:25:16.813Z"}
{"level":"\u001b[32minfo\u001b[39m","message":"{\"method\":\"GET\",\"url\":\"/userprofile\",\"status\":\"200\",\"responseTime\":\"3260.284\"}","timestamp":"2024-10-18T05:26:12.812Z"}
{"level":"\u001b[32minfo\u001b[39m","message":"{\"method\":\"GET\",\"url\":\"/userprofile\",\"status\":\"304\",\"responseTime\":\"690.091\"}","timestamp":"2024-10-18T05:26:20.232Z"}
{"level":"\u001b[32minfo\u001b[39m","message":"{\"method\":\"GET\",\"url\":\"/userprofile\",\"status\":\"304\",\"responseTime\":\"428.638\"}","timestamp":"2024-10-18T05:33:26.318Z"}
{"level":"\u001b[32minfo\u001b[39m","message":"{\"method\":\"GET\",\"url\":\"/userprofile\",\"status\":\"304\",\"responseTime\":\"349.406\"}","timestamp":"2024-10-18T05:33:26.689Z"}
{"level":"\u001b[32minfo\u001b[39m","message":"{\"method\":\"POST\",\"url\":\"/update\",\"status\":\"200\",\"responseTime\":\"301.371\"}","timestamp":"2024-10-18T05:33:33.665Z"}
{"level":"\u001b[32minfo\u001b[39m","message":"{\"method\":\"GET\",\"url\":\"/userprofile\",\"status\":\"401\",\"responseTime\":\"10079.957\"}","timestamp":"2024-10-18T05:53:48.960Z"}
{"level":"\u001b[32minfo\u001b[39m","message":"{\"method\":\"GET\",\"url\":\"/userprofile\",\"status\":\"401\",\"responseTime\":\"10017.313\"}","timestamp":"2024-10-18T05:53:58.991Z"}
{"level":"\u001b[32minfo\u001b[39m","message":"{\"method\":\"GET\",\"url\":\"/userprofile\",\"status\":\"401\",\"responseTime\":\"10021.633\"}","timestamp":"2024-10-18T05:54:09.045Z"}
{"level":"\u001b[32minfo\u001b[39m","message":"{\"method\":\"GET\",\"url\":\"/userprofile\",\"status\":\"401\",\"responseTime\":\"10029.146\"}","timestamp":"2024-10-18T05:54:29.586Z"}
{"level":"\u001b[32minfo\u001b[39m","message":"{\"method\":\"GET\",\"url\":\"/userprofile\",\"status\":\"401\",\"responseTime\":\"10009.476\"}","timestamp":"2024-10-18T05:54:39.604Z"}
{"level":"\u001b[32minfo\u001b[39m","message":"{\"method\":\"POST\",\"url\":\"/login\",\"status\":\"401\",\"responseTime\":\"10005.078\"}","timestamp":"2024-10-18T05:54:40.201Z"}
{"level":"\u001b[32minfo\u001b[39m","message":"{\"method\":\"POST\",\"url\":\"/login\",\"status\":\"401\",\"responseTime\":\"10020.461\"}","timestamp":"2024-10-18T05:54:46.677Z"}
{"level":"\u001b[32minfo\u001b[39m","message":"{\"method\":\"POST\",\"url\":\"/login\",\"status\":\"401\",\"responseTime\":\"10014.307\"}","timestamp":"2024-10-18T05:55:31.891Z"}
{"level":"\u001b[32minfo\u001b[39m","message":"{\"method\":\"POST\",\"url\":\"/login\",\"status\":\"401\",\"responseTime\":\"10010.959\"}","timestamp":"2024-10-18T05:56:03.398Z"}
{"level":"\u001b[32minfo\u001b[39m","message":"{\"method\":\"POST\",\"url\":\"/login\",\"status\":\"401\",\"responseTime\":\"10008.028\"}","timestamp":"2024-10-18T05:56:08.439Z"}
{"level":"\u001b[32minfo\u001b[39m","message":"{\"method\":\"POST\",\"url\":\"/login\",\"status\":\"401\",\"responseTime\":\"10005.974\"}","timestamp":"2024-10-18T06:11:58.891Z"}
{"level":"\u001b[32minfo\u001b[39m","message":"{\"method\":\"POST\",\"url\":\"/login\",\"status\":\"401\",\"responseTime\":\"10012.964\"}","timestamp":"2024-10-18T06:12:09.107Z"}
{"level":"\u001b[32minfo\u001b[39m","message":"{\"method\":\"POST\",\"url\":\"/login\",\"status\":\"401\",\"responseTime\":\"173.304\"}","timestamp":"2024-10-18T06:18:37.866Z"}
{"level":"\u001b[32minfo\u001b[39m","message":"{\"method\":\"POST\",\"url\":\"/login\",\"status\":\"200\",\"responseTime\":\"173.998\"}","timestamp":"2024-10-18T06:18:58.597Z"}
{"level":"\u001b[32minfo\u001b[39m","message":"{\"method\":\"GET\",\"url\":\"/userprofile\",\"status\":\"200\",\"responseTime\":\"272.072\"}","timestamp":"2024-10-18T06:18:59.017Z"}
{"level":"\u001b[32minfo\u001b[39m","message":"{\"method\":\"POST\",\"url\":\"/login\",\"status\":\"200\",\"responseTime\":\"186.457\"}","timestamp":"2024-10-18T06:19:16.408Z"}
{"level":"\u001b[32minfo\u001b[39m","message":"{\"method\":\"GET\",\"url\":\"/userprofile\",\"status\":\"304\",\"responseTime\":\"183.103\"}","timestamp":"2024-10-18T06:19:16.694Z"}
{"level":"\u001b[32minfo\u001b[39m","message":"{\"method\":\"GET\",\"url\":\"/userprofile\",\"status\":\"304\",\"responseTime\":\"720.229\"}","timestamp":"2024-10-18T06:19:25.267Z"}
{"level":"\u001b[32minfo\u001b[39m","message":"{\"method\":\"GET\",\"url\":\"/userprofile\",\"status\":\"304\",\"responseTime\":\"435.105\"}","timestamp":"2024-10-18T06:19:26.971Z"}
{"level":"\u001b[32minfo\u001b[39m","message":"{\"method\":\"GET\",\"url\":\"/userprofile\",\"status\":\"304\",\"responseTime\":\"1200.570\"}","timestamp":"2024-10-18T06:19:28.326Z"}
{"level":"\u001b[32minfo\u001b[39m","message":"{\"method\":\"GET\",\"url\":\"/userprofile\",\"status\":\"200\",\"responseTime\":\"360.963\"}","timestamp":"2024-10-18T06:20:48.285Z"}
{"level":"\u001b[32minfo\u001b[39m","message":"{\"method\":\"GET\",\"url\":\"/userprofile\",\"status\":\"304\",\"responseTime\":\"352.298\"}","timestamp":"2024-10-18T06:20:48.704Z"}
{"level":"\u001b[32minfo\u001b[39m","message":"{\"method\":\"POST\",\"url\":\"/uploadProfilePicture\",\"status\":\"-\",\"responseTime\":\"-\"}","timestamp":"2024-10-18T06:31:47.416Z"}
{"level":"\u001b[32minfo\u001b[39m","message":"{\"method\":\"GET\",\"url\":\"/userprofile\",\"status\":\"304\",\"responseTime\":\"551.318\"}","timestamp":"2024-10-18T06:31:48.749Z"}
{"level":"\u001b[32minfo\u001b[39m","message":"{\"method\":\"GET\",\"url\":\"/userprofile\",\"status\":\"304\",\"responseTime\":\"592.174\"}","timestamp":"2024-10-18T06:31:49.408Z"}
{"level":"\u001b[32minfo\u001b[39m","message":"{\"method\":\"POST\",\"url\":\"/uploadProfilePicture\",\"status\":\"-\",\"responseTime\":\"-\"}","timestamp":"2024-10-18T06:31:57.891Z"}
{"level":"\u001b[32minfo\u001b[39m","message":"{\"method\":\"GET\",\"url\":\"/userprofile\",\"status\":\"304\",\"responseTime\":\"306.628\"}","timestamp":"2024-10-18T06:31:58.865Z"}
{"level":"\u001b[32minfo\u001b[39m","message":"{\"method\":\"GET\",\"url\":\"/userprofile\",\"status\":\"304\",\"responseTime\":\"110.616\"}","timestamp":"2024-10-18T06:31:59.038Z"}
{"level":"\u001b[32minfo\u001b[39m","message":"{\"method\":\"POST\",\"url\":\"/update\",\"status\":\"200\",\"responseTime\":\"122.025\"}","timestamp":"2024-10-18T06:32:29.639Z"}
{"level":"\u001b[32minfo\u001b[39m","message":"{\"method\":\"GET\",\"url\":\"/userprofile\",\"status\":\"200\",\"responseTime\":\"442.010\"}","timestamp":"2024-10-18T06:36:05.120Z"}
{"level":"\u001b[32minfo\u001b[39m","message":"{\"method\":\"GET\",\"url\":\"/userprofile\",\"status\":\"304\",\"responseTime\":\"78.355\"}","timestamp":"2024-10-18T06:36:05.294Z"}
{"level":"\u001b[32minfo\u001b[39m","message":"{\"method\":\"GET\",\"url\":\"/userprofile\",\"status\":\"304\",\"responseTime\":\"187.379\"}","timestamp":"2024-10-18T06:37:05.706Z"}
{"level":"\u001b[32minfo\u001b[39m","message":"{\"method\":\"GET\",\"url\":\"/userprofile\",\"status\":\"304\",\"responseTime\":\"194.532\"}","timestamp":"2024-10-18T06:37:05.940Z"}
{"level":"\u001b[32minfo\u001b[39m","message":"{\"method\":\"GET\",\"url\":\"/userprofile\",\"status\":\"304\",\"responseTime\":\"3491.778\"}","timestamp":"2024-10-18T06:57:04.766Z"}
{"level":"\u001b[32minfo\u001b[39m","message":"{\"method\":\"GET\",\"url\":\"/userprofile\",\"status\":\"304\",\"responseTime\":\"180.923\"}","timestamp":"2024-10-18T06:57:04.961Z"}
{"level":"\u001b[32minfo\u001b[39m","message":"{\"method\":\"POST\",\"url\":\"/uploadProfilePicture\",\"status\":\"-\",\"responseTime\":\"-\"}","timestamp":"2024-10-18T06:57:33.872Z"}
{"level":"\u001b[32minfo\u001b[39m","message":"{\"method\":\"GET\",\"url\":\"/userprofile\",\"status\":\"304\",\"responseTime\":\"267.653\"}","timestamp":"2024-10-18T06:57:34.766Z"}
{"level":"\u001b[32minfo\u001b[39m","message":"{\"method\":\"GET\",\"url\":\"/userprofile\",\"status\":\"304\",\"responseTime\":\"282.338\"}","timestamp":"2024-10-18T06:57:35.107Z"}
{"level":"\u001b[32minfo\u001b[39m","message":"{\"method\":\"POST\",\"url\":\"/uploadProfilePicture\",\"status\":\"200\",\"responseTime\":\"3061.075\"}","timestamp":"2024-10-18T06:57:46.396Z"}
{"level":"\u001b[32minfo\u001b[39m","message":"{\"method\":\"GET\",\"url\":\"/userprofile\",\"status\":\"200\",\"responseTime\":\"680.811\"}","timestamp":"2024-10-18T06:57:49.398Z"}
{"level":"\u001b[32minfo\u001b[39m","message":"{\"method\":\"GET\",\"url\":\"/userprofile\",\"status\":\"304\",\"responseTime\":\"930.454\"}","timestamp":"2024-10-18T06:57:50.374Z"}
{"level":"\u001b[32minfo\u001b[39m","message":"{\"method\":\"POST\",\"url\":\"/uploadProfilePicture\",\"status\":\"200\",\"responseTime\":\"3321.064\"}","timestamp":"2024-10-18T06:58:03.241Z"}
{"level":"\u001b[32minfo\u001b[39m","message":"{\"method\":\"GET\",\"url\":\"/userprofile\",\"status\":\"200\",\"responseTime\":\"235.147\"}","timestamp":"2024-10-18T06:59:37.475Z"}
{"level":"\u001b[32minfo\u001b[39m","message":"{\"method\":\"GET\",\"url\":\"/userprofile\",\"status\":\"304\",\"responseTime\":\"190.040\"}","timestamp":"2024-10-18T06:59:37.698Z"}
{"level":"\u001b[32minfo\u001b[39m","message":"{\"method\":\"GET\",\"url\":\"/userprofile\",\"status\":\"304\",\"responseTime\":\"101.845\"}","timestamp":"2024-10-18T06:59:44.815Z"}
{"level":"\u001b[32minfo\u001b[39m","message":"{\"method\":\"GET\",\"url\":\"/userprofile\",\"status\":\"304\",\"responseTime\":\"193.465\"}","timestamp":"2024-10-18T06:59:45.063Z"}
{"level":"\u001b[32minfo\u001b[39m","message":"{\"method\":\"POST\",\"url\":\"/uploadProfilePicture\",\"status\":\"200\",\"responseTime\":\"2465.527\"}","timestamp":"2024-10-18T06:59:54.123Z"}
{"level":"\u001b[32minfo\u001b[39m","message":"{\"method\":\"GET\",\"url\":\"/userprofile\",\"status\":\"200\",\"responseTime\":\"261.967\"}","timestamp":"2024-10-18T06:59:58.674Z"}
{"level":"\u001b[32minfo\u001b[39m","message":"{\"method\":\"GET\",\"url\":\"/userprofile\",\"status\":\"304\",\"responseTime\":\"130.998\"}","timestamp":"2024-10-18T06:59:58.923Z"}
{"level":"\u001b[32minfo\u001b[39m","message":"{\"method\":\"POST\",\"url\":\"/update\",\"status\":\"200\",\"responseTime\":\"153.786\"}","timestamp":"2024-10-18T07:18:52.116Z"}
{"level":"\u001b[32minfo\u001b[39m","message":"{\"method\":\"POST\",\"url\":\"/adminlogin\",\"status\":\"200\",\"responseTime\":\"342.744\"}","timestamp":"2024-10-18T08:52:15.203Z"}
{"level":"\u001b[32minfo\u001b[39m","message":"{\"method\":\"GET\",\"url\":\"/userlist\",\"status\":\"404\",\"responseTime\":\"5.483\"}","timestamp":"2024-10-18T08:52:15.335Z"}
{"level":"\u001b[32minfo\u001b[39m","message":"{\"method\":\"GET\",\"url\":\"/userlist\",\"status\":\"404\",\"responseTime\":\"2.019\"}","timestamp":"2024-10-18T08:52:18.006Z"}
{"level":"\u001b[32minfo\u001b[39m","message":"{\"method\":\"GET\",\"url\":\"/userlist\",\"status\":\"404\",\"responseTime\":\"1.380\"}","timestamp":"2024-10-18T08:52:19.927Z"}
{"level":"\u001b[32minfo\u001b[39m","message":"{\"method\":\"GET\",\"url\":\"/userlist\",\"status\":\"404\",\"responseTime\":\"29.475\"}","timestamp":"2024-10-18T09:05:57.827Z"}
{"level":"\u001b[32minfo\u001b[39m","message":"{\"method\":\"GET\",\"url\":\"/userlist\",\"status\":\"404\",\"responseTime\":\"1.452\"}","timestamp":"2024-10-18T09:06:00.206Z"}
{"level":"\u001b[32minfo\u001b[39m","message":"{\"method\":\"POST\",\"url\":\"/adminlogin\",\"status\":\"200\",\"responseTime\":\"288.766\"}","timestamp":"2024-10-18T09:07:20.265Z"}
{"level":"\u001b[32minfo\u001b[39m","message":"{\"method\":\"GET\",\"url\":\"/userlist\",\"status\":\"404\",\"responseTime\":\"0.892\"}","timestamp":"2024-10-18T09:07:20.417Z"}
{"level":"\u001b[32minfo\u001b[39m","message":"{\"method\":\"POST\",\"url\":\"/adminlogin\",\"status\":\"200\",\"responseTime\":\"180.185\"}","timestamp":"2024-10-18T09:58:07.263Z"}
{"level":"\u001b[32minfo\u001b[39m","message":"{\"method\":\"GET\",\"url\":\"/userlist\",\"status\":\"404\",\"responseTime\":\"4.207\"}","timestamp":"2024-10-18T09:58:07.376Z"}
{"level":"\u001b[32minfo\u001b[39m","message":"{\"method\":\"GET\",\"url\":\"/userlist\",\"status\":\"404\",\"responseTime\":\"1.753\"}","timestamp":"2024-10-18T09:58:23.963Z"}
{"level":"\u001b[32minfo\u001b[39m","message":"{\"method\":\"GET\",\"url\":\"/userlist\",\"status\":\"404\",\"responseTime\":\"0.678\"}","timestamp":"2024-10-18T09:58:27.171Z"}
{"level":"\u001b[32minfo\u001b[39m","message":"{\"method\":\"GET\",\"url\":\"/userlist\",\"status\":\"404\",\"responseTime\":\"3.233\"}","timestamp":"2024-10-18T09:58:29.778Z"}
{"level":"\u001b[32minfo\u001b[39m","message":"{\"method\":\"POST\",\"url\":\"/login\",\"status\":\"200\",\"responseTime\":\"163.645\"}","timestamp":"2024-10-18T09:58:45.177Z"}
{"level":"\u001b[32minfo\u001b[39m","message":"{\"method\":\"GET\",\"url\":\"/userprofile\",\"status\":\"200\",\"responseTime\":\"151.990\"}","timestamp":"2024-10-18T09:58:45.455Z"}
{"level":"\u001b[32minfo\u001b[39m","message":"{\"method\":\"GET\",\"url\":\"/userprofile\",\"status\":\"304\",\"responseTime\":\"198.052\"}","timestamp":"2024-10-18T09:58:55.324Z"}
{"level":"\u001b[32minfo\u001b[39m","message":"{\"method\":\"POST\",\"url\":\"/update\",\"status\":\"200\",\"responseTime\":\"121.458\"}","timestamp":"2024-10-18T09:59:01.408Z"}
{"level":"\u001b[32minfo\u001b[39m","message":"{\"method\":\"POST\",\"url\":\"/adminlogin\",\"status\":\"200\",\"responseTime\":\"189.987\"}","timestamp":"2024-10-18T10:13:20.377Z"}
{"level":"\u001b[32minfo\u001b[39m","message":"{\"method\":\"GET\",\"url\":\"/userlist\",\"status\":\"404\",\"responseTime\":\"4.412\"}","timestamp":"2024-10-18T10:13:20.498Z"}
{"level":"\u001b[32minfo\u001b[39m","message":"{\"method\":\"GET\",\"url\":\"/userlist\",\"status\":\"404\",\"responseTime\":\"1.451\"}","timestamp":"2024-10-18T10:13:23.116Z"}
{"level":"\u001b[32minfo\u001b[39m","message":"{\"method\":\"GET\",\"url\":\"/userlist\",\"status\":\"404\",\"responseTime\":\"1.428\"}","timestamp":"2024-10-18T10:17:51.847Z"}
{"level":"\u001b[32minfo\u001b[39m","message":"{\"method\":\"GET\",\"url\":\"/userlist\",\"status\":\"404\",\"responseTime\":\"1.040\"}","timestamp":"2024-10-18T10:17:52.271Z"}
{"level":"\u001b[32minfo\u001b[39m","message":"{\"method\":\"GET\",\"url\":\"/userlist\",\"status\":\"404\",\"responseTime\":\"0.818\"}","timestamp":"2024-10-18T10:17:54.268Z"}
{"level":"\u001b[32minfo\u001b[39m","message":"{\"method\":\"GET\",\"url\":\"/userlist\",\"status\":\"200\",\"responseTime\":\"156.930\"}","timestamp":"2024-10-18T10:21:02.429Z"}
