{"level":"\u001b[32minfo\u001b[39m","message":"{\"method\":\"POST\",\"url\":\"/refresh-token\",\"status\":\"500\",\"responseTime\":\"871.710\"}","timestamp":"2024-11-08T07:35:08.918Z"}
{"level":"\u001b[32minfo\u001b[39m","message":"{\"method\":\"GET\",\"url\":\"/userprofile\",\"status\":\"401\",\"responseTime\":\"11.683\"}","timestamp":"2024-11-08T07:35:08.988Z"}
{"level":"\u001b[32minfo\u001b[39m","message":"{\"method\":\"POST\",\"url\":\"/refresh-token\",\"status\":\"500\",\"responseTime\":\"17.483\"}","timestamp":"2024-11-08T07:35:09.067Z"}
{"level":"\u001b[32minfo\u001b[39m","message":"{\"method\":\"POST\",\"url\":\"/login\",\"status\":\"200\",\"responseTime\":\"531.244\"}","timestamp":"2024-11-08T07:35:30.705Z"}
{"level":"\u001b[32minfo\u001b[39m","message":"{\"method\":\"GET\",\"url\":\"/userprofile\",\"status\":\"304\",\"responseTime\":\"190.045\"}","timestamp":"2024-11-08T07:35:31.013Z"}
{"level":"\u001b[32minfo\u001b[39m","message":"{\"method\":\"GET\",\"url\":\"/userprofile\",\"status\":\"304\",\"responseTime\":\"135.597\"}","timestamp":"2024-11-08T07:35:36.704Z"}
{"level":"\u001b[32minfo\u001b[39m","message":"{\"method\":\"POST\",\"url\":\"/refresh-token\",\"status\":\"200\",\"responseTime\":\"64.958\"}","timestamp":"2024-11-08T07:36:47.798Z"}
{"level":"\u001b[32minfo\u001b[39m","message":"{\"method\":\"GET\",\"url\":\"/userprofile\",\"status\":\"401\",\"responseTime\":\"3.002\"}","timestamp":"2024-11-08T07:36:47.842Z"}
{"level":"\u001b[32minfo\u001b[39m","message":"{\"method\":\"GET\",\"url\":\"/userprofile\",\"status\":\"304\",\"responseTime\":\"122.788\"}","timestamp":"2024-11-08T07:36:51.532Z"}
{"level":"\u001b[32minfo\u001b[39m","message":"{\"method\":\"GET\",\"url\":\"/userprofile\",\"status\":\"304\",\"responseTime\":\"127.181\"}","timestamp":"2024-11-08T07:36:54.006Z"}
{"level":"\u001b[32minfo\u001b[39m","message":"{\"method\":\"POST\",\"url\":\"/refresh-token\",\"status\":\"200\",\"responseTime\":\"82.091\"}","timestamp":"2024-11-08T07:41:01.653Z"}
{"level":"\u001b[32minfo\u001b[39m","message":"{\"method\":\"GET\",\"url\":\"/userprofile\",\"status\":\"401\",\"responseTime\":\"7.900\"}","timestamp":"2024-11-08T07:41:01.780Z"}
{"level":"\u001b[32minfo\u001b[39m","message":"{\"method\":\"GET\",\"url\":\"/userprofile\",\"status\":\"304\",\"responseTime\":\"147.435\"}","timestamp":"2024-11-08T07:41:03.493Z"}
{"level":"\u001b[32minfo\u001b[39m","message":"{\"method\":\"GET\",\"url\":\"/userprofile\",\"status\":\"304\",\"responseTime\":\"148.056\"}","timestamp":"2024-11-08T07:41:05.817Z"}
{"level":"\u001b[32minfo\u001b[39m","message":"{\"method\":\"GET\",\"url\":\"/userprofile\",\"status\":\"304\",\"responseTime\":\"1328.033\"}","timestamp":"2024-11-08T07:41:26.293Z"}
{"level":"\u001b[32minfo\u001b[39m","message":"{\"method\":\"GET\",\"url\":\"/userprofile\",\"status\":\"304\",\"responseTime\":\"158.124\"}","timestamp":"2024-11-08T07:41:39.061Z"}
{"level":"\u001b[32minfo\u001b[39m","message":"{\"method\":\"GET\",\"url\":\"/userprofile\",\"status\":\"401\",\"responseTime\":\"2.915\"}","timestamp":"2024-11-08T07:42:44.137Z"}
{"level":"\u001b[32minfo\u001b[39m","message":"{\"method\":\"POST\",\"url\":\"/refresh-token\",\"status\":\"200\",\"responseTime\":\"247.826\"}","timestamp":"2024-11-08T07:42:44.317Z"}
{"level":"\u001b[32minfo\u001b[39m","message":"{\"method\":\"POST\",\"url\":\"/refresh-token\",\"status\":\"200\",\"responseTime\":\"134.273\"}","timestamp":"2024-11-08T07:42:44.490Z"}
{"level":"\u001b[32minfo\u001b[39m","message":"{\"method\":\"POST\",\"url\":\"/refresh-token\",\"status\":\"200\",\"responseTime\":\"1005.125\"}","timestamp":"2024-11-08T07:44:33.336Z"}
{"level":"\u001b[32minfo\u001b[39m","message":"{\"method\":\"POST\",\"url\":\"/refresh-token\",\"status\":\"500\",\"responseTime\":\"32.622\"}","timestamp":"2024-11-08T07:46:14.233Z"}
{"level":"\u001b[32minfo\u001b[39m","message":"{\"method\":\"POST\",\"url\":\"/login\",\"status\":\"200\",\"responseTime\":\"199.834\"}","timestamp":"2024-11-08T07:47:35.134Z"}
{"level":"\u001b[32minfo\u001b[39m","message":"{\"method\":\"GET\",\"url\":\"/userprofile\",\"status\":\"304\",\"responseTime\":\"134.969\"}","timestamp":"2024-11-08T07:47:35.374Z"}
{"level":"\u001b[32minfo\u001b[39m","message":"{\"method\":\"GET\",\"url\":\"/userprofile\",\"status\":\"304\",\"responseTime\":\"146.074\"}","timestamp":"2024-11-08T07:47:46.635Z"}
{"level":"\u001b[32minfo\u001b[39m","message":"{\"method\":\"GET\",\"url\":\"/userprofile\",\"status\":\"401\",\"responseTime\":\"6.313\"}","timestamp":"2024-11-08T07:48:41.312Z"}
{"level":"\u001b[32minfo\u001b[39m","message":"{\"method\":\"POST\",\"url\":\"/refresh-token\",\"status\":\"200\",\"responseTime\":\"161.178\"}","timestamp":"2024-11-08T07:48:41.344Z"}
{"level":"\u001b[32minfo\u001b[39m","message":"{\"method\":\"POST\",\"url\":\"/refresh-token\",\"status\":\"200\",\"responseTime\":\"70.608\"}","timestamp":"2024-11-08T07:48:41.592Z"}
{"level":"\u001b[32minfo\u001b[39m","message":"{\"method\":\"GET\",\"url\":\"/userprofile\",\"status\":\"304\",\"responseTime\":\"149.722\"}","timestamp":"2024-11-08T07:48:43.147Z"}
{"level":"\u001b[32minfo\u001b[39m","message":"{\"method\":\"GET\",\"url\":\"/userprofile\",\"status\":\"401\",\"responseTime\":\"24.676\"}","timestamp":"2024-11-08T07:50:23.351Z"}
{"level":"\u001b[32minfo\u001b[39m","message":"{\"method\":\"POST\",\"url\":\"/refresh-token\",\"status\":\"200\",\"responseTime\":\"1733.392\"}","timestamp":"2024-11-08T07:50:23.908Z"}
{"level":"\u001b[32minfo\u001b[39m","message":"{\"method\":\"POST\",\"url\":\"/refresh-token\",\"status\":\"200\",\"responseTime\":\"392.419\"}","timestamp":"2024-11-08T07:50:24.042Z"}
{"level":"\u001b[32minfo\u001b[39m","message":"{\"method\":\"GET\",\"url\":\"/userprofile\",\"status\":\"304\",\"responseTime\":\"148.674\"}","timestamp":"2024-11-08T07:50:26.195Z"}
{"level":"\u001b[32minfo\u001b[39m","message":"{\"method\":\"GET\",\"url\":\"/userprofile\",\"status\":\"304\",\"responseTime\":\"134.288\"}","timestamp":"2024-11-08T07:50:27.961Z"}
{"level":"\u001b[32minfo\u001b[39m","message":"{\"method\":\"POST\",\"url\":\"/refresh-token\",\"status\":\"200\",\"responseTime\":\"78.619\"}","timestamp":"2024-11-08T07:51:39.007Z"}
{"level":"\u001b[32minfo\u001b[39m","message":"{\"method\":\"GET\",\"url\":\"/userprofile\",\"status\":\"401\",\"responseTime\":\"35.767\"}","timestamp":"2024-11-08T07:51:39.092Z"}
{"level":"\u001b[32minfo\u001b[39m","message":"{\"method\":\"GET\",\"url\":\"/userprofile\",\"status\":\"304\",\"responseTime\":\"129.942\"}","timestamp":"2024-11-08T07:51:40.695Z"}
{"level":"\u001b[32minfo\u001b[39m","message":"{\"method\":\"GET\",\"url\":\"/userprofile\",\"status\":\"304\",\"responseTime\":\"117.209\"}","timestamp":"2024-11-08T07:52:13.602Z"}
{"level":"\u001b[32minfo\u001b[39m","message":"{\"method\":\"GET\",\"url\":\"/userprofile\",\"status\":\"304\",\"responseTime\":\"206.470\"}","timestamp":"2024-11-08T07:52:37.283Z"}
{"level":"\u001b[32minfo\u001b[39m","message":"{\"method\":\"POST\",\"url\":\"/refresh-token\",\"status\":\"200\",\"responseTime\":\"55.640\"}","timestamp":"2024-11-08T07:52:39.701Z"}
{"level":"\u001b[32minfo\u001b[39m","message":"{\"method\":\"GET\",\"url\":\"/userprofile\",\"status\":\"401\",\"responseTime\":\"5.615\"}","timestamp":"2024-11-08T07:52:39.763Z"}
{"level":"\u001b[32minfo\u001b[39m","message":"{\"method\":\"GET\",\"url\":\"/userprofile\",\"status\":\"304\",\"responseTime\":\"130.168\"}","timestamp":"2024-11-08T07:52:41.627Z"}
{"level":"\u001b[32minfo\u001b[39m","message":"{\"method\":\"GET\",\"url\":\"/userprofile\",\"status\":\"304\",\"responseTime\":\"194.958\"}","timestamp":"2024-11-08T07:52:44.991Z"}
{"level":"\u001b[32minfo\u001b[39m","message":"{\"method\":\"GET\",\"url\":\"/userprofile\",\"status\":\"401\",\"responseTime\":\"3.504\"}","timestamp":"2024-11-08T07:54:30.490Z"}
{"level":"\u001b[32minfo\u001b[39m","message":"{\"method\":\"POST\",\"url\":\"/refresh-token\",\"status\":\"200\",\"responseTime\":\"1711.700\"}","timestamp":"2024-11-08T07:54:31.951Z"}
{"level":"\u001b[32minfo\u001b[39m","message":"{\"method\":\"POST\",\"url\":\"/refresh-token\",\"status\":\"200\",\"responseTime\":\"1758.526\"}","timestamp":"2024-11-08T07:54:32.289Z"}
{"level":"\u001b[32minfo\u001b[39m","message":"{\"method\":\"POST\",\"url\":\"/refresh-token\",\"status\":\"200\",\"responseTime\":\"423.547\"}","timestamp":"2024-11-08T07:56:51.112Z"}
{"level":"\u001b[32minfo\u001b[39m","message":"{\"method\":\"POST\",\"url\":\"/refresh-token\",\"status\":\"500\",\"responseTime\":\"6.854\"}","timestamp":"2024-11-08T07:58:48.854Z"}
{"level":"\u001b[32minfo\u001b[39m","message":"{\"method\":\"POST\",\"url\":\"/login\",\"status\":\"200\",\"responseTime\":\"221.493\"}","timestamp":"2024-11-08T07:59:52.880Z"}
{"level":"\u001b[32minfo\u001b[39m","message":"{\"method\":\"GET\",\"url\":\"/userprofile\",\"status\":\"304\",\"responseTime\":\"151.548\"}","timestamp":"2024-11-08T07:59:53.105Z"}
{"level":"\u001b[32minfo\u001b[39m","message":"{\"method\":\"GET\",\"url\":\"/userprofile\",\"status\":\"304\",\"responseTime\":\"451.031\"}","timestamp":"2024-11-08T08:00:05.613Z"}
{"level":"\u001b[32minfo\u001b[39m","message":"{\"method\":\"POST\",\"url\":\"/login\",\"status\":\"200\",\"responseTime\":\"965.099\"}","timestamp":"2024-11-08T09:11:14.554Z"}
{"level":"\u001b[32minfo\u001b[39m","message":"{\"method\":\"POST\",\"url\":\"/login\",\"status\":\"200\",\"responseTime\":\"3364.593\"}","timestamp":"2024-11-08T09:11:14.964Z"}
{"level":"\u001b[32minfo\u001b[39m","message":"{\"method\":\"GET\",\"url\":\"/userprofile\",\"status\":\"304\",\"responseTime\":\"432.764\"}","timestamp":"2024-11-08T09:11:15.238Z"}
{"level":"\u001b[32minfo\u001b[39m","message":"{\"method\":\"GET\",\"url\":\"/userprofile\",\"status\":\"304\",\"responseTime\":\"470.588\"}","timestamp":"2024-11-08T09:11:21.941Z"}
{"level":"\u001b[32minfo\u001b[39m","message":"{\"method\":\"GET\",\"url\":\"/userprofile\",\"status\":\"304\",\"responseTime\":\"224.345\"}","timestamp":"2024-11-08T09:11:46.893Z"}
{"level":"\u001b[32minfo\u001b[39m","message":"{\"method\":\"GET\",\"url\":\"/userprofile\",\"status\":\"304\",\"responseTime\":\"689.662\"}","timestamp":"2024-11-08T09:11:52.620Z"}
{"level":"\u001b[32minfo\u001b[39m","message":"{\"method\":\"GET\",\"url\":\"/userprofile\",\"status\":\"401\",\"responseTime\":\"18.954\"}","timestamp":"2024-11-08T09:12:51.332Z"}
{"level":"\u001b[32minfo\u001b[39m","message":"{\"method\":\"POST\",\"url\":\"/refresh-token\",\"status\":\"200\",\"responseTime\":\"757.179\"}","timestamp":"2024-11-08T09:12:51.786Z"}
{"level":"\u001b[32minfo\u001b[39m","message":"{\"method\":\"POST\",\"url\":\"/refresh-token\",\"status\":\"200\",\"responseTime\":\"494.765\"}","timestamp":"2024-11-08T09:12:51.928Z"}
{"level":"\u001b[32minfo\u001b[39m","message":"{\"method\":\"GET\",\"url\":\"/userprofile\",\"status\":\"304\",\"responseTime\":\"569.813\"}","timestamp":"2024-11-08T09:12:57.915Z"}
{"level":"\u001b[32minfo\u001b[39m","message":"{\"method\":\"GET\",\"url\":\"/userprofile\",\"status\":\"304\",\"responseTime\":\"879.173\"}","timestamp":"2024-11-08T09:13:00.658Z"}
{"level":"\u001b[32minfo\u001b[39m","message":"{\"method\":\"GET\",\"url\":\"/userprofile\",\"status\":\"401\",\"responseTime\":\"3.244\"}","timestamp":"2024-11-08T09:14:21.710Z"}
{"level":"\u001b[32minfo\u001b[39m","message":"{\"method\":\"POST\",\"url\":\"/refresh-token\",\"status\":\"200\",\"responseTime\":\"1155.060\"}","timestamp":"2024-11-08T09:14:22.643Z"}
{"level":"\u001b[32minfo\u001b[39m","message":"{\"method\":\"POST\",\"url\":\"/refresh-token\",\"status\":\"200\",\"responseTime\":\"804.372\"}","timestamp":"2024-11-08T09:14:22.648Z"}
{"level":"\u001b[32minfo\u001b[39m","message":"{\"method\":\"GET\",\"url\":\"/userprofile\",\"status\":\"304\",\"responseTime\":\"1897.407\"}","timestamp":"2024-11-08T09:14:25.431Z"}
{"level":"\u001b[32minfo\u001b[39m","message":"{\"method\":\"GET\",\"url\":\"/userprofile\",\"status\":\"304\",\"responseTime\":\"685.509\"}","timestamp":"2024-11-08T09:14:32.176Z"}
{"level":"\u001b[32minfo\u001b[39m","message":"{\"method\":\"GET\",\"url\":\"/userprofile\",\"status\":\"304\",\"responseTime\":\"1172.606\"}","timestamp":"2024-11-08T09:14:34.851Z"}
{"level":"\u001b[32minfo\u001b[39m","message":"{\"method\":\"GET\",\"url\":\"/userprofile\",\"status\":\"401\",\"responseTime\":\"7.119\"}","timestamp":"2024-11-08T09:15:56.281Z"}
{"level":"\u001b[32minfo\u001b[39m","message":"{\"method\":\"POST\",\"url\":\"/refresh-token\",\"status\":\"200\",\"responseTime\":\"1005.590\"}","timestamp":"2024-11-08T09:15:57.183Z"}
{"level":"\u001b[32minfo\u001b[39m","message":"{\"method\":\"POST\",\"url\":\"/refresh-token\",\"status\":\"200\",\"responseTime\":\"888.780\"}","timestamp":"2024-11-08T09:15:57.246Z"}
{"level":"\u001b[32minfo\u001b[39m","message":"{\"method\":\"GET\",\"url\":\"/userprofile\",\"status\":\"304\",\"responseTime\":\"2169.455\"}","timestamp":"2024-11-08T09:16:00.582Z"}
{"level":"\u001b[32minfo\u001b[39m","message":"{\"method\":\"GET\",\"url\":\"/userprofile\",\"status\":\"304\",\"responseTime\":\"475.117\"}","timestamp":"2024-11-08T09:16:01.559Z"}
{"level":"\u001b[32minfo\u001b[39m","message":"{\"method\":\"POST\",\"url\":\"/refresh-token\",\"status\":\"200\",\"responseTime\":\"69.829\"}","timestamp":"2024-11-08T09:18:26.476Z"}
{"level":"\u001b[32minfo\u001b[39m","message":"{\"method\":\"GET\",\"url\":\"/userprofile\",\"status\":\"401\",\"responseTime\":\"4.098\"}","timestamp":"2024-11-08T09:19:53.121Z"}
{"level":"\u001b[32minfo\u001b[39m","message":"{\"method\":\"POST\",\"url\":\"/refresh-token\",\"status\":\"200\",\"responseTime\":\"457.827\"}","timestamp":"2024-11-08T09:19:53.460Z"}
{"level":"\u001b[32minfo\u001b[39m","message":"{\"method\":\"POST\",\"url\":\"/refresh-token\",\"status\":\"200\",\"responseTime\":\"192.901\"}","timestamp":"2024-11-08T09:19:53.485Z"}
{"level":"\u001b[32minfo\u001b[39m","message":"{\"method\":\"GET\",\"url\":\"/userprofile\",\"status\":\"304\",\"responseTime\":\"270.597\"}","timestamp":"2024-11-08T09:19:54.686Z"}
{"level":"\u001b[32minfo\u001b[39m","message":"{\"method\":\"POST\",\"url\":\"/refresh-token\",\"status\":\"500\",\"responseTime\":\"123.497\"}","timestamp":"2024-11-08T09:24:25.490Z"}
{"level":"\u001b[32minfo\u001b[39m","message":"{\"method\":\"GET\",\"url\":\"/userprofile\",\"status\":\"403\",\"responseTime\":\"1.852\"}","timestamp":"2024-11-08T09:24:25.522Z"}
{"level":"\u001b[32minfo\u001b[39m","message":"{\"method\":\"GET\",\"url\":\"/userprofile\",\"status\":\"403\",\"responseTime\":\"1.679\"}","timestamp":"2024-11-08T09:24:25.543Z"}
{"level":"\u001b[32minfo\u001b[39m","message":"{\"method\":\"POST\",\"url\":\"/refresh-token\",\"status\":\"500\",\"responseTime\":\"6.364\"}","timestamp":"2024-11-08T09:24:25.634Z"}
{"level":"\u001b[32minfo\u001b[39m","message":"{\"method\":\"POST\",\"url\":\"/refresh-token\",\"status\":\"500\",\"responseTime\":\"7.024\"}","timestamp":"2024-11-08T09:24:25.658Z"}
{"level":"\u001b[32minfo\u001b[39m","message":"{\"method\":\"POST\",\"url\":\"/login\",\"status\":\"200\",\"responseTime\":\"1056.898\"}","timestamp":"2024-11-08T09:24:44.346Z"}
{"level":"\u001b[32minfo\u001b[39m","message":"{\"method\":\"GET\",\"url\":\"/userprofile\",\"status\":\"200\",\"responseTime\":\"228.191\"}","timestamp":"2024-11-08T09:24:44.706Z"}
{"level":"\u001b[32minfo\u001b[39m","message":"{\"method\":\"GET\",\"url\":\"/userprofile\",\"status\":\"403\",\"responseTime\":\"1.540\"}","timestamp":"2024-11-08T09:24:50.488Z"}
{"level":"\u001b[32minfo\u001b[39m","message":"{\"method\":\"POST\",\"url\":\"/refresh-token\",\"status\":\"200\",\"responseTime\":\"176.864\"}","timestamp":"2024-11-08T09:24:50.521Z"}
{"level":"\u001b[32minfo\u001b[39m","message":"{\"method\":\"POST\",\"url\":\"/refresh-token\",\"status\":\"200\",\"responseTime\":\"410.494\"}","timestamp":"2024-11-08T09:24:50.937Z"}
{"level":"\u001b[32minfo\u001b[39m","message":"{\"method\":\"GET\",\"url\":\"/userprofile\",\"status\":\"200\",\"responseTime\":\"234.650\"}","timestamp":"2024-11-08T09:24:51.190Z"}
{"level":"\u001b[32minfo\u001b[39m","message":"{\"method\":\"GET\",\"url\":\"/userprofile\",\"status\":\"304\",\"responseTime\":\"366.948\"}","timestamp":"2024-11-08T09:24:51.564Z"}
{"level":"\u001b[32minfo\u001b[39m","message":"{\"method\":\"GET\",\"url\":\"/userprofile\",\"status\":\"304\",\"responseTime\":\"368.822\"}","timestamp":"2024-11-08T09:24:51.944Z"}
{"level":"\u001b[32minfo\u001b[39m","message":"{\"method\":\"GET\",\"url\":\"/userprofile\",\"status\":\"-\",\"responseTime\":\"-\"}","timestamp":"2024-11-08T09:24:52.154Z"}
{"level":"\u001b[32minfo\u001b[39m","message":"{\"method\":\"GET\",\"url\":\"/userprofile\",\"status\":\"200\",\"responseTime\":\"2956.895\"}","timestamp":"2024-11-08T09:24:55.263Z"}
{"level":"\u001b[32minfo\u001b[39m","message":"{\"method\":\"GET\",\"url\":\"/userprofile\",\"status\":\"304\",\"responseTime\":\"351.316\"}","timestamp":"2024-11-08T09:24:57.810Z"}
{"level":"\u001b[32minfo\u001b[39m","message":"{\"method\":\"GET\",\"url\":\"/userprofile\",\"status\":\"304\",\"responseTime\":\"479.470\"}","timestamp":"2024-11-08T09:25:00.013Z"}
{"level":"\u001b[32minfo\u001b[39m","message":"{\"method\":\"GET\",\"url\":\"/userprofile\",\"status\":\"304\",\"responseTime\":\"267.901\"}","timestamp":"2024-11-08T09:25:00.313Z"}
{"level":"\u001b[32minfo\u001b[39m","message":"{\"method\":\"GET\",\"url\":\"/userprofile\",\"status\":\"304\",\"responseTime\":\"217.335\"}","timestamp":"2024-11-08T09:25:06.370Z"}
{"level":"\u001b[32minfo\u001b[39m","message":"{\"method\":\"GET\",\"url\":\"/userprofile\",\"status\":\"304\",\"responseTime\":\"422.562\"}","timestamp":"2024-11-08T09:25:09.577Z"}
{"level":"\u001b[32minfo\u001b[39m","message":"{\"method\":\"GET\",\"url\":\"/userprofile\",\"status\":\"304\",\"responseTime\":\"121.809\"}","timestamp":"2024-11-08T09:25:13.901Z"}
{"level":"\u001b[32minfo\u001b[39m","message":"{\"method\":\"GET\",\"url\":\"/userprofile\",\"status\":\"304\",\"responseTime\":\"1000.556\"}","timestamp":"2024-11-08T09:25:20.636Z"}
{"level":"\u001b[32minfo\u001b[39m","message":"{\"method\":\"GET\",\"url\":\"/userprofile\",\"status\":\"304\",\"responseTime\":\"1158.174\"}","timestamp":"2024-11-08T09:25:22.792Z"}
{"level":"\u001b[32minfo\u001b[39m","message":"{\"method\":\"GET\",\"url\":\"/userprofile\",\"status\":\"304\",\"responseTime\":\"1289.673\"}","timestamp":"2024-11-08T09:25:27.882Z"}
{"level":"\u001b[32minfo\u001b[39m","message":"{\"method\":\"GET\",\"url\":\"/userprofile\",\"status\":\"304\",\"responseTime\":\"118.615\"}","timestamp":"2024-11-08T09:25:29.018Z"}
{"level":"\u001b[32minfo\u001b[39m","message":"{\"method\":\"GET\",\"url\":\"/userprofile\",\"status\":\"304\",\"responseTime\":\"199.516\"}","timestamp":"2024-11-08T09:25:32.352Z"}
{"level":"\u001b[32minfo\u001b[39m","message":"{\"method\":\"GET\",\"url\":\"/userprofile\",\"status\":\"304\",\"responseTime\":\"2174.058\"}","timestamp":"2024-11-08T09:25:42.485Z"}
{"level":"\u001b[32minfo\u001b[39m","message":"{\"method\":\"GET\",\"url\":\"/userprofile\",\"status\":\"304\",\"responseTime\":\"954.409\"}","timestamp":"2024-11-08T09:25:43.524Z"}
{"level":"\u001b[32minfo\u001b[39m","message":"{\"method\":\"GET\",\"url\":\"/userprofile\",\"status\":\"304\",\"responseTime\":\"2660.620\"}","timestamp":"2024-11-08T09:25:46.227Z"}
{"level":"\u001b[32minfo\u001b[39m","message":"{\"method\":\"GET\",\"url\":\"/userprofile\",\"status\":\"304\",\"responseTime\":\"532.397\"}","timestamp":"2024-11-08T09:25:47.818Z"}
{"level":"\u001b[32minfo\u001b[39m","message":"{\"method\":\"POST\",\"url\":\"/login\",\"status\":\"200\",\"responseTime\":\"1447.173\"}","timestamp":"2024-11-08T09:26:09.860Z"}
{"level":"\u001b[32minfo\u001b[39m","message":"{\"method\":\"GET\",\"url\":\"/userprofile\",\"status\":\"304\",\"responseTime\":\"1909.674\"}","timestamp":"2024-11-08T09:26:11.837Z"}
{"level":"\u001b[32minfo\u001b[39m","message":"{\"method\":\"GET\",\"url\":\"/userprofile\",\"status\":\"304\",\"responseTime\":\"1968.436\"}","timestamp":"2024-11-08T09:26:22.909Z"}
{"level":"\u001b[32minfo\u001b[39m","message":"{\"method\":\"GET\",\"url\":\"/userprofile\",\"status\":\"304\",\"responseTime\":\"283.780\"}","timestamp":"2024-11-08T09:26:23.833Z"}
{"level":"\u001b[32minfo\u001b[39m","message":"{\"method\":\"GET\",\"url\":\"/userprofile\",\"status\":\"304\",\"responseTime\":\"540.361\"}","timestamp":"2024-11-08T09:26:25.577Z"}
{"level":"\u001b[32minfo\u001b[39m","message":"{\"method\":\"GET\",\"url\":\"/userprofile\",\"status\":\"304\",\"responseTime\":\"983.721\"}","timestamp":"2024-11-08T09:26:30.699Z"}
{"level":"\u001b[32minfo\u001b[39m","message":"{\"method\":\"GET\",\"url\":\"/userprofile\",\"status\":\"304\",\"responseTime\":\"2262.516\"}","timestamp":"2024-11-08T09:26:33.704Z"}
{"level":"\u001b[32minfo\u001b[39m","message":"{\"method\":\"GET\",\"url\":\"/userprofile\",\"status\":\"304\",\"responseTime\":\"1064.206\"}","timestamp":"2024-11-08T09:26:37.342Z"}
{"level":"\u001b[32minfo\u001b[39m","message":"{\"method\":\"GET\",\"url\":\"/userprofile\",\"status\":\"304\",\"responseTime\":\"1589.831\"}","timestamp":"2024-11-08T09:26:42.587Z"}
{"level":"\u001b[32minfo\u001b[39m","message":"{\"method\":\"GET\",\"url\":\"/userprofile\",\"status\":\"304\",\"responseTime\":\"3188.768\"}","timestamp":"2024-11-08T09:26:46.719Z"}
{"level":"\u001b[32minfo\u001b[39m","message":"{\"method\":\"GET\",\"url\":\"/userprofile\",\"status\":\"304\",\"responseTime\":\"421.164\"}","timestamp":"2024-11-08T09:26:59.089Z"}
{"level":"\u001b[32minfo\u001b[39m","message":"{\"method\":\"GET\",\"url\":\"/userprofile\",\"status\":\"304\",\"responseTime\":\"528.695\"}","timestamp":"2024-11-08T09:26:59.687Z"}
{"level":"\u001b[32minfo\u001b[39m","message":"{\"method\":\"GET\",\"url\":\"/userprofile\",\"status\":\"304\",\"responseTime\":\"210.725\"}","timestamp":"2024-11-08T09:27:05.005Z"}
{"level":"\u001b[32minfo\u001b[39m","message":"{\"method\":\"GET\",\"url\":\"/userprofile\",\"status\":\"304\",\"responseTime\":\"121.925\"}","timestamp":"2024-11-08T09:27:08.599Z"}
{"level":"\u001b[32minfo\u001b[39m","message":"{\"method\":\"GET\",\"url\":\"/userprofile\",\"status\":\"401\",\"responseTime\":\"4.455\"}","timestamp":"2024-11-08T09:27:10.156Z"}
{"level":"\u001b[32minfo\u001b[39m","message":"{\"method\":\"GET\",\"url\":\"/userprofile\",\"status\":\"401\",\"responseTime\":\"4.069\"}","timestamp":"2024-11-08T09:27:10.173Z"}
{"level":"\u001b[32minfo\u001b[39m","message":"{\"method\":\"POST\",\"url\":\"/refresh-token\",\"status\":\"200\",\"responseTime\":\"545.943\"}","timestamp":"2024-11-08T09:27:10.604Z"}
{"level":"\u001b[32minfo\u001b[39m","message":"{\"method\":\"POST\",\"url\":\"/refresh-token\",\"status\":\"200\",\"responseTime\":\"407.663\"}","timestamp":"2024-11-08T09:27:10.630Z"}
{"level":"\u001b[32minfo\u001b[39m","message":"{\"method\":\"POST\",\"url\":\"/refresh-token\",\"status\":\"200\",\"responseTime\":\"2444.015\"}","timestamp":"2024-11-08T09:27:12.699Z"}
{"level":"\u001b[32minfo\u001b[39m","message":"{\"method\":\"GET\",\"url\":\"/userprofile\",\"status\":\"304\",\"responseTime\":\"3693.905\"}","timestamp":"2024-11-08T09:27:35.375Z"}
{"level":"\u001b[32minfo\u001b[39m","message":"{\"method\":\"GET\",\"url\":\"/userprofile\",\"status\":\"304\",\"responseTime\":\"155.535\"}","timestamp":"2024-11-08T09:27:35.580Z"}
{"level":"\u001b[32minfo\u001b[39m","message":"{\"method\":\"GET\",\"url\":\"/userprofile\",\"status\":\"304\",\"responseTime\":\"219.382\"}","timestamp":"2024-11-08T09:27:35.812Z"}
{"level":"\u001b[32minfo\u001b[39m","message":"{\"method\":\"POST\",\"url\":\"/refresh-token\",\"status\":\"200\",\"responseTime\":\"248.271\"}","timestamp":"2024-11-08T09:28:15.721Z"}
{"level":"\u001b[32minfo\u001b[39m","message":"{\"method\":\"GET\",\"url\":\"/userprofile\",\"status\":\"304\",\"responseTime\":\"2330.390\"}","timestamp":"2024-11-08T09:28:21.400Z"}
{"level":"\u001b[32minfo\u001b[39m","message":"{\"method\":\"GET\",\"url\":\"/userprofile\",\"status\":\"304\",\"responseTime\":\"422.495\"}","timestamp":"2024-11-08T09:28:22.351Z"}
{"level":"\u001b[32minfo\u001b[39m","message":"{\"method\":\"GET\",\"url\":\"/userprofile\",\"status\":\"304\",\"responseTime\":\"686.411\"}","timestamp":"2024-11-08T09:28:26.685Z"}
{"level":"\u001b[32minfo\u001b[39m","message":"{\"method\":\"GET\",\"url\":\"/userprofile\",\"status\":\"304\",\"responseTime\":\"1114.898\"}","timestamp":"2024-11-08T09:29:04.017Z"}
{"level":"\u001b[32minfo\u001b[39m","message":"{\"method\":\"GET\",\"url\":\"/userprofile\",\"status\":\"403\",\"responseTime\":\"2.441\"}","timestamp":"2024-11-08T09:30:31.533Z"}
{"level":"\u001b[32minfo\u001b[39m","message":"{\"method\":\"GET\",\"url\":\"/userprofile\",\"status\":\"403\",\"responseTime\":\"1.776\"}","timestamp":"2024-11-08T09:30:31.550Z"}
{"level":"\u001b[32minfo\u001b[39m","message":"{\"method\":\"POST\",\"url\":\"/refresh-token\",\"status\":\"200\",\"responseTime\":\"244.082\"}","timestamp":"2024-11-08T09:30:31.675Z"}
{"level":"\u001b[32minfo\u001b[39m","message":"{\"method\":\"POST\",\"url\":\"/refresh-token\",\"status\":\"200\",\"responseTime\":\"140.915\"}","timestamp":"2024-11-08T09:30:31.733Z"}
{"level":"\u001b[32minfo\u001b[39m","message":"{\"method\":\"POST\",\"url\":\"/refresh-token\",\"status\":\"200\",\"responseTime\":\"132.856\"}","timestamp":"2024-11-08T09:30:31.741Z"}
{"level":"\u001b[32minfo\u001b[39m","message":"{\"method\":\"GET\",\"url\":\"/userprofile\",\"status\":\"200\",\"responseTime\":\"1152.679\"}","timestamp":"2024-11-08T09:30:33.083Z"}
{"level":"\u001b[32minfo\u001b[39m","message":"{\"method\":\"GET\",\"url\":\"/userprofile\",\"status\":\"304\",\"responseTime\":\"195.114\"}","timestamp":"2024-11-08T09:30:33.319Z"}
{"level":"\u001b[32minfo\u001b[39m","message":"{\"method\":\"GET\",\"url\":\"/userprofile\",\"status\":\"304\",\"responseTime\":\"164.547\"}","timestamp":"2024-11-08T09:30:33.492Z"}
{"level":"\u001b[32minfo\u001b[39m","message":"{\"method\":\"GET\",\"url\":\"/userprofile\",\"status\":\"304\",\"responseTime\":\"149.768\"}","timestamp":"2024-11-08T09:30:33.653Z"}
{"level":"\u001b[32minfo\u001b[39m","message":"{\"method\":\"GET\",\"url\":\"/userprofile\",\"status\":\"-\",\"responseTime\":\"-\"}","timestamp":"2024-11-08T09:30:34.359Z"}
{"level":"\u001b[32minfo\u001b[39m","message":"{\"method\":\"GET\",\"url\":\"/userprofile\",\"status\":\"200\",\"responseTime\":\"3172.684\"}","timestamp":"2024-11-08T09:30:37.838Z"}
{"level":"\u001b[32minfo\u001b[39m","message":"{\"method\":\"GET\",\"url\":\"/userprofile\",\"status\":\"304\",\"responseTime\":\"312.390\"}","timestamp":"2024-11-08T09:30:38.161Z"}
{"level":"\u001b[32minfo\u001b[39m","message":"{\"method\":\"GET\",\"url\":\"/userprofile\",\"status\":\"304\",\"responseTime\":\"138.574\"}","timestamp":"2024-11-08T09:30:38.326Z"}
{"level":"\u001b[32minfo\u001b[39m","message":"{\"method\":\"GET\",\"url\":\"/userprofile\",\"status\":\"304\",\"responseTime\":\"209.647\"}","timestamp":"2024-11-08T09:30:45.761Z"}
{"level":"\u001b[32minfo\u001b[39m","message":"{\"method\":\"POST\",\"url\":\"/refresh-token\",\"status\":\"500\",\"responseTime\":\"30.516\"}","timestamp":"2024-11-08T09:36:16.927Z"}
{"level":"\u001b[32minfo\u001b[39m","message":"{\"method\":\"POST\",\"url\":\"/login\",\"status\":\"200\",\"responseTime\":\"3998.834\"}","timestamp":"2024-11-08T09:36:37.187Z"}
{"level":"\u001b[32minfo\u001b[39m","message":"{\"method\":\"GET\",\"url\":\"/userprofile\",\"status\":\"304\",\"responseTime\":\"2520.083\"}","timestamp":"2024-11-08T09:36:39.841Z"}
{"level":"\u001b[32minfo\u001b[39m","message":"{\"method\":\"POST\",\"url\":\"/login\",\"status\":\"200\",\"responseTime\":\"5125.328\"}","timestamp":"2024-11-08T09:36:41.621Z"}
{"level":"\u001b[32minfo\u001b[39m","message":"{\"method\":\"GET\",\"url\":\"/userprofile\",\"status\":\"304\",\"responseTime\":\"1635.753\"}","timestamp":"2024-11-08T09:36:47.989Z"}
{"level":"\u001b[32minfo\u001b[39m","message":"{\"method\":\"GET\",\"url\":\"/userprofile\",\"status\":\"304\",\"responseTime\":\"1557.464\"}","timestamp":"2024-11-08T09:36:55.623Z"}
{"level":"\u001b[32minfo\u001b[39m","message":"{\"method\":\"GET\",\"url\":\"/userprofile\",\"status\":\"401\",\"responseTime\":\"3.582\"}","timestamp":"2024-11-08T09:38:02.856Z"}
{"level":"\u001b[32minfo\u001b[39m","message":"{\"method\":\"POST\",\"url\":\"/refresh-token\",\"status\":\"200\",\"responseTime\":\"869.930\"}","timestamp":"2024-11-08T09:38:03.611Z"}
{"level":"\u001b[32minfo\u001b[39m","message":"{\"method\":\"POST\",\"url\":\"/refresh-token\",\"status\":\"200\",\"responseTime\":\"719.406\"}","timestamp":"2024-11-08T09:38:03.624Z"}
{"level":"\u001b[32minfo\u001b[39m","message":"{\"method\":\"GET\",\"url\":\"/userprofile\",\"status\":\"304\",\"responseTime\":\"4706.661\"}","timestamp":"2024-11-08T09:38:13.781Z"}
{"level":"\u001b[32minfo\u001b[39m","message":"{\"method\":\"GET\",\"url\":\"/userprofile\",\"status\":\"-\",\"responseTime\":\"-\"}","timestamp":"2024-11-08T09:38:14.293Z"}
{"level":"\u001b[32minfo\u001b[39m","message":"{\"method\":\"GET\",\"url\":\"/userprofile\",\"status\":\"200\",\"responseTime\":\"3968.219\"}","timestamp":"2024-11-08T09:38:20.247Z"}
{"level":"\u001b[32minfo\u001b[39m","message":"{\"method\":\"GET\",\"url\":\"/userprofile\",\"status\":\"-\",\"responseTime\":\"-\"}","timestamp":"2024-11-08T09:38:23.212Z"}
{"level":"\u001b[32minfo\u001b[39m","message":"{\"method\":\"GET\",\"url\":\"/userprofile\",\"status\":\"200\",\"responseTime\":\"2437.981\"}","timestamp":"2024-11-08T09:38:26.849Z"}
{"level":"\u001b[32minfo\u001b[39m","message":"{\"method\":\"GET\",\"url\":\"/userprofile\",\"status\":\"304\",\"responseTime\":\"986.442\"}","timestamp":"2024-11-08T09:38:30.342Z"}
{"level":"\u001b[32minfo\u001b[39m","message":"{\"method\":\"GET\",\"url\":\"/userprofile\",\"status\":\"304\",\"responseTime\":\"1133.717\"}","timestamp":"2024-11-08T09:38:49.310Z"}
{"level":"\u001b[32minfo\u001b[39m","message":"{\"method\":\"POST\",\"url\":\"/refresh-token\",\"status\":\"400\",\"responseTime\":\"1.102\"}","timestamp":"2024-11-08T09:39:27.291Z"}
{"level":"\u001b[32minfo\u001b[39m","message":"{\"method\":\"POST\",\"url\":\"/login\",\"status\":\"200\",\"responseTime\":\"4204.556\"}","timestamp":"2024-11-08T09:39:40.085Z"}
{"level":"\u001b[32minfo\u001b[39m","message":"{\"method\":\"POST\",\"url\":\"/login\",\"status\":\"200\",\"responseTime\":\"2050.503\"}","timestamp":"2024-11-08T09:39:40.529Z"}
{"level":"\u001b[32minfo\u001b[39m","message":"{\"method\":\"GET\",\"url\":\"/userprofile\",\"status\":\"304\",\"responseTime\":\"6409.043\"}","timestamp":"2024-11-08T09:39:46.816Z"}
{"level":"\u001b[32minfo\u001b[39m","message":"{\"method\":\"GET\",\"url\":\"/userprofile\",\"status\":\"304\",\"responseTime\":\"2063.376\"}","timestamp":"2024-11-08T09:39:48.892Z"}
{"level":"\u001b[32minfo\u001b[39m","message":"{\"method\":\"GET\",\"url\":\"/userprofile\",\"status\":\"401\",\"responseTime\":\"3.156\"}","timestamp":"2024-11-08T09:41:05.959Z"}
{"level":"\u001b[32minfo\u001b[39m","message":"{\"method\":\"GET\",\"url\":\"/userprofile\",\"status\":\"401\",\"responseTime\":\"3.723\"}","timestamp":"2024-11-08T09:41:07.091Z"}
{"level":"\u001b[32minfo\u001b[39m","message":"{\"method\":\"POST\",\"url\":\"/refresh-token\",\"status\":\"200\",\"responseTime\":\"7955.382\"}","timestamp":"2024-11-08T09:41:13.831Z"}
{"level":"\u001b[32minfo\u001b[39m","message":"{\"method\":\"POST\",\"url\":\"/refresh-token\",\"status\":\"200\",\"responseTime\":\"7825.947\"}","timestamp":"2024-11-08T09:41:13.838Z"}
{"level":"\u001b[32minfo\u001b[39m","message":"{\"method\":\"GET\",\"url\":\"/userprofile\",\"status\":\"401\",\"responseTime\":\"3.463\"}","timestamp":"2024-11-08T09:41:15.026Z"}
{"level":"\u001b[32minfo\u001b[39m","message":"{\"method\":\"POST\",\"url\":\"/refresh-token\",\"status\":\"200\",\"responseTime\":\"6077.818\"}","timestamp":"2024-11-08T09:41:15.603Z"}
{"level":"\u001b[32minfo\u001b[39m","message":"{\"method\":\"POST\",\"url\":\"/refresh-token\",\"status\":\"200\",\"responseTime\":\"1353.618\"}","timestamp":"2024-11-08T09:41:16.007Z"}
{"level":"\u001b[32minfo\u001b[39m","message":"{\"method\":\"POST\",\"url\":\"/refresh-token\",\"status\":\"200\",\"responseTime\":\"1608.983\"}","timestamp":"2024-11-08T09:41:16.777Z"}
{"level":"\u001b[32minfo\u001b[39m","message":"{\"method\":\"GET\",\"url\":\"/userprofile\",\"status\":\"-\",\"responseTime\":\"-\"}","timestamp":"2024-11-08T09:41:20.932Z"}
{"level":"\u001b[32minfo\u001b[39m","message":"{\"method\":\"POST\",\"url\":\"/refresh-token\",\"status\":\"200\",\"responseTime\":\"15364.605\"}","timestamp":"2024-11-08T09:41:22.392Z"}
{"level":"\u001b[32minfo\u001b[39m","message":"{\"method\":\"POST\",\"url\":\"/refresh-token\",\"status\":\"200\",\"responseTime\":\"16995.263\"}","timestamp":"2024-11-08T09:41:24.143Z"}
{"level":"\u001b[32minfo\u001b[39m","message":"{\"method\":\"GET\",\"url\":\"/userprofile\",\"status\":\"200\",\"responseTime\":\"4554.865\"}","timestamp":"2024-11-08T09:41:26.732Z"}
{"level":"\u001b[32minfo\u001b[39m","message":"{\"method\":\"GET\",\"url\":\"/userprofile\",\"status\":\"304\",\"responseTime\":\"4057.563\"}","timestamp":"2024-11-08T09:41:31.567Z"}
{"level":"\u001b[32minfo\u001b[39m","message":"{\"method\":\"GET\",\"url\":\"/userprofile\",\"status\":\"304\",\"responseTime\":\"11804.781\"}","timestamp":"2024-11-08T09:41:43.397Z"}
{"level":"\u001b[32minfo\u001b[39m","message":"{\"method\":\"GET\",\"url\":\"/userprofile\",\"status\":\"304\",\"responseTime\":\"3209.849\"}","timestamp":"2024-11-08T09:41:46.649Z"}
{"level":"\u001b[32minfo\u001b[39m","message":"{\"method\":\"GET\",\"url\":\"/userprofile\",\"status\":\"304\",\"responseTime\":\"4153.138\"}","timestamp":"2024-11-08T09:41:50.812Z"}
{"level":"\u001b[32minfo\u001b[39m","message":"{\"method\":\"GET\",\"url\":\"/userprofile\",\"status\":\"401\",\"responseTime\":\"3.419\"}","timestamp":"2024-11-08T09:42:34.182Z"}
{"level":"\u001b[32minfo\u001b[39m","message":"{\"method\":\"GET\",\"url\":\"/userprofile\",\"status\":\"401\",\"responseTime\":\"3.637\"}","timestamp":"2024-11-08T09:42:36.028Z"}
{"level":"\u001b[32minfo\u001b[39m","message":"{\"method\":\"POST\",\"url\":\"/refresh-token\",\"status\":\"200\",\"responseTime\":\"2102.943\"}","timestamp":"2024-11-08T09:42:36.196Z"}
{"level":"\u001b[32minfo\u001b[39m","message":"{\"method\":\"POST\",\"url\":\"/refresh-token\",\"status\":\"200\",\"responseTime\":\"1976.689\"}","timestamp":"2024-11-08T09:42:36.211Z"}
{"level":"\u001b[32minfo\u001b[39m","message":"{\"method\":\"POST\",\"url\":\"/refresh-token\",\"status\":\"200\",\"responseTime\":\"267.426\"}","timestamp":"2024-11-08T09:42:36.223Z"}
{"level":"\u001b[32minfo\u001b[39m","message":"{\"method\":\"POST\",\"url\":\"/refresh-token\",\"status\":\"200\",\"responseTime\":\"1802.145\"}","timestamp":"2024-11-08T09:42:37.885Z"}
{"level":"\u001b[32minfo\u001b[39m","message":"{\"method\":\"GET\",\"url\":\"/userprofile\",\"status\":\"304\",\"responseTime\":\"2681.059\"}","timestamp":"2024-11-08T09:42:39.702Z"}
{"level":"\u001b[32minfo\u001b[39m","message":"{\"method\":\"POST\",\"url\":\"/login\",\"status\":\"200\",\"responseTime\":\"1241.429\"}","timestamp":"2024-11-08T09:43:14.146Z"}
{"level":"\u001b[32minfo\u001b[39m","message":"{\"method\":\"GET\",\"url\":\"/userprofile\",\"status\":\"304\",\"responseTime\":\"810.363\"}","timestamp":"2024-11-08T09:43:15.070Z"}
{"level":"\u001b[32minfo\u001b[39m","message":"{\"method\":\"GET\",\"url\":\"/userprofile\",\"status\":\"304\",\"responseTime\":\"249.917\"}","timestamp":"2024-11-08T09:43:17.182Z"}
{"level":"\u001b[32minfo\u001b[39m","message":"{\"method\":\"GET\",\"url\":\"/userprofile\",\"status\":\"401\",\"responseTime\":\"130.076\"}","timestamp":"2024-11-08T09:44:53.527Z"}
{"level":"\u001b[32minfo\u001b[39m","message":"{\"method\":\"POST\",\"url\":\"/refresh-token\",\"status\":\"200\",\"responseTime\":\"337.052\"}","timestamp":"2024-11-08T09:44:53.588Z"}
{"level":"\u001b[32minfo\u001b[39m","message":"{\"method\":\"POST\",\"url\":\"/refresh-token\",\"status\":\"200\",\"responseTime\":\"698.977\"}","timestamp":"2024-11-08T09:44:54.522Z"}
{"level":"\u001b[32minfo\u001b[39m","message":"{\"method\":\"GET\",\"url\":\"/userprofile\",\"status\":\"304\",\"responseTime\":\"6160.109\"}","timestamp":"2024-11-08T09:45:01.079Z"}
{"level":"\u001b[32minfo\u001b[39m","message":"{\"method\":\"GET\",\"url\":\"/userprofile\",\"status\":\"304\",\"responseTime\":\"3734.735\"}","timestamp":"2024-11-08T09:45:04.869Z"}
{"level":"\u001b[32minfo\u001b[39m","message":"{\"method\":\"GET\",\"url\":\"/userprofile\",\"status\":\"304\",\"responseTime\":\"5436.033\"}","timestamp":"2024-11-08T09:45:28.407Z"}
{"level":"\u001b[32minfo\u001b[39m","message":"{\"method\":\"GET\",\"url\":\"/userprofile\",\"status\":\"401\",\"responseTime\":\"3.732\"}","timestamp":"2024-11-08T09:47:17.155Z"}
{"level":"\u001b[32minfo\u001b[39m","message":"{\"method\":\"POST\",\"url\":\"/refresh-token\",\"status\":\"200\",\"responseTime\":\"528.116\"}","timestamp":"2024-11-08T09:47:17.586Z"}
{"level":"\u001b[32minfo\u001b[39m","message":"{\"method\":\"POST\",\"url\":\"/refresh-token\",\"status\":\"200\",\"responseTime\":\"1912.329\"}","timestamp":"2024-11-08T09:47:19.125Z"}
{"level":"\u001b[32minfo\u001b[39m","message":"{\"method\":\"GET\",\"url\":\"/userprofile\",\"status\":\"304\",\"responseTime\":\"1002.100\"}","timestamp":"2024-11-08T09:47:19.355Z"}
{"level":"\u001b[32minfo\u001b[39m","message":"{\"method\":\"GET\",\"url\":\"/userprofile\",\"status\":\"304\",\"responseTime\":\"1498.795\"}","timestamp":"2024-11-08T09:47:21.447Z"}
{"level":"\u001b[32minfo\u001b[39m","message":"{\"method\":\"GET\",\"url\":\"/userprofile\",\"status\":\"401\",\"responseTime\":\"4.547\"}","timestamp":"2024-11-08T09:51:27.400Z"}
{"level":"\u001b[32minfo\u001b[39m","message":"{\"method\":\"POST\",\"url\":\"/refresh-token\",\"status\":\"200\",\"responseTime\":\"212.238\"}","timestamp":"2024-11-08T09:51:27.527Z"}
{"level":"\u001b[32minfo\u001b[39m","message":"{\"method\":\"POST\",\"url\":\"/refresh-token\",\"status\":\"200\",\"responseTime\":\"753.129\"}","timestamp":"2024-11-08T09:51:28.218Z"}
{"level":"\u001b[32minfo\u001b[39m","message":"{\"method\":\"GET\",\"url\":\"/userprofile\",\"status\":\"304\",\"responseTime\":\"1551.545\"}","timestamp":"2024-11-08T09:51:54.807Z"}
{"level":"\u001b[32minfo\u001b[39m","message":"{\"method\":\"GET\",\"url\":\"/userprofile\",\"status\":\"-\",\"responseTime\":\"-\"}","timestamp":"2024-11-08T09:52:04.390Z"}
{"level":"\u001b[32minfo\u001b[39m","message":"{\"method\":\"GET\",\"url\":\"/userprofile\",\"status\":\"200\",\"responseTime\":\"594.926\"}","timestamp":"2024-11-08T09:52:06.604Z"}
{"level":"\u001b[32minfo\u001b[39m","message":"{\"method\":\"GET\",\"url\":\"/userprofile\",\"status\":\"304\",\"responseTime\":\"433.047\"}","timestamp":"2024-11-08T09:52:07.663Z"}
{"level":"\u001b[32minfo\u001b[39m","message":"{\"method\":\"GET\",\"url\":\"/userprofile\",\"status\":\"304\",\"responseTime\":\"9235.405\"}","timestamp":"2024-11-08T09:52:19.448Z"}
{"level":"\u001b[32minfo\u001b[39m","message":"{\"method\":\"POST\",\"url\":\"/refresh-token\",\"status\":\"500\",\"responseTime\":\"6.201\"}","timestamp":"2024-11-08T09:53:44.918Z"}
{"level":"\u001b[32minfo\u001b[39m","message":"{\"method\":\"POST\",\"url\":\"/login\",\"status\":\"200\",\"responseTime\":\"1367.530\"}","timestamp":"2024-11-08T09:53:57.476Z"}
{"level":"\u001b[32minfo\u001b[39m","message":"{\"method\":\"GET\",\"url\":\"/userprofile\",\"status\":\"304\",\"responseTime\":\"627.148\"}","timestamp":"2024-11-08T09:53:58.207Z"}
{"level":"\u001b[32minfo\u001b[39m","message":"{\"method\":\"GET\",\"url\":\"/userprofile\",\"status\":\"304\",\"responseTime\":\"334.422\"}","timestamp":"2024-11-08T09:54:00.016Z"}
{"level":"\u001b[32minfo\u001b[39m","message":"{\"method\":\"POST\",\"url\":\"/refresh-token\",\"status\":\"200\",\"responseTime\":\"70.461\"}","timestamp":"2024-11-08T09:57:25.854Z"}
{"level":"\u001b[32minfo\u001b[39m","message":"{\"method\":\"GET\",\"url\":\"/userprofile\",\"status\":\"401\",\"responseTime\":\"3.388\"}","timestamp":"2024-11-08T09:57:25.865Z"}
{"level":"\u001b[32minfo\u001b[39m","message":"{\"method\":\"GET\",\"url\":\"/userprofile\",\"status\":\"304\",\"responseTime\":\"287.799\"}","timestamp":"2024-11-08T09:57:27.509Z"}
{"level":"\u001b[32minfo\u001b[39m","message":"{\"method\":\"POST\",\"url\":\"/login\",\"status\":\"200\",\"responseTime\":\"300.790\"}","timestamp":"2024-11-08T10:19:10.360Z"}
{"level":"\u001b[32minfo\u001b[39m","message":"{\"method\":\"GET\",\"url\":\"/userprofile\",\"status\":\"304\",\"responseTime\":\"800.558\"}","timestamp":"2024-11-08T10:19:11.277Z"}
{"level":"\u001b[32minfo\u001b[39m","message":"{\"method\":\"GET\",\"url\":\"/userprofile\",\"status\":\"304\",\"responseTime\":\"924.982\"}","timestamp":"2024-11-08T10:19:14.506Z"}
