{"level":"\u001b[32minfo\u001b[39m","message":"{\"method\":\"GET\",\"url\":\"/getbanner\",\"status\":\"304\",\"responseTime\":\"937.123\"}","timestamp":"2024-12-08T04:42:53.250Z"}
{"level":"\u001b[32minfo\u001b[39m","message":"{\"method\":\"GET\",\"url\":\"/userprofile\",\"status\":\"304\",\"responseTime\":\"999.530\"}","timestamp":"2024-12-08T04:42:53.394Z"}
{"level":"\u001b[32minfo\u001b[39m","message":"{\"method\":\"POST\",\"url\":\"/login\",\"status\":\"200\",\"responseTime\":\"229.852\"}","timestamp":"2024-12-08T04:43:15.718Z"}
{"level":"\u001b[32minfo\u001b[39m","message":"{\"method\":\"GET\",\"url\":\"/getbanner\",\"status\":\"304\",\"responseTime\":\"87.477\"}","timestamp":"2024-12-08T04:43:15.880Z"}
{"level":"\u001b[32minfo\u001b[39m","message":"{\"method\":\"GET\",\"url\":\"/userprofile\",\"status\":\"304\",\"responseTime\":\"210.703\"}","timestamp":"2024-12-08T04:43:16.019Z"}
{"level":"\u001b[32minfo\u001b[39m","message":"{\"method\":\"GET\",\"url\":\"/userprofile\",\"status\":\"304\",\"responseTime\":\"210.050\"}","timestamp":"2024-12-08T04:43:52.444Z"}
{"level":"\u001b[32minfo\u001b[39m","message":"{\"method\":\"GET\",\"url\":\"/userprofile\",\"status\":\"304\",\"responseTime\":\"183.017\"}","timestamp":"2024-12-08T04:43:52.659Z"}
{"level":"\u001b[32minfo\u001b[39m","message":"{\"method\":\"GET\",\"url\":\"/getbanner\",\"status\":\"304\",\"responseTime\":\"784.437\"}","timestamp":"2024-12-08T05:03:38.656Z"}
{"level":"\u001b[32minfo\u001b[39m","message":"{\"method\":\"GET\",\"url\":\"/userprofile\",\"status\":\"304\",\"responseTime\":\"846.554\"}","timestamp":"2024-12-08T05:03:38.736Z"}
{"level":"\u001b[32minfo\u001b[39m","message":"{\"method\":\"POST\",\"url\":\"/login\",\"status\":\"200\",\"responseTime\":\"196.387\"}","timestamp":"2024-12-08T05:29:39.147Z"}
{"level":"\u001b[32minfo\u001b[39m","message":"{\"method\":\"GET\",\"url\":\"/getbanner\",\"status\":\"304\",\"responseTime\":\"92.165\"}","timestamp":"2024-12-08T05:29:39.312Z"}
{"level":"\u001b[32minfo\u001b[39m","message":"{\"method\":\"GET\",\"url\":\"/userprofile\",\"status\":\"304\",\"responseTime\":\"200.409\"}","timestamp":"2024-12-08T05:29:39.424Z"}
{"level":"\u001b[32minfo\u001b[39m","message":"{\"method\":\"GET\",\"url\":\"/getbanner\",\"status\":\"304\",\"responseTime\":\"73.413\"}","timestamp":"2024-12-08T05:29:43.646Z"}
{"level":"\u001b[32minfo\u001b[39m","message":"{\"method\":\"GET\",\"url\":\"/userprofile\",\"status\":\"304\",\"responseTime\":\"174.211\"}","timestamp":"2024-12-08T05:29:43.768Z"}
{"level":"\u001b[32minfo\u001b[39m","message":"{\"method\":\"POST\",\"url\":\"/adminlogin\",\"status\":\"200\",\"responseTime\":\"248.744\"}","timestamp":"2024-12-08T05:29:58.278Z"}
{"level":"\u001b[32minfo\u001b[39m","message":"{\"method\":\"GET\",\"url\":\"/countuser\",\"status\":\"304\",\"responseTime\":\"241.643\"}","timestamp":"2024-12-08T05:29:58.585Z"}
{"level":"\u001b[32minfo\u001b[39m","message":"{\"method\":\"GET\",\"url\":\"/getbanner\",\"status\":\"304\",\"responseTime\":\"74.568\"}","timestamp":"2024-12-08T05:30:05.381Z"}
{"level":"\u001b[32minfo\u001b[39m","message":"{\"method\":\"GET\",\"url\":\"/userlist?page=1&limit=5&search=\",\"status\":\"304\",\"responseTime\":\"170.800\"}","timestamp":"2024-12-08T05:30:06.197Z"}
{"level":"\u001b[32minfo\u001b[39m","message":"{\"method\":\"GET\",\"url\":\"/countuser\",\"status\":\"304\",\"responseTime\":\"225.092\"}","timestamp":"2024-12-08T05:30:07.540Z"}
{"level":"\u001b[32minfo\u001b[39m","message":"{\"method\":\"GET\",\"url\":\"/userlist?page=1&limit=5&search=\",\"status\":\"304\",\"responseTime\":\"155.501\"}","timestamp":"2024-12-08T05:30:08.589Z"}
{"level":"\u001b[32minfo\u001b[39m","message":"{\"method\":\"GET\",\"url\":\"/userlist?page=3&limit=5&search=\",\"status\":\"200\",\"responseTime\":\"158.552\"}","timestamp":"2024-12-08T05:30:11.950Z"}
{"level":"\u001b[32minfo\u001b[39m","message":"{\"method\":\"GET\",\"url\":\"/userlist?page=2&limit=5&search=\",\"status\":\"200\",\"responseTime\":\"187.764\"}","timestamp":"2024-12-08T05:30:14.550Z"}
{"level":"\u001b[32minfo\u001b[39m","message":"{\"method\":\"GET\",\"url\":\"/userlist?page=1&limit=5&search=\",\"status\":\"304\",\"responseTime\":\"155.703\"}","timestamp":"2024-12-08T05:30:17.334Z"}
{"level":"\u001b[32minfo\u001b[39m","message":"{\"method\":\"GET\",\"url\":\"/userprofile\",\"status\":\"304\",\"responseTime\":\"170.852\"}","timestamp":"2024-12-08T05:30:22.182Z"}
{"level":"\u001b[32minfo\u001b[39m","message":"{\"method\":\"GET\",\"url\":\"/userprofile\",\"status\":\"304\",\"responseTime\":\"178.496\"}","timestamp":"2024-12-08T05:30:22.372Z"}
{"level":"\u001b[32minfo\u001b[39m","message":"{\"method\":\"GET\",\"url\":\"/userprofile\",\"status\":\"304\",\"responseTime\":\"172.083\"}","timestamp":"2024-12-08T05:30:24.651Z"}
{"level":"\u001b[32minfo\u001b[39m","message":"{\"method\":\"GET\",\"url\":\"/subscribersList\",\"status\":\"200\",\"responseTime\":\"314.171\"}","timestamp":"2024-12-08T05:30:24.804Z"}
{"level":"\u001b[32minfo\u001b[39m","message":"{\"method\":\"GET\",\"url\":\"/followingList\",\"status\":\"200\",\"responseTime\":\"1765.093\"}","timestamp":"2024-12-08T05:30:26.277Z"}
{"level":"\u001b[32minfo\u001b[39m","message":"{\"method\":\"GET\",\"url\":\"/getbanner\",\"status\":\"304\",\"responseTime\":\"72.903\"}","timestamp":"2024-12-08T05:30:36.910Z"}
{"level":"\u001b[32minfo\u001b[39m","message":"{\"method\":\"GET\",\"url\":\"/userprofile\",\"status\":\"304\",\"responseTime\":\"195.053\"}","timestamp":"2024-12-08T05:30:37.035Z"}
{"level":"\u001b[32minfo\u001b[39m","message":"{\"method\":\"GET\",\"url\":\"/userprofile\",\"status\":\"304\",\"responseTime\":\"214.101\"}","timestamp":"2024-12-08T05:33:15.258Z"}
{"level":"\u001b[32minfo\u001b[39m","message":"{\"method\":\"GET\",\"url\":\"/userprofile\",\"status\":\"304\",\"responseTime\":\"293.348\"}","timestamp":"2024-12-08T05:34:34.298Z"}
{"level":"\u001b[32minfo\u001b[39m","message":"{\"method\":\"GET\",\"url\":\"/getbanner\",\"status\":\"304\",\"responseTime\":\"78.226\"}","timestamp":"2024-12-08T05:34:52.721Z"}
{"level":"\u001b[32minfo\u001b[39m","message":"{\"method\":\"GET\",\"url\":\"/userprofile\",\"status\":\"304\",\"responseTime\":\"1137.312\"}","timestamp":"2024-12-08T05:34:53.783Z"}
{"level":"\u001b[32minfo\u001b[39m","message":"{\"method\":\"GET\",\"url\":\"/userprofile\",\"status\":\"304\",\"responseTime\":\"275.134\"}","timestamp":"2024-12-08T05:34:54.620Z"}
{"level":"\u001b[32minfo\u001b[39m","message":"{\"method\":\"GET\",\"url\":\"/subscribersList\",\"status\":\"304\",\"responseTime\":\"351.254\"}","timestamp":"2024-12-08T05:34:54.709Z"}
{"level":"\u001b[32minfo\u001b[39m","message":"{\"method\":\"GET\",\"url\":\"/followingList\",\"status\":\"304\",\"responseTime\":\"391.591\"}","timestamp":"2024-12-08T05:34:54.774Z"}
{"level":"\u001b[32minfo\u001b[39m","message":"{\"method\":\"GET\",\"url\":\"/userprofile\",\"status\":\"304\",\"responseTime\":\"191.848\"}","timestamp":"2024-12-08T05:35:10.892Z"}
{"level":"\u001b[32minfo\u001b[39m","message":"{\"method\":\"GET\",\"url\":\"/userprofile\",\"status\":\"304\",\"responseTime\":\"163.787\"}","timestamp":"2024-12-08T05:35:11.179Z"}
{"level":"\u001b[32minfo\u001b[39m","message":"{\"method\":\"GET\",\"url\":\"/getbanner\",\"status\":\"304\",\"responseTime\":\"72.558\"}","timestamp":"2024-12-08T05:35:31.114Z"}
{"level":"\u001b[32minfo\u001b[39m","message":"{\"method\":\"GET\",\"url\":\"/userprofile\",\"status\":\"304\",\"responseTime\":\"204.241\"}","timestamp":"2024-12-08T05:35:31.286Z"}
{"level":"\u001b[32minfo\u001b[39m","message":"{\"method\":\"GET\",\"url\":\"/userprofile\",\"status\":\"304\",\"responseTime\":\"175.558\"}","timestamp":"2024-12-08T05:35:38.602Z"}
{"level":"\u001b[32minfo\u001b[39m","message":"{\"method\":\"GET\",\"url\":\"/userprofile\",\"status\":\"304\",\"responseTime\":\"170.129\"}","timestamp":"2024-12-08T05:35:38.947Z"}
{"level":"\u001b[32minfo\u001b[39m","message":"{\"method\":\"POST\",\"url\":\"/login\",\"status\":\"200\",\"responseTime\":\"201.146\"}","timestamp":"2024-12-08T05:36:03.427Z"}
{"level":"\u001b[32minfo\u001b[39m","message":"{\"method\":\"GET\",\"url\":\"/getbanner\",\"status\":\"304\",\"responseTime\":\"89.574\"}","timestamp":"2024-12-08T05:36:03.679Z"}
{"level":"\u001b[32minfo\u001b[39m","message":"{\"method\":\"GET\",\"url\":\"/userprofile\",\"status\":\"200\",\"responseTime\":\"230.939\"}","timestamp":"2024-12-08T05:36:03.830Z"}
{"level":"\u001b[32minfo\u001b[39m","message":"{\"method\":\"GET\",\"url\":\"/userprofile\",\"status\":\"304\",\"responseTime\":\"259.900\"}","timestamp":"2024-12-08T05:36:05.646Z"}
{"level":"\u001b[32minfo\u001b[39m","message":"{\"method\":\"GET\",\"url\":\"/userprofile\",\"status\":\"304\",\"responseTime\":\"219.890\"}","timestamp":"2024-12-08T05:36:05.950Z"}
{"level":"\u001b[32minfo\u001b[39m","message":"{\"method\":\"GET\",\"url\":\"/userprofile\",\"status\":\"304\",\"responseTime\":\"326.037\"}","timestamp":"2024-12-08T05:36:18.802Z"}
{"level":"\u001b[32minfo\u001b[39m","message":"{\"method\":\"GET\",\"url\":\"/getbanner\",\"status\":\"304\",\"responseTime\":\"240.637\"}","timestamp":"2024-12-08T05:36:33.617Z"}
{"level":"\u001b[32minfo\u001b[39m","message":"{\"method\":\"GET\",\"url\":\"/userprofile\",\"status\":\"304\",\"responseTime\":\"349.789\"}","timestamp":"2024-12-08T05:36:33.747Z"}
{"level":"\u001b[32minfo\u001b[39m","message":"{\"method\":\"GET\",\"url\":\"/userprofile\",\"status\":\"304\",\"responseTime\":\"204.247\"}","timestamp":"2024-12-08T05:36:37.841Z"}
{"level":"\u001b[32minfo\u001b[39m","message":"{\"method\":\"GET\",\"url\":\"/userprofile\",\"status\":\"304\",\"responseTime\":\"249.143\"}","timestamp":"2024-12-08T05:37:02.685Z"}
{"level":"\u001b[32minfo\u001b[39m","message":"{\"method\":\"GET\",\"url\":\"/userprofile\",\"status\":\"304\",\"responseTime\":\"196.723\"}","timestamp":"2024-12-08T05:37:03.048Z"}
{"level":"\u001b[32minfo\u001b[39m","message":"{\"method\":\"POST\",\"url\":\"/login\",\"status\":\"200\",\"responseTime\":\"198.082\"}","timestamp":"2024-12-08T05:37:35.408Z"}
{"level":"\u001b[32minfo\u001b[39m","message":"{\"method\":\"GET\",\"url\":\"/getbanner\",\"status\":\"200\",\"responseTime\":\"91.859\"}","timestamp":"2024-12-08T05:37:35.580Z"}
{"level":"\u001b[32minfo\u001b[39m","message":"{\"method\":\"GET\",\"url\":\"/userprofile\",\"status\":\"200\",\"responseTime\":\"202.236\"}","timestamp":"2024-12-08T05:37:35.693Z"}
{"level":"\u001b[32minfo\u001b[39m","message":"{\"method\":\"GET\",\"url\":\"/userprofile\",\"status\":\"304\",\"responseTime\":\"206.158\"}","timestamp":"2024-12-08T05:38:19.937Z"}
{"level":"\u001b[32minfo\u001b[39m","message":"{\"method\":\"GET\",\"url\":\"/userprofile\",\"status\":\"304\",\"responseTime\":\"171.785\"}","timestamp":"2024-12-08T05:38:48.257Z"}
{"level":"\u001b[32minfo\u001b[39m","message":"{\"method\":\"GET\",\"url\":\"/userprofile\",\"status\":\"304\",\"responseTime\":\"179.679\"}","timestamp":"2024-12-08T05:38:48.447Z"}
{"level":"\u001b[32minfo\u001b[39m","message":"{\"method\":\"GET\",\"url\":\"/getbanner\",\"status\":\"304\",\"responseTime\":\"80.219\"}","timestamp":"2024-12-08T05:39:14.772Z"}
{"level":"\u001b[32minfo\u001b[39m","message":"{\"method\":\"GET\",\"url\":\"/userprofile\",\"status\":\"304\",\"responseTime\":\"183.856\"}","timestamp":"2024-12-08T05:39:14.887Z"}
{"level":"\u001b[32minfo\u001b[39m","message":"{\"method\":\"GET\",\"url\":\"/getbanner\",\"status\":\"304\",\"responseTime\":\"88.379\"}","timestamp":"2024-12-08T05:39:17.509Z"}
{"level":"\u001b[32minfo\u001b[39m","message":"{\"method\":\"GET\",\"url\":\"/userprofile\",\"status\":\"304\",\"responseTime\":\"183.892\"}","timestamp":"2024-12-08T05:39:17.609Z"}
{"level":"\u001b[32minfo\u001b[39m","message":"{\"method\":\"GET\",\"url\":\"/userprofile\",\"status\":\"304\",\"responseTime\":\"191.823\"}","timestamp":"2024-12-08T05:39:19.159Z"}
{"level":"\u001b[32minfo\u001b[39m","message":"{\"method\":\"GET\",\"url\":\"/getbanner\",\"status\":\"304\",\"responseTime\":\"85.381\"}","timestamp":"2024-12-08T05:40:23.063Z"}
{"level":"\u001b[32minfo\u001b[39m","message":"{\"method\":\"GET\",\"url\":\"/userprofile\",\"status\":\"304\",\"responseTime\":\"182.422\"}","timestamp":"2024-12-08T05:40:23.170Z"}
{"level":"\u001b[32minfo\u001b[39m","message":"{\"method\":\"GET\",\"url\":\"/userprofile\",\"status\":\"304\",\"responseTime\":\"609.761\"}","timestamp":"2024-12-08T05:41:05.589Z"}
{"level":"\u001b[32minfo\u001b[39m","message":"{\"method\":\"GET\",\"url\":\"/userprofile\",\"status\":\"304\",\"responseTime\":\"176.617\"}","timestamp":"2024-12-08T05:41:05.811Z"}
{"level":"\u001b[32minfo\u001b[39m","message":"{\"method\":\"GET\",\"url\":\"/userprofile\",\"status\":\"304\",\"responseTime\":\"167.766\"}","timestamp":"2024-12-08T05:41:12.211Z"}
{"level":"\u001b[32minfo\u001b[39m","message":"{\"method\":\"GET\",\"url\":\"/userprofile\",\"status\":\"304\",\"responseTime\":\"199.768\"}","timestamp":"2024-12-08T05:41:12.429Z"}
{"level":"\u001b[32minfo\u001b[39m","message":"{\"method\":\"GET\",\"url\":\"/userprofile\",\"status\":\"304\",\"responseTime\":\"194.000\"}","timestamp":"2024-12-08T05:41:14.971Z"}
{"level":"\u001b[32minfo\u001b[39m","message":"{\"method\":\"GET\",\"url\":\"/getbanner\",\"status\":\"304\",\"responseTime\":\"72.191\"}","timestamp":"2024-12-08T05:41:27.653Z"}
{"level":"\u001b[32minfo\u001b[39m","message":"{\"method\":\"GET\",\"url\":\"/userprofile\",\"status\":\"304\",\"responseTime\":\"192.187\"}","timestamp":"2024-12-08T05:41:27.794Z"}
{"level":"\u001b[32minfo\u001b[39m","message":"{\"method\":\"GET\",\"url\":\"/userprofile\",\"status\":\"304\",\"responseTime\":\"148.842\"}","timestamp":"2024-12-08T05:41:46.658Z"}
{"level":"\u001b[32minfo\u001b[39m","message":"{\"method\":\"GET\",\"url\":\"/userprofile\",\"status\":\"304\",\"responseTime\":\"183.413\"}","timestamp":"2024-12-08T05:41:46.880Z"}
{"level":"\u001b[32minfo\u001b[39m","message":"{\"method\":\"GET\",\"url\":\"/userprofile\",\"status\":\"304\",\"responseTime\":\"185.308\"}","timestamp":"2024-12-08T05:41:48.002Z"}
{"level":"\u001b[32minfo\u001b[39m","message":"{\"method\":\"GET\",\"url\":\"/subscribersList\",\"status\":\"200\",\"responseTime\":\"274.136\"}","timestamp":"2024-12-08T05:41:48.097Z"}
{"level":"\u001b[32minfo\u001b[39m","message":"{\"method\":\"GET\",\"url\":\"/followingList\",\"status\":\"200\",\"responseTime\":\"312.145\"}","timestamp":"2024-12-08T05:41:48.144Z"}
{"level":"\u001b[32minfo\u001b[39m","message":"{\"method\":\"POST\",\"url\":\"/login\",\"status\":\"200\",\"responseTime\":\"197.934\"}","timestamp":"2024-12-08T05:42:39.503Z"}
{"level":"\u001b[32minfo\u001b[39m","message":"{\"method\":\"POST\",\"url\":\"/login\",\"status\":\"200\",\"responseTime\":\"196.780\"}","timestamp":"2024-12-08T05:42:48.620Z"}
{"level":"\u001b[32minfo\u001b[39m","message":"{\"method\":\"GET\",\"url\":\"/getbanner\",\"status\":\"304\",\"responseTime\":\"74.757\"}","timestamp":"2024-12-08T05:42:48.800Z"}
{"level":"\u001b[32minfo\u001b[39m","message":"{\"method\":\"GET\",\"url\":\"/userprofile\",\"status\":\"304\",\"responseTime\":\"191.533\"}","timestamp":"2024-12-08T05:42:48.926Z"}
{"level":"\u001b[32minfo\u001b[39m","message":"{\"method\":\"GET\",\"url\":\"/userprofile\",\"status\":\"304\",\"responseTime\":\"164.528\"}","timestamp":"2024-12-08T05:43:07.287Z"}
{"level":"\u001b[32minfo\u001b[39m","message":"{\"method\":\"GET\",\"url\":\"/userprofile\",\"status\":\"304\",\"responseTime\":\"197.008\"}","timestamp":"2024-12-08T05:44:05.555Z"}
{"level":"\u001b[32minfo\u001b[39m","message":"{\"method\":\"GET\",\"url\":\"/users?name=n\",\"status\":\"200\",\"responseTime\":\"200.788\"}","timestamp":"2024-12-08T05:44:19.204Z"}
{"level":"\u001b[32minfo\u001b[39m","message":"{\"method\":\"GET\",\"url\":\"/userprofile\",\"status\":\"304\",\"responseTime\":\"239.574\"}","timestamp":"2024-12-08T05:44:19.249Z"}
{"level":"\u001b[32minfo\u001b[39m","message":"{\"method\":\"GET\",\"url\":\"/getbanner\",\"status\":\"304\",\"responseTime\":\"64.251\"}","timestamp":"2024-12-08T05:44:26.649Z"}
{"level":"\u001b[32minfo\u001b[39m","message":"{\"method\":\"GET\",\"url\":\"/userprofile\",\"status\":\"304\",\"responseTime\":\"224.934\"}","timestamp":"2024-12-08T05:44:26.815Z"}
{"level":"\u001b[32minfo\u001b[39m","message":"{\"method\":\"GET\",\"url\":\"/userprofile\",\"status\":\"304\",\"responseTime\":\"206.205\"}","timestamp":"2024-12-08T05:44:29.530Z"}
{"level":"\u001b[32minfo\u001b[39m","message":"{\"method\":\"GET\",\"url\":\"/getbanner\",\"status\":\"304\",\"responseTime\":\"72.860\"}","timestamp":"2024-12-08T05:44:44.306Z"}
{"level":"\u001b[32minfo\u001b[39m","message":"{\"method\":\"GET\",\"url\":\"/userprofile\",\"status\":\"304\",\"responseTime\":\"227.150\"}","timestamp":"2024-12-08T05:44:44.473Z"}
{"level":"\u001b[32minfo\u001b[39m","message":"{\"method\":\"GET\",\"url\":\"/userprofile\",\"status\":\"304\",\"responseTime\":\"245.008\"}","timestamp":"2024-12-08T05:44:47.512Z"}
{"level":"\u001b[32minfo\u001b[39m","message":"{\"method\":\"GET\",\"url\":\"/getbanner\",\"status\":\"304\",\"responseTime\":\"106.343\"}","timestamp":"2024-12-08T05:44:51.853Z"}
{"level":"\u001b[32minfo\u001b[39m","message":"{\"method\":\"GET\",\"url\":\"/userprofile\",\"status\":\"304\",\"responseTime\":\"280.742\"}","timestamp":"2024-12-08T05:44:52.076Z"}
{"level":"\u001b[32minfo\u001b[39m","message":"{\"method\":\"GET\",\"url\":\"/userprofile\",\"status\":\"304\",\"responseTime\":\"163.187\"}","timestamp":"2024-12-08T05:44:54.919Z"}
{"level":"\u001b[32minfo\u001b[39m","message":"{\"method\":\"GET\",\"url\":\"/getbanner\",\"status\":\"304\",\"responseTime\":\"82.592\"}","timestamp":"2024-12-08T05:44:59.239Z"}
{"level":"\u001b[32minfo\u001b[39m","message":"{\"method\":\"GET\",\"url\":\"/userprofile\",\"status\":\"304\",\"responseTime\":\"207.676\"}","timestamp":"2024-12-08T05:44:59.396Z"}
{"level":"\u001b[32minfo\u001b[39m","message":"{\"method\":\"POST\",\"url\":\"/login\",\"status\":\"200\",\"responseTime\":\"199.850\"}","timestamp":"2024-12-08T05:45:14.463Z"}
{"level":"\u001b[32minfo\u001b[39m","message":"{\"method\":\"GET\",\"url\":\"/getbanner\",\"status\":\"304\",\"responseTime\":\"72.062\"}","timestamp":"2024-12-08T05:45:14.617Z"}
{"level":"\u001b[32minfo\u001b[39m","message":"{\"method\":\"GET\",\"url\":\"/userprofile\",\"status\":\"200\",\"responseTime\":\"207.963\"}","timestamp":"2024-12-08T05:45:14.756Z"}
{"level":"\u001b[32minfo\u001b[39m","message":"{\"method\":\"GET\",\"url\":\"/userprofile\",\"status\":\"304\",\"responseTime\":\"357.666\"}","timestamp":"2024-12-08T05:45:17.054Z"}
{"level":"\u001b[32minfo\u001b[39m","message":"{\"method\":\"GET\",\"url\":\"/getbanner\",\"status\":\"304\",\"responseTime\":\"91.300\"}","timestamp":"2024-12-08T05:45:41.512Z"}
{"level":"\u001b[32minfo\u001b[39m","message":"{\"method\":\"GET\",\"url\":\"/userprofile\",\"status\":\"304\",\"responseTime\":\"234.886\"}","timestamp":"2024-12-08T05:45:41.676Z"}
{"level":"\u001b[32minfo\u001b[39m","message":"{\"method\":\"GET\",\"url\":\"/userprofile\",\"status\":\"304\",\"responseTime\":\"555.994\"}","timestamp":"2024-12-08T05:45:43.963Z"}
{"level":"\u001b[32minfo\u001b[39m","message":"{\"method\":\"GET\",\"url\":\"/userprofile\",\"status\":\"304\",\"responseTime\":\"243.234\"}","timestamp":"2024-12-08T05:45:44.217Z"}
{"level":"\u001b[32minfo\u001b[39m","message":"{\"method\":\"GET\",\"url\":\"/userprofile\",\"status\":\"304\",\"responseTime\":\"170.867\"}","timestamp":"2024-12-08T05:46:33.053Z"}
{"level":"\u001b[32minfo\u001b[39m","message":"{\"method\":\"GET\",\"url\":\"/getbanner\",\"status\":\"304\",\"responseTime\":\"107.537\"}","timestamp":"2024-12-08T05:46:36.583Z"}
{"level":"\u001b[32minfo\u001b[39m","message":"{\"method\":\"GET\",\"url\":\"/userprofile\",\"status\":\"304\",\"responseTime\":\"215.672\"}","timestamp":"2024-12-08T05:46:36.669Z"}
{"level":"\u001b[32minfo\u001b[39m","message":"{\"method\":\"GET\",\"url\":\"/userprofile\",\"status\":\"304\",\"responseTime\":\"191.534\"}","timestamp":"2024-12-08T05:46:38.674Z"}
{"level":"\u001b[32minfo\u001b[39m","message":"{\"method\":\"GET\",\"url\":\"/getbanner\",\"status\":\"304\",\"responseTime\":\"58.017\"}","timestamp":"2024-12-08T05:46:42.919Z"}
{"level":"\u001b[32minfo\u001b[39m","message":"{\"method\":\"GET\",\"url\":\"/userprofile\",\"status\":\"304\",\"responseTime\":\"207.333\"}","timestamp":"2024-12-08T05:46:43.083Z"}
{"level":"\u001b[32minfo\u001b[39m","message":"{\"method\":\"GET\",\"url\":\"/userprofile\",\"status\":\"304\",\"responseTime\":\"201.163\"}","timestamp":"2024-12-08T05:46:44.752Z"}
{"level":"\u001b[32minfo\u001b[39m","message":"{\"method\":\"GET\",\"url\":\"/userprofile\",\"status\":\"304\",\"responseTime\":\"174.308\"}","timestamp":"2024-12-08T05:46:50.948Z"}
{"level":"\u001b[32minfo\u001b[39m","message":"{\"method\":\"GET\",\"url\":\"/subscribersList\",\"status\":\"200\",\"responseTime\":\"277.811\"}","timestamp":"2024-12-08T05:46:51.044Z"}
{"level":"\u001b[32minfo\u001b[39m","message":"{\"method\":\"GET\",\"url\":\"/followingList\",\"status\":\"200\",\"responseTime\":\"276.756\"}","timestamp":"2024-12-08T05:46:51.067Z"}
{"level":"\u001b[32minfo\u001b[39m","message":"{\"method\":\"POST\",\"url\":\"/unsubscribe\",\"status\":\"200\",\"responseTime\":\"229.950\"}","timestamp":"2024-12-08T05:47:02.326Z"}
{"level":"\u001b[32minfo\u001b[39m","message":"{\"method\":\"POST\",\"url\":\"/unsubscribe\",\"status\":\"200\",\"responseTime\":\"169.715\"}","timestamp":"2024-12-08T05:47:06.665Z"}
{"level":"\u001b[32minfo\u001b[39m","message":"{\"method\":\"POST\",\"url\":\"/unsubscribe\",\"status\":\"200\",\"responseTime\":\"171.297\"}","timestamp":"2024-12-08T05:47:09.005Z"}
