{"level":"\u001b[32minfo\u001b[39m","message":"{\"method\":\"POST\",\"url\":\"/login\",\"status\":\"200\",\"responseTime\":\"177.722\"}","timestamp":"2024-10-24T03:25:00.833Z"}
{"level":"\u001b[32minfo\u001b[39m","message":"{\"method\":\"GET\",\"url\":\"/userprofile\",\"status\":\"304\",\"responseTime\":\"88.938\"}","timestamp":"2024-10-24T03:25:01.012Z"}
{"level":"\u001b[32minfo\u001b[39m","message":"{\"method\":\"GET\",\"url\":\"/userprofile\",\"status\":\"304\",\"responseTime\":\"99.455\"}","timestamp":"2024-10-24T03:25:03.716Z"}
{"level":"\u001b[32minfo\u001b[39m","message":"{\"method\":\"GET\",\"url\":\"/userprofile\",\"status\":\"304\",\"responseTime\":\"117.923\"}","timestamp":"2024-10-24T03:25:03.870Z"}
{"level":"\u001b[32minfo\u001b[39m","message":"{\"method\":\"GET\",\"url\":\"/userprofile\",\"status\":\"304\",\"responseTime\":\"99.967\"}","timestamp":"2024-10-24T03:25:10.496Z"}
{"level":"\u001b[32minfo\u001b[39m","message":"{\"method\":\"GET\",\"url\":\"/userprofile\",\"status\":\"304\",\"responseTime\":\"119.363\"}","timestamp":"2024-10-24T03:28:06.623Z"}
{"level":"\u001b[32minfo\u001b[39m","message":"{\"method\":\"GET\",\"url\":\"/userprofile\",\"status\":\"304\",\"responseTime\":\"121.632\"}","timestamp":"2024-10-24T03:35:35.170Z"}
{"level":"\u001b[32minfo\u001b[39m","message":"{\"method\":\"GET\",\"url\":\"/userprofile\",\"status\":\"304\",\"responseTime\":\"89.572\"}","timestamp":"2024-10-24T03:35:39.205Z"}
{"level":"\u001b[32minfo\u001b[39m","message":"{\"method\":\"GET\",\"url\":\"/userprofile\",\"status\":\"304\",\"responseTime\":\"70.826\"}","timestamp":"2024-10-24T03:35:39.881Z"}
{"level":"\u001b[32minfo\u001b[39m","message":"{\"method\":\"GET\",\"url\":\"/userprofile\",\"status\":\"304\",\"responseTime\":\"85.098\"}","timestamp":"2024-10-24T03:35:42.311Z"}
{"level":"\u001b[32minfo\u001b[39m","message":"{\"method\":\"GET\",\"url\":\"/userprofile\",\"status\":\"304\",\"responseTime\":\"71.724\"}","timestamp":"2024-10-24T03:35:44.284Z"}
{"level":"\u001b[32minfo\u001b[39m","message":"{\"method\":\"GET\",\"url\":\"/userprofile\",\"status\":\"304\",\"responseTime\":\"89.194\"}","timestamp":"2024-10-24T03:35:44.914Z"}
{"level":"\u001b[32minfo\u001b[39m","message":"{\"method\":\"GET\",\"url\":\"/userprofile\",\"status\":\"304\",\"responseTime\":\"133.349\"}","timestamp":"2024-10-24T03:35:49.331Z"}
{"level":"\u001b[32minfo\u001b[39m","message":"{\"method\":\"GET\",\"url\":\"/userprofile\",\"status\":\"304\",\"responseTime\":\"76.565\"}","timestamp":"2024-10-24T03:35:55.464Z"}
{"level":"\u001b[32minfo\u001b[39m","message":"{\"method\":\"GET\",\"url\":\"/userprofile\",\"status\":\"304\",\"responseTime\":\"84.010\"}","timestamp":"2024-10-24T03:35:57.863Z"}
{"level":"\u001b[32minfo\u001b[39m","message":"{\"method\":\"GET\",\"url\":\"/userprofile\",\"status\":\"304\",\"responseTime\":\"87.935\"}","timestamp":"2024-10-24T03:37:54.403Z"}
{"level":"\u001b[32minfo\u001b[39m","message":"{\"method\":\"GET\",\"url\":\"/userprofile\",\"status\":\"304\",\"responseTime\":\"83.256\"}","timestamp":"2024-10-24T03:38:15.065Z"}
{"level":"\u001b[32minfo\u001b[39m","message":"{\"method\":\"POST\",\"url\":\"/adminlogin\",\"status\":\"200\",\"responseTime\":\"164.296\"}","timestamp":"2024-10-24T03:38:36.352Z"}
{"level":"\u001b[32minfo\u001b[39m","message":"{\"method\":\"GET\",\"url\":\"/userlist\",\"status\":\"200\",\"responseTime\":\"123.115\"}","timestamp":"2024-10-24T03:38:36.534Z"}
{"level":"\u001b[32minfo\u001b[39m","message":"{\"method\":\"PUT\",\"url\":\"/userds/670522f7c164b4f6859290e4/status\",\"status\":\"200\",\"responseTime\":\"279.612\"}","timestamp":"2024-10-24T03:38:40.946Z"}
{"level":"\u001b[32minfo\u001b[39m","message":"{\"method\":\"GET\",\"url\":\"/userprofile\",\"status\":\"403\",\"responseTime\":\"54.012\"}","timestamp":"2024-10-24T03:38:46.676Z"}
{"level":"\u001b[32minfo\u001b[39m","message":"{\"method\":\"GET\",\"url\":\"/userprofile\",\"status\":\"403\",\"responseTime\":\"47.667\"}","timestamp":"2024-10-24T03:38:46.747Z"}
{"level":"\u001b[32minfo\u001b[39m","message":"{\"method\":\"PUT\",\"url\":\"/userds/670522f7c164b4f6859290e4/status\",\"status\":\"200\",\"responseTime\":\"33.065\"}","timestamp":"2024-10-24T03:39:08.690Z"}
{"level":"\u001b[32minfo\u001b[39m","message":"{\"method\":\"POST\",\"url\":\"/login\",\"status\":\"500\",\"responseTime\":\"172.948\"}","timestamp":"2024-10-24T03:39:17.158Z"}
{"level":"\u001b[32minfo\u001b[39m","message":"{\"method\":\"POST\",\"url\":\"/login\",\"status\":\"200\",\"responseTime\":\"135.271\"}","timestamp":"2024-10-24T03:39:22.054Z"}
{"level":"\u001b[32minfo\u001b[39m","message":"{\"method\":\"GET\",\"url\":\"/userprofile\",\"status\":\"200\",\"responseTime\":\"101.816\"}","timestamp":"2024-10-24T03:39:22.226Z"}
{"level":"\u001b[32minfo\u001b[39m","message":"{\"method\":\"GET\",\"url\":\"/userprofile\",\"status\":\"304\",\"responseTime\":\"148.572\"}","timestamp":"2024-10-24T03:39:24.206Z"}
{"level":"\u001b[32minfo\u001b[39m","message":"{\"method\":\"GET\",\"url\":\"/userprofile\",\"status\":\"304\",\"responseTime\":\"134.420\"}","timestamp":"2024-10-24T03:39:24.351Z"}
{"level":"\u001b[32minfo\u001b[39m","message":"{\"method\":\"GET\",\"url\":\"/userprofile\",\"status\":\"304\",\"responseTime\":\"94.006\"}","timestamp":"2024-10-24T03:39:33.640Z"}
{"level":"\u001b[32minfo\u001b[39m","message":"{\"method\":\"GET\",\"url\":\"/userprofile\",\"status\":\"304\",\"responseTime\":\"112.319\"}","timestamp":"2024-10-24T03:39:35.059Z"}
{"level":"\u001b[32minfo\u001b[39m","message":"{\"method\":\"GET\",\"url\":\"/userprofile\",\"status\":\"304\",\"responseTime\":\"123.178\"}","timestamp":"2024-10-24T03:39:35.198Z"}
{"level":"\u001b[32minfo\u001b[39m","message":"{\"method\":\"POST\",\"url\":\"/generate-presigned-url\",\"status\":\"200\",\"responseTime\":\"68.041\"}","timestamp":"2024-10-24T03:39:45.486Z"}
{"level":"\u001b[32minfo\u001b[39m","message":"{\"method\":\"POST\",\"url\":\"/uploadProfilePicture\",\"status\":\"200\",\"responseTime\":\"108.453\"}","timestamp":"2024-10-24T03:39:46.643Z"}
{"level":"\u001b[32minfo\u001b[39m","message":"{\"method\":\"GET\",\"url\":\"/userlist\",\"status\":\"200\",\"responseTime\":\"62.091\"}","timestamp":"2024-10-24T03:40:29.781Z"}
{"level":"\u001b[32minfo\u001b[39m","message":"{\"method\":\"GET\",\"url\":\"/userprofile\",\"status\":\"200\",\"responseTime\":\"93.086\"}","timestamp":"2024-10-24T03:40:29.991Z"}
{"level":"\u001b[32minfo\u001b[39m","message":"{\"method\":\"GET\",\"url\":\"/userprofile\",\"status\":\"304\",\"responseTime\":\"97.985\"}","timestamp":"2024-10-24T03:40:30.097Z"}
{"level":"\u001b[32minfo\u001b[39m","message":"{\"method\":\"PUT\",\"url\":\"/userds/670666986e0b9366f6536b7f/status\",\"status\":\"200\",\"responseTime\":\"57.793\"}","timestamp":"2024-10-24T03:40:55.842Z"}
{"level":"\u001b[32minfo\u001b[39m","message":"{\"method\":\"PUT\",\"url\":\"/userds/670666986e0b9366f6536b7f/status\",\"status\":\"200\",\"responseTime\":\"72.071\"}","timestamp":"2024-10-24T03:40:59.149Z"}
{"level":"\u001b[32minfo\u001b[39m","message":"{\"method\":\"GET\",\"url\":\"/userprofile\",\"status\":\"200\",\"responseTime\":\"163.985\"}","timestamp":"2024-10-24T04:02:19.453Z"}
{"level":"\u001b[32minfo\u001b[39m","message":"{\"method\":\"GET\",\"url\":\"/userlist\",\"status\":\"200\",\"responseTime\":\"188.397\"}","timestamp":"2024-10-24T04:02:42.310Z"}
{"level":"\u001b[32minfo\u001b[39m","message":"{\"method\":\"GET\",\"url\":\"/users?name=m\",\"status\":\"200\",\"responseTime\":\"82.291\"}","timestamp":"2024-10-24T04:02:49.490Z"}
{"level":"\u001b[32minfo\u001b[39m","message":"{\"method\":\"GET\",\"url\":\"/userprofile\",\"status\":\"304\",\"responseTime\":\"127.793\"}","timestamp":"2024-10-24T04:02:49.542Z"}
{"level":"\u001b[32minfo\u001b[39m","message":"{\"method\":\"GET\",\"url\":\"/users?name=ak\",\"status\":\"200\",\"responseTime\":\"119.505\"}","timestamp":"2024-10-24T04:02:54.625Z"}
{"level":"\u001b[32minfo\u001b[39m","message":"{\"method\":\"GET\",\"url\":\"/users?name=a\",\"status\":\"200\",\"responseTime\":\"213.458\"}","timestamp":"2024-10-24T04:02:57.066Z"}
{"level":"\u001b[32minfo\u001b[39m","message":"{\"method\":\"GET\",\"url\":\"/userprofile\",\"status\":\"304\",\"responseTime\":\"365.373\"}","timestamp":"2024-10-24T04:03:07.319Z"}
{"level":"\u001b[32minfo\u001b[39m","message":"{\"method\":\"GET\",\"url\":\"/userprofile\",\"status\":\"304\",\"responseTime\":\"178.844\"}","timestamp":"2024-10-24T04:06:19.077Z"}
{"level":"\u001b[32minfo\u001b[39m","message":"{\"method\":\"GET\",\"url\":\"/users?name=n\",\"status\":\"200\",\"responseTime\":\"167.488\"}","timestamp":"2024-10-24T04:06:19.105Z"}
{"level":"\u001b[32minfo\u001b[39m","message":"{\"method\":\"POST\",\"url\":\"/unsubscribe\",\"status\":\"200\",\"responseTime\":\"81.368\"}","timestamp":"2024-10-24T04:06:20.572Z"}
{"level":"\u001b[32minfo\u001b[39m","message":"{\"method\":\"POST\",\"url\":\"/subscribeee\",\"status\":\"200\",\"responseTime\":\"131.619\"}","timestamp":"2024-10-24T04:06:22.320Z"}
{"level":"\u001b[32minfo\u001b[39m","message":"{\"method\":\"POST\",\"url\":\"/unsubscribe\",\"status\":\"200\",\"responseTime\":\"197.446\"}","timestamp":"2024-10-24T04:06:24.274Z"}
{"level":"\u001b[32minfo\u001b[39m","message":"{\"method\":\"GET\",\"url\":\"/userlist\",\"status\":\"200\",\"responseTime\":\"66.100\"}","timestamp":"2024-10-24T04:06:32.392Z"}
{"level":"\u001b[32minfo\u001b[39m","message":"{\"method\":\"POST\",\"url\":\"/subscribeee\",\"status\":\"200\",\"responseTime\":\"93.265\"}","timestamp":"2024-10-24T04:06:36.715Z"}
{"level":"\u001b[32minfo\u001b[39m","message":"{\"method\":\"GET\",\"url\":\"/userlist\",\"status\":\"200\",\"responseTime\":\"490.668\"}","timestamp":"2024-10-24T04:06:39.879Z"}
{"level":"\u001b[32minfo\u001b[39m","message":"{\"method\":\"GET\",\"url\":\"/userprofile\",\"status\":\"200\",\"responseTime\":\"178.336\"}","timestamp":"2024-10-24T04:08:01.061Z"}
{"level":"\u001b[32minfo\u001b[39m","message":"{\"method\":\"GET\",\"url\":\"/users?name=d\",\"status\":\"200\",\"responseTime\":\"241.321\"}","timestamp":"2024-10-24T04:10:18.404Z"}
{"level":"\u001b[32minfo\u001b[39m","message":"{\"method\":\"GET\",\"url\":\"/userprofile\",\"status\":\"304\",\"responseTime\":\"322.288\"}","timestamp":"2024-10-24T04:10:18.502Z"}
{"level":"\u001b[32minfo\u001b[39m","message":"{\"method\":\"GET\",\"url\":\"/userprofile\",\"status\":\"304\",\"responseTime\":\"911.838\"}","timestamp":"2024-10-24T04:10:21.272Z"}
{"level":"\u001b[32minfo\u001b[39m","message":"{\"method\":\"GET\",\"url\":\"/userprofile\",\"status\":\"304\",\"responseTime\":\"122.381\"}","timestamp":"2024-10-24T04:11:28.036Z"}
{"level":"\u001b[32minfo\u001b[39m","message":"{\"method\":\"GET\",\"url\":\"/userlist\",\"status\":\"304\",\"responseTime\":\"85.872\"}","timestamp":"2024-10-24T04:11:28.543Z"}
{"level":"\u001b[32minfo\u001b[39m","message":"{\"method\":\"GET\",\"url\":\"/userprofile\",\"status\":\"304\",\"responseTime\":\"112.915\"}","timestamp":"2024-10-24T04:11:55.272Z"}
{"level":"\u001b[32minfo\u001b[39m","message":"{\"method\":\"GET\",\"url\":\"/userlist\",\"status\":\"304\",\"responseTime\":\"84.187\"}","timestamp":"2024-10-24T04:11:55.417Z"}
{"level":"\u001b[32minfo\u001b[39m","message":"{\"method\":\"GET\",\"url\":\"/userprofile\",\"status\":\"304\",\"responseTime\":\"124.269\"}","timestamp":"2024-10-24T04:13:55.922Z"}
{"level":"\u001b[32minfo\u001b[39m","message":"{\"method\":\"GET\",\"url\":\"/userlist\",\"status\":\"304\",\"responseTime\":\"78.753\"}","timestamp":"2024-10-24T04:13:56.254Z"}
{"level":"\u001b[32minfo\u001b[39m","message":"{\"method\":\"GET\",\"url\":\"/users?name=m\",\"status\":\"304\",\"responseTime\":\"107.298\"}","timestamp":"2024-10-24T04:14:02.510Z"}
{"level":"\u001b[32minfo\u001b[39m","message":"{\"method\":\"GET\",\"url\":\"/userprofile\",\"status\":\"304\",\"responseTime\":\"116.052\"}","timestamp":"2024-10-24T04:14:02.528Z"}
{"level":"\u001b[32minfo\u001b[39m","message":"{\"method\":\"GET\",\"url\":\"/users?name=mm\",\"status\":\"200\",\"responseTime\":\"109.071\"}","timestamp":"2024-10-24T04:14:04.783Z"}
{"level":"\u001b[32minfo\u001b[39m","message":"{\"method\":\"GET\",\"url\":\"/users?name=ns\",\"status\":\"200\",\"responseTime\":\"163.896\"}","timestamp":"2024-10-24T04:14:09.153Z"}
{"level":"\u001b[32minfo\u001b[39m","message":"{\"method\":\"GET\",\"url\":\"/users?name=n\",\"status\":\"200\",\"responseTime\":\"162.255\"}","timestamp":"2024-10-24T04:14:10.754Z"}
{"level":"\u001b[32minfo\u001b[39m","message":"{\"method\":\"GET\",\"url\":\"/users?name=nfi\",\"status\":\"200\",\"responseTime\":\"101.262\"}","timestamp":"2024-10-24T04:14:13.192Z"}
{"level":"\u001b[32minfo\u001b[39m","message":"{\"method\":\"GET\",\"url\":\"/userprofile\",\"status\":\"304\",\"responseTime\":\"108.855\"}","timestamp":"2024-10-24T04:14:16.041Z"}
{"level":"\u001b[32minfo\u001b[39m","message":"{\"method\":\"GET\",\"url\":\"/userprofile\",\"status\":\"304\",\"responseTime\":\"112.508\"}","timestamp":"2024-10-24T04:14:18.653Z"}
{"level":"\u001b[32minfo\u001b[39m","message":"{\"method\":\"GET\",\"url\":\"/users?name=nad\",\"status\":\"200\",\"responseTime\":\"118.909\"}","timestamp":"2024-10-24T04:14:18.667Z"}
{"level":"\u001b[32minfo\u001b[39m","message":"{\"method\":\"GET\",\"url\":\"/users?name=fd\",\"status\":\"200\",\"responseTime\":\"122.289\"}","timestamp":"2024-10-24T04:14:22.176Z"}
{"level":"\u001b[32minfo\u001b[39m","message":"{\"method\":\"GET\",\"url\":\"/userprofile\",\"status\":\"304\",\"responseTime\":\"104.644\"}","timestamp":"2024-10-24T04:14:24.004Z"}
{"level":"\u001b[32minfo\u001b[39m","message":"{\"method\":\"GET\",\"url\":\"/users?name=m\",\"status\":\"304\",\"responseTime\":\"100.795\"}","timestamp":"2024-10-24T04:14:26.137Z"}
{"level":"\u001b[32minfo\u001b[39m","message":"{\"method\":\"GET\",\"url\":\"/userprofile\",\"status\":\"304\",\"responseTime\":\"108.236\"}","timestamp":"2024-10-24T04:14:26.155Z"}
{"level":"\u001b[32minfo\u001b[39m","message":"{\"method\":\"GET\",\"url\":\"/userprofile\",\"status\":\"304\",\"responseTime\":\"119.615\"}","timestamp":"2024-10-24T04:14:31.287Z"}
{"level":"\u001b[32minfo\u001b[39m","message":"{\"method\":\"GET\",\"url\":\"/users?name=hw\",\"status\":\"200\",\"responseTime\":\"114.034\"}","timestamp":"2024-10-24T04:15:11.614Z"}
{"level":"\u001b[32minfo\u001b[39m","message":"{\"method\":\"GET\",\"url\":\"/userprofile\",\"status\":\"304\",\"responseTime\":\"113.123\"}","timestamp":"2024-10-24T04:15:11.627Z"}
{"level":"\u001b[32minfo\u001b[39m","message":"{\"method\":\"GET\",\"url\":\"/users?name=had\",\"status\":\"200\",\"responseTime\":\"105.046\"}","timestamp":"2024-10-24T04:15:15.011Z"}
{"level":"\u001b[32minfo\u001b[39m","message":"{\"method\":\"GET\",\"url\":\"/users?name=hadafdhfd\",\"status\":\"200\",\"responseTime\":\"107.973\"}","timestamp":"2024-10-24T04:15:17.543Z"}
{"level":"\u001b[32minfo\u001b[39m","message":"{\"method\":\"GET\",\"url\":\"/users?name=h\",\"status\":\"200\",\"responseTime\":\"110.155\"}","timestamp":"2024-10-24T04:15:19.645Z"}
{"level":"\u001b[32minfo\u001b[39m","message":"{\"method\":\"GET\",\"url\":\"/users?name=m\",\"status\":\"304\",\"responseTime\":\"125.097\"}","timestamp":"2024-10-24T04:15:21.512Z"}
{"level":"\u001b[32minfo\u001b[39m","message":"{\"method\":\"GET\",\"url\":\"/userprofile\",\"status\":\"304\",\"responseTime\":\"109.536\"}","timestamp":"2024-10-24T04:15:24.864Z"}
{"level":"\u001b[32minfo\u001b[39m","message":"{\"method\":\"GET\",\"url\":\"/userprofile\",\"status\":\"304\",\"responseTime\":\"214.920\"}","timestamp":"2024-10-24T04:15:27.463Z"}
{"level":"\u001b[32minfo\u001b[39m","message":"{\"method\":\"GET\",\"url\":\"/userprofile\",\"status\":\"304\",\"responseTime\":\"129.340\"}","timestamp":"2024-10-24T04:15:50.885Z"}
{"level":"\u001b[32minfo\u001b[39m","message":"{\"method\":\"GET\",\"url\":\"/userprofile\",\"status\":\"304\",\"responseTime\":\"134.159\"}","timestamp":"2024-10-24T04:15:51.038Z"}
{"level":"\u001b[32minfo\u001b[39m","message":"{\"method\":\"GET\",\"url\":\"/userprofile\",\"status\":\"304\",\"responseTime\":\"723.250\"}","timestamp":"2024-10-24T04:33:23.685Z"}
{"level":"\u001b[32minfo\u001b[39m","message":"{\"method\":\"GET\",\"url\":\"/userlist\",\"status\":\"304\",\"responseTime\":\"87.220\"}","timestamp":"2024-10-24T04:39:57.594Z"}
{"level":"\u001b[32minfo\u001b[39m","message":"{\"method\":\"GET\",\"url\":\"/userlist\",\"status\":\"304\",\"responseTime\":\"97.607\"}","timestamp":"2024-10-24T04:40:02.130Z"}
{"level":"\u001b[32minfo\u001b[39m","message":"{\"method\":\"GET\",\"url\":\"/userlist\",\"status\":\"304\",\"responseTime\":\"265.121\"}","timestamp":"2024-10-24T04:40:04.624Z"}
{"level":"\u001b[32minfo\u001b[39m","message":"{\"method\":\"GET\",\"url\":\"/userlist\",\"status\":\"304\",\"responseTime\":\"73.567\"}","timestamp":"2024-10-24T04:40:06.087Z"}
{"level":"\u001b[32minfo\u001b[39m","message":"{\"method\":\"GET\",\"url\":\"/userlist\",\"status\":\"304\",\"responseTime\":\"122.472\"}","timestamp":"2024-10-24T04:40:06.978Z"}
{"level":"\u001b[32minfo\u001b[39m","message":"{\"method\":\"GET\",\"url\":\"/userlist\",\"status\":\"304\",\"responseTime\":\"103.234\"}","timestamp":"2024-10-24T04:41:21.501Z"}
{"level":"\u001b[32minfo\u001b[39m","message":"{\"method\":\"GET\",\"url\":\"/userlist\",\"status\":\"304\",\"responseTime\":\"108.063\"}","timestamp":"2024-10-24T04:41:56.288Z"}
{"level":"\u001b[32minfo\u001b[39m","message":"{\"method\":\"POST\",\"url\":\"/login\",\"status\":\"200\",\"responseTime\":\"174.700\"}","timestamp":"2024-10-24T04:42:06.734Z"}
{"level":"\u001b[32minfo\u001b[39m","message":"{\"method\":\"GET\",\"url\":\"/userprofile\",\"status\":\"304\",\"responseTime\":\"128.329\"}","timestamp":"2024-10-24T04:42:06.939Z"}
{"level":"\u001b[32minfo\u001b[39m","message":"{\"method\":\"GET\",\"url\":\"/userlist\",\"status\":\"304\",\"responseTime\":\"87.275\"}","timestamp":"2024-10-24T04:42:27.155Z"}
{"level":"\u001b[32minfo\u001b[39m","message":"{\"method\":\"GET\",\"url\":\"/userprofile\",\"status\":\"304\",\"responseTime\":\"150.312\"}","timestamp":"2024-10-24T04:42:27.910Z"}
{"level":"\u001b[32minfo\u001b[39m","message":"{\"method\":\"POST\",\"url\":\"/login\",\"status\":\"200\",\"responseTime\":\"280.104\"}","timestamp":"2024-10-24T04:42:43.745Z"}
{"level":"\u001b[32minfo\u001b[39m","message":"{\"method\":\"GET\",\"url\":\"/userprofile\",\"status\":\"304\",\"responseTime\":\"120.585\"}","timestamp":"2024-10-24T04:42:43.988Z"}
{"level":"\u001b[32minfo\u001b[39m","message":"{\"method\":\"GET\",\"url\":\"/userlist\",\"status\":\"304\",\"responseTime\":\"370.219\"}","timestamp":"2024-10-24T04:47:24.693Z"}
{"level":"\u001b[32minfo\u001b[39m","message":"{\"method\":\"GET\",\"url\":\"/userprofile\",\"status\":\"304\",\"responseTime\":\"161.679\"}","timestamp":"2024-10-24T04:47:26.318Z"}
{"level":"\u001b[32minfo\u001b[39m","message":"{\"method\":\"GET\",\"url\":\"/users?name=nn\",\"status\":\"200\",\"responseTime\":\"128.626\"}","timestamp":"2024-10-24T04:47:29.333Z"}
{"level":"\u001b[32minfo\u001b[39m","message":"{\"method\":\"GET\",\"url\":\"/userprofile\",\"status\":\"304\",\"responseTime\":\"128.389\"}","timestamp":"2024-10-24T04:47:29.350Z"}
{"level":"\u001b[32minfo\u001b[39m","message":"{\"method\":\"GET\",\"url\":\"/users?name=n\",\"status\":\"304\",\"responseTime\":\"123.882\"}","timestamp":"2024-10-24T04:47:31.753Z"}
{"level":"\u001b[32minfo\u001b[39m","message":"{\"method\":\"GET\",\"url\":\"/userprofile\",\"status\":\"304\",\"responseTime\":\"113.758\"}","timestamp":"2024-10-24T04:47:34.296Z"}
{"level":"\u001b[32minfo\u001b[39m","message":"{\"method\":\"GET\",\"url\":\"/userlist\",\"status\":\"304\",\"responseTime\":\"141.050\"}","timestamp":"2024-10-24T04:59:14.794Z"}
{"level":"\u001b[32minfo\u001b[39m","message":"{\"method\":\"GET\",\"url\":\"/userprofile\",\"status\":\"304\",\"responseTime\":\"134.639\"}","timestamp":"2024-10-24T04:59:15.625Z"}
{"level":"\u001b[32minfo\u001b[39m","message":"{\"method\":\"GET\",\"url\":\"/userlist\",\"status\":\"304\",\"responseTime\":\"107.477\"}","timestamp":"2024-10-24T04:59:30.238Z"}
{"level":"\u001b[32minfo\u001b[39m","message":"{\"method\":\"GET\",\"url\":\"/userprofile\",\"status\":\"304\",\"responseTime\":\"134.502\"}","timestamp":"2024-10-24T04:59:31.692Z"}
{"level":"\u001b[32minfo\u001b[39m","message":"{\"method\":\"GET\",\"url\":\"/userlist\",\"status\":\"304\",\"responseTime\":\"82.322\"}","timestamp":"2024-10-24T04:59:52.312Z"}
{"level":"\u001b[32minfo\u001b[39m","message":"{\"method\":\"GET\",\"url\":\"/userprofile\",\"status\":\"304\",\"responseTime\":\"194.002\"}","timestamp":"2024-10-24T04:59:53.208Z"}
{"level":"\u001b[32minfo\u001b[39m","message":"{\"method\":\"GET\",\"url\":\"/userlist\",\"status\":\"304\",\"responseTime\":\"123.121\"}","timestamp":"2024-10-24T05:00:12.831Z"}
{"level":"\u001b[32minfo\u001b[39m","message":"{\"method\":\"GET\",\"url\":\"/userprofile\",\"status\":\"304\",\"responseTime\":\"279.618\"}","timestamp":"2024-10-24T05:00:14.090Z"}
{"level":"\u001b[32minfo\u001b[39m","message":"{\"method\":\"POST\",\"url\":\"/adminlogin\",\"status\":\"200\",\"responseTime\":\"170.635\"}","timestamp":"2024-10-24T05:00:30.848Z"}
{"level":"\u001b[32minfo\u001b[39m","message":"{\"method\":\"GET\",\"url\":\"/userlist\",\"status\":\"304\",\"responseTime\":\"86.400\"}","timestamp":"2024-10-24T05:00:30.995Z"}
{"level":"\u001b[32minfo\u001b[39m","message":"{\"method\":\"GET\",\"url\":\"/userlist\",\"status\":\"304\",\"responseTime\":\"402.126\"}","timestamp":"2024-10-24T05:01:44.455Z"}
{"level":"\u001b[32minfo\u001b[39m","message":"{\"method\":\"GET\",\"url\":\"/userlist\",\"status\":\"304\",\"responseTime\":\"108.093\"}","timestamp":"2024-10-24T05:02:41.054Z"}
{"level":"\u001b[32minfo\u001b[39m","message":"{\"method\":\"GET\",\"url\":\"/userprofile\",\"status\":\"304\",\"responseTime\":\"134.701\"}","timestamp":"2024-10-24T05:02:41.977Z"}
{"level":"\u001b[32minfo\u001b[39m","message":"{\"method\":\"GET\",\"url\":\"/userlist\",\"status\":\"304\",\"responseTime\":\"124.182\"}","timestamp":"2024-10-24T05:02:53.068Z"}
{"level":"\u001b[32minfo\u001b[39m","message":"{\"method\":\"GET\",\"url\":\"/userprofile\",\"status\":\"304\",\"responseTime\":\"138.472\"}","timestamp":"2024-10-24T05:02:54.600Z"}
{"level":"\u001b[32minfo\u001b[39m","message":"{\"method\":\"GET\",\"url\":\"/userlist\",\"status\":\"304\",\"responseTime\":\"103.780\"}","timestamp":"2024-10-24T05:03:06.861Z"}
{"level":"\u001b[32minfo\u001b[39m","message":"{\"method\":\"GET\",\"url\":\"/userprofile\",\"status\":\"304\",\"responseTime\":\"162.562\"}","timestamp":"2024-10-24T05:03:08.111Z"}
{"level":"\u001b[32minfo\u001b[39m","message":"{\"method\":\"GET\",\"url\":\"/userlist\",\"status\":\"304\",\"responseTime\":\"131.811\"}","timestamp":"2024-10-24T05:03:31.087Z"}
{"level":"\u001b[32minfo\u001b[39m","message":"{\"method\":\"GET\",\"url\":\"/userprofile\",\"status\":\"304\",\"responseTime\":\"113.779\"}","timestamp":"2024-10-24T05:03:32.321Z"}
{"level":"\u001b[32minfo\u001b[39m","message":"{\"method\":\"GET\",\"url\":\"/userlist\",\"status\":\"304\",\"responseTime\":\"76.912\"}","timestamp":"2024-10-24T05:04:10.888Z"}
{"level":"\u001b[32minfo\u001b[39m","message":"{\"method\":\"GET\",\"url\":\"/userprofile\",\"status\":\"304\",\"responseTime\":\"132.907\"}","timestamp":"2024-10-24T05:04:12.113Z"}
{"level":"\u001b[32minfo\u001b[39m","message":"{\"method\":\"GET\",\"url\":\"/userlist\",\"status\":\"304\",\"responseTime\":\"71.496\"}","timestamp":"2024-10-24T05:04:37.407Z"}
{"level":"\u001b[32minfo\u001b[39m","message":"{\"method\":\"GET\",\"url\":\"/userprofile\",\"status\":\"304\",\"responseTime\":\"98.607\"}","timestamp":"2024-10-24T05:04:38.212Z"}
{"level":"\u001b[32minfo\u001b[39m","message":"{\"method\":\"GET\",\"url\":\"/userlist\",\"status\":\"304\",\"responseTime\":\"90.187\"}","timestamp":"2024-10-24T05:04:47.181Z"}
{"level":"\u001b[32minfo\u001b[39m","message":"{\"method\":\"GET\",\"url\":\"/userlist\",\"status\":\"304\",\"responseTime\":\"87.274\"}","timestamp":"2024-10-24T05:04:48.736Z"}
